Scenario - ATWM1_Working_Memory_MEG_nonsalient_uncued_instruction
Logfile written - 02/10/2016 17:15:39

Subject	Trial	Event Type	Code	Time	TTime	Uncertainty	Duration	Uncertainty	ReqTime	ReqDur

MG36HRX	1	Picture	Instruction_NS_UC	29	0	1	100131	2	0	100000
MG36HRX	2	Picture	Instruction2	100327	0	1	100131	2	0	100000
MG36HRX	3	Picture	Instruction3	200625	0	2	8860	3	0	resp
MG36HRX	3	Response	10	209457	8832	3
MG36HRX	4	Picture	Instruction4	229545	0	1	2507	2	0	resp
MG36HRX	4	Response	20	231966	2421	4
MG36HRX	5	Picture	Instruction5	252112	0	1	2173	2	0	resp
MG36HRX	5	Response	10	254196	2084	4
MG36HRX	6	Picture	Instruction4	274345	0	1	2173	2	0	resp
MG36HRX	6	Response	20	276476	2131	5
MG36HRX	7	Picture	Instruction3	296577	0	1	1672	2	0	resp
MG36HRX	7	Response	10	298076	1499	4
MG36HRX	7A	Response	20	318066	19987	3
MG36HRX	8	Picture	Instruction4	318141	0	2	9194	4	0	resp
MG36HRX	8	Response	20	327295	9154	4
MG36HRX	9	Picture	Instruction_NS_UC_TestTrials	347395	0	1	100131	2	0	100000
MG36HRX	10	Picture	BaselinePre	447693	0	1	20060	2	0	20000
MG36HRX	11	Picture	CueingCross	467920	0	1	3009	2	0	2920
MG36HRX	12	Picture	PrepTime	471096	0	1	3009	2	0	2920
MG36HRX	13	Picture	1_1_Encoding_Working_Memory_MEG_P4_LR_Nonsalient_NoChange_CuedRetrieval_300_300_399_1750_3000_1950_gabor_patch_orientation_163_129_001_073_target_position_3_4_retrieval_position_4	474272	0	1	1337	3	0	1250
MG36HRX	13	Picture	Flicker2	475609	1337	2	1338	3	1250	1250
MG36HRX	13	Picture	Flicker3	476947	2675	1	1337	2	2500	1250
MG36HRX	14	Picture	Delay	478451	0	2	17552	4	0	17420
MG36HRX	15	Picture	1_1_Retrieval_Working_Memory_MEG_P4_LR_Nonsalient_NoChange_CuedRetrieval_retrieval_patch_orientation_073_retrieval_position_4	496171	0	1	30089	2	0	29920
MG36HRX	15	Response	10	510323	14152	4
MG36HRX	16	Picture	ITI	546320	0	1	19558	2	0	19420
MG36HRX	17	Picture	CueingCross	566045	0	1	3009	2	0	2920
MG36HRX	18	Picture	PrepTime	569221	0	1	3009	2	0	2920
MG36HRX	19	Picture	1_2_Encoding_Working_Memory_MEG_P4_LR_Nonsalient_NoChange_CuedRetrieval_300_300_399_1850_3000_2000_gabor_patch_orientation_178_114_138_061_target_position_2_3_retrieval_position_3	572397	0	1	1338	2	0	1250
MG36HRX	19	Picture	Flicker2	573735	1338	1	1337	2	1250	1250
MG36HRX	19	Picture	Flicker3	575072	2675	1	1337	2	2500	1250
MG36HRX	20	Picture	Delay	576576	0	2	18555	4	0	18420
MG36HRX	21	Picture	1_2_Retrieval_Working_Memory_MEG_P4_LR_Nonsalient_NoChange_CuedRetrieval_retrieval_patch_orientation_138_retrieval_position_3	595299	0	1	30089	2	0	29920
MG36HRX	21	Response	10	606552	11253	4
MG36HRX	22	Picture	ITI	645448	0	1	20059	3	0	19920
MG36HRX	23	Picture	CueingCross	665674	0	2	3009	4	0	2920
MG36HRX	24	Picture	PrepTime	668851	0	1	3009	2	0	2920
MG36HRX	25	Picture	1_3_Encoding_Working_Memory_MEG_P4_LR_Nonsalient_DoChange_CuedRetrieval_300_300_399_1800_3000_2050_gabor_patch_orientation_173_143_053_106_target_position_1_4_retrieval_position_1	672027	0	2	1337	3	0	1250
MG36HRX	25	Picture	Flicker2	673364	1337	1	1337	2	1250	1250
MG36HRX	25	Picture	Flicker3	674701	2674	1	1338	2	2500	1250
MG36HRX	26	Picture	Delay	676206	0	1	18053	3	0	17920
MG36HRX	27	Picture	1_3_Retrieval_Working_Memory_MEG_P4_LR_Nonsalient_DoChange_CuedRetrieval_retrieval_patch_orientation_033_retrieval_position_1	694427	0	1	30089	2	0	29920
MG36HRX	27	Response	20	702151	7724	4
MG36HRX	28	Picture	ITI	744576	0	1	20561	2	0	20420
MG36HRX	29	Picture	CueingCross	765304	0	1	3009	2	0	2920
MG36HRX	30	Picture	PrepTime	768480	0	1	3009	2	0	2920
MG36HRX	31	Picture	1_4_Encoding_Working_Memory_MEG_P4_LR_Nonsalient_DoChange_CuedRetrieval_300_300_399_1900_3000_1900_gabor_patch_orientation_151_133_073_102_target_position_1_4_retrieval_position_1	771656	0	1	1337	3	0	1250
MG36HRX	31	Picture	Flicker2	772993	1337	2	1338	3	1250	1250
MG36HRX	31	Picture	Flicker3	774331	2675	1	1337	2	2500	1250
MG36HRX	32	Picture	Delay	775835	0	2	19057	3	0	18920
MG36HRX	33	Picture	1_4_Retrieval_Working_Memory_MEG_P4_LR_Nonsalient_DoChange_CuedRetrieval_retrieval_patch_orientation_014_retrieval_position_1	795059	0	1	30090	2	0	29920
MG36HRX	33	Response	20	812650	17591	4
MG36HRX	34	Picture	ITI	845208	0	1	19057	2	0	18920
MG36HRX	35	Picture	BaselinePost	864432	0	1	20060	2	0	20000
MG36HRX	36	Picture	Instruction_NS_UC	884659	0	1	50149	2	0	50000
