Scenario - ATWM1_Working_Memory_MEG_salient_cued_run1
Logfile written - 02/10/2016 17:25:44

Subject	Trial	Event Type	Code	Time	TTime	Uncertainty	Duration	Uncertainty	ReqTime	ReqDur

MG36HRX	1	Picture	ExpStart	29	0	1	10030	2	0	10000
MG36HRX	2	Picture	BaselinePre	10226	0	1	100131	2	0	100000
MG36HRX	3	Picture	CueingCross	110524	0	1	3009	2	0	2920
MG36HRX	4	Picture	PrepTime	113700	0	2	3009	3	0	2920
MG36HRX	5	Picture	1_1_Encoding_Working_Memory_MEG_P4_LR_Nonsalient_NoChange_CuedRetrieval_300_300_399_2250_3000_2100_gabor_patch_orientation_101_077_032_059_target_position_2_4_retrieval_position_2	116876	0	2	1338	3	0	1250
MG36HRX	5	Picture	Flicker2	118214	1338	1	1337	2	1250	1250
MG36HRX	5	Picture	Flicker3	119551	2675	1	1337	2	2500	1250
MG36HRX	6	Picture	Delay	121056	0	1	22567	2	0	22420
MG36HRX	7	Picture	1_1_Retrieval_Working_Memory_MEG_P4_LR_Nonsalient_NoChange_CuedRetrieval_retrieval_patch_orientation_077_retrieval_position_2	143790	0	1	30089	2	0	29920
MG36HRX	7	Response	10	154009	10219	4
MG36HRX	8	Picture	ITI	174046	0	2	21063	3	0	20920
MG36HRX	9	Picture	CueingCross	195276	0	1	3009	2	0	2920
MG36HRX	10	Picture	PrepTime	198452	0	2	3009	3	0	2920
MG36HRX	11	Picture	1_2_Encoding_Working_Memory_MEG_P4_LR_Nonsalient_NoChange_CuedRetrieval_300_300_399_1800_3000_2350_gabor_patch_orientation_083_051_112_027_target_position_1_4_retrieval_position_4	201628	0	2	1338	3	0	1250
MG36HRX	11	Picture	Flicker2	202966	1338	1	1337	2	1250	1250
MG36HRX	11	Picture	Flicker3	204303	2675	1	1337	2	2500	1250
MG36HRX	12	Picture	Delay	205807	0	2	18054	3	0	17920
MG36HRX	13	Picture	1_2_Retrieval_Working_Memory_MEG_P4_LR_Nonsalient_NoChange_CuedRetrieval_retrieval_patch_orientation_027_retrieval_position_4	224028	0	2	30090	3	0	29920
MG36HRX	13	Response	10	232758	8730	4
MG36HRX	14	Picture	ITI	254285	0	1	23570	2	0	23420
MG36HRX	15	Picture	CueingCross	278022	0	1	3009	2	0	2920
MG36HRX	16	Picture	PrepTime	281198	0	2	3009	3	0	2920
MG36HRX	17	Picture	1_3_Encoding_Working_Memory_MEG_P4_LR_Nonsalient_NoChange_CuedRetrieval_300_300_399_1900_3000_2550_gabor_patch_orientation_109_035_088_154_target_position_2_4_retrieval_position_4	284374	0	2	1338	3	0	1250
MG36HRX	17	Picture	Flicker2	285712	1338	1	1337	2	1250	1250
MG36HRX	17	Picture	Flicker3	287049	2675	1	1337	2	2500	1250
MG36HRX	18	Picture	Delay	288553	0	2	19057	3	0	18920
MG36HRX	19	Picture	1_3_Retrieval_Working_Memory_MEG_P4_LR_Nonsalient_NoChange_CuedRetrieval_retrieval_patch_orientation_154_retrieval_position_4	307777	0	1	30090	2	0	29920
MG36HRX	19	Response	10	316387	8610	4
MG36HRX	20	Picture	ITI	338034	0	1	25576	2	0	25420
MG36HRX	21	Picture	CueingCross	363777	0	2	3009	3	0	2920
MG36HRX	22	Picture	PrepTime	366953	0	1	3009	2	0	2920
MG36HRX	23	Picture	1_4_Encoding_Working_Memory_MEG_P4_LR_Nonsalient_DoChange_UncuedRetriev_300_300_399_1750_3000_2100_gabor_patch_orientation_031_167_085_141_target_position_1_4_retrieval_position_2	370129	0	2	1338	3	0	1250
MG36HRX	23	Picture	Flicker2	371467	1338	1	1337	2	1250	1250
MG36HRX	23	Picture	Flicker3	372804	2675	1	1337	2	2500	1250
MG36HRX	24	Picture	Delay	374308	0	2	17553	3	0	17420
MG36HRX	25	Picture	1_4_Retrieval_Working_Memory_MEG_P4_LR_Nonsalient_DoChange_UncuedRetriev_retrieval_patch_orientation_119_retrieval_position_2	392028	0	1	30089	2	0	29920
MG36HRX	25	Response	10	406366	14338	4
MG36HRX	26	Picture	ITI	422284	0	2	21063	3	0	20920
MG36HRX	27	Picture	CueingCross	443514	0	1	3009	2	0	2920
MG36HRX	28	Picture	PrepTime	446690	0	1	3009	2	0	2920
MG36HRX	29	Picture	1_5_Encoding_Working_Memory_MEG_P4_LR_Nonsalient_DoChange_CuedRetrieval_300_300_399_1850_3000_2200_gabor_patch_orientation_121_087_104_058_target_position_1_4_retrieval_position_1	449866	0	2	1338	3	0	1250
MG36HRX	29	Picture	Flicker2	451204	1338	1	1337	2	1250	1250
MG36HRX	29	Picture	Flicker3	452541	2675	1	1337	2	2500	1250
MG36HRX	30	Picture	Delay	454045	0	2	18556	3	0	18420
MG36HRX	31	Picture	1_5_Retrieval_Working_Memory_MEG_P4_LR_Nonsalient_DoChange_CuedRetrieval_retrieval_patch_orientation_167_retrieval_position_1	472768	0	1	30089	2	0	29920
MG36HRX	31	Response	20	488226	15458	3
MG36HRX	32	Picture	ITI	503024	0	2	22066	3	0	21920
MG36HRX	33	Picture	CueingCross	525257	0	1	3009	2	0	2920
MG36HRX	34	Picture	PrepTime	528433	0	1	3009	2	0	2920
MG36HRX	35	Picture	1_6_Encoding_Working_Memory_MEG_P4_LR_Nonsalient_DoChange_CuedRetrieval_300_300_399_1800_3000_2050_gabor_patch_orientation_138_177_026_069_target_position_1_4_retrieval_position_4	531609	0	2	1338	3	0	1250
MG36HRX	35	Picture	Flicker2	532947	1338	1	1337	2	1250	1250
MG36HRX	35	Picture	Flicker3	534284	2675	1	1337	2	2500	1250
MG36HRX	36	Picture	Delay	535788	0	2	18054	3	0	17920
MG36HRX	37	Picture	1_6_Retrieval_Working_Memory_MEG_P4_LR_Nonsalient_DoChange_CuedRetrieval_retrieval_patch_orientation_115_retrieval_position_4	554009	0	1	30090	2	0	29920
MG36HRX	37	Response	20	566455	12446	4
MG36HRX	38	Picture	ITI	584266	0	1	20561	2	0	20420
MG36HRX	39	Picture	CueingCross	604994	0	1	3009	2	0	2920
MG36HRX	40	Picture	PrepTime	608170	0	1	3009	2	0	2920
MG36HRX	41	Picture	1_7_Encoding_Working_Memory_MEG_P4_LR_Nonsalient_NoChange_CuedRetrieval_300_300_399_2150_3000_2550_gabor_patch_orientation_012_120_101_033_target_position_1_2_retrieval_position_2	611346	0	2	1338	3	0	1250
MG36HRX	41	Picture	Flicker2	612684	1338	1	1337	2	1250	1250
MG36HRX	41	Picture	Flicker3	614021	2675	1	1337	2	2500	1250
MG36HRX	42	Picture	Delay	615525	0	2	21565	3	0	21420
MG36HRX	43	Picture	1_7_Retrieval_Working_Memory_MEG_P4_LR_Nonsalient_NoChange_CuedRetrieval_retrieval_patch_orientation_120_retrieval_position_2	637257	0	1	30089	2	0	29920
MG36HRX	43	Response	10	647364	10107	4
MG36HRX	44	Picture	ITI	667513	0	1	25576	2	0	25420
MG36HRX	45	Picture	CueingCross	693256	0	2	3009	3	0	2920
MG36HRX	46	Picture	PrepTime	696433	0	1	3008	3	0	2920
MG36HRX	47	Picture	1_8_Encoding_Working_Memory_MEG_P4_LR_Nonsalient_NoChange_CuedRetrieval_300_300_399_1750_3000_2000_gabor_patch_orientation_096_172_147_015_target_position_2_4_retrieval_position_2	699609	0	1	1337	2	0	1250
MG36HRX	47	Picture	Flicker2	700946	1337	1	1337	2	1250	1250
MG36HRX	47	Picture	Flicker3	702283	2674	1	1338	2	2500	1250
MG36HRX	48	Picture	Delay	703788	0	1	17552	2	0	17420
MG36HRX	49	Picture	1_8_Retrieval_Working_Memory_MEG_P4_LR_Nonsalient_NoChange_CuedRetrieval_retrieval_patch_orientation_172_retrieval_position_2	721507	0	1	30090	2	0	29920
MG36HRX	49	Response	10	732683	11176	3
MG36HRX	50	Picture	ITI	751764	0	1	20059	2	0	19920
MG36HRX	51	Picture	CueingCross	771990	0	2	3009	4	0	2920
MG36HRX	52	Picture	PrepTime	775167	0	1	3009	2	0	2920
MG36HRX	53	Picture	1_9_Encoding_Working_Memory_MEG_P4_LR_Nonsalient_DoChange_CuedRetrieval_300_300_399_1800_3000_2200_gabor_patch_orientation_050_129_177_018_target_position_1_2_retrieval_position_1	778343	0	1	1337	2	0	1250
MG36HRX	53	Picture	Flicker2	779680	1337	1	1337	2	1250	1250
MG36HRX	53	Picture	Flicker3	781017	2674	1	1338	2	2500	1250
MG36HRX	54	Picture	Delay	782522	0	1	18053	3	0	17920
MG36HRX	55	Picture	1_9_Retrieval_Working_Memory_MEG_P4_LR_Nonsalient_DoChange_CuedRetrieval_retrieval_patch_orientation_096_retrieval_position_1	800743	0	1	30089	2	0	29920
MG36HRX	55	Response	20	809232	8489	4
MG36HRX	56	Picture	ITI	830999	0	2	22066	3	0	21920
MG36HRX	57	Picture	CueingCross	853232	0	1	3009	2	0	2920
MG36HRX	58	Picture	PrepTime	856408	0	1	3009	2	0	2920
MG36HRX	59	Picture	1_10_Encoding_Working_Memory_MEG_P4_LR_Nonsalient_NoChange_CuedRetrieval_300_300_399_2150_3000_2050_gabor_patch_orientation_083_113_173_006_target_position_1_4_retrieval_position_1	859584	0	1	1337	3	0	1250
MG36HRX	59	Picture	Flicker2	860921	1337	2	1338	3	1250	1250
MG36HRX	59	Picture	Flicker3	862259	2675	1	1337	2	2500	1250
MG36HRX	60	Picture	Delay	863763	0	2	21564	4	0	21420
MG36HRX	61	Picture	1_10_Retrieval_Working_Memory_MEG_P4_LR_Nonsalient_NoChange_CuedRetrieval_retrieval_patch_orientation_083_retrieval_position_1	885495	0	1	30089	2	0	29920
MG36HRX	61	Response	10	896191	10696	4
MG36HRX	62	Picture	ITI	915751	0	1	20561	2	0	20420
MG36HRX	63	Picture	CueingCross	936479	0	2	3009	3	0	2920
MG36HRX	64	Picture	PrepTime	939656	0	1	3008	3	0	2920
MG36HRX	65	Picture	1_11_Encoding_Working_Memory_MEG_P4_LR_Nonsalient_DoChange_CuedRetrieval_300_300_399_1800_3000_2100_gabor_patch_orientation_042_126_160_179_target_position_1_3_retrieval_position_1	942832	0	1	1337	2	0	1250
MG36HRX	65	Picture	Flicker2	944169	1337	1	1337	2	1250	1250
MG36HRX	65	Picture	Flicker3	945506	2674	1	1338	2	2500	1250
MG36HRX	66	Picture	Delay	947011	0	1	18053	3	0	17920
MG36HRX	67	Picture	1_11_Retrieval_Working_Memory_MEG_P4_LR_Nonsalient_DoChange_CuedRetrieval_retrieval_patch_orientation_091_retrieval_position_1	965232	0	1	30089	2	0	29920
MG36HRX	67	Response	20	974520	9288	4
MG36HRX	68	Picture	ITI	995488	0	2	21063	3	0	20920
MG36HRX	69	Picture	CueingCross	1016718	0	1	3009	2	0	2920
MG36HRX	70	Picture	PrepTime	1019894	0	1	3009	2	0	2920
MG36HRX	71	Picture	1_12_Encoding_Working_Memory_MEG_P4_LR_Nonsalient_DoChange_CuedRetrieval_300_300_399_2250_3000_2000_gabor_patch_orientation_124_034_069_100_target_position_3_4_retrieval_position_4	1023070	0	1	1338	2	0	1250
MG36HRX	71	Picture	Flicker2	1024408	1338	1	1337	2	1250	1250
MG36HRX	71	Picture	Flicker3	1025745	2675	1	1337	2	2500	1250
MG36HRX	72	Picture	Delay	1027249	0	2	22567	3	0	22420
MG36HRX	73	Picture	1_12_Retrieval_Working_Memory_MEG_P4_LR_Nonsalient_DoChange_CuedRetrieval_retrieval_patch_orientation_145_retrieval_position_4	1049983	0	2	30090	3	0	29920
MG36HRX	73	Response	20	1059489	9506	4
MG36HRX	74	Picture	ITI	1080240	0	1	20060	2	0	19920
MG36HRX	75	Picture	CueingCross	1100467	0	1	3008	3	0	2920
MG36HRX	76	Picture	PrepTime	1103643	0	1	3009	2	0	2920
MG36HRX	77	Picture	1_13_Encoding_Working_Memory_MEG_P4_LR_Nonsalient_NoChange_UncuedRetriev_300_300_399_1900_3000_2150_gabor_patch_orientation_052_123_178_002_target_position_1_3_retrieval_position_4	1106819	0	1	1337	3	0	1250
MG36HRX	77	Picture	Flicker2	1108156	1337	2	1338	3	1250	1250
MG36HRX	77	Picture	Flicker3	1109494	2675	1	1337	2	2500	1250
MG36HRX	78	Picture	Delay	1110998	0	1	19057	2	0	18920
MG36HRX	79	Picture	1_13_Retrieval_Working_Memory_MEG_P4_LR_Nonsalient_NoChange_UncuedRetriev_retrieval_patch_orientation_002_retrieval_position_4	1130222	0	1	30089	3	0	29920
MG36HRX	79	Response	10	1146738	16516	4
MG36HRX	80	Picture	ITI	1160479	0	1	21564	2	0	21420
MG36HRX	81	Picture	CueingCross	1182210	0	1	3009	2	0	2920
MG36HRX	82	Picture	PrepTime	1185386	0	1	3009	2	0	2920
MG36HRX	83	Picture	1_14_Encoding_Working_Memory_MEG_P4_LR_Nonsalient_DoChange_CuedRetrieval_300_300_399_2200_3000_2150_gabor_patch_orientation_065_118_103_170_target_position_3_4_retrieval_position_3	1188562	0	1	1337	3	0	1250
MG36HRX	83	Picture	Flicker2	1189899	1337	2	1338	3	1250	1250
MG36HRX	83	Picture	Flicker3	1191237	2675	1	1337	2	2500	1250
MG36HRX	84	Picture	Delay	1192741	0	1	22066	2	0	21920
MG36HRX	85	Picture	1_14_Retrieval_Working_Memory_MEG_P4_LR_Nonsalient_DoChange_CuedRetrieval_retrieval_patch_orientation_149_retrieval_position_3	1214974	0	1	30089	3	0	29920
MG36HRX	85	Response	10	1232098	17124	3
MG36HRX	86	Picture	ITI	1245231	0	1	21564	2	0	21420
MG36HRX	87	Picture	CueingCross	1266962	0	1	3009	2	0	2920
MG36HRX	88	Picture	PrepTime	1270138	0	1	3009	3	0	2920
MG36HRX	89	Picture	1_15_Encoding_Working_Memory_MEG_P4_LR_Nonsalient_DoChange_CuedRetrieval_300_300_399_2100_3000_2600_gabor_patch_orientation_006_028_081_056_target_position_2_4_retrieval_position_2	1273314	0	1	1337	2	0	1250
MG36HRX	89	Picture	Flicker2	1274651	1337	1	1338	2	1250	1250
MG36HRX	89	Picture	Flicker3	1275989	2675	1	1337	2	2500	1250
MG36HRX	90	Picture	Delay	1277493	0	1	21063	2	0	20920
MG36HRX	91	Picture	1_15_Retrieval_Working_Memory_MEG_P4_LR_Nonsalient_DoChange_CuedRetrieval_retrieval_patch_orientation_167_retrieval_position_2	1298723	0	1	30089	2	0	29920
MG36HRX	91	Response	20	1310167	11444	4
MG36HRX	92	Picture	ITI	1328979	0	2	26078	3	0	25920
MG36HRX	93	Picture	CueingCross	1355224	0	1	3009	2	0	2920
MG36HRX	94	Picture	PrepTime	1358400	0	2	3009	3	0	2920
MG36HRX	95	Picture	1_16_Encoding_Working_Memory_MEG_P4_LR_Nonsalient_DoChange_CuedRetrieval_300_300_399_2200_3000_2300_gabor_patch_orientation_169_014_125_050_target_position_3_4_retrieval_position_4	1361576	0	2	1338	3	0	1250
MG36HRX	95	Picture	Flicker2	1362914	1338	1	1337	2	1250	1250
MG36HRX	95	Picture	Flicker3	1364251	2675	1	1337	2	2500	1250
MG36HRX	96	Picture	Delay	1365756	0	1	22065	2	0	21920
MG36HRX	97	Picture	1_16_Retrieval_Working_Memory_MEG_P4_LR_Nonsalient_DoChange_CuedRetrieval_retrieval_patch_orientation_099_retrieval_position_4	1387988	0	2	30090	3	0	29920
MG36HRX	97	Response	20	1397176	9188	3
MG36HRX	98	Picture	ITI	1418245	0	1	23068	3	0	22920
MG36HRX	99	Picture	CueingCross	1441481	0	1	3009	2	0	2920
MG36HRX	100	Picture	PrepTime	1444657	0	1	3009	2	0	2920
MG36HRX	101	Picture	1_17_Encoding_Working_Memory_MEG_P4_LR_Nonsalient_DoChange_UncuedRetriev_300_300_399_2000_3000_1950_gabor_patch_orientation_086_013_041_157_target_position_1_4_retrieval_position_3	1447833	0	1	1337	2	0	1250
MG36HRX	101	Picture	Flicker2	1449170	1337	1	1337	3	1250	1250
MG36HRX	101	Picture	Flicker3	1450507	2674	2	1338	3	2500	1250
MG36HRX	102	Picture	Delay	1452012	0	1	20060	2	0	19920
MG36HRX	103	Picture	1_17_Retrieval_Working_Memory_MEG_P4_LR_Nonsalient_DoChange_UncuedRetriev_retrieval_patch_orientation_176_retrieval_position_3	1472239	0	1	30089	2	0	29920
MG36HRX	103	Response	20	1483265	11026	3
MG36HRX	104	Picture	ITI	1502495	0	2	19558	4	0	19420
MG36HRX	105	Picture	CueingCross	1522221	0	1	3009	2	0	2920
MG36HRX	106	Picture	PrepTime	1525397	0	1	3009	2	0	2920
MG36HRX	107	Picture	1_18_Encoding_Working_Memory_MEG_P4_LR_Nonsalient_DoChange_CuedRetrieval_300_300_399_1750_3000_2200_gabor_patch_orientation_173_019_088_066_target_position_1_3_retrieval_position_3	1528573	0	1	1337	2	0	1250
MG36HRX	107	Picture	Flicker2	1529910	1337	1	1337	3	1250	1250
MG36HRX	107	Picture	Flicker3	1531247	2674	2	1338	3	2500	1250
MG36HRX	108	Picture	Delay	1532752	0	1	17552	2	0	17420
MG36HRX	109	Picture	1_18_Retrieval_Working_Memory_MEG_P4_LR_Nonsalient_DoChange_CuedRetrieval_retrieval_patch_orientation_138_retrieval_position_3	1550471	0	1	30090	2	0	29920
MG36HRX	109	Response	20	1560134	9663	4
MG36HRX	110	Picture	ITI	1580728	0	1	22065	3	0	21920
MG36HRX	111	Picture	CueingCross	1602961	0	1	3009	2	0	2920
MG36HRX	112	Picture	PrepTime	1606137	0	1	3008	3	0	2920
MG36HRX	113	Picture	1_19_Encoding_Working_Memory_MEG_P4_LR_Nonsalient_DoChange_UncuedRetriev_300_300_399_1950_3000_2500_gabor_patch_orientation_081_001_142_025_target_position_2_3_retrieval_position_4	1609313	0	1	1337	2	0	1250
MG36HRX	113	Picture	Flicker2	1610650	1337	1	1337	3	1250	1250
MG36HRX	113	Picture	Flicker3	1611987	2674	2	1338	3	2500	1250
MG36HRX	114	Picture	Delay	1613492	0	1	19558	2	0	19420
MG36HRX	115	Picture	1_19_Retrieval_Working_Memory_MEG_P4_LR_Nonsalient_DoChange_UncuedRetriev_retrieval_patch_orientation_161_retrieval_position_4	1633217	0	1	30090	2	0	29920
MG36HRX	115	Response	20	1644893	11676	4
MG36HRX	116	Picture	ITI	1663474	0	1	25074	2	0	24920
MG36HRX	117	Picture	CueingCross	1688716	0	1	3008	3	0	2920
MG36HRX	118	Picture	PrepTime	1691892	0	1	3009	2	0	2920
MG36HRX	119	Picture	1_20_Encoding_Working_Memory_MEG_P4_LR_Nonsalient_NoChange_CuedRetrieval_300_300_399_1800_3000_1900_gabor_patch_orientation_077_012_134_060_target_position_2_4_retrieval_position_2	1695068	0	1	1337	2	0	1250
MG36HRX	119	Picture	Flicker2	1696405	1337	1	1337	2	1250	1250
MG36HRX	119	Picture	Flicker3	1697742	2674	1	1338	2	2500	1250
MG36HRX	120	Picture	Delay	1699247	0	1	18053	3	0	17920
MG36HRX	121	Picture	1_20_Retrieval_Working_Memory_MEG_P4_LR_Nonsalient_NoChange_CuedRetrieval_retrieval_patch_orientation_012_retrieval_position_2	1717468	0	1	30089	2	0	29920
MG36HRX	121	Response	20	1725512	8044	4
MG36HRX	122	Picture	ITI	1747724	0	1	19057	2	0	18920
MG36HRX	123	Picture	CueingCross	1766948	0	1	3009	2	0	2920
MG36HRX	124	Picture	PrepTime	1770124	0	1	3009	2	0	2920
MG36HRX	125	Picture	1_21_Encoding_Working_Memory_MEG_P4_LR_Nonsalient_NoChange_CuedRetrieval_300_300_399_2050_3000_2150_gabor_patch_orientation_106_151_042_178_target_position_2_4_retrieval_position_2	1773300	0	2	1338	3	0	1250
MG36HRX	125	Picture	Flicker2	1774638	1338	1	1337	2	1250	1250
MG36HRX	125	Picture	Flicker3	1775975	2675	1	1337	2	2500	1250
MG36HRX	126	Picture	Delay	1777479	0	2	20562	3	0	20420
MG36HRX	127	Picture	1_21_Retrieval_Working_Memory_MEG_P4_LR_Nonsalient_NoChange_CuedRetrieval_retrieval_patch_orientation_151_retrieval_position_2	1798208	0	1	30089	2	0	29920
MG36HRX	127	Response	10	1808711	10503	4
MG36HRX	128	Picture	ITI	1828464	0	2	21564	3	0	21420
MG36HRX	129	Picture	CueingCross	1850196	0	1	3008	3	0	2920
MG36HRX	130	Picture	PrepTime	1853372	0	1	3009	2	0	2920
MG36HRX	131	Picture	1_22_Encoding_Working_Memory_MEG_P4_LR_Nonsalient_NoChange_CuedRetrieval_300_300_399_1750_3000_2300_gabor_patch_orientation_074_093_014_048_target_position_1_3_retrieval_position_3	1856548	0	1	1337	2	0	1250
MG36HRX	131	Picture	Flicker2	1857885	1337	1	1337	2	1250	1250
MG36HRX	131	Picture	Flicker3	1859222	2674	1	1338	2	2500	1250
MG36HRX	132	Picture	Delay	1860727	0	1	17552	2	0	17420
MG36HRX	133	Picture	1_22_Retrieval_Working_Memory_MEG_P4_LR_Nonsalient_NoChange_CuedRetrieval_retrieval_patch_orientation_014_retrieval_position_3	1878446	0	1	30090	2	0	29920
MG36HRX	133	Response	10	1889210	10764	4
MG36HRX	134	Picture	ITI	1908703	0	1	23068	2	0	22920
MG36HRX	135	Picture	CueingCross	1931939	0	1	3008	3	0	2920
MG36HRX	136	Picture	PrepTime	1935115	0	1	3009	2	0	2920
MG36HRX	137	Picture	1_23_Encoding_Working_Memory_MEG_P4_LR_Nonsalient_NoChange_CuedRetrieval_300_300_399_1900_3000_2050_gabor_patch_orientation_042_150_084_016_target_position_2_4_retrieval_position_2	1938291	0	1	1337	2	0	1250
MG36HRX	137	Picture	Flicker2	1939628	1337	1	1337	2	1250	1250
MG36HRX	137	Picture	Flicker3	1940965	2674	1	1338	2	2500	1250
MG36HRX	138	Picture	Delay	1942470	0	1	19056	3	0	18920
MG36HRX	139	Picture	1_23_Retrieval_Working_Memory_MEG_P4_LR_Nonsalient_NoChange_CuedRetrieval_retrieval_patch_orientation_150_retrieval_position_2	1961694	0	1	30089	2	0	29920
MG36HRX	139	Response	10	1974940	13246	3
MG36HRX	140	Picture	ITI	1991950	0	2	20561	3	0	20420
MG36HRX	141	Picture	CueingCross	2012679	0	1	3008	3	0	2920
MG36HRX	142	Picture	PrepTime	2015855	0	1	3009	2	0	2920
MG36HRX	143	Picture	1_24_Encoding_Working_Memory_MEG_P4_LR_Nonsalient_DoChange_CuedRetrieval_300_300_399_2200_3000_2400_gabor_patch_orientation_053_129_011_087_target_position_2_4_retrieval_position_2	2019031	0	1	1337	2	0	1250
MG36HRX	143	Picture	Flicker2	2020368	1337	1	1337	2	1250	1250
MG36HRX	143	Picture	Flicker3	2021705	2674	1	1338	2	2500	1250
MG36HRX	144	Picture	Delay	2023210	0	1	22065	3	0	21920
MG36HRX	145	Picture	1_24_Retrieval_Working_Memory_MEG_P4_LR_Nonsalient_DoChange_CuedRetrieval_retrieval_patch_orientation_177_retrieval_position_2	2045443	0	1	30089	2	0	29920
MG36HRX	145	Response	20	2056219	10776	3
MG36HRX	146	Picture	ITI	2075699	0	2	24072	3	0	23920
MG36HRX	147	Picture	CueingCross	2099938	0	1	3009	2	0	2920
MG36HRX	148	Picture	PrepTime	2103114	0	1	3009	2	0	2920
MG36HRX	149	Picture	1_25_Encoding_Working_Memory_MEG_P4_LR_Nonsalient_NoChange_UncuedRetriev_300_300_399_2250_3000_2250_gabor_patch_orientation_096_064_122_079_target_position_1_2_retrieval_position_4	2106290	0	1	1337	2	0	1250
MG36HRX	149	Picture	Flicker2	2107627	1337	1	1338	2	1250	1250
MG36HRX	149	Picture	Flicker3	2108965	2675	1	1337	2	2500	1250
MG36HRX	150	Picture	Delay	2110469	0	1	22567	2	0	22420
MG36HRX	151	Picture	1_25_Retrieval_Working_Memory_MEG_P4_LR_Nonsalient_NoChange_UncuedRetriev_retrieval_patch_orientation_079_retrieval_position_4	2133203	0	2	30090	3	0	29920
MG36HRX	151	Response	10	2144928	11725	3
MG36HRX	152	Picture	ITI	2163460	0	1	22567	2	0	22420
MG36HRX	153	Picture	CueingCross	2186194	0	2	3009	3	0	2920
MG36HRX	154	Picture	PrepTime	2189370	0	2	3009	3	0	2920
MG36HRX	155	Picture	1_26_Encoding_Working_Memory_MEG_P4_LR_Nonsalient_DoChange_CuedRetrieval_300_300_399_1850_3000_2400_gabor_patch_orientation_098_051_118_135_target_position_3_4_retrieval_position_3	2192546	0	2	1338	3	0	1250
MG36HRX	155	Picture	Flicker2	2193884	1338	1	1337	2	1250	1250
MG36HRX	155	Picture	Flicker3	2195221	2675	1	1337	3	2500	1250
MG36HRX	156	Picture	Delay	2196726	0	1	18555	2	0	18420
MG36HRX	157	Picture	1_26_Retrieval_Working_Memory_MEG_P4_LR_Nonsalient_DoChange_CuedRetrieval_retrieval_patch_orientation_071_retrieval_position_3	2215448	0	1	30089	2	0	29920
MG36HRX	157	Response	20	2235367	19919	3
MG36HRX	158	Picture	ITI	2245704	0	2	24072	3	0	23920
MG36HRX	159	Picture	CueingCross	2269943	0	1	3009	2	0	2920
MG36HRX	160	Picture	PrepTime	2273119	0	2	3009	3	0	2920
MG36HRX	161	Picture	1_27_Encoding_Working_Memory_MEG_P4_LR_Nonsalient_NoChange_CuedRetrieval_300_300_399_1750_3000_2300_gabor_patch_orientation_137_072_051_092_target_position_1_2_retrieval_position_1	2276295	0	2	1338	3	0	1250
MG36HRX	161	Picture	Flicker2	2277633	1338	1	1337	2	1250	1250
MG36HRX	161	Picture	Flicker3	2278970	2675	1	1337	2	2500	1250
MG36HRX	162	Picture	Delay	2280475	0	1	17552	2	0	17420
MG36HRX	163	Picture	1_27_Retrieval_Working_Memory_MEG_P4_LR_Nonsalient_NoChange_CuedRetrieval_retrieval_patch_orientation_137_retrieval_position_1	2298194	0	1	30089	2	0	29920
MG36HRX	163	Response	10	2308896	10702	3
MG36HRX	164	Picture	ITI	2328450	0	2	23069	3	0	22920
MG36HRX	165	Picture	CueingCross	2351686	0	1	3009	2	0	2920
MG36HRX	166	Picture	PrepTime	2354862	0	2	3009	3	0	2920
MG36HRX	167	Picture	1_28_Encoding_Working_Memory_MEG_P4_LR_Nonsalient_DoChange_CuedRetrieval_300_300_399_2000_3000_2350_gabor_patch_orientation_178_130_066_101_target_position_1_4_retrieval_position_1	2358038	0	2	1338	3	0	1250
MG36HRX	167	Picture	Flicker2	2359376	1338	1	1337	2	1250	1250
MG36HRX	167	Picture	Flicker3	2360713	2675	1	1337	2	2500	1250
MG36HRX	168	Picture	Delay	2362218	0	1	20059	2	0	19920
MG36HRX	169	Picture	1_28_Retrieval_Working_Memory_MEG_P4_LR_Nonsalient_DoChange_CuedRetrieval_retrieval_patch_orientation_042_retrieval_position_1	2382444	0	2	30090	3	0	29920
MG36HRX	169	Response	20	2392255	9811	4
MG36HRX	170	Picture	ITI	2412701	0	1	23570	2	0	23420
MG36HRX	171	Picture	CueingCross	2436438	0	1	3009	2	0	2920
MG36HRX	172	Picture	PrepTime	2439614	0	1	3009	2	0	2920
MG36HRX	173	Picture	1_29_Encoding_Working_Memory_MEG_P4_LR_Nonsalient_NoChange_CuedRetrieval_300_300_399_1750_3000_2450_gabor_patch_orientation_014_151_086_121_target_position_1_3_retrieval_position_3	2442790	0	2	1338	3	0	1250
MG36HRX	173	Picture	Flicker2	2444128	1338	1	1337	2	1250	1250
MG36HRX	173	Picture	Flicker3	2445465	2675	1	1337	2	2500	1250
MG36HRX	174	Picture	Delay	2446969	0	2	17553	3	0	17420
MG36HRX	175	Picture	1_29_Retrieval_Working_Memory_MEG_P4_LR_Nonsalient_NoChange_CuedRetrieval_retrieval_patch_orientation_086_retrieval_position_3	2464689	0	1	30089	2	0	29920
MG36HRX	175	Response	10	2479144	14455	4
MG36HRX	176	Picture	ITI	2494945	0	6	24573	8	0	24420
MG36HRX	177	Picture	CueingCross	2519686	0	1	3009	2	0	2920
MG36HRX	178	Picture	PrepTime	2522862	0	1	3009	3	0	2920
MG36HRX	179	Picture	1_30_Encoding_Working_Memory_MEG_P4_LR_Nonsalient_DoChange_CuedRetrieval_300_300_399_2150_3000_2250_gabor_patch_orientation_020_180_056_094_target_position_3_4_retrieval_position_4	2526038	0	1	1337	2	0	1250
MG36HRX	179	Picture	Flicker2	2527375	1337	1	1337	3	1250	1250
MG36HRX	179	Picture	Flicker3	2528712	2674	2	1338	3	2500	1250
MG36HRX	180	Picture	Delay	2530217	0	1	21564	2	0	21420
MG36HRX	181	Picture	1_30_Retrieval_Working_Memory_MEG_P4_LR_Nonsalient_DoChange_CuedRetrieval_retrieval_patch_orientation_142_retrieval_position_4	2551948	0	2	30090	3	0	29920
MG36HRX	181	Response	20	2563963	12015	4
MG36HRX	182	Picture	ITI	2582205	0	1	22567	2	0	22420
MG36HRX	183	Picture	CueingCross	2604939	0	1	3009	2	0	2920
MG36HRX	184	Picture	PrepTime	2608115	0	1	3009	2	0	2920
MG36HRX	185	Picture	1_31_Encoding_Working_Memory_MEG_P4_LR_Nonsalient_NoChange_CuedRetrieval_300_300_399_2200_3000_2550_gabor_patch_orientation_008_070_159_117_target_position_1_3_retrieval_position_1	2611291	0	2	1338	3	0	1250
MG36HRX	185	Picture	Flicker2	2612629	1338	1	1337	3	1250	1250
MG36HRX	185	Picture	Flicker3	2613966	2675	2	1337	3	2500	1250
MG36HRX	186	Picture	Delay	2615470	0	2	22066	3	0	21920
MG36HRX	187	Picture	1_31_Retrieval_Working_Memory_MEG_P4_LR_Nonsalient_NoChange_CuedRetrieval_retrieval_patch_orientation_008_retrieval_position_1	2637703	0	1	30090	2	0	29920
MG36HRX	187	Response	10	2653182	15479	4
MG36HRX	188	Picture	ITI	2667960	0	1	25576	2	0	25420
MG36HRX	189	Picture	CueingCross	2693703	0	1	3009	2	0	2920
MG36HRX	190	Picture	PrepTime	2696879	0	1	3009	2	0	2920
MG36HRX	191	Picture	1_32_Encoding_Working_Memory_MEG_P4_LR_Nonsalient_NoChange_CuedRetrieval_300_300_399_2150_3000_2600_gabor_patch_orientation_082_112_162_129_target_position_3_4_retrieval_position_3	2700055	0	1	1337	2	0	1250
MG36HRX	191	Picture	Flicker2	2701392	1337	1	1338	2	1250	1250
MG36HRX	191	Picture	Flicker3	2702730	2675	1	1337	2	2500	1250
MG36HRX	192	Picture	Delay	2704234	0	1	21564	2	0	21420
MG36HRX	193	Picture	1_32_Retrieval_Working_Memory_MEG_P4_LR_Nonsalient_NoChange_CuedRetrieval_retrieval_patch_orientation_162_retrieval_position_3	2725965	0	2	30090	3	0	29920
MG36HRX	193	Response	10	2739551	13586	4
MG36HRX	194	Picture	ITI	2756222	0	1	26078	2	0	25920
MG36HRX	195	Picture	CueingCross	2782467	0	1	3009	2	0	2920
MG36HRX	196	Picture	PrepTime	2785643	0	1	3009	2	0	2920
MG36HRX	197	Picture	1_33_Encoding_Working_Memory_MEG_P4_LR_Nonsalient_NoChange_UncuedRetriev_300_300_399_1950_3000_2250_gabor_patch_orientation_067_046_175_001_target_position_2_4_retrieval_position_1	2788819	0	1	1337	2	0	1250
MG36HRX	197	Picture	Flicker2	2790156	1337	1	1338	2	1250	1250
MG36HRX	197	Picture	Flicker3	2791494	2675	1	1337	2	2500	1250
MG36HRX	198	Picture	Delay	2792998	0	1	19558	2	0	19420
MG36HRX	199	Picture	1_33_Retrieval_Working_Memory_MEG_P4_LR_Nonsalient_NoChange_UncuedRetriev_retrieval_patch_orientation_067_retrieval_position_1	2812723	0	2	30090	3	0	29920
MG36HRX	199	Response	10	2824110	11387	4
MG36HRX	200	Picture	ITI	2842980	0	1	22567	2	0	22420
MG36HRX	201	Picture	CueingCross	2865714	0	1	3009	2	0	2920
MG36HRX	202	Picture	PrepTime	2868890	0	2	3009	3	0	2920
MG36HRX	203	Picture	1_34_Encoding_Working_Memory_MEG_P4_LR_Nonsalient_NoChange_CuedRetrieval_300_300_399_1850_3000_2300_gabor_patch_orientation_162_051_177_136_target_position_1_4_retrieval_position_4	2872066	0	2	1338	3	0	1250
MG36HRX	203	Picture	Flicker2	2873404	1338	1	1337	2	1250	1250
MG36HRX	203	Picture	Flicker3	2874741	2675	1	1337	2	2500	1250
MG36HRX	204	Picture	Delay	2876245	0	2	18556	3	0	18420
MG36HRX	205	Picture	1_34_Retrieval_Working_Memory_MEG_P4_LR_Nonsalient_NoChange_CuedRetrieval_retrieval_patch_orientation_136_retrieval_position_4	2894968	0	1	30089	2	0	29920
MG36HRX	205	Response	10	2907170	12202	3
MG36HRX	206	Picture	ITI	2925224	0	2	23069	3	0	22920
MG36HRX	207	Picture	CueingCross	2948460	0	1	3009	2	0	2920
MG36HRX	208	Picture	PrepTime	2951636	0	1	3009	2	0	2920
MG36HRX	209	Picture	1_35_Encoding_Working_Memory_MEG_P4_LR_Nonsalient_NoChange_CuedRetrieval_300_300_399_2250_3000_2450_gabor_patch_orientation_071_055_018_127_target_position_2_4_retrieval_position_4	2954812	0	2	1338	3	0	1250
MG36HRX	209	Picture	Flicker2	2956150	1338	1	1337	2	1250	1250
MG36HRX	209	Picture	Flicker3	2957487	2675	1	1337	2	2500	1250
MG36HRX	210	Picture	Delay	2958991	0	6	22568	7	0	22420
MG36HRX	211	Picture	1_35_Retrieval_Working_Memory_MEG_P4_LR_Nonsalient_NoChange_CuedRetrieval_retrieval_patch_orientation_127_retrieval_position_4	2981726	0	1	30089	2	0	29920
MG36HRX	211	Response	10	2992028	10302	4
MG36HRX	212	Picture	ITI	3011982	0	2	24573	3	0	24420
MG36HRX	213	Picture	CueingCross	3036723	0	1	3008	3	0	2920
MG36HRX	214	Picture	PrepTime	3039899	0	1	3009	2	0	2920
MG36HRX	215	Picture	1_36_Encoding_Working_Memory_MEG_P4_LR_Nonsalient_DoChange_CuedRetrieval_300_300_399_2000_3000_2600_gabor_patch_orientation_089_016_038_055_target_position_1_3_retrieval_position_3	3043075	0	1	1337	2	0	1250
MG36HRX	215	Picture	Flicker2	3044412	1337	1	1337	2	1250	1250
MG36HRX	215	Picture	Flicker3	3045749	2674	1	1338	2	2500	1250
MG36HRX	216	Picture	Delay	3047254	0	1	20059	3	0	19920
MG36HRX	217	Picture	1_36_Retrieval_Working_Memory_MEG_P4_LR_Nonsalient_DoChange_CuedRetrieval_retrieval_patch_orientation_173_retrieval_position_3	3067481	0	1	30089	2	0	29920
MG36HRX	217	Response	20	3078088	10607	3
MG36HRX	218	Picture	ITI	3097737	0	1	26078	2	0	25920
MG36HRX	219	Picture	CueingCross	3123982	0	1	3009	2	0	2920
MG36HRX	220	Picture	PrepTime	3127158	0	1	3009	2	0	2920
MG36HRX	221	Picture	1_37_Encoding_Working_Memory_MEG_P4_LR_Nonsalient_NoChange_UncuedRetriev_300_300_399_2050_3000_2500_gabor_patch_orientation_004_113_143_078_target_position_1_4_retrieval_position_3	3130334	0	1	1337	3	0	1250
MG36HRX	221	Picture	Flicker2	3131671	1337	2	1338	3	1250	1250
MG36HRX	221	Picture	Flicker3	3133009	2675	1	1337	3	2500	1250
MG36HRX	222	Picture	Delay	3134513	0	1	20561	2	0	20420
MG36HRX	223	Picture	1_37_Retrieval_Working_Memory_MEG_P4_LR_Nonsalient_NoChange_UncuedRetriev_retrieval_patch_orientation_143_retrieval_position_3	3155242	0	1	30089	2	0	29920
MG36HRX	223	Response	10	3170207	14965	3
MG36HRX	224	Picture	ITI	3185498	0	1	25075	2	0	24920
MG36HRX	225	Picture	CueingCross	3210740	0	1	3009	2	0	2920
MG36HRX	226	Picture	PrepTime	3213916	0	1	3009	2	0	2920
MG36HRX	227	Picture	1_38_Encoding_Working_Memory_MEG_P4_LR_Nonsalient_DoChange_CuedRetrieval_300_300_399_2000_3000_1900_gabor_patch_orientation_049_034_161_006_target_position_2_4_retrieval_position_2	3217092	0	1	1337	2	0	1250
MG36HRX	227	Picture	Flicker2	3218429	1337	1	1338	2	1250	1250
MG36HRX	227	Picture	Flicker3	3219767	2675	1	1337	2	2500	1250
MG36HRX	228	Picture	Delay	3221271	0	1	20060	2	0	19920
MG36HRX	229	Picture	1_38_Retrieval_Working_Memory_MEG_P4_LR_Nonsalient_DoChange_CuedRetrieval_retrieval_patch_orientation_081_retrieval_position_2	3241498	0	1	30089	2	0	29920
MG36HRX	229	Response	20	3250796	9298	3
MG36HRX	230	Picture	ITI	3271754	0	2	19057	3	0	18920
MG36HRX	231	Picture	CueingCross	3290978	0	2	3009	3	0	2920
MG36HRX	232	Picture	PrepTime	3294154	0	2	3009	3	0	2920
MG36HRX	233	Picture	1_39_Encoding_Working_Memory_MEG_P4_LR_Nonsalient_NoChange_CuedRetrieval_300_300_399_1750_3000_2400_gabor_patch_orientation_159_128_100_079_target_position_2_3_retrieval_position_3	3297331	0	1	1337	2	0	1250
MG36HRX	233	Picture	Flicker2	3298668	1337	1	1337	2	1250	1250
MG36HRX	233	Picture	Flicker3	3300005	2674	1	1337	3	2500	1250
MG36HRX	234	Picture	Delay	3301510	0	1	17552	2	0	17420
MG36HRX	235	Picture	1_39_Retrieval_Working_Memory_MEG_P4_LR_Nonsalient_NoChange_CuedRetrieval_retrieval_patch_orientation_100_retrieval_position_3	3319229	0	1	30089	3	0	29920
MG36HRX	235	Response	10	3331755	12526	3
MG36HRX	236	Picture	ITI	3349486	0	1	24071	2	0	23920
MG36HRX	237	Picture	CueingCross	3373724	0	2	3009	3	0	2920
MG36HRX	238	Picture	PrepTime	3376900	0	2	3009	3	0	2920
MG36HRX	239	Picture	1_40_Encoding_Working_Memory_MEG_P4_LR_Nonsalient_NoChange_CuedRetrieval_300_300_399_1950_3000_2000_gabor_patch_orientation_094_118_077_166_target_position_2_4_retrieval_position_4	3380076	0	2	1338	3	0	1250
MG36HRX	239	Picture	Flicker2	3381414	1338	1	1337	2	1250	1250
MG36HRX	239	Picture	Flicker3	3382751	2675	1	1337	3	2500	1250
MG36HRX	240	Picture	Delay	3384256	0	1	19558	2	0	19420
MG36HRX	241	Picture	1_40_Retrieval_Working_Memory_MEG_P4_LR_Nonsalient_NoChange_CuedRetrieval_retrieval_patch_orientation_166_retrieval_position_4	3403981	0	1	30089	2	0	29920
MG36HRX	241	Response	10	3415174	11193	4
MG36HRX	242	Picture	ITI	3434238	0	1	20059	2	0	19920
MG36HRX	243	Picture	CueingCross	3454464	0	2	3009	3	0	2920
MG36HRX	244	Picture	PrepTime	3457640	0	2	3009	3	0	2920
MG36HRX	245	Picture	1_41_Encoding_Working_Memory_MEG_P4_LR_Nonsalient_NoChange_CuedRetrieval_300_300_399_1850_3000_2300_gabor_patch_orientation_158_017_090_177_target_position_2_4_retrieval_position_4	3460816	0	2	1338	4	0	1250
MG36HRX	245	Picture	Flicker2	3462154	1338	2	1337	3	1250	1250
MG36HRX	245	Picture	Flicker3	3463491	2675	1	1337	3	2500	1250
MG36HRX	246	Picture	Delay	3464996	0	1	18555	2	0	18420
MG36HRX	247	Picture	1_41_Retrieval_Working_Memory_MEG_P4_LR_Nonsalient_NoChange_CuedRetrieval_retrieval_patch_orientation_177_retrieval_position_4	3483718	0	1	30089	2	0	29920
MG36HRX	247	Response	10	3494553	10835	4
MG36HRX	248	Picture	ITI	3513975	0	1	23068	2	0	22920
MG36HRX	249	Picture	CueingCross	3537210	0	2	3009	3	0	2920
MG36HRX	250	Picture	PrepTime	3540386	0	2	3009	3	0	2920
MG36HRX	251	Picture	1_42_Encoding_Working_Memory_MEG_P4_LR_Nonsalient_DoChange_CuedRetrieval_300_300_399_2050_3000_2150_gabor_patch_orientation_136_113_098_065_target_position_2_3_retrieval_position_3	3543562	0	2	1338	3	0	1250
MG36HRX	251	Picture	Flicker2	3544900	1338	1	1337	2	1250	1250
MG36HRX	251	Picture	Flicker3	3546237	2675	1	1337	2	2500	1250
MG36HRX	252	Picture	Delay	3547742	0	1	20561	2	0	20420
MG36HRX	253	Picture	1_42_Retrieval_Working_Memory_MEG_P4_LR_Nonsalient_DoChange_CuedRetrieval_retrieval_patch_orientation_048_retrieval_position_3	3568470	0	1	30089	2	0	29920
MG36HRX	253	Response	20	3577912	9442	5
MG36HRX	254	Picture	ITI	3598726	0	2	21565	3	0	21420
MG36HRX	255	Picture	CueingCross	3620458	0	1	3009	2	0	2920
MG36HRX	256	Picture	PrepTime	3623634	0	1	3009	2	0	2920
MG36HRX	257	Picture	1_43_Encoding_Working_Memory_MEG_P4_LR_Nonsalient_DoChange_UncuedRetriev_300_300_399_1900_3000_2600_gabor_patch_orientation_038_023_065_096_target_position_1_2_retrieval_position_4	3626810	0	1	1337	2	0	1250
MG36HRX	257	Picture	Flicker2	3628147	1337	1	1338	2	1250	1250
MG36HRX	257	Picture	Flicker3	3629485	2675	1	1337	2	2500	1250
MG36HRX	258	Picture	Delay	3630989	0	1	19057	2	0	18920
MG36HRX	259	Picture	1_43_Retrieval_Working_Memory_MEG_P4_LR_Nonsalient_DoChange_UncuedRetriev_retrieval_patch_orientation_144_retrieval_position_4	3650213	0	1	30089	2	0	29920
MG36HRX	259	Response	20	3669931	19718	4
MG36HRX	260	Picture	ITI	3680469	0	2	26078	3	0	25920
MG36HRX	261	Picture	CueingCross	3706714	0	1	3009	2	0	2920
MG36HRX	262	Picture	PrepTime	3709890	0	1	3009	2	0	2920
MG36HRX	263	Picture	1_44_Encoding_Working_Memory_MEG_P4_LR_Nonsalient_DoChange_CuedRetrieval_300_300_399_2050_3000_2550_gabor_patch_orientation_013_094_124_038_target_position_1_4_retrieval_position_1	3713066	0	2	1338	3	0	1250
MG36HRX	263	Picture	Flicker2	3714404	1338	1	1337	2	1250	1250
MG36HRX	263	Picture	Flicker3	3715741	2675	1	1337	2	2500	1250
MG36HRX	264	Picture	Delay	3717245	0	2	20562	3	0	20420
MG36HRX	265	Picture	1_44_Retrieval_Working_Memory_MEG_P4_LR_Nonsalient_DoChange_CuedRetrieval_retrieval_patch_orientation_063_retrieval_position_1	3737974	0	1	30089	2	0	29920
MG36HRX	265	Response	20	3755790	17816	4
MG36HRX	266	Picture	ITI	3768230	0	2	25576	3	0	25420
MG36HRX	267	Picture	CueingCross	3793974	0	1	3008	3	0	2920
MG36HRX	268	Picture	PrepTime	3797150	0	1	3009	2	0	2920
MG36HRX	269	Picture	1_45_Encoding_Working_Memory_MEG_P4_LR_Nonsalient_NoChange_CuedRetrieval_300_300_399_1900_3000_2350_gabor_patch_orientation_100_127_050_022_target_position_3_4_retrieval_position_4	3800326	0	1	1337	2	0	1250
MG36HRX	269	Picture	Flicker2	3801663	1337	1	1337	2	1250	1250
MG36HRX	269	Picture	Flicker3	3803000	2674	1	1338	2	2500	1250
MG36HRX	270	Picture	Delay	3804505	0	1	19056	3	0	18920
MG36HRX	271	Picture	1_45_Retrieval_Working_Memory_MEG_P4_LR_Nonsalient_NoChange_CuedRetrieval_retrieval_patch_orientation_022_retrieval_position_4	3823729	0	1	30089	2	0	29920
MG36HRX	271	Response	10	3840519	16790	4
MG36HRX	272	Picture	ITI	3853985	0	2	23570	3	0	23420
MG36HRX	273	Picture	CueingCross	3877722	0	2	3009	3	0	2920
MG36HRX	274	Picture	PrepTime	3880899	0	1	3009	2	0	2920
MG36HRX	275	Picture	1_46_Encoding_Working_Memory_MEG_P4_LR_Nonsalient_DoChange_UncuedRetriev_300_300_399_1950_3000_1950_gabor_patch_orientation_132_102_087_152_target_position_1_2_retrieval_position_3	3884075	0	1	1337	2	0	1250
MG36HRX	275	Picture	Flicker2	3885412	1337	1	1337	2	1250	1250
MG36HRX	275	Picture	Flicker3	3886749	2674	1	1338	2	2500	1250
MG36HRX	276	Picture	Delay	3888254	0	6	19558	7	0	19420
MG36HRX	277	Picture	1_46_Retrieval_Working_Memory_MEG_P4_LR_Nonsalient_DoChange_UncuedRetriev_retrieval_patch_orientation_042_retrieval_position_3	3907979	0	1	30090	2	0	29920
MG36HRX	277	Response	20	3917599	9620	3
MG36HRX	278	Picture	ITI	3938236	0	1	19558	2	0	19420
MG36HRX	279	Picture	CueingCross	3957961	0	1	3009	2	0	2920
MG36HRX	280	Picture	PrepTime	3961137	0	1	3009	2	0	2920
MG36HRX	281	Picture	1_47_Encoding_Working_Memory_MEG_P4_LR_Nonsalient_DoChange_CuedRetrieval_300_300_399_1950_3000_2400_gabor_patch_orientation_078_146_099_165_target_position_1_2_retrieval_position_2	3964313	0	1	1337	3	0	1250
MG36HRX	281	Picture	Flicker2	3965650	1337	2	1338	3	1250	1250
MG36HRX	281	Picture	Flicker3	3966988	2675	1	1337	2	2500	1250
MG36HRX	282	Picture	Delay	3968492	0	2	19558	4	0	19420
MG36HRX	283	Picture	1_47_Retrieval_Working_Memory_MEG_P4_LR_Nonsalient_DoChange_CuedRetrieval_retrieval_patch_orientation_009_retrieval_position_2	3988218	0	1	30089	2	0	29920
MG36HRX	283	Response	20	4001188	12970	3
MG36HRX	284	Picture	ITI	4018474	0	1	24072	2	0	23920
MG36HRX	285	Picture	CueingCross	4042713	0	1	3009	2	0	2920
MG36HRX	286	Picture	PrepTime	4045889	0	1	3009	2	0	2920
MG36HRX	287	Picture	1_48_Encoding_Working_Memory_MEG_P4_LR_Nonsalient_NoChange_CuedRetrieval_300_300_399_2250_3000_1950_gabor_patch_orientation_110_133_003_047_target_position_2_4_retrieval_position_4	4049065	0	1	1337	3	0	1250
MG36HRX	287	Picture	Flicker2	4050402	1337	2	1338	3	1250	1250
MG36HRX	287	Picture	Flicker3	4051740	2675	1	1337	2	2500	1250
MG36HRX	288	Picture	Delay	4053244	0	1	22567	2	0	22420
MG36HRX	289	Picture	1_48_Retrieval_Working_Memory_MEG_P4_LR_Nonsalient_NoChange_CuedRetrieval_retrieval_patch_orientation_047_retrieval_position_4	4075978	0	2	30090	3	0	29920
MG36HRX	289	Response	10	4090597	14619	3
MG36HRX	290	Picture	ITI	4106235	0	1	19558	2	0	19420
MG36HRX	291	Picture	CueingCross	4125960	0	2	3009	3	0	2920
MG36HRX	292	Picture	PrepTime	4129136	0	2	3009	4	0	2920
MG36HRX	293	Picture	1_49_Encoding_Working_Memory_MEG_P4_LR_Nonsalient_DoChange_CuedRetrieval_300_300_399_2050_3000_2450_gabor_patch_orientation_035_091_124_014_target_position_1_3_retrieval_position_3	4132313	0	1	1337	2	0	1250
MG36HRX	293	Picture	Flicker2	4133650	1337	1	1337	2	1250	1250
MG36HRX	293	Picture	Flicker3	4134987	2674	1	1337	3	2500	1250
MG36HRX	294	Picture	Delay	4136492	0	1	20561	2	0	20420
MG36HRX	295	Picture	1_49_Retrieval_Working_Memory_MEG_P4_LR_Nonsalient_DoChange_CuedRetrieval_retrieval_patch_orientation_173_retrieval_position_3	4157220	0	1	30089	2	0	29920
MG36HRX	295	Response	20	4165976	8756	3
MG36HRX	296	Picture	ITI	4187477	0	1	24573	2	0	24420
MG36HRX	297	Picture	CueingCross	4212217	0	1	3009	2	0	2920
MG36HRX	298	Picture	PrepTime	4215393	0	1	3009	2	0	2920
MG36HRX	299	Picture	1_50_Encoding_Working_Memory_MEG_P4_LR_Nonsalient_NoChange_CuedRetrieval_300_300_399_2100_3000_2100_gabor_patch_orientation_067_157_034_001_target_position_1_3_retrieval_position_3	4218569	0	1	1337	2	0	1250
MG36HRX	299	Picture	Flicker2	4219906	1337	1	1338	2	1250	1250
MG36HRX	299	Picture	Flicker3	4221244	2675	1	1337	2	2500	1250
MG36HRX	300	Picture	Delay	4222748	0	1	21063	2	0	20920
MG36HRX	301	Picture	1_50_Retrieval_Working_Memory_MEG_P4_LR_Nonsalient_NoChange_CuedRetrieval_retrieval_patch_orientation_034_retrieval_position_3	4243978	0	1	30089	2	0	29920
MG36HRX	301	Response	10	4254455	10477	4
MG36HRX	302	Picture	ITI	4274234	0	2	21063	3	0	20920
MG36HRX	303	Picture	CueingCross	4295464	0	1	3009	2	0	2920
MG36HRX	304	Picture	PrepTime	4298640	0	2	3009	3	0	2920
MG36HRX	305	Picture	1_51_Encoding_Working_Memory_MEG_P4_LR_Nonsalient_NoChange_UncuedRetriev_300_300_399_2100_3000_2200_gabor_patch_orientation_046_178_001_088_target_position_2_3_retrieval_position_4	4301816	0	2	1338	3	0	1250
MG36HRX	305	Picture	Flicker2	4303154	1338	1	1337	2	1250	1250
MG36HRX	305	Picture	Flicker3	4304491	2675	1	1337	2	2500	1250
MG36HRX	306	Picture	Delay	4305996	0	1	21062	2	0	20920
MG36HRX	307	Picture	1_51_Retrieval_Working_Memory_MEG_P4_LR_Nonsalient_NoChange_UncuedRetriev_retrieval_patch_orientation_088_retrieval_position_4	4327225	0	2	30090	3	0	29920
MG36HRX	307	Response	10	4337274	10049	4
MG36HRX	308	Picture	ITI	4357482	0	1	22065	3	0	21920
MG36HRX	309	Picture	CueingCross	4379715	0	1	3009	2	0	2920
MG36HRX	310	Picture	PrepTime	4382891	0	1	3009	2	0	2920
MG36HRX	311	Picture	1_52_Encoding_Working_Memory_MEG_P4_LR_Nonsalient_NoChange_CuedRetrieval_300_300_399_1900_3000_2350_gabor_patch_orientation_112_001_156_129_target_position_1_4_retrieval_position_1	4386067	0	1	1337	2	0	1250
MG36HRX	311	Picture	Flicker2	4387404	1337	1	1337	3	1250	1250
MG36HRX	311	Picture	Flicker3	4388741	2674	2	1338	3	2500	1250
MG36HRX	312	Picture	Delay	4390246	0	1	19057	2	0	18920
MG36HRX	313	Picture	1_52_Retrieval_Working_Memory_MEG_P4_LR_Nonsalient_NoChange_CuedRetrieval_retrieval_patch_orientation_112_retrieval_position_1	4409470	0	1	30089	2	0	29920
MG36HRX	313	Response	10	4421693	12223	4
MG36HRX	314	Picture	ITI	4439726	0	2	23570	4	0	23420
MG36HRX	315	Picture	CueingCross	4463464	0	1	3009	2	0	2920
MG36HRX	316	Picture	PrepTime	4466640	0	1	3009	2	0	2920
MG36HRX	317	Picture	1_53_Encoding_Working_Memory_MEG_P4_LR_Nonsalient_DoChange_CuedRetrieval_300_300_399_2000_3000_2500_gabor_patch_orientation_059_164_044_028_target_position_1_4_retrieval_position_1	4469816	0	1	1337	2	0	1250
MG36HRX	317	Picture	Flicker2	4471153	1337	1	1337	3	1250	1250
MG36HRX	317	Picture	Flicker3	4472490	2674	2	1338	3	2500	1250
MG36HRX	318	Picture	Delay	4473995	0	1	20060	2	0	19920
MG36HRX	319	Picture	1_53_Retrieval_Working_Memory_MEG_P4_LR_Nonsalient_DoChange_CuedRetrieval_retrieval_patch_orientation_011_retrieval_position_1	4494222	0	1	30089	2	0	29920
MG36HRX	319	Response	10	4503552	9330	4
MG36HRX	320	Picture	ITI	4524478	0	2	25075	3	0	24920
MG36HRX	321	Picture	CueingCross	4549720	0	1	3009	2	0	2920
MG36HRX	322	Picture	PrepTime	4552896	0	1	3009	2	0	2920
MG36HRX	323	Picture	1_54_Encoding_Working_Memory_MEG_P4_LR_Nonsalient_NoChange_CuedRetrieval_300_300_399_1950_3000_2250_gabor_patch_orientation_171_130_099_045_target_position_2_4_retrieval_position_2	4556072	0	2	1338	3	0	1250
MG36HRX	323	Picture	Flicker2	4557410	1338	1	1337	2	1250	1250
MG36HRX	323	Picture	Flicker3	4558747	2675	1	1337	2	2500	1250
MG36HRX	324	Picture	Delay	4560251	0	2	19558	4	0	19420
MG36HRX	325	Picture	1_54_Retrieval_Working_Memory_MEG_P4_LR_Nonsalient_NoChange_CuedRetrieval_retrieval_patch_orientation_130_retrieval_position_2	4579977	0	1	30089	2	0	29920
MG36HRX	325	Response	10	4589471	9494	4
MG36HRX	326	Picture	ITI	4610233	0	1	22567	2	0	22420
MG36HRX	327	Picture	CueingCross	4632967	0	2	3009	4	0	2920
MG36HRX	328	Picture	PrepTime	4636144	0	1	3009	2	0	2920
MG36HRX	329	Picture	1_55_Encoding_Working_Memory_MEG_P4_LR_Nonsalient_NoChange_CuedRetrieval_300_300_399_2150_3000_2000_gabor_patch_orientation_025_002_140_070_target_position_1_2_retrieval_position_2	4639320	0	1	1337	2	0	1250
MG36HRX	329	Picture	Flicker2	4640657	1337	1	1337	2	1250	1250
MG36HRX	329	Picture	Flicker3	4641994	2674	1	1338	2	2500	1250
MG36HRX	330	Picture	Delay	4643499	0	1	21564	2	0	21420
MG36HRX	331	Picture	1_55_Retrieval_Working_Memory_MEG_P4_LR_Nonsalient_NoChange_CuedRetrieval_retrieval_patch_orientation_002_retrieval_position_2	4665230	0	1	30089	3	0	29920
MG36HRX	331	Response	20	4679050	13820	4
MG36HRX	332	Picture	ITI	4695487	0	1	20059	2	0	19920
MG36HRX	333	Picture	CueingCross	4715713	0	2	3009	3	0	2920
MG36HRX	334	Picture	PrepTime	4718890	0	1	3008	3	0	2920
MG36HRX	335	Picture	1_56_Encoding_Working_Memory_MEG_P4_LR_Nonsalient_DoChange_CuedRetrieval_300_300_399_2050_3000_2050_gabor_patch_orientation_055_076_037_022_target_position_3_4_retrieval_position_4	4722066	0	1	1337	2	0	1250
MG36HRX	335	Picture	Flicker2	4723403	1337	1	1337	2	1250	1250
MG36HRX	335	Picture	Flicker3	4724740	2674	1	1338	2	2500	1250
MG36HRX	336	Picture	Delay	4726245	0	1	20561	2	0	20420
MG36HRX	337	Picture	1_56_Retrieval_Working_Memory_MEG_P4_LR_Nonsalient_DoChange_CuedRetrieval_retrieval_patch_orientation_161_retrieval_position_4	4746973	0	1	30089	3	0	29920
MG36HRX	337	Response	20	4757450	10477	4
MG36HRX	338	Picture	ITI	4777230	0	1	20561	2	0	20420
MG36HRX	339	Picture	CueingCross	4797958	0	1	3009	2	0	2920
MG36HRX	340	Picture	PrepTime	4801134	0	1	3009	2	0	2920
MG36HRX	341	Picture	1_57_Encoding_Working_Memory_MEG_P4_LR_Nonsalient_DoChange_CuedRetrieval_300_300_399_1900_3000_2200_gabor_patch_orientation_107_078_019_044_target_position_2_3_retrieval_position_3	4804310	0	1	1337	3	0	1250
MG36HRX	341	Picture	Flicker2	4805647	1337	2	1338	3	1250	1250
MG36HRX	341	Picture	Flicker3	4806985	2675	1	1337	2	2500	1250
MG36HRX	342	Picture	Delay	4808489	0	1	19057	2	0	18920
MG36HRX	343	Picture	1_57_Retrieval_Working_Memory_MEG_P4_LR_Nonsalient_DoChange_CuedRetrieval_retrieval_patch_orientation_159_retrieval_position_3	4827713	0	1	30089	3	0	29920
MG36HRX	343	Response	20	4841939	14226	4
MG36HRX	344	Picture	ITI	4857970	0	1	22065	2	0	21920
MG36HRX	345	Picture	CueingCross	4880202	0	2	3009	3	0	2920
MG36HRX	346	Picture	PrepTime	4883379	0	1	3008	3	0	2920
MG36HRX	347	Picture	1_58_Encoding_Working_Memory_MEG_P4_LR_Nonsalient_DoChange_UncuedRetriev_300_300_399_2100_3000_1900_gabor_patch_orientation_017_176_155_126_target_position_1_4_retrieval_position_3	4886555	0	1	1337	2	0	1250
MG36HRX	347	Picture	Flicker2	4887892	1337	1	1337	2	1250	1250
MG36HRX	347	Picture	Flicker3	4889229	2674	1	1338	2	2500	1250
MG36HRX	348	Picture	Delay	4890734	0	1	21062	2	0	20920
MG36HRX	349	Picture	1_58_Retrieval_Working_Memory_MEG_P4_LR_Nonsalient_DoChange_UncuedRetriev_retrieval_patch_orientation_107_retrieval_position_3	4911963	0	2	30090	3	0	29920
MG36HRX	349	Response	10	4919798	7835	3
MG36HRX	350	Picture	ITI	4942220	0	1	19057	2	0	18920
MG36HRX	351	Picture	CueingCross	4961444	0	1	3009	2	0	2920
MG36HRX	352	Picture	PrepTime	4964620	0	1	3009	2	0	2920
MG36HRX	353	Picture	1_59_Encoding_Working_Memory_MEG_P4_LR_Nonsalient_DoChange_CuedRetrieval_300_300_399_1800_3000_1900_gabor_patch_orientation_048_172_001_087_target_position_1_3_retrieval_position_3	4967796	0	1	1337	3	0	1250
MG36HRX	353	Picture	Flicker2	4969133	1337	2	1338	3	1250	1250
MG36HRX	353	Picture	Flicker3	4970471	2675	1	1337	2	2500	1250
MG36HRX	354	Picture	Delay	4971975	0	1	18054	2	0	17920
MG36HRX	355	Picture	1_59_Retrieval_Working_Memory_MEG_P4_LR_Nonsalient_DoChange_CuedRetrieval_retrieval_patch_orientation_137_retrieval_position_3	4990196	0	1	30089	3	0	29920
MG36HRX	355	Response	20	5005057	14861	3
MG36HRX	356	Picture	ITI	5020453	0	1	19056	2	0	18920
MG36HRX	357	Picture	CueingCross	5039676	0	2	3009	3	0	2920
MG36HRX	358	Picture	PrepTime	5042853	0	1	3008	3	0	2920
MG36HRX	359	Picture	1_60_Encoding_Working_Memory_MEG_P4_LR_Nonsalient_NoChange_UncuedRetriev_300_300_399_2250_3000_2250_gabor_patch_orientation_104_048_135_162_target_position_1_2_retrieval_position_4	5046029	0	1	1337	2	0	1250
MG36HRX	359	Picture	Flicker2	5047366	1337	1	1337	2	1250	1250
MG36HRX	359	Picture	Flicker3	5048703	2674	1	1338	2	2500	1250
MG36HRX	360	Picture	Delay	5050208	0	1	22567	2	0	22420
MG36HRX	361	Picture	1_60_Retrieval_Working_Memory_MEG_P4_LR_Nonsalient_NoChange_UncuedRetriev_retrieval_patch_orientation_162_retrieval_position_4	5072942	0	1	30089	3	0	29920
MG36HRX	361	Response	10	5083556	10614	4
MG36HRX	362	Picture	ITI	5103199	0	1	22567	2	0	22420
MG36HRX	363	Picture	CueingCross	5125933	0	2	3009	3	0	2920
MG36HRX	364	Picture	PrepTime	5129109	0	1	3009	2	0	2920
MG36HRX	365	Picture	1_61_Encoding_Working_Memory_MEG_P4_LR_Nonsalient_NoChange_CuedRetrieval_300_300_399_2100_3000_2050_gabor_patch_orientation_020_177_155_036_target_position_1_3_retrieval_position_3	5132285	0	1	1337	2	0	1250
MG36HRX	365	Picture	Flicker2	5133622	1337	1	1338	2	1250	1250
MG36HRX	365	Picture	Flicker3	5134960	2675	1	1337	2	2500	1250
MG36HRX	366	Picture	Delay	5136464	0	1	21063	2	0	20920
MG36HRX	367	Picture	1_61_Retrieval_Working_Memory_MEG_P4_LR_Nonsalient_NoChange_CuedRetrieval_retrieval_patch_orientation_155_retrieval_position_3	5157694	0	1	30089	2	0	29920
MG36HRX	367	Response	10	5168415	10721	4
MG36HRX	368	Picture	ITI	5187950	0	3	20562	4	0	20420
MG36HRX	369	Picture	CueingCross	5208679	0	1	3009	2	0	2920
MG36HRX	370	Picture	PrepTime	5211855	0	1	3009	2	0	2920
MG36HRX	371	Picture	1_62_Encoding_Working_Memory_MEG_P4_LR_Nonsalient_NoChange_CuedRetrieval_300_300_399_2000_3000_1950_gabor_patch_orientation_015_070_180_131_target_position_1_3_retrieval_position_1	5215031	0	1	1337	2	0	1250
MG36HRX	371	Picture	Flicker2	5216368	1337	1	1338	2	1250	1250
MG36HRX	371	Picture	Flicker3	5217706	2675	1	1337	2	2500	1250
MG36HRX	372	Picture	Delay	5219210	0	1	20060	2	0	19920
MG36HRX	373	Picture	1_62_Retrieval_Working_Memory_MEG_P4_LR_Nonsalient_NoChange_CuedRetrieval_retrieval_patch_orientation_015_retrieval_position_1	5239437	0	1	30089	2	0	29920
MG36HRX	373	Response	20	5262154	22717	4
MG36HRX	374	Picture	ITI	5269693	0	2	19559	3	0	19420
MG36HRX	375	Picture	CueingCross	5289419	0	1	3009	2	0	2920
MG36HRX	376	Picture	PrepTime	5292595	0	1	3009	2	0	2920
MG36HRX	377	Picture	1_63_Encoding_Working_Memory_MEG_P4_LR_Nonsalient_DoChange_CuedRetrieval_300_300_399_1850_3000_1950_gabor_patch_orientation_019_164_095_125_target_position_2_3_retrieval_position_3	5295771	0	1	1337	2	0	1250
MG36HRX	377	Picture	Flicker2	5297108	1337	1	1338	2	1250	1250
MG36HRX	377	Picture	Flicker3	5298446	2675	1	1337	2	2500	1250
MG36HRX	378	Picture	Delay	5299950	0	1	18555	2	0	18420
MG36HRX	379	Picture	1_63_Retrieval_Working_Memory_MEG_P4_LR_Nonsalient_DoChange_CuedRetrieval_retrieval_patch_orientation_048_retrieval_position_3	5318672	0	2	30090	3	0	29920
MG36HRX	379	Response	20	5328463	9791	4
MG36HRX	380	Picture	ITI	5348929	0	1	19558	2	0	19420
MG36HRX	381	Picture	CueingCross	5368654	0	2	3009	3	0	2920
MG36HRX	382	Picture	PrepTime	5371830	0	2	3009	3	0	2920
MG36HRX	383	Picture	1_64_Encoding_Working_Memory_MEG_P4_LR_Nonsalient_DoChange_UncuedRetriev_300_300_399_2100_3000_2000_gabor_patch_orientation_147_019_179_128_target_position_3_4_retrieval_position_2	5375007	0	1	1337	2	0	1250
MG36HRX	383	Picture	Flicker2	5376344	1337	1	1337	2	1250	1250
MG36HRX	383	Picture	Flicker3	5377681	2674	1	1337	3	2500	1250
MG36HRX	384	Picture	Delay	5379186	0	1	21062	2	0	20920
MG36HRX	385	Picture	1_64_Retrieval_Working_Memory_MEG_P4_LR_Nonsalient_DoChange_UncuedRetriev_retrieval_patch_orientation_066_retrieval_position_2	5400415	0	2	30090	3	0	29920
MG36HRX	385	Response	20	5409193	8778	3
MG36HRX	386	Picture	ITI	5430672	0	1	20060	2	0	19920
MG36HRX	387	Picture	CueingCross	5450899	0	1	3009	2	0	2920
MG36HRX	388	Picture	PrepTime	5454075	0	1	3009	2	0	2920
MG36HRX	389	Picture	1_65_Encoding_Working_Memory_MEG_P4_LR_Nonsalient_DoChange_CuedRetrieval_300_300_399_1850_3000_1900_gabor_patch_orientation_120_147_064_008_target_position_1_2_retrieval_position_2	5457251	0	1	1337	2	0	1250
MG36HRX	389	Picture	Flicker2	5458588	1337	1	1338	2	1250	1250
MG36HRX	389	Picture	Flicker3	5459926	2675	1	1337	2	2500	1250
MG36HRX	390	Picture	Delay	5461430	0	1	18555	2	0	18420
MG36HRX	391	Picture	1_65_Retrieval_Working_Memory_MEG_P4_LR_Nonsalient_DoChange_CuedRetrieval_retrieval_patch_orientation_098_retrieval_position_2	5480152	0	2	30090	3	0	29920
MG36HRX	391	Response	10	5492122	11970	3
MG36HRX	392	Picture	ITI	5510409	0	1	19057	2	0	18920
MG36HRX	393	Picture	CueingCross	5529633	0	1	3009	2	0	2920
MG36HRX	394	Picture	PrepTime	5532809	0	1	3009	2	0	2920
MG36HRX	395	Picture	1_66_Encoding_Working_Memory_MEG_P4_LR_Nonsalient_DoChange_CuedRetrieval_300_300_399_2200_3000_2450_gabor_patch_orientation_135_097_115_074_target_position_2_3_retrieval_position_3	5535985	0	1	1337	2	0	1250
MG36HRX	395	Picture	Flicker2	5537322	1337	1	1338	2	1250	1250
MG36HRX	395	Picture	Flicker3	5538660	2675	1	1337	2	2500	1250
MG36HRX	396	Picture	Delay	5540164	0	1	22066	2	0	21920
MG36HRX	397	Picture	1_66_Retrieval_Working_Memory_MEG_P4_LR_Nonsalient_DoChange_CuedRetrieval_retrieval_patch_orientation_163_retrieval_position_3	5562397	0	1	30089	2	0	29920
MG36HRX	397	Response	20	5573551	11154	10
MG36HRX	398	Picture	ITI	5592653	0	2	24574	3	0	24420
MG36HRX	399	Picture	CueingCross	5617394	0	1	3009	2	0	2920
MG36HRX	400	Picture	PrepTime	5620570	0	1	3009	2	0	2920
MG36HRX	401	Picture	1_67_Encoding_Working_Memory_MEG_P4_LR_Nonsalient_NoChange_CuedRetrieval_300_300_399_2150_3000_2100_gabor_patch_orientation_042_148_180_067_target_position_2_4_retrieval_position_4	5623746	0	1	1337	3	0	1250
MG36HRX	401	Picture	Flicker2	5625083	1337	2	1338	3	1250	1250
MG36HRX	401	Picture	Flicker3	5626421	2675	1	1337	2	2500	1250
MG36HRX	402	Picture	Delay	5627925	0	1	21564	2	0	21420
MG36HRX	403	Picture	1_67_Retrieval_Working_Memory_MEG_P4_LR_Nonsalient_NoChange_CuedRetrieval_retrieval_patch_orientation_067_retrieval_position_4	5649656	0	2	30090	3	0	29920
MG36HRX	403	Response	10	5664870	15214	3
MG36HRX	404	Picture	ITI	5679913	0	1	21062	3	0	20920
MG36HRX	405	Picture	CueingCross	5701143	0	1	3009	2	0	2920
MG36HRX	406	Picture	PrepTime	5704319	0	1	3009	2	0	2920
MG36HRX	407	Picture	1_68_Encoding_Working_Memory_MEG_P4_LR_Nonsalient_DoChange_CuedRetrieval_300_300_399_1800_3000_2350_gabor_patch_orientation_002_074_039_160_target_position_3_4_retrieval_position_4	5707495	0	1	1337	2	0	1250
MG36HRX	407	Picture	Flicker2	5708832	1337	1	1337	3	1250	1250
MG36HRX	407	Picture	Flicker3	5710169	2674	2	1338	3	2500	1250
MG36HRX	408	Picture	Delay	5711674	0	1	18054	2	0	17920
MG36HRX	409	Picture	1_68_Retrieval_Working_Memory_MEG_P4_LR_Nonsalient_DoChange_CuedRetrieval_retrieval_patch_orientation_114_retrieval_position_4	5729895	0	1	30089	2	0	29920
MG36HRX	409	Response	20	5744259	14364	4
MG36HRX	410	Picture	ITI	5760151	0	2	23570	4	0	23420
MG36HRX	411	Picture	CueingCross	5783889	0	1	3009	2	0	2920
MG36HRX	412	Picture	PrepTime	5787065	0	1	3009	2	0	2920
MG36HRX	413	Picture	1_69_Encoding_Working_Memory_MEG_P4_LR_Nonsalient_NoChange_UncuedRetriev_300_300_399_2200_3000_2150_gabor_patch_orientation_166_036_008_094_target_position_2_3_retrieval_position_1	5790241	0	1	1337	2	0	1250
MG36HRX	413	Picture	Flicker2	5791578	1337	1	1337	3	1250	1250
MG36HRX	413	Picture	Flicker3	5792915	2674	2	1338	3	2500	1250
MG36HRX	414	Picture	Delay	5794420	0	1	22065	3	0	21920
MG36HRX	415	Picture	1_69_Retrieval_Working_Memory_MEG_P4_LR_Nonsalient_NoChange_UncuedRetriev_retrieval_patch_orientation_166_retrieval_position_1	5816653	0	1	30089	2	0	29920
MG36HRX	415	Response	20	5833098	16445	4
MG36HRX	416	Picture	ITI	5846909	0	2	21564	3	0	21420
MG36HRX	417	Picture	CueingCross	5868641	0	1	3008	3	0	2920
MG36HRX	418	Picture	PrepTime	5871817	0	1	3009	2	0	2920
MG36HRX	419	Picture	1_70_Encoding_Working_Memory_MEG_P4_LR_Nonsalient_DoChange_CuedRetrieval_300_300_399_1850_3000_2500_gabor_patch_orientation_140_013_056_123_target_position_3_4_retrieval_position_4	5874993	0	1	1337	2	0	1250
MG36HRX	419	Picture	Flicker2	5876330	1337	1	1337	2	1250	1250
MG36HRX	419	Picture	Flicker3	5877667	2674	1	1338	2	2500	1250
MG36HRX	420	Picture	Delay	5879172	0	1	18555	2	0	18420
MG36HRX	421	Picture	1_70_Retrieval_Working_Memory_MEG_P4_LR_Nonsalient_DoChange_CuedRetrieval_retrieval_patch_orientation_075_retrieval_position_4	5897894	0	1	30090	2	0	29920
MG36HRX	421	Response	20	5911427	13533	4
MG36HRX	422	Picture	ITI	5928151	0	1	25074	2	0	24920
MG36HRX	423	Picture	BaselinePost	5953392	0	2	50150	3	0	50000
