Scenario - ATWM1_Working_Memory_MEG_salient_cued_instruction
Logfile written - 02/10/2016 17:02:38

Subject	Trial	Event Type	Code	Time	TTime	Uncertainty	Duration	Uncertainty	ReqTime	ReqDur

MG36HRX	1	Picture	Instruction_S_C	29	0	1	100131	2	0	100000
MG36HRX	2	Picture	Instruction2	100327	0	1	100131	2	0	100000
MG36HRX	3	Picture	Instruction3	200625	0	2	16884	3	0	resp
MG36HRX	3	Response	10	217455	16830	3
MG36HRX	4	Picture	Instruction4	237569	0	1	6686	2	0	resp
MG36HRX	4	Response	20	244204	6635	4
MG36HRX	5	Picture	Instruction5	264315	0	1	5182	2	0	resp
MG36HRX	5	Response	10	269354	5039	4
MG36HRX	6	Picture	Instruction4	289389	0	1	4346	3	0	resp
MG36HRX	6	Response	20	293694	4305	3
MG36HRX	7	Picture	Instruction3	313795	0	1	3342	4	0	resp
MG36HRX	7	Response	10	317043	3248	4
MG36HRX	8	Picture	Instruction4	337198	0	1	3009	3	0	resp
MG36HRX	8	Response	20	340163	2965	4
MG36HRX	9	Picture	Instruction_S_C_TestTrials	360267	0	1	100131	2	0	100000
MG36HRX	10	Picture	BaselinePre	460565	0	1	20059	3	0	20000
MG36HRX	11	Picture	CueingCross	480792	0	1	3009	2	0	2920
MG36HRX	12	Picture	PrepTime	483968	0	1	3009	2	0	2920
MG36HRX	13	Picture	1_1_Encoding_Working_Memory_MEG_P4_LR_Salient_NoChange_CuedRetrieval_300_300_399_1750_3000_2000_gabor_patch_orientation_074_045_112_001_target_position_3_4_retrieval_position_3	487144	0	1	1337	2	0	1250
MG36HRX	13	Picture	Flicker2	488481	1337	1	1337	3	1250	1250
MG36HRX	13	Picture	Flicker3	489818	2674	2	1338	3	2500	1250
MG36HRX	14	Picture	Delay	491323	0	1	17552	2	0	17420
MG36HRX	15	Picture	1_1_Retrieval_Working_Memory_MEG_P4_LR_Salient_NoChange_CuedRetrieval_retrieval_patch_orientation_112_retrieval_position_3	509042	0	2	30090	3	0	29920
MG36HRX	15	Response	10	519261	10219	4
MG36HRX	16	Picture	ITI	559191	0	2	20060	3	0	19920
MG36HRX	17	Picture	CueingCross	579418	0	1	3009	2	0	2920
MG36HRX	18	Picture	PrepTime	582594	0	1	3009	2	0	2920
MG36HRX	19	Picture	1_2_Encoding_Working_Memory_MEG_P4_LR_Salient_DoChange_CuedRetrieval_300_300_399_1850_3000_2050_gabor_patch_orientation_162_010_088_026_target_position_1_3_retrieval_position_3	585770	0	2	1338	3	0	1250
MG36HRX	19	Picture	Flicker2	587108	1338	1	1337	2	1250	1250
MG36HRX	19	Picture	Flicker3	588445	2675	1	1337	2	2500	1250
MG36HRX	20	Picture	Delay	589949	0	2	18556	3	0	18420
MG36HRX	21	Picture	1_2_Retrieval_Working_Memory_MEG_P4_LR_Salient_DoChange_CuedRetrieval_retrieval_patch_orientation_137_retrieval_position_3	608672	0	1	30089	2	0	29920
MG36HRX	21	Response	20	617070	8398	4
MG36HRX	22	Picture	ITI	658821	0	1	20561	2	0	20420
MG36HRX	23	Picture	CueingCross	679549	0	1	3009	2	0	2920
MG36HRX	24	Picture	PrepTime	682724	0	2	3010	3	0	2920
MG36HRX	25	Picture	1_3_Encoding_Working_Memory_MEG_P4_LR_Salient_DoChange_CuedRetrieval_300_300_399_1900_3000_1900_gabor_patch_orientation_097_031_151_069_target_position_2_3_retrieval_position_3	685901	0	2	1338	3	0	1250
MG36HRX	25	Picture	Flicker2	687239	1338	1	1337	2	1250	1250
MG36HRX	25	Picture	Flicker3	688576	2675	1	1337	2	2500	1250
MG36HRX	26	Picture	Delay	690080	0	2	19057	3	0	18920
MG36HRX	27	Picture	1_3_Retrieval_Working_Memory_MEG_P4_LR_Salient_DoChange_CuedRetrieval_retrieval_patch_orientation_014_retrieval_position_3	709304	0	1	30090	2	0	29920
MG36HRX	27	Response	20	719439	10135	4
MG36HRX	28	Picture	ITI	759453	0	2	19057	3	0	18920
MG36HRX	29	Picture	CueingCross	778677	0	1	3009	2	0	2920
MG36HRX	30	Picture	PrepTime	781853	0	1	3009	2	0	2920
MG36HRX	31	Picture	1_4_Encoding_Working_Memory_MEG_P4_LR_Salient_NoChange_CuedRetrieval_300_300_399_1800_3000_1950_gabor_patch_orientation_079_046_151_110_target_position_2_3_retrieval_position_2	785029	0	2	1338	3	0	1250
MG36HRX	31	Picture	Flicker2	786367	1338	1	1337	2	1250	1250
MG36HRX	31	Picture	Flicker3	787704	2675	1	1337	2	2500	1250
MG36HRX	32	Picture	Delay	789208	0	2	18054	3	0	17920
MG36HRX	33	Picture	1_4_Retrieval_Working_Memory_MEG_P4_LR_Salient_NoChange_CuedRetrieval_retrieval_patch_orientation_046_retrieval_position_2	807429	0	1	30090	2	0	29920
MG36HRX	33	Response	10	819588	12159	4
MG36HRX	34	Picture	ITI	857578	0	2	19558	4	0	19420
MG36HRX	35	Picture	BaselinePost	877304	0	1	20059	2	0	20000
MG36HRX	36	Picture	Instruction_S_C	897530	0	2	50149	4	0	50000
