Scenario - ATWM1_Working_Memory_MEG_salient_uncued_run1
Logfile written - 02/10/2016 16:44:01

Subject	Trial	Event Type	Code	Time	TTime	Uncertainty	Duration	Uncertainty	ReqTime	ReqDur

MG36HRX	1	Picture	ExpStart	29	0	1	10030	2	0	10000
MG36HRX	2	Picture	BaselinePre	10226	0	1	100131	2	0	100000
MG36HRX	3	Picture	CueingCross	110524	0	2	3009	3	0	2920
MG36HRX	4	Picture	PrepTime	113700	0	2	3009	3	0	2920
MG36HRX	5	Picture	1_1_Encoding_Working_Memory_MEG_P4_LR_Salient_NoChange_CuedRetrieval_300_300_399_1850_3000_2400_gabor_patch_orientation_170_104_043_148_target_position_1_4_retrieval_position_1	116876	0	2	1338	3	0	1250
MG36HRX	5	Picture	Flicker2	118214	1338	1	1337	2	1250	1250
MG36HRX	5	Picture	Flicker3	119551	2675	1	1337	3	2500	1250
MG36HRX	6	Picture	Delay	121056	0	1	18555	2	0	18420
MG36HRX	7	Picture	1_1_Retrieval_Working_Memory_MEG_P4_LR_Salient_NoChange_CuedRetrieval_retrieval_patch_orientation_170_retrieval_position_1	139778	0	1	30089	2	0	29920
MG36HRX	7	Response	10	153025	13247	3
MG36HRX	8	Picture	ITI	170035	0	1	24071	2	0	23920
MG36HRX	9	Picture	CueingCross	194273	0	1	3009	2	0	2920
MG36HRX	10	Picture	PrepTime	197449	0	2	3009	3	0	2920
MG36HRX	11	Picture	1_2_Encoding_Working_Memory_MEG_P4_LR_Salient_DoChange_CuedRetrieval_300_300_399_2200_3000_2200_gabor_patch_orientation_126_065_037_144_target_position_1_4_retrieval_position_4	200625	0	2	1338	3	0	1250
MG36HRX	11	Picture	Flicker2	201963	1338	1	1337	2	1250	1250
MG36HRX	11	Picture	Flicker3	203300	2675	1	1337	2	2500	1250
MG36HRX	12	Picture	Delay	204805	0	1	22065	2	0	21920
MG36HRX	13	Picture	1_2_Retrieval_Working_Memory_MEG_P4_LR_Salient_DoChange_CuedRetrieval_retrieval_patch_orientation_097_retrieval_position_4	227037	0	2	30090	3	0	29920
MG36HRX	13	Response	20	237594	10557	3
MG36HRX	14	Picture	ITI	257294	0	1	22065	3	0	21920
MG36HRX	15	Picture	CueingCross	279527	0	1	3009	2	0	2920
MG36HRX	16	Picture	PrepTime	282703	0	1	3009	2	0	2920
MG36HRX	17	Picture	1_3_Encoding_Working_Memory_MEG_P4_LR_Salient_DoChange_CuedRetrieval_300_300_399_1800_3000_1950_gabor_patch_orientation_146_063_098_172_target_position_2_3_retrieval_position_2	285879	0	1	1337	2	0	1250
MG36HRX	17	Picture	Flicker2	287216	1337	1	1338	2	1250	1250
MG36HRX	17	Picture	Flicker3	288554	2675	1	1337	2	2500	1250
MG36HRX	18	Picture	Delay	290058	0	1	18054	2	0	17920
MG36HRX	19	Picture	1_3_Retrieval_Working_Memory_MEG_P4_LR_Salient_DoChange_CuedRetrieval_retrieval_patch_orientation_018_retrieval_position_2	308279	0	1	30089	2	0	29920
MG36HRX	19	Response	20	317123	8844	4
MG36HRX	20	Picture	ITI	338535	0	2	19559	3	0	19420
MG36HRX	21	Picture	CueingCross	358261	0	1	3009	2	0	2920
MG36HRX	22	Picture	PrepTime	361437	0	1	3009	2	0	2920
MG36HRX	23	Picture	1_4_Encoding_Working_Memory_MEG_P4_LR_Salient_NoChange_CuedRetrieval_300_300_399_2250_3000_2400_gabor_patch_orientation_034_153_011_075_target_position_2_4_retrieval_position_4	364613	0	1	1337	2	0	1250
MG36HRX	23	Picture	Flicker2	365950	1337	1	1338	2	1250	1250
MG36HRX	23	Picture	Flicker3	367288	2675	1	1337	2	2500	1250
MG36HRX	24	Picture	Delay	368792	0	1	22567	2	0	22420
MG36HRX	25	Picture	1_4_Retrieval_Working_Memory_MEG_P4_LR_Salient_NoChange_CuedRetrieval_retrieval_patch_orientation_075_retrieval_position_4	391526	0	2	30090	3	0	29920
MG36HRX	25	Response	10	409252	17726	3
MG36HRX	26	Picture	ITI	421783	0	1	24071	3	0	23920
MG36HRX	27	Picture	CueingCross	446022	0	1	3009	2	0	2920
MG36HRX	28	Picture	PrepTime	449198	0	1	3009	2	0	2920
MG36HRX	29	Picture	1_5_Encoding_Working_Memory_MEG_P4_LR_Salient_NoChange_CuedRetrieval_300_300_399_2200_3000_1950_gabor_patch_orientation_132_075_164_009_target_position_1_2_retrieval_position_2	452374	0	1	1337	2	0	1250
MG36HRX	29	Picture	Flicker2	453711	1337	1	1337	3	1250	1250
MG36HRX	29	Picture	Flicker3	455048	2674	2	1338	3	2500	1250
MG36HRX	30	Picture	Delay	456553	0	1	22066	2	0	21920
MG36HRX	31	Picture	1_5_Retrieval_Working_Memory_MEG_P4_LR_Salient_NoChange_CuedRetrieval_retrieval_patch_orientation_075_retrieval_position_2	478786	0	1	30089	2	0	29920
MG36HRX	31	Response	10	491001	12215	4
MG36HRX	32	Picture	ITI	509042	0	2	19558	4	0	19420
MG36HRX	33	Picture	CueingCross	528768	0	1	3009	2	0	2920
MG36HRX	34	Picture	PrepTime	531944	0	1	3009	2	0	2920
MG36HRX	35	Picture	1_6_Encoding_Working_Memory_MEG_P4_LR_Salient_NoChange_CuedRetrieval_300_300_399_2150_3000_2200_gabor_patch_orientation_005_084_033_165_target_position_1_4_retrieval_position_4	535120	0	1	1337	2	0	1250
MG36HRX	35	Picture	Flicker2	536457	1337	1	1337	3	1250	1250
MG36HRX	35	Picture	Flicker3	537794	2674	2	1338	3	2500	1250
MG36HRX	36	Picture	Delay	539299	0	1	21564	2	0	21420
MG36HRX	37	Picture	1_6_Retrieval_Working_Memory_MEG_P4_LR_Salient_NoChange_CuedRetrieval_retrieval_patch_orientation_165_retrieval_position_4	561030	0	1	30090	2	0	29920
MG36HRX	37	Response	20	583050	22020	4
MG36HRX	38	Picture	ITI	591287	0	1	22065	2	0	21920
MG36HRX	39	Picture	CueingCross	613520	0	1	3008	3	0	2920
MG36HRX	40	Picture	PrepTime	616696	0	1	3009	2	0	2920
MG36HRX	41	Picture	1_7_Encoding_Working_Memory_MEG_P4_LR_Salient_NoChange_CuedRetrieval_300_300_399_1850_3000_2450_gabor_patch_orientation_128_045_095_011_target_position_1_4_retrieval_position_1	619872	0	1	1337	2	0	1250
MG36HRX	41	Picture	Flicker2	621209	1337	1	1337	2	1250	1250
MG36HRX	41	Picture	Flicker3	622546	2674	1	1338	2	2500	1250
MG36HRX	42	Picture	Delay	624051	0	1	18555	2	0	18420
MG36HRX	43	Picture	1_7_Retrieval_Working_Memory_MEG_P4_LR_Salient_NoChange_CuedRetrieval_retrieval_patch_orientation_128_retrieval_position_1	642773	0	1	30090	2	0	29920
MG36HRX	43	Response	10	653979	11206	4
MG36HRX	44	Picture	ITI	673030	0	1	24573	2	0	24420
MG36HRX	45	Picture	CueingCross	697770	0	1	3009	2	0	2920
MG36HRX	46	Picture	PrepTime	700946	0	1	3009	2	0	2920
MG36HRX	47	Picture	1_8_Encoding_Working_Memory_MEG_P4_LR_Salient_NoChange_UncuedRetriev_300_300_399_2050_3000_1900_gabor_patch_orientation_030_090_110_047_target_position_1_4_retrieval_position_3	704122	0	1	1338	2	0	1250
MG36HRX	47	Picture	Flicker2	705460	1338	1	1337	2	1250	1250
MG36HRX	47	Picture	Flicker3	706797	2675	1	1337	2	2500	1250
MG36HRX	48	Picture	Delay	708301	0	2	20561	4	0	20420
MG36HRX	49	Picture	1_8_Retrieval_Working_Memory_MEG_P4_LR_Salient_NoChange_UncuedRetriev_retrieval_patch_orientation_110_retrieval_position_3	729030	0	1	30089	2	0	29920
MG36HRX	49	Response	10	744968	15938	4
MG36HRX	50	Picture	ITI	759286	0	2	19057	3	0	18920
MG36HRX	51	Picture	CueingCross	778510	0	1	3009	2	0	2920
MG36HRX	52	Picture	PrepTime	781686	0	1	3009	2	0	2920
MG36HRX	53	Picture	1_9_Encoding_Working_Memory_MEG_P4_LR_Salient_DoChange_CuedRetrieval_300_300_399_1950_3000_2200_gabor_patch_orientation_065_093_031_150_target_position_1_2_retrieval_position_1	784862	0	1	1338	2	0	1250
MG36HRX	53	Picture	Flicker2	786200	1338	1	1337	2	1250	1250
MG36HRX	53	Picture	Flicker3	787537	2675	1	1337	2	2500	1250
MG36HRX	54	Picture	Delay	789041	0	2	19558	4	0	19420
MG36HRX	55	Picture	1_9_Retrieval_Working_Memory_MEG_P4_LR_Salient_DoChange_CuedRetrieval_retrieval_patch_orientation_112_retrieval_position_1	808767	0	1	30089	2	0	29920
MG36HRX	55	Response	20	821917	13150	4
MG36HRX	56	Picture	ITI	839022	0	3	22067	4	0	21920
MG36HRX	57	Picture	CueingCross	861256	0	1	3009	2	0	2920
MG36HRX	58	Picture	PrepTime	864432	0	1	3009	2	0	2920
MG36HRX	59	Picture	1_10_Encoding_Working_Memory_MEG_P4_LR_Salient_DoChange_CuedRetrieval_300_300_399_2100_3000_1950_gabor_patch_orientation_126_081_100_155_target_position_1_3_retrieval_position_1	867608	0	1	1338	2	0	1250
MG36HRX	59	Picture	Flicker2	868946	1338	1	1337	2	1250	1250
MG36HRX	59	Picture	Flicker3	870283	2675	1	1337	2	2500	1250
MG36HRX	60	Picture	Delay	871787	0	2	21063	3	0	20920
MG36HRX	61	Picture	1_10_Retrieval_Working_Memory_MEG_P4_LR_Salient_DoChange_CuedRetrieval_retrieval_patch_orientation_171_retrieval_position_1	893017	0	1	30090	2	0	29920
MG36HRX	61	Response	20	904117	11100	3
MG36HRX	62	Picture	ITI	923274	0	1	19558	2	0	19420
MG36HRX	63	Picture	CueingCross	942999	0	1	3009	2	0	2920
MG36HRX	64	Picture	PrepTime	946175	0	1	3009	2	0	2920
MG36HRX	65	Picture	1_11_Encoding_Working_Memory_MEG_P4_LR_Salient_DoChange_CuedRetrieval_300_300_399_1800_3000_2350_gabor_patch_orientation_138_086_157_111_target_position_1_2_retrieval_position_1	949351	0	1	1338	2	0	1250
MG36HRX	65	Picture	Flicker2	950689	1338	1	1337	2	1250	1250
MG36HRX	65	Picture	Flicker3	952026	2675	1	1337	2	2500	1250
MG36HRX	66	Picture	Delay	953530	0	2	18054	3	0	17920
MG36HRX	67	Picture	1_11_Retrieval_Working_Memory_MEG_P4_LR_Salient_DoChange_CuedRetrieval_retrieval_patch_orientation_003_retrieval_position_1	971751	0	1	30090	2	0	29920
MG36HRX	67	Response	20	979846	8095	3
MG36HRX	68	Picture	ITI	1002008	0	1	23570	2	0	23420
MG36HRX	69	Picture	CueingCross	1025745	0	1	3009	2	0	2920
MG36HRX	70	Picture	PrepTime	1028921	0	1	3009	2	0	2920
MG36HRX	71	Picture	1_12_Encoding_Working_Memory_MEG_P4_LR_Salient_NoChange_UncuedRetriev_300_300_399_1900_3000_2550_gabor_patch_orientation_097_008_178_064_target_position_1_2_retrieval_position_3	1032097	0	1	1337	3	0	1250
MG36HRX	71	Picture	Flicker2	1033434	1337	2	1337	4	1250	1250
MG36HRX	71	Picture	Flicker3	1034771	2674	2	1338	3	2500	1250
MG36HRX	72	Picture	Delay	1036276	0	2	19057	3	0	18920
MG36HRX	73	Picture	1_12_Retrieval_Working_Memory_MEG_P4_LR_Salient_NoChange_UncuedRetriev_retrieval_patch_orientation_178_retrieval_position_3	1055500	0	1	30090	2	0	29920
MG36HRX	73	Response	10	1068945	13445	3
MG36HRX	74	Picture	ITI	1085757	0	1	25576	2	0	25420
MG36HRX	75	Picture	CueingCross	1111500	0	1	3009	2	0	2920
MG36HRX	76	Picture	PrepTime	1114676	0	1	3009	2	0	2920
MG36HRX	77	Picture	1_13_Encoding_Working_Memory_MEG_P4_LR_Salient_NoChange_CuedRetrieval_300_300_399_2150_3000_2600_gabor_patch_orientation_168_123_083_012_target_position_1_2_retrieval_position_1	1117852	0	1	1337	3	0	1250
MG36HRX	77	Picture	Flicker2	1119189	1337	2	1338	3	1250	1250
MG36HRX	77	Picture	Flicker3	1120527	2675	1	1337	2	2500	1250
MG36HRX	78	Picture	Delay	1122031	0	1	21564	2	0	21420
MG36HRX	79	Picture	1_13_Retrieval_Working_Memory_MEG_P4_LR_Salient_NoChange_CuedRetrieval_retrieval_patch_orientation_168_retrieval_position_1	1143762	0	2	30090	3	0	29920
MG36HRX	79	Response	10	1158484	14722	3
MG36HRX	80	Picture	ITI	1174019	0	1	26078	2	0	25920
MG36HRX	81	Picture	CueingCross	1200264	0	1	3009	2	0	2920
MG36HRX	82	Picture	PrepTime	1203440	0	1	3009	2	0	2920
MG36HRX	83	Picture	1_14_Encoding_Working_Memory_MEG_P4_LR_Salient_DoChange_CuedRetrieval_300_300_399_1800_3000_1950_gabor_patch_orientation_094_159_054_128_target_position_2_3_retrieval_position_2	1206616	0	1	1337	2	0	1250
MG36HRX	83	Picture	Flicker2	1207953	1337	1	1338	2	1250	1250
MG36HRX	83	Picture	Flicker3	1209291	2675	1	1337	2	2500	1250
MG36HRX	84	Picture	Delay	1210795	0	1	18054	2	0	17920
MG36HRX	85	Picture	1_14_Retrieval_Working_Memory_MEG_P4_LR_Salient_DoChange_CuedRetrieval_retrieval_patch_orientation_020_retrieval_position_2	1229016	0	1	30089	2	0	29920
MG36HRX	85	Response	20	1243283	14267	3
MG36HRX	86	Picture	ITI	1259272	0	2	19559	3	0	19420
MG36HRX	87	Picture	CueingCross	1278998	0	1	3009	2	0	2920
MG36HRX	88	Picture	PrepTime	1282174	0	1	3009	2	0	2920
MG36HRX	89	Picture	1_15_Encoding_Working_Memory_MEG_P4_LR_Salient_DoChange_UncuedRetriev_300_300_399_1750_3000_2500_gabor_patch_orientation_038_071_021_099_target_position_2_4_retrieval_position_1	1285350	0	1	1337	2	0	1250
MG36HRX	89	Picture	Flicker2	1286687	1337	1	1338	2	1250	1250
MG36HRX	89	Picture	Flicker3	1288025	2675	1	1337	2	2500	1250
MG36HRX	90	Picture	Delay	1289529	0	1	17552	2	0	17420
MG36HRX	91	Picture	1_15_Retrieval_Working_Memory_MEG_P4_LR_Salient_DoChange_UncuedRetriev_retrieval_patch_orientation_177_retrieval_position_1	1307248	0	2	30090	3	0	29920
MG36HRX	91	Response	20	1320162	12914	4
MG36HRX	92	Picture	ITI	1337505	0	1	25075	2	0	24920
MG36HRX	93	Picture	CueingCross	1362747	0	1	3009	2	0	2920
MG36HRX	94	Picture	PrepTime	1365923	0	1	3009	2	0	2920
MG36HRX	95	Picture	1_16_Encoding_Working_Memory_MEG_P4_LR_Salient_NoChange_CuedRetrieval_300_300_399_2150_3000_2350_gabor_patch_orientation_122_060_145_082_target_position_1_3_retrieval_position_1	1369099	0	1	1337	2	0	1250
MG36HRX	95	Picture	Flicker2	1370436	1337	1	1338	2	1250	1250
MG36HRX	95	Picture	Flicker3	1371774	2675	1	1337	2	2500	1250
MG36HRX	96	Picture	Delay	1373278	0	1	21564	2	0	21420
MG36HRX	97	Picture	1_16_Retrieval_Working_Memory_MEG_P4_LR_Salient_NoChange_CuedRetrieval_retrieval_patch_orientation_122_retrieval_position_1	1395009	0	2	30090	3	0	29920
MG36HRX	97	Response	10	1404881	9872	4
MG36HRX	98	Picture	ITI	1425266	0	1	23570	2	0	23420
MG36HRX	99	Picture	CueingCross	1449003	0	1	3009	2	0	2920
MG36HRX	100	Picture	PrepTime	1452179	0	2	3009	3	0	2920
MG36HRX	101	Picture	1_17_Encoding_Working_Memory_MEG_P4_LR_Salient_DoChange_CuedRetrieval_300_300_399_1900_3000_2300_gabor_patch_orientation_115_048_095_154_target_position_1_2_retrieval_position_1	1455355	0	2	1338	3	0	1250
MG36HRX	101	Picture	Flicker2	1456693	1338	1	1337	2	1250	1250
MG36HRX	101	Picture	Flicker3	1458030	2675	1	1337	2	2500	1250
MG36HRX	102	Picture	Delay	1459534	0	2	19057	3	0	18920
MG36HRX	103	Picture	1_17_Retrieval_Working_Memory_MEG_P4_LR_Salient_DoChange_CuedRetrieval_retrieval_patch_orientation_069_retrieval_position_1	1478758	0	2	30090	3	0	29920
MG36HRX	103	Response	20	1497420	18662	4
MG36HRX	104	Picture	ITI	1509015	0	1	23069	2	0	22920
MG36HRX	105	Picture	CueingCross	1532251	0	1	3009	2	0	2920
MG36HRX	106	Picture	PrepTime	1535427	0	1	3009	2	0	2920
MG36HRX	107	Picture	1_18_Encoding_Working_Memory_MEG_P4_LR_Salient_NoChange_CuedRetrieval_300_300_399_2250_3000_2150_gabor_patch_orientation_113_160_002_077_target_position_3_4_retrieval_position_3	1538603	0	1	1337	2	0	1250
MG36HRX	107	Picture	Flicker2	1539940	1337	1	1337	3	1250	1250
MG36HRX	107	Picture	Flicker3	1541277	2674	2	1338	3	2500	1250
MG36HRX	108	Picture	Delay	1542782	0	1	22567	2	0	22420
MG36HRX	109	Picture	1_18_Retrieval_Working_Memory_MEG_P4_LR_Salient_NoChange_CuedRetrieval_retrieval_patch_orientation_002_retrieval_position_3	1565516	0	2	30090	3	0	29920
MG36HRX	109	Response	10	1580739	15223	4
MG36HRX	110	Picture	ITI	1595773	0	1	21564	2	0	21420
MG36HRX	111	Picture	CueingCross	1617504	0	1	3009	2	0	2920
MG36HRX	112	Picture	PrepTime	1620680	0	1	3009	2	0	2920
MG36HRX	113	Picture	1_19_Encoding_Working_Memory_MEG_P4_LR_Salient_DoChange_CuedRetrieval_300_300_399_1800_3000_2250_gabor_patch_orientation_120_089_141_156_target_position_2_3_retrieval_position_3	1623856	0	2	1338	3	0	1250
MG36HRX	113	Picture	Flicker2	1625194	1338	1	1337	2	1250	1250
MG36HRX	113	Picture	Flicker3	1626531	2675	1	1337	2	2500	1250
MG36HRX	114	Picture	Delay	1628035	0	2	18054	3	0	17920
MG36HRX	115	Picture	1_19_Retrieval_Working_Memory_MEG_P4_LR_Salient_DoChange_CuedRetrieval_retrieval_patch_orientation_001_retrieval_position_3	1646256	0	1	30090	2	0	29920
MG36HRX	115	Response	20	1655779	9523	3
MG36HRX	116	Picture	ITI	1676513	0	1	22567	2	0	22420
MG36HRX	117	Picture	CueingCross	1699247	0	1	3009	2	0	2920
MG36HRX	118	Picture	PrepTime	1702423	0	1	3009	3	0	2920
MG36HRX	119	Picture	1_20_Encoding_Working_Memory_MEG_P4_LR_Salient_DoChange_CuedRetrieval_300_300_399_2000_3000_2100_gabor_patch_orientation_006_028_068_089_target_position_3_4_retrieval_position_4	1705599	0	2	1338	3	0	1250
MG36HRX	119	Picture	Flicker2	1706937	1338	1	1337	2	1250	1250
MG36HRX	119	Picture	Flicker3	1708274	2675	1	1337	2	2500	1250
MG36HRX	120	Picture	Delay	1709778	0	2	20060	3	0	19920
MG36HRX	121	Picture	1_20_Retrieval_Working_Memory_MEG_P4_LR_Salient_DoChange_CuedRetrieval_retrieval_patch_orientation_139_retrieval_position_4	1730005	0	1	30090	2	0	29920
MG36HRX	121	Response	20	1740968	10963	3
MG36HRX	122	Picture	ITI	1760262	0	1	21062	3	0	20920
MG36HRX	123	Picture	CueingCross	1781492	0	1	3009	2	0	2920
MG36HRX	124	Picture	PrepTime	1784668	0	1	3009	2	0	2920
MG36HRX	125	Picture	1_21_Encoding_Working_Memory_MEG_P4_LR_Salient_DoChange_CuedRetrieval_300_300_399_2250_3000_2000_gabor_patch_orientation_036_160_017_125_target_position_2_4_retrieval_position_4	1787844	0	1	1337	2	0	1250
MG36HRX	125	Picture	Flicker2	1789181	1337	1	1337	3	1250	1250
MG36HRX	125	Picture	Flicker3	1790518	2674	2	1338	3	2500	1250
MG36HRX	126	Picture	Delay	1792023	0	1	22567	2	0	22420
MG36HRX	127	Picture	1_21_Retrieval_Working_Memory_MEG_P4_LR_Salient_DoChange_CuedRetrieval_retrieval_patch_orientation_078_retrieval_position_4	1814757	0	1	30090	2	0	29920
MG36HRX	127	Response	20	1825857	11100	3
MG36HRX	128	Picture	ITI	1845014	0	1	20059	3	0	19920
MG36HRX	129	Picture	CueingCross	1865241	0	1	3009	2	0	2920
MG36HRX	130	Picture	PrepTime	1868417	0	1	3009	2	0	2920
MG36HRX	131	Picture	1_22_Encoding_Working_Memory_MEG_P4_LR_Salient_NoChange_CuedRetrieval_300_300_399_1850_3000_2150_gabor_patch_orientation_164_118_143_009_target_position_2_4_retrieval_position_4	1871593	0	1	1337	2	0	1250
MG36HRX	131	Picture	Flicker2	1872930	1337	1	1337	2	1250	1250
MG36HRX	131	Picture	Flicker3	1874267	2674	1	1338	2	2500	1250
MG36HRX	132	Picture	Delay	1875772	0	1	18555	2	0	18420
MG36HRX	133	Picture	1_22_Retrieval_Working_Memory_MEG_P4_LR_Salient_NoChange_CuedRetrieval_retrieval_patch_orientation_009_retrieval_position_4	1894494	0	1	30090	2	0	29920
MG36HRX	133	Response	20	1905936	11442	3
MG36HRX	134	Picture	ITI	1924751	0	1	21564	2	0	21420
MG36HRX	135	Picture	CueingCross	1946482	0	1	3009	2	0	2920
MG36HRX	136	Picture	PrepTime	1949658	0	1	3009	2	0	2920
MG36HRX	137	Picture	1_23_Encoding_Working_Memory_MEG_P4_LR_Salient_DoChange_UncuedRetriev_300_300_399_1750_3000_2350_gabor_patch_orientation_052_160_096_075_target_position_1_2_retrieval_position_3	1952834	0	2	1338	3	0	1250
MG36HRX	137	Picture	Flicker2	1954172	1338	1	1337	2	1250	1250
MG36HRX	137	Picture	Flicker3	1955509	2675	1	1337	2	2500	1250
MG36HRX	138	Picture	Delay	1957013	0	2	17553	3	0	17420
MG36HRX	139	Picture	1_23_Retrieval_Working_Memory_MEG_P4_LR_Salient_DoChange_UncuedRetriev_retrieval_patch_orientation_141_retrieval_position_3	1974733	0	1	30089	2	0	29920
MG36HRX	139	Response	20	1984535	9802	4
MG36HRX	140	Picture	ITI	2004989	0	2	23570	3	0	23420
MG36HRX	141	Picture	CueingCross	2028727	0	1	3009	2	0	2920
MG36HRX	142	Picture	PrepTime	2031903	0	1	3009	2	0	2920
MG36HRX	143	Picture	1_24_Encoding_Working_Memory_MEG_P4_LR_Salient_DoChange_CuedRetrieval_300_300_399_1900_3000_2000_gabor_patch_orientation_157_045_114_074_target_position_2_4_retrieval_position_4	2035079	0	1	1337	2	0	1250
MG36HRX	143	Picture	Flicker2	2036416	1337	1	1337	3	1250	1250
MG36HRX	143	Picture	Flicker3	2037753	2674	2	1338	3	2500	1250
MG36HRX	144	Picture	Delay	2039258	0	1	19057	2	0	18920
MG36HRX	145	Picture	1_24_Retrieval_Working_Memory_MEG_P4_LR_Salient_DoChange_CuedRetrieval_retrieval_patch_orientation_028_retrieval_position_4	2058482	0	1	30089	2	0	29920
MG36HRX	145	Response	10	2074374	15892	4
MG36HRX	146	Picture	ITI	2088738	0	2	20060	3	0	19920
MG36HRX	147	Picture	CueingCross	2108965	0	1	3009	2	0	2920
MG36HRX	148	Picture	PrepTime	2112141	0	1	3009	2	0	2920
MG36HRX	149	Picture	1_25_Encoding_Working_Memory_MEG_P4_LR_Salient_DoChange_CuedRetrieval_300_300_399_2200_3000_2150_gabor_patch_orientation_045_121_064_082_target_position_1_3_retrieval_position_3	2115317	0	2	1338	3	0	1250
MG36HRX	149	Picture	Flicker2	2116655	1338	1	1337	2	1250	1250
MG36HRX	149	Picture	Flicker3	2117992	2675	1	1337	2	2500	1250
MG36HRX	150	Picture	Delay	2119496	0	2	22066	3	0	21920
MG36HRX	151	Picture	1_25_Retrieval_Working_Memory_MEG_P4_LR_Salient_DoChange_CuedRetrieval_retrieval_patch_orientation_015_retrieval_position_3	2141729	0	1	30090	2	0	29920
MG36HRX	151	Response	20	2151713	9984	4
MG36HRX	152	Picture	ITI	2171986	0	1	21564	2	0	21420
MG36HRX	153	Picture	CueingCross	2193717	0	1	3009	2	0	2920
MG36HRX	154	Picture	PrepTime	2196893	0	1	3009	2	0	2920
MG36HRX	155	Picture	1_26_Encoding_Working_Memory_MEG_P4_LR_Salient_NoChange_CuedRetrieval_300_300_399_2100_3000_2550_gabor_patch_orientation_177_158_125_043_target_position_2_3_retrieval_position_2	2200069	0	2	1338	3	0	1250
MG36HRX	155	Picture	Flicker2	2201407	1338	1	1337	2	1250	1250
MG36HRX	155	Picture	Flicker3	2202744	2675	1	1337	2	2500	1250
MG36HRX	156	Picture	Delay	2204248	0	2	21063	3	0	20920
MG36HRX	157	Picture	1_26_Retrieval_Working_Memory_MEG_P4_LR_Salient_NoChange_CuedRetrieval_retrieval_patch_orientation_158_retrieval_position_2	2225478	0	1	30090	2	0	29920
MG36HRX	157	Response	10	2234782	9304	4
MG36HRX	158	Picture	ITI	2255735	0	1	25576	2	0	25420
MG36HRX	159	Picture	CueingCross	2281478	0	1	3009	2	0	2920
MG36HRX	160	Picture	PrepTime	2284654	0	1	3009	2	0	2920
MG36HRX	161	Picture	1_27_Encoding_Working_Memory_MEG_P4_LR_Salient_NoChange_CuedRetrieval_300_300_399_1900_3000_2450_gabor_patch_orientation_117_034_149_100_target_position_1_4_retrieval_position_1	2287830	0	1	1337	3	0	1250
MG36HRX	161	Picture	Flicker2	2289167	1337	2	1338	3	1250	1250
MG36HRX	161	Picture	Flicker3	2290505	2675	1	1337	2	2500	1250
MG36HRX	162	Picture	Delay	2292009	0	1	19057	2	0	18920
MG36HRX	163	Picture	1_27_Retrieval_Working_Memory_MEG_P4_LR_Salient_NoChange_CuedRetrieval_retrieval_patch_orientation_117_retrieval_position_1	2311233	0	1	30089	3	0	29920
MG36HRX	163	Response	10	2322021	10788	4
MG36HRX	164	Picture	ITI	2341490	0	1	24573	2	0	24420
MG36HRX	165	Picture	CueingCross	2366230	0	1	3009	2	0	2920
MG36HRX	166	Picture	PrepTime	2369406	0	1	3009	2	0	2920
MG36HRX	167	Picture	1_28_Encoding_Working_Memory_MEG_P4_LR_Salient_DoChange_UncuedRetriev_300_300_399_1950_3000_2600_gabor_patch_orientation_129_172_099_063_target_position_1_4_retrieval_position_3	2372582	0	1	1337	2	0	1250
MG36HRX	167	Picture	Flicker2	2373919	1337	1	1338	2	1250	1250
MG36HRX	167	Picture	Flicker3	2375257	2675	1	1337	2	2500	1250
MG36HRX	168	Picture	Delay	2376761	0	1	19558	2	0	19420
MG36HRX	169	Picture	1_28_Retrieval_Working_Memory_MEG_P4_LR_Salient_DoChange_UncuedRetriev_retrieval_patch_orientation_149_retrieval_position_3	2396486	0	2	30090	3	0	29920
MG36HRX	169	Response	10	2410170	13684	5
MG36HRX	170	Picture	ITI	2426743	0	1	26078	2	0	25920
MG36HRX	171	Picture	CueingCross	2452988	0	1	3009	2	0	2920
MG36HRX	172	Picture	PrepTime	2456164	0	1	3009	2	0	2920
MG36HRX	173	Picture	1_29_Encoding_Working_Memory_MEG_P4_LR_Salient_NoChange_CuedRetrieval_300_300_399_2050_3000_2550_gabor_patch_orientation_050_034_068_173_target_position_1_2_retrieval_position_2	2459340	0	1	1337	2	0	1250
MG36HRX	173	Picture	Flicker2	2460677	1337	1	1338	2	1250	1250
MG36HRX	173	Picture	Flicker3	2462015	2675	1	1337	2	2500	1250
MG36HRX	174	Picture	Delay	2463519	0	1	20561	2	0	20420
MG36HRX	175	Picture	1_29_Retrieval_Working_Memory_MEG_P4_LR_Salient_NoChange_CuedRetrieval_retrieval_patch_orientation_034_retrieval_position_2	2484247	0	2	30090	3	0	29920
MG36HRX	175	Response	20	2491570	7323	3
MG36HRX	176	Picture	ITI	2514504	0	1	25576	2	0	25420
MG36HRX	177	Picture	CueingCross	2540247	0	1	3009	2	0	2920
MG36HRX	178	Picture	PrepTime	2543423	0	2	3009	3	0	2920
MG36HRX	179	Picture	1_30_Encoding_Working_Memory_MEG_P4_LR_Salient_NoChange_CuedRetrieval_300_300_399_1850_3000_2450_gabor_patch_orientation_167_083_135_047_target_position_1_3_retrieval_position_1	2546599	0	2	1338	3	0	1250
MG36HRX	179	Picture	Flicker2	2547937	1338	1	1337	2	1250	1250
MG36HRX	179	Picture	Flicker3	2549274	2675	1	1337	2	2500	1250
MG36HRX	180	Picture	Delay	2550778	0	2	18556	3	0	18420
MG36HRX	181	Picture	1_30_Retrieval_Working_Memory_MEG_P4_LR_Salient_NoChange_CuedRetrieval_retrieval_patch_orientation_167_retrieval_position_1	2569501	0	1	30089	2	0	29920
MG36HRX	181	Response	10	2577839	8338	3
MG36HRX	182	Picture	ITI	2599757	0	2	24573	4	0	24420
MG36HRX	183	Picture	CueingCross	2624498	0	1	3009	2	0	2920
MG36HRX	184	Picture	PrepTime	2627674	0	1	3009	2	0	2920
MG36HRX	185	Picture	1_31_Encoding_Working_Memory_MEG_P4_LR_Salient_DoChange_CuedRetrieval_300_300_399_1950_3000_2050_gabor_patch_orientation_121_139_034_162_target_position_2_3_retrieval_position_2	2630850	0	1	1337	2	0	1250
MG36HRX	185	Picture	Flicker2	2632187	1337	1	1337	3	1250	1250
MG36HRX	185	Picture	Flicker3	2633524	2674	2	1338	3	2500	1250
MG36HRX	186	Picture	Delay	2635029	0	1	19558	2	0	19420
MG36HRX	187	Picture	1_31_Retrieval_Working_Memory_MEG_P4_LR_Salient_DoChange_CuedRetrieval_retrieval_patch_orientation_089_retrieval_position_2	2654754	0	1	30090	2	0	29920
MG36HRX	187	Response	20	2666628	11874	3
MG36HRX	188	Picture	ITI	2685011	0	1	20561	2	0	20420
MG36HRX	189	Picture	CueingCross	2705739	0	1	3009	2	0	2920
MG36HRX	190	Picture	PrepTime	2708915	0	1	3009	2	0	2920
MG36HRX	191	Picture	1_32_Encoding_Working_Memory_MEG_P4_LR_Salient_NoChange_CuedRetrieval_300_300_399_2000_3000_2450_gabor_patch_orientation_112_128_070_179_target_position_1_4_retrieval_position_4	2712091	0	2	1338	3	0	1250
MG36HRX	191	Picture	Flicker2	2713429	1338	1	1337	2	1250	1250
MG36HRX	191	Picture	Flicker3	2714766	2675	1	1337	2	2500	1250
MG36HRX	192	Picture	Delay	2716270	0	2	20060	3	0	19920
MG36HRX	193	Picture	1_32_Retrieval_Working_Memory_MEG_P4_LR_Salient_NoChange_CuedRetrieval_retrieval_patch_orientation_179_retrieval_position_4	2736497	0	1	30090	2	0	29920
MG36HRX	193	Response	10	2750797	14300	3
MG36HRX	194	Picture	ITI	2766754	0	1	24573	2	0	24420
MG36HRX	195	Picture	CueingCross	2791494	0	1	3009	2	0	2920
MG36HRX	196	Picture	PrepTime	2794670	0	1	3009	2	0	2920
MG36HRX	197	Picture	1_33_Encoding_Working_Memory_MEG_P4_LR_Salient_NoChange_UncuedRetriev_300_300_399_2100_3000_2500_gabor_patch_orientation_013_035_055_080_target_position_1_4_retrieval_position_3	2797846	0	1	1338	2	0	1250
MG36HRX	197	Picture	Flicker2	2799184	1338	1	1337	2	1250	1250
MG36HRX	197	Picture	Flicker3	2800521	2675	1	1337	2	2500	1250
MG36HRX	198	Picture	Delay	2802025	0	2	21063	3	0	20920
MG36HRX	199	Picture	1_33_Retrieval_Working_Memory_MEG_P4_LR_Salient_NoChange_UncuedRetriev_retrieval_patch_orientation_055_retrieval_position_3	2823255	0	1	30090	2	0	29920
MG36HRX	199	Response	20	2848156	24901	3
MG36HRX	200	Picture	ITI	2853512	0	1	25074	2	0	24920
MG36HRX	201	Picture	CueingCross	2878753	0	2	3009	4	0	2920
MG36HRX	202	Picture	PrepTime	2881930	0	1	3008	3	0	2920
MG36HRX	203	Picture	1_34_Encoding_Working_Memory_MEG_P4_LR_Salient_NoChange_CuedRetrieval_300_300_399_2150_3000_2200_gabor_patch_orientation_108_031_003_136_target_position_2_3_retrieval_position_2	2885106	0	1	1337	2	0	1250
MG36HRX	203	Picture	Flicker2	2886443	1337	1	1337	3	1250	1250
MG36HRX	203	Picture	Flicker3	2887780	2674	2	1338	3	2500	1250
MG36HRX	204	Picture	Delay	2889285	0	1	21564	2	0	21420
MG36HRX	205	Picture	1_34_Retrieval_Working_Memory_MEG_P4_LR_Salient_NoChange_CuedRetrieval_retrieval_patch_orientation_031_retrieval_position_2	2911016	0	1	30089	3	0	29920
MG36HRX	205	Response	10	2922565	11549	3
MG36HRX	206	Picture	ITI	2941273	0	1	22065	2	0	21920
MG36HRX	207	Picture	CueingCross	2963505	0	2	3009	3	0	2920
MG36HRX	208	Picture	PrepTime	2966682	0	1	3008	3	0	2920
MG36HRX	209	Picture	1_35_Encoding_Working_Memory_MEG_P4_LR_Salient_DoChange_CuedRetrieval_300_300_399_2250_3000_2500_gabor_patch_orientation_039_065_145_180_target_position_1_2_retrieval_position_2	2969858	0	1	1337	2	0	1250
MG36HRX	209	Picture	Flicker2	2971195	1337	1	1337	2	1250	1250
MG36HRX	209	Picture	Flicker3	2972532	2674	1	1338	2	2500	1250
MG36HRX	210	Picture	Delay	2974037	0	1	22567	2	0	22420
MG36HRX	211	Picture	1_35_Retrieval_Working_Memory_MEG_P4_LR_Salient_DoChange_CuedRetrieval_retrieval_patch_orientation_112_retrieval_position_2	2996771	0	1	30089	2	0	29920
MG36HRX	211	Response	20	3006594	9823	4
MG36HRX	212	Picture	ITI	3027028	0	1	25074	2	0	24920
MG36HRX	213	Picture	CueingCross	3052269	0	2	3009	3	0	2920
MG36HRX	214	Picture	PrepTime	3055445	0	2	3009	3	0	2920
MG36HRX	215	Picture	1_36_Encoding_Working_Memory_MEG_P4_LR_Salient_DoChange_UncuedRetriev_300_300_399_2050_3000_2600_gabor_patch_orientation_031_002_070_179_target_position_2_4_retrieval_position_3	3058621	0	2	1338	3	0	1250
MG36HRX	215	Picture	Flicker2	3059959	1338	1	1337	2	1250	1250
MG36HRX	215	Picture	Flicker3	3061296	2675	1	1337	2	2500	1250
MG36HRX	216	Picture	Delay	3062801	0	1	20561	2	0	20420
MG36HRX	217	Picture	1_36_Retrieval_Working_Memory_MEG_P4_LR_Salient_DoChange_UncuedRetriev_retrieval_patch_orientation_117_retrieval_position_3	3083528	0	3	30090	4	0	29920
MG36HRX	217	Response	10	3106663	23135	3
MG36HRX	218	Picture	ITI	3113785	0	2	26078	3	0	25920
MG36HRX	219	Picture	CueingCross	3140030	0	1	3009	2	0	2920
MG36HRX	220	Picture	PrepTime	3143206	0	1	3009	2	0	2920
MG36HRX	221	Picture	1_37_Encoding_Working_Memory_MEG_P4_LR_Salient_NoChange_CuedRetrieval_300_300_399_1800_3000_2350_gabor_patch_orientation_004_132_046_177_target_position_2_4_retrieval_position_2	3146382	0	2	1338	3	0	1250
MG36HRX	221	Picture	Flicker2	3147720	1338	1	1337	2	1250	1250
MG36HRX	221	Picture	Flicker3	3149057	2675	1	1337	2	2500	1250
MG36HRX	222	Picture	Delay	3150561	0	2	18054	3	0	17920
MG36HRX	223	Picture	1_37_Retrieval_Working_Memory_MEG_P4_LR_Salient_NoChange_CuedRetrieval_retrieval_patch_orientation_132_retrieval_position_2	3168782	0	2	30090	3	0	29920
MG36HRX	223	Response	10	3179442	10660	4
MG36HRX	224	Picture	ITI	3199039	0	1	23570	2	0	23420
MG36HRX	225	Picture	CueingCross	3222776	0	1	3009	2	0	2920
MG36HRX	226	Picture	PrepTime	3225952	0	1	3009	2	0	2920
MG36HRX	227	Picture	1_38_Encoding_Working_Memory_MEG_P4_LR_Salient_DoChange_CuedRetrieval_300_300_399_2000_3000_2300_gabor_patch_orientation_009_127_046_076_target_position_1_3_retrieval_position_3	3229128	0	2	1338	3	0	1250
MG36HRX	227	Picture	Flicker2	3230466	1338	1	1337	2	1250	1250
MG36HRX	227	Picture	Flicker3	3231803	2675	1	1337	2	2500	1250
MG36HRX	228	Picture	Delay	3233307	0	2	20060	3	0	19920
MG36HRX	229	Picture	1_38_Retrieval_Working_Memory_MEG_P4_LR_Salient_DoChange_CuedRetrieval_retrieval_patch_orientation_093_retrieval_position_3	3253534	0	1	30090	2	0	29920
MG36HRX	229	Response	20	3266191	12657	4
MG36HRX	230	Picture	ITI	3283791	0	1	23068	2	0	22920
MG36HRX	231	Picture	CueingCross	3307027	0	1	3009	2	0	2920
MG36HRX	232	Picture	PrepTime	3310203	0	1	3009	2	0	2920
MG36HRX	233	Picture	1_39_Encoding_Working_Memory_MEG_P4_LR_Salient_DoChange_CuedRetrieval_300_300_399_1850_3000_2300_gabor_patch_orientation_046_063_097_169_target_position_1_2_retrieval_position_2	3313379	0	1	1337	2	0	1250
MG36HRX	233	Picture	Flicker2	3314716	1337	1	1337	3	1250	1250
MG36HRX	233	Picture	Flicker3	3316053	2674	2	1338	3	2500	1250
MG36HRX	234	Picture	Delay	3317558	0	1	18555	2	0	18420
MG36HRX	235	Picture	1_39_Retrieval_Working_Memory_MEG_P4_LR_Salient_DoChange_CuedRetrieval_retrieval_patch_orientation_018_retrieval_position_2	3336280	0	1	30090	2	0	29920
MG36HRX	235	Response	20	3359120	22840	4
MG36HRX	236	Picture	ITI	3366537	0	1	23068	2	0	22920
MG36HRX	237	Picture	CueingCross	3389773	0	1	3008	3	0	2920
MG36HRX	238	Picture	PrepTime	3392949	0	1	3009	2	0	2920
MG36HRX	239	Picture	1_40_Encoding_Working_Memory_MEG_P4_LR_Salient_NoChange_CuedRetrieval_300_300_399_2200_3000_2500_gabor_patch_orientation_009_118_039_145_target_position_1_2_retrieval_position_2	3396125	0	1	1337	2	0	1250
MG36HRX	239	Picture	Flicker2	3397462	1337	1	1337	2	1250	1250
MG36HRX	239	Picture	Flicker3	3398799	2674	1	1338	2	2500	1250
MG36HRX	240	Picture	Delay	3400304	0	1	22065	3	0	21920
MG36HRX	241	Picture	1_40_Retrieval_Working_Memory_MEG_P4_LR_Salient_NoChange_CuedRetrieval_retrieval_patch_orientation_118_retrieval_position_2	3422537	0	1	30089	2	0	29920
MG36HRX	241	Response	10	3432749	10212	4
MG36HRX	242	Picture	ITI	3452793	0	1	25075	2	0	24920
MG36HRX	243	Picture	CueingCross	3478035	0	1	3009	2	0	2920
MG36HRX	244	Picture	PrepTime	3481211	0	1	3009	2	0	2920
MG36HRX	245	Picture	1_41_Encoding_Working_Memory_MEG_P4_LR_Salient_NoChange_CuedRetrieval_300_300_399_2050_3000_2100_gabor_patch_orientation_027_058_073_101_target_position_1_2_retrieval_position_2	3484387	0	1	1337	3	0	1250
MG36HRX	245	Picture	Flicker2	3485724	1337	2	1338	3	1250	1250
MG36HRX	245	Picture	Flicker3	3487062	2675	1	1337	2	2500	1250
MG36HRX	246	Picture	Delay	3488566	0	1	20561	2	0	20420
MG36HRX	247	Picture	1_41_Retrieval_Working_Memory_MEG_P4_LR_Salient_NoChange_CuedRetrieval_retrieval_patch_orientation_058_retrieval_position_2	3509295	0	1	30089	2	0	29920
MG36HRX	247	Response	10	3520818	11523	4
MG36HRX	248	Picture	ITI	3539551	0	1	21063	2	0	20920
MG36HRX	249	Picture	CueingCross	3560781	0	1	3009	2	0	2920
MG36HRX	250	Picture	PrepTime	3563957	0	1	3009	2	0	2920
MG36HRX	251	Picture	1_42_Encoding_Working_Memory_MEG_P4_LR_Salient_NoChange_UncuedRetriev_300_300_399_2100_3000_2050_gabor_patch_orientation_009_090_025_165_target_position_2_3_retrieval_position_4	3567133	0	1	1337	3	0	1250
MG36HRX	251	Picture	Flicker2	3568470	1337	2	1338	3	1250	1250
MG36HRX	251	Picture	Flicker3	3569808	2675	1	1337	2	2500	1250
MG36HRX	252	Picture	Delay	3571312	0	1	21063	2	0	20920
MG36HRX	253	Picture	1_42_Retrieval_Working_Memory_MEG_P4_LR_Salient_NoChange_UncuedRetriev_retrieval_patch_orientation_165_retrieval_position_4	3592542	0	1	30089	3	0	29920
MG36HRX	253	Response	20	3608908	16366	3
MG36HRX	254	Picture	ITI	3622799	0	1	20561	2	0	20420
MG36HRX	255	Picture	CueingCross	3643527	0	1	3009	2	0	2920
MG36HRX	256	Picture	PrepTime	3646703	0	1	3009	2	0	2920
MG36HRX	257	Picture	1_43_Encoding_Working_Memory_MEG_P4_LR_Salient_NoChange_CuedRetrieval_300_300_399_1900_3000_2300_gabor_patch_orientation_103_178_120_032_target_position_1_4_retrieval_position_1	3649879	0	1	1337	2	0	1250
MG36HRX	257	Picture	Flicker2	3651216	1337	1	1338	2	1250	1250
MG36HRX	257	Picture	Flicker3	3652554	2675	1	1337	2	2500	1250
MG36HRX	258	Picture	Delay	3654058	0	1	19057	2	0	18920
MG36HRX	259	Picture	1_43_Retrieval_Working_Memory_MEG_P4_LR_Salient_NoChange_CuedRetrieval_retrieval_patch_orientation_103_retrieval_position_1	3673282	0	1	30089	3	0	29920
MG36HRX	259	Response	10	3686017	12735	4
MG36HRX	260	Picture	ITI	3703539	0	1	23068	2	0	22920
MG36HRX	261	Picture	CueingCross	3726774	0	2	3009	3	0	2920
MG36HRX	262	Picture	PrepTime	3729950	0	2	3009	4	0	2920
MG36HRX	263	Picture	1_44_Encoding_Working_Memory_MEG_P4_LR_Salient_DoChange_CuedRetrieval_300_300_399_1950_3000_2400_gabor_patch_orientation_040_086_013_170_target_position_3_4_retrieval_position_3	3733127	0	1	1337	2	0	1250
MG36HRX	263	Picture	Flicker2	3734464	1337	1	1337	2	1250	1250
MG36HRX	263	Picture	Flicker3	3735801	2674	1	1337	3	2500	1250
MG36HRX	264	Picture	Delay	3737306	0	1	19558	2	0	19420
MG36HRX	265	Picture	1_44_Retrieval_Working_Memory_MEG_P4_LR_Salient_DoChange_CuedRetrieval_retrieval_patch_orientation_152_retrieval_position_3	3757031	0	1	30089	3	0	29920
MG36HRX	265	Response	20	3770826	13795	3
MG36HRX	266	Picture	ITI	3787288	0	1	24071	2	0	23920
MG36HRX	267	Picture	CueingCross	3811526	0	1	3009	2	0	2920
MG36HRX	268	Picture	PrepTime	3814702	0	2	3009	3	0	2920
MG36HRX	269	Picture	1_45_Encoding_Working_Memory_MEG_P4_LR_Salient_NoChange_CuedRetrieval_300_300_399_2200_3000_1900_gabor_patch_orientation_073_162_140_014_target_position_1_3_retrieval_position_1	3817878	0	2	1338	3	0	1250
MG36HRX	269	Picture	Flicker2	3819216	1338	1	1337	2	1250	1250
MG36HRX	269	Picture	Flicker3	3820553	2675	1	1337	3	2500	1250
MG36HRX	270	Picture	Delay	3822058	0	1	22065	2	0	21920
MG36HRX	271	Picture	1_45_Retrieval_Working_Memory_MEG_P4_LR_Salient_NoChange_CuedRetrieval_retrieval_patch_orientation_073_retrieval_position_1	3844290	0	2	30090	3	0	29920
MG36HRX	271	Response	10	3857855	13565	3
MG36HRX	272	Picture	ITI	3874547	0	1	19057	2	0	18920
MG36HRX	273	Picture	CueingCross	3893771	0	1	3009	2	0	2920
MG36HRX	274	Picture	PrepTime	3896947	0	1	3009	2	0	2920
MG36HRX	275	Picture	1_46_Encoding_Working_Memory_MEG_P4_LR_Salient_DoChange_CuedRetrieval_300_300_399_2100_3000_2050_gabor_patch_orientation_037_059_084_014_target_position_2_4_retrieval_position_2	3900123	0	1	1337	2	0	1250
MG36HRX	275	Picture	Flicker2	3901460	1337	1	1338	2	1250	1250
MG36HRX	275	Picture	Flicker3	3902798	2675	1	1337	2	2500	1250
MG36HRX	276	Picture	Delay	3904302	0	1	21063	2	0	20920
MG36HRX	277	Picture	1_46_Retrieval_Working_Memory_MEG_P4_LR_Salient_DoChange_CuedRetrieval_retrieval_patch_orientation_104_retrieval_position_2	3925532	0	1	30089	2	0	29920
MG36HRX	277	Response	20	3936394	10862	4
MG36HRX	278	Picture	ITI	3955788	0	2	20562	3	0	20420
MG36HRX	279	Picture	CueingCross	3976517	0	1	3009	2	0	2920
MG36HRX	280	Picture	PrepTime	3979693	0	1	3009	2	0	2920
MG36HRX	281	Picture	1_47_Encoding_Working_Memory_MEG_P4_LR_Salient_NoChange_UncuedRetriev_300_300_399_2150_3000_2400_gabor_patch_orientation_067_135_027_176_target_position_2_4_retrieval_position_1	3982869	0	1	1337	2	0	1250
MG36HRX	281	Picture	Flicker2	3984206	1337	1	1338	2	1250	1250
MG36HRX	281	Picture	Flicker3	3985544	2675	1	1337	2	2500	1250
MG36HRX	282	Picture	Delay	3987048	0	1	21564	2	0	21420
MG36HRX	283	Picture	1_47_Retrieval_Working_Memory_MEG_P4_LR_Salient_NoChange_UncuedRetriev_retrieval_patch_orientation_067_retrieval_position_1	4008779	0	2	30090	3	0	29920
MG36HRX	283	Response	10	4025253	16474	4
MG36HRX	284	Picture	ITI	4039036	0	1	24071	3	0	23920
MG36HRX	285	Picture	CueingCross	4063275	0	1	3009	2	0	2920
MG36HRX	286	Picture	PrepTime	4066451	0	1	3009	2	0	2920
MG36HRX	287	Picture	1_48_Encoding_Working_Memory_MEG_P4_LR_Salient_DoChange_CuedRetrieval_300_300_399_1750_3000_2250_gabor_patch_orientation_154_115_096_077_target_position_3_4_retrieval_position_4	4069627	0	1	1337	2	0	1250
MG36HRX	287	Picture	Flicker2	4070964	1337	1	1338	2	1250	1250
MG36HRX	287	Picture	Flicker3	4072302	2675	1	1337	2	2500	1250
MG36HRX	288	Picture	Delay	4073806	0	1	17552	2	0	17420
MG36HRX	289	Picture	1_48_Retrieval_Working_Memory_MEG_P4_LR_Salient_DoChange_CuedRetrieval_retrieval_patch_orientation_027_retrieval_position_4	4091525	0	2	30090	3	0	29920
MG36HRX	289	Response	20	4101232	9707	4
MG36HRX	290	Picture	ITI	4121782	0	1	22567	2	0	22420
MG36HRX	291	Picture	CueingCross	4144516	0	1	3009	2	0	2920
MG36HRX	292	Picture	PrepTime	4147692	0	2	3009	3	0	2920
MG36HRX	293	Picture	1_49_Encoding_Working_Memory_MEG_P4_LR_Salient_DoChange_CuedRetrieval_300_300_399_2100_3000_2100_gabor_patch_orientation_157_022_105_043_target_position_1_2_retrieval_position_2	4150868	0	2	1338	3	0	1250
MG36HRX	293	Picture	Flicker2	4152206	1338	1	1337	2	1250	1250
MG36HRX	293	Picture	Flicker3	4153543	2675	1	1337	2	2500	1250
MG36HRX	294	Picture	Delay	4155047	0	2	21063	3	0	20920
MG36HRX	295	Picture	1_49_Retrieval_Working_Memory_MEG_P4_LR_Salient_DoChange_CuedRetrieval_retrieval_patch_orientation_068_retrieval_position_2	4176277	0	1	30090	2	0	29920
MG36HRX	295	Response	20	4194551	18274	4
MG36HRX	296	Picture	ITI	4206534	0	1	21062	3	0	20920
MG36HRX	297	Picture	CueingCross	4227764	0	1	3009	2	0	2920
MG36HRX	298	Picture	PrepTime	4230940	0	1	3009	2	0	2920
MG36HRX	299	Picture	1_50_Encoding_Working_Memory_MEG_P4_LR_Salient_DoChange_CuedRetrieval_300_300_399_1900_3000_1900_gabor_patch_orientation_036_088_003_159_target_position_1_4_retrieval_position_1	4234116	0	1	1337	2	0	1250
MG36HRX	299	Picture	Flicker2	4235453	1337	1	1337	3	1250	1250
MG36HRX	299	Picture	Flicker3	4236790	2674	2	1338	3	2500	1250
MG36HRX	300	Picture	Delay	4238295	0	1	19057	2	0	18920
MG36HRX	301	Picture	1_50_Retrieval_Working_Memory_MEG_P4_LR_Salient_DoChange_CuedRetrieval_retrieval_patch_orientation_175_retrieval_position_1	4257519	0	1	30089	2	0	29920
MG36HRX	301	Response	20	4274310	16791	4
MG36HRX	302	Picture	ITI	4287775	0	2	19057	3	0	18920
MG36HRX	303	Picture	CueingCross	4306999	0	1	3009	2	0	2920
MG36HRX	304	Picture	PrepTime	4310175	0	2	3009	3	0	2920
MG36HRX	305	Picture	1_51_Encoding_Working_Memory_MEG_P4_LR_Salient_NoChange_CuedRetrieval_300_300_399_1800_3000_1900_gabor_patch_orientation_174_141_097_120_target_position_1_3_retrieval_position_1	4313351	0	2	1338	3	0	1250
MG36HRX	305	Picture	Flicker2	4314689	1338	1	1337	2	1250	1250
MG36HRX	305	Picture	Flicker3	4316026	2675	1	1337	2	2500	1250
MG36HRX	306	Picture	Delay	4317530	0	2	18054	3	0	17920
MG36HRX	307	Picture	1_51_Retrieval_Working_Memory_MEG_P4_LR_Salient_NoChange_CuedRetrieval_retrieval_patch_orientation_174_retrieval_position_1	4335751	0	2	30090	3	0	29920
MG36HRX	307	Response	10	4345260	9509	3
MG36HRX	308	Picture	ITI	4366008	0	1	19057	2	0	18920
MG36HRX	309	Picture	CueingCross	4385232	0	2	3009	3	0	2920
MG36HRX	310	Picture	PrepTime	4388408	0	1	3009	2	0	2920
MG36HRX	311	Picture	1_52_Encoding_Working_Memory_MEG_P4_LR_Salient_DoChange_CuedRetrieval_300_300_399_2000_3000_2250_gabor_patch_orientation_158_122_015_052_target_position_2_4_retrieval_position_4	4391584	0	1	1337	2	0	1250
MG36HRX	311	Picture	Flicker2	4392921	1337	1	1338	2	1250	1250
MG36HRX	311	Picture	Flicker3	4394259	2675	1	1337	2	2500	1250
MG36HRX	312	Picture	Delay	4395763	0	1	20060	2	0	19920
MG36HRX	313	Picture	1_52_Retrieval_Working_Memory_MEG_P4_LR_Salient_DoChange_CuedRetrieval_retrieval_patch_orientation_098_retrieval_position_4	4415990	0	1	30089	2	0	29920
MG36HRX	313	Response	20	4432549	16559	3
MG36HRX	314	Picture	ITI	4446246	0	2	22567	4	0	22420
MG36HRX	315	Picture	CueingCross	4468981	0	1	3009	2	0	2920
MG36HRX	316	Picture	PrepTime	4472157	0	1	3009	2	0	2920
MG36HRX	317	Picture	1_53_Encoding_Working_Memory_MEG_P4_LR_Salient_NoChange_UncuedRetriev_300_300_399_1850_3000_2200_gabor_patch_orientation_048_171_093_066_target_position_1_4_retrieval_position_3	4475333	0	1	1337	2	0	1250
MG36HRX	317	Picture	Flicker2	4476670	1337	1	1337	3	1250	1250
MG36HRX	317	Picture	Flicker3	4478007	2674	2	1338	3	2500	1250
MG36HRX	318	Picture	Delay	4479512	0	1	18555	2	0	18420
MG36HRX	319	Picture	1_53_Retrieval_Working_Memory_MEG_P4_LR_Salient_NoChange_UncuedRetriev_retrieval_patch_orientation_093_retrieval_position_3	4498234	0	2	30090	3	0	29920
MG36HRX	319	Response	10	4515068	16834	3
MG36HRX	320	Picture	ITI	4528491	0	1	22066	2	0	21920
MG36HRX	321	Picture	CueingCross	4550724	0	1	3009	2	0	2920
MG36HRX	322	Picture	PrepTime	4553900	0	1	3009	2	0	2920
MG36HRX	323	Picture	1_54_Encoding_Working_Memory_MEG_P4_LR_Salient_NoChange_CuedRetrieval_300_300_399_1750_3000_2600_gabor_patch_orientation_175_006_029_095_target_position_2_4_retrieval_position_4	4557076	0	1	1337	2	0	1250
MG36HRX	323	Picture	Flicker2	4558413	1337	1	1337	3	1250	1250
MG36HRX	323	Picture	Flicker3	4559750	2674	2	1338	3	2500	1250
MG36HRX	324	Picture	Delay	4561255	0	1	17552	2	0	17420
MG36HRX	325	Picture	1_54_Retrieval_Working_Memory_MEG_P4_LR_Salient_NoChange_CuedRetrieval_retrieval_patch_orientation_095_retrieval_position_4	4578974	0	2	30090	3	0	29920
MG36HRX	325	Response	10	4589617	10643	4
MG36HRX	326	Picture	ITI	4609231	0	1	26077	3	0	25920
MG36HRX	327	Picture	CueingCross	4635476	0	1	3009	2	0	2920
MG36HRX	328	Picture	PrepTime	4638652	0	1	3009	2	0	2920
MG36HRX	329	Picture	1_55_Encoding_Working_Memory_MEG_P4_LR_Salient_DoChange_CuedRetrieval_300_300_399_2200_3000_2550_gabor_patch_orientation_151_082_036_121_target_position_3_4_retrieval_position_4	4641828	0	1	1337	2	0	1250
MG36HRX	329	Picture	Flicker2	4643165	1337	1	1337	3	1250	1250
MG36HRX	329	Picture	Flicker3	4644502	2674	2	1338	3	2500	1250
MG36HRX	330	Picture	Delay	4646007	0	1	22066	2	0	21920
MG36HRX	331	Picture	1_55_Retrieval_Working_Memory_MEG_P4_LR_Salient_DoChange_CuedRetrieval_retrieval_patch_orientation_169_retrieval_position_4	4668240	0	1	30089	2	0	29920
MG36HRX	331	Response	10	4682696	14456	4
MG36HRX	332	Picture	ITI	4698496	0	2	25576	3	0	25420
MG36HRX	333	Picture	CueingCross	4724239	0	2	3009	4	0	2920
MG36HRX	334	Picture	PrepTime	4727416	0	1	3009	2	0	2920
MG36HRX	335	Picture	1_56_Encoding_Working_Memory_MEG_P4_LR_Salient_NoChange_CuedRetrieval_300_300_399_1900_3000_1900_gabor_patch_orientation_086_122_015_067_target_position_2_3_retrieval_position_3	4730592	0	1	1337	2	0	1250
MG36HRX	335	Picture	Flicker2	4731929	1337	1	1337	2	1250	1250
MG36HRX	335	Picture	Flicker3	4733266	2674	1	1338	2	2500	1250
MG36HRX	336	Picture	Delay	4734771	0	1	19056	3	0	18920
MG36HRX	337	Picture	1_56_Retrieval_Working_Memory_MEG_P4_LR_Salient_NoChange_CuedRetrieval_retrieval_patch_orientation_015_retrieval_position_3	4753995	0	1	30089	2	0	29920
MG36HRX	337	Response	10	4765745	11750	4
MG36HRX	338	Picture	ITI	4784251	0	1	19057	2	0	18920
MG36HRX	339	Picture	CueingCross	4803475	0	1	3009	2	0	2920
MG36HRX	340	Picture	PrepTime	4806651	0	1	3009	2	0	2920
MG36HRX	341	Picture	1_57_Encoding_Working_Memory_MEG_P4_LR_Salient_DoChange_UncuedRetriev_300_300_399_1950_3000_2250_gabor_patch_orientation_091_139_026_176_target_position_1_4_retrieval_position_2	4809827	0	1	1338	2	0	1250
MG36HRX	341	Picture	Flicker2	4811165	1338	1	1337	2	1250	1250
MG36HRX	341	Picture	Flicker3	4812502	2675	1	1337	2	2500	1250
MG36HRX	342	Picture	Delay	4814006	0	2	19558	4	0	19420
MG36HRX	343	Picture	1_57_Retrieval_Working_Memory_MEG_P4_LR_Salient_DoChange_UncuedRetriev_retrieval_patch_orientation_002_retrieval_position_2	4833732	0	1	30089	2	0	29920
MG36HRX	343	Response	20	4846214	12482	4
MG36HRX	344	Picture	ITI	4863988	0	2	22567	3	0	22420
MG36HRX	345	Picture	CueingCross	4886722	0	2	3009	4	0	2920
MG36HRX	346	Picture	PrepTime	4889899	0	1	3009	2	0	2920
MG36HRX	347	Picture	1_58_Encoding_Working_Memory_MEG_P4_LR_Salient_DoChange_CuedRetrieval_300_300_399_1950_3000_2150_gabor_patch_orientation_003_049_085_169_target_position_1_2_retrieval_position_1	4893075	0	1	1337	2	0	1250
MG36HRX	347	Picture	Flicker2	4894412	1337	1	1337	2	1250	1250
MG36HRX	347	Picture	Flicker3	4895749	2674	1	1338	2	2500	1250
MG36HRX	348	Picture	Delay	4897254	0	1	19558	2	0	19420
MG36HRX	349	Picture	1_58_Retrieval_Working_Memory_MEG_P4_LR_Salient_DoChange_CuedRetrieval_retrieval_patch_orientation_139_retrieval_position_1	4916979	0	2	30090	3	0	29920
MG36HRX	349	Response	20	4928293	11314	4
MG36HRX	350	Picture	ITI	4947236	0	1	21564	2	0	21420
MG36HRX	351	Picture	CueingCross	4968967	0	1	3009	2	0	2920
MG36HRX	352	Picture	PrepTime	4972143	0	1	3009	2	0	2920
MG36HRX	353	Picture	1_59_Encoding_Working_Memory_MEG_P4_LR_Salient_NoChange_CuedRetrieval_300_300_399_2000_3000_2050_gabor_patch_orientation_055_126_092_008_target_position_1_4_retrieval_position_4	4975319	0	1	1337	3	0	1250
MG36HRX	353	Picture	Flicker2	4976656	1337	2	1338	3	1250	1250
MG36HRX	353	Picture	Flicker3	4977994	2675	1	1337	2	2500	1250
MG36HRX	354	Picture	Delay	4979498	0	2	20060	3	0	19920
MG36HRX	355	Picture	1_59_Retrieval_Working_Memory_MEG_P4_LR_Salient_NoChange_CuedRetrieval_retrieval_patch_orientation_008_retrieval_position_4	4999725	0	1	30090	2	0	29920
MG36HRX	355	Response	20	5013922	14197	4
MG36HRX	356	Picture	ITI	5029982	0	1	20561	2	0	20420
MG36HRX	357	Picture	CueingCross	5050710	0	2	3009	3	0	2920
MG36HRX	358	Picture	PrepTime	5053886	0	1	3009	2	0	2920
MG36HRX	359	Picture	1_60_Encoding_Working_Memory_MEG_P4_LR_Salient_NoChange_CuedRetrieval_300_300_399_2250_3000_2050_gabor_patch_orientation_177_149_003_114_target_position_2_4_retrieval_position_4	5057062	0	1	1337	3	0	1250
MG36HRX	359	Picture	Flicker2	5058399	1337	2	1338	3	1250	1250
MG36HRX	359	Picture	Flicker3	5059737	2675	1	1337	2	2500	1250
MG36HRX	360	Picture	Delay	5061241	0	2	22567	3	0	22420
MG36HRX	361	Picture	1_60_Retrieval_Working_Memory_MEG_P4_LR_Salient_NoChange_CuedRetrieval_retrieval_patch_orientation_114_retrieval_position_4	5083976	0	1	30089	2	0	29920
MG36HRX	361	Response	10	5098921	14945	4
MG36HRX	362	Picture	ITI	5114232	0	1	20561	2	0	20420
MG36HRX	363	Picture	CueingCross	5134960	0	2	3009	3	0	2920
MG36HRX	364	Picture	PrepTime	5138137	0	1	3008	3	0	2920
MG36HRX	365	Picture	1_61_Encoding_Working_Memory_MEG_P4_LR_Salient_NoChange_CuedRetrieval_300_300_399_1750_3000_2150_gabor_patch_orientation_164_097_059_120_target_position_2_3_retrieval_position_2	5141313	0	1	1337	2	0	1250
MG36HRX	365	Picture	Flicker2	5142650	1337	1	1337	2	1250	1250
MG36HRX	365	Picture	Flicker3	5143987	2674	1	1337	3	2500	1250
MG36HRX	366	Picture	Delay	5145492	0	1	17552	2	0	17420
MG36HRX	367	Picture	1_61_Retrieval_Working_Memory_MEG_P4_LR_Salient_NoChange_CuedRetrieval_retrieval_patch_orientation_097_retrieval_position_2	5163211	0	1	30090	2	0	29920
MG36HRX	367	Response	10	5174881	11670	3
MG36HRX	368	Picture	ITI	5193468	0	1	21564	2	0	21420
MG36HRX	369	Picture	CueingCross	5215199	0	1	3009	2	0	2920
MG36HRX	370	Picture	PrepTime	5218375	0	1	3009	2	0	2920
MG36HRX	371	Picture	1_62_Encoding_Working_Memory_MEG_P4_LR_Salient_DoChange_UncuedRetriev_300_300_399_2250_3000_2000_gabor_patch_orientation_138_074_119_032_target_position_2_4_retrieval_position_1	5221551	0	1	1337	3	0	1250
MG36HRX	371	Picture	Flicker2	5222888	1337	2	1338	3	1250	1250
MG36HRX	371	Picture	Flicker3	5224226	2675	1	1337	2	2500	1250
MG36HRX	372	Picture	Delay	5225730	0	1	22567	2	0	22420
MG36HRX	373	Picture	1_62_Retrieval_Working_Memory_MEG_P4_LR_Salient_DoChange_UncuedRetriev_retrieval_patch_orientation_090_retrieval_position_1	5248464	0	2	30090	3	0	29920
MG36HRX	373	Response	20	5260800	12336	4
MG36HRX	374	Picture	ITI	5278721	0	1	20060	2	0	19920
MG36HRX	375	Picture	CueingCross	5298948	0	1	3009	2	0	2920
MG36HRX	376	Picture	PrepTime	5302124	0	1	3009	2	0	2920
MG36HRX	377	Picture	1_63_Encoding_Working_Memory_MEG_P4_LR_Salient_DoChange_CuedRetrieval_300_300_399_1750_3000_2000_gabor_patch_orientation_098_171_009_038_target_position_1_4_retrieval_position_1	5305300	0	1	1337	3	0	1250
MG36HRX	377	Picture	Flicker2	5306637	1337	2	1338	3	1250	1250
MG36HRX	377	Picture	Flicker3	5307975	2675	1	1337	2	2500	1250
MG36HRX	378	Picture	Delay	5309479	0	1	17552	3	0	17420
MG36HRX	379	Picture	1_63_Retrieval_Working_Memory_MEG_P4_LR_Salient_DoChange_CuedRetrieval_retrieval_patch_orientation_145_retrieval_position_1	5327199	0	1	30089	2	0	29920
MG36HRX	379	Response	10	5344459	17260	3
MG36HRX	379	Response	20	5348049	20850	3
MG36HRX	380	Picture	ITI	5357455	0	1	20060	2	0	19920
MG36HRX	381	Picture	CueingCross	5377682	0	1	3009	2	0	2920
MG36HRX	382	Picture	PrepTime	5380858	0	1	3009	2	0	2920
MG36HRX	383	Picture	1_64_Encoding_Working_Memory_MEG_P4_LR_Salient_DoChange_CuedRetrieval_300_300_399_1850_3000_2250_gabor_patch_orientation_149_084_028_059_target_position_1_3_retrieval_position_3	5384034	0	1	1337	3	0	1250
MG36HRX	383	Picture	Flicker2	5385371	1337	2	1338	3	1250	1250
MG36HRX	383	Picture	Flicker3	5386709	2675	1	1337	2	2500	1250
MG36HRX	384	Picture	Delay	5388213	0	1	18555	3	0	18420
MG36HRX	385	Picture	1_64_Retrieval_Working_Memory_MEG_P4_LR_Salient_DoChange_CuedRetrieval_retrieval_patch_orientation_167_retrieval_position_3	5406936	0	1	30089	2	0	29920
MG36HRX	385	Response	20	5421098	14162	4
MG36HRX	386	Picture	ITI	5437192	0	2	22567	3	0	22420
MG36HRX	387	Picture	CueingCross	5459926	0	2	3009	3	0	2920
MG36HRX	388	Picture	PrepTime	5463103	0	1	3008	3	0	2920
MG36HRX	389	Picture	1_65_Encoding_Working_Memory_MEG_P4_LR_Salient_DoChange_CuedRetrieval_300_300_399_1750_3000_2350_gabor_patch_orientation_014_039_097_127_target_position_2_4_retrieval_position_4	5466279	0	1	1337	2	0	1250
MG36HRX	389	Picture	Flicker2	5467616	1337	1	1337	2	1250	1250
MG36HRX	389	Picture	Flicker3	5468953	2674	1	1338	2	2500	1250
MG36HRX	390	Picture	Delay	5470458	0	1	17552	2	0	17420
MG36HRX	391	Picture	1_65_Retrieval_Working_Memory_MEG_P4_LR_Salient_DoChange_CuedRetrieval_retrieval_patch_orientation_080_retrieval_position_4	5488177	0	1	30089	3	0	29920
MG36HRX	391	Response	20	5499827	11650	4
MG36HRX	392	Picture	ITI	5518434	0	1	23570	2	0	23420
MG36HRX	393	Picture	CueingCross	5542171	0	1	3009	2	0	2920
MG36HRX	394	Picture	PrepTime	5545347	0	1	3009	2	0	2920
MG36HRX	395	Picture	1_66_Encoding_Working_Memory_MEG_P4_LR_Salient_NoChange_CuedRetrieval_300_300_399_1800_3000_2100_gabor_patch_orientation_013_080_165_095_target_position_2_3_retrieval_position_2	5548523	0	1	1337	3	0	1250
MG36HRX	395	Picture	Flicker2	5549860	1337	2	1338	3	1250	1250
MG36HRX	395	Picture	Flicker3	5551198	2675	1	1337	2	2500	1250
MG36HRX	396	Picture	Delay	5552702	0	1	18054	2	0	17920
MG36HRX	397	Picture	1_66_Retrieval_Working_Memory_MEG_P4_LR_Salient_NoChange_CuedRetrieval_retrieval_patch_orientation_080_retrieval_position_2	5570923	0	1	30090	2	0	29920
MG36HRX	397	Response	10	5582266	11343	4
MG36HRX	398	Picture	ITI	5601180	0	1	21062	2	0	20920
MG36HRX	399	Picture	CueingCross	5622409	0	2	3009	3	0	2920
MG36HRX	400	Picture	PrepTime	5625586	0	1	3008	3	0	2920
MG36HRX	401	Picture	1_67_Encoding_Working_Memory_MEG_P4_LR_Salient_DoChange_UncuedRetriev_300_300_399_2050_3000_1950_gabor_patch_orientation_159_044_007_095_target_position_2_4_retrieval_position_1	5628762	0	1	1337	2	0	1250
MG36HRX	401	Picture	Flicker2	5630099	1337	1	1337	3	1250	1250
MG36HRX	401	Picture	Flicker3	5631436	2674	2	1338	3	2500	1250
MG36HRX	402	Picture	Delay	5632941	0	1	20561	2	0	20420
MG36HRX	403	Picture	1_67_Retrieval_Working_Memory_MEG_P4_LR_Salient_DoChange_UncuedRetriev_retrieval_patch_orientation_114_retrieval_position_1	5653669	0	1	30089	3	0	29920
MG36HRX	403	Response	10	5670745	17076	4
MG36HRX	404	Picture	ITI	5683926	0	1	19558	2	0	19420
MG36HRX	405	Picture	CueingCross	5703651	0	1	3009	2	0	2920
MG36HRX	406	Picture	PrepTime	5706827	0	1	3009	2	0	2920
MG36HRX	407	Picture	1_68_Encoding_Working_Memory_MEG_P4_LR_Salient_DoChange_CuedRetrieval_300_300_399_2000_3000_2300_gabor_patch_orientation_136_015_050_030_target_position_3_4_retrieval_position_3	5710003	0	1	1337	3	0	1250
MG36HRX	407	Picture	Flicker2	5711340	1337	2	1338	3	1250	1250
MG36HRX	407	Picture	Flicker3	5712678	2675	1	1337	2	2500	1250
MG36HRX	408	Picture	Delay	5714182	0	2	20060	3	0	19920
MG36HRX	409	Picture	1_68_Retrieval_Working_Memory_MEG_P4_LR_Salient_DoChange_CuedRetrieval_retrieval_patch_orientation_100_retrieval_position_3	5734409	0	1	30089	3	0	29920
MG36HRX	409	Response	20	5746265	11856	3
MG36HRX	410	Picture	ITI	5764666	0	1	23068	2	0	22920
MG36HRX	411	Picture	CueingCross	5787901	0	2	3009	3	0	2920
MG36HRX	412	Picture	PrepTime	5791077	0	2	3009	4	0	2920
MG36HRX	413	Picture	1_69_Encoding_Working_Memory_MEG_P4_LR_Salient_NoChange_CuedRetrieval_300_300_399_2050_3000_2100_gabor_patch_orientation_145_162_085_117_target_position_2_4_retrieval_position_2	5794254	0	1	1337	2	0	1250
MG36HRX	413	Picture	Flicker2	5795591	1337	1	1337	2	1250	1250
MG36HRX	413	Picture	Flicker3	5796928	2674	1	1338	2	2500	1250
MG36HRX	414	Picture	Delay	5798433	0	1	20561	2	0	20420
MG36HRX	415	Picture	1_69_Retrieval_Working_Memory_MEG_P4_LR_Salient_NoChange_CuedRetrieval_retrieval_patch_orientation_162_retrieval_position_2	5819161	0	1	30089	3	0	29920
MG36HRX	415	Response	10	5848543	29382	4
MG36HRX	416	Picture	ITI	5849418	0	1	21062	2	0	20920
MG36HRX	417	Picture	CueingCross	5870647	0	2	3009	3	0	2920
MG36HRX	418	Picture	PrepTime	5873823	0	2	3009	4	0	2920
MG36HRX	419	Picture	1_70_Encoding_Working_Memory_MEG_P4_LR_Salient_NoChange_UncuedRetriev_300_300_399_2150_3000_2000_gabor_patch_orientation_095_028_173_147_target_position_2_3_retrieval_position_4	5877000	0	1	1337	2	0	1250
MG36HRX	419	Picture	Flicker2	5878337	1337	1	1337	2	1250	1250
MG36HRX	419	Picture	Flicker3	5879674	2674	1	1338	2	2500	1250
MG36HRX	420	Picture	Delay	5881179	0	1	21564	2	0	21420
MG36HRX	421	Picture	1_70_Retrieval_Working_Memory_MEG_P4_LR_Salient_NoChange_UncuedRetriev_retrieval_patch_orientation_147_retrieval_position_4	5902910	0	1	30089	3	0	29920
MG36HRX	421	Response	20	5912373	9463	3
MG36HRX	422	Picture	ITI	5933167	0	1	20059	2	0	19920
MG36HRX	423	Picture	BaselinePost	5953393	0	2	50149	4	0	50000
