Scenario - ATWM1_Working_Memory_MEG_nonsalient_cued_instruction
Logfile written - 02/09/2016 18:43:42

Subject	Trial	Event Type	Code	Time	TTime	Uncertainty	Duration	Uncertainty	ReqTime	ReqDur

HK61CTP	1	Picture	Instruction_NS_C	29	0	2	100129	3	0	100000
HK61CTP	1	Response	10	82914	82885	4
HK61CTP	2	Picture	Instruction2	100325	0	1	100129	2	0	100000
HK61CTP	3	Picture	Instruction3	200621	0	1	13205	4	0	resp
HK61CTP	3	Response	10	213780	13159	3
HK61CTP	4	Picture	Instruction4	233886	0	1	2006	2	0	resp
HK61CTP	4	Response	20	235869	1983	4
HK61CTP	5	Picture	Instruction5	255951	0	2	1003	4	0	resp
HK61CTP	5	Response	10	256819	868	3
HK61CTP	6	Picture	Instruction4	276846	0	2	1003	4	0	resp
HK61CTP	6	Response	20	277828	982	4
HK61CTP	7	Picture	Instruction3	297909	0	1	2006	2	0	resp
HK61CTP	7	Response	10	299847	1938	4
HK61CTP	8	Picture	Instruction4	319974	0	1	2006	2	0	resp
HK61CTP	8	Response	20	321837	1863	3
HK61CTP	9	Picture	Instruction_NS_C_TestTrials	341872	0	1	100129	2	0	100000
HK61CTP	10	Picture	BaselinePre	442168	0	1	20059	2	0	20000
HK61CTP	11	Picture	CueingCross	462395	0	1	3008	3	0	2920
HK61CTP	12	Picture	PrepTime	465571	0	1	3008	3	0	2920
HK61CTP	13	Picture	1_1_Encoding_Working_Memory_MEG_P3_LR_Nonsalient_DoChange_CuedRetrieval_300_300_399_1850_3000_1900_gabor_patch_orientation_126_097_178_068_target_position_2_3_retrieval_position_2	468747	0	1	1337	2	0	1250
HK61CTP	13	Picture	Flicker2	470084	1337	1	1337	2	1250	1250
HK61CTP	13	Picture	Flicker3	471421	2674	1	1337	3	2500	1250
HK61CTP	14	Picture	Delay	472926	0	1	18554	3	0	18420
HK61CTP	15	Picture	1_1_Retrieval_Working_Memory_MEG_P3_LR_Nonsalient_DoChange_CuedRetrieval_retrieval_patch_orientation_051_retrieval_position_2	491648	0	1	30088	3	0	29920
HK61CTP	15	Response	20	498761	7113	4
HK61CTP	16	Picture	ITI	541796	0	1	19056	2	0	18920
HK61CTP	17	Picture	CueingCross	561019	0	1	3009	2	0	2920
HK61CTP	18	Picture	PrepTime	564195	0	1	3009	2	0	2920
HK61CTP	19	Picture	1_2_Encoding_Working_Memory_MEG_P3_LR_Nonsalient_NoChange_CuedRetrieval_300_300_399_1900_3000_2000_gabor_patch_orientation_051_006_180_026_target_position_1_2_retrieval_position_1	567371	0	2	1338	3	0	1250
HK61CTP	19	Picture	Flicker2	568709	1338	1	1337	2	1250	1250
HK61CTP	19	Picture	Flicker3	570046	2675	1	1337	2	2500	1250
HK61CTP	20	Picture	Delay	571550	0	1	19057	2	0	18920
HK61CTP	21	Picture	1_2_Retrieval_Working_Memory_MEG_P3_LR_Nonsalient_NoChange_CuedRetrieval_retrieval_patch_orientation_051_retrieval_position_1	590774	0	1	30089	2	0	29920
HK61CTP	21	Response	10	598498	7724	4
HK61CTP	22	Picture	ITI	640922	0	1	20059	2	0	19920
HK61CTP	23	Picture	CueingCross	661148	0	1	3009	2	0	2920
HK61CTP	24	Picture	PrepTime	664324	0	2	3009	3	0	2920
HK61CTP	25	Picture	1_3_Encoding_Working_Memory_MEG_P3_LR_Nonsalient_DoChange_CuedRetrieval_300_300_399_1750_3000_2050_gabor_patch_orientation_036_173_108_088_target_position_2_4_retrieval_position_2	667500	0	2	1338	3	0	1250
HK61CTP	25	Picture	Flicker2	668838	1338	1	1337	2	1250	1250
HK61CTP	25	Picture	Flicker3	670175	2675	1	1337	2	2500	1250
HK61CTP	26	Picture	Delay	671679	0	2	17552	3	0	17420
HK61CTP	27	Picture	1_3_Retrieval_Working_Memory_MEG_P3_LR_Nonsalient_DoChange_CuedRetrieval_retrieval_patch_orientation_124_retrieval_position_2	689398	0	2	30089	3	0	29920
HK61CTP	27	Response	20	696615	7217	4
HK61CTP	28	Picture	ITI	739546	0	2	20560	4	0	20420
HK61CTP	29	Picture	CueingCross	760274	0	2	3009	3	0	2920
HK61CTP	30	Picture	PrepTime	763450	0	2	3009	3	0	2920
HK61CTP	31	Picture	1_4_Encoding_Working_Memory_MEG_P3_LR_Nonsalient_NoChange_CuedRetrieval_300_300_399_1800_3000_1950_gabor_patch_orientation_029_134_167_092_target_position_3_4_retrieval_position_3	766626	0	2	1338	3	0	1250
HK61CTP	31	Picture	Flicker2	767964	1338	1	1337	2	1250	1250
HK61CTP	31	Picture	Flicker3	769301	2675	1	1337	2	2500	1250
HK61CTP	32	Picture	Delay	770805	0	2	18054	3	0	17920
HK61CTP	33	Picture	1_4_Retrieval_Working_Memory_MEG_P3_LR_Nonsalient_NoChange_CuedRetrieval_retrieval_patch_orientation_167_retrieval_position_3	789026	0	1	30089	2	0	29920
HK61CTP	33	Response	10	799022	9996	3
HK61CTP	34	Picture	ITI	839174	0	1	19558	2	0	19420
HK61CTP	35	Picture	BaselinePost	858899	0	1	20059	2	0	20000
HK61CTP	36	Picture	Instruction_NS_C	879125	0	1	50148	3	0	50000
