Scenario - ATWM1_Working_Memory_MEG_salient_uncued_instruction
Logfile written - 02/09/2016 18:28:27

Subject	Trial	Event Type	Code	Time	TTime	Uncertainty	Duration	Uncertainty	ReqTime	ReqDur

HK61CTP	1	Picture	Instruction_S_UC	29	0	1	100129	2	0	100000
HK61CTP	1	Response	10	97613	97584	4
HK61CTP	2	Picture	Instruction2	100325	0	1	100129	2	0	100000
HK61CTP	2	Response	20	111892	11567	4
HK61CTP	2	Response	10	115322	14997	3
HK61CTP	3	Picture	Instruction3	200621	0	1	23904	2	0	resp
HK61CTP	3	Response	10	224399	23778	3
HK61CTP	4	Picture	Instruction4	244584	0	2	5015	3	0	resp
HK61CTP	4	Response	20	249568	4984	4
HK61CTP	5	Picture	Instruction5	269659	0	1	2340	2	0	resp
HK61CTP	5	Response	10	271957	2298	4
HK61CTP	6	Picture	Instruction4	292058	0	1	2340	2	0	resp
HK61CTP	6	Response	20	294267	2209	3
HK61CTP	7	Picture	Instruction3	314290	0	1	2675	2	0	resp
HK61CTP	7	Response	10	316856	2566	4
HK61CTP	8	Picture	Instruction4	337024	0	1	2340	2	0	resp
HK61CTP	8	Response	20	339245	2221	4
HK61CTP	9	Picture	Instruction_S_UC_TestTrials	359424	0	1	100129	2	0	100000
HK61CTP	10	Picture	BaselinePre	459720	0	1	20059	2	0	20000
HK61CTP	11	Picture	CueingCross	479946	0	1	3009	2	0	2920
HK61CTP	12	Picture	PrepTime	483122	0	1	3009	2	0	2920
HK61CTP	13	Picture	1_1_Encoding_Working_Memory_MEG_P3_LR_Salient_DoChange_CuedRetrieval_300_300_399_1900_3000_1900_gabor_patch_orientation_044_100_082_013_target_position_2_4_retrieval_position_4	486298	0	2	1338	3	0	1250
HK61CTP	13	Picture	Flicker2	487636	1338	1	1337	2	1250	1250
HK61CTP	13	Picture	Flicker3	488973	2675	1	1337	2	2500	1250
HK61CTP	14	Picture	Delay	490477	0	2	19057	3	0	18920
HK61CTP	15	Picture	1_1_Retrieval_Working_Memory_MEG_P3_LR_Salient_DoChange_CuedRetrieval_retrieval_patch_orientation_151_retrieval_position_4	509701	0	1	30089	2	0	29920
HK61CTP	15	Response	20	517880	8179	3
HK61CTP	16	Picture	ITI	559849	0	1	19056	2	0	18920
HK61CTP	17	Picture	CueingCross	579072	0	1	3009	2	0	2920
HK61CTP	18	Picture	PrepTime	582248	0	2	3009	3	0	2920
HK61CTP	19	Picture	1_2_Encoding_Working_Memory_MEG_P3_LR_Salient_NoChange_CuedRetrieval_300_300_399_1750_3000_1950_gabor_patch_orientation_171_062_002_147_target_position_1_2_retrieval_position_2	585424	0	2	1338	3	0	1250
HK61CTP	19	Picture	Flicker2	586762	1338	1	1337	2	1250	1250
HK61CTP	19	Picture	Flicker3	588099	2675	1	1337	2	2500	1250
HK61CTP	20	Picture	Delay	589603	0	2	17552	3	0	17420
HK61CTP	21	Picture	1_2_Retrieval_Working_Memory_MEG_P3_LR_Salient_NoChange_CuedRetrieval_retrieval_patch_orientation_062_retrieval_position_2	607322	0	2	30089	4	0	29920
HK61CTP	21	Response	10	616347	9025	3
HK61CTP	22	Picture	ITI	657470	0	2	19558	3	0	19420
HK61CTP	23	Picture	CueingCross	677195	0	2	3009	3	0	2920
HK61CTP	24	Picture	PrepTime	680371	0	2	3009	3	0	2920
HK61CTP	25	Picture	1_3_Encoding_Working_Memory_MEG_P3_LR_Salient_DoChange_CuedRetrieval_300_300_399_1800_3000_2000_gabor_patch_orientation_150_132_019_044_target_position_1_3_retrieval_position_3	683547	0	2	1338	3	0	1250
HK61CTP	25	Picture	Flicker2	684885	1338	1	1337	2	1250	1250
HK61CTP	25	Picture	Flicker3	686222	2675	1	1337	2	2500	1250
HK61CTP	26	Picture	Delay	687726	0	2	18054	3	0	17920
HK61CTP	27	Picture	1_3_Retrieval_Working_Memory_MEG_P3_LR_Salient_DoChange_CuedRetrieval_retrieval_patch_orientation_068_retrieval_position_3	705947	0	1	30089	2	0	29920
HK61CTP	27	Response	20	714284	8337	3
HK61CTP	28	Picture	ITI	756095	0	1	20059	2	0	19920
HK61CTP	29	Picture	CueingCross	776321	0	2	3009	3	0	2920
HK61CTP	30	Picture	PrepTime	779497	0	2	3009	3	0	2920
HK61CTP	31	Picture	1_4_Encoding_Working_Memory_MEG_P3_LR_Salient_NoChange_CuedRetrieval_300_300_399_1850_3000_2050_gabor_patch_orientation_169_060_031_137_target_position_3_4_retrieval_position_3	782673	0	2	1338	3	0	1250
HK61CTP	31	Picture	Flicker2	784011	1338	1	1337	2	1250	1250
HK61CTP	31	Picture	Flicker3	785348	2675	1	1337	2	2500	1250
HK61CTP	32	Picture	Delay	786852	0	2	18555	3	0	18420
HK61CTP	33	Picture	1_4_Retrieval_Working_Memory_MEG_P3_LR_Salient_NoChange_CuedRetrieval_retrieval_patch_orientation_031_retrieval_position_3	805574	0	2	30089	3	0	29920
HK61CTP	33	Response	10	816341	10767	3
HK61CTP	34	Picture	ITI	855722	0	2	20561	3	0	20420
HK61CTP	35	Picture	BaselinePost	876450	0	2	20060	3	0	20000
HK61CTP	36	Picture	Instruction_S_UC	896677	0	1	50148	2	0	50000
