Scenario - ATWM1_Working_Memory_MEG_salient_cued_run2
Logfile written - 02/09/2016 12:19:17

Subject	Trial	Event Type	Code	Time	TTime	Uncertainty	Duration	Uncertainty	ReqTime	ReqDur

LG82ZTE	1	Picture	ExpStart	29	0	1	10030	2	0	10000
LG82ZTE	2	Picture	BaselinePre	10226	0	1	100129	2	0	100000
LG82ZTE	3	Picture	CueingCross	110522	0	1	3009	2	0	2920
LG82ZTE	4	Picture	PrepTime	113698	0	1	3009	2	0	2920
LG82ZTE	5	Picture	2_1_Encoding_Working_Memory_MEG_P2_LR_Salient_NoChange_CuedRetrieval_300_300_399_1850_3000_2600_gabor_patch_orientation_009_152_131_087_target_position_2_4_retrieval_position_4	116874	0	1	1337	2	0	1250
LG82ZTE	5	Picture	Flicker2	118211	1337	1	1338	2	1250	1250
LG82ZTE	5	Picture	Flicker3	119549	2675	1	1337	2	2500	1250
LG82ZTE	6	Picture	Delay	121053	0	1	18555	2	0	18420
LG82ZTE	7	Picture	2_1_Retrieval_Working_Memory_MEG_P2_LR_Salient_NoChange_CuedRetrieval_retrieval_patch_orientation_087_retrieval_position_4	139775	0	1	30089	2	0	29920
LG82ZTE	7	Response	10	151711	11936	4
LG82ZTE	8	Picture	ITI	170031	0	1	26077	2	0	25920
LG82ZTE	9	Picture	CueingCross	196275	0	1	3009	2	0	2920
LG82ZTE	10	Picture	PrepTime	199451	0	1	3009	2	0	2920
LG82ZTE	11	Picture	2_2_Encoding_Working_Memory_MEG_P2_LR_Salient_DoChange_CuedRetrieval_300_300_399_1850_3000_2050_gabor_patch_orientation_010_034_146_058_target_position_1_3_retrieval_position_3	202627	0	1	1338	2	0	1250
LG82ZTE	11	Picture	Flicker2	203965	1338	1	1170	2	1250	1250
LG82ZTE	11	Picture	Flicker3	205135	2508	1	1337	2	2500	1250
LG82ZTE	12	Picture	Delay	206639	0	1	18555	2	0	18420
LG82ZTE	13	Picture	2_2_Retrieval_Working_Memory_MEG_P2_LR_Salient_DoChange_CuedRetrieval_retrieval_patch_orientation_098_retrieval_position_3	225361	0	1	30089	2	0	29920
LG82ZTE	13	Response	20	231939	6578	4
LG82ZTE	14	Picture	ITI	255617	0	1	20561	2	0	20420
LG82ZTE	15	Picture	CueingCross	276345	0	1	3009	2	0	2920
LG82ZTE	16	Picture	PrepTime	279521	0	1	3009	2	0	2920
LG82ZTE	17	Picture	2_3_Encoding_Working_Memory_MEG_P2_LR_Salient_NoChange_CuedRetrieval_300_300_399_2200_3000_2250_gabor_patch_orientation_086_035_142_167_target_position_1_4_retrieval_position_4	282697	0	1	1337	2	0	1250
LG82ZTE	17	Picture	Flicker2	284034	1337	1	1170	3	1250	1250
LG82ZTE	17	Picture	Flicker3	285204	2507	2	1338	3	2500	1250
LG82ZTE	18	Picture	Delay	286709	0	1	22065	2	0	21920
LG82ZTE	19	Picture	2_3_Retrieval_Working_Memory_MEG_P2_LR_Salient_NoChange_CuedRetrieval_retrieval_patch_orientation_167_retrieval_position_4	308941	0	1	30089	2	0	29920
LG82ZTE	19	Response	10	323886	14945	4
LG82ZTE	20	Picture	ITI	339197	0	1	22567	2	0	22420
LG82ZTE	21	Picture	CueingCross	361931	0	1	3009	2	0	2920
LG82ZTE	22	Picture	PrepTime	365107	0	1	3009	2	0	2920
LG82ZTE	23	Picture	2_4_Encoding_Working_Memory_MEG_P2_LR_Salient_NoChange_CuedRetrieval_300_300_399_2250_3000_1900_gabor_patch_orientation_123_080_037_014_target_position_1_2_retrieval_position_1	368283	0	1	1337	3	0	1250
LG82ZTE	23	Picture	Flicker2	369620	1337	2	1171	3	1250	1250
LG82ZTE	23	Picture	Flicker3	370791	2508	1	1337	2	2500	1250
LG82ZTE	24	Picture	Delay	372295	0	1	22567	2	0	22420
LG82ZTE	25	Picture	2_4_Retrieval_Working_Memory_MEG_P2_LR_Salient_NoChange_CuedRetrieval_retrieval_patch_orientation_123_retrieval_position_1	395029	0	1	30089	2	0	29920
LG82ZTE	25	Response	10	403764	8735	3
LG82ZTE	26	Picture	ITI	425285	0	1	19056	2	0	18920
LG82ZTE	27	Picture	CueingCross	444508	0	2	3009	3	0	2920
LG82ZTE	28	Picture	PrepTime	447684	0	2	3009	3	0	2920
LG82ZTE	29	Picture	2_5_Encoding_Working_Memory_MEG_P2_LR_Salient_NoChange_UncuedRetriev_300_300_399_1950_3000_2150_gabor_patch_orientation_123_090_006_050_target_position_1_3_retrieval_position_2	450860	0	2	1338	3	0	1250
LG82ZTE	29	Picture	Flicker2	452198	1338	1	1170	2	1250	1250
LG82ZTE	29	Picture	Flicker3	453368	2508	1	1337	2	2500	1250
LG82ZTE	30	Picture	Delay	454872	0	1	19558	2	0	19420
LG82ZTE	31	Picture	2_5_Retrieval_Working_Memory_MEG_P2_LR_Salient_NoChange_UncuedRetriev_retrieval_patch_orientation_090_retrieval_position_2	474597	0	1	30089	2	0	29920
LG82ZTE	31	Response	20	499991	25394	3
LG82ZTE	32	Picture	ITI	504853	0	1	21564	2	0	21420
LG82ZTE	33	Picture	CueingCross	526584	0	1	3009	2	0	2920
LG82ZTE	34	Picture	PrepTime	529760	0	1	3009	2	0	2920
LG82ZTE	35	Picture	2_6_Encoding_Working_Memory_MEG_P2_LR_Salient_DoChange_CuedRetrieval_300_300_399_1900_3000_2500_gabor_patch_orientation_017_075_106_047_target_position_2_3_retrieval_position_2	532936	0	1	1337	2	0	1250
LG82ZTE	35	Picture	Flicker2	534273	1337	1	1170	3	1250	1250
LG82ZTE	35	Picture	Flicker3	535443	2507	2	1338	3	2500	1250
LG82ZTE	36	Picture	Delay	536948	0	1	19056	2	0	18920
LG82ZTE	37	Picture	2_6_Retrieval_Working_Memory_MEG_P2_LR_Salient_DoChange_CuedRetrieval_retrieval_patch_orientation_125_retrieval_position_2	556171	0	2	30089	3	0	29920
LG82ZTE	37	Response	20	564959	8788	3
LG82ZTE	38	Picture	ITI	586427	0	2	25074	4	0	24920
LG82ZTE	39	Picture	CueingCross	611669	0	1	3008	3	0	2920
LG82ZTE	40	Picture	PrepTime	614845	0	1	3009	2	0	2920
LG82ZTE	41	Picture	2_7_Encoding_Working_Memory_MEG_P2_LR_Salient_NoChange_CuedRetrieval_300_300_399_2100_3000_2050_gabor_patch_orientation_013_087_030_072_target_position_1_2_retrieval_position_1	618021	0	1	1337	2	0	1250
LG82ZTE	41	Picture	Flicker2	619358	1337	1	1337	2	1250	1250
LG82ZTE	41	Picture	Flicker3	620695	2674	1	1337	3	2500	1250
LG82ZTE	42	Picture	Delay	622199	0	2	21063	3	0	20920
LG82ZTE	43	Picture	2_7_Retrieval_Working_Memory_MEG_P2_LR_Salient_NoChange_CuedRetrieval_retrieval_patch_orientation_013_retrieval_position_1	643429	0	1	30089	2	0	29920
LG82ZTE	43	Response	10	654176	10747	3
LG82ZTE	44	Picture	ITI	673685	0	1	20561	2	0	20420
LG82ZTE	45	Picture	CueingCross	694413	0	1	3009	2	0	2920
LG82ZTE	46	Picture	PrepTime	697589	0	1	3009	2	0	2920
LG82ZTE	47	Picture	2_8_Encoding_Working_Memory_MEG_P2_LR_Salient_NoChange_CuedRetrieval_300_300_399_1950_3000_2050_gabor_patch_orientation_033_002_080_057_target_position_1_2_retrieval_position_2	700765	0	1	1337	2	0	1250
LG82ZTE	47	Picture	Flicker2	702102	1337	1	1170	3	1250	1250
LG82ZTE	47	Picture	Flicker3	703272	2507	2	1338	3	2500	1250
LG82ZTE	48	Picture	Delay	704777	0	1	19558	2	0	19420
LG82ZTE	49	Picture	2_8_Retrieval_Working_Memory_MEG_P2_LR_Salient_NoChange_CuedRetrieval_retrieval_patch_orientation_002_retrieval_position_2	724502	0	1	30089	2	0	29920
LG82ZTE	49	Response	10	733143	8641	4
LG82ZTE	50	Picture	ITI	754758	0	1	20561	2	0	20420
LG82ZTE	51	Picture	CueingCross	775486	0	1	3009	2	0	2920
LG82ZTE	52	Picture	PrepTime	778662	0	1	3009	2	0	2920
LG82ZTE	53	Picture	2_9_Encoding_Working_Memory_MEG_P2_LR_Salient_DoChange_CuedRetrieval_300_300_399_1800_3000_2150_gabor_patch_orientation_086_133_063_148_target_position_2_3_retrieval_position_3	781838	0	1	1337	2	0	1250
LG82ZTE	53	Picture	Flicker2	783175	1337	1	1337	2	1250	1250
LG82ZTE	53	Picture	Flicker3	784512	2674	1	1338	2	2500	1250
LG82ZTE	54	Picture	Delay	786017	0	1	18053	2	0	17920
LG82ZTE	55	Picture	2_9_Retrieval_Working_Memory_MEG_P2_LR_Salient_DoChange_CuedRetrieval_retrieval_patch_orientation_018_retrieval_position_3	804237	0	2	30089	3	0	29920
LG82ZTE	55	Response	10	815751	11514	4
LG82ZTE	56	Picture	ITI	834493	0	2	21564	3	0	21420
LG82ZTE	57	Picture	CueingCross	856224	0	1	3009	2	0	2920
LG82ZTE	58	Picture	PrepTime	859400	0	1	3009	2	0	2920
LG82ZTE	59	Picture	2_10_Encoding_Working_Memory_MEG_P2_LR_Salient_DoChange_CuedRetrieval_300_300_399_1950_3000_2200_gabor_patch_orientation_028_005_135_084_target_position_1_2_retrieval_position_1	862576	0	1	1338	2	0	1250
LG82ZTE	59	Picture	Flicker2	863914	1338	1	1170	2	1250	1250
LG82ZTE	59	Picture	Flicker3	865084	2508	1	1337	2	2500	1250
LG82ZTE	60	Picture	Delay	866588	0	1	19558	2	0	19420
LG82ZTE	61	Picture	2_10_Retrieval_Working_Memory_MEG_P2_LR_Salient_DoChange_CuedRetrieval_retrieval_patch_orientation_163_retrieval_position_1	886313	0	1	30089	2	0	29920
LG82ZTE	61	Response	20	894818	8505	4
LG82ZTE	62	Picture	ITI	916569	0	1	22065	2	0	21920
LG82ZTE	63	Picture	CueingCross	938801	0	2	3009	3	0	2920
LG82ZTE	64	Picture	PrepTime	941977	0	2	3009	3	0	2920
LG82ZTE	65	Picture	2_11_Encoding_Working_Memory_MEG_P2_LR_Salient_DoChange_CuedRetrieval_300_300_399_2100_3000_2150_gabor_patch_orientation_081_132_148_010_target_position_2_3_retrieval_position_3	945153	0	2	1338	3	0	1250
LG82ZTE	65	Picture	Flicker2	946491	1338	1	1170	2	1250	1250
LG82ZTE	65	Picture	Flicker3	947661	2508	1	1337	2	2500	1250
LG82ZTE	66	Picture	Delay	949165	0	2	21062	4	0	20920
LG82ZTE	67	Picture	2_11_Retrieval_Working_Memory_MEG_P2_LR_Salient_DoChange_CuedRetrieval_retrieval_patch_orientation_099_retrieval_position_3	970395	0	1	30089	2	0	29920
LG82ZTE	67	Response	10	986426	16031	3
LG82ZTE	68	Picture	ITI	1000650	0	2	21564	3	0	21420
LG82ZTE	69	Picture	CueingCross	1022382	0	1	3008	3	0	2920
LG82ZTE	70	Picture	PrepTime	1025558	0	1	3008	3	0	2920
LG82ZTE	71	Picture	2_12_Encoding_Working_Memory_MEG_P2_LR_Salient_NoChange_CuedRetrieval_300_300_399_2150_3000_2250_gabor_patch_orientation_103_079_061_128_target_position_1_3_retrieval_position_3	1028734	0	1	1337	2	0	1250
LG82ZTE	71	Picture	Flicker2	1030071	1337	1	1337	2	1250	1250
LG82ZTE	71	Picture	Flicker3	1031408	2674	1	1337	3	2500	1250
LG82ZTE	72	Picture	Delay	1032913	0	1	21563	2	0	21420
LG82ZTE	73	Picture	2_12_Retrieval_Working_Memory_MEG_P2_LR_Salient_NoChange_CuedRetrieval_retrieval_patch_orientation_061_retrieval_position_3	1054643	0	2	30089	3	0	29920
LG82ZTE	73	Response	10	1064463	9820	4
LG82ZTE	74	Picture	ITI	1084899	0	2	22567	3	0	22420
LG82ZTE	75	Picture	CueingCross	1107633	0	1	3009	2	0	2920
LG82ZTE	76	Picture	PrepTime	1110809	0	2	3009	3	0	2920
LG82ZTE	77	Picture	2_13_Encoding_Working_Memory_MEG_P2_LR_Salient_DoChange_UncuedRetriev_300_300_399_1800_3000_2300_gabor_patch_orientation_133_009_155_114_target_position_2_3_retrieval_position_4	1113985	0	2	1338	3	0	1250
LG82ZTE	77	Picture	Flicker2	1115323	1338	1	1170	2	1250	1250
LG82ZTE	77	Picture	Flicker3	1116493	2508	1	1337	2	2500	1250
LG82ZTE	78	Picture	Delay	1117997	0	1	18053	3	0	17920
LG82ZTE	79	Picture	2_13_Retrieval_Working_Memory_MEG_P2_LR_Salient_DoChange_UncuedRetriev_retrieval_patch_orientation_067_retrieval_position_4	1136218	0	1	30089	2	0	29920
LG82ZTE	79	Response	10	1154280	18062	4
LG82ZTE	80	Picture	ITI	1166474	0	1	23068	2	0	22920
LG82ZTE	81	Picture	CueingCross	1189709	0	1	3009	2	0	2920
LG82ZTE	82	Picture	PrepTime	1192885	0	1	3009	2	0	2920
LG82ZTE	83	Picture	2_14_Encoding_Working_Memory_MEG_P2_LR_Salient_NoChange_CuedRetrieval_300_300_399_1800_3000_2100_gabor_patch_orientation_030_012_117_064_target_position_2_4_retrieval_position_2	1196061	0	1	1337	2	0	1250
LG82ZTE	83	Picture	Flicker2	1197398	1337	1	1170	3	1250	1250
LG82ZTE	83	Picture	Flicker3	1198568	2507	2	1338	3	2500	1250
LG82ZTE	84	Picture	Delay	1200073	0	1	18053	2	0	17920
LG82ZTE	85	Picture	2_14_Retrieval_Working_Memory_MEG_P2_LR_Salient_NoChange_CuedRetrieval_retrieval_patch_orientation_012_retrieval_position_2	1218293	0	2	30089	3	0	29920
LG82ZTE	85	Response	10	1227378	9085	4
LG82ZTE	86	Picture	ITI	1248549	0	2	21063	3	0	20920
LG82ZTE	87	Picture	CueingCross	1269779	0	1	3009	2	0	2920
LG82ZTE	88	Picture	PrepTime	1272955	0	1	3009	2	0	2920
LG82ZTE	89	Picture	2_15_Encoding_Working_Memory_MEG_P2_LR_Salient_DoChange_CuedRetrieval_300_300_399_2050_3000_2200_gabor_patch_orientation_178_003_092_155_target_position_1_2_retrieval_position_1	1276131	0	1	1337	2	0	1250
LG82ZTE	89	Picture	Flicker2	1277468	1337	1	1337	3	1250	1250
LG82ZTE	89	Picture	Flicker3	1278805	2674	2	1338	3	2500	1250
LG82ZTE	90	Picture	Delay	1280310	0	1	20561	2	0	20420
LG82ZTE	91	Picture	2_15_Retrieval_Working_Memory_MEG_P2_LR_Salient_DoChange_CuedRetrieval_retrieval_patch_orientation_128_retrieval_position_1	1301038	0	1	30089	2	0	29920
LG82ZTE	91	Response	20	1308896	7858	3
LG82ZTE	92	Picture	ITI	1331294	0	1	22065	2	0	21920
LG82ZTE	93	Picture	CueingCross	1353526	0	1	3009	2	0	2920
LG82ZTE	94	Picture	PrepTime	1356702	0	1	3009	2	0	2920
LG82ZTE	95	Picture	2_16_Encoding_Working_Memory_MEG_P2_LR_Salient_DoChange_CuedRetrieval_300_300_399_2250_3000_2400_gabor_patch_orientation_116_036_145_101_target_position_2_4_retrieval_position_4	1359878	0	1	1337	3	0	1250
LG82ZTE	95	Picture	Flicker2	1361215	1337	2	1171	3	1250	1250
LG82ZTE	95	Picture	Flicker3	1362386	2508	1	1337	2	2500	1250
LG82ZTE	96	Picture	Delay	1363890	0	1	22567	2	0	22420
LG82ZTE	97	Picture	2_16_Retrieval_Working_Memory_MEG_P2_LR_Salient_DoChange_CuedRetrieval_retrieval_patch_orientation_055_retrieval_position_4	1386624	0	1	30089	2	0	29920
LG82ZTE	97	Response	20	1395273	8649	4
LG82ZTE	98	Picture	ITI	1416880	0	1	24071	2	0	23920
LG82ZTE	99	Picture	CueingCross	1441118	0	1	3009	2	0	2920
LG82ZTE	100	Picture	PrepTime	1444294	0	1	3009	2	0	2920
LG82ZTE	101	Picture	2_17_Encoding_Working_Memory_MEG_P2_LR_Salient_NoChange_UncuedRetriev_300_300_399_1800_3000_2100_gabor_patch_orientation_083_021_107_128_target_position_2_4_retrieval_position_1	1447470	0	1	1337	3	0	1250
LG82ZTE	101	Picture	Flicker2	1448807	1337	2	1171	3	1250	1250
LG82ZTE	101	Picture	Flicker3	1449978	2508	1	1337	2	2500	1250
LG82ZTE	102	Picture	Delay	1451482	0	1	18053	2	0	17920
LG82ZTE	103	Picture	2_17_Retrieval_Working_Memory_MEG_P2_LR_Salient_NoChange_UncuedRetriev_retrieval_patch_orientation_083_retrieval_position_1	1469702	0	2	30089	4	0	29920
LG82ZTE	103	Response	10	1480360	10658	4
LG82ZTE	104	Picture	ITI	1499958	0	2	21063	3	0	20920
LG82ZTE	105	Picture	CueingCross	1521188	0	1	3009	2	0	2920
LG82ZTE	106	Picture	PrepTime	1524364	0	1	3009	2	0	2920
LG82ZTE	107	Picture	2_18_Encoding_Working_Memory_MEG_P2_LR_Salient_NoChange_CuedRetrieval_300_300_399_2200_3000_2050_gabor_patch_orientation_162_131_108_073_target_position_1_2_retrieval_position_2	1527540	0	1	1337	2	0	1250
LG82ZTE	107	Picture	Flicker2	1528877	1337	1	1170	2	1250	1250
LG82ZTE	107	Picture	Flicker3	1530047	2507	1	1338	2	2500	1250
LG82ZTE	108	Picture	Delay	1531552	0	1	22065	2	0	21920
LG82ZTE	109	Picture	2_18_Retrieval_Working_Memory_MEG_P2_LR_Salient_NoChange_CuedRetrieval_retrieval_patch_orientation_131_retrieval_position_2	1553784	0	1	30089	2	0	29920
LG82ZTE	109	Response	10	1560258	6474	3
LG82ZTE	110	Picture	ITI	1584040	0	2	20561	3	0	20420
LG82ZTE	111	Picture	CueingCross	1604768	0	1	3009	2	0	2920
LG82ZTE	112	Picture	PrepTime	1607944	0	1	3008	4	0	2920
LG82ZTE	113	Picture	2_19_Encoding_Working_Memory_MEG_P2_LR_Salient_NoChange_CuedRetrieval_300_300_399_2250_3000_2500_gabor_patch_orientation_063_133_118_006_target_position_1_2_retrieval_position_2	1611120	0	1	1337	3	0	1250
LG82ZTE	113	Picture	Flicker2	1612457	1337	2	1171	3	1250	1250
LG82ZTE	113	Picture	Flicker3	1613628	2508	1	1337	2	2500	1250
LG82ZTE	114	Picture	Delay	1615132	0	1	22567	2	0	22420
LG82ZTE	115	Picture	2_19_Retrieval_Working_Memory_MEG_P2_LR_Salient_NoChange_CuedRetrieval_retrieval_patch_orientation_133_retrieval_position_2	1637866	0	1	30089	2	0	29920
LG82ZTE	115	Response	10	1644575	6709	4
LG82ZTE	116	Picture	ITI	1668122	0	1	25074	2	0	24920
LG82ZTE	117	Picture	CueingCross	1693363	0	1	3009	2	0	2920
LG82ZTE	118	Picture	PrepTime	1696539	0	1	3009	2	0	2920
LG82ZTE	119	Picture	2_20_Encoding_Working_Memory_MEG_P2_LR_Salient_NoChange_CuedRetrieval_300_300_399_2100_3000_2400_gabor_patch_orientation_114_009_133_149_target_position_3_4_retrieval_position_3	1699715	0	1	1337	3	0	1250
LG82ZTE	119	Picture	Flicker2	1701052	1337	2	1171	3	1250	1250
LG82ZTE	119	Picture	Flicker3	1702223	2508	1	1337	2	2500	1250
LG82ZTE	120	Picture	Delay	1703727	0	1	21062	2	0	20920
LG82ZTE	121	Picture	2_20_Retrieval_Working_Memory_MEG_P2_LR_Salient_NoChange_CuedRetrieval_retrieval_patch_orientation_133_retrieval_position_3	1724956	0	2	30089	3	0	29920
LG82ZTE	121	Response	10	1735703	10747	3
LG82ZTE	122	Picture	ITI	1755212	0	2	24071	4	0	23920
LG82ZTE	123	Picture	CueingCross	1779451	0	1	3008	3	0	2920
LG82ZTE	124	Picture	PrepTime	1782627	0	1	3009	2	0	2920
LG82ZTE	125	Picture	2_21_Encoding_Working_Memory_MEG_P2_LR_Salient_DoChange_CuedRetrieval_300_300_399_2000_3000_2300_gabor_patch_orientation_158_173_005_044_target_position_1_3_retrieval_position_1	1785803	0	1	1337	2	0	1250
LG82ZTE	125	Picture	Flicker2	1787140	1337	1	1337	2	1250	1250
LG82ZTE	125	Picture	Flicker3	1788477	2674	1	1338	2	2500	1250
LG82ZTE	126	Picture	Delay	1789982	0	1	20059	2	0	19920
LG82ZTE	127	Picture	2_21_Retrieval_Working_Memory_MEG_P2_LR_Salient_DoChange_CuedRetrieval_retrieval_patch_orientation_113_retrieval_position_1	1810208	0	1	30089	2	0	29920
LG82ZTE	127	Response	20	1824240	14032	4
LG82ZTE	128	Picture	ITI	1840464	0	1	23068	2	0	22920
LG82ZTE	129	Picture	CueingCross	1863699	0	2	3009	3	0	2920
LG82ZTE	130	Picture	PrepTime	1866875	0	2	3009	3	0	2920
LG82ZTE	131	Picture	2_22_Encoding_Working_Memory_MEG_P2_LR_Salient_NoChange_CuedRetrieval_300_300_399_2000_3000_2550_gabor_patch_orientation_140_021_060_172_target_position_3_4_retrieval_position_3	1870052	0	1	1337	2	0	1250
LG82ZTE	131	Picture	Flicker2	1871389	1337	1	1337	2	1250	1250
LG82ZTE	131	Picture	Flicker3	1872726	2674	1	1337	2	2500	1250
LG82ZTE	132	Picture	Delay	1874231	0	1	20059	2	0	19920
LG82ZTE	133	Picture	2_22_Retrieval_Working_Memory_MEG_P2_LR_Salient_NoChange_CuedRetrieval_retrieval_patch_orientation_060_retrieval_position_3	1894457	0	1	30089	2	0	29920
LG82ZTE	133	Response	10	1902237	7780	4
LG82ZTE	134	Picture	ITI	1924713	0	1	25575	3	0	25420
LG82ZTE	135	Picture	CueingCross	1950456	0	1	3009	2	0	2920
LG82ZTE	136	Picture	PrepTime	1953632	0	1	3009	2	0	2920
LG82ZTE	137	Picture	2_23_Encoding_Working_Memory_MEG_P2_LR_Salient_DoChange_UncuedRetriev_300_300_399_2000_3000_2250_gabor_patch_orientation_128_059_148_085_target_position_3_4_retrieval_position_1	1956808	0	1	1337	2	0	1250
LG82ZTE	137	Picture	Flicker2	1958145	1337	1	1337	2	1250	1250
LG82ZTE	137	Picture	Flicker3	1959482	2674	1	1338	2	2500	1250
LG82ZTE	138	Picture	Delay	1960987	0	1	20059	2	0	19920
LG82ZTE	139	Picture	2_23_Retrieval_Working_Memory_MEG_P2_LR_Salient_DoChange_UncuedRetriev_retrieval_patch_orientation_175_retrieval_position_1	1981213	0	1	30089	2	0	29920
LG82ZTE	139	Response	20	1990995	9782	4
LG82ZTE	140	Picture	ITI	2011469	0	1	22567	2	0	22420
LG82ZTE	141	Picture	CueingCross	2034203	0	1	3009	2	0	2920
LG82ZTE	142	Picture	PrepTime	2037379	0	1	3009	2	0	2920
LG82ZTE	143	Picture	2_24_Encoding_Working_Memory_MEG_P2_LR_Salient_DoChange_CuedRetrieval_300_300_399_2100_3000_2000_gabor_patch_orientation_036_020_155_174_target_position_3_4_retrieval_position_3	2040555	0	1	1337	2	0	1250
LG82ZTE	143	Picture	Flicker2	2041892	1337	1	1170	3	1250	1250
LG82ZTE	143	Picture	Flicker3	2043062	2507	2	1338	3	2500	1250
LG82ZTE	144	Picture	Delay	2044566	0	2	21063	3	0	20920
LG82ZTE	145	Picture	2_24_Retrieval_Working_Memory_MEG_P2_LR_Salient_DoChange_CuedRetrieval_retrieval_patch_orientation_109_retrieval_position_3	2065796	0	2	30089	3	0	29920
LG82ZTE	145	Response	20	2073282	7486	4
LG82ZTE	146	Picture	ITI	2096052	0	2	20060	3	0	19920
LG82ZTE	147	Picture	CueingCross	2116279	0	1	3009	2	0	2920
LG82ZTE	148	Picture	PrepTime	2119455	0	1	3009	2	0	2920
LG82ZTE	149	Picture	2_25_Encoding_Working_Memory_MEG_P2_LR_Salient_DoChange_CuedRetrieval_300_300_399_1750_3000_2450_gabor_patch_orientation_090_173_136_060_target_position_2_3_retrieval_position_3	2122631	0	1	1337	2	0	1250
LG82ZTE	149	Picture	Flicker2	2123968	1337	1	1337	2	1250	1250
LG82ZTE	149	Picture	Flicker3	2125305	2674	1	1338	2	2500	1250
LG82ZTE	150	Picture	Delay	2126810	0	1	17552	2	0	17420
LG82ZTE	151	Picture	2_25_Retrieval_Working_Memory_MEG_P2_LR_Salient_DoChange_CuedRetrieval_retrieval_patch_orientation_001_retrieval_position_3	2144529	0	1	30089	2	0	29920
LG82ZTE	151	Response	20	2152780	8251	3
LG82ZTE	152	Picture	ITI	2174785	0	1	24572	2	0	24420
LG82ZTE	153	Picture	CueingCross	2199525	0	1	3008	2	0	2920
LG82ZTE	154	Picture	PrepTime	2202701	0	1	3008	3	0	2920
LG82ZTE	155	Picture	2_26_Encoding_Working_Memory_MEG_P2_LR_Salient_NoChange_UncuedRetriev_300_300_399_1900_3000_2350_gabor_patch_orientation_125_010_169_043_target_position_3_4_retrieval_position_1	2205877	0	1	1337	2	0	1250
LG82ZTE	155	Picture	Flicker2	2207214	1337	1	1337	2	1250	1250
LG82ZTE	155	Picture	Flicker3	2208551	2674	1	1337	3	2500	1250
LG82ZTE	156	Picture	Delay	2210056	0	1	19056	2	0	18920
LG82ZTE	157	Picture	2_26_Retrieval_Working_Memory_MEG_P2_LR_Salient_NoChange_UncuedRetriev_retrieval_patch_orientation_125_retrieval_position_1	2229279	0	1	30089	2	0	29920
LG82ZTE	157	Response	10	2238137	8858	4
LG82ZTE	158	Picture	ITI	2259535	0	1	23570	2	0	23420
LG82ZTE	159	Picture	CueingCross	2283272	0	1	3009	2	0	2920
LG82ZTE	160	Picture	PrepTime	2286448	0	1	3009	2	0	2920
LG82ZTE	161	Picture	2_27_Encoding_Working_Memory_MEG_P2_LR_Salient_NoChange_CuedRetrieval_300_300_399_1850_3000_1950_gabor_patch_orientation_074_112_095_037_target_position_2_3_retrieval_position_2	2289624	0	1	1337	2	0	1250
LG82ZTE	161	Picture	Flicker2	2290961	1337	1	1337	3	1250	1250
LG82ZTE	161	Picture	Flicker3	2292298	2674	2	1338	3	2500	1250
LG82ZTE	162	Picture	Delay	2293803	0	1	18555	2	0	18420
LG82ZTE	163	Picture	2_27_Retrieval_Working_Memory_MEG_P2_LR_Salient_NoChange_CuedRetrieval_retrieval_patch_orientation_112_retrieval_position_2	2312525	0	1	30089	2	0	29920
LG82ZTE	163	Response	10	2320165	7640	3
LG82ZTE	164	Picture	ITI	2342781	0	1	19558	2	0	19420
LG82ZTE	165	Picture	CueingCross	2362506	0	1	3009	2	0	2920
LG82ZTE	166	Picture	PrepTime	2365682	0	1	3009	2	0	2920
LG82ZTE	167	Picture	2_28_Encoding_Working_Memory_MEG_P2_LR_Salient_DoChange_CuedRetrieval_300_300_399_2050_3000_2600_gabor_patch_orientation_015_059_120_143_target_position_1_3_retrieval_position_3	2368858	0	1	1337	2	0	1250
LG82ZTE	167	Picture	Flicker2	2370195	1337	1	1337	3	1250	1250
LG82ZTE	167	Picture	Flicker3	2371532	2674	2	1338	3	2500	1250
LG82ZTE	168	Picture	Delay	2373037	0	1	20561	2	0	20420
LG82ZTE	169	Picture	2_28_Retrieval_Working_Memory_MEG_P2_LR_Salient_DoChange_CuedRetrieval_retrieval_patch_orientation_165_retrieval_position_3	2393765	0	1	30089	2	0	29920
LG82ZTE	169	Response	20	2402462	8697	4
LG82ZTE	170	Picture	ITI	2424021	0	1	26077	2	0	25920
LG82ZTE	171	Picture	CueingCross	2450265	0	1	3009	2	0	2920
LG82ZTE	172	Picture	PrepTime	2453441	0	1	3009	2	0	2920
LG82ZTE	173	Picture	2_29_Encoding_Working_Memory_MEG_P2_LR_Salient_NoChange_CuedRetrieval_300_300_399_2100_3000_1950_gabor_patch_orientation_137_011_172_057_target_position_1_4_retrieval_position_1	2456617	0	1	1337	3	0	1250
LG82ZTE	173	Picture	Flicker2	2457954	1337	2	1171	3	1250	1250
LG82ZTE	173	Picture	Flicker3	2459125	2508	1	1337	2	2500	1250
LG82ZTE	174	Picture	Delay	2460629	0	1	21062	2	0	20920
LG82ZTE	175	Picture	2_29_Retrieval_Working_Memory_MEG_P2_LR_Salient_NoChange_CuedRetrieval_retrieval_patch_orientation_137_retrieval_position_1	2481858	0	2	30089	3	0	29920
LG82ZTE	175	Response	10	2489469	7611	4
LG82ZTE	176	Picture	ITI	2512114	0	2	19558	3	0	19420
LG82ZTE	177	Picture	CueingCross	2531839	0	1	3009	2	0	2920
LG82ZTE	178	Picture	PrepTime	2535015	0	2	3009	3	0	2920
LG82ZTE	179	Picture	2_30_Encoding_Working_Memory_MEG_P2_LR_Salient_DoChange_CuedRetrieval_300_300_399_2250_3000_1900_gabor_patch_orientation_135_114_173_056_target_position_1_2_retrieval_position_1	2538191	0	2	1338	3	0	1250
LG82ZTE	179	Picture	Flicker2	2539529	1338	1	1170	2	1250	1250
LG82ZTE	179	Picture	Flicker3	2540699	2508	1	1337	2	2500	1250
LG82ZTE	180	Picture	Delay	2542203	0	1	22567	2	0	22420
LG82ZTE	181	Picture	2_30_Retrieval_Working_Memory_MEG_P2_LR_Salient_DoChange_CuedRetrieval_retrieval_patch_orientation_089_retrieval_position_1	2564937	0	1	30089	2	0	29920
LG82ZTE	181	Response	20	2577436	12499	5
LG82ZTE	182	Picture	ITI	2595193	0	1	19056	2	0	18920
LG82ZTE	183	Picture	CueingCross	2614416	0	2	3009	3	0	2920
LG82ZTE	184	Picture	PrepTime	2617592	0	2	3009	4	0	2920
LG82ZTE	185	Picture	2_31_Encoding_Working_Memory_MEG_P2_LR_Salient_NoChange_CuedRetrieval_300_300_399_1800_3000_2600_gabor_patch_orientation_023_002_141_077_target_position_2_3_retrieval_position_2	2620768	0	2	1338	3	0	1250
LG82ZTE	185	Picture	Flicker2	2622106	1338	1	1170	2	1250	1250
LG82ZTE	185	Picture	Flicker3	2623276	2508	1	1337	2	2500	1250
LG82ZTE	186	Picture	Delay	2624780	0	2	18054	3	0	17920
LG82ZTE	187	Picture	2_31_Retrieval_Working_Memory_MEG_P2_LR_Salient_NoChange_CuedRetrieval_retrieval_patch_orientation_002_retrieval_position_2	2643001	0	1	30089	2	0	29920
LG82ZTE	187	Response	10	2653894	10893	4
LG82ZTE	188	Picture	ITI	2673257	0	1	26077	2	0	25920
LG82ZTE	189	Picture	CueingCross	2699501	0	1	3009	2	0	2920
LG82ZTE	190	Picture	PrepTime	2702677	0	1	3009	2	0	2920
LG82ZTE	191	Picture	2_32_Encoding_Working_Memory_MEG_P2_LR_Salient_NoChange_CuedRetrieval_300_300_399_1800_3000_2500_gabor_patch_orientation_085_013_119_166_target_position_1_2_retrieval_position_2	2705853	0	1	1337	3	0	1250
LG82ZTE	191	Picture	Flicker2	2707190	1337	2	1171	3	1250	1250
LG82ZTE	191	Picture	Flicker3	2708361	2508	1	1337	2	2500	1250
LG82ZTE	192	Picture	Delay	2709865	0	1	18053	2	0	17920
LG82ZTE	193	Picture	2_32_Retrieval_Working_Memory_MEG_P2_LR_Salient_NoChange_CuedRetrieval_retrieval_patch_orientation_013_retrieval_position_2	2728085	0	2	30089	3	0	29920
LG82ZTE	193	Response	10	2735282	7197	4
LG82ZTE	194	Picture	ITI	2758341	0	2	25074	4	0	24920
LG82ZTE	195	Picture	CueingCross	2783583	0	1	3009	2	0	2920
LG82ZTE	196	Picture	PrepTime	2786759	0	1	3009	2	0	2920
LG82ZTE	197	Picture	2_33_Encoding_Working_Memory_MEG_P2_LR_Salient_DoChange_UncuedRetriev_300_300_399_2150_3000_2350_gabor_patch_orientation_002_017_154_084_target_position_1_2_retrieval_position_4	2789935	0	1	1337	2	0	1250
LG82ZTE	197	Picture	Flicker2	2791272	1337	1	1337	2	1250	1250
LG82ZTE	197	Picture	Flicker3	2792609	2674	1	1338	2	2500	1250
LG82ZTE	198	Picture	Delay	2794114	0	1	21563	3	0	21420
LG82ZTE	199	Picture	2_33_Retrieval_Working_Memory_MEG_P2_LR_Salient_DoChange_UncuedRetriev_retrieval_patch_orientation_132_retrieval_position_4	2815845	0	1	30088	3	0	29920
LG82ZTE	199	Response	10	2826379	10534	3
LG82ZTE	200	Picture	ITI	2846101	0	1	23569	2	0	23420
LG82ZTE	201	Picture	CueingCross	2869837	0	2	3009	3	0	2920
LG82ZTE	202	Picture	PrepTime	2873013	0	2	3009	3	0	2920
LG82ZTE	203	Picture	2_34_Encoding_Working_Memory_MEG_P2_LR_Salient_NoChange_CuedRetrieval_300_300_399_2200_3000_2200_gabor_patch_orientation_030_102_062_012_target_position_2_3_retrieval_position_2	2876189	0	2	1338	3	0	1250
LG82ZTE	203	Picture	Flicker2	2877527	1338	1	1170	2	1250	1250
LG82ZTE	203	Picture	Flicker3	2878697	2508	1	1337	2	2500	1250
LG82ZTE	204	Picture	Delay	2880201	0	2	22066	3	0	21920
LG82ZTE	205	Picture	2_34_Retrieval_Working_Memory_MEG_P2_LR_Salient_NoChange_CuedRetrieval_retrieval_patch_orientation_102_retrieval_position_2	2902434	0	1	30089	2	0	29920
LG82ZTE	205	Response	10	2911646	9212	4
LG82ZTE	206	Picture	ITI	2932690	0	1	22064	3	0	21920
LG82ZTE	207	Picture	CueingCross	2954922	0	1	3009	2	0	2920
LG82ZTE	208	Picture	PrepTime	2958098	0	1	3009	2	0	2920
LG82ZTE	209	Picture	2_35_Encoding_Working_Memory_MEG_P2_LR_Salient_NoChange_UncuedRetriev_300_300_399_1900_3000_2450_gabor_patch_orientation_028_013_147_118_target_position_1_2_retrieval_position_3	2961274	0	1	1337	2	0	1250
LG82ZTE	209	Picture	Flicker2	2962611	1337	1	1171	2	1250	1250
LG82ZTE	209	Picture	Flicker3	2963782	2508	1	1337	2	2500	1250
LG82ZTE	210	Picture	Delay	2965286	0	1	19056	2	0	18920
LG82ZTE	211	Picture	2_35_Retrieval_Working_Memory_MEG_P2_LR_Salient_NoChange_UncuedRetriev_retrieval_patch_orientation_147_retrieval_position_3	2984509	0	2	30089	3	0	29920
LG82ZTE	211	Response	20	2994004	9495	3
LG82ZTE	212	Picture	ITI	3014765	0	2	24573	3	0	24420
LG82ZTE	213	Picture	CueingCross	3039505	0	1	3009	2	0	2920
LG82ZTE	214	Picture	PrepTime	3042681	0	1	3009	2	0	2920
LG82ZTE	215	Picture	2_36_Encoding_Working_Memory_MEG_P2_LR_Salient_DoChange_CuedRetrieval_300_300_399_2150_3000_2000_gabor_patch_orientation_132_162_089_050_target_position_1_4_retrieval_position_4	3045857	0	1	1337	3	0	1250
LG82ZTE	215	Picture	Flicker2	3047194	1337	2	1171	3	1250	1250
LG82ZTE	215	Picture	Flicker3	3048365	2508	1	1337	2	2500	1250
LG82ZTE	216	Picture	Delay	3049869	0	1	21564	2	0	21420
LG82ZTE	217	Picture	2_36_Retrieval_Working_Memory_MEG_P2_LR_Salient_DoChange_CuedRetrieval_retrieval_patch_orientation_002_retrieval_position_4	3071600	0	1	30089	2	0	29920
LG82ZTE	217	Response	20	3079171	7571	4
LG82ZTE	218	Picture	ITI	3101856	0	1	20059	2	0	19920
LG82ZTE	219	Picture	CueingCross	3122082	0	2	3009	3	0	2920
LG82ZTE	220	Picture	PrepTime	3125258	0	2	3009	3	0	2920
LG82ZTE	221	Picture	2_37_Encoding_Working_Memory_MEG_P2_LR_Salient_NoChange_CuedRetrieval_300_300_399_2100_3000_2500_gabor_patch_orientation_030_003_116_145_target_position_1_4_retrieval_position_1	3128434	0	2	1338	3	0	1250
LG82ZTE	221	Picture	Flicker2	3129772	1338	1	1169	3	1250	1250
LG82ZTE	221	Picture	Flicker3	3130941	2507	2	1338	3	2500	1250
LG82ZTE	222	Picture	Delay	3132446	0	2	21062	4	0	20920
LG82ZTE	223	Picture	2_37_Retrieval_Working_Memory_MEG_P2_LR_Salient_NoChange_CuedRetrieval_retrieval_patch_orientation_030_retrieval_position_1	3153676	0	1	30088	3	0	29920
LG82ZTE	223	Response	10	3162319	8643	3
LG82ZTE	224	Picture	ITI	3183932	0	1	25074	2	0	24920
LG82ZTE	225	Picture	CueingCross	3209173	0	1	3009	2	0	2920
LG82ZTE	226	Picture	PrepTime	3212349	0	1	3009	2	0	2920
LG82ZTE	227	Picture	2_38_Encoding_Working_Memory_MEG_P2_LR_Salient_NoChange_CuedRetrieval_300_300_399_1750_3000_2000_gabor_patch_orientation_069_098_130_156_target_position_1_3_retrieval_position_1	3215525	0	1	1337	2	0	1250
LG82ZTE	227	Picture	Flicker2	3216862	1337	1	1338	2	1250	1250
LG82ZTE	227	Picture	Flicker3	3218200	2675	1	1337	2	2500	1250
LG82ZTE	228	Picture	Delay	3219704	0	1	17552	2	0	17420
LG82ZTE	229	Picture	2_38_Retrieval_Working_Memory_MEG_P2_LR_Salient_NoChange_CuedRetrieval_retrieval_patch_orientation_069_retrieval_position_1	3237423	0	1	30089	2	0	29920
LG82ZTE	229	Response	10	3246496	9073	4
LG82ZTE	230	Picture	ITI	3267679	0	1	20059	2	0	19920
LG82ZTE	231	Picture	CueingCross	3287905	0	2	3009	3	0	2920
LG82ZTE	232	Picture	PrepTime	3291081	0	2	3009	3	0	2920
LG82ZTE	233	Picture	2_39_Encoding_Working_Memory_MEG_P2_LR_Salient_NoChange_CuedRetrieval_300_300_399_1850_3000_2200_gabor_patch_orientation_147_066_034_106_target_position_1_3_retrieval_position_3	3294257	0	2	1338	3	0	1250
LG82ZTE	233	Picture	Flicker2	3295595	1338	1	1170	2	1250	1250
LG82ZTE	233	Picture	Flicker3	3296765	2508	1	1337	2	2500	1250
LG82ZTE	234	Picture	Delay	3298269	0	2	18555	3	0	18420
LG82ZTE	235	Picture	2_39_Retrieval_Working_Memory_MEG_P2_LR_Salient_NoChange_CuedRetrieval_retrieval_patch_orientation_034_retrieval_position_3	3316991	0	1	30089	2	0	29920
LG82ZTE	235	Response	10	3330343	13352	4
LG82ZTE	236	Picture	ITI	3347247	0	2	22065	4	0	21920
LG82ZTE	237	Picture	CueingCross	3369480	0	1	3008	3	0	2920
LG82ZTE	238	Picture	PrepTime	3372656	0	1	3009	2	0	2920
LG82ZTE	239	Picture	2_40_Encoding_Working_Memory_MEG_P2_LR_Salient_DoChange_CuedRetrieval_300_300_399_2150_3000_2550_gabor_patch_orientation_022_143_111_096_target_position_3_4_retrieval_position_3	3375832	0	1	1337	2	0	1250
LG82ZTE	239	Picture	Flicker2	3377169	1337	1	1337	2	1250	1250
LG82ZTE	239	Picture	Flicker3	3378506	2674	1	1338	2	2500	1250
LG82ZTE	240	Picture	Delay	3380011	0	1	21563	2	0	21420
LG82ZTE	241	Picture	2_40_Retrieval_Working_Memory_MEG_P2_LR_Salient_DoChange_CuedRetrieval_retrieval_patch_orientation_063_retrieval_position_3	3401741	0	3	30089	4	0	29920
LG82ZTE	241	Response	20	3412501	10760	3
LG82ZTE	242	Picture	ITI	3431998	0	1	25575	2	0	25420
LG82ZTE	243	Picture	CueingCross	3457740	0	1	3009	2	0	2920
LG82ZTE	244	Picture	PrepTime	3460916	0	2	3009	3	0	2920
LG82ZTE	245	Picture	2_41_Encoding_Working_Memory_MEG_P2_LR_Salient_NoChange_CuedRetrieval_300_300_399_2000_3000_2350_gabor_patch_orientation_019_043_149_077_target_position_3_4_retrieval_position_3	3464092	0	2	1338	3	0	1250
LG82ZTE	245	Picture	Flicker2	3465430	1338	1	1170	2	1250	1250
LG82ZTE	245	Picture	Flicker3	3466600	2508	1	1337	2	2500	1250
LG82ZTE	246	Picture	Delay	3468104	0	1	20059	3	0	19920
LG82ZTE	247	Picture	2_41_Retrieval_Working_Memory_MEG_P2_LR_Salient_NoChange_CuedRetrieval_retrieval_patch_orientation_149_retrieval_position_3	3488331	0	1	30088	3	0	29920
LG82ZTE	247	Response	10	3496288	7957	4
LG82ZTE	248	Picture	ITI	3518587	0	1	23569	2	0	23420
LG82ZTE	249	Picture	CueingCross	3542323	0	2	3009	3	0	2920
LG82ZTE	250	Picture	PrepTime	3545499	0	2	3009	4	0	2920
LG82ZTE	251	Picture	2_42_Encoding_Working_Memory_MEG_P2_LR_Salient_NoChange_UncuedRetriev_300_300_399_2250_3000_1900_gabor_patch_orientation_025_154_177_100_target_position_1_4_retrieval_position_3	3548675	0	2	1338	3	0	1250
LG82ZTE	251	Picture	Flicker2	3550013	1338	1	1170	2	1250	1250
LG82ZTE	251	Picture	Flicker3	3551183	2508	1	1337	2	2500	1250
LG82ZTE	252	Picture	Delay	3552687	0	2	22567	3	0	22420
LG82ZTE	253	Picture	2_42_Retrieval_Working_Memory_MEG_P2_LR_Salient_NoChange_UncuedRetriev_retrieval_patch_orientation_177_retrieval_position_3	3575421	0	1	30089	2	0	29920
LG82ZTE	253	Response	20	3584896	9475	3
LG82ZTE	254	Picture	ITI	3605677	0	1	19056	2	0	18920
LG82ZTE	255	Picture	CueingCross	3624901	0	1	3008	3	0	2920
LG82ZTE	256	Picture	PrepTime	3628077	0	1	3008	3	0	2920
LG82ZTE	257	Picture	2_43_Encoding_Working_Memory_MEG_P2_LR_Salient_NoChange_CuedRetrieval_300_300_399_2050_3000_2000_gabor_patch_orientation_158_005_179_074_target_position_1_3_retrieval_position_1	3631253	0	1	1337	2	0	1250
LG82ZTE	257	Picture	Flicker2	3632590	1337	1	1337	2	1250	1250
LG82ZTE	257	Picture	Flicker3	3633927	2674	1	1337	3	2500	1250
LG82ZTE	258	Picture	Delay	3635432	0	1	20560	3	0	20420
LG82ZTE	259	Picture	2_43_Retrieval_Working_Memory_MEG_P2_LR_Salient_NoChange_CuedRetrieval_retrieval_patch_orientation_158_retrieval_position_1	3656159	0	2	30089	4	0	29920
LG82ZTE	259	Response	10	3664483	8324	4
LG82ZTE	260	Picture	ITI	3686416	0	1	20059	2	0	19920
LG82ZTE	261	Picture	CueingCross	3706642	0	1	3009	2	0	2920
LG82ZTE	262	Picture	PrepTime	3709818	0	1	3009	2	0	2920
LG82ZTE	263	Picture	2_44_Encoding_Working_Memory_MEG_P2_LR_Salient_DoChange_CuedRetrieval_300_300_399_1800_3000_1950_gabor_patch_orientation_154_043_177_108_target_position_1_4_retrieval_position_1	3712994	0	1	1337	2	0	1250
LG82ZTE	263	Picture	Flicker2	3714331	1337	1	1170	3	1250	1250
LG82ZTE	263	Picture	Flicker3	3715501	2507	2	1338	3	2500	1250
LG82ZTE	264	Picture	Delay	3717006	0	1	18053	2	0	17920
LG82ZTE	265	Picture	2_44_Retrieval_Working_Memory_MEG_P2_LR_Salient_DoChange_CuedRetrieval_retrieval_patch_orientation_019_retrieval_position_1	3735226	0	2	30089	3	0	29920
LG82ZTE	265	Response	20	3756220	20994	4
LG82ZTE	266	Picture	ITI	3765482	0	2	19558	3	0	19420
LG82ZTE	267	Picture	CueingCross	3785207	0	2	3009	3	0	2920
LG82ZTE	268	Picture	PrepTime	3788383	0	2	3009	3	0	2920
LG82ZTE	269	Picture	2_45_Encoding_Working_Memory_MEG_P2_LR_Salient_DoChange_UncuedRetriev_300_300_399_2050_3000_2300_gabor_patch_orientation_115_147_177_027_target_position_1_3_retrieval_position_2	3791559	0	2	1338	3	0	1250
LG82ZTE	269	Picture	Flicker2	3792897	1338	1	1170	2	1250	1250
LG82ZTE	269	Picture	Flicker3	3794067	2508	1	1337	2	2500	1250
LG82ZTE	270	Picture	Delay	3795571	0	1	20561	2	0	20420
LG82ZTE	271	Picture	2_45_Retrieval_Working_Memory_MEG_P2_LR_Salient_DoChange_UncuedRetriev_retrieval_patch_orientation_098_retrieval_position_2	3816299	0	1	30089	2	0	29920
LG82ZTE	271	Response	20	3830928	14629	5
LG82ZTE	272	Picture	ITI	3846555	0	1	23068	2	0	22920
LG82ZTE	273	Picture	CueingCross	3869790	0	2	3009	3	0	2920
LG82ZTE	274	Picture	PrepTime	3872966	0	2	3009	3	0	2920
LG82ZTE	275	Picture	2_46_Encoding_Working_Memory_MEG_P2_LR_Salient_DoChange_CuedRetrieval_300_300_399_2050_3000_2300_gabor_patch_orientation_105_015_178_162_target_position_1_3_retrieval_position_3	3876142	0	2	1338	3	0	1250
LG82ZTE	275	Picture	Flicker2	3877480	1338	1	1170	2	1250	1250
LG82ZTE	275	Picture	Flicker3	3878650	2508	1	1337	2	2500	1250
LG82ZTE	276	Picture	Delay	3880154	0	2	20561	3	0	20420
LG82ZTE	277	Picture	2_46_Retrieval_Working_Memory_MEG_P2_LR_Salient_DoChange_CuedRetrieval_retrieval_patch_orientation_042_retrieval_position_3	3900882	0	1	30089	2	0	29920
LG82ZTE	277	Response	20	3917565	16683	4
LG82ZTE	278	Picture	ITI	3931138	0	2	23068	3	0	22920
LG82ZTE	279	Picture	CueingCross	3954374	0	1	3008	3	0	2920
LG82ZTE	280	Picture	PrepTime	3957550	0	1	3008	3	0	2920
LG82ZTE	281	Picture	2_47_Encoding_Working_Memory_MEG_P2_LR_Salient_DoChange_CuedRetrieval_300_300_399_1750_3000_1950_gabor_patch_orientation_100_063_047_173_target_position_2_4_retrieval_position_4	3960726	0	1	1337	2	0	1250
LG82ZTE	281	Picture	Flicker2	3962063	1337	1	1337	2	1250	1250
LG82ZTE	281	Picture	Flicker3	3963400	2674	1	1337	3	2500	1250
LG82ZTE	282	Picture	Delay	3964905	0	1	17551	3	0	17420
LG82ZTE	283	Picture	2_47_Retrieval_Working_Memory_MEG_P2_LR_Salient_DoChange_CuedRetrieval_retrieval_patch_orientation_126_retrieval_position_4	3982624	0	1	30088	3	0	29920
LG82ZTE	283	Response	10	3996863	14239	3
LG82ZTE	284	Picture	ITI	4012880	0	1	19557	3	0	19420
LG82ZTE	285	Picture	CueingCross	4032605	0	1	3008	3	0	2920
LG82ZTE	286	Picture	PrepTime	4035781	0	1	3009	2	0	2920
LG82ZTE	287	Picture	2_48_Encoding_Working_Memory_MEG_P2_LR_Salient_NoChange_CuedRetrieval_300_300_399_1850_3000_1900_gabor_patch_orientation_007_083_029_144_target_position_2_3_retrieval_position_3	4038957	0	1	1337	2	0	1250
LG82ZTE	287	Picture	Flicker2	4040294	1337	1	1337	2	1250	1250
LG82ZTE	287	Picture	Flicker3	4041631	2674	1	1338	2	2500	1250
LG82ZTE	288	Picture	Delay	4043136	0	1	18554	3	0	18420
LG82ZTE	289	Picture	2_48_Retrieval_Working_Memory_MEG_P2_LR_Salient_NoChange_CuedRetrieval_retrieval_patch_orientation_029_retrieval_position_3	4061858	0	1	30088	3	0	29920
LG82ZTE	289	Response	10	4069581	7723	3
LG82ZTE	290	Picture	ITI	4092114	0	1	19056	2	0	18920
LG82ZTE	291	Picture	CueingCross	4111337	0	1	3009	2	0	2920
LG82ZTE	292	Picture	PrepTime	4114513	0	1	3009	2	0	2920
LG82ZTE	293	Picture	2_49_Encoding_Working_Memory_MEG_P2_LR_Salient_NoChange_CuedRetrieval_300_300_399_1950_3000_2150_gabor_patch_orientation_019_149_039_126_target_position_1_3_retrieval_position_3	4117689	0	1	1337	3	0	1250
LG82ZTE	293	Picture	Flicker2	4119026	1337	2	1171	3	1250	1250
LG82ZTE	293	Picture	Flicker3	4120197	2508	1	1337	2	2500	1250
LG82ZTE	294	Picture	Delay	4121701	0	1	19558	2	0	19420
LG82ZTE	295	Picture	2_49_Retrieval_Working_Memory_MEG_P2_LR_Salient_NoChange_CuedRetrieval_retrieval_patch_orientation_039_retrieval_position_3	4141426	0	1	30089	2	0	29920
LG82ZTE	295	Response	10	4149548	8122	4
LG82ZTE	296	Picture	ITI	4171682	0	1	21564	2	0	21420
LG82ZTE	297	Picture	CueingCross	4193413	0	1	3009	2	0	2920
LG82ZTE	298	Picture	PrepTime	4196589	0	1	3008	3	0	2920
LG82ZTE	299	Picture	2_50_Encoding_Working_Memory_MEG_P2_LR_Salient_DoChange_CuedRetrieval_300_300_399_1850_3000_1900_gabor_patch_orientation_101_045_024_068_target_position_1_4_retrieval_position_1	4199765	0	1	1337	2	0	1250
LG82ZTE	299	Picture	Flicker2	4201102	1337	1	1337	3	1250	1250
LG82ZTE	299	Picture	Flicker3	4202439	2674	2	1338	3	2500	1250
LG82ZTE	300	Picture	Delay	4203944	0	1	18555	2	0	18420
LG82ZTE	301	Picture	2_50_Retrieval_Working_Memory_MEG_P2_LR_Salient_DoChange_CuedRetrieval_retrieval_patch_orientation_151_retrieval_position_1	4222666	0	1	30089	2	0	29920
LG82ZTE	301	Response	20	4230376	7710	4
LG82ZTE	302	Picture	ITI	4252922	0	1	19056	2	0	18920
LG82ZTE	303	Picture	CueingCross	4272145	0	2	3009	3	0	2920
LG82ZTE	304	Picture	PrepTime	4275321	0	2	3009	3	0	2920
LG82ZTE	305	Picture	2_51_Encoding_Working_Memory_MEG_P2_LR_Salient_NoChange_CuedRetrieval_300_300_399_1750_3000_2350_gabor_patch_orientation_053_167_095_016_target_position_1_2_retrieval_position_2	4278497	0	2	1338	3	0	1250
LG82ZTE	305	Picture	Flicker2	4279835	1338	1	1170	2	1250	1250
LG82ZTE	305	Picture	Flicker3	4281005	2508	1	1337	2	2500	1250
LG82ZTE	306	Picture	Delay	4282509	0	2	17552	3	0	17420
LG82ZTE	307	Picture	2_51_Retrieval_Working_Memory_MEG_P2_LR_Salient_NoChange_CuedRetrieval_retrieval_patch_orientation_167_retrieval_position_2	4300228	0	1	30089	2	0	29920
LG82ZTE	307	Response	10	4308773	8545	4
LG82ZTE	308	Picture	ITI	4330484	0	2	23570	3	0	23420
LG82ZTE	309	Picture	CueingCross	4354221	0	1	3009	2	0	2920
LG82ZTE	310	Picture	PrepTime	4357397	0	1	3009	2	0	2920
LG82ZTE	311	Picture	2_52_Encoding_Working_Memory_MEG_P2_LR_Salient_DoChange_CuedRetrieval_300_300_399_1950_3000_2450_gabor_patch_orientation_141_029_005_086_target_position_2_4_retrieval_position_2	4360573	0	1	1337	3	0	1250
LG82ZTE	311	Picture	Flicker2	4361910	1337	2	1171	3	1250	1250
LG82ZTE	311	Picture	Flicker3	4363081	2508	1	1337	2	2500	1250
LG82ZTE	312	Picture	Delay	4364585	0	1	19558	2	0	19420
LG82ZTE	313	Picture	2_52_Retrieval_Working_Memory_MEG_P2_LR_Salient_DoChange_CuedRetrieval_retrieval_patch_orientation_166_retrieval_position_2	4384310	0	1	30089	2	0	29920
LG82ZTE	313	Response	20	4396221	11911	3
LG82ZTE	314	Picture	ITI	4414566	0	1	24572	3	0	24420
LG82ZTE	315	Picture	CueingCross	4439306	0	1	3008	3	0	2920
LG82ZTE	316	Picture	PrepTime	4442482	0	1	3009	2	0	2920
LG82ZTE	317	Picture	2_53_Encoding_Working_Memory_MEG_P2_LR_Salient_DoChange_UncuedRetriev_300_300_399_2250_3000_2150_gabor_patch_orientation_142_076_010_052_target_position_1_3_retrieval_position_2	4445657	0	2	1338	3	0	1250
LG82ZTE	317	Picture	Flicker2	4446995	1338	1	1170	2	1250	1250
LG82ZTE	317	Picture	Flicker3	4448165	2508	1	1337	3	2500	1250
LG82ZTE	318	Picture	Delay	4449670	0	1	22566	2	0	22420
LG82ZTE	319	Picture	2_53_Retrieval_Working_Memory_MEG_P2_LR_Salient_DoChange_UncuedRetriev_retrieval_patch_orientation_028_retrieval_position_2	4472403	0	2	30089	3	0	29920
LG82ZTE	319	Response	10	4481518	9115	4
LG82ZTE	320	Picture	ITI	4502659	0	2	21564	3	0	21420
LG82ZTE	321	Picture	CueingCross	4524390	0	1	3009	2	0	2920
LG82ZTE	322	Picture	PrepTime	4527566	0	1	3009	2	0	2920
LG82ZTE	323	Picture	2_54_Encoding_Working_Memory_MEG_P2_LR_Salient_DoChange_CuedRetrieval_300_300_399_2150_3000_2050_gabor_patch_orientation_009_120_089_165_target_position_1_3_retrieval_position_3	4530742	0	2	1338	3	0	1250
LG82ZTE	323	Picture	Flicker2	4532080	1338	1	1337	2	1250	1250
LG82ZTE	323	Picture	Flicker3	4533417	2675	1	1337	2	2500	1250
LG82ZTE	324	Picture	Delay	4534921	0	2	21564	3	0	21420
LG82ZTE	325	Picture	2_54_Retrieval_Working_Memory_MEG_P2_LR_Salient_DoChange_CuedRetrieval_retrieval_patch_orientation_137_retrieval_position_3	4556652	0	1	30089	2	0	29920
LG82ZTE	325	Response	20	4564585	7933	4
LG82ZTE	326	Picture	ITI	4586908	0	1	20561	2	0	20420
LG82ZTE	327	Picture	CueingCross	4607636	0	1	3009	2	0	2920
LG82ZTE	328	Picture	PrepTime	4610812	0	1	3009	2	0	2920
LG82ZTE	329	Picture	2_55_Encoding_Working_Memory_MEG_P2_LR_Salient_DoChange_CuedRetrieval_300_300_399_1750_3000_2350_gabor_patch_orientation_126_037_063_108_target_position_3_4_retrieval_position_4	4613988	0	1	1337	3	0	1250
LG82ZTE	329	Picture	Flicker2	4615325	1337	2	1171	3	1250	1250
LG82ZTE	329	Picture	Flicker3	4616496	2508	1	1337	2	2500	1250
LG82ZTE	330	Picture	Delay	4618000	0	1	17552	2	0	17420
LG82ZTE	331	Picture	2_55_Retrieval_Working_Memory_MEG_P2_LR_Salient_DoChange_CuedRetrieval_retrieval_patch_orientation_153_retrieval_position_4	4635719	0	1	30089	2	0	29920
LG82ZTE	331	Response	20	4658423	22704	3
LG82ZTE	332	Picture	ITI	4665975	0	1	23570	2	0	23420
LG82ZTE	333	Picture	CueingCross	4689712	0	1	3009	2	0	2920
LG82ZTE	334	Picture	PrepTime	4692888	0	1	3009	2	0	2920
LG82ZTE	335	Picture	2_56_Encoding_Working_Memory_MEG_P2_LR_Salient_NoChange_UncuedRetriev_300_300_399_2150_3000_2550_gabor_patch_orientation_014_062_092_168_target_position_1_2_retrieval_position_3	4696064	0	1	1337	2	0	1250
LG82ZTE	335	Picture	Flicker2	4697401	1337	1	1337	3	1250	1250
LG82ZTE	335	Picture	Flicker3	4698738	2674	2	1338	3	2500	1250
LG82ZTE	336	Picture	Delay	4700243	0	1	21564	2	0	21420
LG82ZTE	337	Picture	2_56_Retrieval_Working_Memory_MEG_P2_LR_Salient_NoChange_UncuedRetriev_retrieval_patch_orientation_092_retrieval_position_3	4721974	0	1	30089	2	0	29920
LG82ZTE	337	Response	20	4732320	10346	4
LG82ZTE	338	Picture	ITI	4752230	0	1	25575	2	0	25420
LG82ZTE	339	Picture	CueingCross	4777972	0	2	3009	3	0	2920
LG82ZTE	340	Picture	PrepTime	4781148	0	2	3009	3	0	2920
LG82ZTE	341	Picture	2_57_Encoding_Working_Memory_MEG_P2_LR_Salient_DoChange_CuedRetrieval_300_300_399_2200_3000_2100_gabor_patch_orientation_063_035_124_012_target_position_2_4_retrieval_position_2	4784324	0	2	1338	3	0	1250
LG82ZTE	341	Picture	Flicker2	4785662	1338	1	1170	2	1250	1250
LG82ZTE	341	Picture	Flicker3	4786832	2508	1	1336	3	2500	1250
LG82ZTE	342	Picture	Delay	4788336	0	2	22066	3	0	21920
LG82ZTE	343	Picture	2_57_Retrieval_Working_Memory_MEG_P2_LR_Salient_DoChange_CuedRetrieval_retrieval_patch_orientation_083_retrieval_position_2	4810569	0	1	30089	2	0	29920
LG82ZTE	343	Response	20	4819288	8719	3
LG82ZTE	344	Picture	ITI	4840825	0	1	21062	2	0	20920
LG82ZTE	345	Picture	CueingCross	4862054	0	1	3009	2	0	2920
LG82ZTE	346	Picture	PrepTime	4865230	0	1	3009	2	0	2920
LG82ZTE	347	Picture	2_58_Encoding_Working_Memory_MEG_P2_LR_Salient_DoChange_CuedRetrieval_300_300_399_1950_3000_2100_gabor_patch_orientation_008_081_159_098_target_position_2_4_retrieval_position_4	4868406	0	1	1337	3	0	1250
LG82ZTE	347	Picture	Flicker2	4869743	1337	2	1171	3	1250	1250
LG82ZTE	347	Picture	Flicker3	4870914	2508	1	1337	2	2500	1250
LG82ZTE	348	Picture	Delay	4872418	0	1	19558	2	0	19420
LG82ZTE	349	Picture	2_58_Retrieval_Working_Memory_MEG_P2_LR_Salient_DoChange_CuedRetrieval_retrieval_patch_orientation_051_retrieval_position_4	4892143	0	1	30089	2	0	29920
LG82ZTE	349	Response	20	4901675	9532	4
LG82ZTE	350	Picture	ITI	4922399	0	1	21062	2	0	20920
LG82ZTE	351	Picture	CueingCross	4943628	0	2	3009	3	0	2920
LG82ZTE	352	Picture	PrepTime	4946804	0	2	3009	3	0	2920
LG82ZTE	353	Picture	2_59_Encoding_Working_Memory_MEG_P2_LR_Salient_DoChange_CuedRetrieval_300_300_399_1900_3000_1950_gabor_patch_orientation_170_007_124_041_target_position_2_4_retrieval_position_4	4949980	0	2	1337	4	0	1250
LG82ZTE	353	Picture	Flicker2	4951317	1337	2	1171	3	1250	1250
LG82ZTE	353	Picture	Flicker3	4952488	2508	1	1337	2	2500	1250
LG82ZTE	354	Picture	Delay	4953992	0	1	19056	3	0	18920
LG82ZTE	355	Picture	2_59_Retrieval_Working_Memory_MEG_P2_LR_Salient_DoChange_CuedRetrieval_retrieval_patch_orientation_091_retrieval_position_4	4973216	0	1	30089	2	0	29920
LG82ZTE	355	Response	20	4982193	8977	3
LG82ZTE	356	Picture	ITI	5003471	0	2	19558	4	0	19420
LG82ZTE	357	Picture	CueingCross	5023197	0	1	3008	3	0	2920
LG82ZTE	358	Picture	PrepTime	5026373	0	2	3009	3	0	2920
LG82ZTE	359	Picture	2_60_Encoding_Working_Memory_MEG_P2_LR_Salient_NoChange_CuedRetrieval_300_300_399_1900_3000_2600_gabor_patch_orientation_022_162_040_080_target_position_2_4_retrieval_position_2	5029549	0	1	1337	2	0	1250
LG82ZTE	359	Picture	Flicker2	5030886	1337	1	1337	2	1250	1250
LG82ZTE	359	Picture	Flicker3	5032223	2674	1	1337	3	2500	1250
LG82ZTE	360	Picture	Delay	5033728	0	1	19056	2	0	18920
LG82ZTE	361	Picture	2_60_Retrieval_Working_Memory_MEG_P2_LR_Salient_NoChange_CuedRetrieval_retrieval_patch_orientation_162_retrieval_position_2	5052951	0	1	30089	2	0	29920
LG82ZTE	361	Response	10	5068650	15699	3
LG82ZTE	362	Picture	ITI	5083207	0	1	26077	2	0	25920
LG82ZTE	363	Picture	CueingCross	5109451	0	2	3009	3	0	2920
LG82ZTE	364	Picture	PrepTime	5112627	0	2	3009	3	0	2920
LG82ZTE	365	Picture	2_61_Encoding_Working_Memory_MEG_P2_LR_Salient_NoChange_CuedRetrieval_300_300_399_1900_3000_2250_gabor_patch_orientation_033_012_158_101_target_position_1_2_retrieval_position_1	5115803	0	2	1338	3	0	1250
LG82ZTE	365	Picture	Flicker2	5117141	1338	1	1170	2	1250	1250
LG82ZTE	365	Picture	Flicker3	5118311	2508	1	1337	2	2500	1250
LG82ZTE	366	Picture	Delay	5119815	0	2	19057	3	0	18920
LG82ZTE	367	Picture	2_61_Retrieval_Working_Memory_MEG_P2_LR_Salient_NoChange_CuedRetrieval_retrieval_patch_orientation_033_retrieval_position_1	5139039	0	1	30089	2	0	29920
LG82ZTE	367	Response	10	5149777	10738	4
LG82ZTE	368	Picture	ITI	5169295	0	1	22566	2	0	22420
LG82ZTE	369	Picture	CueingCross	5192028	0	2	3009	4	0	2920
LG82ZTE	370	Picture	PrepTime	5195205	0	1	3008	3	0	2920
LG82ZTE	371	Picture	2_62_Encoding_Working_Memory_MEG_P2_LR_Salient_NoChange_UncuedRetriev_300_300_399_2000_3000_2250_gabor_patch_orientation_100_120_049_079_target_position_1_3_retrieval_position_2	5198381	0	1	1337	2	0	1250
LG82ZTE	371	Picture	Flicker2	5199718	1337	1	1337	2	1250	1250
LG82ZTE	371	Picture	Flicker3	5201055	2674	1	1337	3	2500	1250
LG82ZTE	372	Picture	Delay	5202560	0	1	20059	2	0	19920
LG82ZTE	373	Picture	2_62_Retrieval_Working_Memory_MEG_P2_LR_Salient_NoChange_UncuedRetriev_retrieval_patch_orientation_120_retrieval_position_2	5222786	0	1	30089	2	0	29920
LG82ZTE	373	Response	10	5235825	13039	3
LG82ZTE	374	Picture	ITI	5253042	0	1	22567	2	0	22420
LG82ZTE	375	Picture	CueingCross	5275776	0	1	3009	2	0	2920
LG82ZTE	376	Picture	PrepTime	5278952	0	1	3009	2	0	2920
LG82ZTE	377	Picture	2_63_Encoding_Working_Memory_MEG_P2_LR_Salient_NoChange_CuedRetrieval_300_300_399_1750_3000_2450_gabor_patch_orientation_137_054_032_120_target_position_1_4_retrieval_position_4	5282128	0	1	1337	2	0	1250
LG82ZTE	377	Picture	Flicker2	5283465	1337	1	1337	3	1250	1250
LG82ZTE	377	Picture	Flicker3	5284802	2674	2	1338	3	2500	1250
LG82ZTE	378	Picture	Delay	5286307	0	1	17552	2	0	17420
LG82ZTE	379	Picture	2_63_Retrieval_Working_Memory_MEG_P2_LR_Salient_NoChange_CuedRetrieval_retrieval_patch_orientation_120_retrieval_position_4	5304026	0	1	30089	2	0	29920
LG82ZTE	379	Response	10	5312032	8006	4
LG82ZTE	380	Picture	ITI	5334282	0	1	24573	2	0	24420
LG82ZTE	381	Picture	CueingCross	5359022	0	1	3009	2	0	2920
LG82ZTE	382	Picture	PrepTime	5362198	0	1	3009	2	0	2920
LG82ZTE	383	Picture	2_64_Encoding_Working_Memory_MEG_P2_LR_Salient_DoChange_CuedRetrieval_300_300_399_2200_3000_2550_gabor_patch_orientation_099_160_134_075_target_position_3_4_retrieval_position_4	5365374	0	1	1337	2	0	1250
LG82ZTE	383	Picture	Flicker2	5366711	1337	1	1337	2	1250	1250
LG82ZTE	383	Picture	Flicker3	5368048	2674	1	1338	2	2500	1250
LG82ZTE	384	Picture	Delay	5369553	0	1	22065	2	0	21920
LG82ZTE	385	Picture	2_64_Retrieval_Working_Memory_MEG_P2_LR_Salient_DoChange_CuedRetrieval_retrieval_patch_orientation_027_retrieval_position_4	5391785	0	1	30089	2	0	29920
LG82ZTE	385	Response	20	5399900	8115	3
LG82ZTE	386	Picture	ITI	5422041	0	1	25576	2	0	25420
LG82ZTE	387	Picture	CueingCross	5447784	0	1	3009	2	0	2920
LG82ZTE	388	Picture	PrepTime	5450960	0	1	3009	2	0	2920
LG82ZTE	389	Picture	2_65_Encoding_Working_Memory_MEG_P2_LR_Salient_DoChange_CuedRetrieval_300_300_399_2200_3000_2100_gabor_patch_orientation_088_058_125_146_target_position_2_3_retrieval_position_2	5454136	0	1	1337	2	0	1250
LG82ZTE	389	Picture	Flicker2	5455473	1337	1	1337	3	1250	1250
LG82ZTE	389	Picture	Flicker3	5456810	2674	2	1338	3	2500	1250
LG82ZTE	390	Picture	Delay	5458315	0	1	22065	2	0	21920
LG82ZTE	391	Picture	2_65_Retrieval_Working_Memory_MEG_P2_LR_Salient_DoChange_CuedRetrieval_retrieval_patch_orientation_013_retrieval_position_2	5480547	0	1	30089	2	0	29920
LG82ZTE	391	Response	20	5504296	23749	4
LG82ZTE	392	Picture	ITI	5510803	0	1	21062	3	0	20920
LG82ZTE	393	Picture	CueingCross	5532033	0	1	3008	3	0	2920
LG82ZTE	394	Picture	PrepTime	5535209	0	1	3009	2	0	2920
LG82ZTE	395	Picture	2_66_Encoding_Working_Memory_MEG_P2_LR_Salient_DoChange_UncuedRetriev_300_300_399_2050_3000_2200_gabor_patch_orientation_080_002_124_168_target_position_2_4_retrieval_position_1	5538385	0	1	1337	2	0	1250
LG82ZTE	395	Picture	Flicker2	5539722	1337	1	1337	2	1250	1250
LG82ZTE	395	Picture	Flicker3	5541059	2674	1	1338	2	2500	1250
LG82ZTE	396	Picture	Delay	5542564	0	1	20560	3	0	20420
LG82ZTE	397	Picture	2_66_Retrieval_Working_Memory_MEG_P2_LR_Salient_DoChange_UncuedRetriev_retrieval_patch_orientation_035_retrieval_position_1	5563292	0	1	30088	3	0	29920
LG82ZTE	397	Response	10	5572814	9522	4
LG82ZTE	398	Picture	ITI	5593548	0	1	22065	2	0	21920
LG82ZTE	399	Picture	CueingCross	5615780	0	1	3009	2	0	2920
LG82ZTE	400	Picture	PrepTime	5618956	0	1	3009	2	0	2920
LG82ZTE	401	Picture	2_67_Encoding_Working_Memory_MEG_P2_LR_Salient_NoChange_CuedRetrieval_300_300_399_2000_3000_2400_gabor_patch_orientation_101_119_151_082_target_position_2_4_retrieval_position_2	5622132	0	1	1337	2	0	1250
LG82ZTE	401	Picture	Flicker2	5623469	1337	1	1170	3	1250	1250
LG82ZTE	401	Picture	Flicker3	5624639	2507	2	1338	3	2500	1250
LG82ZTE	402	Picture	Delay	5626144	0	1	20059	2	0	19920
LG82ZTE	403	Picture	2_67_Retrieval_Working_Memory_MEG_P2_LR_Salient_NoChange_CuedRetrieval_retrieval_patch_orientation_119_retrieval_position_2	5646370	0	1	30089	2	0	29920
LG82ZTE	403	Response	20	5661972	15602	3
LG82ZTE	404	Picture	ITI	5676626	0	2	24071	3	0	23920
LG82ZTE	405	Picture	CueingCross	5700865	0	1	3008	2	0	2920
LG82ZTE	406	Picture	PrepTime	5704041	0	1	3008	3	0	2920
LG82ZTE	407	Picture	2_68_Encoding_Working_Memory_MEG_P2_LR_Salient_DoChange_CuedRetrieval_300_300_399_1900_3000_2400_gabor_patch_orientation_009_133_068_049_target_position_2_4_retrieval_position_2	5707217	0	1	1337	2	0	1250
LG82ZTE	407	Picture	Flicker2	5708554	1337	1	1337	2	1250	1250
LG82ZTE	407	Picture	Flicker3	5709891	2674	1	1337	3	2500	1250
LG82ZTE	408	Picture	Delay	5711395	0	2	19057	3	0	18920
LG82ZTE	409	Picture	2_68_Retrieval_Working_Memory_MEG_P2_LR_Salient_DoChange_CuedRetrieval_retrieval_patch_orientation_084_retrieval_position_2	5730619	0	1	30089	2	0	29920
LG82ZTE	409	Response	20	5738639	8020	4
LG82ZTE	410	Picture	ITI	5760875	0	1	24071	2	0	23920
LG82ZTE	411	Picture	CueingCross	5785113	0	2	3009	3	0	2920
LG82ZTE	412	Picture	PrepTime	5788289	0	2	3009	3	0	2920
LG82ZTE	413	Picture	2_69_Encoding_Working_Memory_MEG_P2_LR_Salient_DoChange_UncuedRetriev_300_300_399_1850_3000_2300_gabor_patch_orientation_052_086_067_172_target_position_2_4_retrieval_position_3	5791465	0	2	1338	3	0	1250
LG82ZTE	413	Picture	Flicker2	5792803	1338	1	1170	2	1250	1250
LG82ZTE	413	Picture	Flicker3	5793973	2508	1	1337	2	2500	1250
LG82ZTE	414	Picture	Delay	5795477	0	2	18555	3	0	18420
LG82ZTE	415	Picture	2_69_Retrieval_Working_Memory_MEG_P2_LR_Salient_DoChange_UncuedRetriev_retrieval_patch_orientation_019_retrieval_position_3	5814199	0	1	30089	2	0	29920
LG82ZTE	415	Response	10	5822367	8168	3
LG82ZTE	416	Picture	ITI	5844455	0	1	23068	2	0	22920
LG82ZTE	417	Picture	CueingCross	5867690	0	2	3009	4	0	2920
LG82ZTE	418	Picture	PrepTime	5870867	0	1	3008	3	0	2920
LG82ZTE	419	Picture	2_70_Encoding_Working_Memory_MEG_P2_LR_Salient_DoChange_CuedRetrieval_300_300_399_1750_3000_2000_gabor_patch_orientation_160_002_075_143_target_position_1_3_retrieval_position_1	5874043	0	1	1337	2	0	1250
LG82ZTE	419	Picture	Flicker2	5875380	1337	1	1337	2	1250	1250
LG82ZTE	419	Picture	Flicker3	5876717	2674	1	1337	3	2500	1250
LG82ZTE	420	Picture	Delay	5878222	0	1	17551	3	0	17420
LG82ZTE	421	Picture	2_70_Retrieval_Working_Memory_MEG_P2_LR_Salient_DoChange_CuedRetrieval_retrieval_patch_orientation_020_retrieval_position_1	5895941	0	1	30088	3	0	29920
LG82ZTE	421	Response	20	5903464	7523	4
LG82ZTE	422	Picture	ITI	5926197	0	1	20059	2	0	19920
LG82ZTE	423	Picture	BaselinePost	5946423	0	1	50148	2	0	50000
