Scenario - ATWM1_Working_Memory_MEG_salient_uncued_instruction
Logfile written - 02/03/2016 19:11:36

Subject	Trial	Event Type	Code	Time	TTime	Uncertainty	Duration	Uncertainty	ReqTime	ReqDur

RA72WYU	1	Picture	Instruction_S_UC	162	0	1	100128	2	0	100000
RA72WYU	2	Picture	Instruction2	100457	0	1	100128	2	0	100000
RA72WYU	2	Response	20	170763	70306	4
RA72WYU	3	Picture	Instruction3	200751	0	1	43317	2	0	resp
RA72WYU	3	Response	10	243891	43140	4
RA72WYU	4	Picture	Instruction4	264060	0	1	11662	2	0	resp
RA72WYU	4	Response	20	275551	11491	3
RA72WYU	5	Picture	Instruction5	295715	0	1	10995	2	0	resp
RA72WYU	5	Response	10	306570	10855	3
RA72WYU	6	Picture	Instruction4	326703	0	1	4498	2	0	resp
RA72WYU	6	Response	20	331099	4396	4
RA72WYU	7	Picture	Instruction3	351193	0	1	9663	2	0	resp
RA72WYU	7	Response	10	360698	9505	4
RA72WYU	8	Picture	Instruction4	380848	0	1	6331	2	0	resp
RA72WYU	8	Response	20	387077	6229	4
RA72WYU	9	Picture	Instruction_S_UC_TestTrials	407172	0	1	100128	2	0	100000
RA72WYU	10	Picture	BaselinePre	507466	0	1	20159	2	0	20000
RA72WYU	11	Picture	CueingCross	527792	0	1	2998	3	0	2920
RA72WYU	12	Picture	PrepTime	530957	0	1	2999	2	0	2920
RA72WYU	13	Picture	1_1_Encoding_Working_Memory_MEG_Salient_Uncued_DoChange_CuedRetrieval_300_300_399_1800_3000_2050_gabor_patch_orientation_132_024_047_070_target_position_2_3_retrieval_position_3	534122	0	2	1333	3	0	1250
RA72WYU	13	Picture	Flicker2	535455	1333	1	1333	2	1250	1250
RA72WYU	13	Picture	Flicker3	536788	2666	1	1333	2	2500	1250
RA72WYU	14	Picture	Delay	538288	0	1	17993	2	0	17920
RA72WYU	15	Picture	1_1_Retrieval_Working_Memory_MEG_Salient_Uncued_DoChange_CuedRetrieval_retrieval_patch_orientation_002_retrieval_position_3	556447	0	1	29989	2	0	29920
RA72WYU	15	Response	20	571182	14735	4
RA72WYU	16	Picture	ITI	606595	0	1	20492	2	0	20420
RA72WYU	17	Picture	CueingCross	627253	0	1	2999	2	0	2920
RA72WYU	18	Picture	PrepTime	630419	0	1	2998	3	0	2920
RA72WYU	19	Picture	1_2_Encoding_Working_Memory_MEG_Salient_Uncued_NoChange_CuedRetrieval_300_300_399_1750_3000_2100_gabor_patch_orientation_073_108_093_130_target_position_1_3_retrieval_position_3	633584	0	1	1333	2	0	1250
RA72WYU	19	Picture	Flicker2	634917	1333	1	1333	2	1250	1250
RA72WYU	19	Picture	Flicker3	636250	2666	1	1333	2	2500	1250
RA72WYU	20	Picture	Delay	637749	0	1	17493	3	0	17420
RA72WYU	21	Picture	1_2_Retrieval_Working_Memory_MEG_Salient_Uncued_NoChange_CuedRetrieval_retrieval_patch_orientation_093_retrieval_position_3	655409	0	1	29988	3	0	29920
RA72WYU	21	Response	10	668800	13391	3
RA72WYU	22	Picture	ITI	705556	0	2	20992	3	0	20920
RA72WYU	23	Picture	CueingCross	726715	0	1	2999	2	0	2920
RA72WYU	24	Picture	PrepTime	729880	0	2	2999	3	0	2920
RA72WYU	25	Picture	1_3_Encoding_Working_Memory_MEG_Salient_Uncued_DoChange_CuedRetrieval_300_300_399_1900_3000_2000_gabor_patch_orientation_146_011_030_085_target_position_2_4_retrieval_position_2	733046	0	1	1332	3	0	1250
RA72WYU	25	Picture	Flicker2	734378	1332	2	1333	3	1250	1250
RA72WYU	25	Picture	Flicker3	735711	2665	1	1333	2	2500	1250
RA72WYU	26	Picture	Delay	737211	0	1	18992	3	0	18920
RA72WYU	27	Picture	1_3_Retrieval_Working_Memory_MEG_Salient_Uncued_DoChange_CuedRetrieval_retrieval_patch_orientation_057_retrieval_position_2	756370	0	1	29988	3	0	29920
RA72WYU	27	Response	20	779597	23227	3
RA72WYU	28	Picture	ITI	806517	0	2	19993	3	0	19920
RA72WYU	29	Picture	CueingCross	826676	0	1	2999	2	0	2920
RA72WYU	30	Picture	PrepTime	829842	0	1	2999	2	0	2920
RA72WYU	31	Picture	1_4_Encoding_Working_Memory_MEG_Salient_Uncued_NoChange_CuedRetrieval_300_300_399_1850_3000_2150_gabor_patch_orientation_117_012_074_180_target_position_2_3_retrieval_position_3	833007	0	1	1333	2	0	1250
RA72WYU	31	Picture	Flicker2	834340	1333	1	1333	2	1250	1250
RA72WYU	31	Picture	Flicker3	835673	2666	1	1333	2	2500	1250
RA72WYU	32	Picture	Delay	837172	0	1	18493	2	0	18420
RA72WYU	33	Picture	1_4_Retrieval_Working_Memory_MEG_Salient_Uncued_NoChange_CuedRetrieval_retrieval_patch_orientation_074_retrieval_position_3	855832	0	1	29988	3	0	29920
RA72WYU	33	Response	10	876194	20362	4
RA72WYU	34	Picture	ITI	905979	0	1	21492	2	0	21420
RA72WYU	35	Picture	BaselinePost	927637	0	2	20159	3	0	20000
RA72WYU	36	Picture	Instruction_S_UC	947963	0	1	46965	2	0	3000000
RA72WYU	36	Quit		988543	40580	
