Scenario - ATWM1_Working_Memory_MEG_salient_cued_run1
Logfile written - 02/03/2016 19:35:06

Subject	Trial	Event Type	Code	Time	TTime	Uncertainty	Duration	Uncertainty	ReqTime	ReqDur

RA72WYU	1	Picture	ExpStart	162	0	1	10163	2	0	10000
RA72WYU	2	Picture	BaselinePre	10491	0	2	100128	4	0	100000
RA72WYU	3	Picture	CueingCross	110786	0	1	2999	2	0	2920
RA72WYU	4	Picture	PrepTime	113951	0	2	2999	3	0	2920
RA72WYU	5	Picture	1_1_Encoding_Working_Memory_MEG_Nonsalient_Uncued_DoChange_CuedRetrieval_300_300_399_2050_3000_2400_gabor_patch_orientation_017_123_068_041_target_position_3_4_retrieval_position_4	117117	0	1	1333	2	0	1250
RA72WYU	5	Picture	Flicker2	118450	1333	1	1333	2	1250	1250
RA72WYU	5	Picture	Flicker3	119783	2666	1	1332	2	2500	1250
RA72WYU	6	Picture	Delay	121282	0	1	20492	2	0	20420
RA72WYU	7	Picture	1_1_Retrieval_Working_Memory_MEG_Nonsalient_Uncued_DoChange_CuedRetrieval_retrieval_patch_orientation_177_retrieval_position_4	141941	0	1	29988	2	0	29920
RA72WYU	7	Response	20	156943	15002	4
RA72WYU	8	Picture	ITI	172096	0	1	23990	3	0	23920
RA72WYU	9	Picture	CueingCross	196253	0	1	2999	2	0	2920
RA72WYU	10	Picture	PrepTime	199418	0	2	2999	3	0	2920
RA72WYU	11	Picture	1_2_Encoding_Working_Memory_MEG_Nonsalient_Uncued_DoChange_CuedRetrieval_300_300_399_2050_3000_2250_gabor_patch_orientation_103_026_083_052_target_position_2_3_retrieval_position_2	202584	0	1	1333	2	0	1250
RA72WYU	11	Picture	Flicker2	203917	1333	1	1333	2	1250	1250
RA72WYU	11	Picture	Flicker3	205250	2666	1	1332	2	2500	1250
RA72WYU	12	Picture	Delay	206749	0	1	20492	2	0	20420
RA72WYU	13	Picture	1_2_Retrieval_Working_Memory_MEG_Nonsalient_Uncued_DoChange_CuedRetrieval_retrieval_patch_orientation_162_retrieval_position_2	227408	0	1	29988	2	0	29920
RA72WYU	13	Response	20	240411	13003	4
RA72WYU	14	Picture	ITI	257563	0	1	22491	2	0	22420
RA72WYU	15	Picture	CueingCross	280221	0	1	2998	3	0	2920
RA72WYU	16	Picture	PrepTime	283386	0	1	2999	2	0	2920
RA72WYU	17	Picture	1_3_Encoding_Working_Memory_MEG_Nonsalient_Uncued_DoChange_CuedRetrieval_300_300_399_2200_3000_2000_gabor_patch_orientation_051_139_014_157_target_position_1_4_retrieval_position_1	286552	0	1	1332	2	0	1250
RA72WYU	17	Picture	Flicker2	287884	1332	1	1333	2	1250	1250
RA72WYU	17	Picture	Flicker3	289217	2665	1	1333	2	2500	1250
RA72WYU	18	Picture	Delay	290717	0	1	21991	2	0	21920
RA72WYU	19	Picture	1_3_Retrieval_Working_Memory_MEG_Nonsalient_Uncued_DoChange_CuedRetrieval_retrieval_patch_orientation_098_retrieval_position_1	312875	0	1	29988	2	0	29920
RA72WYU	19	Response	20	325969	13094	3
RA72WYU	20	Picture	ITI	343030	0	1	19992	2	0	19920
RA72WYU	21	Picture	CueingCross	363188	0	2	2999	4	0	2920
RA72WYU	22	Picture	PrepTime	366354	0	1	2999	2	0	2920
RA72WYU	23	Picture	1_4_Encoding_Working_Memory_MEG_Nonsalient_Uncued_NoChange_CuedRetrieval_300_300_399_2000_3000_2500_gabor_patch_orientation_010_172_033_085_target_position_1_2_retrieval_position_1	369520	0	1	1332	2	0	1250
RA72WYU	23	Picture	Flicker2	370852	1332	1	1333	2	1250	1250
RA72WYU	23	Picture	Flicker3	372185	2665	1	1333	2	2500	1250
RA72WYU	24	Picture	Delay	373685	0	1	19992	2	0	19920
RA72WYU	25	Picture	1_4_Retrieval_Working_Memory_MEG_Nonsalient_Uncued_NoChange_CuedRetrieval_retrieval_patch_orientation_010_retrieval_position_1	393843	0	2	29989	3	0	29920
RA72WYU	25	Response	10	406697	12854	3
RA72WYU	26	Picture	ITI	423998	0	2	24991	3	0	24920
RA72WYU	27	Picture	CueingCross	449155	0	2	2999	3	0	2920
RA72WYU	28	Picture	PrepTime	452321	0	1	2999	2	0	2920
RA72WYU	29	Picture	1_5_Encoding_Working_Memory_MEG_Nonsalient_Uncued_DoChange_CuedRetrieval_300_300_399_1950_3000_2250_gabor_patch_orientation_004_112_074_180_target_position_1_3_retrieval_position_3	455486	0	2	1333	3	0	1250
RA72WYU	29	Picture	Flicker2	456819	1333	1	1333	2	1250	1250
RA72WYU	29	Picture	Flicker3	458152	2666	1	1333	2	2500	1250
RA72WYU	30	Picture	Delay	459651	0	2	19493	3	0	19420
RA72WYU	31	Picture	1_5_Retrieval_Working_Memory_MEG_Nonsalient_Uncued_DoChange_CuedRetrieval_retrieval_patch_orientation_028_retrieval_position_3	479310	0	2	29989	3	0	29920
RA72WYU	31	Response	10	489494	10184	4
RA72WYU	32	Picture	ITI	509465	0	2	22492	3	0	22420
RA72WYU	33	Picture	CueingCross	532123	0	2	2999	3	0	2920
RA72WYU	34	Picture	PrepTime	535289	0	1	2999	2	0	2920
RA72WYU	35	Picture	1_6_Encoding_Working_Memory_MEG_Nonsalient_Uncued_DoChange_CuedRetrieval_300_300_399_1900_3000_2050_gabor_patch_orientation_046_092_015_077_target_position_2_3_retrieval_position_3	538454	0	2	1333	3	0	1250
RA72WYU	35	Picture	Flicker2	539787	1333	1	1333	2	1250	1250
RA72WYU	35	Picture	Flicker3	541120	2666	1	1333	2	2500	1250
RA72WYU	36	Picture	Delay	542619	0	2	18993	3	0	18920
RA72WYU	37	Picture	1_6_Retrieval_Working_Memory_MEG_Nonsalient_Uncued_DoChange_CuedRetrieval_retrieval_patch_orientation_153_retrieval_position_3	561779	0	1	29988	2	0	29920
RA72WYU	37	Response	20	583792	22013	3
RA72WYU	38	Picture	ITI	591934	0	1	20492	2	0	20420
RA72WYU	39	Picture	CueingCross	612592	0	2	2999	3	0	2920
RA72WYU	40	Picture	PrepTime	615758	0	1	2999	2	0	2920
RA72WYU	41	Picture	1_7_Encoding_Working_Memory_MEG_Nonsalient_Uncued_DoChange_CuedRetrieval_300_300_399_1800_3000_2400_gabor_patch_orientation_082_128_144_106_target_position_3_4_retrieval_position_4	618923	0	2	1333	3	0	1250
RA72WYU	41	Picture	Flicker2	620256	1333	1	1333	2	1250	1250
RA72WYU	41	Picture	Flicker3	621589	2666	1	1333	2	2500	1250
RA72WYU	42	Picture	Delay	623088	0	2	17993	3	0	17920
RA72WYU	43	Picture	1_7_Retrieval_Working_Memory_MEG_Nonsalient_Uncued_DoChange_CuedRetrieval_retrieval_patch_orientation_059_retrieval_position_4	641248	0	1	29988	2	0	29920
RA72WYU	43	Response	10	660400	19152	3
RA72WYU	44	Picture	ITI	671403	0	1	23991	2	0	23920
RA72WYU	45	Picture	CueingCross	695560	0	2	2999	3	0	2920
RA72WYU	46	Picture	PrepTime	698726	0	1	2999	2	0	2920
RA72WYU	47	Picture	1_8_Encoding_Working_Memory_MEG_Nonsalient_Uncued_DoChange_UncuedRetriev_300_300_399_2000_3000_2500_gabor_patch_orientation_029_140_103_160_target_position_2_4_retrieval_position_1	701891	0	1	1333	2	0	1250
RA72WYU	47	Picture	Flicker2	703224	1333	1	1333	2	1250	1250
RA72WYU	47	Picture	Flicker3	704557	2666	1	1333	2	2500	1250
RA72WYU	48	Picture	Delay	706056	0	2	19993	3	0	19920
RA72WYU	49	Picture	1_8_Retrieval_Working_Memory_MEG_Nonsalient_Uncued_DoChange_UncuedRetriev_retrieval_patch_orientation_079_retrieval_position_1	726215	0	1	29989	2	0	29920
RA72WYU	49	Response	10	751197	24982	4
RA72WYU	50	Picture	ITI	756370	0	1	24991	2	0	24920
RA72WYU	51	Picture	CueingCross	781527	0	1	2999	2	0	2920
RA72WYU	52	Picture	PrepTime	784693	0	1	2998	3	0	2920
RA72WYU	53	Picture	1_9_Encoding_Working_Memory_MEG_Nonsalient_Uncued_DoChange_CuedRetrieval_300_300_399_2250_3000_2300_gabor_patch_orientation_164_029_010_099_target_position_3_4_retrieval_position_3	787858	0	1	1333	2	0	1250
RA72WYU	53	Picture	Flicker2	789191	1333	1	1333	2	1250	1250
RA72WYU	53	Picture	Flicker3	790524	2666	1	1332	3	2500	1250
RA72WYU	54	Picture	Delay	792023	0	1	22491	3	0	22420
RA72WYU	55	Picture	1_9_Retrieval_Working_Memory_MEG_Nonsalient_Uncued_DoChange_CuedRetrieval_retrieval_patch_orientation_146_retrieval_position_3	814681	0	1	29988	3	0	29920
RA72WYU	56	Picture	ITI	844836	0	1	22991	2	0	22920
RA72WYU	56	Response	10	847294	2458	4
RA72WYU	56	Response	10	855594	10758	3
RA72WYU	57	Picture	CueingCross	867994	0	1	2999	2	0	2920
RA72WYU	58	Picture	PrepTime	871159	0	1	2999	2	0	2920
RA72WYU	59	Picture	1_10_Encoding_Working_Memory_MEG_Nonsalient_Uncued_NoChange_CuedRetrieval_300_300_399_1800_3000_2050_gabor_patch_orientation_180_146_025_097_target_position_2_3_retrieval_position_3	874325	0	1	1332	3	0	1250
RA72WYU	59	Picture	Flicker2	875657	1332	2	1333	3	1250	1250
RA72WYU	59	Picture	Flicker3	876990	2665	1	1333	2	2500	1250
RA72WYU	60	Picture	Delay	878490	0	1	17993	2	0	17920
RA72WYU	61	Picture	1_10_Retrieval_Working_Memory_MEG_Nonsalient_Uncued_NoChange_CuedRetrieval_retrieval_patch_orientation_025_retrieval_position_3	896649	0	2	29989	3	0	29920
RA72WYU	61	Response	10	912363	15714	3
RA72WYU	62	Picture	ITI	926804	0	2	20492	4	0	20420
RA72WYU	63	Picture	CueingCross	947463	0	1	2999	2	0	2920
RA72WYU	64	Picture	PrepTime	950629	0	1	2998	3	0	2920
RA72WYU	65	Picture	1_11_Encoding_Working_Memory_MEG_Nonsalient_Uncued_NoChange_CuedRetrieval_300_300_399_1900_3000_2150_gabor_patch_orientation_076_148_131_025_target_position_2_4_retrieval_position_4	953794	0	1	1333	2	0	1250
RA72WYU	65	Picture	Flicker2	955127	1333	1	1333	2	1250	1250
RA72WYU	65	Picture	Flicker3	956460	2666	1	1332	3	2500	1250
RA72WYU	66	Picture	Delay	957959	0	1	18993	2	0	18920
RA72WYU	67	Picture	1_11_Retrieval_Working_Memory_MEG_Nonsalient_Uncued_NoChange_CuedRetrieval_retrieval_patch_orientation_025_retrieval_position_4	977118	0	2	29989	3	0	29920
RA72WYU	67	Response	10	988911	11793	3
RA72WYU	68	Picture	ITI	1007273	0	2	21492	3	0	21420
RA72WYU	69	Picture	CueingCross	1028932	0	1	2999	2	0	2920
RA72WYU	70	Picture	PrepTime	1032097	0	1	2999	2	0	2920
RA72WYU	71	Picture	1_12_Encoding_Working_Memory_MEG_Nonsalient_Uncued_NoChange_CuedRetrieval_300_300_399_1900_3000_2200_gabor_patch_orientation_133_092_025_165_target_position_1_4_retrieval_position_4	1035263	0	1	1332	2	0	1250
RA72WYU	71	Picture	Flicker2	1036595	1332	1	1333	2	1250	1250
RA72WYU	71	Picture	Flicker3	1037928	2665	1	1333	2	2500	1250
RA72WYU	72	Picture	Delay	1039428	0	1	18992	2	0	18920
RA72WYU	73	Picture	1_12_Retrieval_Working_Memory_MEG_Nonsalient_Uncued_NoChange_CuedRetrieval_retrieval_patch_orientation_165_retrieval_position_4	1058586	0	2	29989	4	0	29920
RA72WYU	73	Response	10	1080078	21492	4
RA72WYU	74	Picture	ITI	1088742	0	1	21991	2	0	21920
RA72WYU	75	Picture	CueingCross	1110900	0	1	2999	2	0	2920
RA72WYU	76	Picture	PrepTime	1114065	0	2	2999	3	0	2920
RA72WYU	77	Picture	1_13_Encoding_Working_Memory_MEG_Nonsalient_Uncued_DoChange_UncuedRetriev_300_300_399_1750_3000_2100_gabor_patch_orientation_076_051_019_108_target_position_1_3_retrieval_position_4	1117231	0	1	1333	2	0	1250
RA72WYU	77	Picture	Flicker2	1118564	1333	1	1333	2	1250	1250
RA72WYU	77	Picture	Flicker3	1119897	2666	1	1332	2	2500	1250
RA72WYU	78	Picture	Delay	1121396	0	1	17493	2	0	17420
RA72WYU	79	Picture	1_13_Retrieval_Working_Memory_MEG_Nonsalient_Uncued_DoChange_UncuedRetriev_retrieval_patch_orientation_158_retrieval_position_4	1139056	0	1	29988	2	0	29920
RA72WYU	79	Response	10	1154456	15400	4
RA72WYU	80	Picture	ITI	1169211	0	1	20992	2	0	20920
RA72WYU	81	Picture	CueingCross	1190369	0	2	2999	3	0	2920
RA72WYU	82	Picture	PrepTime	1193535	0	1	2999	2	0	2920
RA72WYU	83	Picture	1_14_Encoding_Working_Memory_MEG_Nonsalient_Uncued_NoChange_CuedRetrieval_300_300_399_2150_3000_2000_gabor_patch_orientation_018_040_124_094_target_position_1_4_retrieval_position_1	1196700	0	1	1333	2	0	1250
RA72WYU	83	Picture	Flicker2	1198033	1333	1	1333	2	1250	1250
RA72WYU	83	Picture	Flicker3	1199366	2666	1	1333	2	2500	1250
RA72WYU	84	Picture	Delay	1200865	0	2	21492	3	0	21420
RA72WYU	85	Picture	1_14_Retrieval_Working_Memory_MEG_Nonsalient_Uncued_NoChange_CuedRetrieval_retrieval_patch_orientation_018_retrieval_position_1	1222524	0	1	29988	2	0	29920
RA72WYU	85	Response	10	1232074	9550	3
RA72WYU	86	Picture	ITI	1252679	0	1	19992	2	0	19920
RA72WYU	87	Picture	CueingCross	1272838	0	1	2998	2	0	2920
RA72WYU	88	Picture	PrepTime	1276003	0	1	2999	2	0	2920
RA72WYU	89	Picture	1_15_Encoding_Working_Memory_MEG_Nonsalient_Uncued_DoChange_UncuedRetriev_300_300_399_2250_3000_2350_gabor_patch_orientation_068_156_023_130_target_position_1_3_retrieval_position_2	1279168	0	2	1333	3	0	1250
RA72WYU	89	Picture	Flicker2	1280501	1333	1	1333	2	1250	1250
RA72WYU	89	Picture	Flicker3	1281834	2666	1	1333	2	2500	1250
RA72WYU	90	Picture	Delay	1283333	0	2	22492	3	0	22420
RA72WYU	91	Picture	1_15_Retrieval_Working_Memory_MEG_Nonsalient_Uncued_DoChange_UncuedRetriev_retrieval_patch_orientation_107_retrieval_position_2	1305991	0	2	29989	3	0	29920
RA72WYU	91	Response	20	1322941	16950	4
RA72WYU	92	Picture	ITI	1336146	0	2	23491	3	0	23420
RA72WYU	93	Picture	CueingCross	1359804	0	1	2999	2	0	2920
RA72WYU	94	Picture	PrepTime	1362969	0	2	2999	3	0	2920
RA72WYU	95	Picture	1_16_Encoding_Working_Memory_MEG_Nonsalient_Uncued_DoChange_CuedRetrieval_300_300_399_2200_3000_2400_gabor_patch_orientation_070_149_112_097_target_position_1_2_retrieval_position_1	1366135	0	1	1333	2	0	1250
RA72WYU	95	Picture	Flicker2	1367468	1333	1	1332	3	1250	1250
RA72WYU	95	Picture	Flicker3	1368800	2665	2	1333	3	2500	1250
RA72WYU	96	Picture	Delay	1370300	0	1	21991	3	0	21920
RA72WYU	97	Picture	1_16_Retrieval_Working_Memory_MEG_Nonsalient_Uncued_DoChange_CuedRetrieval_retrieval_patch_orientation_025_retrieval_position_1	1392458	0	1	29988	3	0	29920
RA72WYU	97	Response	10	1406479	14021	4
RA72WYU	98	Picture	ITI	1422613	0	1	23991	2	0	23920
RA72WYU	99	Picture	CueingCross	1446770	0	2	2999	3	0	2920
RA72WYU	100	Picture	PrepTime	1449936	0	1	2999	2	0	2920
RA72WYU	101	Picture	1_17_Encoding_Working_Memory_MEG_Nonsalient_Uncued_NoChange_CuedRetrieval_300_300_399_1950_3000_2450_gabor_patch_orientation_084_017_056_036_target_position_1_4_retrieval_position_4	1453101	0	2	1333	3	0	1250
RA72WYU	101	Picture	Flicker2	1454434	1333	1	1333	2	1250	1250
RA72WYU	101	Picture	Flicker3	1455767	2666	1	1333	2	2500	1250
RA72WYU	102	Picture	Delay	1457266	0	2	19493	3	0	19420
RA72WYU	103	Picture	1_17_Retrieval_Working_Memory_MEG_Nonsalient_Uncued_NoChange_CuedRetrieval_retrieval_patch_orientation_036_retrieval_position_4	1476925	0	2	29989	3	0	29920
RA72WYU	103	Response	10	1499077	22152	3
RA72WYU	104	Picture	ITI	1507080	0	2	24491	3	0	24420
RA72WYU	105	Picture	CueingCross	1531738	0	1	2998	3	0	2920
RA72WYU	106	Picture	PrepTime	1534903	0	1	2999	2	0	2920
RA72WYU	107	Picture	1_18_Encoding_Working_Memory_MEG_Nonsalient_Uncued_NoChange_CuedRetrieval_300_300_399_2100_3000_2000_gabor_patch_orientation_129_095_010_040_target_position_3_4_retrieval_position_3	1538068	0	2	1333	3	0	1250
RA72WYU	107	Picture	Flicker2	1539401	1333	1	1333	2	1250	1250
RA72WYU	107	Picture	Flicker3	1540734	2666	1	1333	2	2500	1250
RA72WYU	108	Picture	Delay	1542234	0	1	20991	3	0	20920
RA72WYU	109	Picture	1_18_Retrieval_Working_Memory_MEG_Nonsalient_Uncued_NoChange_CuedRetrieval_retrieval_patch_orientation_010_retrieval_position_3	1563392	0	1	29988	3	0	29920
RA72WYU	109	Response	20	1582054	18662	4
RA72WYU	110	Picture	ITI	1593547	0	1	19992	2	0	19920
RA72WYU	111	Picture	CueingCross	1613706	0	1	2999	2	0	2920
RA72WYU	112	Picture	PrepTime	1616871	0	2	2999	3	0	2920
RA72WYU	113	Picture	1_19_Encoding_Working_Memory_MEG_Nonsalient_Uncued_NoChange_CuedRetrieval_300_300_399_2000_3000_2100_gabor_patch_orientation_177_125_108_087_target_position_3_4_retrieval_position_3	1620037	0	1	1333	2	0	1250
RA72WYU	113	Picture	Flicker2	1621370	1333	1	1332	3	1250	1250
RA72WYU	113	Picture	Flicker3	1622702	2665	2	1333	3	2500	1250
RA72WYU	114	Picture	Delay	1624202	0	1	19992	2	0	19920
RA72WYU	115	Picture	1_19_Retrieval_Working_Memory_MEG_Nonsalient_Uncued_NoChange_CuedRetrieval_retrieval_patch_orientation_108_retrieval_position_3	1644361	0	1	29988	2	0	29920
RA72WYU	115	Response	10	1661652	17291	4
RA72WYU	116	Picture	ITI	1674516	0	1	20992	2	0	20920
RA72WYU	117	Picture	CueingCross	1695674	0	2	2999	3	0	2920
RA72WYU	118	Picture	PrepTime	1698840	0	1	2999	2	0	2920
RA72WYU	119	Picture	1_20_Encoding_Working_Memory_MEG_Nonsalient_Uncued_DoChange_UncuedRetriev_300_300_399_2100_3000_2300_gabor_patch_orientation_054_024_087_159_target_position_2_4_retrieval_position_1	1702005	0	1	1333	2	0	1250
RA72WYU	119	Picture	Flicker2	1703338	1333	1	1333	2	1250	1250
RA72WYU	119	Picture	Flicker3	1704671	2666	1	1333	2	2500	1250
RA72WYU	120	Picture	Delay	1706170	0	1	20992	2	0	20920
RA72WYU	121	Picture	1_20_Retrieval_Working_Memory_MEG_Nonsalient_Uncued_DoChange_UncuedRetriev_retrieval_patch_orientation_005_retrieval_position_1	1727329	0	1	29988	2	0	29920
RA72WYU	121	Response	20	1743450	16121	3
RA72WYU	122	Picture	ITI	1757484	0	1	22991	2	0	22920
RA72WYU	123	Picture	CueingCross	1780641	0	2	2999	3	0	2920
RA72WYU	124	Picture	PrepTime	1783807	0	1	2999	2	0	2920
RA72WYU	125	Picture	1_21_Encoding_Working_Memory_MEG_Nonsalient_Uncued_DoChange_CuedRetrieval_300_300_399_1850_3000_2450_gabor_patch_orientation_172_145_129_111_target_position_1_4_retrieval_position_4	1786972	0	2	1333	3	0	1250
RA72WYU	125	Picture	Flicker2	1788305	1333	1	1333	2	1250	1250
RA72WYU	125	Picture	Flicker3	1789638	2666	1	1333	2	2500	1250
RA72WYU	126	Picture	Delay	1791137	0	2	18493	3	0	18420
RA72WYU	127	Picture	1_21_Retrieval_Working_Memory_MEG_Nonsalient_Uncued_DoChange_CuedRetrieval_retrieval_patch_orientation_064_retrieval_position_4	1809797	0	1	29988	2	0	29920
RA72WYU	127	Response	10	1822668	12871	3
RA72WYU	128	Picture	ITI	1839952	0	1	24490	3	0	24420
RA72WYU	129	Picture	CueingCross	1864609	0	1	2999	2	0	2920
RA72WYU	130	Picture	PrepTime	1867774	0	2	2999	3	0	2920
RA72WYU	131	Picture	1_22_Encoding_Working_Memory_MEG_Nonsalient_Uncued_DoChange_CuedRetrieval_300_300_399_1800_3000_2500_gabor_patch_orientation_122_072_095_180_target_position_1_4_retrieval_position_4	1870940	0	1	1333	2	0	1250
RA72WYU	131	Picture	Flicker2	1872273	1333	1	1333	2	1250	1250
RA72WYU	131	Picture	Flicker3	1873606	2666	1	1332	3	2500	1250
RA72WYU	132	Picture	Delay	1875105	0	1	17993	2	0	17920
RA72WYU	133	Picture	1_22_Retrieval_Working_Memory_MEG_Nonsalient_Uncued_DoChange_CuedRetrieval_retrieval_patch_orientation_042_retrieval_position_4	1893265	0	1	29988	2	0	29920
RA72WYU	133	Response	20	1918785	25520	4
RA72WYU	134	Picture	ITI	1923420	0	1	24990	2	0	24920
RA72WYU	135	Picture	CueingCross	1948577	0	1	2998	3	0	2920
RA72WYU	136	Picture	PrepTime	1951742	0	1	2999	2	0	2920
RA72WYU	137	Picture	1_23_Encoding_Working_Memory_MEG_Nonsalient_Uncued_NoChange_CuedRetrieval_300_300_399_2100_3000_2150_gabor_patch_orientation_170_096_016_080_target_position_1_3_retrieval_position_1	1954907	0	2	1333	3	0	1250
RA72WYU	137	Picture	Flicker2	1956240	1333	1	1333	2	1250	1250
RA72WYU	137	Picture	Flicker3	1957573	2666	1	1333	2	2500	1250
RA72WYU	138	Picture	Delay	1959073	0	1	20991	3	0	20920
RA72WYU	139	Picture	1_23_Retrieval_Working_Memory_MEG_Nonsalient_Uncued_NoChange_CuedRetrieval_retrieval_patch_orientation_170_retrieval_position_1	1980231	0	1	29988	3	0	29920
RA72WYU	139	Response	10	2000153	19922	3
RA72WYU	140	Picture	ITI	2010386	0	1	21492	2	0	21420
RA72WYU	141	Picture	CueingCross	2032044	0	2	2999	3	0	2920
RA72WYU	142	Picture	PrepTime	2035210	0	1	2999	2	0	2920
RA72WYU	143	Picture	1_24_Encoding_Working_Memory_MEG_Nonsalient_Uncued_NoChange_CuedRetrieval_300_300_399_2150_3000_2150_gabor_patch_orientation_056_161_085_141_target_position_2_3_retrieval_position_3	2038375	0	2	1333	3	0	1250
RA72WYU	143	Picture	Flicker2	2039708	1333	1	1333	2	1250	1250
RA72WYU	143	Picture	Flicker3	2041041	2666	1	1333	2	2500	1250
RA72WYU	144	Picture	Delay	2042540	0	2	21492	3	0	21420
RA72WYU	145	Picture	1_24_Retrieval_Working_Memory_MEG_Nonsalient_Uncued_NoChange_CuedRetrieval_retrieval_patch_orientation_085_retrieval_position_3	2064199	0	1	29988	2	0	29920
RA72WYU	145	Response	10	2085031	20832	3
RA72WYU	146	Picture	ITI	2094354	0	1	21491	2	0	21420
RA72WYU	147	Picture	CueingCross	2116012	0	1	2999	2	0	2920
RA72WYU	148	Picture	PrepTime	2119177	0	2	2999	3	0	2920
RA72WYU	149	Picture	1_25_Encoding_Working_Memory_MEG_Nonsalient_Uncued_DoChange_CuedRetrieval_300_300_399_2100_3000_2350_gabor_patch_orientation_054_081_107_024_target_position_1_4_retrieval_position_4	2122343	0	1	1333	2	0	1250
RA72WYU	149	Picture	Flicker2	2123676	1333	1	1332	3	1250	1250
RA72WYU	149	Picture	Flicker3	2125008	2665	2	1333	3	2500	1250
RA72WYU	150	Picture	Delay	2126508	0	1	20992	2	0	20920
RA72WYU	151	Picture	1_25_Retrieval_Working_Memory_MEG_Nonsalient_Uncued_DoChange_CuedRetrieval_retrieval_patch_orientation_163_retrieval_position_4	2147666	0	2	29989	3	0	29920
RA72WYU	151	Response	10	2166078	18412	4
RA72WYU	152	Picture	ITI	2177821	0	2	23491	3	0	23420
RA72WYU	153	Picture	CueingCross	2201479	0	1	2999	2	0	2920
RA72WYU	154	Picture	PrepTime	2204644	0	2	2999	3	0	2920
RA72WYU	155	Picture	1_26_Encoding_Working_Memory_MEG_Nonsalient_Uncued_DoChange_UncuedRetriev_300_300_399_2250_3000_2050_gabor_patch_orientation_012_125_061_144_target_position_1_3_retrieval_position_4	2207810	0	1	1333	2	0	1250
RA72WYU	155	Picture	Flicker2	2209143	1333	1	1333	2	1250	1250
RA72WYU	155	Picture	Flicker3	2210476	2666	1	1332	2	2500	1250
RA72WYU	156	Picture	Delay	2211975	0	1	22491	2	0	22420
RA72WYU	157	Picture	1_26_Retrieval_Working_Memory_MEG_Nonsalient_Uncued_DoChange_UncuedRetriev_retrieval_patch_orientation_096_retrieval_position_4	2234633	0	1	29988	2	0	29920
RA72WYU	157	Response	20	2246956	12323	4
RA72WYU	158	Picture	ITI	2264788	0	1	20492	2	0	20420
RA72WYU	159	Picture	CueingCross	2285447	0	1	2998	2	0	2920
RA72WYU	160	Picture	PrepTime	2288612	0	1	2999	2	0	2920
RA72WYU	161	Picture	1_27_Encoding_Working_Memory_MEG_Nonsalient_Uncued_NoChange_CuedRetrieval_300_300_399_2050_3000_2250_gabor_patch_orientation_170_063_088_027_target_position_2_3_retrieval_position_3	2291777	0	2	1333	3	0	1250
RA72WYU	161	Picture	Flicker2	2293110	1333	1	1333	2	1250	1250
RA72WYU	161	Picture	Flicker3	2294443	2666	1	1333	2	2500	1250
RA72WYU	162	Picture	Delay	2295942	0	2	20493	3	0	20420
RA72WYU	163	Picture	1_27_Retrieval_Working_Memory_MEG_Nonsalient_Uncued_NoChange_CuedRetrieval_retrieval_patch_orientation_088_retrieval_position_3	2316601	0	1	29989	2	0	29920
RA72WYU	163	Response	10	2340614	24013	3
RA72WYU	164	Picture	ITI	2346756	0	2	22492	3	0	22420
RA72WYU	165	Picture	CueingCross	2369414	0	1	2999	2	0	2920
RA72WYU	166	Picture	PrepTime	2372580	0	1	2998	3	0	2920
RA72WYU	167	Picture	1_28_Encoding_Working_Memory_MEG_Nonsalient_Uncued_DoChange_CuedRetrieval_300_300_399_1750_3000_2500_gabor_patch_orientation_075_095_027_164_target_position_2_4_retrieval_position_2	2375744	0	2	1334	3	0	1250
RA72WYU	167	Picture	Flicker2	2377078	1334	1	1333	2	1250	1250
RA72WYU	167	Picture	Flicker3	2378411	2667	1	1332	3	2500	1250
RA72WYU	168	Picture	Delay	2379910	0	1	17493	2	0	17420
RA72WYU	169	Picture	1_28_Retrieval_Working_Memory_MEG_Nonsalient_Uncued_DoChange_CuedRetrieval_retrieval_patch_orientation_142_retrieval_position_2	2397570	0	2	29988	4	0	29920
RA72WYU	169	Response	20	2411432	13862	3
RA72WYU	170	Picture	ITI	2427725	0	1	24990	2	0	24920
RA72WYU	171	Picture	CueingCross	2452882	0	1	2999	2	0	2920
RA72WYU	172	Picture	PrepTime	2456047	0	2	2999	3	0	2920
RA72WYU	173	Picture	1_29_Encoding_Working_Memory_MEG_Nonsalient_Uncued_NoChange_UncuedRetriev_300_300_399_1900_3000_2050_gabor_patch_orientation_001_152_039_123_target_position_2_3_retrieval_position_4	2459213	0	1	1333	2	0	1250
RA72WYU	173	Picture	Flicker2	2460546	1333	1	1332	3	1250	1250
RA72WYU	173	Picture	Flicker3	2461878	2665	2	1333	3	2500	1250
RA72WYU	174	Picture	Delay	2463378	0	1	18992	3	0	18920
RA72WYU	175	Picture	1_29_Retrieval_Working_Memory_MEG_Nonsalient_Uncued_NoChange_UncuedRetriev_retrieval_patch_orientation_123_retrieval_position_4	2482537	0	1	29989	2	0	29920
RA72WYU	175	Response	10	2496399	13862	4
RA72WYU	176	Picture	ITI	2512692	0	1	20492	2	0	20420
RA72WYU	177	Picture	CueingCross	2533351	0	1	2999	2	0	2920
RA72WYU	178	Picture	PrepTime	2536516	0	2	2999	3	0	2920
RA72WYU	179	Picture	1_30_Encoding_Working_Memory_MEG_Nonsalient_Uncued_DoChange_CuedRetrieval_300_300_399_1850_3000_2350_gabor_patch_orientation_138_085_107_169_target_position_1_3_retrieval_position_3	2539682	0	1	1333	2	0	1250
RA72WYU	179	Picture	Flicker2	2541015	1333	1	1332	2	1250	1250
RA72WYU	179	Picture	Flicker3	2542347	2665	1	1333	2	2500	1250
RA72WYU	180	Picture	Delay	2543847	0	1	18493	2	0	18420
RA72WYU	181	Picture	1_30_Retrieval_Working_Memory_MEG_Nonsalient_Uncued_DoChange_CuedRetrieval_retrieval_patch_orientation_057_retrieval_position_3	2562506	0	1	29989	2	0	29920
RA72WYU	181	Response	20	2578577	16071	3
RA72WYU	182	Picture	ITI	2592661	0	2	23491	3	0	23420
RA72WYU	183	Picture	CueingCross	2616319	0	1	2999	2	0	2920
RA72WYU	184	Picture	PrepTime	2619484	0	1	2999	2	0	2920
RA72WYU	185	Picture	1_31_Encoding_Working_Memory_MEG_Nonsalient_Uncued_NoChange_CuedRetrieval_300_300_399_1850_3000_2400_gabor_patch_orientation_079_159_138_096_target_position_3_4_retrieval_position_4	2622650	0	1	1332	3	0	1250
RA72WYU	185	Picture	Flicker2	2623982	1332	2	1333	3	1250	1250
RA72WYU	185	Picture	Flicker3	2625315	2665	1	1333	3	2500	1250
RA72WYU	186	Picture	Delay	2626815	0	1	18493	2	0	18420
RA72WYU	187	Picture	1_31_Retrieval_Working_Memory_MEG_Nonsalient_Uncued_NoChange_CuedRetrieval_retrieval_patch_orientation_096_retrieval_position_4	2645474	0	1	29989	2	0	29920
RA72WYU	187	Response	10	2659195	13721	7
RA72WYU	188	Picture	ITI	2675629	0	2	23991	3	0	23920
RA72WYU	189	Picture	CueingCross	2699787	0	1	2998	3	0	2920
RA72WYU	190	Picture	PrepTime	2702952	0	1	2999	2	0	2920
RA72WYU	191	Picture	1_32_Encoding_Working_Memory_MEG_Nonsalient_Uncued_NoChange_CuedRetrieval_300_300_399_1750_3000_2050_gabor_patch_orientation_029_077_009_146_target_position_3_4_retrieval_position_4	2706117	0	2	1333	3	0	1250
RA72WYU	191	Picture	Flicker2	2707450	1333	1	1333	2	1250	1250
RA72WYU	191	Picture	Flicker3	2708783	2666	1	1333	2	2500	1250
RA72WYU	192	Picture	Delay	2710283	0	1	17493	2	0	17420
RA72WYU	193	Picture	1_32_Retrieval_Working_Memory_MEG_Nonsalient_Uncued_NoChange_CuedRetrieval_retrieval_patch_orientation_146_retrieval_position_4	2727942	0	2	29989	3	0	29920
RA72WYU	193	Response	10	2740043	12101	3
RA72WYU	194	Picture	ITI	2758097	0	2	20492	4	0	20420
RA72WYU	195	Picture	CueingCross	2778756	0	1	2999	2	0	2920
RA72WYU	196	Picture	PrepTime	2781922	0	1	2998	2	0	2920
RA72WYU	197	Picture	1_33_Encoding_Working_Memory_MEG_Nonsalient_Uncued_NoChange_CuedRetrieval_300_300_399_1900_3000_2450_gabor_patch_orientation_003_027_053_117_target_position_1_2_retrieval_position_2	2785087	0	1	1333	2	0	1250
RA72WYU	197	Picture	Flicker2	2786420	1333	1	1333	2	1250	1250
RA72WYU	197	Picture	Flicker3	2787753	2666	1	1332	3	2500	1250
RA72WYU	198	Picture	Delay	2789252	0	1	18993	2	0	18920
RA72WYU	199	Picture	1_33_Retrieval_Working_Memory_MEG_Nonsalient_Uncued_NoChange_CuedRetrieval_retrieval_patch_orientation_027_retrieval_position_2	2808411	0	2	29989	3	0	29920
RA72WYU	199	Response	20	2827090	18679	4
RA72WYU	200	Picture	ITI	2838566	0	2	24491	3	0	24420
RA72WYU	201	Picture	CueingCross	2863223	0	2	2999	3	0	2920
RA72WYU	202	Picture	PrepTime	2866389	0	1	2999	2	0	2920
RA72WYU	203	Picture	1_34_Encoding_Working_Memory_MEG_Nonsalient_Uncued_NoChange_UncuedRetriev_300_300_399_2050_3000_2150_gabor_patch_orientation_147_104_026_087_target_position_3_4_retrieval_position_2	2869554	0	2	1333	3	0	1250
RA72WYU	203	Picture	Flicker2	2870887	1333	1	1333	2	1250	1250
RA72WYU	203	Picture	Flicker3	2872220	2666	1	1333	2	2500	1250
RA72WYU	204	Picture	Delay	2873719	0	2	20492	4	0	20420
RA72WYU	205	Picture	1_34_Retrieval_Working_Memory_MEG_Nonsalient_Uncued_NoChange_UncuedRetriev_retrieval_patch_orientation_104_retrieval_position_2	2894378	0	1	29989	2	0	29920
RA72WYU	205	Response	10	2915608	21230	3
RA72WYU	206	Picture	ITI	2924533	0	1	21492	2	0	21420
RA72WYU	207	Picture	CueingCross	2946191	0	2	2999	3	0	2920
RA72WYU	208	Picture	PrepTime	2949357	0	1	2999	2	0	2920
RA72WYU	209	Picture	1_35_Encoding_Working_Memory_MEG_Nonsalient_Uncued_DoChange_CuedRetrieval_300_300_399_1850_3000_2100_gabor_patch_orientation_129_104_086_173_target_position_1_2_retrieval_position_2	2952522	0	2	1333	3	0	1250
RA72WYU	209	Picture	Flicker2	2953855	1333	1	1333	2	1250	1250
RA72WYU	209	Picture	Flicker3	2955188	2666	1	1333	2	2500	1250
RA72WYU	210	Picture	Delay	2956687	0	2	18493	3	0	18420
RA72WYU	211	Picture	1_35_Retrieval_Working_Memory_MEG_Nonsalient_Uncued_DoChange_CuedRetrieval_retrieval_patch_orientation_057_retrieval_position_2	2975347	0	1	29988	2	0	29920
RA72WYU	211	Response	20	3005175	29828	4
RA72WYU	212	Picture	ITI	3005502	0	1	20992	2	0	20920
RA72WYU	213	Picture	CueingCross	3026660	0	2	2999	3	0	2920
RA72WYU	214	Picture	PrepTime	3029826	0	1	2999	2	0	2920
RA72WYU	215	Picture	1_36_Encoding_Working_Memory_MEG_Nonsalient_Uncued_NoChange_CuedRetrieval_300_300_399_2050_3000_2100_gabor_patch_orientation_006_022_128_039_target_position_2_4_retrieval_position_4	3032991	0	3	1333	4	0	1250
RA72WYU	215	Picture	Flicker2	3034324	1333	1	1331	4	1250	1250
RA72WYU	215	Picture	Flicker3	3035655	2664	3	1335	4	2500	1250
RA72WYU	216	Picture	Delay	3037156	0	2	20492	3	0	20420
RA72WYU	217	Picture	1_36_Retrieval_Working_Memory_MEG_Nonsalient_Uncued_NoChange_CuedRetrieval_retrieval_patch_orientation_039_retrieval_position_4	3057815	0	1	29988	3	0	29920
RA72WYU	217	Response	10	3069893	12078	5
RA72WYU	218	Picture	ITI	3087970	0	1	20992	2	0	20920
RA72WYU	219	Picture	CueingCross	3109129	0	1	2998	2	0	2920
RA72WYU	220	Picture	PrepTime	3112294	0	1	2999	2	0	2920
RA72WYU	221	Picture	1_37_Encoding_Working_Memory_MEG_Nonsalient_Uncued_NoChange_CuedRetrieval_300_300_399_1850_3000_2450_gabor_patch_orientation_069_023_111_096_target_position_3_4_retrieval_position_3	3115459	0	2	1333	3	0	1250
RA72WYU	221	Picture	Flicker2	3116792	1333	1	1333	2	1250	1250
RA72WYU	221	Picture	Flicker3	3118125	2666	1	1333	2	2500	1250
RA72WYU	222	Picture	Delay	3119624	0	2	18493	3	0	18420
RA72WYU	223	Picture	1_37_Retrieval_Working_Memory_MEG_Nonsalient_Uncued_NoChange_CuedRetrieval_retrieval_patch_orientation_111_retrieval_position_3	3138284	0	1	29988	2	0	29920
RA72WYU	223	Response	10	3150051	11767	5
RA72WYU	224	Picture	ITI	3168439	0	1	24490	3	0	24420
RA72WYU	225	Picture	CueingCross	3193096	0	1	2999	2	0	2920
RA72WYU	226	Picture	PrepTime	3196262	0	1	2998	2	0	2920
RA72WYU	227	Picture	1_38_Encoding_Working_Memory_MEG_Nonsalient_Uncued_DoChange_CuedRetrieval_300_300_399_2150_3000_2200_gabor_patch_orientation_039_173_012_056_target_position_2_4_retrieval_position_2	3199427	0	1	1333	2	0	1250
RA72WYU	227	Picture	Flicker2	3200760	1333	1	1333	2	1250	1250
RA72WYU	227	Picture	Flicker3	3202093	2666	1	1332	3	2500	1250
RA72WYU	228	Picture	Delay	3203592	0	1	21492	2	0	21420
RA72WYU	229	Picture	1_38_Retrieval_Working_Memory_MEG_Nonsalient_Uncued_DoChange_CuedRetrieval_retrieval_patch_orientation_128_retrieval_position_2	3225250	0	2	29989	3	0	29920
RA72WYU	229	Response	10	3242099	16849	3
RA72WYU	230	Picture	ITI	3255405	0	2	21992	3	0	21920
RA72WYU	231	Picture	CueingCross	3277563	0	2	2999	3	0	2920
RA72WYU	232	Picture	PrepTime	3280729	0	1	2999	2	0	2920
RA72WYU	233	Picture	1_39_Encoding_Working_Memory_MEG_Nonsalient_Uncued_NoChange_CuedRetrieval_300_300_399_2150_3000_2050_gabor_patch_orientation_095_024_058_131_target_position_1_2_retrieval_position_2	3283894	0	2	1333	3	0	1250
RA72WYU	233	Picture	Flicker2	3285227	1333	1	1333	2	1250	1250
RA72WYU	233	Picture	Flicker3	3286560	2666	1	1333	2	2500	1250
RA72WYU	234	Picture	Delay	3288059	0	2	21492	3	0	21420
RA72WYU	235	Picture	1_39_Retrieval_Working_Memory_MEG_Nonsalient_Uncued_NoChange_CuedRetrieval_retrieval_patch_orientation_024_retrieval_position_2	3309718	0	1	29988	2	0	29920
RA72WYU	235	Response	10	3322197	12479	3
RA72WYU	236	Picture	ITI	3339873	0	1	20492	2	0	20420
RA72WYU	237	Picture	CueingCross	3360531	0	2	2999	3	0	2920
RA72WYU	238	Picture	PrepTime	3363697	0	1	2999	2	0	2920
RA72WYU	239	Picture	1_40_Encoding_Working_Memory_MEG_Nonsalient_Uncued_DoChange_UncuedRetriev_300_300_399_1950_3000_2300_gabor_patch_orientation_155_075_140_027_target_position_2_4_retrieval_position_3	3366862	0	2	1333	3	0	1250
RA72WYU	239	Picture	Flicker2	3368195	1333	1	1333	2	1250	1250
RA72WYU	239	Picture	Flicker3	3369528	2666	1	1333	2	2500	1250
RA72WYU	240	Picture	Delay	3371027	0	2	19493	3	0	19420
RA72WYU	241	Picture	1_40_Retrieval_Working_Memory_MEG_Nonsalient_Uncued_DoChange_UncuedRetriev_retrieval_patch_orientation_001_retrieval_position_3	3390686	0	2	29989	3	0	29920
RA72WYU	241	Response	20	3404074	13388	5
RA72WYU	242	Picture	ITI	3420841	0	2	22992	3	0	22920
RA72WYU	243	Picture	CueingCross	3443999	0	1	2999	2	0	2920
RA72WYU	244	Picture	PrepTime	3447165	0	1	2998	3	0	2920
RA72WYU	245	Picture	1_41_Encoding_Working_Memory_MEG_Nonsalient_Uncued_NoChange_CuedRetrieval_300_300_399_1850_3000_2350_gabor_patch_orientation_110_038_150_127_target_position_2_4_retrieval_position_2	3450330	0	1	1333	2	0	1250
RA72WYU	245	Picture	Flicker2	3451663	1333	1	1333	2	1250	1250
RA72WYU	245	Picture	Flicker3	3452996	2666	1	1333	2	2500	1250
RA72WYU	246	Picture	Delay	3454495	0	1	18493	2	0	18420
RA72WYU	247	Picture	1_41_Retrieval_Working_Memory_MEG_Nonsalient_Uncued_NoChange_CuedRetrieval_retrieval_patch_orientation_038_retrieval_position_2	3473155	0	1	29988	2	0	29920
RA72WYU	247	Response	10	3493642	20487	4
RA72WYU	248	Picture	ITI	3503310	0	1	23491	2	0	23420
RA72WYU	249	Picture	CueingCross	3526967	0	1	2999	2	0	2920
RA72WYU	250	Picture	PrepTime	3530133	0	1	2998	3	0	2920
RA72WYU	251	Picture	1_42_Encoding_Working_Memory_MEG_Nonsalient_Uncued_DoChange_CuedRetrieval_300_300_399_2250_3000_2100_gabor_patch_orientation_070_127_150_017_target_position_1_2_retrieval_position_2	3533298	0	1	1333	2	0	1250
RA72WYU	251	Picture	Flicker2	3534631	1333	1	1333	2	1250	1250
RA72WYU	251	Picture	Flicker3	3535964	2666	1	1333	2	2500	1250
RA72WYU	252	Picture	Delay	3537463	0	1	22491	3	0	22420
RA72WYU	253	Picture	1_42_Retrieval_Working_Memory_MEG_Nonsalient_Uncued_DoChange_CuedRetrieval_retrieval_patch_orientation_176_retrieval_position_2	3560121	0	1	29988	3	0	29920
RA72WYU	253	Response	20	3584459	24338	4
RA72WYU	254	Picture	ITI	3590276	0	1	20992	2	0	20920
RA72WYU	255	Picture	CueingCross	3611435	0	1	2998	2	0	2920
RA72WYU	256	Picture	PrepTime	3614600	0	1	2999	2	0	2920
RA72WYU	257	Picture	1_43_Encoding_Working_Memory_MEG_Nonsalient_Uncued_DoChange_CuedRetrieval_300_300_399_1900_3000_2250_gabor_patch_orientation_006_051_173_114_target_position_3_4_retrieval_position_4	3617765	0	2	1333	3	0	1250
RA72WYU	257	Picture	Flicker2	3619098	1333	1	1333	2	1250	1250
RA72WYU	257	Picture	Flicker3	3620431	2666	1	1333	2	2500	1250
RA72WYU	258	Picture	Delay	3621931	0	1	18992	2	0	18920
RA72WYU	259	Picture	1_43_Retrieval_Working_Memory_MEG_Nonsalient_Uncued_DoChange_CuedRetrieval_retrieval_patch_orientation_067_retrieval_position_4	3641089	0	2	29989	3	0	29920
RA72WYU	259	Response	10	3654347	13258	4
RA72WYU	260	Picture	ITI	3671245	0	1	22491	2	0	22420
RA72WYU	261	Picture	CueingCross	3693903	0	1	2999	2	0	2920
RA72WYU	262	Picture	PrepTime	3697068	0	1	2999	2	0	2920
RA72WYU	263	Picture	1_44_Encoding_Working_Memory_MEG_Nonsalient_Uncued_DoChange_CuedRetrieval_300_300_399_1750_3000_2450_gabor_patch_orientation_035_086_141_054_target_position_3_4_retrieval_position_3	3700234	0	1	1332	3	0	1250
RA72WYU	263	Picture	Flicker2	3701566	1332	2	1333	3	1250	1250
RA72WYU	263	Picture	Flicker3	3702899	2665	1	1333	2	2500	1250
RA72WYU	264	Picture	Delay	3704399	0	1	17493	2	0	17420
RA72WYU	265	Picture	1_44_Retrieval_Working_Memory_MEG_Nonsalient_Uncued_DoChange_CuedRetrieval_retrieval_patch_orientation_003_retrieval_position_3	3722058	0	2	29989	3	0	29920
RA72WYU	265	Response	20	3743475	21417	3
RA72WYU	266	Picture	ITI	3752213	0	2	24491	3	0	24420
RA72WYU	267	Picture	CueingCross	3776871	0	1	2999	2	0	2920
RA72WYU	268	Picture	PrepTime	3780036	0	1	2999	2	0	2920
RA72WYU	269	Picture	1_45_Encoding_Working_Memory_MEG_Nonsalient_Uncued_DoChange_CuedRetrieval_300_300_399_1750_3000_2050_gabor_patch_orientation_126_178_097_067_target_position_2_4_retrieval_position_2	3783202	0	1	1332	2	0	1250
RA72WYU	269	Picture	Flicker2	3784534	1332	1	1333	2	1250	1250
RA72WYU	269	Picture	Flicker3	3785867	2665	1	1333	2	2500	1250
RA72WYU	270	Picture	Delay	3787367	0	1	17493	2	0	17420
RA72WYU	271	Picture	1_45_Retrieval_Working_Memory_MEG_Nonsalient_Uncued_DoChange_CuedRetrieval_retrieval_patch_orientation_038_retrieval_position_2	3805026	0	2	29989	3	0	29920
RA72WYU	271	Response	10	3817763	12737	3
RA72WYU	272	Picture	ITI	3835181	0	2	20493	3	0	20420
RA72WYU	273	Picture	CueingCross	3855840	0	1	2999	2	0	2920
RA72WYU	274	Picture	PrepTime	3859006	0	1	2998	3	0	2920
RA72WYU	275	Picture	1_46_Encoding_Working_Memory_MEG_Nonsalient_Uncued_DoChange_UncuedRetriev_300_300_399_1800_3000_2000_gabor_patch_orientation_106_025_150_177_target_position_2_3_retrieval_position_4	3862171	0	1	1333	2	0	1250
RA72WYU	275	Picture	Flicker2	3863504	1333	1	1333	2	1250	1250
RA72WYU	275	Picture	Flicker3	3864837	2666	1	1333	2	2500	1250
RA72WYU	276	Picture	Delay	3866336	0	1	17993	2	0	17920
RA72WYU	277	Picture	1_46_Retrieval_Working_Memory_MEG_Nonsalient_Uncued_DoChange_UncuedRetriev_retrieval_patch_orientation_132_retrieval_position_4	3884496	0	1	29988	2	0	29920
RA72WYU	277	Response	20	3905531	21035	3
RA72WYU	278	Picture	ITI	3914651	0	1	19992	2	0	19920
RA72WYU	279	Picture	CueingCross	3934810	0	1	2998	3	0	2920
RA72WYU	280	Picture	PrepTime	3937975	0	1	2999	2	0	2920
RA72WYU	281	Picture	1_47_Encoding_Working_Memory_MEG_Nonsalient_Uncued_DoChange_CuedRetrieval_300_300_399_2250_3000_2300_gabor_patch_orientation_117_138_093_168_target_position_3_4_retrieval_position_4	3941141	0	1	1332	2	0	1250
RA72WYU	281	Picture	Flicker2	3942473	1332	1	1333	3	1250	1250
RA72WYU	281	Picture	Flicker3	3943806	2665	2	1333	3	2500	1250
RA72WYU	282	Picture	Delay	3945306	0	1	22491	2	0	22420
RA72WYU	283	Picture	1_47_Retrieval_Working_Memory_MEG_Nonsalient_Uncued_DoChange_CuedRetrieval_retrieval_patch_orientation_030_retrieval_position_4	3967964	0	1	29988	2	0	29920
RA72WYU	283	Response	10	3979459	11495	8
RA72WYU	284	Picture	ITI	3998119	0	1	22991	2	0	22920
RA72WYU	285	Picture	CueingCross	4021276	0	2	2999	3	0	2920
RA72WYU	286	Picture	PrepTime	4024442	0	1	2999	2	0	2920
RA72WYU	287	Picture	1_48_Encoding_Working_Memory_MEG_Nonsalient_Uncued_NoChange_CuedRetrieval_300_300_399_1800_3000_2150_gabor_patch_orientation_175_065_101_129_target_position_2_3_retrieval_position_2	4027607	0	1	1333	2	0	1250
RA72WYU	287	Picture	Flicker2	4028940	1333	1	1333	2	1250	1250
RA72WYU	287	Picture	Flicker3	4030273	2666	1	1333	2	2500	1250
RA72WYU	288	Picture	Delay	4031772	0	2	17993	3	0	17920
RA72WYU	289	Picture	1_48_Retrieval_Working_Memory_MEG_Nonsalient_Uncued_NoChange_CuedRetrieval_retrieval_patch_orientation_065_retrieval_position_2	4049932	0	1	29988	2	0	29920
RA72WYU	289	Response	10	4061536	11604	4
RA72WYU	290	Picture	ITI	4080087	0	1	21492	2	0	21420
RA72WYU	291	Picture	CueingCross	4101745	0	1	2999	2	0	2920
RA72WYU	292	Picture	PrepTime	4104911	0	1	2999	2	0	2920
RA72WYU	293	Picture	1_49_Encoding_Working_Memory_MEG_Nonsalient_Uncued_NoChange_CuedRetrieval_300_300_399_2150_3000_2400_gabor_patch_orientation_004_123_037_156_target_position_1_3_retrieval_position_3	4108076	0	1	1333	2	0	1250
RA72WYU	293	Picture	Flicker2	4109409	1333	1	1333	2	1250	1250
RA72WYU	293	Picture	Flicker3	4110742	2666	1	1333	2	2500	1250
RA72WYU	294	Picture	Delay	4112241	0	1	21492	2	0	21420
RA72WYU	295	Picture	1_49_Retrieval_Working_Memory_MEG_Nonsalient_Uncued_NoChange_CuedRetrieval_retrieval_patch_orientation_037_retrieval_position_3	4133899	0	2	29989	3	0	29920
RA72WYU	295	Response	10	4148614	14715	3
RA72WYU	296	Picture	ITI	4164054	0	2	23991	3	0	23920
RA72WYU	297	Picture	CueingCross	4188212	0	1	2999	2	0	2920
RA72WYU	298	Picture	PrepTime	4191377	0	2	2999	3	0	2920
RA72WYU	299	Picture	1_50_Encoding_Working_Memory_MEG_Nonsalient_Uncued_NoChange_UncuedRetriev_300_300_399_2000_3000_2150_gabor_patch_orientation_034_122_057_086_target_position_2_3_retrieval_position_1	4194543	0	1	1333	2	0	1250
RA72WYU	299	Picture	Flicker2	4195876	1333	1	1332	2	1250	1250
RA72WYU	299	Picture	Flicker3	4197208	2665	1	1333	2	2500	1250
RA72WYU	300	Picture	Delay	4198708	0	1	19992	2	0	19920
RA72WYU	301	Picture	1_50_Retrieval_Working_Memory_MEG_Nonsalient_Uncued_NoChange_UncuedRetriev_retrieval_patch_orientation_034_retrieval_position_1	4218867	0	1	29988	2	0	29920
RA72WYU	301	Response	10	4226942	8075	4
RA72WYU	302	Picture	ITI	4249022	0	1	21491	3	0	21420
RA72WYU	303	Picture	CueingCross	4270680	0	1	2999	2	0	2920
RA72WYU	304	Picture	PrepTime	4273845	0	2	2999	3	0	2920
RA72WYU	305	Picture	1_51_Encoding_Working_Memory_MEG_Nonsalient_Uncued_DoChange_CuedRetrieval_300_300_399_1950_3000_2300_gabor_patch_orientation_059_093_120_149_target_position_1_4_retrieval_position_1	4277011	0	1	1333	2	0	1250
RA72WYU	305	Picture	Flicker2	4278344	1333	1	1333	2	1250	1250
RA72WYU	305	Picture	Flicker3	4279677	2666	1	1332	2	2500	1250
RA72WYU	306	Picture	Delay	4281176	0	1	19492	3	0	19420
RA72WYU	307	Picture	1_51_Retrieval_Working_Memory_MEG_Nonsalient_Uncued_DoChange_CuedRetrieval_retrieval_patch_orientation_010_retrieval_position_1	4300835	0	1	29988	3	0	29920
RA72WYU	307	Response	10	4314779	13944	4
RA72WYU	308	Picture	ITI	4330990	0	1	22991	2	0	22920
RA72WYU	309	Picture	CueingCross	4354148	0	1	2999	2	0	2920
RA72WYU	310	Picture	PrepTime	4357313	0	1	2999	2	0	2920
RA72WYU	311	Picture	1_52_Encoding_Working_Memory_MEG_Nonsalient_Uncued_DoChange_CuedRetrieval_300_300_399_1800_3000_2150_gabor_patch_orientation_153_096_028_175_target_position_2_4_retrieval_position_2	4360479	0	1	1332	3	0	1250
RA72WYU	311	Picture	Flicker2	4361811	1332	2	1333	3	1250	1250
RA72WYU	311	Picture	Flicker3	4363144	2665	1	1333	2	2500	1250
RA72WYU	312	Picture	Delay	4364644	0	1	17993	2	0	17920
RA72WYU	313	Picture	1_52_Retrieval_Working_Memory_MEG_Nonsalient_Uncued_DoChange_CuedRetrieval_retrieval_patch_orientation_047_retrieval_position_2	4382803	0	2	29989	3	0	29920
RA72WYU	313	Response	10	4401797	18994	3
RA72WYU	314	Picture	ITI	4412958	0	2	21492	3	0	21420
RA72WYU	315	Picture	CueingCross	4434617	0	1	2999	2	0	2920
RA72WYU	316	Picture	PrepTime	4437782	0	1	2999	2	0	2920
RA72WYU	317	Picture	1_53_Encoding_Working_Memory_MEG_Nonsalient_Uncued_DoChange_CuedRetrieval_300_300_399_1750_3000_2100_gabor_patch_orientation_165_051_035_141_target_position_2_3_retrieval_position_2	4440948	0	1	1332	2	0	1250
RA72WYU	317	Picture	Flicker2	4442280	1332	1	1333	2	1250	1250
RA72WYU	317	Picture	Flicker3	4443613	2665	1	1333	2	2500	1250
RA72WYU	318	Picture	Delay	4445113	0	1	17493	2	0	17420
RA72WYU	319	Picture	1_53_Retrieval_Working_Memory_MEG_Nonsalient_Uncued_DoChange_CuedRetrieval_retrieval_patch_orientation_099_retrieval_position_2	4462772	0	2	29989	3	0	29920
RA72WYU	319	Response	10	4485315	22543	3
RA72WYU	320	Picture	ITI	4492927	0	2	20992	3	0	20920
RA72WYU	321	Picture	CueingCross	4514086	0	1	2999	2	0	2920
RA72WYU	322	Picture	PrepTime	4517251	0	2	2999	3	0	2920
RA72WYU	323	Picture	1_54_Encoding_Working_Memory_MEG_Nonsalient_Uncued_DoChange_CuedRetrieval_300_300_399_2200_3000_2200_gabor_patch_orientation_113_163_051_030_target_position_3_4_retrieval_position_4	4520417	0	1	1333	2	0	1250
RA72WYU	323	Picture	Flicker2	4521750	1333	1	1332	3	1250	1250
RA72WYU	323	Picture	Flicker3	4523082	2665	2	1333	3	2500	1250
RA72WYU	324	Picture	Delay	4524582	0	1	21991	3	0	21920
RA72WYU	325	Picture	1_54_Retrieval_Working_Memory_MEG_Nonsalient_Uncued_DoChange_CuedRetrieval_retrieval_patch_orientation_075_retrieval_position_4	4546740	0	1	29988	3	0	29920
RA72WYU	325	Response	20	4561863	15123	3
RA72WYU	326	Picture	ITI	4576895	0	1	21992	2	0	21920
RA72WYU	327	Picture	CueingCross	4599053	0	1	2999	2	0	2920
RA72WYU	328	Picture	PrepTime	4602219	0	1	2998	3	0	2920
RA72WYU	329	Picture	1_55_Encoding_Working_Memory_MEG_Nonsalient_Uncued_DoChange_CuedRetrieval_300_300_399_1850_3000_2000_gabor_patch_orientation_007_147_114_027_target_position_1_2_retrieval_position_2	4605384	0	1	1333	2	0	1250
RA72WYU	329	Picture	Flicker2	4606717	1333	1	1333	2	1250	1250
RA72WYU	329	Picture	Flicker3	4608050	2666	1	1332	3	2500	1250
RA72WYU	330	Picture	Delay	4609549	0	1	18493	2	0	18420
RA72WYU	331	Picture	1_55_Retrieval_Working_Memory_MEG_Nonsalient_Uncued_DoChange_CuedRetrieval_retrieval_patch_orientation_097_retrieval_position_2	4628209	0	1	29988	2	0	29920
RA72WYU	331	Response	20	4654100	25891	3
RA72WYU	332	Picture	ITI	4658364	0	1	19992	2	0	19920
RA72WYU	333	Picture	CueingCross	4678522	0	2	2999	3	0	2920
RA72WYU	334	Picture	PrepTime	4681688	0	1	2999	2	0	2920
RA72WYU	335	Picture	1_56_Encoding_Working_Memory_MEG_Nonsalient_Uncued_NoChange_UncuedRetriev_300_300_399_2150_3000_2250_gabor_patch_orientation_175_158_088_052_target_position_2_3_retrieval_position_4	4684853	0	2	1333	3	0	1250
RA72WYU	335	Picture	Flicker2	4686186	1333	1	1333	2	1250	1250
RA72WYU	335	Picture	Flicker3	4687519	2666	1	1333	2	2500	1250
RA72WYU	336	Picture	Delay	4689018	0	2	21492	3	0	21420
RA72WYU	337	Picture	1_56_Retrieval_Working_Memory_MEG_Nonsalient_Uncued_NoChange_UncuedRetriev_retrieval_patch_orientation_052_retrieval_position_4	4710677	0	1	29988	2	0	29920
RA72WYU	337	Response	10	4726118	15441	3
RA72WYU	338	Picture	ITI	4740832	0	1	22491	2	0	22420
RA72WYU	339	Picture	CueingCross	4763490	0	1	2998	3	0	2920
RA72WYU	340	Picture	PrepTime	4766655	0	1	2999	2	0	2920
RA72WYU	341	Picture	1_57_Encoding_Working_Memory_MEG_Nonsalient_Uncued_DoChange_CuedRetrieval_300_300_399_1800_3000_2500_gabor_patch_orientation_085_023_106_175_target_position_2_4_retrieval_position_4	4769821	0	1	1332	2	0	1250
RA72WYU	341	Picture	Flicker2	4771153	1332	1	1333	2	1250	1250
RA72WYU	341	Picture	Flicker3	4772486	2665	1	1333	2	2500	1250
RA72WYU	342	Picture	Delay	4773986	0	1	17993	2	0	17920
RA72WYU	343	Picture	1_57_Retrieval_Working_Memory_MEG_Nonsalient_Uncued_DoChange_CuedRetrieval_retrieval_patch_orientation_130_retrieval_position_4	4792145	0	2	29989	3	0	29920
RA72WYU	343	Response	10	4809846	17701	3
RA72WYU	344	Picture	ITI	4822300	0	2	24991	3	0	24920
RA72WYU	345	Picture	CueingCross	4847457	0	1	2999	2	0	2920
RA72WYU	346	Picture	PrepTime	4850623	0	1	2998	3	0	2920
RA72WYU	347	Picture	1_58_Encoding_Working_Memory_MEG_Nonsalient_Uncued_NoChange_CuedRetrieval_300_300_399_2200_3000_2350_gabor_patch_orientation_041_101_125_177_target_position_2_3_retrieval_position_2	4853788	0	1	1333	2	0	1250
RA72WYU	347	Picture	Flicker2	4855121	1333	1	1333	2	1250	1250
RA72WYU	347	Picture	Flicker3	4856454	2666	1	1333	2	2500	1250
RA72WYU	348	Picture	Delay	4857953	0	1	21992	2	0	21920
RA72WYU	349	Picture	1_58_Retrieval_Working_Memory_MEG_Nonsalient_Uncued_NoChange_CuedRetrieval_retrieval_patch_orientation_101_retrieval_position_2	4880111	0	2	29989	3	0	29920
RA72WYU	349	Response	20	4901463	21352	4
RA72WYU	350	Picture	ITI	4910266	0	2	23491	3	0	23420
RA72WYU	351	Picture	CueingCross	4933924	0	1	2999	2	0	2920
RA72WYU	352	Picture	PrepTime	4937089	0	2	2999	3	0	2920
RA72WYU	353	Picture	1_59_Encoding_Working_Memory_MEG_Nonsalient_Uncued_NoChange_CuedRetrieval_300_300_399_2000_3000_2200_gabor_patch_orientation_180_016_139_106_target_position_3_4_retrieval_position_3	4940255	0	1	1333	2	0	1250
RA72WYU	353	Picture	Flicker2	4941588	1333	1	1332	2	1250	1250
RA72WYU	353	Picture	Flicker3	4942920	2665	1	1333	2	2500	1250
RA72WYU	354	Picture	Delay	4944420	0	1	19992	2	0	19920
RA72WYU	355	Picture	1_59_Retrieval_Working_Memory_MEG_Nonsalient_Uncued_NoChange_CuedRetrieval_retrieval_patch_orientation_139_retrieval_position_3	4964579	0	1	29988	2	0	29920
RA72WYU	355	Response	10	4977901	13322	4
RA72WYU	356	Picture	ITI	4994734	0	1	21991	2	0	21920
RA72WYU	357	Picture	CueingCross	5016892	0	1	2999	2	0	2920
RA72WYU	358	Picture	PrepTime	5020057	0	1	2999	2	0	2920
RA72WYU	359	Picture	1_60_Encoding_Working_Memory_MEG_Nonsalient_Uncued_NoChange_CuedRetrieval_300_300_399_2200_3000_2300_gabor_patch_orientation_133_089_172_027_target_position_2_4_retrieval_position_2	5023223	0	1	1332	3	0	1250
RA72WYU	359	Picture	Flicker2	5024555	1332	2	1333	3	1250	1250
RA72WYU	359	Picture	Flicker3	5025888	2665	1	1333	2	2500	1250
RA72WYU	360	Picture	Delay	5027388	0	1	21991	2	0	21920
RA72WYU	361	Picture	1_60_Retrieval_Working_Memory_MEG_Nonsalient_Uncued_NoChange_CuedRetrieval_retrieval_patch_orientation_089_retrieval_position_2	5049546	0	1	29988	2	0	29920
RA72WYU	361	Response	20	5066729	17183	3
RA72WYU	362	Picture	ITI	5079701	0	1	22991	2	0	22920
RA72WYU	363	Picture	CueingCross	5102859	0	1	2998	3	0	2920
RA72WYU	364	Picture	PrepTime	5106024	0	1	2999	2	0	2920
RA72WYU	365	Picture	1_61_Encoding_Working_Memory_MEG_Nonsalient_Uncued_NoChange_CuedRetrieval_300_300_399_2100_3000_2350_gabor_patch_orientation_064_104_171_038_target_position_1_2_retrieval_position_1	5109189	0	2	1333	3	0	1250
RA72WYU	365	Picture	Flicker2	5110522	1333	1	1333	2	1250	1250
RA72WYU	365	Picture	Flicker3	5111855	2666	1	1333	2	2500	1250
RA72WYU	366	Picture	Delay	5113355	0	1	20991	3	0	20920
RA72WYU	367	Picture	1_61_Retrieval_Working_Memory_MEG_Nonsalient_Uncued_NoChange_CuedRetrieval_retrieval_patch_orientation_064_retrieval_position_1	5134513	0	1	29988	3	0	29920
RA72WYU	367	Response	10	5143897	9384	3
RA72WYU	368	Picture	ITI	5164668	0	1	23491	2	0	23420
RA72WYU	369	Picture	CueingCross	5188326	0	1	2998	3	0	2920
RA72WYU	370	Picture	PrepTime	5191491	0	1	2999	2	0	2920
RA72WYU	371	Picture	1_62_Encoding_Working_Memory_MEG_Nonsalient_Uncued_DoChange_CuedRetrieval_300_300_399_1950_3000_2500_gabor_patch_orientation_039_095_168_152_target_position_2_3_retrieval_position_3	5194656	0	2	1333	3	0	1250
RA72WYU	371	Picture	Flicker2	5195989	1333	1	1333	2	1250	1250
RA72WYU	371	Picture	Flicker3	5197322	2666	1	1333	2	2500	1250
RA72WYU	372	Picture	Delay	5198822	0	1	19492	2	0	19420
RA72WYU	373	Picture	1_62_Retrieval_Working_Memory_MEG_Nonsalient_Uncued_DoChange_CuedRetrieval_retrieval_patch_orientation_123_retrieval_position_3	5218481	0	1	29988	2	0	29920
RA72WYU	373	Response	10	5231854	13373	4
RA72WYU	374	Picture	ITI	5248636	0	1	24990	2	0	24920
RA72WYU	375	Picture	CueingCross	5273793	0	1	2998	3	0	2920
RA72WYU	376	Picture	PrepTime	5276958	0	1	2999	2	0	2920
RA72WYU	377	Picture	1_63_Encoding_Working_Memory_MEG_Nonsalient_Uncued_NoChange_UncuedRetriev_300_300_399_1900_3000_2400_gabor_patch_orientation_004_068_136_046_target_position_1_3_retrieval_position_4	5280123	0	2	1333	3	0	1250
RA72WYU	377	Picture	Flicker2	5281456	1333	1	1333	3	1250	1250
RA72WYU	377	Picture	Flicker3	5282789	2666	2	1333	3	2500	1250
RA72WYU	378	Picture	Delay	5284289	0	1	18992	2	0	18920
RA72WYU	379	Picture	1_63_Retrieval_Working_Memory_MEG_Nonsalient_Uncued_NoChange_UncuedRetriev_retrieval_patch_orientation_046_retrieval_position_4	5303448	0	1	29988	2	0	29920
RA72WYU	379	Response	10	5323982	20534	3
RA72WYU	380	Picture	ITI	5333603	0	1	23991	2	0	23920
RA72WYU	381	Picture	CueingCross	5357760	0	1	2999	2	0	2920
RA72WYU	382	Picture	PrepTime	5360926	0	1	2998	3	0	2920
RA72WYU	383	Picture	1_64_Encoding_Working_Memory_MEG_Nonsalient_Uncued_NoChange_CuedRetrieval_300_300_399_2200_3000_2000_gabor_patch_orientation_008_054_079_169_target_position_1_2_retrieval_position_1	5364091	0	1	1333	2	0	1250
RA72WYU	383	Picture	Flicker2	5365424	1333	1	1333	2	1250	1250
RA72WYU	383	Picture	Flicker3	5366757	2666	1	1333	2	2500	1250
RA72WYU	384	Picture	Delay	5368256	0	1	21992	2	0	21920
RA72WYU	385	Picture	1_64_Retrieval_Working_Memory_MEG_Nonsalient_Uncued_NoChange_CuedRetrieval_retrieval_patch_orientation_008_retrieval_position_1	5390414	0	1	29989	2	0	29920
RA72WYU	385	Response	10	5400089	9675	4
RA72WYU	386	Picture	ITI	5420569	0	2	19992	4	0	19920
RA72WYU	387	Picture	CueingCross	5440728	0	1	2999	2	0	2920
RA72WYU	388	Picture	PrepTime	5443894	0	1	2998	3	0	2920
RA72WYU	389	Picture	1_65_Encoding_Working_Memory_MEG_Nonsalient_Uncued_NoChange_CuedRetrieval_300_300_399_2000_3000_2200_gabor_patch_orientation_038_067_098_177_target_position_2_3_retrieval_position_3	5447059	0	1	1333	2	0	1250
RA72WYU	389	Picture	Flicker2	5448392	1333	1	1333	2	1250	1250
RA72WYU	389	Picture	Flicker3	5449725	2666	1	1332	3	2500	1250
RA72WYU	390	Picture	Delay	5451224	0	1	19992	2	0	19920
RA72WYU	391	Picture	1_65_Retrieval_Working_Memory_MEG_Nonsalient_Uncued_NoChange_CuedRetrieval_retrieval_patch_orientation_098_retrieval_position_3	5471383	0	1	29988	2	0	29920
RA72WYU	391	Response	10	5490237	18854	4
RA72WYU	392	Picture	ITI	5501538	0	1	21991	3	0	21920
RA72WYU	393	Picture	CueingCross	5523696	0	1	2999	2	0	2920
RA72WYU	394	Picture	PrepTime	5526862	0	1	2998	2	0	2920
RA72WYU	395	Picture	1_66_Encoding_Working_Memory_MEG_Nonsalient_Uncued_DoChange_CuedRetrieval_300_300_399_2100_3000_2100_gabor_patch_orientation_124_077_140_013_target_position_1_4_retrieval_position_4	5530027	0	1	1333	2	0	1250
RA72WYU	395	Picture	Flicker2	5531360	1333	1	1333	2	1250	1250
RA72WYU	395	Picture	Flicker3	5532693	2666	1	1332	3	2500	1250
RA72WYU	396	Picture	Delay	5534192	0	1	20992	2	0	20920
RA72WYU	397	Picture	1_66_Retrieval_Working_Memory_MEG_Nonsalient_Uncued_DoChange_CuedRetrieval_retrieval_patch_orientation_058_retrieval_position_4	5555351	0	1	29988	2	0	29920
RA72WYU	397	Response	10	5568595	13244	3
RA72WYU	398	Picture	ITI	5585505	0	2	20992	4	0	20920
RA72WYU	399	Picture	CueingCross	5606664	0	1	2999	2	0	2920
RA72WYU	400	Picture	PrepTime	5609829	0	2	2999	3	0	2920
RA72WYU	401	Picture	1_67_Encoding_Working_Memory_MEG_Nonsalient_Uncued_NoChange_CuedRetrieval_300_300_399_1950_3000_2450_gabor_patch_orientation_051_067_110_177_target_position_2_3_retrieval_position_2	5612995	0	1	1333	2	0	1250
RA72WYU	401	Picture	Flicker2	5614328	1333	1	1333	2	1250	1250
RA72WYU	401	Picture	Flicker3	5615661	2666	1	1332	3	2500	1250
RA72WYU	402	Picture	Delay	5617160	0	1	19492	3	0	19420
RA72WYU	403	Picture	1_67_Retrieval_Working_Memory_MEG_Nonsalient_Uncued_NoChange_CuedRetrieval_retrieval_patch_orientation_067_retrieval_position_2	5636819	0	1	29988	3	0	29920
RA72WYU	403	Response	20	5654872	18053	4
RA72WYU	404	Picture	ITI	5666974	0	1	24491	2	0	24420
RA72WYU	405	Picture	CueingCross	5691631	0	1	2999	2	0	2920
RA72WYU	406	Picture	PrepTime	5694797	0	1	2999	2	0	2920
RA72WYU	407	Picture	1_68_Encoding_Working_Memory_MEG_Nonsalient_Uncued_NoChange_UncuedRetriev_300_300_399_2250_3000_2250_gabor_patch_orientation_061_034_115_086_target_position_1_3_retrieval_position_2	5697962	0	1	1333	2	0	1250
RA72WYU	407	Picture	Flicker2	5699295	1333	1	1333	2	1250	1250
RA72WYU	407	Picture	Flicker3	5700628	2666	1	1333	2	2500	1250
RA72WYU	408	Picture	Delay	5702127	0	1	22492	2	0	22420
RA72WYU	409	Picture	1_68_Retrieval_Working_Memory_MEG_Nonsalient_Uncued_NoChange_UncuedRetriev_retrieval_patch_orientation_034_retrieval_position_2	5724785	0	1	29989	2	0	29920
RA72WYU	409	Response	10	5734490	9705	4
RA72WYU	410	Picture	ITI	5754940	0	1	22491	3	0	22420
RA72WYU	411	Picture	CueingCross	5777598	0	1	2999	2	0	2920
RA72WYU	412	Picture	PrepTime	5780763	0	2	2999	3	0	2920
RA72WYU	413	Picture	1_69_Encoding_Working_Memory_MEG_Nonsalient_Uncued_NoChange_CuedRetrieval_300_300_399_1750_3000_2000_gabor_patch_orientation_025_143_094_110_target_position_1_2_retrieval_position_1	5783929	0	1	1333	2	0	1250
RA72WYU	413	Picture	Flicker2	5785262	1333	1	1333	2	1250	1250
RA72WYU	413	Picture	Flicker3	5786595	2666	1	1332	2	2500	1250
RA72WYU	414	Picture	Delay	5788094	0	1	17493	2	0	17420
RA72WYU	415	Picture	1_69_Retrieval_Working_Memory_MEG_Nonsalient_Uncued_NoChange_CuedRetrieval_retrieval_patch_orientation_025_retrieval_position_1	5805754	0	1	29988	2	0	29920
RA72WYU	415	Response	10	5816458	10704	4
RA72WYU	416	Picture	ITI	5835909	0	1	19992	2	0	19920
RA72WYU	417	Picture	CueingCross	5856068	0	1	2999	2	0	2920
RA72WYU	418	Picture	PrepTime	5859233	0	1	2999	2	0	2920
RA72WYU	419	Picture	1_70_Encoding_Working_Memory_MEG_Nonsalient_Uncued_NoChange_UncuedRetriev_300_300_399_2050_3000_2200_gabor_patch_orientation_022_174_093_053_target_position_1_4_retrieval_position_3	5862399	0	1	1332	3	0	1250
RA72WYU	419	Picture	Flicker2	5863731	1332	2	1333	3	1250	1250
RA72WYU	419	Picture	Flicker3	5865064	2665	1	1333	3	2500	1250
RA72WYU	420	Picture	Delay	5866564	0	1	20492	2	0	20420
RA72WYU	421	Picture	1_70_Retrieval_Working_Memory_MEG_Nonsalient_Uncued_NoChange_UncuedRetriev_retrieval_patch_orientation_093_retrieval_position_3	5887222	0	2	29989	3	0	29920
RA72WYU	421	Response	10	5901686	14464	3
RA72WYU	422	Picture	ITI	5917377	0	2	21992	3	0	21920
RA72WYU	423	Picture	BaselinePost	5939535	0	2	50148	3	0	50000
