Scenario - ATWM1_Working_Memory_MEG_nonsalient_cued_instruction
Logfile written - 02/08/2016 19:35:05

Subject	Trial	Event Type	Code	Time	TTime	Uncertainty	Duration	Uncertainty	ReqTime	ReqDur

RA72WYU	1	Picture	Instruction_NS_C	27	0	3	100132	4	0	100000
RA72WYU	2	Picture	Instruction2	100326	0	1	100130	2	0	100000
RA72WYU	3	Picture	Instruction3	200623	0	2	16717	3	0	resp
RA72WYU	3	Response	10	217238	16615	3
RA72WYU	4	Picture	Instruction4	237399	0	1	5684	2	0	resp
RA72WYU	4	Response	20	242927	5528	4
RA72WYU	5	Picture	Instruction5	262975	0	1	2842	2	0	resp
RA72WYU	5	Response	10	265727	2752	3
RA72WYU	6	Picture	Instruction4	285876	0	1	4012	2	0	resp
RA72WYU	6	Response	20	289776	3900	4
RA72WYU	7	Picture	Instruction3	309947	0	2	7523	3	0	resp
RA72WYU	7	Response	10	317426	7479	3
RA72WYU	8	Picture	Instruction4	337529	0	1	4681	2	0	resp
RA72WYU	8	Response	20	342165	4636	4
RA72WYU	9	Picture	Instruction_NS_C_TestTrials	362269	0	1	100130	2	0	100000
RA72WYU	10	Picture	BaselinePre	462566	0	2	20060	3	0	20000
RA72WYU	11	Picture	CueingCross	482793	0	1	3009	2	0	2920
RA72WYU	12	Picture	PrepTime	485969	0	1	3009	2	0	2920
RA72WYU	13	Picture	1_1_Encoding_Working_Memory_MEG_Nonsalient_Cued_NoChange_CuedRetrieval_300_300_399_1900_3000_2000_gabor_patch_orientation_145_180_072_009_target_position_3_4_retrieval_position_3	489145	0	1	1337	3	0	1250
RA72WYU	13	Picture	Flicker2	490482	1337	2	1338	3	1250	1250
RA72WYU	13	Picture	Flicker3	491820	2675	1	1337	2	2500	1250
RA72WYU	14	Picture	Delay	493324	0	1	19057	2	0	18920
RA72WYU	15	Picture	1_1_Retrieval_Working_Memory_MEG_Nonsalient_Cued_NoChange_CuedRetrieval_retrieval_patch_orientation_072_retrieval_position_3	512548	0	1	30089	2	0	29920
RA72WYU	15	Response	10	532231	19683	4
RA72WYU	16	Picture	ITI	562696	0	2	20060	3	0	19920
RA72WYU	17	Picture	CueingCross	582923	0	1	3009	2	0	2920
RA72WYU	18	Picture	PrepTime	586099	0	1	3009	2	0	2920
RA72WYU	19	Picture	1_2_Encoding_Working_Memory_MEG_Nonsalient_Cued_DoChange_CuedRetrieval_300_300_399_1800_3000_2050_gabor_patch_orientation_106_017_176_122_target_position_1_3_retrieval_position_1	589275	0	1	1337	3	0	1250
RA72WYU	19	Picture	Flicker2	590612	1337	2	1338	3	1250	1250
RA72WYU	19	Picture	Flicker3	591950	2675	1	1337	2	2500	1250
RA72WYU	20	Picture	Delay	593454	0	1	18054	2	0	17920
RA72WYU	21	Picture	1_2_Retrieval_Working_Memory_MEG_Nonsalient_Cued_DoChange_CuedRetrieval_retrieval_patch_orientation_151_retrieval_position_1	611675	0	1	30089	2	0	29920
RA72WYU	21	Response	20	625899	14224	4
RA72WYU	22	Picture	ITI	661823	0	2	20561	4	0	20420
RA72WYU	23	Picture	CueingCross	682552	0	1	3008	3	0	2920
RA72WYU	24	Picture	PrepTime	685728	0	1	3009	2	0	2920
RA72WYU	25	Picture	1_3_Encoding_Working_Memory_MEG_Nonsalient_Cued_NoChange_CuedRetrieval_300_300_399_1750_3000_2100_gabor_patch_orientation_162_003_042_091_target_position_1_3_retrieval_position_3	688904	0	1	1337	2	0	1250
RA72WYU	25	Picture	Flicker2	690241	1337	1	1337	2	1250	1250
RA72WYU	25	Picture	Flicker3	691578	2674	1	1338	2	2500	1250
RA72WYU	26	Picture	Delay	693083	0	1	17552	2	0	17420
RA72WYU	27	Picture	1_3_Retrieval_Working_Memory_MEG_Nonsalient_Cued_NoChange_CuedRetrieval_retrieval_patch_orientation_042_retrieval_position_3	710802	0	1	30089	2	0	29920
RA72WYU	27	Response	10	725987	15185	4
RA72WYU	28	Picture	ITI	760951	0	2	21062	3	0	20920
RA72WYU	29	Picture	CueingCross	782180	0	1	3009	2	0	2920
RA72WYU	30	Picture	PrepTime	785356	0	1	3009	2	0	2920
RA72WYU	31	Picture	1_4_Encoding_Working_Memory_MEG_Nonsalient_Cued_DoChange_CuedRetrieval_300_300_399_1850_3000_2150_gabor_patch_orientation_085_140_003_028_target_position_3_4_retrieval_position_4	788532	0	2	1338	3	0	1250
RA72WYU	31	Picture	Flicker2	789870	1338	1	1337	2	1250	1250
RA72WYU	31	Picture	Flicker3	791207	2675	1	1337	2	2500	1250
RA72WYU	32	Picture	Delay	792711	0	2	18555	3	0	18420
RA72WYU	33	Picture	1_4_Retrieval_Working_Memory_MEG_Nonsalient_Cued_DoChange_CuedRetrieval_retrieval_patch_orientation_166_retrieval_position_4	811433	0	2	30090	3	0	29920
RA72WYU	33	Response	10	834725	23292	4
RA72WYU	34	Picture	ITI	861582	0	1	21564	2	0	21420
RA72WYU	35	Picture	BaselinePost	883313	0	1	20060	2	0	20000
RA72WYU	36	Picture	Instruction_NS_C	903540	0	1	60200	2	0	3000000
RA72WYU	36	Quit		956081	52541	
