Scenario - ATWM1_Working_Memory_MEG_salient_cued_run1
Logfile written - 02/08/2016 17:37:23

Subject	Trial	Event Type	Code	Time	TTime	Uncertainty	Duration	Uncertainty	ReqTime	ReqDur

LG82ZTE	1	Picture	ExpStart	162	0	1	10163	2	0	10000
LG82ZTE	2	Picture	BaselinePre	10492	0	1	100128	2	0	100000
LG82ZTE	3	Picture	CueingCross	110787	0	1	2999	2	0	2920
LG82ZTE	4	Picture	PrepTime	113952	0	2	2999	3	0	2920
LG82ZTE	5	Picture	1_1_Encoding_Working_Memory_MEG_P2_LR_Nonsalient_DoChange_CuedRetrieval_300_300_399_1850_3000_2200_gabor_patch_orientation_148_063_088_034_target_position_1_4_retrieval_position_1	117118	0	1	1333	2	0	1250
LG82ZTE	5	Picture	Flicker2	118451	1333	1	1332	3	1250	1250
LG82ZTE	5	Picture	Flicker3	119783	2665	2	1333	3	2500	1250
LG82ZTE	6	Picture	Delay	121283	0	1	18493	2	0	18420
LG82ZTE	7	Picture	1_1_Retrieval_Working_Memory_MEG_P2_LR_Nonsalient_DoChange_CuedRetrieval_retrieval_patch_orientation_013_retrieval_position_1	139942	0	2	29989	3	0	29920
LG82ZTE	7	Response	20	148603	8661	3
LG82ZTE	8	Picture	ITI	170098	0	1	21991	2	0	21920
LG82ZTE	9	Picture	CueingCross	192256	0	1	2999	2	0	2920
LG82ZTE	10	Picture	PrepTime	195421	0	2	2999	3	0	2920
LG82ZTE	11	Picture	1_2_Encoding_Working_Memory_MEG_P2_LR_Nonsalient_DoChange_CuedRetrieval_300_300_399_2100_3000_2050_gabor_patch_orientation_118_143_097_172_target_position_1_2_retrieval_position_2	198587	0	1	1333	2	0	1250
LG82ZTE	11	Picture	Flicker2	199920	1333	1	1333	2	1250	1250
LG82ZTE	11	Picture	Flicker3	201253	2666	1	1332	3	2500	1250
LG82ZTE	12	Picture	Delay	202752	0	1	20992	2	0	20920
LG82ZTE	13	Picture	1_2_Retrieval_Working_Memory_MEG_P2_LR_Nonsalient_DoChange_CuedRetrieval_retrieval_patch_orientation_008_retrieval_position_2	223911	0	2	29988	4	0	29920
LG82ZTE	13	Response	20	230961	7050	4
LG82ZTE	14	Picture	ITI	254066	0	1	20492	2	0	20420
LG82ZTE	15	Picture	CueingCross	274725	0	1	2999	2	0	2920
LG82ZTE	16	Picture	PrepTime	277890	0	1	2999	2	0	2920
LG82ZTE	17	Picture	1_3_Encoding_Working_Memory_MEG_P2_LR_Nonsalient_NoChange_CuedRetrieval_300_300_399_2150_3000_1950_gabor_patch_orientation_121_040_055_097_target_position_1_2_retrieval_position_2	281056	0	1	1332	3	0	1250
LG82ZTE	17	Picture	Flicker2	282388	1332	2	1333	3	1250	1250
LG82ZTE	17	Picture	Flicker3	283721	2665	1	1333	2	2500	1250
LG82ZTE	18	Picture	Delay	285221	0	1	21492	2	0	21420
LG82ZTE	19	Picture	1_3_Retrieval_Working_Memory_MEG_P2_LR_Nonsalient_NoChange_CuedRetrieval_retrieval_patch_orientation_040_retrieval_position_2	306879	0	1	29989	2	0	29920
LG82ZTE	19	Response	10	316989	10110	4
LG82ZTE	20	Picture	ITI	337034	0	2	19493	3	0	19420
LG82ZTE	21	Picture	CueingCross	356694	0	1	2999	2	0	2920
LG82ZTE	22	Picture	PrepTime	359859	0	1	2999	2	0	2920
LG82ZTE	23	Picture	1_4_Encoding_Working_Memory_MEG_P2_LR_Nonsalient_NoChange_CuedRetrieval_300_300_399_2050_3000_2250_gabor_patch_orientation_108_155_078_050_target_position_3_4_retrieval_position_3	363025	0	1	1332	3	0	1250
LG82ZTE	23	Picture	Flicker2	364357	1332	2	1333	4	1250	1250
LG82ZTE	23	Picture	Flicker3	365690	2665	2	1333	3	2500	1250
LG82ZTE	24	Picture	Delay	367190	0	1	20492	2	0	20420
LG82ZTE	25	Picture	1_4_Retrieval_Working_Memory_MEG_P2_LR_Nonsalient_NoChange_CuedRetrieval_retrieval_patch_orientation_078_retrieval_position_3	387849	0	1	29988	2	0	29920
LG82ZTE	25	Response	10	399108	11259	3
LG82ZTE	26	Picture	ITI	418004	0	1	22491	2	0	22420
LG82ZTE	27	Picture	CueingCross	440662	0	1	2999	2	0	2920
LG82ZTE	28	Picture	PrepTime	443827	0	2	2999	3	0	2920
LG82ZTE	29	Picture	1_5_Encoding_Working_Memory_MEG_P2_LR_Nonsalient_DoChange_UncuedRetriev_300_300_399_2200_3000_2450_gabor_patch_orientation_135_169_108_050_target_position_2_3_retrieval_position_1	446993	0	1	1333	2	0	1250
LG82ZTE	29	Picture	Flicker2	448326	1333	1	1332	3	1250	1250
LG82ZTE	29	Picture	Flicker3	449658	2665	2	1333	3	2500	1250
LG82ZTE	30	Picture	Delay	451158	0	1	21992	2	0	21920
LG82ZTE	31	Picture	1_5_Retrieval_Working_Memory_MEG_P2_LR_Nonsalient_DoChange_UncuedRetriev_retrieval_patch_orientation_086_retrieval_position_1	473316	0	1	29989	2	0	29920
LG82ZTE	31	Response	20	484626	11310	3
LG82ZTE	32	Picture	ITI	503471	0	2	24491	3	0	24420
LG82ZTE	33	Picture	CueingCross	528129	0	1	2999	2	0	2920
LG82ZTE	34	Picture	PrepTime	531294	0	1	2999	2	0	2920
LG82ZTE	35	Picture	1_6_Encoding_Working_Memory_MEG_P2_LR_Nonsalient_DoChange_CuedRetrieval_300_300_399_2000_3000_2250_gabor_patch_orientation_056_165_111_006_target_position_1_4_retrieval_position_4	534460	0	1	1332	3	0	1250
LG82ZTE	35	Picture	Flicker2	535792	1332	2	1333	3	1250	1250
LG82ZTE	35	Picture	Flicker3	537125	2665	1	1333	2	2500	1250
LG82ZTE	36	Picture	Delay	538625	0	1	19992	2	0	19920
LG82ZTE	37	Picture	1_6_Retrieval_Working_Memory_MEG_P2_LR_Nonsalient_DoChange_CuedRetrieval_retrieval_patch_orientation_142_retrieval_position_4	558784	0	1	29988	2	0	29920
LG82ZTE	37	Response	20	572834	14050	4
LG82ZTE	38	Picture	ITI	588939	0	1	22491	3	0	22420
LG82ZTE	39	Picture	CueingCross	611597	0	1	2999	2	0	2920
LG82ZTE	40	Picture	PrepTime	614763	0	1	2998	2	0	2920
LG82ZTE	41	Picture	1_7_Encoding_Working_Memory_MEG_P2_LR_Nonsalient_DoChange_CuedRetrieval_300_300_399_2100_3000_2600_gabor_patch_orientation_022_068_096_037_target_position_1_3_retrieval_position_1	617928	0	1	1333	2	0	1250
LG82ZTE	41	Picture	Flicker2	619261	1333	1	1333	2	1250	1250
LG82ZTE	41	Picture	Flicker3	620594	2666	1	1332	3	2500	1250
LG82ZTE	42	Picture	Delay	622093	0	1	20992	2	0	20920
LG82ZTE	43	Picture	1_7_Retrieval_Working_Memory_MEG_P2_LR_Nonsalient_DoChange_CuedRetrieval_retrieval_patch_orientation_158_retrieval_position_1	643252	0	1	29988	2	0	29920
LG82ZTE	43	Response	20	652082	8830	4
LG82ZTE	44	Picture	ITI	673407	0	1	25990	2	0	25920
LG82ZTE	45	Picture	CueingCross	699564	0	1	2999	2	0	2920
LG82ZTE	46	Picture	PrepTime	702729	0	1	2999	2	0	2920
LG82ZTE	47	Picture	1_8_Encoding_Working_Memory_MEG_P2_LR_Nonsalient_DoChange_CuedRetrieval_300_300_399_2200_3000_2550_gabor_patch_orientation_014_153_098_119_target_position_1_4_retrieval_position_1	705895	0	1	1332	3	0	1250
LG82ZTE	47	Picture	Flicker2	707227	1332	2	1333	3	1250	1250
LG82ZTE	47	Picture	Flicker3	708560	2665	1	1333	2	2500	1250
LG82ZTE	48	Picture	Delay	710060	0	1	21991	3	0	21920
LG82ZTE	49	Picture	1_8_Retrieval_Working_Memory_MEG_P2_LR_Nonsalient_DoChange_CuedRetrieval_retrieval_patch_orientation_064_retrieval_position_1	732218	0	1	29989	2	0	29920
LG82ZTE	49	Response	20	741101	8883	3
LG82ZTE	50	Picture	ITI	762373	0	1	25491	2	0	25420
LG82ZTE	51	Picture	CueingCross	788030	0	1	2999	2	0	2920
LG82ZTE	52	Picture	PrepTime	791196	0	1	2999	2	0	2920
LG82ZTE	53	Picture	1_9_Encoding_Working_Memory_MEG_P2_LR_Nonsalient_NoChange_UncuedRetriev_300_300_399_2250_3000_2200_gabor_patch_orientation_124_062_036_008_target_position_2_4_retrieval_position_3	794361	0	1	1333	2	0	1250
LG82ZTE	53	Picture	Flicker2	795694	1333	1	1333	2	1250	1250
LG82ZTE	53	Picture	Flicker3	797027	2666	1	1333	2	2500	1250
LG82ZTE	54	Picture	Delay	798526	0	1	22492	2	0	22420
LG82ZTE	55	Picture	1_9_Retrieval_Working_Memory_MEG_P2_LR_Nonsalient_NoChange_UncuedRetriev_retrieval_patch_orientation_036_retrieval_position_3	821184	0	2	29989	3	0	29920
LG82ZTE	55	Response	10	835669	14485	3
LG82ZTE	56	Picture	ITI	851339	0	2	21992	3	0	21920
LG82ZTE	57	Picture	CueingCross	873498	0	1	2999	2	0	2920
LG82ZTE	58	Picture	PrepTime	876663	0	1	2999	2	0	2920
LG82ZTE	59	Picture	1_10_Encoding_Working_Memory_MEG_P2_LR_Nonsalient_DoChange_CuedRetrieval_300_300_399_2050_3000_1900_gabor_patch_orientation_089_006_123_033_target_position_1_2_retrieval_position_1	879829	0	1	1333	2	0	1250
LG82ZTE	59	Picture	Flicker2	881162	1333	1	1332	2	1250	1250
LG82ZTE	59	Picture	Flicker3	882494	2665	1	1332	3	2500	1250
LG82ZTE	60	Picture	Delay	883994	0	1	20492	2	0	20420
LG82ZTE	61	Picture	1_10_Retrieval_Working_Memory_MEG_P2_LR_Nonsalient_DoChange_CuedRetrieval_retrieval_patch_orientation_139_retrieval_position_1	904653	0	1	29988	2	0	29920
LG82ZTE	61	Response	20	913507	8854	4
LG82ZTE	62	Picture	ITI	934808	0	1	18993	2	0	18920
LG82ZTE	63	Picture	CueingCross	953967	0	2	2999	3	0	2920
LG82ZTE	64	Picture	PrepTime	957133	0	1	2999	2	0	2920
LG82ZTE	65	Picture	1_11_Encoding_Working_Memory_MEG_P2_LR_Nonsalient_DoChange_CuedRetrieval_300_300_399_1900_3000_2350_gabor_patch_orientation_043_079_101_017_target_position_1_4_retrieval_position_4	960298	0	1	1333	2	0	1250
LG82ZTE	65	Picture	Flicker2	961631	1333	1	1333	2	1250	1250
LG82ZTE	65	Picture	Flicker3	962964	2666	1	1333	2	2500	1250
LG82ZTE	66	Picture	Delay	964463	0	2	18993	3	0	18920
LG82ZTE	67	Picture	1_11_Retrieval_Working_Memory_MEG_P2_LR_Nonsalient_DoChange_CuedRetrieval_retrieval_patch_orientation_153_retrieval_position_4	983623	0	1	29988	2	0	29920
LG82ZTE	67	Response	20	995605	11982	4
LG82ZTE	68	Picture	ITI	1013778	0	1	23491	2	0	23420
LG82ZTE	69	Picture	CueingCross	1037436	0	1	2998	3	0	2920
LG82ZTE	70	Picture	PrepTime	1040601	0	1	2999	2	0	2920
LG82ZTE	71	Picture	1_12_Encoding_Working_Memory_MEG_P2_LR_Nonsalient_DoChange_CuedRetrieval_300_300_399_2250_3000_2350_gabor_patch_orientation_162_090_119_008_target_position_1_2_retrieval_position_2	1043767	0	1	1332	2	0	1250
LG82ZTE	71	Picture	Flicker2	1045099	1332	1	1333	2	1250	1250
LG82ZTE	71	Picture	Flicker3	1046432	2665	1	1333	2	2500	1250
LG82ZTE	72	Picture	Delay	1047932	0	1	22491	2	0	22420
LG82ZTE	73	Picture	1_12_Retrieval_Working_Memory_MEG_P2_LR_Nonsalient_DoChange_CuedRetrieval_retrieval_patch_orientation_140_retrieval_position_2	1070590	0	1	29988	2	0	29920
LG82ZTE	73	Response	20	1078294	7704	3
LG82ZTE	74	Picture	ITI	1100745	0	1	23491	2	0	23420
LG82ZTE	75	Picture	CueingCross	1124403	0	1	2999	2	0	2920
LG82ZTE	76	Picture	PrepTime	1127568	0	1	2999	2	0	2920
LG82ZTE	77	Picture	1_13_Encoding_Working_Memory_MEG_P2_LR_Nonsalient_NoChange_CuedRetrieval_300_300_399_1900_3000_2150_gabor_patch_orientation_031_105_150_016_target_position_1_4_retrieval_position_1	1130734	0	1	1332	3	0	1250
LG82ZTE	77	Picture	Flicker2	1132066	1332	2	1333	3	1250	1250
LG82ZTE	77	Picture	Flicker3	1133399	2665	1	1332	3	2500	1250
LG82ZTE	78	Picture	Delay	1134899	0	1	18992	3	0	18920
LG82ZTE	79	Picture	1_13_Retrieval_Working_Memory_MEG_P2_LR_Nonsalient_NoChange_CuedRetrieval_retrieval_patch_orientation_031_retrieval_position_1	1154058	0	1	29989	2	0	29920
LG82ZTE	79	Response	10	1161852	7794	3
LG82ZTE	80	Picture	ITI	1184213	0	2	21492	3	0	21420
LG82ZTE	81	Picture	CueingCross	1205872	0	1	2999	2	0	2920
LG82ZTE	82	Picture	PrepTime	1209037	0	1	2999	2	0	2920
LG82ZTE	83	Picture	1_14_Encoding_Working_Memory_MEG_P2_LR_Nonsalient_NoChange_CuedRetrieval_300_300_399_2000_3000_2600_gabor_patch_orientation_140_179_163_023_target_position_2_4_retrieval_position_4	1212203	0	1	1333	2	0	1250
LG82ZTE	83	Picture	Flicker2	1213536	1333	1	1332	2	1250	1250
LG82ZTE	83	Picture	Flicker3	1214868	2665	1	1333	2	2500	1250
LG82ZTE	84	Picture	Delay	1216368	0	1	19992	2	0	19920
LG82ZTE	85	Picture	1_14_Retrieval_Working_Memory_MEG_P2_LR_Nonsalient_NoChange_CuedRetrieval_retrieval_patch_orientation_023_retrieval_position_4	1236527	0	1	29988	3	0	29920
LG82ZTE	85	Response	10	1245190	8663	4
LG82ZTE	86	Picture	ITI	1266682	0	1	25990	2	0	25920
LG82ZTE	87	Picture	CueingCross	1292839	0	1	2999	2	0	2920
LG82ZTE	88	Picture	PrepTime	1296004	0	2	2999	3	0	2920
LG82ZTE	89	Picture	1_15_Encoding_Working_Memory_MEG_P2_LR_Nonsalient_NoChange_CuedRetrieval_300_300_399_1950_3000_2600_gabor_patch_orientation_117_031_048_156_target_position_3_4_retrieval_position_3	1299170	0	1	1333	2	0	1250
LG82ZTE	89	Picture	Flicker2	1300503	1333	1	1332	3	1250	1250
LG82ZTE	89	Picture	Flicker3	1301835	2665	2	1333	3	2500	1250
LG82ZTE	90	Picture	Delay	1303335	0	1	19492	3	0	19420
LG82ZTE	91	Picture	1_15_Retrieval_Working_Memory_MEG_P2_LR_Nonsalient_NoChange_CuedRetrieval_retrieval_patch_orientation_048_retrieval_position_3	1322994	0	1	29989	2	0	29920
LG82ZTE	91	Response	10	1330768	7774	4
LG82ZTE	92	Picture	ITI	1353149	0	2	25990	4	0	25920
LG82ZTE	93	Picture	CueingCross	1379306	0	1	2999	2	0	2920
LG82ZTE	94	Picture	PrepTime	1382471	0	2	2999	3	0	2920
LG82ZTE	95	Picture	1_16_Encoding_Working_Memory_MEG_P2_LR_Nonsalient_DoChange_CuedRetrieval_300_300_399_1850_3000_1950_gabor_patch_orientation_044_168_084_152_target_position_3_4_retrieval_position_4	1385637	0	2	1333	3	0	1250
LG82ZTE	95	Picture	Flicker2	1386970	1333	1	1333	2	1250	1250
LG82ZTE	95	Picture	Flicker3	1388303	2666	1	1332	3	2500	1250
LG82ZTE	96	Picture	Delay	1389802	0	1	18493	2	0	18420
LG82ZTE	97	Picture	1_16_Retrieval_Working_Memory_MEG_P2_LR_Nonsalient_DoChange_CuedRetrieval_retrieval_patch_orientation_102_retrieval_position_4	1408462	0	1	29988	2	0	29920
LG82ZTE	97	Response	20	1416317	7855	3
LG82ZTE	98	Picture	ITI	1438617	0	1	19492	3	0	19420
LG82ZTE	99	Picture	CueingCross	1458276	0	1	2999	2	0	2920
LG82ZTE	100	Picture	PrepTime	1461442	0	1	2998	3	0	2920
LG82ZTE	101	Picture	1_17_Encoding_Working_Memory_MEG_P2_LR_Nonsalient_NoChange_UncuedRetriev_300_300_399_1750_3000_2050_gabor_patch_orientation_087_138_072_012_target_position_1_2_retrieval_position_3	1464607	0	1	1333	2	0	1250
LG82ZTE	101	Picture	Flicker2	1465940	1333	1	1333	2	1250	1250
LG82ZTE	101	Picture	Flicker3	1467273	2666	1	1332	3	2500	1250
LG82ZTE	102	Picture	Delay	1468772	0	1	17493	3	0	17420
LG82ZTE	103	Picture	1_17_Retrieval_Working_Memory_MEG_P2_LR_Nonsalient_NoChange_UncuedRetriev_retrieval_patch_orientation_072_retrieval_position_3	1486432	0	1	29989	2	0	29920
LG82ZTE	103	Response	10	1497765	11333	3
LG82ZTE	104	Picture	ITI	1516587	0	2	20493	3	0	20420
LG82ZTE	105	Picture	CueingCross	1537246	0	1	2999	2	0	2920
LG82ZTE	106	Picture	PrepTime	1540412	0	1	2998	3	0	2920
LG82ZTE	107	Picture	1_18_Encoding_Working_Memory_MEG_P2_LR_Nonsalient_NoChange_CuedRetrieval_300_300_399_1750_3000_2300_gabor_patch_orientation_059_169_106_132_target_position_1_4_retrieval_position_4	1543577	0	1	1333	2	0	1250
LG82ZTE	107	Picture	Flicker2	1544910	1333	1	1333	2	1250	1250
LG82ZTE	107	Picture	Flicker3	1546243	2666	1	1333	2	2500	1250
LG82ZTE	108	Picture	Delay	1547742	0	1	17494	2	0	17420
LG82ZTE	109	Picture	1_18_Retrieval_Working_Memory_MEG_P2_LR_Nonsalient_NoChange_CuedRetrieval_retrieval_patch_orientation_132_retrieval_position_4	1565402	0	1	29989	2	0	29920
LG82ZTE	109	Response	10	1574333	8931	4
LG82ZTE	110	Picture	ITI	1595557	0	2	22992	3	0	22920
LG82ZTE	111	Picture	CueingCross	1618715	0	1	2999	2	0	2920
LG82ZTE	112	Picture	PrepTime	1621881	0	1	2999	2	0	2920
LG82ZTE	113	Picture	1_19_Encoding_Working_Memory_MEG_P2_LR_Nonsalient_DoChange_CuedRetrieval_300_300_399_1900_3000_2200_gabor_patch_orientation_002_171_109_141_target_position_1_3_retrieval_position_3	1625046	0	1	1333	2	0	1250
LG82ZTE	113	Picture	Flicker2	1626379	1333	1	1333	2	1250	1250
LG82ZTE	113	Picture	Flicker3	1627712	2666	1	1333	2	2500	1250
LG82ZTE	114	Picture	Delay	1629211	0	2	18993	3	0	18920
LG82ZTE	115	Picture	1_19_Retrieval_Working_Memory_MEG_P2_LR_Nonsalient_DoChange_CuedRetrieval_retrieval_patch_orientation_059_retrieval_position_3	1648371	0	1	29988	2	0	29920
LG82ZTE	115	Response	20	1655052	6681	3
LG82ZTE	116	Picture	ITI	1678526	0	1	21992	2	0	21920
LG82ZTE	117	Picture	CueingCross	1700684	0	1	2999	2	0	2920
LG82ZTE	118	Picture	PrepTime	1703850	0	1	2999	2	0	2920
LG82ZTE	119	Picture	1_20_Encoding_Working_Memory_MEG_P2_LR_Nonsalient_NoChange_UncuedRetriev_300_300_399_2050_3000_2300_gabor_patch_orientation_167_002_029_112_target_position_1_4_retrieval_position_3	1707015	0	1	1333	2	0	1250
LG82ZTE	119	Picture	Flicker2	1708348	1333	1	1333	2	1250	1250
LG82ZTE	119	Picture	Flicker3	1709681	2666	1	1333	2	2500	1250
LG82ZTE	120	Picture	Delay	1711180	0	1	20492	3	0	20420
LG82ZTE	121	Picture	1_20_Retrieval_Working_Memory_MEG_P2_LR_Nonsalient_NoChange_UncuedRetriev_retrieval_patch_orientation_029_retrieval_position_3	1731839	0	1	29989	2	0	29920
LG82ZTE	121	Response	10	1742160	10321	3
LG82ZTE	122	Picture	ITI	1761994	0	2	22992	3	0	22920
LG82ZTE	123	Picture	CueingCross	1785152	0	1	2999	2	0	2920
LG82ZTE	124	Picture	PrepTime	1788318	0	1	2998	3	0	2920
LG82ZTE	125	Picture	1_21_Encoding_Working_Memory_MEG_P2_LR_Nonsalient_NoChange_CuedRetrieval_300_300_399_1800_3000_2350_gabor_patch_orientation_093_012_070_046_target_position_2_3_retrieval_position_3	1791483	0	1	1333	2	0	1250
LG82ZTE	125	Picture	Flicker2	1792816	1333	1	1333	2	1250	1250
LG82ZTE	125	Picture	Flicker3	1794149	2666	1	1333	2	2500	1250
LG82ZTE	126	Picture	Delay	1795648	0	1	17993	2	0	17920
LG82ZTE	127	Picture	1_21_Retrieval_Working_Memory_MEG_P2_LR_Nonsalient_NoChange_CuedRetrieval_retrieval_patch_orientation_070_retrieval_position_3	1813808	0	2	29988	4	0	29920
LG82ZTE	127	Response	10	1828428	14620	3
LG82ZTE	128	Picture	ITI	1843963	0	1	23491	2	0	23420
LG82ZTE	129	Picture	CueingCross	1867621	0	1	2999	2	0	2920
LG82ZTE	130	Picture	PrepTime	1870786	0	2	2999	4	0	2920
LG82ZTE	131	Picture	1_22_Encoding_Working_Memory_MEG_P2_LR_Nonsalient_DoChange_CuedRetrieval_300_300_399_1850_3000_2250_gabor_patch_orientation_083_102_121_062_target_position_3_4_retrieval_position_3	1873952	0	1	1333	2	0	1250
LG82ZTE	131	Picture	Flicker2	1875285	1333	1	1332	3	1250	1250
LG82ZTE	131	Picture	Flicker3	1876617	2665	2	1333	3	2500	1250
LG82ZTE	132	Picture	Delay	1878117	0	1	18493	2	0	18420
LG82ZTE	133	Picture	1_22_Retrieval_Working_Memory_MEG_P2_LR_Nonsalient_DoChange_CuedRetrieval_retrieval_patch_orientation_168_retrieval_position_3	1896776	0	2	29989	3	0	29920
LG82ZTE	133	Response	20	1904576	7800	4
LG82ZTE	134	Picture	ITI	1926932	0	1	22491	2	0	22420
LG82ZTE	135	Picture	CueingCross	1949590	0	1	2999	2	0	2920
LG82ZTE	136	Picture	PrepTime	1952755	0	2	2999	3	0	2920
LG82ZTE	137	Picture	1_23_Encoding_Working_Memory_MEG_P2_LR_Nonsalient_NoChange_CuedRetrieval_300_300_399_2000_3000_2100_gabor_patch_orientation_049_122_101_084_target_position_1_2_retrieval_position_2	1955921	0	1	1333	2	0	1250
LG82ZTE	137	Picture	Flicker2	1957254	1333	1	1332	3	1250	1250
LG82ZTE	137	Picture	Flicker3	1958586	2665	2	1333	3	2500	1250
LG82ZTE	138	Picture	Delay	1960086	0	1	19992	2	0	19920
LG82ZTE	139	Picture	1_23_Retrieval_Working_Memory_MEG_P2_LR_Nonsalient_NoChange_CuedRetrieval_retrieval_patch_orientation_122_retrieval_position_2	1980245	0	1	29988	3	0	29920
LG82ZTE	139	Response	10	1989745	9500	3
LG82ZTE	140	Picture	ITI	2010400	0	1	20992	2	0	20920
LG82ZTE	141	Picture	CueingCross	2031559	0	1	2999	2	0	2920
LG82ZTE	142	Picture	PrepTime	2034724	0	1	2999	2	0	2920
LG82ZTE	143	Picture	1_24_Encoding_Working_Memory_MEG_P2_LR_Nonsalient_DoChange_CuedRetrieval_300_300_399_2100_3000_2500_gabor_patch_orientation_118_089_028_158_target_position_1_3_retrieval_position_3	2037890	0	1	1332	3	0	1250
LG82ZTE	143	Picture	Flicker2	2039222	1332	2	1333	3	1250	1250
LG82ZTE	143	Picture	Flicker3	2040555	2665	1	1333	2	2500	1250
LG82ZTE	144	Picture	Delay	2042055	0	1	20992	2	0	20920
LG82ZTE	145	Picture	1_24_Retrieval_Working_Memory_MEG_P2_LR_Nonsalient_DoChange_CuedRetrieval_retrieval_patch_orientation_073_retrieval_position_3	2063213	0	2	29989	3	0	29920
LG82ZTE	145	Response	20	2076013	12800	3
LG82ZTE	146	Picture	ITI	2093369	0	1	24990	2	0	24920
LG82ZTE	147	Picture	CueingCross	2118526	0	1	2999	2	0	2920
LG82ZTE	148	Picture	PrepTime	2121691	0	1	2999	3	0	2920
LG82ZTE	149	Picture	1_25_Encoding_Working_Memory_MEG_P2_LR_Nonsalient_NoChange_CuedRetrieval_300_300_399_2100_3000_1900_gabor_patch_orientation_088_064_135_152_target_position_1_4_retrieval_position_4	2124857	0	1	1333	2	0	1250
LG82ZTE	149	Picture	Flicker2	2126190	1333	1	1332	2	1250	1250
LG82ZTE	149	Picture	Flicker3	2127522	2665	1	1333	2	2500	1250
LG82ZTE	150	Picture	Delay	2129022	0	1	20992	2	0	20920
LG82ZTE	151	Picture	1_25_Retrieval_Working_Memory_MEG_P2_LR_Nonsalient_NoChange_CuedRetrieval_retrieval_patch_orientation_152_retrieval_position_4	2150180	0	2	29989	3	0	29920
LG82ZTE	151	Response	10	2159071	8891	4
LG82ZTE	152	Picture	ITI	2180336	0	1	18992	3	0	18920
LG82ZTE	153	Picture	CueingCross	2199495	0	1	2999	2	0	2920
LG82ZTE	154	Picture	PrepTime	2202661	0	1	2998	2	0	2920
LG82ZTE	155	Picture	1_26_Encoding_Working_Memory_MEG_P2_LR_Nonsalient_DoChange_CuedRetrieval_300_300_399_1800_3000_2400_gabor_patch_orientation_090_066_037_124_target_position_1_3_retrieval_position_3	2205826	0	1	1333	2	0	1250
LG82ZTE	155	Picture	Flicker2	2207159	1333	1	1333	2	1250	1250
LG82ZTE	155	Picture	Flicker3	2208492	2666	1	1332	3	2500	1250
LG82ZTE	156	Picture	Delay	2209991	0	1	17993	2	0	17920
LG82ZTE	157	Picture	1_26_Retrieval_Working_Memory_MEG_P2_LR_Nonsalient_DoChange_CuedRetrieval_retrieval_patch_orientation_173_retrieval_position_3	2228151	0	1	29989	2	0	29920
LG82ZTE	157	Response	20	2245449	17298	4
LG82ZTE	158	Picture	ITI	2258306	0	2	23991	3	0	23920
LG82ZTE	159	Picture	CueingCross	2282464	0	1	2998	3	0	2920
LG82ZTE	160	Picture	PrepTime	2285629	0	1	2999	2	0	2920
LG82ZTE	161	Picture	1_27_Encoding_Working_Memory_MEG_P2_LR_Nonsalient_NoChange_UncuedRetriev_300_300_399_1750_3000_2000_gabor_patch_orientation_046_178_100_023_target_position_3_4_retrieval_position_2	2288795	0	1	1332	2	0	1250
LG82ZTE	161	Picture	Flicker2	2290127	1332	1	1333	2	1250	1250
LG82ZTE	161	Picture	Flicker3	2291460	2665	1	1333	2	2500	1250
LG82ZTE	162	Picture	Delay	2292960	0	1	17493	2	0	17420
LG82ZTE	163	Picture	1_27_Retrieval_Working_Memory_MEG_P2_LR_Nonsalient_NoChange_UncuedRetriev_retrieval_patch_orientation_178_retrieval_position_2	2310620	0	1	29988	2	0	29920
LG82ZTE	163	Response	10	2319868	9248	4
LG82ZTE	164	Picture	ITI	2340775	0	1	19992	2	0	19920
LG82ZTE	165	Picture	CueingCross	2360934	0	1	2999	2	0	2920
LG82ZTE	166	Picture	PrepTime	2364099	0	2	2999	3	0	2920
LG82ZTE	167	Picture	1_28_Encoding_Working_Memory_MEG_P2_LR_Nonsalient_DoChange_CuedRetrieval_300_300_399_2250_3000_1900_gabor_patch_orientation_089_001_160_112_target_position_1_2_retrieval_position_1	2367265	0	1	1333	2	0	1250
LG82ZTE	167	Picture	Flicker2	2368598	1333	1	1332	3	1250	1250
LG82ZTE	167	Picture	Flicker3	2369930	2665	2	1333	3	2500	1250
LG82ZTE	168	Picture	Delay	2371430	0	1	22491	2	0	22420
LG82ZTE	169	Picture	1_28_Retrieval_Working_Memory_MEG_P2_LR_Nonsalient_DoChange_CuedRetrieval_retrieval_patch_orientation_044_retrieval_position_1	2394088	0	1	29989	2	0	29920
LG82ZTE	169	Response	20	2406356	12268	3
LG82ZTE	170	Picture	ITI	2424243	0	1	18993	2	0	18920
LG82ZTE	171	Picture	CueingCross	2443403	0	1	2998	3	0	2920
LG82ZTE	172	Picture	PrepTime	2446568	0	1	2999	2	0	2920
LG82ZTE	173	Picture	1_29_Encoding_Working_Memory_MEG_P2_LR_Nonsalient_DoChange_CuedRetrieval_300_300_399_1950_3000_2050_gabor_patch_orientation_136_008_088_168_target_position_1_4_retrieval_position_4	2449734	0	1	1332	2	0	1250
LG82ZTE	173	Picture	Flicker2	2451066	1332	1	1333	2	1250	1250
LG82ZTE	173	Picture	Flicker3	2452399	2665	1	1333	2	2500	1250
LG82ZTE	174	Picture	Delay	2453899	0	1	19492	2	0	19420
LG82ZTE	175	Picture	1_29_Retrieval_Working_Memory_MEG_P2_LR_Nonsalient_DoChange_CuedRetrieval_retrieval_patch_orientation_119_retrieval_position_4	2473558	0	1	29988	3	0	29920
LG82ZTE	175	Response	20	2484274	10716	4
LG82ZTE	176	Picture	ITI	2503712	0	2	20493	3	0	20420
LG82ZTE	177	Picture	CueingCross	2524372	0	1	2999	2	0	2920
LG82ZTE	178	Picture	PrepTime	2527537	0	2	2999	3	0	2920
LG82ZTE	179	Picture	1_30_Encoding_Working_Memory_MEG_P2_LR_Nonsalient_NoChange_CuedRetrieval_300_300_399_2150_3000_2400_gabor_patch_orientation_135_062_001_106_target_position_2_4_retrieval_position_2	2530703	0	1	1333	2	0	1250
LG82ZTE	179	Picture	Flicker2	2532036	1333	1	1332	3	1250	1250
LG82ZTE	179	Picture	Flicker3	2533368	2665	2	1333	3	2500	1250
LG82ZTE	180	Picture	Delay	2534868	0	1	21492	2	0	21420
LG82ZTE	181	Picture	1_30_Retrieval_Working_Memory_MEG_P2_LR_Nonsalient_NoChange_CuedRetrieval_retrieval_patch_orientation_062_retrieval_position_2	2556526	0	2	29989	3	0	29920
LG82ZTE	181	Response	10	2565003	8477	3
LG82ZTE	182	Picture	ITI	2586682	0	1	23990	3	0	23920
LG82ZTE	183	Picture	CueingCross	2610839	0	1	2999	2	0	2920
LG82ZTE	184	Picture	PrepTime	2614005	0	1	2998	3	0	2920
LG82ZTE	185	Picture	1_31_Encoding_Working_Memory_MEG_P2_LR_Nonsalient_DoChange_UncuedRetriev_300_300_399_2000_3000_2350_gabor_patch_orientation_050_082_163_123_target_position_2_4_retrieval_position_1	2617170	0	1	1333	2	0	1250
LG82ZTE	185	Picture	Flicker2	2618503	1333	1	1333	2	1250	1250
LG82ZTE	185	Picture	Flicker3	2619836	2666	1	1332	3	2500	1250
LG82ZTE	186	Picture	Delay	2621335	0	1	19993	2	0	19920
LG82ZTE	187	Picture	1_31_Retrieval_Working_Memory_MEG_P2_LR_Nonsalient_DoChange_UncuedRetriev_retrieval_patch_orientation_099_retrieval_position_1	2641494	0	1	29989	2	0	29920
LG82ZTE	187	Response	10	2652671	11177	3
LG82ZTE	188	Picture	ITI	2671649	0	2	23491	4	0	23420
LG82ZTE	189	Picture	CueingCross	2695307	0	1	2999	2	0	2920
LG82ZTE	190	Picture	PrepTime	2698472	0	2	2999	3	0	2920
LG82ZTE	191	Picture	1_32_Encoding_Working_Memory_MEG_P2_LR_Nonsalient_NoChange_CuedRetrieval_300_300_399_1800_3000_2100_gabor_patch_orientation_008_088_029_063_target_position_2_3_retrieval_position_2	2701638	0	1	1333	2	0	1250
LG82ZTE	191	Picture	Flicker2	2702971	1333	1	1333	2	1250	1250
LG82ZTE	191	Picture	Flicker3	2704304	2666	1	1332	3	2500	1250
LG82ZTE	192	Picture	Delay	2705803	0	1	17993	2	0	17920
LG82ZTE	193	Picture	1_32_Retrieval_Working_Memory_MEG_P2_LR_Nonsalient_NoChange_CuedRetrieval_retrieval_patch_orientation_088_retrieval_position_2	2723963	0	1	29988	3	0	29920
LG82ZTE	193	Response	10	2740719	16756	3
LG82ZTE	194	Picture	ITI	2754118	0	1	20992	2	0	20920
LG82ZTE	195	Picture	CueingCross	2775277	0	1	2999	2	0	2920
LG82ZTE	196	Picture	PrepTime	2778442	0	1	2999	2	0	2920
LG82ZTE	197	Picture	1_33_Encoding_Working_Memory_MEG_P2_LR_Nonsalient_NoChange_CuedRetrieval_300_300_399_2250_3000_2150_gabor_patch_orientation_130_043_009_070_target_position_3_4_retrieval_position_3	2781608	0	1	1332	3	0	1250
LG82ZTE	197	Picture	Flicker2	2782940	1332	2	1333	3	1250	1250
LG82ZTE	197	Picture	Flicker3	2784273	2665	1	1333	2	2500	1250
LG82ZTE	198	Picture	Delay	2785773	0	1	22491	2	0	22420
LG82ZTE	199	Picture	1_33_Retrieval_Working_Memory_MEG_P2_LR_Nonsalient_NoChange_CuedRetrieval_retrieval_patch_orientation_009_retrieval_position_3	2808431	0	1	29988	3	0	29920
LG82ZTE	199	Response	10	2816957	8526	4
LG82ZTE	200	Picture	ITI	2838586	0	1	21492	2	0	21420
LG82ZTE	201	Picture	CueingCross	2860245	0	1	2998	2	0	2920
LG82ZTE	202	Picture	PrepTime	2863410	0	1	2999	2	0	2920
LG82ZTE	203	Picture	1_34_Encoding_Working_Memory_MEG_P2_LR_Nonsalient_NoChange_CuedRetrieval_300_300_399_1950_3000_2250_gabor_patch_orientation_174_092_004_062_target_position_2_4_retrieval_position_4	2866575	0	2	1333	3	0	1250
LG82ZTE	203	Picture	Flicker2	2867908	1333	1	1333	2	1250	1250
LG82ZTE	203	Picture	Flicker3	2869241	2666	1	1333	2	2500	1250
LG82ZTE	204	Picture	Delay	2870741	0	1	19492	2	0	19420
LG82ZTE	205	Picture	1_34_Retrieval_Working_Memory_MEG_P2_LR_Nonsalient_NoChange_CuedRetrieval_retrieval_patch_orientation_062_retrieval_position_4	2890400	0	1	29988	2	0	29920
LG82ZTE	205	Response	10	2899296	8896	3
LG82ZTE	206	Picture	ITI	2920555	0	1	22491	3	0	22420
LG82ZTE	207	Picture	CueingCross	2943213	0	1	2999	2	0	2920
LG82ZTE	208	Picture	PrepTime	2946378	0	2	2999	3	0	2920
LG82ZTE	209	Picture	1_35_Encoding_Working_Memory_MEG_P2_LR_Nonsalient_NoChange_CuedRetrieval_300_300_399_2100_3000_1900_gabor_patch_orientation_061_144_117_033_target_position_2_4_retrieval_position_4	2949544	0	1	1333	2	0	1250
LG82ZTE	209	Picture	Flicker2	2950877	1333	1	1333	2	1250	1250
LG82ZTE	209	Picture	Flicker3	2952210	2666	1	1332	3	2500	1250
LG82ZTE	210	Picture	Delay	2953709	0	2	20992	3	0	20920
LG82ZTE	211	Picture	1_35_Retrieval_Working_Memory_MEG_P2_LR_Nonsalient_NoChange_CuedRetrieval_retrieval_patch_orientation_033_retrieval_position_4	2974868	0	1	29988	2	0	29920
LG82ZTE	211	Response	10	2982364	7496	4
LG82ZTE	212	Picture	ITI	3005023	0	1	18993	2	0	18920
LG82ZTE	213	Picture	CueingCross	3024182	0	2	2999	3	0	2920
LG82ZTE	214	Picture	PrepTime	3027347	0	3	3000	4	0	2920
LG82ZTE	215	Picture	1_36_Encoding_Working_Memory_MEG_P2_LR_Nonsalient_NoChange_CuedRetrieval_300_300_399_1800_3000_2300_gabor_patch_orientation_100_180_120_063_target_position_3_4_retrieval_position_4	3030513	0	2	1333	3	0	1250
LG82ZTE	215	Picture	Flicker2	3031846	1333	1	1333	2	1250	1250
LG82ZTE	215	Picture	Flicker3	3033179	2666	1	1333	2	2500	1250
LG82ZTE	216	Picture	Delay	3034678	0	4	17994	5	0	17920
LG82ZTE	217	Picture	1_36_Retrieval_Working_Memory_MEG_P2_LR_Nonsalient_NoChange_CuedRetrieval_retrieval_patch_orientation_063_retrieval_position_4	3052838	0	1	29989	2	0	29920
LG82ZTE	217	Response	10	3062662	9824	5
LG82ZTE	218	Picture	ITI	3082993	0	2	22992	3	0	22920
LG82ZTE	219	Picture	CueingCross	3106151	0	2	2998	4	0	2920
LG82ZTE	220	Picture	PrepTime	3109317	0	1	2999	2	0	2920
LG82ZTE	221	Picture	1_37_Encoding_Working_Memory_MEG_P2_LR_Nonsalient_NoChange_CuedRetrieval_300_300_399_1900_3000_2200_gabor_patch_orientation_104_036_151_082_target_position_1_3_retrieval_position_3	3112482	0	1	1333	2	0	1250
LG82ZTE	221	Picture	Flicker2	3113815	1333	1	1333	2	1250	1250
LG82ZTE	221	Picture	Flicker3	3115148	2666	1	1333	2	2500	1250
LG82ZTE	222	Picture	Delay	3116647	0	2	18993	3	0	18920
LG82ZTE	223	Picture	1_37_Retrieval_Working_Memory_MEG_P2_LR_Nonsalient_NoChange_CuedRetrieval_retrieval_patch_orientation_151_retrieval_position_3	3135807	0	1	29988	2	0	29920
LG82ZTE	223	Response	10	3143691	7884	3
LG82ZTE	224	Picture	ITI	3165962	0	1	21992	2	0	21920
LG82ZTE	225	Picture	CueingCross	3188120	0	1	2999	2	0	2920
LG82ZTE	226	Picture	PrepTime	3191286	0	1	2998	3	0	2920
LG82ZTE	227	Picture	1_38_Encoding_Working_Memory_MEG_P2_LR_Nonsalient_DoChange_UncuedRetriev_300_300_399_2150_3000_2300_gabor_patch_orientation_125_005_049_160_target_position_2_3_retrieval_position_1	3194451	0	1	1333	2	0	1250
LG82ZTE	227	Picture	Flicker2	3195784	1333	1	1333	2	1250	1250
LG82ZTE	227	Picture	Flicker3	3197117	2666	1	1333	2	2500	1250
LG82ZTE	228	Picture	Delay	3198616	0	1	21492	2	0	21420
LG82ZTE	229	Picture	1_38_Retrieval_Working_Memory_MEG_P2_LR_Nonsalient_DoChange_UncuedRetriev_retrieval_patch_orientation_080_retrieval_position_1	3220275	0	1	29988	2	0	29920
LG82ZTE	229	Response	20	3229529	9254	3
LG82ZTE	230	Picture	ITI	3250430	0	1	22991	2	0	22920
LG82ZTE	231	Picture	CueingCross	3273588	0	1	2999	2	0	2920
LG82ZTE	232	Picture	PrepTime	3276753	0	1	2999	2	0	2920
LG82ZTE	233	Picture	1_39_Encoding_Working_Memory_MEG_P2_LR_Nonsalient_NoChange_CuedRetrieval_300_300_399_1850_3000_2000_gabor_patch_orientation_068_109_020_088_target_position_1_3_retrieval_position_3	3279919	0	1	1333	2	0	1250
LG82ZTE	233	Picture	Flicker2	3281252	1333	1	1332	2	1250	1250
LG82ZTE	233	Picture	Flicker3	3282584	2665	1	1333	2	2500	1250
LG82ZTE	234	Picture	Delay	3284084	0	1	18493	2	0	18420
LG82ZTE	235	Picture	1_39_Retrieval_Working_Memory_MEG_P2_LR_Nonsalient_NoChange_CuedRetrieval_retrieval_patch_orientation_020_retrieval_position_3	3302743	0	2	29989	3	0	29920
LG82ZTE	235	Response	10	3310107	7364	4
LG82ZTE	236	Picture	ITI	3332899	0	1	19992	2	0	19920
LG82ZTE	237	Picture	CueingCross	3353057	0	2	2999	4	0	2920
LG82ZTE	238	Picture	PrepTime	3356223	0	1	2999	2	0	2920
LG82ZTE	239	Picture	1_40_Encoding_Working_Memory_MEG_P2_LR_Nonsalient_NoChange_CuedRetrieval_300_300_399_2050_3000_1900_gabor_patch_orientation_023_002_132_163_target_position_1_4_retrieval_position_1	3359389	0	1	1332	2	0	1250
LG82ZTE	239	Picture	Flicker2	3360721	1332	1	1333	2	1250	1250
LG82ZTE	239	Picture	Flicker3	3362054	2665	1	1333	2	2500	1250
LG82ZTE	240	Picture	Delay	3363554	0	1	20492	2	0	20420
LG82ZTE	241	Picture	1_40_Retrieval_Working_Memory_MEG_P2_LR_Nonsalient_NoChange_CuedRetrieval_retrieval_patch_orientation_023_retrieval_position_1	3384213	0	1	29988	2	0	29920
LG82ZTE	241	Response	10	3392715	8502	4
LG82ZTE	242	Picture	ITI	3414368	0	1	18992	3	0	18920
LG82ZTE	243	Picture	CueingCross	3433527	0	1	2999	2	0	2920
LG82ZTE	244	Picture	PrepTime	3436693	0	1	2998	3	0	2920
LG82ZTE	245	Picture	1_41_Encoding_Working_Memory_MEG_P2_LR_Nonsalient_NoChange_UncuedRetriev_300_300_399_2000_3000_2300_gabor_patch_orientation_100_170_127_053_target_position_1_2_retrieval_position_3	3439858	0	1	1333	2	0	1250
LG82ZTE	245	Picture	Flicker2	3441191	1333	1	1333	2	1250	1250
LG82ZTE	245	Picture	Flicker3	3442524	2666	1	1333	2	2500	1250
LG82ZTE	246	Picture	Delay	3444023	0	1	19993	2	0	19920
LG82ZTE	247	Picture	1_41_Retrieval_Working_Memory_MEG_P2_LR_Nonsalient_NoChange_UncuedRetriev_retrieval_patch_orientation_127_retrieval_position_3	3464182	0	1	29989	2	0	29920
LG82ZTE	247	Response	20	3472634	8452	3
LG82ZTE	248	Picture	ITI	3494337	0	2	22992	3	0	22920
LG82ZTE	249	Picture	CueingCross	3517495	0	2	2999	3	0	2920
LG82ZTE	250	Picture	PrepTime	3520661	0	1	2998	3	0	2920
LG82ZTE	251	Picture	1_42_Encoding_Working_Memory_MEG_P2_LR_Nonsalient_DoChange_CuedRetrieval_300_300_399_2200_3000_2450_gabor_patch_orientation_142_037_068_157_target_position_2_4_retrieval_position_2	3523826	0	1	1333	2	0	1250
LG82ZTE	251	Picture	Flicker2	3525159	1333	1	1333	2	1250	1250
LG82ZTE	251	Picture	Flicker3	3526492	2666	1	1333	2	2500	1250
LG82ZTE	252	Picture	Delay	3527991	0	2	21992	3	0	21920
LG82ZTE	253	Picture	1_42_Retrieval_Working_Memory_MEG_P2_LR_Nonsalient_DoChange_CuedRetrieval_retrieval_patch_orientation_085_retrieval_position_2	3550150	0	1	29988	2	0	29920
LG82ZTE	253	Response	20	3557462	7312	4
LG82ZTE	254	Picture	ITI	3580305	0	1	24490	3	0	24420
LG82ZTE	255	Picture	CueingCross	3604962	0	1	2999	2	0	2920
LG82ZTE	256	Picture	PrepTime	3608128	0	1	2998	3	0	2920
LG82ZTE	257	Picture	1_43_Encoding_Working_Memory_MEG_P2_LR_Nonsalient_DoChange_CuedRetrieval_300_300_399_1750_3000_1950_gabor_patch_orientation_005_130_113_176_target_position_1_4_retrieval_position_1	3611293	0	1	1333	2	0	1250
LG82ZTE	257	Picture	Flicker2	3612626	1333	1	1333	2	1250	1250
LG82ZTE	257	Picture	Flicker3	3613959	2666	1	1333	2	2500	1250
LG82ZTE	258	Picture	Delay	3615458	0	1	17493	3	0	17420
LG82ZTE	259	Picture	1_43_Retrieval_Working_Memory_MEG_P2_LR_Nonsalient_DoChange_CuedRetrieval_retrieval_patch_orientation_050_retrieval_position_1	3633118	0	1	29989	2	0	29920
LG82ZTE	259	Response	20	3640610	7492	4
LG82ZTE	260	Picture	ITI	3663273	0	2	19493	3	0	19420
LG82ZTE	261	Picture	CueingCross	3682933	0	1	2998	2	0	2920
LG82ZTE	262	Picture	PrepTime	3686098	0	1	2999	2	0	2920
LG82ZTE	263	Picture	1_44_Encoding_Working_Memory_MEG_P2_LR_Nonsalient_DoChange_UncuedRetriev_300_300_399_1750_3000_2400_gabor_patch_orientation_139_098_156_076_target_position_1_4_retrieval_position_2	3689263	0	2	1333	3	0	1250
LG82ZTE	263	Picture	Flicker2	3690596	1333	1	1333	2	1250	1250
LG82ZTE	263	Picture	Flicker3	3691929	2666	1	1333	2	2500	1250
LG82ZTE	264	Picture	Delay	3693429	0	1	17493	2	0	17420
LG82ZTE	265	Picture	1_44_Retrieval_Working_Memory_MEG_P2_LR_Nonsalient_DoChange_UncuedRetriev_retrieval_patch_orientation_049_retrieval_position_2	3711088	0	2	29989	3	0	29920
LG82ZTE	265	Response	10	3720129	9041	3
LG82ZTE	266	Picture	ITI	3741244	0	1	23991	2	0	23920
LG82ZTE	267	Picture	CueingCross	3765401	0	2	2999	3	0	2920
LG82ZTE	268	Picture	PrepTime	3768567	0	1	2999	2	0	2920
LG82ZTE	269	Picture	1_45_Encoding_Working_Memory_MEG_P2_LR_Nonsalient_NoChange_CuedRetrieval_300_300_399_1900_3000_2100_gabor_patch_orientation_024_085_114_058_target_position_2_3_retrieval_position_3	3771732	0	1	1333	2	0	1250
LG82ZTE	269	Picture	Flicker2	3773065	1333	1	1333	2	1250	1250
LG82ZTE	269	Picture	Flicker3	3774398	2666	1	1333	2	2500	1250
LG82ZTE	270	Picture	Delay	3775897	0	2	18993	3	0	18920
LG82ZTE	271	Picture	1_45_Retrieval_Working_Memory_MEG_P2_LR_Nonsalient_NoChange_CuedRetrieval_retrieval_patch_orientation_114_retrieval_position_3	3795057	0	1	29988	2	0	29920
LG82ZTE	271	Response	10	3808217	13160	3
LG82ZTE	272	Picture	ITI	3825212	0	1	20992	2	0	20920
LG82ZTE	273	Picture	CueingCross	3846371	0	1	2998	3	0	2920
LG82ZTE	274	Picture	PrepTime	3849536	0	1	2999	2	0	2920
LG82ZTE	275	Picture	1_46_Encoding_Working_Memory_MEG_P2_LR_Nonsalient_NoChange_CuedRetrieval_300_300_399_1950_3000_2100_gabor_patch_orientation_025_010_041_165_target_position_2_3_retrieval_position_3	3852701	0	2	1333	3	0	1250
LG82ZTE	275	Picture	Flicker2	3854034	1333	1	1333	2	1250	1250
LG82ZTE	275	Picture	Flicker3	3855367	2666	1	1333	2	2500	1250
LG82ZTE	276	Picture	Delay	3856867	0	1	19492	2	0	19420
LG82ZTE	277	Picture	1_46_Retrieval_Working_Memory_MEG_P2_LR_Nonsalient_NoChange_CuedRetrieval_retrieval_patch_orientation_041_retrieval_position_3	3876526	0	1	29988	3	0	29920
LG82ZTE	277	Response	10	3884425	7899	5
LG82ZTE	278	Picture	ITI	3906681	0	1	20992	2	0	20920
LG82ZTE	279	Picture	CueingCross	3927840	0	1	2999	2	0	2920
LG82ZTE	280	Picture	PrepTime	3931005	0	1	2999	2	0	2920
LG82ZTE	281	Picture	1_47_Encoding_Working_Memory_MEG_P2_LR_Nonsalient_DoChange_CuedRetrieval_300_300_399_1900_3000_2150_gabor_patch_orientation_002_020_063_128_target_position_1_3_retrieval_position_3	3934171	0	1	1332	3	0	1250
LG82ZTE	281	Picture	Flicker2	3935503	1332	2	1333	3	1250	1250
LG82ZTE	281	Picture	Flicker3	3936836	2665	1	1333	2	2500	1250
LG82ZTE	282	Picture	Delay	3938336	0	1	18992	3	0	18920
LG82ZTE	283	Picture	1_47_Retrieval_Working_Memory_MEG_P2_LR_Nonsalient_DoChange_CuedRetrieval_retrieval_patch_orientation_110_retrieval_position_3	3957495	0	1	29989	2	0	29920
LG82ZTE	283	Response	20	3965084	7589	3
LG82ZTE	284	Picture	ITI	3987650	0	2	21492	3	0	21420
LG82ZTE	285	Picture	CueingCross	4009309	0	1	2999	2	0	2920
LG82ZTE	286	Picture	PrepTime	4012474	0	1	2999	2	0	2920
LG82ZTE	287	Picture	1_48_Encoding_Working_Memory_MEG_P2_LR_Nonsalient_DoChange_CuedRetrieval_300_300_399_1750_3000_2550_gabor_patch_orientation_083_048_033_153_target_position_1_2_retrieval_position_2	4015640	0	1	1333	2	0	1250
LG82ZTE	287	Picture	Flicker2	4016973	1333	1	1332	2	1250	1250
LG82ZTE	287	Picture	Flicker3	4018305	2665	1	1333	2	2500	1250
LG82ZTE	288	Picture	Delay	4019805	0	1	17493	2	0	17420
LG82ZTE	289	Picture	1_48_Retrieval_Working_Memory_MEG_P2_LR_Nonsalient_DoChange_CuedRetrieval_retrieval_patch_orientation_003_retrieval_position_2	4037465	0	1	29988	2	0	29920
LG82ZTE	289	Response	20	4044402	6937	4
LG82ZTE	290	Picture	ITI	4067620	0	1	25490	2	0	25420
LG82ZTE	291	Picture	CueingCross	4093277	0	1	2999	2	0	2920
LG82ZTE	292	Picture	PrepTime	4096442	0	2	2999	3	0	2920
LG82ZTE	293	Picture	1_49_Encoding_Working_Memory_MEG_P2_LR_Nonsalient_NoChange_CuedRetrieval_300_300_399_1750_3000_2000_gabor_patch_orientation_137_053_179_110_target_position_1_3_retrieval_position_1	4099608	0	1	1333	2	0	1250
LG82ZTE	293	Picture	Flicker2	4100941	1333	1	1332	3	1250	1250
LG82ZTE	293	Picture	Flicker3	4102273	2665	2	1333	3	2500	1250
LG82ZTE	294	Picture	Delay	4103773	0	1	17493	2	0	17420
LG82ZTE	295	Picture	1_49_Retrieval_Working_Memory_MEG_P2_LR_Nonsalient_NoChange_CuedRetrieval_retrieval_patch_orientation_137_retrieval_position_1	4121433	0	1	29989	2	0	29920
LG82ZTE	295	Response	10	4135640	14207	4
LG82ZTE	296	Picture	ITI	4151588	0	1	19993	2	0	19920
LG82ZTE	297	Picture	CueingCross	4171747	0	1	2999	2	0	2920
LG82ZTE	298	Picture	PrepTime	4174913	0	1	2998	3	0	2920
LG82ZTE	299	Picture	1_50_Encoding_Working_Memory_MEG_P2_LR_Nonsalient_DoChange_CuedRetrieval_300_300_399_1800_3000_2350_gabor_patch_orientation_046_081_027_153_target_position_1_4_retrieval_position_4	4178078	0	1	1333	2	0	1250
LG82ZTE	299	Picture	Flicker2	4179411	1333	1	1333	2	1250	1250
LG82ZTE	299	Picture	Flicker3	4180744	2666	1	1333	2	2500	1250
LG82ZTE	300	Picture	Delay	4182243	0	1	17993	2	0	17920
LG82ZTE	301	Picture	1_50_Retrieval_Working_Memory_MEG_P2_LR_Nonsalient_DoChange_CuedRetrieval_retrieval_patch_orientation_105_retrieval_position_4	4200403	0	1	29989	2	0	29920
LG82ZTE	301	Response	20	4215218	14815	4
LG82ZTE	302	Picture	ITI	4230558	0	1	23491	2	0	23420
LG82ZTE	303	Picture	CueingCross	4254216	0	1	2999	2	0	2920
LG82ZTE	304	Picture	PrepTime	4257381	0	2	2999	3	0	2920
LG82ZTE	305	Picture	1_51_Encoding_Working_Memory_MEG_P2_LR_Nonsalient_DoChange_CuedRetrieval_300_300_399_1950_3000_2100_gabor_patch_orientation_121_152_104_063_target_position_1_4_retrieval_position_1	4260547	0	1	1333	2	0	1250
LG82ZTE	305	Picture	Flicker2	4261880	1333	1	1332	3	1250	1250
LG82ZTE	305	Picture	Flicker3	4263212	2665	2	1333	3	2500	1250
LG82ZTE	306	Picture	Delay	4264712	0	1	19493	2	0	19420
LG82ZTE	307	Picture	1_51_Retrieval_Working_Memory_MEG_P2_LR_Nonsalient_DoChange_CuedRetrieval_retrieval_patch_orientation_170_retrieval_position_1	4284371	0	1	29989	2	0	29920
LG82ZTE	307	Response	20	4292687	8316	3
LG82ZTE	308	Picture	ITI	4314526	0	2	20992	4	0	20920
LG82ZTE	309	Picture	CueingCross	4335685	0	1	2999	2	0	2920
LG82ZTE	310	Picture	PrepTime	4338850	0	2	2999	3	0	2920
LG82ZTE	311	Picture	1_52_Encoding_Working_Memory_MEG_P2_LR_Nonsalient_DoChange_CuedRetrieval_300_300_399_1850_3000_2150_gabor_patch_orientation_028_046_001_073_target_position_3_4_retrieval_position_4	4342016	0	1	1333	2	0	1250
LG82ZTE	311	Picture	Flicker2	4343349	1333	1	1333	2	1250	1250
LG82ZTE	311	Picture	Flicker3	4344682	2666	1	1332	2	2500	1250
LG82ZTE	312	Picture	Delay	4346181	0	1	18493	2	0	18420
LG82ZTE	313	Picture	1_52_Retrieval_Working_Memory_MEG_P2_LR_Nonsalient_DoChange_CuedRetrieval_retrieval_patch_orientation_118_retrieval_position_4	4364841	0	1	29988	2	0	29920
LG82ZTE	313	Response	20	4374705	9864	4
LG82ZTE	314	Picture	ITI	4394996	0	1	21492	2	0	21420
LG82ZTE	315	Picture	CueingCross	4416654	0	2	2999	3	0	2920
LG82ZTE	316	Picture	PrepTime	4419820	0	1	2999	2	0	2920
LG82ZTE	317	Picture	1_53_Encoding_Working_Memory_MEG_P2_LR_Nonsalient_DoChange_UncuedRetriev_300_300_399_1800_3000_2400_gabor_patch_orientation_050_090_111_138_target_position_2_3_retrieval_position_1	4422985	0	1	1333	2	0	1250
LG82ZTE	317	Picture	Flicker2	4424318	1333	1	1333	2	1250	1250
LG82ZTE	317	Picture	Flicker3	4425651	2666	1	1333	2	2500	1250
LG82ZTE	318	Picture	Delay	4427150	0	2	17993	4	0	17920
LG82ZTE	319	Picture	1_53_Retrieval_Working_Memory_MEG_P2_LR_Nonsalient_DoChange_UncuedRetriev_retrieval_patch_orientation_001_retrieval_position_1	4445310	0	1	29989	2	0	29920
LG82ZTE	319	Response	10	4455553	10243	4
LG82ZTE	320	Picture	ITI	4475465	0	2	23991	3	0	23920
LG82ZTE	321	Picture	CueingCross	4499623	0	1	2999	2	0	2920
LG82ZTE	322	Picture	PrepTime	4502788	0	2	2999	3	0	2920
LG82ZTE	323	Picture	1_54_Encoding_Working_Memory_MEG_P2_LR_Nonsalient_DoChange_CuedRetrieval_300_300_399_1950_3000_2550_gabor_patch_orientation_004_093_060_040_target_position_1_4_retrieval_position_4	4505954	0	1	1333	2	0	1250
LG82ZTE	323	Picture	Flicker2	4507287	1333	1	1332	2	1250	1250
LG82ZTE	323	Picture	Flicker3	4508619	2665	1	1333	2	2500	1250
LG82ZTE	324	Picture	Delay	4510119	0	1	19492	3	0	19420
LG82ZTE	325	Picture	1_54_Retrieval_Working_Memory_MEG_P2_LR_Nonsalient_DoChange_CuedRetrieval_retrieval_patch_orientation_180_retrieval_position_4	4529778	0	1	29989	2	0	29920
LG82ZTE	325	Response	20	4536532	6754	3
LG82ZTE	326	Picture	ITI	4559933	0	2	25491	3	0	25420
LG82ZTE	327	Picture	CueingCross	4585590	0	1	2999	2	0	2920
LG82ZTE	328	Picture	PrepTime	4588756	0	1	2999	2	0	2920
LG82ZTE	329	Picture	1_55_Encoding_Working_Memory_MEG_P2_LR_Nonsalient_DoChange_UncuedRetriev_300_300_399_1900_3000_2050_gabor_patch_orientation_015_143_059_038_target_position_1_2_retrieval_position_3	4591921	0	1	1333	2	0	1250
LG82ZTE	329	Picture	Flicker2	4593254	1333	1	1333	2	1250	1250
LG82ZTE	329	Picture	Flicker3	4594587	2666	1	1333	2	2500	1250
LG82ZTE	330	Picture	Delay	4596086	0	1	18993	2	0	18920
LG82ZTE	331	Picture	1_55_Retrieval_Working_Memory_MEG_P2_LR_Nonsalient_DoChange_UncuedRetriev_retrieval_patch_orientation_104_retrieval_position_3	4615246	0	1	29988	2	0	29920
LG82ZTE	331	Response	20	4629659	14413	5
LG82ZTE	332	Picture	ITI	4645401	0	1	20492	2	0	20420
LG82ZTE	333	Picture	CueingCross	4666060	0	1	2998	3	0	2920
LG82ZTE	334	Picture	PrepTime	4669225	0	1	2999	2	0	2920
LG82ZTE	335	Picture	1_56_Encoding_Working_Memory_MEG_P2_LR_Nonsalient_NoChange_CuedRetrieval_300_300_399_2200_3000_2500_gabor_patch_orientation_117_155_007_034_target_position_1_4_retrieval_position_4	4672391	0	1	1332	3	0	1250
LG82ZTE	335	Picture	Flicker2	4673723	1332	2	1333	3	1250	1250
LG82ZTE	335	Picture	Flicker3	4675056	2665	1	1333	2	2500	1250
LG82ZTE	336	Picture	Delay	4676556	0	1	21991	2	0	21920
LG82ZTE	337	Picture	1_56_Retrieval_Working_Memory_MEG_P2_LR_Nonsalient_NoChange_CuedRetrieval_retrieval_patch_orientation_034_retrieval_position_4	4698714	0	1	29989	2	0	29920
LG82ZTE	337	Response	20	4717438	18724	4
LG82ZTE	338	Picture	ITI	4728869	0	2	24991	3	0	24920
LG82ZTE	339	Picture	CueingCross	4754026	0	2	2999	3	0	2920
LG82ZTE	340	Picture	PrepTime	4757192	0	1	2999	2	0	2920
LG82ZTE	341	Picture	1_57_Encoding_Working_Memory_MEG_P2_LR_Nonsalient_NoChange_CuedRetrieval_300_300_399_1850_3000_2500_gabor_patch_orientation_160_180_122_005_target_position_2_4_retrieval_position_2	4760357	0	1	1333	2	0	1250
LG82ZTE	341	Picture	Flicker2	4761690	1333	1	1333	2	1250	1250
LG82ZTE	341	Picture	Flicker3	4763023	2666	1	1333	2	2500	1250
LG82ZTE	342	Picture	Delay	4764522	0	2	18493	3	0	18420
LG82ZTE	343	Picture	1_57_Retrieval_Working_Memory_MEG_P2_LR_Nonsalient_NoChange_CuedRetrieval_retrieval_patch_orientation_180_retrieval_position_2	4783182	0	1	29989	2	0	29920
LG82ZTE	343	Response	10	4789186	6004	4
LG82ZTE	344	Picture	ITI	4813337	0	1	24991	2	0	24920
LG82ZTE	345	Picture	CueingCross	4838494	0	2	2999	3	0	2920
LG82ZTE	346	Picture	PrepTime	4841660	0	1	2999	2	0	2920
LG82ZTE	347	Picture	1_58_Encoding_Working_Memory_MEG_P2_LR_Nonsalient_NoChange_CuedRetrieval_300_300_399_2050_3000_2200_gabor_patch_orientation_143_092_124_164_target_position_1_3_retrieval_position_3	4844825	0	2	1333	3	0	1250
LG82ZTE	347	Picture	Flicker2	4846158	1333	1	1333	2	1250	1250
LG82ZTE	347	Picture	Flicker3	4847491	2666	1	1333	2	2500	1250
LG82ZTE	348	Picture	Delay	4848990	0	2	20493	3	0	20420
LG82ZTE	349	Picture	1_58_Retrieval_Working_Memory_MEG_P2_LR_Nonsalient_NoChange_CuedRetrieval_retrieval_patch_orientation_124_retrieval_position_3	4869649	0	1	29989	2	0	29920
LG82ZTE	349	Response	10	4877955	8306	4
LG82ZTE	350	Picture	ITI	4899804	0	2	21992	3	0	21920
LG82ZTE	351	Picture	CueingCross	4921963	0	1	2999	2	0	2920
LG82ZTE	352	Picture	PrepTime	4925128	0	1	2999	2	0	2920
LG82ZTE	353	Picture	1_59_Encoding_Working_Memory_MEG_P2_LR_Nonsalient_DoChange_CuedRetrieval_300_300_399_1800_3000_2150_gabor_patch_orientation_137_109_166_092_target_position_1_4_retrieval_position_1	4928294	0	1	1332	3	0	1250
LG82ZTE	353	Picture	Flicker2	4929626	1332	2	1333	3	1250	1250
LG82ZTE	353	Picture	Flicker3	4930959	2665	1	1333	2	2500	1250
LG82ZTE	354	Picture	Delay	4932459	0	1	17993	2	0	17920
LG82ZTE	355	Picture	1_59_Retrieval_Working_Memory_MEG_P2_LR_Nonsalient_DoChange_CuedRetrieval_retrieval_patch_orientation_002_retrieval_position_1	4950618	0	2	29989	3	0	29920
LG82ZTE	355	Response	20	4965723	15105	4
LG82ZTE	356	Picture	ITI	4980774	0	1	21491	3	0	21420
LG82ZTE	357	Picture	CueingCross	5002432	0	1	2999	2	0	2920
LG82ZTE	358	Picture	PrepTime	5005598	0	1	2998	3	0	2920
LG82ZTE	359	Picture	1_60_Encoding_Working_Memory_MEG_P2_LR_Nonsalient_DoChange_CuedRetrieval_300_300_399_2150_3000_2450_gabor_patch_orientation_162_004_113_177_target_position_1_2_retrieval_position_1	5008763	0	1	1333	2	0	1250
LG82ZTE	359	Picture	Flicker2	5010096	1333	1	1333	2	1250	1250
LG82ZTE	359	Picture	Flicker3	5011429	2666	1	1333	2	2500	1250
LG82ZTE	360	Picture	Delay	5012928	0	1	21492	2	0	21420
LG82ZTE	361	Picture	1_60_Retrieval_Working_Memory_MEG_P2_LR_Nonsalient_DoChange_CuedRetrieval_retrieval_patch_orientation_023_retrieval_position_1	5034587	0	1	29988	2	0	29920
LG82ZTE	361	Response	20	5044331	9744	4
LG82ZTE	362	Picture	ITI	5064742	0	1	24491	2	0	24420
LG82ZTE	363	Picture	CueingCross	5089399	0	1	2999	2	0	2920
LG82ZTE	364	Picture	PrepTime	5092565	0	1	2998	3	0	2920
LG82ZTE	365	Picture	1_61_Encoding_Working_Memory_MEG_P2_LR_Nonsalient_NoChange_UncuedRetriev_300_300_399_2050_3000_2500_gabor_patch_orientation_047_136_105_155_target_position_3_4_retrieval_position_2	5095730	0	1	1333	2	0	1250
LG82ZTE	365	Picture	Flicker2	5097063	1333	1	1333	2	1250	1250
LG82ZTE	365	Picture	Flicker3	5098396	2666	1	1333	2	2500	1250
LG82ZTE	366	Picture	Delay	5099895	0	1	20492	2	0	20420
LG82ZTE	367	Picture	1_61_Retrieval_Working_Memory_MEG_P2_LR_Nonsalient_NoChange_UncuedRetriev_retrieval_patch_orientation_136_retrieval_position_2	5120554	0	1	29989	2	0	29920
LG82ZTE	367	Response	10	5131359	10805	4
LG82ZTE	368	Picture	ITI	5150709	0	1	24991	2	0	24920
LG82ZTE	369	Picture	CueingCross	5175866	0	2	2999	3	0	2920
LG82ZTE	370	Picture	PrepTime	5179031	0	2	3000	3	0	2920
LG82ZTE	371	Picture	1_62_Encoding_Working_Memory_MEG_P2_LR_Nonsalient_DoChange_CuedRetrieval_300_300_399_2250_3000_2050_gabor_patch_orientation_010_179_069_040_target_position_3_4_retrieval_position_4	5182197	0	2	1333	3	0	1250
LG82ZTE	371	Picture	Flicker2	5183530	1333	1	1333	2	1250	1250
LG82ZTE	371	Picture	Flicker3	5184863	2666	1	1333	2	2500	1250
LG82ZTE	372	Picture	Delay	5186362	0	2	22492	3	0	22420
LG82ZTE	373	Picture	1_62_Retrieval_Working_Memory_MEG_P2_LR_Nonsalient_DoChange_CuedRetrieval_retrieval_patch_orientation_090_retrieval_position_4	5209020	0	2	29988	4	0	29920
LG82ZTE	373	Response	20	5218038	9018	3
LG82ZTE	374	Picture	ITI	5239176	0	1	20492	2	0	20420
LG82ZTE	375	Picture	CueingCross	5259834	0	2	2999	3	0	2920
LG82ZTE	376	Picture	PrepTime	5263000	0	1	2999	2	0	2920
LG82ZTE	377	Picture	1_63_Encoding_Working_Memory_MEG_P2_LR_Nonsalient_DoChange_CuedRetrieval_300_300_399_2150_3000_2000_gabor_patch_orientation_086_130_153_172_target_position_1_4_retrieval_position_1	5266165	0	2	1333	3	0	1250
LG82ZTE	377	Picture	Flicker2	5267498	1333	1	1333	2	1250	1250
LG82ZTE	377	Picture	Flicker3	5268831	2666	1	1333	2	2500	1250
LG82ZTE	378	Picture	Delay	5270330	0	6	21492	7	0	21420
LG82ZTE	379	Picture	1_63_Retrieval_Working_Memory_MEG_P2_LR_Nonsalient_DoChange_CuedRetrieval_retrieval_patch_orientation_040_retrieval_position_1	5291989	0	1	29989	2	0	29920
LG82ZTE	379	Response	20	5298536	6547	3
LG82ZTE	380	Picture	ITI	5322144	0	1	19993	2	0	19920
LG82ZTE	381	Picture	CueingCross	5342303	0	1	2999	2	0	2920
LG82ZTE	382	Picture	PrepTime	5345469	0	1	2999	2	0	2920
LG82ZTE	383	Picture	1_64_Encoding_Working_Memory_MEG_P2_LR_Nonsalient_NoChange_CuedRetrieval_300_300_399_2250_3000_2000_gabor_patch_orientation_048_178_090_023_target_position_2_4_retrieval_position_2	5348634	0	1	1333	2	0	1250
LG82ZTE	383	Picture	Flicker2	5349967	1333	1	1333	2	1250	1250
LG82ZTE	383	Picture	Flicker3	5351300	2666	1	1333	2	2500	1250
LG82ZTE	384	Picture	Delay	5352799	0	2	22492	3	0	22420
LG82ZTE	385	Picture	1_64_Retrieval_Working_Memory_MEG_P2_LR_Nonsalient_NoChange_CuedRetrieval_retrieval_patch_orientation_178_retrieval_position_2	5375457	0	2	29989	3	0	29920
LG82ZTE	385	Response	10	5396093	20636	5
LG82ZTE	386	Picture	ITI	5405612	0	2	19993	3	0	19920
LG82ZTE	387	Picture	CueingCross	5425772	0	1	2998	3	0	2920
LG82ZTE	388	Picture	PrepTime	5428937	0	1	2999	2	0	2920
LG82ZTE	389	Picture	1_65_Encoding_Working_Memory_MEG_P2_LR_Nonsalient_DoChange_CuedRetrieval_300_300_399_1850_3000_2450_gabor_patch_orientation_004_063_093_027_target_position_3_4_retrieval_position_3	5432103	0	1	1332	2	0	1250
LG82ZTE	389	Picture	Flicker2	5433435	1332	1	1333	2	1250	1250
LG82ZTE	389	Picture	Flicker3	5434768	2665	1	1333	2	2500	1250
LG82ZTE	390	Picture	Delay	5436268	0	1	18493	2	0	18420
LG82ZTE	391	Picture	1_65_Retrieval_Working_Memory_MEG_P2_LR_Nonsalient_DoChange_CuedRetrieval_retrieval_patch_orientation_140_retrieval_position_3	5454927	0	1	29989	2	0	29920
LG82ZTE	391	Response	20	5462872	7945	5
LG82ZTE	392	Picture	ITI	5485082	0	2	24491	3	0	24420
LG82ZTE	393	Picture	CueingCross	5509740	0	1	2999	2	0	2920
LG82ZTE	394	Picture	PrepTime	5512905	0	1	2999	2	0	2920
LG82ZTE	395	Picture	1_66_Encoding_Working_Memory_MEG_P2_LR_Nonsalient_NoChange_CuedRetrieval_300_300_399_2200_3000_1950_gabor_patch_orientation_093_067_177_150_target_position_1_2_retrieval_position_1	5516071	0	1	1332	3	0	1250
LG82ZTE	395	Picture	Flicker2	5517403	1332	2	1333	3	1250	1250
LG82ZTE	395	Picture	Flicker3	5518736	2665	1	1333	2	2500	1250
LG82ZTE	396	Picture	Delay	5520236	0	1	21991	3	0	21920
LG82ZTE	397	Picture	1_66_Retrieval_Working_Memory_MEG_P2_LR_Nonsalient_NoChange_CuedRetrieval_retrieval_patch_orientation_093_retrieval_position_1	5542394	0	1	29989	2	0	29920
LG82ZTE	397	Response	10	5554351	11957	3
LG82ZTE	398	Picture	ITI	5572549	0	2	19493	3	0	19420
LG82ZTE	399	Picture	CueingCross	5592208	0	2	2999	3	0	2920
LG82ZTE	400	Picture	PrepTime	5595374	0	1	2999	2	0	2920
LG82ZTE	401	Picture	1_67_Encoding_Working_Memory_MEG_P2_LR_Nonsalient_NoChange_CuedRetrieval_300_300_399_2100_3000_2250_gabor_patch_orientation_050_156_097_123_target_position_2_4_retrieval_position_2	5598539	0	2	1333	3	0	1250
LG82ZTE	401	Picture	Flicker2	5599872	1333	1	1333	2	1250	1250
LG82ZTE	401	Picture	Flicker3	5601205	2666	1	1333	2	2500	1250
LG82ZTE	402	Picture	Delay	5602704	0	2	20992	4	0	20920
LG82ZTE	403	Picture	1_67_Retrieval_Working_Memory_MEG_P2_LR_Nonsalient_NoChange_CuedRetrieval_retrieval_patch_orientation_156_retrieval_position_2	5623863	0	1	29989	2	0	29920
LG82ZTE	403	Response	10	5632819	8956	3
LG82ZTE	404	Picture	ITI	5654018	0	2	22492	3	0	22420
LG82ZTE	405	Picture	CueingCross	5676676	0	2	2999	3	0	2920
LG82ZTE	406	Picture	PrepTime	5679842	0	1	2999	2	0	2920
LG82ZTE	407	Picture	1_68_Encoding_Working_Memory_MEG_P2_LR_Nonsalient_DoChange_UncuedRetriev_300_300_399_2000_3000_1950_gabor_patch_orientation_097_128_008_041_target_position_1_4_retrieval_position_3	5683007	0	2	1333	3	0	1250
LG82ZTE	407	Picture	Flicker2	5684340	1333	1	1333	2	1250	1250
LG82ZTE	407	Picture	Flicker3	5685673	2666	1	1333	2	2500	1250
LG82ZTE	408	Picture	Delay	5687172	0	2	19993	3	0	19920
LG82ZTE	409	Picture	1_68_Retrieval_Working_Memory_MEG_P2_LR_Nonsalient_DoChange_UncuedRetriev_retrieval_patch_orientation_148_retrieval_position_3	5707331	0	2	29989	3	0	29920
LG82ZTE	409	Response	20	5716157	8826	4
LG82ZTE	410	Picture	ITI	5737487	0	1	19492	2	0	19420
LG82ZTE	411	Picture	CueingCross	5757146	0	1	2999	2	0	2920
LG82ZTE	412	Picture	PrepTime	5760311	0	2	2999	3	0	2920
LG82ZTE	413	Picture	1_69_Encoding_Working_Memory_MEG_P2_LR_Nonsalient_NoChange_CuedRetrieval_300_300_399_2150_3000_2600_gabor_patch_orientation_167_119_137_081_target_position_1_4_retrieval_position_4	5763477	0	1	1333	2	0	1250
LG82ZTE	413	Picture	Flicker2	5764810	1333	1	1332	3	1250	1250
LG82ZTE	413	Picture	Flicker3	5766142	2665	2	1333	3	2500	1250
LG82ZTE	414	Picture	Delay	5767642	0	1	21492	2	0	21420
LG82ZTE	415	Picture	1_69_Retrieval_Working_Memory_MEG_P2_LR_Nonsalient_NoChange_CuedRetrieval_retrieval_patch_orientation_081_retrieval_position_4	5789300	0	2	29989	3	0	29920
LG82ZTE	415	Response	10	5799785	10485	4
LG82ZTE	416	Picture	ITI	5819456	0	1	25990	2	0	25920
LG82ZTE	417	Picture	CueingCross	5845612	0	2	2999	3	0	2920
LG82ZTE	418	Picture	PrepTime	5848778	0	1	2999	2	0	2920
LG82ZTE	419	Picture	1_70_Encoding_Working_Memory_MEG_P2_LR_Nonsalient_NoChange_UncuedRetriev_300_300_399_2200_3000_2550_gabor_patch_orientation_025_072_159_132_target_position_1_2_retrieval_position_4	5851943	0	1	1333	2	0	1250
LG82ZTE	419	Picture	Flicker2	5853276	1333	1	1333	2	1250	1250
LG82ZTE	419	Picture	Flicker3	5854609	2666	1	1333	2	2500	1250
LG82ZTE	420	Picture	Delay	5856108	0	2	21992	3	0	21920
LG82ZTE	421	Picture	1_70_Retrieval_Working_Memory_MEG_P2_LR_Nonsalient_NoChange_UncuedRetriev_retrieval_patch_orientation_132_retrieval_position_4	5878267	0	1	29988	2	0	29920
LG82ZTE	421	Response	20	5890704	12437	4
LG82ZTE	422	Picture	ITI	5908422	0	1	25490	2	0	25420
LG82ZTE	423	Picture	BaselinePost	5934079	0	1	50147	3	0	50000
