Scenario - ATWM1_Working_Memory_MEG_salient_cued_run1
Logfile written - 02/08/2016 17:05:40

Subject	Trial	Event Type	Code	Time	TTime	Uncertainty	Duration	Uncertainty	ReqTime	ReqDur

LG82ZTE	1	Picture	ExpStart	162	0	1	10163	2	0	10000
LG82ZTE	2	Picture	BaselinePre	10492	0	1	100128	2	0	100000
LG82ZTE	3	Picture	CueingCross	110787	0	1	2999	2	0	2920
LG82ZTE	4	Picture	PrepTime	113952	0	2	2999	3	0	2920
LG82ZTE	5	Picture	1_1_Encoding_Working_Memory_MEG_P2_LR_Nonsalient_DoChange_CuedRetrieval_300_300_399_1900_3000_2400_gabor_patch_orientation_126_177_008_094_target_position_2_4_retrieval_position_2	117118	0	1	1333	2	0	1250
LG82ZTE	5	Picture	Flicker2	118451	1333	1	1332	3	1250	1250
LG82ZTE	5	Picture	Flicker3	119783	2665	2	1333	3	2500	1250
LG82ZTE	6	Picture	Delay	121283	0	1	18993	2	0	18920
LG82ZTE	7	Picture	1_1_Retrieval_Working_Memory_MEG_P2_LR_Nonsalient_DoChange_CuedRetrieval_retrieval_patch_orientation_038_retrieval_position_2	140442	0	2	29989	3	0	29920
LG82ZTE	7	Response	10	154490	14048	3
LG82ZTE	8	Picture	ITI	170597	0	2	23991	4	0	23920
LG82ZTE	9	Picture	CueingCross	194755	0	1	2999	2	0	2920
LG82ZTE	10	Picture	PrepTime	197921	0	1	2998	2	0	2920
LG82ZTE	11	Picture	1_2_Encoding_Working_Memory_MEG_P2_LR_Nonsalient_NoChange_CuedRetrieval_300_300_399_2250_3000_2300_gabor_patch_orientation_117_085_008_140_target_position_1_3_retrieval_position_3	201086	0	1	1333	2	0	1250
LG82ZTE	11	Picture	Flicker2	202419	1333	1	1333	2	1250	1250
LG82ZTE	11	Picture	Flicker3	203752	2666	1	1332	3	2500	1250
LG82ZTE	12	Picture	Delay	205251	0	1	22492	2	0	22420
LG82ZTE	13	Picture	1_2_Retrieval_Working_Memory_MEG_P2_LR_Nonsalient_NoChange_CuedRetrieval_retrieval_patch_orientation_008_retrieval_position_3	227909	0	1	29989	2	0	29920
LG82ZTE	13	Response	20	236848	8939	4
LG82ZTE	14	Picture	ITI	258064	0	2	22992	3	0	22920
LG82ZTE	15	Picture	CueingCross	281222	0	1	2999	2	0	2920
LG82ZTE	16	Picture	PrepTime	284388	0	1	2999	2	0	2920
LG82ZTE	17	Picture	1_3_Encoding_Working_Memory_MEG_P2_LR_Nonsalient_DoChange_CuedRetrieval_300_300_399_1850_3000_2350_gabor_patch_orientation_132_051_019_173_target_position_2_3_retrieval_position_3	287553	0	1	1333	2	0	1250
LG82ZTE	17	Picture	Flicker2	288886	1333	1	1333	2	1250	1250
LG82ZTE	17	Picture	Flicker3	290219	2666	1	1333	2	2500	1250
LG82ZTE	18	Picture	Delay	291718	0	2	18493	3	0	18420
LG82ZTE	19	Picture	1_3_Retrieval_Working_Memory_MEG_P2_LR_Nonsalient_DoChange_CuedRetrieval_retrieval_patch_orientation_157_retrieval_position_3	310378	0	1	29988	3	0	29920
LG82ZTE	19	Response	10	320586	10208	4
LG82ZTE	20	Picture	ITI	340533	0	1	23491	2	0	23420
LG82ZTE	21	Picture	CueingCross	364191	0	1	2999	2	0	2920
LG82ZTE	22	Picture	PrepTime	367356	0	2	2999	3	0	2920
LG82ZTE	23	Picture	1_4_Encoding_Working_Memory_MEG_P2_LR_Nonsalient_DoChange_CuedRetrieval_300_300_399_1800_3000_2100_gabor_patch_orientation_083_160_140_051_target_position_1_4_retrieval_position_4	370522	0	1	1333	2	0	1250
LG82ZTE	23	Picture	Flicker2	371855	1333	1	1332	3	1250	1250
LG82ZTE	23	Picture	Flicker3	373187	2665	2	1333	3	2500	1250
LG82ZTE	24	Picture	Delay	374687	0	1	17992	3	0	17920
LG82ZTE	25	Picture	1_4_Retrieval_Working_Memory_MEG_P2_LR_Nonsalient_DoChange_CuedRetrieval_retrieval_patch_orientation_101_retrieval_position_4	392847	0	1	29988	2	0	29920
LG82ZTE	25	Response	20	400545	7698	3
LG82ZTE	26	Picture	ITI	423002	0	1	20992	2	0	20920
LG82ZTE	27	Picture	CueingCross	444160	0	2	2999	3	0	2920
LG82ZTE	28	Picture	PrepTime	447326	0	1	2999	2	0	2920
LG82ZTE	29	Picture	1_5_Encoding_Working_Memory_MEG_P2_LR_Nonsalient_NoChange_CuedRetrieval_300_300_399_2000_3000_2500_gabor_patch_orientation_060_179_024_146_target_position_2_4_retrieval_position_4	450491	0	2	1333	3	0	1250
LG82ZTE	29	Picture	Flicker2	451824	1333	1	1333	2	1250	1250
LG82ZTE	29	Picture	Flicker3	453157	2666	1	1333	2	2500	1250
LG82ZTE	30	Picture	Delay	454657	0	1	19992	2	0	19920
LG82ZTE	31	Picture	1_5_Retrieval_Working_Memory_MEG_P2_LR_Nonsalient_NoChange_CuedRetrieval_retrieval_patch_orientation_146_retrieval_position_4	474816	0	1	29988	2	0	29920
LG82ZTE	31	Response	10	486483	11667	3
LG82ZTE	32	Picture	ITI	504971	0	1	24990	2	0	24920
LG82ZTE	33	Picture	CueingCross	530128	0	1	2999	2	0	2920
LG82ZTE	34	Picture	PrepTime	533293	0	2	2999	3	0	2920
LG82ZTE	35	Picture	1_6_Encoding_Working_Memory_MEG_P2_LR_Nonsalient_DoChange_CuedRetrieval_300_300_399_2200_3000_2100_gabor_patch_orientation_112_149_134_088_target_position_1_3_retrieval_position_1	536459	0	1	1333	2	0	1250
LG82ZTE	35	Picture	Flicker2	537792	1333	1	1333	2	1250	1250
LG82ZTE	35	Picture	Flicker3	539125	2666	1	1332	2	2500	1250
LG82ZTE	36	Picture	Delay	540624	0	1	21992	2	0	21920
LG82ZTE	37	Picture	1_6_Retrieval_Working_Memory_MEG_P2_LR_Nonsalient_DoChange_CuedRetrieval_retrieval_patch_orientation_063_retrieval_position_1	562782	0	1	29989	2	0	29920
LG82ZTE	37	Response	10	573491	10709	4
LG82ZTE	38	Picture	ITI	592937	0	2	20992	4	0	20920
LG82ZTE	39	Picture	CueingCross	614096	0	1	2999	2	0	2920
LG82ZTE	40	Picture	PrepTime	617262	0	1	2998	3	0	2920
LG82ZTE	41	Picture	1_7_Encoding_Working_Memory_MEG_P2_LR_Nonsalient_DoChange_CuedRetrieval_300_300_399_2050_3000_2500_gabor_patch_orientation_074_157_017_033_target_position_2_4_retrieval_position_2	620427	0	1	1332	3	0	1250
LG82ZTE	41	Picture	Flicker2	621759	1332	2	1334	3	1250	1250
LG82ZTE	41	Picture	Flicker3	623093	2666	1	1332	3	2500	1250
LG82ZTE	42	Picture	Delay	624592	0	1	20492	2	0	20420
LG82ZTE	43	Picture	1_7_Retrieval_Working_Memory_MEG_P2_LR_Nonsalient_DoChange_CuedRetrieval_retrieval_patch_orientation_107_retrieval_position_2	645251	0	1	29989	2	0	29920
LG82ZTE	43	Response	10	660339	15088	4
LG82ZTE	44	Picture	ITI	675406	0	1	24991	2	0	24920
LG82ZTE	45	Picture	CueingCross	700563	0	2	2998	4	0	2920
LG82ZTE	46	Picture	PrepTime	703729	0	1	2999	2	0	2920
LG82ZTE	47	Picture	1_8_Encoding_Working_Memory_MEG_P2_LR_Nonsalient_DoChange_UncuedRetriev_300_300_399_1750_3000_1950_gabor_patch_orientation_107_041_162_124_target_position_2_3_retrieval_position_4	706894	0	1	1333	2	0	1250
LG82ZTE	47	Picture	Flicker2	708227	1333	1	1333	2	1250	1250
LG82ZTE	47	Picture	Flicker3	709560	2666	1	1333	2	2500	1250
LG82ZTE	48	Picture	Delay	711059	0	2	17494	3	0	17420
LG82ZTE	49	Picture	1_8_Retrieval_Working_Memory_MEG_P2_LR_Nonsalient_DoChange_UncuedRetriev_retrieval_patch_orientation_077_retrieval_position_4	728719	0	2	29989	3	0	29920
LG82ZTE	49	Response	20	740078	11359	3
LG82ZTE	50	Picture	ITI	758874	0	2	19493	3	0	19420
LG82ZTE	51	Picture	CueingCross	778534	0	1	2999	2	0	2920
LG82ZTE	52	Picture	PrepTime	781699	0	1	2999	2	0	2920
LG82ZTE	53	Picture	1_9_Encoding_Working_Memory_MEG_P2_LR_Nonsalient_DoChange_CuedRetrieval_300_300_399_1850_3000_2150_gabor_patch_orientation_038_115_083_144_target_position_2_3_retrieval_position_2	784865	0	1	1332	3	0	1250
LG82ZTE	53	Picture	Flicker2	786197	1332	2	1333	3	1250	1250
LG82ZTE	53	Picture	Flicker3	787530	2665	1	1333	2	2500	1250
LG82ZTE	54	Picture	Delay	789030	0	1	18493	2	0	18420
LG82ZTE	55	Picture	1_9_Retrieval_Working_Memory_MEG_P2_LR_Nonsalient_DoChange_CuedRetrieval_retrieval_patch_orientation_165_retrieval_position_2	807689	0	2	29989	3	0	29920
LG82ZTE	55	Response	20	820346	12657	4
LG82ZTE	56	Picture	ITI	837845	0	1	21491	3	0	21420
LG82ZTE	57	Picture	CueingCross	859503	0	1	2999	2	0	2920
LG82ZTE	58	Picture	PrepTime	862669	0	1	2998	2	0	2920
LG82ZTE	59	Picture	1_10_Encoding_Working_Memory_MEG_P2_LR_Nonsalient_DoChange_CuedRetrieval_300_300_399_1950_3000_2300_gabor_patch_orientation_018_140_180_155_target_position_1_2_retrieval_position_1	865834	0	1	1333	2	0	1250
LG82ZTE	59	Picture	Flicker2	867167	1333	1	1333	2	1250	1250
LG82ZTE	59	Picture	Flicker3	868500	2666	1	1332	3	2500	1250
LG82ZTE	60	Picture	Delay	869999	0	1	19493	2	0	19420
LG82ZTE	61	Picture	1_10_Retrieval_Working_Memory_MEG_P2_LR_Nonsalient_DoChange_CuedRetrieval_retrieval_patch_orientation_067_retrieval_position_1	889658	0	2	29989	3	0	29920
LG82ZTE	61	Response	10	905914	16256	4
LG82ZTE	62	Picture	ITI	919813	0	2	22992	3	0	22920
LG82ZTE	63	Picture	CueingCross	942971	0	2	2999	3	0	2920
LG82ZTE	64	Picture	PrepTime	946137	0	1	2999	2	0	2920
LG82ZTE	65	Picture	1_11_Encoding_Working_Memory_MEG_P2_LR_Nonsalient_DoChange_CuedRetrieval_300_300_399_1900_3000_1950_gabor_patch_orientation_111_034_157_091_target_position_2_4_retrieval_position_2	949302	0	2	1333	3	0	1250
LG82ZTE	65	Picture	Flicker2	950635	1333	1	1333	2	1250	1250
LG82ZTE	65	Picture	Flicker3	951968	2666	1	1333	2	2500	1250
LG82ZTE	66	Picture	Delay	953467	0	2	18993	3	0	18920
LG82ZTE	67	Picture	1_11_Retrieval_Working_Memory_MEG_P2_LR_Nonsalient_DoChange_CuedRetrieval_retrieval_patch_orientation_174_retrieval_position_2	972627	0	1	29988	3	0	29920
LG82ZTE	67	Response	20	987313	14686	3
LG82ZTE	68	Picture	ITI	1002782	0	1	19493	2	0	19420
LG82ZTE	69	Picture	CueingCross	1022441	0	2	2999	3	0	2920
LG82ZTE	70	Picture	PrepTime	1025607	0	1	2999	2	0	2920
LG82ZTE	71	Picture	1_12_Encoding_Working_Memory_MEG_P2_LR_Nonsalient_NoChange_CuedRetrieval_300_300_399_2150_3000_2450_gabor_patch_orientation_133_026_059_094_target_position_1_4_retrieval_position_1	1028772	0	1	1333	2	0	1250
LG82ZTE	71	Picture	Flicker2	1030105	1333	1	1333	2	1250	1250
LG82ZTE	71	Picture	Flicker3	1031438	2666	1	1333	2	2500	1250
LG82ZTE	72	Picture	Delay	1032937	0	2	21492	3	0	21420
LG82ZTE	73	Picture	1_12_Retrieval_Working_Memory_MEG_P2_LR_Nonsalient_NoChange_CuedRetrieval_retrieval_patch_orientation_133_retrieval_position_1	1054596	0	1	29988	3	0	29920
LG82ZTE	73	Response	20	1070201	15605	4
LG82ZTE	74	Picture	ITI	1084751	0	1	24491	2	0	24420
LG82ZTE	75	Picture	CueingCross	1109408	0	2	2999	3	0	2920
LG82ZTE	76	Picture	PrepTime	1112574	0	1	2999	2	0	2920
LG82ZTE	77	Picture	1_13_Encoding_Working_Memory_MEG_P2_LR_Nonsalient_DoChange_UncuedRetriev_300_300_399_1750_3000_2400_gabor_patch_orientation_143_170_064_082_target_position_1_4_retrieval_position_3	1115739	0	2	1333	3	0	1250
LG82ZTE	77	Picture	Flicker2	1117072	1333	1	1333	2	1250	1250
LG82ZTE	77	Picture	Flicker3	1118405	2666	1	1333	2	2500	1250
LG82ZTE	78	Picture	Delay	1119904	0	2	17494	3	0	17420
LG82ZTE	79	Picture	1_13_Retrieval_Working_Memory_MEG_P2_LR_Nonsalient_DoChange_UncuedRetriev_retrieval_patch_orientation_114_retrieval_position_3	1137564	0	2	29989	3	0	29920
LG82ZTE	79	Response	20	1146589	9025	4
LG82ZTE	80	Picture	ITI	1167720	0	1	23990	3	0	23920
LG82ZTE	81	Picture	CueingCross	1191877	0	1	2999	2	0	2920
LG82ZTE	82	Picture	PrepTime	1195043	0	1	2998	2	0	2920
LG82ZTE	83	Picture	1_14_Encoding_Working_Memory_MEG_P2_LR_Nonsalient_DoChange_CuedRetrieval_300_300_399_1950_3000_1950_gabor_patch_orientation_151_168_083_134_target_position_1_2_retrieval_position_1	1198208	0	1	1333	2	0	1250
LG82ZTE	83	Picture	Flicker2	1199541	1333	1	1333	2	1250	1250
LG82ZTE	83	Picture	Flicker3	1200874	2666	1	1332	3	2500	1250
LG82ZTE	84	Picture	Delay	1202373	0	1	19493	2	0	19420
LG82ZTE	85	Picture	1_14_Retrieval_Working_Memory_MEG_P2_LR_Nonsalient_DoChange_CuedRetrieval_retrieval_patch_orientation_102_retrieval_position_1	1222032	0	2	29989	3	0	29920
LG82ZTE	85	Response	20	1237787	15755	4
LG82ZTE	86	Picture	ITI	1252187	0	2	19493	3	0	19420
LG82ZTE	87	Picture	CueingCross	1271847	0	1	2999	2	0	2920
LG82ZTE	88	Picture	PrepTime	1275012	0	1	2999	2	0	2920
LG82ZTE	89	Picture	1_15_Encoding_Working_Memory_MEG_P2_LR_Nonsalient_DoChange_UncuedRetriev_300_300_399_1800_3000_1900_gabor_patch_orientation_048_134_067_012_target_position_1_3_retrieval_position_2	1278178	0	1	1333	2	0	1250
LG82ZTE	89	Picture	Flicker2	1279511	1333	1	1332	2	1250	1250
LG82ZTE	89	Picture	Flicker3	1280843	2665	1	1333	2	2500	1250
LG82ZTE	90	Picture	Delay	1282343	0	1	17993	2	0	17920
LG82ZTE	91	Picture	1_15_Retrieval_Working_Memory_MEG_P2_LR_Nonsalient_DoChange_UncuedRetriev_retrieval_patch_orientation_087_retrieval_position_2	1300503	0	1	29988	2	0	29920
LG82ZTE	91	Response	20	1309126	8623	3
LG82ZTE	92	Picture	ITI	1330658	0	1	18993	2	0	18920
LG82ZTE	93	Picture	CueingCross	1349817	0	1	2998	3	0	2920
LG82ZTE	94	Picture	PrepTime	1352983	0	1	2999	2	0	2920
LG82ZTE	95	Picture	1_16_Encoding_Working_Memory_MEG_P2_LR_Nonsalient_NoChange_CuedRetrieval_300_300_399_2100_3000_2350_gabor_patch_orientation_113_069_128_085_target_position_3_4_retrieval_position_3	1356148	0	1	1333	2	0	1250
LG82ZTE	95	Picture	Flicker2	1357481	1333	1	1333	2	1250	1250
LG82ZTE	95	Picture	Flicker3	1358814	2666	1	1333	2	2500	1250
LG82ZTE	96	Picture	Delay	1360313	0	1	20992	2	0	20920
LG82ZTE	97	Picture	1_16_Retrieval_Working_Memory_MEG_P2_LR_Nonsalient_NoChange_CuedRetrieval_retrieval_patch_orientation_128_retrieval_position_3	1381472	0	1	29989	2	0	29920
LG82ZTE	97	Response	20	1402924	21452	3
LG82ZTE	98	Picture	ITI	1411627	0	1	23491	2	0	23420
LG82ZTE	99	Picture	CueingCross	1435285	0	1	2999	2	0	2920
LG82ZTE	100	Picture	PrepTime	1438450	0	1	2999	2	0	2920
LG82ZTE	101	Picture	1_17_Encoding_Working_Memory_MEG_P2_LR_Nonsalient_DoChange_CuedRetrieval_300_300_399_1800_3000_2250_gabor_patch_orientation_098_060_037_012_target_position_1_4_retrieval_position_4	1441616	0	1	1333	2	0	1250
LG82ZTE	101	Picture	Flicker2	1442949	1333	1	1332	3	1250	1250
LG82ZTE	101	Picture	Flicker3	1444281	2665	2	1333	3	2500	1250
LG82ZTE	102	Picture	Delay	1445781	0	1	17993	2	0	17920
LG82ZTE	103	Picture	1_17_Retrieval_Working_Memory_MEG_P2_LR_Nonsalient_DoChange_CuedRetrieval_retrieval_patch_orientation_147_retrieval_position_4	1463941	0	1	29988	2	0	29920
LG82ZTE	103	Response	10	1481002	17061	4
LG82ZTE	104	Picture	ITI	1494096	0	1	22491	2	0	22420
LG82ZTE	105	Picture	CueingCross	1516754	0	1	2999	2	0	2920
LG82ZTE	106	Picture	PrepTime	1519919	0	2	2999	3	0	2920
LG82ZTE	107	Picture	1_18_Encoding_Working_Memory_MEG_P2_LR_Nonsalient_NoChange_CuedRetrieval_300_300_399_2050_3000_1900_gabor_patch_orientation_004_081_137_019_target_position_3_4_retrieval_position_4	1523085	0	1	1332	3	0	1250
LG82ZTE	107	Picture	Flicker2	1524417	1332	2	1333	4	1250	1250
LG82ZTE	107	Picture	Flicker3	1525750	2665	2	1333	3	2500	1250
LG82ZTE	108	Picture	Delay	1527250	0	1	20492	2	0	20420
LG82ZTE	109	Picture	1_18_Retrieval_Working_Memory_MEG_P2_LR_Nonsalient_NoChange_CuedRetrieval_retrieval_patch_orientation_019_retrieval_position_4	1547909	0	1	29988	3	0	29920
LG82ZTE	109	Response	10	1556741	8832	3
LG82ZTE	110	Picture	ITI	1578064	0	1	18993	2	0	18920
LG82ZTE	111	Picture	CueingCross	1597223	0	2	2999	3	0	2920
LG82ZTE	112	Picture	PrepTime	1600389	0	1	2999	2	0	2920
LG82ZTE	113	Picture	1_19_Encoding_Working_Memory_MEG_P2_LR_Nonsalient_NoChange_UncuedRetriev_300_300_399_2100_3000_2000_gabor_patch_orientation_123_090_150_061_target_position_3_4_retrieval_position_2	1603554	0	2	1333	3	0	1250
LG82ZTE	113	Picture	Flicker2	1604887	1333	1	1332	3	1250	1250
LG82ZTE	113	Picture	Flicker3	1606219	2665	2	1334	3	2500	1250
LG82ZTE	114	Picture	Delay	1607719	0	2	20992	4	0	20920
LG82ZTE	115	Picture	1_19_Retrieval_Working_Memory_MEG_P2_LR_Nonsalient_NoChange_UncuedRetriev_retrieval_patch_orientation_090_retrieval_position_2	1628878	0	1	29989	2	0	29920
LG82ZTE	115	Response	20	1651179	22301	3
LG82ZTE	116	Picture	ITI	1659033	0	2	19993	3	0	19920
LG82ZTE	117	Picture	CueingCross	1679192	0	2	2999	3	0	2920
LG82ZTE	118	Picture	PrepTime	1682358	0	1	2999	3	0	2920
LG82ZTE	119	Picture	1_20_Encoding_Working_Memory_MEG_P2_LR_Nonsalient_NoChange_CuedRetrieval_300_300_399_1850_3000_2000_gabor_patch_orientation_144_055_100_172_target_position_2_4_retrieval_position_2	1685523	0	1	1333	2	0	1250
LG82ZTE	119	Picture	Flicker2	1686856	1333	1	1333	2	1250	1250
LG82ZTE	119	Picture	Flicker3	1688189	2666	1	1333	2	2500	1250
LG82ZTE	120	Picture	Delay	1689688	0	2	18493	3	0	18420
LG82ZTE	121	Picture	1_20_Retrieval_Working_Memory_MEG_P2_LR_Nonsalient_NoChange_CuedRetrieval_retrieval_patch_orientation_055_retrieval_position_2	1708348	0	1	29989	2	0	29920
LG82ZTE	121	Response	10	1728707	20359	4
LG82ZTE	122	Picture	ITI	1738503	0	1	19993	2	0	19920
LG82ZTE	123	Picture	CueingCross	1758662	0	1	2999	2	0	2920
LG82ZTE	124	Picture	PrepTime	1761828	0	1	2998	3	0	2920
LG82ZTE	125	Picture	1_21_Encoding_Working_Memory_MEG_P2_LR_Nonsalient_NoChange_CuedRetrieval_300_300_399_1750_3000_1900_gabor_patch_orientation_073_160_014_041_target_position_1_4_retrieval_position_1	1764993	0	1	1333	2	0	1250
LG82ZTE	125	Picture	Flicker2	1766326	1333	1	1333	2	1250	1250
LG82ZTE	125	Picture	Flicker3	1767659	2666	1	1333	2	2500	1250
LG82ZTE	126	Picture	Delay	1769158	0	1	17494	2	0	17420
LG82ZTE	127	Picture	1_21_Retrieval_Working_Memory_MEG_P2_LR_Nonsalient_NoChange_CuedRetrieval_retrieval_patch_orientation_073_retrieval_position_1	1786818	0	1	29989	2	0	29920
LG82ZTE	127	Response	10	1797416	10598	3
LG82ZTE	128	Picture	ITI	1816973	0	2	18993	3	0	18920
LG82ZTE	129	Picture	CueingCross	1836133	0	1	2999	2	0	2920
LG82ZTE	130	Picture	PrepTime	1839298	0	2	2999	3	0	2920
LG82ZTE	131	Picture	1_22_Encoding_Working_Memory_MEG_P2_LR_Nonsalient_DoChange_CuedRetrieval_300_300_399_1850_3000_2250_gabor_patch_orientation_091_125_110_144_target_position_3_4_retrieval_position_3	1842464	0	1	1333	2	0	1250
LG82ZTE	131	Picture	Flicker2	1843797	1333	1	1332	3	1250	1250
LG82ZTE	131	Picture	Flicker3	1845129	2665	2	1333	3	2500	1250
LG82ZTE	132	Picture	Delay	1846629	0	1	18493	2	0	18420
LG82ZTE	133	Picture	1_22_Retrieval_Working_Memory_MEG_P2_LR_Nonsalient_DoChange_CuedRetrieval_retrieval_patch_orientation_160_retrieval_position_3	1865288	0	2	29989	3	0	29920
LG82ZTE	133	Response	10	1877454	12166	3
LG82ZTE	134	Picture	ITI	1895444	0	1	22491	2	0	22420
LG82ZTE	135	Picture	CueingCross	1918102	0	1	2999	2	0	2920
LG82ZTE	136	Picture	PrepTime	1921267	0	1	2999	2	0	2920
LG82ZTE	137	Picture	1_23_Encoding_Working_Memory_MEG_P2_LR_Nonsalient_NoChange_CuedRetrieval_300_300_399_2150_3000_2550_gabor_patch_orientation_106_137_032_155_target_position_3_4_retrieval_position_3	1924433	0	1	1332	3	0	1250
LG82ZTE	137	Picture	Flicker2	1925765	1332	2	1333	3	1250	1250
LG82ZTE	137	Picture	Flicker3	1927098	2665	1	1333	2	2500	1250
LG82ZTE	138	Picture	Delay	1928598	0	1	21492	2	0	21420
LG82ZTE	139	Picture	1_23_Retrieval_Working_Memory_MEG_P2_LR_Nonsalient_NoChange_CuedRetrieval_retrieval_patch_orientation_032_retrieval_position_3	1950256	0	1	29989	2	0	29920
LG82ZTE	139	Response	10	1959872	9616	4
LG82ZTE	140	Picture	ITI	1980411	0	2	25491	3	0	25420
LG82ZTE	141	Picture	CueingCross	2006068	0	2	2999	3	0	2920
LG82ZTE	142	Picture	PrepTime	2009234	0	1	2999	2	0	2920
LG82ZTE	143	Picture	1_24_Encoding_Working_Memory_MEG_P2_LR_Nonsalient_DoChange_CuedRetrieval_300_300_399_2150_3000_2250_gabor_patch_orientation_008_095_074_136_target_position_1_2_retrieval_position_1	2012399	0	2	1333	3	0	1250
LG82ZTE	143	Picture	Flicker2	2013732	1333	1	1333	2	1250	1250
LG82ZTE	143	Picture	Flicker3	2015065	2666	1	1333	2	2500	1250
LG82ZTE	144	Picture	Delay	2016564	0	2	21492	3	0	21420
LG82ZTE	145	Picture	1_24_Retrieval_Working_Memory_MEG_P2_LR_Nonsalient_DoChange_CuedRetrieval_retrieval_patch_orientation_058_retrieval_position_1	2038223	0	1	29988	3	0	29920
LG82ZTE	145	Response	20	2049630	11407	4
LG82ZTE	146	Picture	ITI	2068378	0	1	22492	2	0	22420
LG82ZTE	147	Picture	CueingCross	2091036	0	1	2999	2	0	2920
LG82ZTE	148	Picture	PrepTime	2094202	0	1	2998	3	0	2920
LG82ZTE	149	Picture	1_25_Encoding_Working_Memory_MEG_P2_LR_Nonsalient_NoChange_UncuedRetriev_300_300_399_1950_3000_2600_gabor_patch_orientation_032_095_053_013_target_position_2_3_retrieval_position_1	2097367	0	1	1333	2	0	1250
LG82ZTE	149	Picture	Flicker2	2098700	1333	1	1333	2	1250	1250
LG82ZTE	149	Picture	Flicker3	2100033	2666	1	1333	2	2500	1250
LG82ZTE	150	Picture	Delay	2101532	0	1	19493	2	0	19420
LG82ZTE	151	Picture	1_25_Retrieval_Working_Memory_MEG_P2_LR_Nonsalient_NoChange_UncuedRetriev_retrieval_patch_orientation_032_retrieval_position_1	2121191	0	2	29989	3	0	29920
LG82ZTE	151	Response	10	2132429	11238	3
LG82ZTE	152	Picture	ITI	2151347	0	1	25990	2	0	25920
LG82ZTE	153	Picture	CueingCross	2177503	0	2	2999	3	0	2920
LG82ZTE	154	Picture	PrepTime	2180669	0	1	2999	2	0	2920
LG82ZTE	155	Picture	1_26_Encoding_Working_Memory_MEG_P2_LR_Nonsalient_NoChange_CuedRetrieval_300_300_399_2100_3000_2450_gabor_patch_orientation_091_073_046_135_target_position_1_2_retrieval_position_2	2183834	0	2	1333	3	0	1250
LG82ZTE	155	Picture	Flicker2	2185167	1333	1	1333	2	1250	1250
LG82ZTE	155	Picture	Flicker3	2186500	2666	1	1333	2	2500	1250
LG82ZTE	156	Picture	Delay	2187999	0	2	20992	4	0	20920
LG82ZTE	157	Picture	1_26_Retrieval_Working_Memory_MEG_P2_LR_Nonsalient_NoChange_CuedRetrieval_retrieval_patch_orientation_073_retrieval_position_2	2209158	0	1	29989	2	0	29920
LG82ZTE	157	Response	10	2217667	8509	3
LG82ZTE	158	Picture	ITI	2239313	0	2	24491	3	0	24420
LG82ZTE	159	Picture	CueingCross	2263971	0	1	2998	3	0	2920
LG82ZTE	160	Picture	PrepTime	2267136	0	1	2999	2	0	2920
LG82ZTE	161	Picture	1_27_Encoding_Working_Memory_MEG_P2_LR_Nonsalient_DoChange_CuedRetrieval_300_300_399_1850_3000_2300_gabor_patch_orientation_074_129_098_157_target_position_1_3_retrieval_position_3	2270302	0	1	1332	2	0	1250
LG82ZTE	161	Picture	Flicker2	2271634	1332	1	1333	2	1250	1250
LG82ZTE	161	Picture	Flicker3	2272967	2665	1	1333	2	2500	1250
LG82ZTE	162	Picture	Delay	2274467	0	1	18493	2	0	18420
LG82ZTE	163	Picture	1_27_Retrieval_Working_Memory_MEG_P2_LR_Nonsalient_DoChange_CuedRetrieval_retrieval_patch_orientation_051_retrieval_position_3	2293126	0	1	29989	2	0	29920
LG82ZTE	163	Response	20	2309755	16629	4
LG82ZTE	164	Picture	ITI	2323281	0	2	22992	3	0	22920
LG82ZTE	165	Picture	CueingCross	2346439	0	2	2999	3	0	2920
LG82ZTE	166	Picture	PrepTime	2349605	0	1	2999	2	0	2920
LG82ZTE	167	Picture	1_28_Encoding_Working_Memory_MEG_P2_LR_Nonsalient_DoChange_CuedRetrieval_300_300_399_2100_3000_2050_gabor_patch_orientation_115_179_070_098_target_position_1_3_retrieval_position_1	2352770	0	2	1333	3	0	1250
LG82ZTE	167	Picture	Flicker2	2354103	1333	1	1333	2	1250	1250
LG82ZTE	167	Picture	Flicker3	2355436	2666	1	1333	2	2500	1250
LG82ZTE	168	Picture	Delay	2356935	0	2	20992	3	0	20920
LG82ZTE	169	Picture	1_28_Retrieval_Working_Memory_MEG_P2_LR_Nonsalient_DoChange_CuedRetrieval_retrieval_patch_orientation_160_retrieval_position_1	2378094	0	1	29989	2	0	29920
LG82ZTE	169	Response	20	2389453	11359	4
LG82ZTE	170	Picture	ITI	2408249	0	1	20492	3	0	20420
LG82ZTE	171	Picture	CueingCross	2428908	0	1	2999	2	0	2920
LG82ZTE	172	Picture	PrepTime	2432074	0	1	2998	2	0	2920
LG82ZTE	173	Picture	1_29_Encoding_Working_Memory_MEG_P2_LR_Nonsalient_NoChange_UncuedRetriev_300_300_399_1900_3000_2050_gabor_patch_orientation_064_015_080_095_target_position_1_4_retrieval_position_3	2435239	0	1	1333	2	0	1250
LG82ZTE	173	Picture	Flicker2	2436572	1333	1	1333	2	1250	1250
LG82ZTE	173	Picture	Flicker3	2437905	2666	1	1332	3	2500	1250
LG82ZTE	174	Picture	Delay	2439404	0	1	18993	2	0	18920
LG82ZTE	175	Picture	1_29_Retrieval_Working_Memory_MEG_P2_LR_Nonsalient_NoChange_UncuedRetriev_retrieval_patch_orientation_080_retrieval_position_3	2458563	0	2	29989	3	0	29920
LG82ZTE	175	Response	10	2468342	9779	4
LG82ZTE	176	Picture	ITI	2488719	0	1	20492	2	0	20420
LG82ZTE	177	Picture	CueingCross	2509378	0	1	2998	2	0	2920
LG82ZTE	178	Picture	PrepTime	2512543	0	1	2999	2	0	2920
LG82ZTE	179	Picture	1_30_Encoding_Working_Memory_MEG_P2_LR_Nonsalient_DoChange_CuedRetrieval_300_300_399_1900_3000_2500_gabor_patch_orientation_082_049_111_028_target_position_2_3_retrieval_position_2	2515708	0	2	1333	3	0	1250
LG82ZTE	179	Picture	Flicker2	2517041	1333	1	1333	2	1250	1250
LG82ZTE	179	Picture	Flicker3	2518374	2666	1	1333	2	2500	1250
LG82ZTE	180	Picture	Delay	2519874	0	1	18992	2	0	18920
LG82ZTE	181	Picture	1_30_Retrieval_Working_Memory_MEG_P2_LR_Nonsalient_DoChange_CuedRetrieval_retrieval_patch_orientation_004_retrieval_position_2	2539033	0	1	29989	2	0	29920
LG82ZTE	181	Response	20	2551270	12237	4
LG82ZTE	182	Picture	ITI	2569188	0	1	24991	2	0	24920
LG82ZTE	183	Picture	CueingCross	2594345	0	2	2999	3	0	2920
LG82ZTE	184	Picture	PrepTime	2597511	0	1	2999	2	0	2920
LG82ZTE	185	Picture	1_31_Encoding_Working_Memory_MEG_P2_LR_Nonsalient_NoChange_CuedRetrieval_300_300_399_2000_3000_2000_gabor_patch_orientation_020_037_100_073_target_position_1_3_retrieval_position_1	2600676	0	1	1333	2	0	1250
LG82ZTE	185	Picture	Flicker2	2602009	1333	1	1333	2	1250	1250
LG82ZTE	185	Picture	Flicker3	2603342	2666	1	1333	2	2500	1250
LG82ZTE	186	Picture	Delay	2604841	0	2	19993	3	0	19920
LG82ZTE	187	Picture	1_31_Retrieval_Working_Memory_MEG_P2_LR_Nonsalient_NoChange_CuedRetrieval_retrieval_patch_orientation_020_retrieval_position_1	2625000	0	2	29989	3	0	29920
LG82ZTE	187	Response	10	2635848	10848	4
LG82ZTE	188	Picture	ITI	2655156	0	1	19992	2	0	19920
LG82ZTE	189	Picture	CueingCross	2675315	0	1	2998	3	0	2920
LG82ZTE	190	Picture	PrepTime	2678480	0	1	2999	2	0	2920
LG82ZTE	191	Picture	1_32_Encoding_Working_Memory_MEG_P2_LR_Nonsalient_NoChange_CuedRetrieval_300_300_399_2150_3000_2150_gabor_patch_orientation_029_096_059_009_target_position_2_4_retrieval_position_4	2681646	0	1	1332	2	0	1250
LG82ZTE	191	Picture	Flicker2	2682978	1332	1	1333	2	1250	1250
LG82ZTE	191	Picture	Flicker3	2684311	2665	1	1333	2	2500	1250
LG82ZTE	192	Picture	Delay	2685811	0	1	21491	3	0	21420
LG82ZTE	193	Picture	1_32_Retrieval_Working_Memory_MEG_P2_LR_Nonsalient_NoChange_CuedRetrieval_retrieval_patch_orientation_009_retrieval_position_4	2707469	0	1	29989	2	0	29920
LG82ZTE	193	Response	20	2724556	17087	4
LG82ZTE	194	Picture	ITI	2737624	0	2	21492	3	0	21420
LG82ZTE	195	Picture	CueingCross	2759283	0	1	2999	2	0	2920
LG82ZTE	196	Picture	PrepTime	2762448	0	1	2999	2	0	2920
LG82ZTE	197	Picture	1_33_Encoding_Working_Memory_MEG_P2_LR_Nonsalient_DoChange_CuedRetrieval_300_300_399_2150_3000_2400_gabor_patch_orientation_085_027_153_168_target_position_1_4_retrieval_position_1	2765614	0	1	1333	2	0	1250
LG82ZTE	197	Picture	Flicker2	2766947	1333	1	1332	2	1250	1250
LG82ZTE	197	Picture	Flicker3	2768279	2665	1	1333	2	2500	1250
LG82ZTE	198	Picture	Delay	2769779	0	1	21492	2	0	21420
LG82ZTE	199	Picture	1_33_Retrieval_Working_Memory_MEG_P2_LR_Nonsalient_DoChange_CuedRetrieval_retrieval_patch_orientation_135_retrieval_position_1	2791437	0	1	29989	2	0	29920
LG82ZTE	199	Response	20	2803955	12518	3
LG82ZTE	200	Picture	ITI	2821592	0	2	23991	3	0	23920
LG82ZTE	201	Picture	CueingCross	2845750	0	1	2999	2	0	2920
LG82ZTE	202	Picture	PrepTime	2848915	0	2	2999	3	0	2920
LG82ZTE	203	Picture	1_34_Encoding_Working_Memory_MEG_P2_LR_Nonsalient_NoChange_CuedRetrieval_300_300_399_2100_3000_2150_gabor_patch_orientation_139_105_156_177_target_position_1_3_retrieval_position_3	2852081	0	1	1333	2	0	1250
LG82ZTE	203	Picture	Flicker2	2853414	1333	1	1333	2	1250	1250
LG82ZTE	203	Picture	Flicker3	2854747	2666	1	1332	2	2500	1250
LG82ZTE	204	Picture	Delay	2856246	0	1	20992	2	0	20920
LG82ZTE	205	Picture	1_34_Retrieval_Working_Memory_MEG_P2_LR_Nonsalient_NoChange_CuedRetrieval_retrieval_patch_orientation_156_retrieval_position_3	2877405	0	1	29988	2	0	29920
LG82ZTE	205	Response	10	2889023	11618	4
LG82ZTE	206	Picture	ITI	2907560	0	1	21492	2	0	21420
LG82ZTE	207	Picture	CueingCross	2929218	0	2	2999	3	0	2920
LG82ZTE	208	Picture	PrepTime	2932384	0	1	2999	2	0	2920
LG82ZTE	209	Picture	1_35_Encoding_Working_Memory_MEG_P2_LR_Nonsalient_DoChange_CuedRetrieval_300_300_399_1950_3000_2100_gabor_patch_orientation_143_080_167_111_target_position_3_4_retrieval_position_4	2935549	0	1	1333	2	0	1250
LG82ZTE	209	Picture	Flicker2	2936882	1333	1	1333	2	1250	1250
LG82ZTE	209	Picture	Flicker3	2938215	2666	1	1333	2	2500	1250
LG82ZTE	210	Picture	Delay	2939714	0	2	19493	3	0	19420
LG82ZTE	211	Picture	1_35_Retrieval_Working_Memory_MEG_P2_LR_Nonsalient_DoChange_CuedRetrieval_retrieval_patch_orientation_061_retrieval_position_4	2959374	0	1	29988	2	0	29920
LG82ZTE	211	Response	20	2970191	10817	4
LG82ZTE	212	Picture	ITI	2989529	0	1	20992	2	0	20920
LG82ZTE	213	Picture	CueingCross	3010687	0	2	2999	3	0	2920
LG82ZTE	214	Picture	PrepTime	3013853	0	1	2999	2	0	2920
LG82ZTE	215	Picture	1_36_Encoding_Working_Memory_MEG_P2_LR_Nonsalient_NoChange_CuedRetrieval_300_300_399_2000_3000_2000_gabor_patch_orientation_083_013_099_168_target_position_1_2_retrieval_position_2	3017018	0	2	1333	3	0	1250
LG82ZTE	215	Picture	Flicker2	3018351	1333	1	1333	2	1250	1250
LG82ZTE	215	Picture	Flicker3	3019684	2666	1	1333	2	2500	1250
LG82ZTE	216	Picture	Delay	3021183	0	2	19993	3	0	19920
LG82ZTE	217	Picture	1_36_Retrieval_Working_Memory_MEG_P2_LR_Nonsalient_NoChange_CuedRetrieval_retrieval_patch_orientation_013_retrieval_position_2	3041342	0	2	29989	3	0	29920
LG82ZTE	217	Response	10	3052750	11408	4
LG82ZTE	218	Picture	ITI	3071498	0	1	19992	2	0	19920
LG82ZTE	219	Picture	CueingCross	3091657	0	1	2999	2	0	2920
LG82ZTE	220	Picture	PrepTime	3094822	0	1	2999	2	0	2920
LG82ZTE	221	Picture	1_37_Encoding_Working_Memory_MEG_P2_LR_Nonsalient_NoChange_CuedRetrieval_300_300_399_2200_3000_2350_gabor_patch_orientation_141_067_111_084_target_position_1_3_retrieval_position_3	3097988	0	2	1332	4	0	1250
LG82ZTE	221	Picture	Flicker2	3099320	1332	2	1333	3	1250	1250
LG82ZTE	221	Picture	Flicker3	3100653	2665	1	1333	2	2500	1250
LG82ZTE	222	Picture	Delay	3102153	0	1	21991	3	0	21920
LG82ZTE	223	Picture	1_37_Retrieval_Working_Memory_MEG_P2_LR_Nonsalient_NoChange_CuedRetrieval_retrieval_patch_orientation_111_retrieval_position_3	3124311	0	1	29989	2	0	29920
LG82ZTE	223	Response	20	3141488	17177	3
LG82ZTE	224	Picture	ITI	3154466	0	2	23491	3	0	23420
LG82ZTE	225	Picture	CueingCross	3178124	0	1	2999	2	0	2920
LG82ZTE	226	Picture	PrepTime	3181289	0	2	2999	3	0	2920
LG82ZTE	227	Picture	1_38_Encoding_Working_Memory_MEG_P2_LR_Nonsalient_DoChange_UncuedRetriev_300_300_399_2050_3000_2200_gabor_patch_orientation_169_102_084_135_target_position_1_3_retrieval_position_2	3184455	0	1	1333	2	0	1250
LG82ZTE	227	Picture	Flicker2	3185788	1333	1	1333	2	1250	1250
LG82ZTE	227	Picture	Flicker3	3187121	2666	1	1332	2	2500	1250
LG82ZTE	228	Picture	Delay	3188620	0	1	20492	2	0	20420
LG82ZTE	229	Picture	1_38_Retrieval_Working_Memory_MEG_P2_LR_Nonsalient_DoChange_UncuedRetriev_retrieval_patch_orientation_057_retrieval_position_2	3209279	0	1	29988	2	0	29920
LG82ZTE	229	Response	20	3219346	10067	4
LG82ZTE	230	Picture	ITI	3239434	0	1	21992	2	0	21920
LG82ZTE	231	Picture	CueingCross	3261592	0	2	2999	3	0	2920
LG82ZTE	232	Picture	PrepTime	3264758	0	1	2999	2	0	2920
LG82ZTE	233	Picture	1_39_Encoding_Working_Memory_MEG_P2_LR_Nonsalient_NoChange_CuedRetrieval_300_300_399_1900_3000_2450_gabor_patch_orientation_133_026_089_159_target_position_3_4_retrieval_position_4	3267923	0	1	1333	2	0	1250
LG82ZTE	233	Picture	Flicker2	3269256	1333	1	1333	2	1250	1250
LG82ZTE	233	Picture	Flicker3	3270589	2666	1	1333	2	2500	1250
LG82ZTE	234	Picture	Delay	3272088	0	2	18993	3	0	18920
LG82ZTE	235	Picture	1_39_Retrieval_Working_Memory_MEG_P2_LR_Nonsalient_NoChange_CuedRetrieval_retrieval_patch_orientation_159_retrieval_position_4	3291248	0	1	29988	2	0	29920
LG82ZTE	235	Response	20	3308094	16846	4
LG82ZTE	236	Picture	ITI	3321403	0	1	24491	2	0	24420
LG82ZTE	237	Picture	CueingCross	3346060	0	1	2999	2	0	2920
LG82ZTE	238	Picture	PrepTime	3349226	0	1	2999	2	0	2920
LG82ZTE	239	Picture	1_40_Encoding_Working_Memory_MEG_P2_LR_Nonsalient_NoChange_CuedRetrieval_300_300_399_2200_3000_2200_gabor_patch_orientation_082_123_008_041_target_position_2_3_retrieval_position_2	3352391	0	1	1333	2	0	1250
LG82ZTE	239	Picture	Flicker2	3353724	1333	1	1333	2	1250	1250
LG82ZTE	239	Picture	Flicker3	3355057	2666	1	1333	2	2500	1250
LG82ZTE	240	Picture	Delay	3356556	0	2	21992	3	0	21920
LG82ZTE	241	Picture	1_40_Retrieval_Working_Memory_MEG_P2_LR_Nonsalient_NoChange_CuedRetrieval_retrieval_patch_orientation_123_retrieval_position_2	3378715	0	1	29988	2	0	29920
LG82ZTE	241	Response	10	3389933	11218	3
LG82ZTE	242	Picture	ITI	3408869	0	2	21992	4	0	21920
LG82ZTE	243	Picture	CueingCross	3431028	0	1	2999	2	0	2920
LG82ZTE	244	Picture	PrepTime	3434193	0	2	2999	3	0	2920
LG82ZTE	245	Picture	1_41_Encoding_Working_Memory_MEG_P2_LR_Nonsalient_DoChange_CuedRetrieval_300_300_399_1950_3000_2000_gabor_patch_orientation_089_142_023_068_target_position_2_3_retrieval_position_3	3437359	0	1	1333	2	0	1250
LG82ZTE	245	Picture	Flicker2	3438692	1333	1	1333	2	1250	1250
LG82ZTE	245	Picture	Flicker3	3440025	2666	1	1332	3	2500	1250
LG82ZTE	246	Picture	Delay	3441524	0	1	19493	2	0	19420
LG82ZTE	247	Picture	1_41_Retrieval_Working_Memory_MEG_P2_LR_Nonsalient_DoChange_CuedRetrieval_retrieval_patch_orientation_158_retrieval_position_3	3461183	0	1	29989	2	0	29920
LG82ZTE	247	Response	20	3474041	12858	3
LG82ZTE	248	Picture	ITI	3491338	0	2	19993	3	0	19920
LG82ZTE	249	Picture	CueingCross	3511497	0	2	2999	3	0	2920
LG82ZTE	250	Picture	PrepTime	3514663	0	1	2999	2	0	2920
LG82ZTE	251	Picture	1_42_Encoding_Working_Memory_MEG_P2_LR_Nonsalient_DoChange_UncuedRetriev_300_300_399_1900_3000_2550_gabor_patch_orientation_142_112_031_007_target_position_1_2_retrieval_position_3	3517828	0	2	1333	3	0	1250
LG82ZTE	251	Picture	Flicker2	3519161	1333	1	1333	2	1250	1250
LG82ZTE	251	Picture	Flicker3	3520494	2666	1	1333	2	2500	1250
LG82ZTE	252	Picture	Delay	3521994	0	1	18992	2	0	18920
LG82ZTE	253	Picture	1_42_Retrieval_Working_Memory_MEG_P2_LR_Nonsalient_DoChange_UncuedRetriev_retrieval_patch_orientation_076_retrieval_position_3	3541153	0	1	29989	2	0	29920
LG82ZTE	253	Response	20	3551229	10076	4
LG82ZTE	254	Picture	ITI	3571308	0	1	25490	3	0	25420
LG82ZTE	255	Picture	CueingCross	3596965	0	1	2999	2	0	2920
LG82ZTE	256	Picture	PrepTime	3600131	0	1	2998	2	0	2920
LG82ZTE	257	Picture	1_43_Encoding_Working_Memory_MEG_P2_LR_Nonsalient_NoChange_CuedRetrieval_300_300_399_2250_3000_2350_gabor_patch_orientation_019_092_035_054_target_position_2_3_retrieval_position_3	3603296	0	1	1333	2	0	1250
LG82ZTE	257	Picture	Flicker2	3604629	1333	1	1333	2	1250	1250
LG82ZTE	257	Picture	Flicker3	3605962	2666	1	1332	3	2500	1250
LG82ZTE	258	Picture	Delay	3607461	0	1	22492	2	0	22420
LG82ZTE	259	Picture	1_43_Retrieval_Working_Memory_MEG_P2_LR_Nonsalient_NoChange_CuedRetrieval_retrieval_patch_orientation_035_retrieval_position_3	3630119	0	1	29989	2	0	29920
LG82ZTE	259	Response	10	3642167	12048	7
LG82ZTE	260	Picture	ITI	3660274	0	2	23491	4	0	23420
LG82ZTE	261	Picture	CueingCross	3683932	0	1	2999	2	0	2920
LG82ZTE	262	Picture	PrepTime	3687098	0	1	2998	3	0	2920
LG82ZTE	263	Picture	1_44_Encoding_Working_Memory_MEG_P2_LR_Nonsalient_DoChange_CuedRetrieval_300_300_399_2050_3000_2550_gabor_patch_orientation_037_097_078_019_target_position_2_3_retrieval_position_3	3690263	0	1	1333	2	0	1250
LG82ZTE	263	Picture	Flicker2	3691596	1333	1	1333	2	1250	1250
LG82ZTE	263	Picture	Flicker3	3692929	2666	1	1332	3	2500	1250
LG82ZTE	264	Picture	Delay	3694428	0	1	20492	2	0	20420
LG82ZTE	265	Picture	1_44_Retrieval_Working_Memory_MEG_P2_LR_Nonsalient_DoChange_CuedRetrieval_retrieval_patch_orientation_127_retrieval_position_3	3715087	0	1	29989	2	0	29920
LG82ZTE	265	Response	20	3736185	21098	4
LG82ZTE	266	Picture	ITI	3745242	0	2	25490	4	0	25420
LG82ZTE	267	Picture	CueingCross	3770899	0	1	2999	2	0	2920
LG82ZTE	268	Picture	PrepTime	3774065	0	1	2998	3	0	2920
LG82ZTE	269	Picture	1_45_Encoding_Working_Memory_MEG_P2_LR_Nonsalient_NoChange_CuedRetrieval_300_300_399_2200_3000_2050_gabor_patch_orientation_166_118_136_053_target_position_1_4_retrieval_position_1	3777230	0	1	1333	2	0	1250
LG82ZTE	269	Picture	Flicker2	3778563	1333	1	1333	2	1250	1250
LG82ZTE	269	Picture	Flicker3	3779896	2666	1	1333	2	2500	1250
LG82ZTE	270	Picture	Delay	3781395	0	1	21992	2	0	21920
LG82ZTE	271	Picture	1_45_Retrieval_Working_Memory_MEG_P2_LR_Nonsalient_NoChange_CuedRetrieval_retrieval_patch_orientation_166_retrieval_position_1	3803553	0	2	29989	3	0	29920
LG82ZTE	271	Response	20	3821994	18441	3
LG82ZTE	272	Picture	ITI	3833709	0	1	20492	2	0	20420
LG82ZTE	273	Picture	CueingCross	3854367	0	2	2999	3	0	2920
LG82ZTE	274	Picture	PrepTime	3857533	0	1	2999	2	0	2920
LG82ZTE	275	Picture	1_46_Encoding_Working_Memory_MEG_P2_LR_Nonsalient_DoChange_CuedRetrieval_300_300_399_2250_3000_2200_gabor_patch_orientation_062_093_108_131_target_position_3_4_retrieval_position_4	3860698	0	2	1333	3	0	1250
LG82ZTE	275	Picture	Flicker2	3862031	1333	1	1333	2	1250	1250
LG82ZTE	275	Picture	Flicker3	3863364	2666	1	1333	2	2500	1250
LG82ZTE	276	Picture	Delay	3864863	0	2	22492	3	0	22420
LG82ZTE	277	Picture	1_46_Retrieval_Working_Memory_MEG_P2_LR_Nonsalient_DoChange_CuedRetrieval_retrieval_patch_orientation_179_retrieval_position_4	3887522	0	1	29988	2	0	29920
LG82ZTE	277	Response	10	3912692	25170	3
LG82ZTE	278	Picture	ITI	3917677	0	1	21991	3	0	21920
LG82ZTE	279	Picture	CueingCross	3939835	0	1	2999	2	0	2920
LG82ZTE	280	Picture	PrepTime	3943000	0	2	2999	3	0	2920
LG82ZTE	281	Picture	1_47_Encoding_Working_Memory_MEG_P2_LR_Nonsalient_NoChange_UncuedRetriev_300_300_399_1750_3000_2050_gabor_patch_orientation_026_071_135_100_target_position_3_4_retrieval_position_1	3946166	0	1	1333	2	0	1250
LG82ZTE	281	Picture	Flicker2	3947499	1333	1	1332	3	1250	1250
LG82ZTE	281	Picture	Flicker3	3948831	2665	2	1333	4	2500	1250
LG82ZTE	282	Picture	Delay	3950331	0	1	17493	3	0	17420
LG82ZTE	283	Picture	1_47_Retrieval_Working_Memory_MEG_P2_LR_Nonsalient_NoChange_UncuedRetriev_retrieval_patch_orientation_026_retrieval_position_1	3967991	0	1	29989	2	0	29920
LG82ZTE	284	Picture	ITI	3998146	0	2	20492	4	0	20420
LG82ZTE	285	Picture	CueingCross	4018805	0	1	2999	2	0	2920
LG82ZTE	286	Picture	PrepTime	4021971	0	1	2998	3	0	2920
LG82ZTE	287	Picture	1_48_Encoding_Working_Memory_MEG_P2_LR_Nonsalient_NoChange_CuedRetrieval_300_300_399_2050_3000_2150_gabor_patch_orientation_036_018_080_051_target_position_1_4_retrieval_position_4	4025136	0	1	1333	2	0	1250
LG82ZTE	287	Picture	Flicker2	4026469	1333	1	1333	2	1250	1250
LG82ZTE	287	Picture	Flicker3	4027802	2666	1	1332	3	2500	1250
LG82ZTE	288	Picture	Delay	4029301	0	1	20492	2	0	20420
LG82ZTE	289	Picture	1_48_Retrieval_Working_Memory_MEG_P2_LR_Nonsalient_NoChange_CuedRetrieval_retrieval_patch_orientation_051_retrieval_position_4	4049960	0	1	29989	2	0	29920
LG82ZTE	289	Response	20	4064439	14479	3
LG82ZTE	290	Picture	ITI	4080115	0	1	21492	2	0	21420
LG82ZTE	291	Picture	CueingCross	4101774	0	1	2998	3	0	2920
LG82ZTE	292	Picture	PrepTime	4104939	0	1	2999	2	0	2920
LG82ZTE	293	Picture	1_49_Encoding_Working_Memory_MEG_P2_LR_Nonsalient_DoChange_CuedRetrieval_300_300_399_2100_3000_2250_gabor_patch_orientation_102_043_064_012_target_position_1_3_retrieval_position_1	4108105	0	1	1332	2	0	1250
LG82ZTE	293	Picture	Flicker2	4109437	1332	1	1333	2	1250	1250
LG82ZTE	293	Picture	Flicker3	4110770	2665	1	1333	2	2500	1250
LG82ZTE	294	Picture	Delay	4112270	0	1	20992	2	0	20920
LG82ZTE	295	Picture	1_49_Retrieval_Working_Memory_MEG_P2_LR_Nonsalient_DoChange_CuedRetrieval_retrieval_patch_orientation_151_retrieval_position_1	4133428	0	2	29989	3	0	29920
LG82ZTE	295	Response	20	4142937	9509	3
LG82ZTE	296	Picture	ITI	4163584	0	1	22490	3	0	22420
LG82ZTE	297	Picture	CueingCross	4186242	0	1	2998	3	0	2920
LG82ZTE	298	Picture	PrepTime	4189407	0	1	2999	2	0	2920
LG82ZTE	299	Picture	1_50_Encoding_Working_Memory_MEG_P2_LR_Nonsalient_DoChange_CuedRetrieval_300_300_399_1850_3000_2300_gabor_patch_orientation_085_157_018_129_target_position_1_2_retrieval_position_2	4192573	0	1	1332	2	0	1250
LG82ZTE	299	Picture	Flicker2	4193905	1332	1	1333	2	1250	1250
LG82ZTE	299	Picture	Flicker3	4195238	2665	1	1333	2	2500	1250
LG82ZTE	300	Picture	Delay	4196738	0	1	18493	2	0	18420
LG82ZTE	301	Picture	1_50_Retrieval_Working_Memory_MEG_P2_LR_Nonsalient_DoChange_CuedRetrieval_retrieval_patch_orientation_108_retrieval_position_2	4215397	0	1	29989	2	0	29920
LG82ZTE	301	Response	20	4224295	8898	4
LG82ZTE	302	Picture	ITI	4245552	0	2	22992	3	0	22920
LG82ZTE	303	Picture	CueingCross	4268710	0	2	2999	3	0	2920
LG82ZTE	304	Picture	PrepTime	4271876	0	1	2999	2	0	2920
LG82ZTE	305	Picture	1_51_Encoding_Working_Memory_MEG_P2_LR_Nonsalient_NoChange_CuedRetrieval_300_300_399_1750_3000_2200_gabor_patch_orientation_099_017_134_164_target_position_3_4_retrieval_position_3	4275041	0	1	1333	2	0	1250
LG82ZTE	305	Picture	Flicker2	4276374	1333	1	1333	2	1250	1250
LG82ZTE	305	Picture	Flicker3	4277707	2666	1	1333	2	2500	1250
LG82ZTE	306	Picture	Delay	4279206	0	2	17494	3	0	17420
LG82ZTE	307	Picture	1_51_Retrieval_Working_Memory_MEG_P2_LR_Nonsalient_NoChange_CuedRetrieval_retrieval_patch_orientation_134_retrieval_position_3	4296866	0	2	29989	3	0	29920
LG82ZTE	307	Response	10	4305054	8188	3
LG82ZTE	308	Picture	ITI	4327021	0	2	21992	3	0	21920
LG82ZTE	309	Picture	CueingCross	4349180	0	1	2999	2	0	2920
LG82ZTE	310	Picture	PrepTime	4352345	0	1	2999	2	0	2920
LG82ZTE	311	Picture	1_52_Encoding_Working_Memory_MEG_P2_LR_Nonsalient_DoChange_CuedRetrieval_300_300_399_1750_3000_2300_gabor_patch_orientation_075_115_007_136_target_position_2_4_retrieval_position_4	4355511	0	1	1333	2	0	1250
LG82ZTE	311	Picture	Flicker2	4356844	1333	1	1332	2	1250	1250
LG82ZTE	311	Picture	Flicker3	4358176	2665	1	1333	2	2500	1250
LG82ZTE	312	Picture	Delay	4359676	0	1	17493	2	0	17420
LG82ZTE	313	Picture	1_52_Retrieval_Working_Memory_MEG_P2_LR_Nonsalient_DoChange_CuedRetrieval_retrieval_patch_orientation_091_retrieval_position_4	4377336	0	1	29988	3	0	29920
LG82ZTE	313	Response	20	4386232	8896	3
LG82ZTE	314	Picture	ITI	4407491	0	1	22991	2	0	22920
LG82ZTE	315	Picture	CueingCross	4430649	0	1	2999	2	0	2920
LG82ZTE	316	Picture	PrepTime	4433814	0	2	2999	3	0	2920
LG82ZTE	317	Picture	1_53_Encoding_Working_Memory_MEG_P2_LR_Nonsalient_NoChange_UncuedRetriev_300_300_399_1950_3000_2350_gabor_patch_orientation_075_112_138_052_target_position_1_4_retrieval_position_3	4436979	0	3	1334	4	0	1250
LG82ZTE	317	Picture	Flicker2	4438313	1334	1	1332	3	1250	1250
LG82ZTE	317	Picture	Flicker3	4439645	2666	2	1333	3	2500	1250
LG82ZTE	318	Picture	Delay	4441145	0	1	19493	2	0	19420
LG82ZTE	319	Picture	1_53_Retrieval_Working_Memory_MEG_P2_LR_Nonsalient_NoChange_UncuedRetriev_retrieval_patch_orientation_138_retrieval_position_3	4460804	0	1	29989	2	0	29920
LG82ZTE	319	Response	10	4475540	14736	4
LG82ZTE	320	Picture	ITI	4490959	0	2	23491	4	0	23420
LG82ZTE	321	Picture	CueingCross	4514617	0	1	2999	2	0	2920
LG82ZTE	322	Picture	PrepTime	4517782	0	2	2999	3	0	2920
LG82ZTE	323	Picture	1_54_Encoding_Working_Memory_MEG_P2_LR_Nonsalient_NoChange_CuedRetrieval_300_300_399_2050_3000_2600_gabor_patch_orientation_137_079_023_162_target_position_1_4_retrieval_position_4	4520948	0	1	1333	2	0	1250
LG82ZTE	323	Picture	Flicker2	4522281	1333	1	1333	2	1250	1250
LG82ZTE	323	Picture	Flicker3	4523614	2666	1	1332	3	2500	1250
LG82ZTE	324	Picture	Delay	4525113	0	1	20492	2	0	20420
LG82ZTE	325	Picture	1_54_Retrieval_Working_Memory_MEG_P2_LR_Nonsalient_NoChange_CuedRetrieval_retrieval_patch_orientation_162_retrieval_position_4	4545772	0	1	29989	2	0	29920
LG82ZTE	325	Response	10	4557568	11796	4
LG82ZTE	326	Picture	ITI	4575927	0	1	25990	2	0	25920
LG82ZTE	327	Picture	CueingCross	4602084	0	1	2999	2	0	2920
LG82ZTE	328	Picture	PrepTime	4605249	0	2	2999	3	0	2920
LG82ZTE	329	Picture	1_55_Encoding_Working_Memory_MEG_P2_LR_Nonsalient_DoChange_CuedRetrieval_300_300_399_2200_3000_1900_gabor_patch_orientation_021_074_132_163_target_position_3_4_retrieval_position_3	4608415	0	1	1332	3	0	1250
LG82ZTE	329	Picture	Flicker2	4609747	1332	2	1333	4	1250	1250
LG82ZTE	329	Picture	Flicker3	4611080	2665	2	1333	3	2500	1250
LG82ZTE	330	Picture	Delay	4612580	0	1	21992	2	0	21920
LG82ZTE	331	Picture	1_55_Retrieval_Working_Memory_MEG_P2_LR_Nonsalient_DoChange_CuedRetrieval_retrieval_patch_orientation_180_retrieval_position_3	4634738	0	1	29989	2	0	29920
LG82ZTE	331	Response	20	4644517	9779	4
LG82ZTE	332	Picture	ITI	4664893	0	2	18993	3	0	18920
LG82ZTE	333	Picture	CueingCross	4684053	0	1	2999	2	0	2920
LG82ZTE	334	Picture	PrepTime	4687218	0	1	2999	2	0	2920
LG82ZTE	335	Picture	1_56_Encoding_Working_Memory_MEG_P2_LR_Nonsalient_NoChange_CuedRetrieval_300_300_399_2000_3000_2200_gabor_patch_orientation_110_039_125_089_target_position_1_2_retrieval_position_1	4690384	0	1	1333	2	0	1250
LG82ZTE	335	Picture	Flicker2	4691717	1333	1	1332	2	1250	1250
LG82ZTE	335	Picture	Flicker3	4693049	2665	1	1333	2	2500	1250
LG82ZTE	336	Picture	Delay	4694549	0	1	19992	2	0	19920
LG82ZTE	337	Picture	1_56_Retrieval_Working_Memory_MEG_P2_LR_Nonsalient_NoChange_CuedRetrieval_retrieval_patch_orientation_110_retrieval_position_1	4714708	0	1	29988	3	0	29920
LG82ZTE	337	Response	10	4725675	10967	3
LG82ZTE	338	Picture	ITI	4744863	0	1	21992	2	0	21920
LG82ZTE	339	Picture	CueingCross	4767021	0	2	2999	3	0	2920
LG82ZTE	340	Picture	PrepTime	4770187	0	1	2999	2	0	2920
LG82ZTE	341	Picture	1_57_Encoding_Working_Memory_MEG_P2_LR_Nonsalient_DoChange_UncuedRetriev_300_300_399_2250_3000_2600_gabor_patch_orientation_083_003_128_112_target_position_1_3_retrieval_position_2	4773352	0	1	1333	2	0	1250
LG82ZTE	341	Picture	Flicker2	4774685	1333	1	1333	2	1250	1250
LG82ZTE	341	Picture	Flicker3	4776018	2666	1	1333	2	2500	1250
LG82ZTE	342	Picture	Delay	4777517	0	2	22492	3	0	22420
LG82ZTE	343	Picture	1_57_Retrieval_Working_Memory_MEG_P2_LR_Nonsalient_DoChange_UncuedRetriev_retrieval_patch_orientation_050_retrieval_position_2	4800175	0	2	29989	3	0	29920
LG82ZTE	343	Response	20	4814143	13968	3
LG82ZTE	344	Picture	ITI	4830331	0	1	25990	2	0	25920
LG82ZTE	345	Picture	CueingCross	4856487	0	2	2999	3	0	2920
LG82ZTE	346	Picture	PrepTime	4859652	0	2	3000	3	0	2920
LG82ZTE	347	Picture	1_58_Encoding_Working_Memory_MEG_P2_LR_Nonsalient_DoChange_CuedRetrieval_300_300_399_2200_3000_1950_gabor_patch_orientation_028_115_146_088_target_position_1_3_retrieval_position_3	4862818	0	2	1333	3	0	1250
LG82ZTE	347	Picture	Flicker2	4864151	1333	1	1333	2	1250	1250
LG82ZTE	347	Picture	Flicker3	4865484	2666	1	1333	2	2500	1250
LG82ZTE	348	Picture	Delay	4866983	0	2	21992	3	0	21920
LG82ZTE	349	Picture	1_58_Retrieval_Working_Memory_MEG_P2_LR_Nonsalient_DoChange_CuedRetrieval_retrieval_patch_orientation_006_retrieval_position_3	4889142	0	1	29988	2	0	29920
LG82ZTE	349	Response	20	4898731	9589	4
LG82ZTE	350	Picture	ITI	4919297	0	1	19492	3	0	19420
LG82ZTE	351	Picture	CueingCross	4938956	0	1	2999	2	0	2920
LG82ZTE	352	Picture	PrepTime	4942122	0	1	2998	3	0	2920
LG82ZTE	353	Picture	1_59_Encoding_Working_Memory_MEG_P2_LR_Nonsalient_NoChange_CuedRetrieval_300_300_399_2250_3000_2450_gabor_patch_orientation_102_142_037_083_target_position_1_3_retrieval_position_3	4945287	0	1	1333	2	0	1250
LG82ZTE	353	Picture	Flicker2	4946620	1333	1	1333	2	1250	1250
LG82ZTE	353	Picture	Flicker3	4947953	2666	1	1332	3	2500	1250
LG82ZTE	354	Picture	Delay	4949452	0	1	22492	2	0	22420
LG82ZTE	355	Picture	1_59_Retrieval_Working_Memory_MEG_P2_LR_Nonsalient_NoChange_CuedRetrieval_retrieval_patch_orientation_037_retrieval_position_3	4972110	0	1	29989	2	0	29920
LG82ZTE	355	Response	10	4983609	11499	4
LG82ZTE	356	Picture	ITI	5002265	0	2	24491	3	0	24420
LG82ZTE	357	Picture	CueingCross	5026923	0	1	2999	2	0	2920
LG82ZTE	358	Picture	PrepTime	5030088	0	1	2999	2	0	2920
LG82ZTE	359	Picture	1_60_Encoding_Working_Memory_MEG_P2_LR_Nonsalient_NoChange_UncuedRetriev_300_300_399_2000_3000_2600_gabor_patch_orientation_068_125_094_153_target_position_1_3_retrieval_position_4	5033254	0	1	1332	3	0	1250
LG82ZTE	359	Picture	Flicker2	5034586	1332	2	1333	3	1250	1250
LG82ZTE	359	Picture	Flicker3	5035919	2665	1	1333	2	2500	1250
LG82ZTE	360	Picture	Delay	5037419	0	1	19992	2	0	19920
LG82ZTE	361	Picture	1_60_Retrieval_Working_Memory_MEG_P2_LR_Nonsalient_NoChange_UncuedRetriev_retrieval_patch_orientation_153_retrieval_position_4	5057578	0	1	29988	3	0	29920
LG82ZTE	361	Response	10	5075488	17910	3
LG82ZTE	362	Picture	ITI	5087733	0	1	25990	2	0	25920
LG82ZTE	363	Picture	CueingCross	5113890	0	1	2999	2	0	2920
LG82ZTE	364	Picture	PrepTime	5117055	0	1	2999	2	0	2920
LG82ZTE	365	Picture	1_61_Encoding_Working_Memory_MEG_P2_LR_Nonsalient_NoChange_CuedRetrieval_300_300_399_1850_3000_2250_gabor_patch_orientation_042_058_132_171_target_position_2_3_retrieval_position_3	5120221	0	1	1332	3	0	1250
LG82ZTE	365	Picture	Flicker2	5121553	1332	2	1333	3	1250	1250
LG82ZTE	365	Picture	Flicker3	5122886	2665	1	1333	3	2500	1250
LG82ZTE	366	Picture	Delay	5124386	0	1	18493	2	0	18420
LG82ZTE	367	Picture	1_61_Retrieval_Working_Memory_MEG_P2_LR_Nonsalient_NoChange_CuedRetrieval_retrieval_patch_orientation_132_retrieval_position_3	5143045	0	2	29989	3	0	29920
LG82ZTE	367	Response	10	5159226	16181	3
LG82ZTE	368	Picture	ITI	5173201	0	1	22491	2	0	22420
LG82ZTE	369	Picture	CueingCross	5195859	0	1	2999	2	0	2920
LG82ZTE	370	Picture	PrepTime	5199024	0	1	2999	2	0	2920
LG82ZTE	371	Picture	1_62_Encoding_Working_Memory_MEG_P2_LR_Nonsalient_NoChange_CuedRetrieval_300_300_399_1800_3000_2550_gabor_patch_orientation_150_022_042_064_target_position_1_3_retrieval_position_3	5202190	0	1	1332	2	0	1250
LG82ZTE	371	Picture	Flicker2	5203522	1332	1	1333	2	1250	1250
LG82ZTE	371	Picture	Flicker3	5204855	2665	1	1333	2	2500	1250
LG82ZTE	372	Picture	Delay	5206355	0	1	17993	2	0	17920
LG82ZTE	373	Picture	1_62_Retrieval_Working_Memory_MEG_P2_LR_Nonsalient_NoChange_CuedRetrieval_retrieval_patch_orientation_042_retrieval_position_3	5224514	0	2	29989	3	0	29920
LG82ZTE	373	Response	10	5234664	10150	4
LG82ZTE	374	Picture	ITI	5254670	0	1	25490	2	0	25420
LG82ZTE	375	Picture	CueingCross	5280327	0	1	2998	3	0	2920
LG82ZTE	376	Picture	PrepTime	5283492	0	1	2999	2	0	2920
LG82ZTE	377	Picture	1_63_Encoding_Working_Memory_MEG_P2_LR_Nonsalient_NoChange_CuedRetrieval_300_300_399_1800_3000_2400_gabor_patch_orientation_172_062_097_034_target_position_1_2_retrieval_position_2	5286658	0	1	1332	2	0	1250
LG82ZTE	377	Picture	Flicker2	5287990	1332	1	1333	2	1250	1250
LG82ZTE	377	Picture	Flicker3	5289323	2665	1	1333	2	2500	1250
LG82ZTE	378	Picture	Delay	5290823	0	1	17993	2	0	17920
LG82ZTE	379	Picture	1_63_Retrieval_Working_Memory_MEG_P2_LR_Nonsalient_NoChange_CuedRetrieval_retrieval_patch_orientation_062_retrieval_position_2	5308982	0	2	29989	3	0	29920
LG82ZTE	379	Response	10	5319383	10401	3
LG82ZTE	380	Picture	ITI	5339138	0	1	23991	2	0	23920
LG82ZTE	381	Picture	CueingCross	5363295	0	1	2999	2	0	2920
LG82ZTE	382	Picture	PrepTime	5366461	0	1	2998	3	0	2920
LG82ZTE	383	Picture	1_64_Encoding_Working_Memory_MEG_P2_LR_Nonsalient_DoChange_CuedRetrieval_300_300_399_2000_3000_1950_gabor_patch_orientation_142_100_030_166_target_position_2_3_retrieval_position_3	5369625	0	2	1334	3	0	1250
LG82ZTE	383	Picture	Flicker2	5370959	1334	1	1333	2	1250	1250
LG82ZTE	383	Picture	Flicker3	5372292	2667	1	1333	2	2500	1250
LG82ZTE	384	Picture	Delay	5373791	0	1	19993	2	0	19920
LG82ZTE	385	Picture	1_64_Retrieval_Working_Memory_MEG_P2_LR_Nonsalient_DoChange_CuedRetrieval_retrieval_patch_orientation_076_retrieval_position_3	5393950	0	1	29989	2	0	29920
LG82ZTE	385	Response	20	5412011	18061	3
LG82ZTE	386	Picture	ITI	5424105	0	2	19493	3	0	19420
LG82ZTE	387	Picture	CueingCross	5443765	0	1	2998	3	0	2920
LG82ZTE	388	Picture	PrepTime	5446930	0	1	2999	2	0	2920
LG82ZTE	389	Picture	1_65_Encoding_Working_Memory_MEG_P2_LR_Nonsalient_DoChange_CuedRetrieval_300_300_399_1800_3000_2500_gabor_patch_orientation_144_114_170_098_target_position_1_3_retrieval_position_1	5450096	0	1	1332	2	0	1250
LG82ZTE	389	Picture	Flicker2	5451428	1332	1	1333	2	1250	1250
LG82ZTE	389	Picture	Flicker3	5452761	2665	1	1333	2	2500	1250
LG82ZTE	390	Picture	Delay	5454261	0	1	17993	2	0	17920
LG82ZTE	391	Picture	1_65_Retrieval_Working_Memory_MEG_P2_LR_Nonsalient_DoChange_CuedRetrieval_retrieval_patch_orientation_008_retrieval_position_1	5472420	0	2	29989	3	0	29920
LG82ZTE	391	Response	20	5493809	21389	3
LG82ZTE	392	Picture	ITI	5502576	0	1	24990	2	0	24920
LG82ZTE	393	Picture	CueingCross	5527733	0	1	2999	2	0	2920
LG82ZTE	394	Picture	PrepTime	5530898	0	2	2999	3	0	2920
LG82ZTE	395	Picture	1_66_Encoding_Working_Memory_MEG_P2_LR_Nonsalient_NoChange_CuedRetrieval_300_300_399_2250_3000_2150_gabor_patch_orientation_001_090_065_126_target_position_1_4_retrieval_position_4	5534064	0	1	1333	2	0	1250
LG82ZTE	395	Picture	Flicker2	5535397	1333	1	1332	2	1250	1250
LG82ZTE	395	Picture	Flicker3	5536729	2665	1	1333	2	2500	1250
LG82ZTE	396	Picture	Delay	5538229	0	1	22491	2	0	22420
LG82ZTE	397	Picture	1_66_Retrieval_Working_Memory_MEG_P2_LR_Nonsalient_NoChange_CuedRetrieval_retrieval_patch_orientation_126_retrieval_position_4	5560887	0	1	29989	2	0	29920
LG82ZTE	397	Response	10	5570847	9960	4
LG82ZTE	398	Picture	ITI	5591042	0	1	21492	2	0	21420
LG82ZTE	399	Picture	CueingCross	5612701	0	1	2998	3	0	2920
LG82ZTE	400	Picture	PrepTime	5615866	0	1	2999	2	0	2920
LG82ZTE	401	Picture	1_67_Encoding_Working_Memory_MEG_P2_LR_Nonsalient_NoChange_UncuedRetriev_300_300_399_2150_3000_1900_gabor_patch_orientation_002_168_108_140_target_position_1_3_retrieval_position_4	5619032	0	1	1332	2	0	1250
LG82ZTE	401	Picture	Flicker2	5620364	1332	1	1333	2	1250	1250
LG82ZTE	401	Picture	Flicker3	5621697	2665	1	1333	2	2500	1250
LG82ZTE	402	Picture	Delay	5623197	0	1	21491	3	0	21420
LG82ZTE	403	Picture	1_67_Retrieval_Working_Memory_MEG_P2_LR_Nonsalient_NoChange_UncuedRetriev_retrieval_patch_orientation_140_retrieval_position_4	5644855	0	1	29989	2	0	29920
LG82ZTE	403	Response	10	5657665	12810	4
LG82ZTE	404	Picture	ITI	5675010	0	2	18993	3	0	18920
LG82ZTE	405	Picture	CueingCross	5694169	0	2	2999	4	0	2920
LG82ZTE	406	Picture	PrepTime	5697335	0	1	2999	2	0	2920
LG82ZTE	407	Picture	1_68_Encoding_Working_Memory_MEG_P2_LR_Nonsalient_DoChange_CuedRetrieval_300_300_399_1750_3000_2050_gabor_patch_orientation_130_056_020_083_target_position_2_3_retrieval_position_2	5700501	0	1	1332	3	0	1250
LG82ZTE	407	Picture	Flicker2	5701833	1332	2	1333	3	1250	1250
LG82ZTE	407	Picture	Flicker3	5703166	2665	1	1333	2	2500	1250
LG82ZTE	408	Picture	Delay	5704666	0	1	17493	2	0	17420
LG82ZTE	409	Picture	1_68_Retrieval_Working_Memory_MEG_P2_LR_Nonsalient_DoChange_CuedRetrieval_retrieval_patch_orientation_106_retrieval_position_2	5722326	0	1	29988	2	0	29920
LG82ZTE	409	Response	20	5736914	14588	3
LG82ZTE	410	Picture	ITI	5752481	0	1	20492	2	0	20420
LG82ZTE	411	Picture	CueingCross	5773140	0	1	2999	2	0	2920
LG82ZTE	412	Picture	PrepTime	5776305	0	1	2999	2	0	2920
LG82ZTE	413	Picture	1_69_Encoding_Working_Memory_MEG_P2_LR_Nonsalient_NoChange_CuedRetrieval_300_300_399_1800_3000_2100_gabor_patch_orientation_167_117_089_150_target_position_1_4_retrieval_position_1	5779471	0	1	1332	3	0	1250
LG82ZTE	413	Picture	Flicker2	5780803	1332	2	1333	3	1250	1250
LG82ZTE	413	Picture	Flicker3	5782136	2665	1	1333	2	2500	1250
LG82ZTE	414	Picture	Delay	5783636	0	1	17993	2	0	17920
LG82ZTE	415	Picture	1_69_Retrieval_Working_Memory_MEG_P2_LR_Nonsalient_NoChange_CuedRetrieval_retrieval_patch_orientation_167_retrieval_position_1	5801795	0	2	29989	3	0	29920
LG82ZTE	415	Response	10	5809972	8177	4
LG82ZTE	416	Picture	ITI	5831951	0	1	20992	2	0	20920
LG82ZTE	417	Picture	CueingCross	5853109	0	2	2999	3	0	2920
LG82ZTE	418	Picture	PrepTime	5856275	0	1	2999	2	0	2920
LG82ZTE	419	Picture	1_70_Encoding_Working_Memory_MEG_P2_LR_Nonsalient_DoChange_UncuedRetriev_300_300_399_1900_3000_2100_gabor_patch_orientation_066_089_146_121_target_position_1_4_retrieval_position_3	5859440	0	2	1333	3	0	1250
LG82ZTE	419	Picture	Flicker2	5860773	1333	1	1333	2	1250	1250
LG82ZTE	419	Picture	Flicker3	5862106	2666	1	1333	2	2500	1250
LG82ZTE	420	Picture	Delay	5863605	0	2	18993	3	0	18920
LG82ZTE	421	Picture	1_70_Retrieval_Working_Memory_MEG_P2_LR_Nonsalient_DoChange_UncuedRetriev_retrieval_patch_orientation_006_retrieval_position_3	5882765	0	1	29988	3	0	29920
LG82ZTE	421	Response	20	5895781	13016	3
LG82ZTE	422	Picture	ITI	5912920	0	1	20992	2	0	20920
LG82ZTE	423	Picture	BaselinePost	5934079	0	1	50147	2	0	50000
