Scenario - ATWM1_Working_Memory_MEG_salient_cued_instruction
Logfile written - 02/08/2016 16:42:23

Subject	Trial	Event Type	Code	Time	TTime	Uncertainty	Duration	Uncertainty	ReqTime	ReqDur

LG82ZTE	1	Picture	Instruction_S_C	162	0	1	100129	2	0	100000
LG82ZTE	2	Picture	Instruction2	100458	0	1	100128	3	0	100000
LG82ZTE	3	Picture	Instruction3	200753	0	1	24824	2	0	resp
LG82ZTE	3	Response	10	225473	24720	3
LG82ZTE	4	Picture	Instruction4	245569	0	2	12829	3	0	resp
LG82ZTE	4	Response	20	258232	12663	4
LG82ZTE	5	Picture	Instruction5	278390	0	1	9163	3	0	resp
LG82ZTE	5	Response	10	287412	9022	4
LG82ZTE	6	Picture	Instruction4	307546	0	1	37319	2	0	resp
LG82ZTE	6	Response	20	344710	37164	4
LG82ZTE	7	Picture	Instruction3	364858	0	1	9663	2	0	resp
LG82ZTE	7	Response	10	374370	9512	3
LG82ZTE	8	Picture	Instruction4	394513	0	1	9163	2	0	resp
LG82ZTE	8	Response	20	403609	9096	4
LG82ZTE	9	Picture	Instruction_S_C_TestTrials	423669	0	1	100129	2	0	100000
LG82ZTE	10	Picture	BaselinePre	523964	0	2	20159	3	0	20000
LG82ZTE	11	Picture	CueingCross	544290	0	1	2999	2	0	2920
LG82ZTE	12	Picture	PrepTime	547455	0	2	2999	3	0	2920
LG82ZTE	13	Picture	1_1_Encoding_Working_Memory_MEG_P2_LR_Salient_NoChange_CuedRetrieval_300_300_399_1800_3000_1950_gabor_patch_orientation_176_096_131_007_target_position_1_4_retrieval_position_4	550621	0	1	1333	2	0	1250
LG82ZTE	13	Picture	Flicker2	551954	1333	1	1332	3	1250	1250
LG82ZTE	13	Picture	Flicker3	553286	2665	2	1333	3	2500	1250
LG82ZTE	14	Picture	Delay	554786	0	1	17993	2	0	17920
LG82ZTE	15	Picture	1_1_Retrieval_Working_Memory_MEG_P2_LR_Salient_NoChange_CuedRetrieval_retrieval_patch_orientation_007_retrieval_position_4	572946	0	1	29988	3	0	29920
LG82ZTE	15	Response	10	585815	12869	4
LG82ZTE	16	Picture	ITI	623093	0	2	19493	3	0	19420
LG82ZTE	17	Picture	CueingCross	642753	0	1	2999	2	0	2920
LG82ZTE	18	Picture	PrepTime	645918	0	1	2999	2	0	2920
LG82ZTE	19	Picture	1_2_Encoding_Working_Memory_MEG_P2_LR_Salient_NoChange_CuedRetrieval_300_300_399_1900_3000_2050_gabor_patch_orientation_156_029_001_078_target_position_1_4_retrieval_position_1	649084	0	1	1332	3	0	1250
LG82ZTE	19	Picture	Flicker2	650416	1332	2	1333	3	1250	1250
LG82ZTE	19	Picture	Flicker3	651749	2665	1	1333	2	2500	1250
LG82ZTE	20	Picture	Delay	653249	0	1	18993	2	0	18920
LG82ZTE	21	Picture	1_2_Retrieval_Working_Memory_MEG_P2_LR_Salient_NoChange_CuedRetrieval_retrieval_patch_orientation_156_retrieval_position_1	672408	0	1	29989	2	0	29920
LG82ZTE	21	Response	10	687403	14995	4
LG82ZTE	22	Picture	ITI	722556	0	1	20492	2	0	20420
LG82ZTE	23	Picture	CueingCross	743215	0	1	2999	2	0	2920
LG82ZTE	24	Picture	PrepTime	746380	0	1	2999	2	0	2920
LG82ZTE	25	Picture	1_3_Encoding_Working_Memory_MEG_P2_LR_Salient_DoChange_CuedRetrieval_300_300_399_1750_3000_2000_gabor_patch_orientation_070_130_145_103_target_position_1_4_retrieval_position_1	749546	0	1	1333	2	0	1250
LG82ZTE	25	Picture	Flicker2	750879	1333	1	1332	2	1250	1250
LG82ZTE	25	Picture	Flicker3	752211	2665	1	1333	2	2500	1250
LG82ZTE	26	Picture	Delay	753711	0	1	17493	2	0	17420
LG82ZTE	27	Picture	1_3_Retrieval_Working_Memory_MEG_P2_LR_Salient_DoChange_CuedRetrieval_retrieval_patch_orientation_024_retrieval_position_1	771371	0	1	29988	3	0	29920
LG82ZTE	27	Response	20	781111	9740	4
LG82ZTE	28	Picture	ITI	821518	0	2	19993	3	0	19920
LG82ZTE	29	Picture	CueingCross	841677	0	2	2999	4	0	2920
LG82ZTE	30	Picture	PrepTime	844843	0	1	2999	2	0	2920
LG82ZTE	31	Picture	1_4_Encoding_Working_Memory_MEG_P2_LR_Salient_DoChange_CuedRetrieval_300_300_399_1850_3000_1900_gabor_patch_orientation_167_014_126_040_target_position_2_4_retrieval_position_4	848008	0	2	1333	3	0	1250
LG82ZTE	31	Picture	Flicker2	849341	1333	1	1333	2	1250	1250
LG82ZTE	31	Picture	Flicker3	850674	2666	1	1333	2	2500	1250
LG82ZTE	32	Picture	Delay	852174	0	1	18493	2	0	18420
LG82ZTE	33	Picture	1_4_Retrieval_Working_Memory_MEG_P2_LR_Salient_DoChange_CuedRetrieval_retrieval_patch_orientation_086_retrieval_position_4	870833	0	1	29989	2	0	29920
LG82ZTE	33	Response	20	883559	12726	4
LG82ZTE	34	Picture	ITI	920981	0	1	18993	2	0	18920
LG82ZTE	35	Picture	BaselinePost	940140	0	2	20159	3	0	20000
LG82ZTE	36	Picture	Instruction_S_C	960466	0	1	264341	2	0	3000000
LG82ZTE	36	Quit		1217401	256935	
