Scenario - ATWM1_Working_Memory_MEG_salient_cued_run1
Logfile written - 02/08/2016 16:52:28

Subject	Trial	Event Type	Code	Time	TTime	Uncertainty	Duration	Uncertainty	ReqTime	ReqDur

LG82ZTE	1	Picture	ExpStart	162	0	1	10163	2	0	10000
LG82ZTE	2	Picture	BaselinePre	10492	0	1	100128	2	0	100000
LG82ZTE	3	Picture	CueingCross	110787	0	1	2999	2	0	2920
LG82ZTE	4	Picture	PrepTime	113952	0	2	2999	3	0	2920
LG82ZTE	5	Picture	1_1_Encoding_Working_Memory_MEG_P2_LR_Salient_DoChange_CuedRetrieval_300_300_399_2250_3000_2500_gabor_patch_orientation_006_139_179_124_target_position_1_2_retrieval_position_1	117118	0	1	1333	2	0	1250
LG82ZTE	5	Picture	Flicker2	118451	1333	1	1333	2	1250	1250
LG82ZTE	5	Picture	Flicker3	119784	2666	1	1332	2	2500	1250
LG82ZTE	6	Picture	Delay	121283	0	1	22491	3	0	22420
LG82ZTE	7	Picture	1_1_Retrieval_Working_Memory_MEG_P2_LR_Salient_DoChange_CuedRetrieval_retrieval_patch_orientation_052_retrieval_position_1	143941	0	1	29989	2	0	29920
LG82ZTE	7	Response	20	168013	24072	3
LG82ZTE	8	Picture	ITI	174096	0	2	24991	3	0	24920
LG82ZTE	9	Picture	CueingCross	199254	0	1	2998	2	0	2920
LG82ZTE	10	Picture	PrepTime	202419	0	1	2999	2	0	2920
LG82ZTE	11	Picture	1_2_Encoding_Working_Memory_MEG_P2_LR_Salient_NoChange_CuedRetrieval_300_300_399_1950_3000_2550_gabor_patch_orientation_123_174_142_014_target_position_1_2_retrieval_position_2	205584	0	2	1333	3	0	1250
LG82ZTE	11	Picture	Flicker2	206917	1333	1	1333	2	1250	1250
LG82ZTE	11	Picture	Flicker3	208250	2666	1	1333	2	2500	1250
LG82ZTE	12	Picture	Delay	209750	0	1	19492	2	0	19420
LG82ZTE	13	Picture	1_2_Retrieval_Working_Memory_MEG_P2_LR_Salient_NoChange_CuedRetrieval_retrieval_patch_orientation_174_retrieval_position_2	229409	0	1	29988	2	0	29920
LG82ZTE	13	Response	20	238911	9502	5
LG82ZTE	14	Picture	ITI	259564	0	1	25490	2	0	25420
LG82ZTE	15	Picture	CueingCross	285221	0	1	2999	2	0	2920
LG82ZTE	16	Picture	PrepTime	288386	0	2	2999	3	0	2920
LG82ZTE	17	Picture	1_3_Encoding_Working_Memory_MEG_P2_LR_Salient_NoChange_CuedRetrieval_300_300_399_2050_3000_2200_gabor_patch_orientation_112_024_079_138_target_position_1_3_retrieval_position_1	291552	0	1	1333	2	0	1250
LG82ZTE	17	Picture	Flicker2	292885	1333	1	1333	2	1250	1250
LG82ZTE	17	Picture	Flicker3	294218	2666	1	1332	2	2500	1250
LG82ZTE	18	Picture	Delay	295717	0	1	20492	2	0	20420
LG82ZTE	19	Picture	1_3_Retrieval_Working_Memory_MEG_P2_LR_Salient_NoChange_CuedRetrieval_retrieval_patch_orientation_112_retrieval_position_1	316376	0	1	29989	2	0	29920
LG82ZTE	19	Response	10	329769	13393	4
LG82ZTE	20	Picture	ITI	346531	0	1	21992	2	0	21920
LG82ZTE	21	Picture	CueingCross	368689	0	2	2999	3	0	2920
LG82ZTE	22	Picture	PrepTime	371855	0	1	2999	2	0	2920
LG82ZTE	23	Picture	1_4_Encoding_Working_Memory_MEG_P2_LR_Salient_DoChange_CuedRetrieval_300_300_399_1800_3000_2350_gabor_patch_orientation_085_149_010_069_target_position_1_4_retrieval_position_1	375020	0	2	1333	3	0	1250
LG82ZTE	23	Picture	Flicker2	376353	1333	1	1333	2	1250	1250
LG82ZTE	23	Picture	Flicker3	377686	2666	1	1333	2	2500	1250
LG82ZTE	24	Picture	Delay	379185	0	2	17994	3	0	17920
LG82ZTE	25	Picture	1_4_Retrieval_Working_Memory_MEG_P2_LR_Salient_DoChange_CuedRetrieval_retrieval_patch_orientation_036_retrieval_position_1	397345	0	1	29989	2	0	29920
LG82ZTE	25	Response	20	409678	12333	3
LG82ZTE	26	Picture	ITI	427500	0	2	23492	3	0	23420
LG82ZTE	27	Picture	CueingCross	451158	0	1	2999	2	0	2920
LG82ZTE	28	Picture	PrepTime	454324	0	1	2999	2	0	2920
LG82ZTE	29	Picture	1_5_Encoding_Working_Memory_MEG_P2_LR_Salient_DoChange_UncuedRetriev_300_300_399_1850_3000_2000_gabor_patch_orientation_017_173_107_068_target_position_1_3_retrieval_position_2	457489	0	1	1333	2	0	1250
LG82ZTE	29	Picture	Flicker2	458822	1333	1	1333	2	1250	1250
LG82ZTE	29	Picture	Flicker3	460155	2666	1	1333	2	2500	1250
LG82ZTE	30	Picture	Delay	461654	0	1	18493	2	0	18420
LG82ZTE	31	Picture	1_5_Retrieval_Working_Memory_MEG_P2_LR_Salient_DoChange_UncuedRetriev_retrieval_patch_orientation_033_retrieval_position_2	480314	0	1	29988	3	0	29920
LG82ZTE	31	Response	20	494566	14252	3
LG82ZTE	32	Picture	ITI	510469	0	1	19993	2	0	19920
LG82ZTE	33	Picture	CueingCross	530628	0	1	2999	2	0	2920
LG82ZTE	34	Picture	PrepTime	533794	0	1	2998	3	0	2920
LG82ZTE	35	Picture	1_6_Encoding_Working_Memory_MEG_P2_LR_Salient_DoChange_CuedRetrieval_300_300_399_1750_3000_1900_gabor_patch_orientation_106_141_022_069_target_position_2_3_retrieval_position_3	536959	0	1	1333	2	0	1250
LG82ZTE	35	Picture	Flicker2	538292	1333	1	1333	2	1250	1250
LG82ZTE	35	Picture	Flicker3	539625	2666	1	1333	2	2500	1250
LG82ZTE	36	Picture	Delay	541124	0	1	17494	2	0	17420
LG82ZTE	37	Picture	1_6_Retrieval_Working_Memory_MEG_P2_LR_Salient_DoChange_CuedRetrieval_retrieval_patch_orientation_158_retrieval_position_3	558784	0	1	29989	2	0	29920
LG82ZTE	37	Response	20	568214	9430	4
LG82ZTE	38	Picture	ITI	588939	0	2	18993	3	0	18920
LG82ZTE	39	Picture	CueingCross	608099	0	1	2999	2	0	2920
LG82ZTE	40	Picture	PrepTime	611264	0	2	2999	3	0	2920
LG82ZTE	41	Picture	1_7_Encoding_Working_Memory_MEG_P2_LR_Salient_NoChange_CuedRetrieval_300_300_399_2150_3000_2050_gabor_patch_orientation_043_104_026_155_target_position_2_3_retrieval_position_3	614430	0	1	1333	2	0	1250
LG82ZTE	41	Picture	Flicker2	615763	1333	1	1332	2	1250	1250
LG82ZTE	41	Picture	Flicker3	617095	2665	1	1333	2	2500	1250
LG82ZTE	42	Picture	Delay	618595	0	1	21492	2	0	21420
LG82ZTE	43	Picture	1_7_Retrieval_Working_Memory_MEG_P2_LR_Salient_NoChange_CuedRetrieval_retrieval_patch_orientation_026_retrieval_position_3	640253	0	2	29989	3	0	29920
LG82ZTE	43	Response	10	657802	17549	4
LG82ZTE	44	Picture	ITI	670409	0	1	20492	2	0	20420
LG82ZTE	45	Picture	CueingCross	691067	0	2	2999	3	0	2920
LG82ZTE	46	Picture	PrepTime	694233	0	1	2999	2	0	2920
LG82ZTE	47	Picture	1_8_Encoding_Working_Memory_MEG_P2_LR_Salient_DoChange_CuedRetrieval_300_300_399_2250_3000_2400_gabor_patch_orientation_164_138_076_003_target_position_1_2_retrieval_position_1	697398	0	2	1333	3	0	1250
LG82ZTE	47	Picture	Flicker2	698731	1333	1	1333	2	1250	1250
LG82ZTE	47	Picture	Flicker3	700064	2666	1	1333	2	2500	1250
LG82ZTE	48	Picture	Delay	701563	0	2	22492	3	0	22420
LG82ZTE	49	Picture	1_8_Retrieval_Working_Memory_MEG_P2_LR_Salient_DoChange_CuedRetrieval_retrieval_patch_orientation_028_retrieval_position_1	724222	0	1	29988	2	0	29920
LG82ZTE	49	Response	20	735081	10859	3
LG82ZTE	50	Picture	ITI	754377	0	1	23991	2	0	23920
LG82ZTE	51	Picture	CueingCross	778534	0	2	2999	3	0	2920
LG82ZTE	52	Picture	PrepTime	781700	0	1	2999	2	0	2920
LG82ZTE	53	Picture	1_9_Encoding_Working_Memory_MEG_P2_LR_Salient_DoChange_CuedRetrieval_300_300_399_2050_3000_1900_gabor_patch_orientation_143_180_006_159_target_position_3_4_retrieval_position_4	784865	0	1	1333	2	0	1250
LG82ZTE	53	Picture	Flicker2	786198	1333	1	1333	2	1250	1250
LG82ZTE	53	Picture	Flicker3	787531	2666	1	1333	2	2500	1250
LG82ZTE	54	Picture	Delay	789030	0	2	20493	3	0	20420
LG82ZTE	55	Picture	1_9_Retrieval_Working_Memory_MEG_P2_LR_Salient_DoChange_CuedRetrieval_retrieval_patch_orientation_113_retrieval_position_4	809689	0	1	29989	2	0	29920
LG82ZTE	55	Response	20	821289	11600	3
LG82ZTE	56	Picture	ITI	839844	0	2	18993	3	0	18920
LG82ZTE	57	Picture	CueingCross	859004	0	1	2999	2	0	2920
LG82ZTE	58	Picture	PrepTime	862169	0	2	2999	3	0	2920
LG82ZTE	59	Picture	1_10_Encoding_Working_Memory_MEG_P2_LR_Salient_NoChange_UncuedRetriev_300_300_399_1900_3000_1950_gabor_patch_orientation_157_082_040_017_target_position_3_4_retrieval_position_2	865335	0	1	1333	2	0	1250
LG82ZTE	59	Picture	Flicker2	866668	1333	1	1332	3	1250	1250
LG82ZTE	59	Picture	Flicker3	868000	2665	2	1333	3	2500	1250
LG82ZTE	60	Picture	Delay	869500	0	1	18993	2	0	18920
LG82ZTE	61	Picture	1_10_Retrieval_Working_Memory_MEG_P2_LR_Salient_NoChange_UncuedRetriev_retrieval_patch_orientation_082_retrieval_position_2	888659	0	2	29989	3	0	29920
LG82ZTE	61	Response	20	908497	19838	4
LG82ZTE	62	Picture	ITI	918815	0	1	19492	2	0	19420
LG82ZTE	63	Picture	CueingCross	938474	0	1	2997	4	0	2920
LG82ZTE	64	Picture	PrepTime	941639	0	1	2999	2	0	2920
LG82ZTE	65	Picture	1_11_Encoding_Working_Memory_MEG_P2_LR_Salient_DoChange_CuedRetrieval_300_300_399_2150_3000_2250_gabor_patch_orientation_168_050_103_128_target_position_1_4_retrieval_position_4	944805	0	1	1333	2	0	1250
LG82ZTE	65	Picture	Flicker2	946138	1333	1	1332	2	1250	1250
LG82ZTE	65	Picture	Flicker3	947470	2665	1	1333	2	2500	1250
LG82ZTE	66	Picture	Delay	948970	0	1	21492	2	0	21420
LG82ZTE	67	Picture	1_11_Retrieval_Working_Memory_MEG_P2_LR_Salient_DoChange_CuedRetrieval_retrieval_patch_orientation_078_retrieval_position_4	970628	0	2	29989	3	0	29920
LG82ZTE	67	Response	20	981306	10678	3
LG82ZTE	68	Picture	ITI	1000783	0	2	22492	3	0	22420
LG82ZTE	69	Picture	CueingCross	1023442	0	1	2998	3	0	2920
LG82ZTE	70	Picture	PrepTime	1026607	0	1	2999	2	0	2920
LG82ZTE	71	Picture	1_12_Encoding_Working_Memory_MEG_P2_LR_Salient_NoChange_CuedRetrieval_300_300_399_1900_3000_2250_gabor_patch_orientation_050_016_091_034_target_position_2_3_retrieval_position_2	1029773	0	1	1332	2	0	1250
LG82ZTE	71	Picture	Flicker2	1031105	1332	1	1333	2	1250	1250
LG82ZTE	71	Picture	Flicker3	1032438	2665	1	1333	2	2500	1250
LG82ZTE	72	Picture	Delay	1033938	0	1	18992	3	0	18920
LG82ZTE	73	Picture	1_12_Retrieval_Working_Memory_MEG_P2_LR_Salient_NoChange_CuedRetrieval_retrieval_patch_orientation_016_retrieval_position_2	1053097	0	1	29989	2	0	29920
LG82ZTE	73	Response	10	1066414	13317	3
LG82ZTE	74	Picture	ITI	1083252	0	2	22491	4	0	22420
LG82ZTE	75	Picture	CueingCross	1105910	0	2	2999	3	0	2920
LG82ZTE	76	Picture	PrepTime	1109076	0	1	2999	2	0	2920
LG82ZTE	77	Picture	1_13_Encoding_Working_Memory_MEG_P2_LR_Salient_DoChange_CuedRetrieval_300_300_399_1850_3000_2600_gabor_patch_orientation_160_041_012_077_target_position_3_4_retrieval_position_4	1112241	0	2	1333	3	0	1250
LG82ZTE	77	Picture	Flicker2	1113574	1333	1	1333	2	1250	1250
LG82ZTE	77	Picture	Flicker3	1114907	2666	1	1333	2	2500	1250
LG82ZTE	78	Picture	Delay	1116406	0	2	18493	4	0	18420
LG82ZTE	79	Picture	1_13_Retrieval_Working_Memory_MEG_P2_LR_Salient_DoChange_CuedRetrieval_retrieval_patch_orientation_127_retrieval_position_4	1135066	0	1	29989	2	0	29920
LG82ZTE	79	Response	20	1145772	10706	4
LG82ZTE	80	Picture	ITI	1165221	0	2	25990	4	0	25920
LG82ZTE	81	Picture	CueingCross	1191378	0	1	2999	2	0	2920
LG82ZTE	82	Picture	PrepTime	1194543	0	2	2999	3	0	2920
LG82ZTE	83	Picture	1_14_Encoding_Working_Memory_MEG_P2_LR_Salient_DoChange_CuedRetrieval_300_300_399_2150_3000_2600_gabor_patch_orientation_045_151_065_171_target_position_1_2_retrieval_position_2	1197709	0	1	1333	2	0	1250
LG82ZTE	83	Picture	Flicker2	1199042	1333	1	1333	2	1250	1250
LG82ZTE	83	Picture	Flicker3	1200375	2666	1	1332	3	2500	1250
LG82ZTE	84	Picture	Delay	1201874	0	1	21492	2	0	21420
LG82ZTE	85	Picture	1_14_Retrieval_Working_Memory_MEG_P2_LR_Salient_DoChange_CuedRetrieval_retrieval_patch_orientation_011_retrieval_position_2	1223532	0	2	29989	3	0	29920
LG82ZTE	85	Response	20	1240200	16668	4
LG82ZTE	86	Picture	ITI	1253688	0	1	25990	2	0	25920
LG82ZTE	87	Picture	CueingCross	1279845	0	1	2998	3	0	2920
LG82ZTE	88	Picture	PrepTime	1283010	0	2	2999	3	0	2920
LG82ZTE	89	Picture	1_15_Encoding_Working_Memory_MEG_P2_LR_Salient_DoChange_CuedRetrieval_300_300_399_1800_3000_1900_gabor_patch_orientation_036_053_074_109_target_position_2_4_retrieval_position_4	1286175	0	2	1333	3	0	1250
LG82ZTE	89	Picture	Flicker2	1287508	1333	1	1333	2	1250	1250
LG82ZTE	89	Picture	Flicker3	1288841	2666	1	1333	2	2500	1250
LG82ZTE	90	Picture	Delay	1290341	0	1	17993	2	0	17920
LG82ZTE	91	Picture	1_15_Retrieval_Working_Memory_MEG_P2_LR_Salient_DoChange_CuedRetrieval_retrieval_patch_orientation_159_retrieval_position_4	1308500	0	2	29989	3	0	29920
LG82ZTE	91	Response	20	1319719	11219	3
LG82ZTE	92	Picture	ITI	1338656	0	1	18992	3	0	18920
LG82ZTE	93	Picture	CueingCross	1357815	0	1	2999	2	0	2920
LG82ZTE	94	Picture	PrepTime	1360980	0	2	2999	3	0	2920
LG82ZTE	95	Picture	1_16_Encoding_Working_Memory_MEG_P2_LR_Salient_DoChange_CuedRetrieval_300_300_399_2150_3000_2050_gabor_patch_orientation_010_094_077_136_target_position_1_2_retrieval_position_1	1364146	0	1	1333	2	0	1250
LG82ZTE	95	Picture	Flicker2	1365479	1333	1	1333	2	1250	1250
LG82ZTE	95	Picture	Flicker3	1366812	2666	1	1332	3	2500	1250
LG82ZTE	96	Picture	Delay	1368311	0	1	21492	2	0	21420
LG82ZTE	97	Picture	1_16_Retrieval_Working_Memory_MEG_P2_LR_Salient_DoChange_CuedRetrieval_retrieval_patch_orientation_059_retrieval_position_1	1389969	0	2	29989	3	0	29920
LG82ZTE	97	Response	20	1403127	13158	3
LG82ZTE	98	Picture	ITI	1420125	0	1	20492	2	0	20420
LG82ZTE	99	Picture	CueingCross	1440784	0	1	2998	3	0	2920
LG82ZTE	100	Picture	PrepTime	1443949	0	1	2999	2	0	2920
LG82ZTE	101	Picture	1_17_Encoding_Working_Memory_MEG_P2_LR_Salient_DoChange_UncuedRetriev_300_300_399_2000_3000_2150_gabor_patch_orientation_062_022_001_091_target_position_1_2_retrieval_position_3	1447114	0	2	1333	3	0	1250
LG82ZTE	101	Picture	Flicker2	1448447	1333	1	1333	2	1250	1250
LG82ZTE	101	Picture	Flicker3	1449780	2666	1	1333	2	2500	1250
LG82ZTE	102	Picture	Delay	1451280	0	1	19992	2	0	19920
LG82ZTE	103	Picture	1_17_Retrieval_Working_Memory_MEG_P2_LR_Salient_DoChange_UncuedRetriev_retrieval_patch_orientation_141_retrieval_position_3	1471439	0	1	29988	2	0	29920
LG82ZTE	103	Response	10	1485415	13976	4
LG82ZTE	104	Picture	ITI	1501594	0	1	21492	2	0	21420
LG82ZTE	105	Picture	CueingCross	1523252	0	2	2999	3	0	2920
LG82ZTE	106	Picture	PrepTime	1526418	0	1	2999	2	0	2920
LG82ZTE	107	Picture	1_18_Encoding_Working_Memory_MEG_P2_LR_Salient_NoChange_CuedRetrieval_300_300_399_2200_3000_1950_gabor_patch_orientation_002_137_109_154_target_position_2_3_retrieval_position_2	1529583	0	2	1333	3	0	1250
LG82ZTE	107	Picture	Flicker2	1530916	1333	1	1333	2	1250	1250
LG82ZTE	107	Picture	Flicker3	1532249	2666	1	1333	2	2500	1250
LG82ZTE	108	Picture	Delay	1533748	0	2	21992	3	0	21920
LG82ZTE	109	Picture	1_18_Retrieval_Working_Memory_MEG_P2_LR_Salient_NoChange_CuedRetrieval_retrieval_patch_orientation_137_retrieval_position_2	1555907	0	1	29988	2	0	29920
LG82ZTE	109	Response	10	1572083	16176	4
LG82ZTE	110	Picture	ITI	1586062	0	1	19492	3	0	19420
LG82ZTE	111	Picture	CueingCross	1605721	0	1	2999	2	0	2920
LG82ZTE	112	Picture	PrepTime	1608887	0	1	2998	3	0	2920
LG82ZTE	113	Picture	1_19_Encoding_Working_Memory_MEG_P2_LR_Salient_DoChange_CuedRetrieval_300_300_399_2000_3000_2200_gabor_patch_orientation_175_094_116_055_target_position_1_2_retrieval_position_1	1612052	0	1	1333	2	0	1250
LG82ZTE	113	Picture	Flicker2	1613385	1333	1	1333	2	1250	1250
LG82ZTE	113	Picture	Flicker3	1614718	2666	1	1333	2	2500	1250
LG82ZTE	114	Picture	Delay	1616217	0	1	19993	2	0	19920
LG82ZTE	115	Picture	1_19_Retrieval_Working_Memory_MEG_P2_LR_Salient_DoChange_CuedRetrieval_retrieval_patch_orientation_038_retrieval_position_1	1636376	0	1	29989	2	0	29920
LG82ZTE	115	Response	20	1650532	14156	3
LG82ZTE	116	Picture	ITI	1666531	0	2	21992	3	0	21920
LG82ZTE	117	Picture	CueingCross	1688690	0	1	2999	2	0	2920
LG82ZTE	118	Picture	PrepTime	1691855	0	1	2999	2	0	2920
LG82ZTE	119	Picture	1_20_Encoding_Working_Memory_MEG_P2_LR_Salient_NoChange_CuedRetrieval_300_300_399_2000_3000_2000_gabor_patch_orientation_060_121_148_180_target_position_2_3_retrieval_position_3	1695021	0	1	1332	3	0	1250
LG82ZTE	119	Picture	Flicker2	1696353	1332	2	1333	3	1250	1250
LG82ZTE	119	Picture	Flicker3	1697686	2665	1	1333	2	2500	1250
LG82ZTE	120	Picture	Delay	1699186	0	1	19992	2	0	19920
LG82ZTE	121	Picture	1_20_Retrieval_Working_Memory_MEG_P2_LR_Salient_NoChange_CuedRetrieval_retrieval_patch_orientation_148_retrieval_position_3	1719344	0	3	29989	5	0	29920
LG82ZTE	121	Response	10	1735050	15706	4
LG82ZTE	122	Picture	ITI	1749500	0	1	19992	3	0	19920
LG82ZTE	123	Picture	CueingCross	1769659	0	1	2999	2	0	2920
LG82ZTE	124	Picture	PrepTime	1772825	0	1	2998	2	0	2920
LG82ZTE	125	Picture	1_21_Encoding_Working_Memory_MEG_P2_LR_Salient_DoChange_CuedRetrieval_300_300_399_1950_3000_2300_gabor_patch_orientation_104_140_179_028_target_position_1_2_retrieval_position_1	1775990	0	1	1333	2	0	1250
LG82ZTE	125	Picture	Flicker2	1777323	1333	1	1333	2	1250	1250
LG82ZTE	125	Picture	Flicker3	1778656	2666	1	1332	3	2500	1250
LG82ZTE	126	Picture	Delay	1780155	0	1	19493	2	0	19420
LG82ZTE	127	Picture	1_21_Retrieval_Working_Memory_MEG_P2_LR_Salient_DoChange_CuedRetrieval_retrieval_patch_orientation_055_retrieval_position_1	1799814	0	2	29989	3	0	29920
LG82ZTE	127	Response	20	1816628	16814	4
LG82ZTE	128	Picture	ITI	1829970	0	1	22990	3	0	22920
LG82ZTE	129	Picture	CueingCross	1853127	0	2	2999	3	0	2920
LG82ZTE	130	Picture	PrepTime	1856293	0	1	2999	2	0	2920
LG82ZTE	131	Picture	1_22_Encoding_Working_Memory_MEG_P2_LR_Salient_NoChange_UncuedRetriev_300_300_399_2050_3000_2500_gabor_patch_orientation_151_083_013_166_target_position_1_2_retrieval_position_4	1859458	0	2	1333	3	0	1250
LG82ZTE	131	Picture	Flicker2	1860791	1333	1	1333	2	1250	1250
LG82ZTE	131	Picture	Flicker3	1862124	2666	1	1333	2	2500	1250
LG82ZTE	132	Picture	Delay	1863623	0	2	20493	3	0	20420
LG82ZTE	133	Picture	1_22_Retrieval_Working_Memory_MEG_P2_LR_Salient_NoChange_UncuedRetriev_retrieval_patch_orientation_166_retrieval_position_4	1884282	0	2	29989	3	0	29920
LG82ZTE	133	Response	20	1898087	13805	3
LG82ZTE	134	Picture	ITI	1914437	0	2	24991	3	0	24920
LG82ZTE	135	Picture	CueingCross	1939595	0	1	2999	2	0	2920
LG82ZTE	136	Picture	PrepTime	1942760	0	1	2999	2	0	2920
LG82ZTE	137	Picture	1_23_Encoding_Working_Memory_MEG_P2_LR_Salient_NoChange_CuedRetrieval_300_300_399_1900_3000_2500_gabor_patch_orientation_128_086_161_104_target_position_3_4_retrieval_position_3	1945926	0	1	1332	3	0	1250
LG82ZTE	137	Picture	Flicker2	1947258	1332	2	1333	3	1250	1250
LG82ZTE	137	Picture	Flicker3	1948591	2665	1	1333	2	2500	1250
LG82ZTE	138	Picture	Delay	1950091	0	1	18992	3	0	18920
LG82ZTE	139	Picture	1_23_Retrieval_Working_Memory_MEG_P2_LR_Salient_NoChange_CuedRetrieval_retrieval_patch_orientation_161_retrieval_position_3	1969250	0	1	29989	2	0	29920
LG82ZTE	139	Response	10	1980615	11365	3
LG82ZTE	140	Picture	ITI	1999405	0	2	24991	3	0	24920
LG82ZTE	141	Picture	CueingCross	2024562	0	2	2999	3	0	2920
LG82ZTE	142	Picture	PrepTime	2027728	0	1	2999	2	0	2920
LG82ZTE	143	Picture	1_24_Encoding_Working_Memory_MEG_P2_LR_Salient_DoChange_CuedRetrieval_300_300_399_1800_3000_2400_gabor_patch_orientation_108_142_091_052_target_position_1_3_retrieval_position_1	2030893	0	2	1333	3	0	1250
LG82ZTE	143	Picture	Flicker2	2032226	1333	1	1333	2	1250	1250
LG82ZTE	143	Picture	Flicker3	2033559	2666	1	1333	2	2500	1250
LG82ZTE	144	Picture	Delay	2035058	0	2	17994	3	0	17920
LG82ZTE	145	Picture	1_24_Retrieval_Working_Memory_MEG_P2_LR_Salient_DoChange_CuedRetrieval_retrieval_patch_orientation_158_retrieval_position_1	2053218	0	2	29989	3	0	29920
LG82ZTE	145	Response	20	2067973	14755	4
LG82ZTE	146	Picture	ITI	2083373	0	2	23991	4	0	23920
LG82ZTE	147	Picture	CueingCross	2107531	0	1	2999	2	0	2920
LG82ZTE	148	Picture	PrepTime	2110697	0	1	2998	2	0	2920
LG82ZTE	149	Picture	1_25_Encoding_Working_Memory_MEG_P2_LR_Salient_NoChange_UncuedRetriev_300_300_399_2200_3000_2100_gabor_patch_orientation_079_146_008_031_target_position_1_4_retrieval_position_2	2113862	0	1	1333	2	0	1250
LG82ZTE	149	Picture	Flicker2	2115195	1333	1	1333	2	1250	1250
LG82ZTE	149	Picture	Flicker3	2116528	2666	1	1332	3	2500	1250
LG82ZTE	150	Picture	Delay	2118027	0	1	21992	2	0	21920
LG82ZTE	151	Picture	1_25_Retrieval_Working_Memory_MEG_P2_LR_Salient_NoChange_UncuedRetriev_retrieval_patch_orientation_146_retrieval_position_2	2140185	0	2	29989	3	0	29920
LG82ZTE	151	Response	10	2152341	12156	4
LG82ZTE	152	Picture	ITI	2170340	0	2	20993	3	0	20920
LG82ZTE	153	Picture	CueingCross	2191499	0	1	2999	2	0	2920
LG82ZTE	154	Picture	PrepTime	2194665	0	1	2999	2	0	2920
LG82ZTE	155	Picture	1_26_Encoding_Working_Memory_MEG_P2_LR_Salient_NoChange_CuedRetrieval_300_300_399_1900_3000_2100_gabor_patch_orientation_035_092_161_141_target_position_2_4_retrieval_position_4	2197830	0	1	1333	2	0	1250
LG82ZTE	155	Picture	Flicker2	2199163	1333	1	1333	2	1250	1250
LG82ZTE	155	Picture	Flicker3	2200496	2666	1	1333	2	2500	1250
LG82ZTE	156	Picture	Delay	2201995	0	2	18993	3	0	18920
LG82ZTE	157	Picture	1_26_Retrieval_Working_Memory_MEG_P2_LR_Salient_NoChange_CuedRetrieval_retrieval_patch_orientation_141_retrieval_position_4	2221155	0	2	29988	4	0	29920
LG82ZTE	157	Response	10	2233710	12555	3
LG82ZTE	158	Picture	ITI	2251310	0	1	20992	2	0	20920
LG82ZTE	159	Picture	CueingCross	2272469	0	1	2998	2	0	2920
LG82ZTE	160	Picture	PrepTime	2275634	0	1	2999	2	0	2920
LG82ZTE	161	Picture	1_27_Encoding_Working_Memory_MEG_P2_LR_Salient_NoChange_CuedRetrieval_300_300_399_2100_3000_2150_gabor_patch_orientation_113_031_069_049_target_position_3_4_retrieval_position_4	2278799	0	2	1333	3	0	1250
LG82ZTE	161	Picture	Flicker2	2280132	1333	1	1333	2	1250	1250
LG82ZTE	161	Picture	Flicker3	2281465	2666	1	1333	2	2500	1250
LG82ZTE	162	Picture	Delay	2282965	0	1	20992	2	0	20920
LG82ZTE	163	Picture	1_27_Retrieval_Working_Memory_MEG_P2_LR_Salient_NoChange_CuedRetrieval_retrieval_patch_orientation_049_retrieval_position_4	2304123	0	1	29989	2	0	29920
LG82ZTE	163	Response	10	2315898	11775	3
LG82ZTE	164	Picture	ITI	2334278	0	2	21492	3	0	21420
LG82ZTE	165	Picture	CueingCross	2355937	0	1	2999	2	0	2920
LG82ZTE	166	Picture	PrepTime	2359102	0	2	2999	3	0	2920
LG82ZTE	167	Picture	1_28_Encoding_Working_Memory_MEG_P2_LR_Salient_NoChange_CuedRetrieval_300_300_399_2100_3000_2050_gabor_patch_orientation_028_134_105_149_target_position_1_2_retrieval_position_1	2362268	0	1	1333	2	0	1250
LG82ZTE	167	Picture	Flicker2	2363601	1333	1	1333	2	1250	1250
LG82ZTE	167	Picture	Flicker3	2364934	2666	1	1332	2	2500	1250
LG82ZTE	168	Picture	Delay	2366433	0	1	20992	2	0	20920
LG82ZTE	169	Picture	1_28_Retrieval_Working_Memory_MEG_P2_LR_Salient_NoChange_CuedRetrieval_retrieval_patch_orientation_028_retrieval_position_1	2387592	0	1	29988	2	0	29920
LG82ZTE	169	Response	10	2396996	9404	4
LG82ZTE	170	Picture	ITI	2417747	0	1	20492	2	0	20420
LG82ZTE	171	Picture	CueingCross	2438406	0	1	2999	2	0	2920
LG82ZTE	172	Picture	PrepTime	2441571	0	1	2999	2	0	2920
LG82ZTE	173	Picture	1_29_Encoding_Working_Memory_MEG_P2_LR_Salient_DoChange_CuedRetrieval_300_300_399_2250_3000_2300_gabor_patch_orientation_174_029_064_046_target_position_1_4_retrieval_position_4	2444736	0	2	1333	4	0	1250
LG82ZTE	173	Picture	Flicker2	2446069	1333	2	1333	3	1250	1250
LG82ZTE	173	Picture	Flicker3	2447402	2666	1	1333	2	2500	1250
LG82ZTE	174	Picture	Delay	2448902	0	1	22491	2	0	22420
LG82ZTE	175	Picture	1_29_Retrieval_Working_Memory_MEG_P2_LR_Salient_DoChange_CuedRetrieval_retrieval_patch_orientation_095_retrieval_position_4	2471560	0	1	29988	3	0	29920
LG82ZTE	175	Response	20	2483664	12104	4
LG82ZTE	176	Picture	ITI	2501715	0	1	22991	2	0	22920
LG82ZTE	177	Picture	CueingCross	2524873	0	1	2999	2	0	2920
LG82ZTE	178	Picture	PrepTime	2528038	0	2	2999	3	0	2920
LG82ZTE	179	Picture	1_30_Encoding_Working_Memory_MEG_P2_LR_Salient_DoChange_UncuedRetriev_300_300_399_2100_3000_2600_gabor_patch_orientation_098_126_168_057_target_position_3_4_retrieval_position_2	2531204	0	1	1333	2	0	1250
LG82ZTE	179	Picture	Flicker2	2532537	1333	1	1333	2	1250	1250
LG82ZTE	179	Picture	Flicker3	2533870	2666	1	1332	2	2500	1250
LG82ZTE	180	Picture	Delay	2535369	0	1	20992	2	0	20920
LG82ZTE	181	Picture	1_30_Retrieval_Working_Memory_MEG_P2_LR_Salient_DoChange_UncuedRetriev_retrieval_patch_orientation_078_retrieval_position_2	2556528	0	1	29988	2	0	29920
LG82ZTE	181	Response	10	2568543	12015	4
LG82ZTE	182	Picture	ITI	2586683	0	1	25990	2	0	25920
LG82ZTE	183	Picture	CueingCross	2612840	0	1	2998	3	0	2920
LG82ZTE	184	Picture	PrepTime	2616005	0	1	2999	2	0	2920
LG82ZTE	185	Picture	1_31_Encoding_Working_Memory_MEG_P2_LR_Salient_DoChange_CuedRetrieval_300_300_399_1850_3000_1900_gabor_patch_orientation_028_114_143_008_target_position_3_4_retrieval_position_3	2619170	0	2	1333	3	0	1250
LG82ZTE	185	Picture	Flicker2	2620503	1333	1	1333	2	1250	1250
LG82ZTE	185	Picture	Flicker3	2621836	2666	1	1333	2	2500	1250
LG82ZTE	186	Picture	Delay	2623336	0	1	18493	2	0	18420
LG82ZTE	187	Picture	1_31_Retrieval_Working_Memory_MEG_P2_LR_Salient_DoChange_CuedRetrieval_retrieval_patch_orientation_095_retrieval_position_3	2641995	0	1	29989	2	0	29920
LG82ZTE	187	Response	20	2652131	10136	3
LG82ZTE	188	Picture	ITI	2672150	0	2	18993	3	0	18920
LG82ZTE	189	Picture	CueingCross	2691310	0	1	2999	2	0	2920
LG82ZTE	190	Picture	PrepTime	2694475	0	2	2999	3	0	2920
LG82ZTE	191	Picture	1_32_Encoding_Working_Memory_MEG_P2_LR_Salient_NoChange_CuedRetrieval_300_300_399_2150_3000_2200_gabor_patch_orientation_001_053_082_109_target_position_2_3_retrieval_position_3	2697641	0	1	1333	2	0	1250
LG82ZTE	191	Picture	Flicker2	2698974	1333	1	1332	3	1250	1250
LG82ZTE	191	Picture	Flicker3	2700306	2665	2	1333	3	2500	1250
LG82ZTE	192	Picture	Delay	2701806	0	1	21492	2	0	21420
LG82ZTE	193	Picture	1_32_Retrieval_Working_Memory_MEG_P2_LR_Salient_NoChange_CuedRetrieval_retrieval_patch_orientation_082_retrieval_position_3	2723464	0	2	29989	3	0	29920
LG82ZTE	193	Response	10	2735759	12295	4
LG82ZTE	194	Picture	ITI	2753620	0	1	21991	2	0	21920
LG82ZTE	195	Picture	CueingCross	2775778	0	1	2999	2	0	2920
LG82ZTE	196	Picture	PrepTime	2778943	0	2	2999	3	0	2920
LG82ZTE	197	Picture	1_33_Encoding_Working_Memory_MEG_P2_LR_Salient_NoChange_CuedRetrieval_300_300_399_2150_3000_2050_gabor_patch_orientation_017_153_043_069_target_position_2_3_retrieval_position_3	2782109	0	1	1333	2	0	1250
LG82ZTE	197	Picture	Flicker2	2783442	1333	1	1332	3	1250	1250
LG82ZTE	197	Picture	Flicker3	2784774	2665	2	1333	3	2500	1250
LG82ZTE	198	Picture	Delay	2786274	0	1	21492	2	0	21420
LG82ZTE	199	Picture	1_33_Retrieval_Working_Memory_MEG_P2_LR_Salient_NoChange_CuedRetrieval_retrieval_patch_orientation_043_retrieval_position_3	2807932	0	2	29989	3	0	29920
LG82ZTE	199	Response	10	2817828	9896	3
LG82ZTE	200	Picture	ITI	2838088	0	1	20492	2	0	20420
LG82ZTE	201	Picture	CueingCross	2858746	0	2	2999	3	0	2920
LG82ZTE	202	Picture	PrepTime	2861912	0	1	2999	2	0	2920
LG82ZTE	203	Picture	1_34_Encoding_Working_Memory_MEG_P2_LR_Salient_DoChange_CuedRetrieval_300_300_399_1950_3000_2100_gabor_patch_orientation_013_088_064_035_target_position_1_4_retrieval_position_4	2865077	0	2	1333	3	0	1250
LG82ZTE	203	Picture	Flicker2	2866410	1333	1	1333	2	1250	1250
LG82ZTE	203	Picture	Flicker3	2867743	2666	1	1333	2	2500	1250
LG82ZTE	204	Picture	Delay	2869242	0	2	19493	3	0	19420
LG82ZTE	205	Picture	1_34_Retrieval_Working_Memory_MEG_P2_LR_Salient_DoChange_CuedRetrieval_retrieval_patch_orientation_175_retrieval_position_4	2888902	0	1	29988	2	0	29920
LG82ZTE	205	Response	20	2901976	13074	3
LG82ZTE	206	Picture	ITI	2919057	0	1	20992	2	0	20920
LG82ZTE	207	Picture	CueingCross	2940215	0	2	2999	4	0	2920
LG82ZTE	208	Picture	PrepTime	2943381	0	1	2999	2	0	2920
LG82ZTE	209	Picture	1_35_Encoding_Working_Memory_MEG_P2_LR_Salient_NoChange_CuedRetrieval_300_300_399_2250_3000_2100_gabor_patch_orientation_128_076_143_106_target_position_3_4_retrieval_position_4	2946546	0	2	1333	3	0	1250
LG82ZTE	209	Picture	Flicker2	2947879	1333	1	1333	2	1250	1250
LG82ZTE	209	Picture	Flicker3	2949212	2666	1	1333	2	2500	1250
LG82ZTE	210	Picture	Delay	2950712	0	1	22491	2	0	22420
LG82ZTE	211	Picture	1_35_Retrieval_Working_Memory_MEG_P2_LR_Salient_NoChange_CuedRetrieval_retrieval_patch_orientation_106_retrieval_position_4	2973370	0	1	29988	2	0	29920
LG82ZTE	211	Response	20	2992494	19124	3
LG82ZTE	212	Picture	ITI	3003525	0	1	20992	2	0	20920
LG82ZTE	213	Picture	CueingCross	3024684	0	1	2998	2	0	2920
LG82ZTE	214	Picture	PrepTime	3027849	0	1	2999	2	0	2920
LG82ZTE	215	Picture	1_36_Encoding_Working_Memory_MEG_P2_LR_Salient_DoChange_CuedRetrieval_300_300_399_2000_3000_2150_gabor_patch_orientation_034_099_017_067_target_position_2_4_retrieval_position_2	3031014	0	2	1333	3	0	1250
LG82ZTE	215	Picture	Flicker2	3032347	1333	1	1333	2	1250	1250
LG82ZTE	215	Picture	Flicker3	3033680	2666	1	1333	2	2500	1250
LG82ZTE	216	Picture	Delay	3035180	0	1	19992	2	0	19920
LG82ZTE	217	Picture	1_36_Retrieval_Working_Memory_MEG_P2_LR_Salient_DoChange_CuedRetrieval_retrieval_patch_orientation_149_retrieval_position_2	3055339	0	1	29988	2	0	29920
LG82ZTE	217	Response	20	3065202	9863	4
LG82ZTE	218	Picture	ITI	3085494	0	1	21492	2	0	21420
LG82ZTE	219	Picture	CueingCross	3107152	0	2	2999	3	0	2920
LG82ZTE	220	Picture	PrepTime	3110318	0	1	2999	2	0	2920
LG82ZTE	221	Picture	1_37_Encoding_Working_Memory_MEG_P2_LR_Salient_NoChange_CuedRetrieval_300_300_399_2250_3000_2350_gabor_patch_orientation_117_030_091_057_target_position_1_2_retrieval_position_2	3113483	0	1	1333	2	0	1250
LG82ZTE	221	Picture	Flicker2	3114816	1333	1	1333	2	1250	1250
LG82ZTE	221	Picture	Flicker3	3116149	2666	1	1333	2	2500	1250
LG82ZTE	222	Picture	Delay	3117648	0	2	22492	3	0	22420
LG82ZTE	223	Picture	1_37_Retrieval_Working_Memory_MEG_P2_LR_Salient_NoChange_CuedRetrieval_retrieval_patch_orientation_030_retrieval_position_2	3140306	0	2	29989	3	0	29920
LG82ZTE	223	Response	10	3149511	9205	3
LG82ZTE	224	Picture	ITI	3170462	0	1	23491	2	0	23420
LG82ZTE	225	Picture	CueingCross	3194119	0	2	2999	3	0	2920
LG82ZTE	226	Picture	PrepTime	3197285	0	1	2999	2	0	2920
LG82ZTE	227	Picture	1_38_Encoding_Working_Memory_MEG_P2_LR_Salient_NoChange_UncuedRetriev_300_300_399_2200_3000_2600_gabor_patch_orientation_024_148_003_075_target_position_3_4_retrieval_position_1	3200450	0	1	1333	2	0	1250
LG82ZTE	227	Picture	Flicker2	3201783	1333	1	1333	2	1250	1250
LG82ZTE	227	Picture	Flicker3	3203116	2666	1	1333	2	2500	1250
LG82ZTE	228	Picture	Delay	3204615	0	2	21992	3	0	21920
LG82ZTE	229	Picture	1_38_Retrieval_Working_Memory_MEG_P2_LR_Salient_NoChange_UncuedRetriev_retrieval_patch_orientation_024_retrieval_position_1	3226774	0	1	29988	2	0	29920
LG82ZTE	229	Response	20	3237959	11185	3
LG82ZTE	230	Picture	ITI	3256929	0	1	25990	2	0	25920
LG82ZTE	231	Picture	CueingCross	3283086	0	1	2998	3	0	2920
LG82ZTE	232	Picture	PrepTime	3286251	0	2	2999	3	0	2920
LG82ZTE	233	Picture	1_39_Encoding_Working_Memory_MEG_P2_LR_Salient_NoChange_CuedRetrieval_300_300_399_2100_3000_2200_gabor_patch_orientation_112_145_160_070_target_position_2_3_retrieval_position_2	3289417	0	1	1332	2	0	1250
LG82ZTE	233	Picture	Flicker2	3290749	1332	1	1333	2	1250	1250
LG82ZTE	233	Picture	Flicker3	3292082	2665	1	1333	2	2500	1250
LG82ZTE	234	Picture	Delay	3293582	0	1	20992	2	0	20920
LG82ZTE	235	Picture	1_39_Retrieval_Working_Memory_MEG_P2_LR_Salient_NoChange_CuedRetrieval_retrieval_patch_orientation_145_retrieval_position_2	3314740	0	1	29989	2	0	29920
LG82ZTE	235	Response	10	3323667	8927	4
LG82ZTE	236	Picture	ITI	3344895	0	2	21992	3	0	21920
LG82ZTE	237	Picture	CueingCross	3367054	0	1	2999	2	0	2920
LG82ZTE	238	Picture	PrepTime	3370219	0	1	2999	2	0	2920
LG82ZTE	239	Picture	1_40_Encoding_Working_Memory_MEG_P2_LR_Salient_DoChange_CuedRetrieval_300_300_399_1800_3000_2350_gabor_patch_orientation_171_037_001_142_target_position_1_2_retrieval_position_2	3373385	0	1	1333	2	0	1250
LG82ZTE	239	Picture	Flicker2	3374718	1333	1	1332	2	1250	1250
LG82ZTE	239	Picture	Flicker3	3376050	2665	1	1332	3	2500	1250
LG82ZTE	240	Picture	Delay	3377550	0	1	17993	2	0	17920
LG82ZTE	241	Picture	1_40_Retrieval_Working_Memory_MEG_P2_LR_Salient_DoChange_CuedRetrieval_retrieval_patch_orientation_087_retrieval_position_2	3395710	0	1	29988	2	0	29920
LG82ZTE	241	Response	20	3404825	9115	4
LG82ZTE	242	Picture	ITI	3425865	0	1	23491	2	0	23420
LG82ZTE	243	Picture	CueingCross	3449522	0	2	2999	3	0	2920
LG82ZTE	244	Picture	PrepTime	3452688	0	1	2999	2	0	2920
LG82ZTE	245	Picture	1_41_Encoding_Working_Memory_MEG_P2_LR_Salient_DoChange_CuedRetrieval_300_300_399_2200_3000_2250_gabor_patch_orientation_174_065_024_007_target_position_1_2_retrieval_position_2	3455853	0	2	1333	3	0	1250
LG82ZTE	245	Picture	Flicker2	3457186	1333	1	1333	2	1250	1250
LG82ZTE	245	Picture	Flicker3	3458519	2666	1	1333	2	2500	1250
LG82ZTE	246	Picture	Delay	3460019	0	1	21991	2	0	21920
LG82ZTE	247	Picture	1_41_Retrieval_Working_Memory_MEG_P2_LR_Salient_DoChange_CuedRetrieval_retrieval_patch_orientation_113_retrieval_position_2	3482177	0	1	29988	3	0	29920
LG82ZTE	247	Response	20	3499893	17716	4
LG82ZTE	248	Picture	ITI	3512332	0	1	22492	2	0	22420
LG82ZTE	249	Picture	CueingCross	3534990	0	1	2999	2	0	2920
LG82ZTE	250	Picture	PrepTime	3538156	0	1	2998	3	0	2920
LG82ZTE	251	Picture	1_42_Encoding_Working_Memory_MEG_P2_LR_Salient_NoChange_UncuedRetriev_300_300_399_1850_3000_2450_gabor_patch_orientation_028_140_072_118_target_position_3_4_retrieval_position_2	3541321	0	1	1333	2	0	1250
LG82ZTE	251	Picture	Flicker2	3542654	1333	1	1333	2	1250	1250
LG82ZTE	251	Picture	Flicker3	3543987	2666	1	1332	3	2500	1250
LG82ZTE	252	Picture	Delay	3545486	0	1	18493	2	0	18420
LG82ZTE	253	Picture	1_42_Retrieval_Working_Memory_MEG_P2_LR_Salient_NoChange_UncuedRetriev_retrieval_patch_orientation_140_retrieval_position_2	3564146	0	1	29988	2	0	29920
LG82ZTE	253	Response	10	3578802	14656	3
LG82ZTE	254	Picture	ITI	3594301	0	1	24491	2	0	24420
LG82ZTE	255	Picture	CueingCross	3618958	0	2	2999	3	0	2920
LG82ZTE	256	Picture	PrepTime	3622124	0	1	2999	2	0	2920
LG82ZTE	257	Picture	1_43_Encoding_Working_Memory_MEG_P2_LR_Salient_DoChange_CuedRetrieval_300_300_399_1800_3000_2550_gabor_patch_orientation_156_136_048_023_target_position_1_2_retrieval_position_1	3625289	0	1	1333	2	0	1250
LG82ZTE	257	Picture	Flicker2	3626622	1333	1	1333	2	1250	1250
LG82ZTE	257	Picture	Flicker3	3627955	2666	1	1333	2	2500	1250
LG82ZTE	258	Picture	Delay	3629454	0	2	17993	4	0	17920
LG82ZTE	259	Picture	1_43_Retrieval_Working_Memory_MEG_P2_LR_Salient_DoChange_CuedRetrieval_retrieval_patch_orientation_109_retrieval_position_1	3647614	0	1	29989	2	0	29920
LG82ZTE	259	Response	20	3666440	18826	3
LG82ZTE	260	Picture	ITI	3677769	0	2	25491	3	0	25420
LG82ZTE	261	Picture	CueingCross	3703426	0	2	2999	3	0	2920
LG82ZTE	262	Picture	PrepTime	3706592	0	1	2999	2	0	2920
LG82ZTE	263	Picture	1_44_Encoding_Working_Memory_MEG_P2_LR_Salient_NoChange_CuedRetrieval_300_300_399_2100_3000_2250_gabor_patch_orientation_052_017_178_106_target_position_1_3_retrieval_position_3	3709757	0	1	1333	2	0	1250
LG82ZTE	263	Picture	Flicker2	3711090	1333	1	1333	2	1250	1250
LG82ZTE	263	Picture	Flicker3	3712423	2666	1	1333	2	2500	1250
LG82ZTE	264	Picture	Delay	3713922	0	2	20992	3	0	20920
LG82ZTE	265	Picture	1_44_Retrieval_Working_Memory_MEG_P2_LR_Salient_NoChange_CuedRetrieval_retrieval_patch_orientation_178_retrieval_position_3	3735081	0	1	29989	2	0	29920
LG82ZTE	265	Response	10	3746738	11657	4
LG82ZTE	266	Picture	ITI	3765236	0	1	22492	2	0	22420
LG82ZTE	267	Picture	CueingCross	3787894	0	2	2999	3	0	2920
LG82ZTE	268	Picture	PrepTime	3791060	0	1	2999	2	0	2920
LG82ZTE	269	Picture	1_45_Encoding_Working_Memory_MEG_P2_LR_Salient_NoChange_CuedRetrieval_300_300_399_2200_3000_2300_gabor_patch_orientation_090_137_172_008_target_position_1_4_retrieval_position_4	3794225	0	1	1333	2	0	1250
LG82ZTE	269	Picture	Flicker2	3795558	1333	1	1333	2	1250	1250
LG82ZTE	269	Picture	Flicker3	3796891	2666	1	1333	2	2500	1250
LG82ZTE	270	Picture	Delay	3798390	0	2	21992	3	0	21920
LG82ZTE	271	Picture	1_45_Retrieval_Working_Memory_MEG_P2_LR_Salient_NoChange_CuedRetrieval_retrieval_patch_orientation_008_retrieval_position_4	3820549	0	1	29988	2	0	29920
LG82ZTE	271	Response	10	3827987	7438	3
LG82ZTE	272	Picture	ITI	3850704	0	1	22991	2	0	22920
LG82ZTE	273	Picture	CueingCross	3873862	0	1	2998	3	0	2920
LG82ZTE	274	Picture	PrepTime	3877027	0	1	2999	2	0	2920
LG82ZTE	275	Picture	1_46_Encoding_Working_Memory_MEG_P2_LR_Salient_NoChange_CuedRetrieval_300_300_399_2100_3000_2250_gabor_patch_orientation_112_151_095_179_target_position_2_3_retrieval_position_3	3880193	0	1	1332	3	0	1250
LG82ZTE	275	Picture	Flicker2	3881525	1332	2	1333	3	1250	1250
LG82ZTE	275	Picture	Flicker3	3882858	2665	1	1333	2	2500	1250
LG82ZTE	276	Picture	Delay	3884358	0	1	20992	2	0	20920
LG82ZTE	277	Picture	1_46_Retrieval_Working_Memory_MEG_P2_LR_Salient_NoChange_CuedRetrieval_retrieval_patch_orientation_095_retrieval_position_3	3905516	0	2	29989	3	0	29920
LG82ZTE	277	Response	10	3917375	11859	3
LG82ZTE	278	Picture	ITI	3935671	0	2	22492	3	0	22420
LG82ZTE	279	Picture	CueingCross	3958330	0	1	2999	2	0	2920
LG82ZTE	280	Picture	PrepTime	3961495	0	1	2999	2	0	2920
LG82ZTE	281	Picture	1_47_Encoding_Working_Memory_MEG_P2_LR_Salient_DoChange_UncuedRetriev_300_300_399_1950_3000_2500_gabor_patch_orientation_022_104_084_046_target_position_1_3_retrieval_position_2	3964661	0	1	1332	2	0	1250
LG82ZTE	281	Picture	Flicker2	3965993	1332	1	1333	2	1250	1250
LG82ZTE	281	Picture	Flicker3	3967326	2665	1	1333	2	2500	1250
LG82ZTE	282	Picture	Delay	3968826	0	1	19492	2	0	19420
LG82ZTE	283	Picture	1_47_Retrieval_Working_Memory_MEG_P2_LR_Salient_DoChange_UncuedRetriev_retrieval_patch_orientation_154_retrieval_position_2	3988485	0	1	29988	3	0	29920
LG82ZTE	283	Response	20	3997973	9488	4
LG82ZTE	284	Picture	ITI	4018640	0	1	24991	2	0	24920
LG82ZTE	285	Picture	CueingCross	4043797	0	1	2999	2	0	2920
LG82ZTE	286	Picture	PrepTime	4046963	0	1	2999	2	0	2920
LG82ZTE	287	Picture	1_48_Encoding_Working_Memory_MEG_P2_LR_Salient_DoChange_CuedRetrieval_300_300_399_2050_3000_2400_gabor_patch_orientation_123_068_041_011_target_position_3_4_retrieval_position_3	4050128	0	1	1333	2	0	1250
LG82ZTE	287	Picture	Flicker2	4051461	1333	1	1333	2	1250	1250
LG82ZTE	287	Picture	Flicker3	4052794	2666	1	1333	2	2500	1250
LG82ZTE	288	Picture	Delay	4054293	0	1	20492	3	0	20420
LG82ZTE	289	Picture	1_48_Retrieval_Working_Memory_MEG_P2_LR_Salient_DoChange_CuedRetrieval_retrieval_patch_orientation_087_retrieval_position_3	4074952	0	1	29989	2	0	29920
LG82ZTE	289	Response	20	4086681	11729	4
LG82ZTE	290	Picture	ITI	4105107	0	2	23991	3	0	23920
LG82ZTE	291	Picture	CueingCross	4129265	0	1	2999	2	0	2920
LG82ZTE	292	Picture	PrepTime	4132430	0	2	2999	3	0	2920
LG82ZTE	293	Picture	1_49_Encoding_Working_Memory_MEG_P2_LR_Salient_NoChange_UncuedRetriev_300_300_399_2000_3000_2150_gabor_patch_orientation_084_005_171_064_target_position_1_3_retrieval_position_4	4135596	0	1	1333	2	0	1250
LG82ZTE	293	Picture	Flicker2	4136929	1333	1	1332	3	1250	1250
LG82ZTE	293	Picture	Flicker3	4138261	2665	2	1333	3	2500	1250
LG82ZTE	294	Picture	Delay	4139761	0	1	19992	2	0	19920
LG82ZTE	295	Picture	1_49_Retrieval_Working_Memory_MEG_P2_LR_Salient_NoChange_UncuedRetriev_retrieval_patch_orientation_064_retrieval_position_4	4159920	0	1	29989	2	0	29920
LG82ZTE	295	Response	10	4171059	11139	4
LG82ZTE	296	Picture	ITI	4190075	0	1	21492	2	0	21420
LG82ZTE	297	Picture	CueingCross	4211734	0	1	2998	3	0	2920
LG82ZTE	298	Picture	PrepTime	4214899	0	1	2999	2	0	2920
LG82ZTE	299	Picture	1_50_Encoding_Working_Memory_MEG_P2_LR_Salient_NoChange_CuedRetrieval_300_300_399_1850_3000_1950_gabor_patch_orientation_025_135_172_049_target_position_2_4_retrieval_position_4	4218065	0	1	1332	2	0	1250
LG82ZTE	299	Picture	Flicker2	4219397	1332	1	1333	2	1250	1250
LG82ZTE	299	Picture	Flicker3	4220730	2665	1	1333	2	2500	1250
LG82ZTE	300	Picture	Delay	4222230	0	1	18493	2	0	18420
LG82ZTE	301	Picture	1_50_Retrieval_Working_Memory_MEG_P2_LR_Salient_NoChange_CuedRetrieval_retrieval_patch_orientation_049_retrieval_position_4	4240889	0	1	29989	2	0	29920
LG82ZTE	301	Response	10	4250698	9809	3
LG82ZTE	302	Picture	ITI	4271044	0	2	19493	3	0	19420
LG82ZTE	303	Picture	CueingCross	4290704	0	1	2998	3	0	2920
LG82ZTE	304	Picture	PrepTime	4293869	0	1	2999	2	0	2920
LG82ZTE	305	Picture	1_51_Encoding_Working_Memory_MEG_P2_LR_Salient_DoChange_CuedRetrieval_300_300_399_1750_3000_2550_gabor_patch_orientation_073_147_042_017_target_position_2_4_retrieval_position_2	4297035	0	1	1332	2	0	1250
LG82ZTE	305	Picture	Flicker2	4298367	1332	1	1333	2	1250	1250
LG82ZTE	305	Picture	Flicker3	4299700	2665	1	1333	2	2500	1250
LG82ZTE	306	Picture	Delay	4301200	0	1	17493	2	0	17420
LG82ZTE	307	Picture	1_51_Retrieval_Working_Memory_MEG_P2_LR_Salient_DoChange_CuedRetrieval_retrieval_patch_orientation_101_retrieval_position_2	4318860	0	1	29988	2	0	29920
LG82ZTE	307	Response	10	4329816	10956	4
LG82ZTE	308	Picture	ITI	4349015	0	1	25490	2	0	25420
LG82ZTE	309	Picture	CueingCross	4374672	0	1	2999	2	0	2920
LG82ZTE	310	Picture	PrepTime	4377837	0	2	2999	3	0	2920
LG82ZTE	311	Picture	1_52_Encoding_Working_Memory_MEG_P2_LR_Salient_NoChange_CuedRetrieval_300_300_399_2050_3000_2450_gabor_patch_orientation_004_131_070_109_target_position_1_4_retrieval_position_1	4381003	0	2	1333	3	0	1250
LG82ZTE	311	Picture	Flicker2	4382336	1333	1	1332	2	1250	1250
LG82ZTE	311	Picture	Flicker3	4383668	2665	1	1333	2	2500	1250
LG82ZTE	312	Picture	Delay	4385168	0	1	20492	2	0	20420
LG82ZTE	313	Picture	1_52_Retrieval_Working_Memory_MEG_P2_LR_Salient_NoChange_CuedRetrieval_retrieval_patch_orientation_004_retrieval_position_1	4405827	0	1	29988	2	0	29920
LG82ZTE	313	Response	20	4419114	13287	4
LG82ZTE	314	Picture	ITI	4435982	0	1	24491	2	0	24420
LG82ZTE	315	Picture	CueingCross	4460639	0	1	2999	2	0	2920
LG82ZTE	316	Picture	PrepTime	4463805	0	1	2999	2	0	2920
LG82ZTE	317	Picture	1_53_Encoding_Working_Memory_MEG_P2_LR_Salient_NoChange_CuedRetrieval_300_300_399_2000_3000_2200_gabor_patch_orientation_038_119_063_097_target_position_2_4_retrieval_position_4	4466970	0	1	1333	2	0	1250
LG82ZTE	317	Picture	Flicker2	4468303	1333	1	1333	2	1250	1250
LG82ZTE	317	Picture	Flicker3	4469636	2666	1	1332	3	2500	1250
LG82ZTE	318	Picture	Delay	4471135	0	1	19993	2	0	19920
LG82ZTE	319	Picture	1_53_Retrieval_Working_Memory_MEG_P2_LR_Salient_NoChange_CuedRetrieval_retrieval_patch_orientation_097_retrieval_position_4	4491294	0	2	29989	3	0	29920
LG82ZTE	319	Response	10	4503832	12538	4
LG82ZTE	320	Picture	ITI	4521449	0	2	21992	3	0	21920
LG82ZTE	321	Picture	CueingCross	4543608	0	1	2999	2	0	2920
LG82ZTE	322	Picture	PrepTime	4546773	0	1	2999	2	0	2920
LG82ZTE	323	Picture	1_54_Encoding_Working_Memory_MEG_P2_LR_Salient_NoChange_CuedRetrieval_300_300_399_1800_3000_2000_gabor_patch_orientation_065_007_154_135_target_position_1_3_retrieval_position_1	4549939	0	1	1333	2	0	1250
LG82ZTE	323	Picture	Flicker2	4551272	1333	1	1332	2	1250	1250
LG82ZTE	323	Picture	Flicker3	4552604	2665	1	1333	2	2500	1250
LG82ZTE	324	Picture	Delay	4554104	0	1	17993	2	0	17920
LG82ZTE	325	Picture	1_54_Retrieval_Working_Memory_MEG_P2_LR_Salient_NoChange_CuedRetrieval_retrieval_patch_orientation_065_retrieval_position_1	4572264	0	1	29988	2	0	29920
LG82ZTE	325	Response	10	4592281	20017	4
LG82ZTE	326	Picture	ITI	4602419	0	1	19992	2	0	19920
LG82ZTE	327	Picture	CueingCross	4622578	0	1	2999	2	0	2920
LG82ZTE	328	Picture	PrepTime	4625743	0	2	2999	3	0	2920
LG82ZTE	329	Picture	1_55_Encoding_Working_Memory_MEG_P2_LR_Salient_DoChange_UncuedRetriev_300_300_399_2200_3000_1950_gabor_patch_orientation_042_150_166_023_target_position_1_4_retrieval_position_2	4628909	0	1	1333	2	0	1250
LG82ZTE	329	Picture	Flicker2	4630242	1333	1	1332	3	1250	1250
LG82ZTE	329	Picture	Flicker3	4631574	2665	2	1333	3	2500	1250
LG82ZTE	330	Picture	Delay	4633074	0	1	21992	2	0	21920
LG82ZTE	331	Picture	1_55_Retrieval_Working_Memory_MEG_P2_LR_Salient_DoChange_UncuedRetriev_retrieval_patch_orientation_101_retrieval_position_2	4655232	0	1	29989	2	0	29920
LG82ZTE	331	Response	20	4665119	9887	4
LG82ZTE	332	Picture	ITI	4685387	0	2	19493	3	0	19420
LG82ZTE	333	Picture	CueingCross	4705047	0	1	2998	3	0	2920
LG82ZTE	334	Picture	PrepTime	4708212	0	1	2999	2	0	2920
LG82ZTE	335	Picture	1_56_Encoding_Working_Memory_MEG_P2_LR_Salient_NoChange_CuedRetrieval_300_300_399_1800_3000_2150_gabor_patch_orientation_098_030_155_173_target_position_1_4_retrieval_position_1	4711377	0	2	1333	3	0	1250
LG82ZTE	335	Picture	Flicker2	4712710	1333	1	1333	2	1250	1250
LG82ZTE	335	Picture	Flicker3	4714043	2666	1	1333	2	2500	1250
LG82ZTE	336	Picture	Delay	4715543	0	1	17993	2	0	17920
LG82ZTE	337	Picture	1_56_Retrieval_Working_Memory_MEG_P2_LR_Salient_NoChange_CuedRetrieval_retrieval_patch_orientation_098_retrieval_position_1	4733702	0	2	29989	3	0	29920
LG82ZTE	337	Response	10	4744827	11125	4
LG82ZTE	338	Picture	ITI	4763858	0	1	21491	3	0	21420
LG82ZTE	339	Picture	CueingCross	4785516	0	1	2999	2	0	2920
LG82ZTE	340	Picture	PrepTime	4788681	0	2	2999	3	0	2920
LG82ZTE	341	Picture	1_57_Encoding_Working_Memory_MEG_P2_LR_Salient_NoChange_CuedRetrieval_300_300_399_1750_3000_2050_gabor_patch_orientation_015_071_176_031_target_position_1_2_retrieval_position_1	4791847	0	1	1333	2	0	1250
LG82ZTE	341	Picture	Flicker2	4793180	1333	1	1333	2	1250	1250
LG82ZTE	341	Picture	Flicker3	4794513	2666	1	1332	3	2500	1250
LG82ZTE	342	Picture	Delay	4796012	0	1	17493	3	0	17420
LG82ZTE	343	Picture	1_57_Retrieval_Working_Memory_MEG_P2_LR_Salient_NoChange_CuedRetrieval_retrieval_patch_orientation_015_retrieval_position_1	4813672	0	1	29989	2	0	29920
LG82ZTE	343	Response	10	4834156	20484	3
LG82ZTE	344	Picture	ITI	4843827	0	2	20492	4	0	20420
LG82ZTE	345	Picture	CueingCross	4864486	0	1	2999	2	0	2920
LG82ZTE	346	Picture	PrepTime	4867652	0	1	2998	3	0	2920
LG82ZTE	347	Picture	1_58_Encoding_Working_Memory_MEG_P2_LR_Salient_DoChange_CuedRetrieval_300_300_399_1750_3000_2400_gabor_patch_orientation_172_055_098_012_target_position_2_3_retrieval_position_3	4870817	0	1	1333	2	0	1250
LG82ZTE	347	Picture	Flicker2	4872150	1333	1	1333	2	1250	1250
LG82ZTE	347	Picture	Flicker3	4873483	2666	1	1333	2	2500	1250
LG82ZTE	348	Picture	Delay	4874982	0	1	17493	3	0	17420
LG82ZTE	349	Picture	1_58_Retrieval_Working_Memory_MEG_P2_LR_Salient_DoChange_CuedRetrieval_retrieval_patch_orientation_145_retrieval_position_3	4892642	0	1	29989	2	0	29920
LG82ZTE	349	Response	20	4908444	15802	4
LG82ZTE	350	Picture	ITI	4922797	0	2	23991	3	0	23920
LG82ZTE	351	Picture	CueingCross	4946955	0	1	2999	2	0	2920
LG82ZTE	352	Picture	PrepTime	4950120	0	2	2999	3	0	2920
LG82ZTE	353	Picture	1_59_Encoding_Working_Memory_MEG_P2_LR_Salient_DoChange_CuedRetrieval_300_300_399_1750_3000_1900_gabor_patch_orientation_003_117_165_085_target_position_2_4_retrieval_position_4	4953286	0	1	1333	2	0	1250
LG82ZTE	353	Picture	Flicker2	4954619	1333	1	1332	3	1250	1250
LG82ZTE	353	Picture	Flicker3	4955951	2665	2	1333	3	2500	1250
LG82ZTE	354	Picture	Delay	4957451	0	1	17493	2	0	17420
LG82ZTE	355	Picture	1_59_Retrieval_Working_Memory_MEG_P2_LR_Salient_DoChange_CuedRetrieval_retrieval_patch_orientation_040_retrieval_position_4	4975111	0	1	29988	3	0	29920
LG82ZTE	355	Response	10	4984133	9022	3
LG82ZTE	356	Picture	ITI	5005266	0	1	18993	2	0	18920
LG82ZTE	357	Picture	CueingCross	5024425	0	2	2999	3	0	2920
LG82ZTE	358	Picture	PrepTime	5027591	0	1	2999	2	0	2920
LG82ZTE	359	Picture	1_60_Encoding_Working_Memory_MEG_P2_LR_Salient_DoChange_UncuedRetriev_300_300_399_2250_3000_2100_gabor_patch_orientation_085_018_127_157_target_position_1_2_retrieval_position_4	5030756	0	2	1333	3	0	1250
LG82ZTE	359	Picture	Flicker2	5032089	1333	1	1333	2	1250	1250
LG82ZTE	359	Picture	Flicker3	5033422	2666	1	1333	2	2500	1250
LG82ZTE	360	Picture	Delay	5034921	0	2	22492	3	0	22420
LG82ZTE	361	Picture	1_60_Retrieval_Working_Memory_MEG_P2_LR_Salient_DoChange_UncuedRetriev_retrieval_patch_orientation_107_retrieval_position_4	5057580	0	1	29988	2	0	29920
LG82ZTE	361	Response	20	5066651	9071	3
LG82ZTE	362	Picture	ITI	5087735	0	1	20992	2	0	20920
LG82ZTE	363	Picture	CueingCross	5108893	0	2	2999	3	0	2920
LG82ZTE	364	Picture	PrepTime	5112059	0	1	2999	2	0	2920
LG82ZTE	365	Picture	1_61_Encoding_Working_Memory_MEG_P2_LR_Salient_DoChange_CuedRetrieval_300_300_399_1900_3000_2300_gabor_patch_orientation_090_159_032_047_target_position_1_2_retrieval_position_2	5115224	0	2	1333	3	0	1250
LG82ZTE	365	Picture	Flicker2	5116557	1333	1	1333	2	1250	1250
LG82ZTE	365	Picture	Flicker3	5117890	2666	1	1333	2	2500	1250
LG82ZTE	366	Picture	Delay	5119389	0	2	18993	3	0	18920
LG82ZTE	367	Picture	1_61_Retrieval_Working_Memory_MEG_P2_LR_Salient_DoChange_CuedRetrieval_retrieval_patch_orientation_110_retrieval_position_2	5138549	0	1	29988	3	0	29920
LG82ZTE	367	Response	10	5149499	10950	4
LG82ZTE	368	Picture	ITI	5168704	0	1	22991	2	0	22920
LG82ZTE	369	Picture	CueingCross	5191862	0	1	2999	2	0	2920
LG82ZTE	370	Picture	PrepTime	5195027	0	2	2999	3	0	2920
LG82ZTE	371	Picture	1_62_Encoding_Working_Memory_MEG_P2_LR_Salient_NoChange_CuedRetrieval_300_300_399_2050_3000_2450_gabor_patch_orientation_020_169_125_054_target_position_1_4_retrieval_position_4	5198193	0	1	1333	2	0	1250
LG82ZTE	371	Picture	Flicker2	5199526	1333	1	1333	2	1250	1250
LG82ZTE	371	Picture	Flicker3	5200859	2666	1	1332	2	2500	1250
LG82ZTE	372	Picture	Delay	5202358	0	1	20492	2	0	20420
LG82ZTE	373	Picture	1_62_Retrieval_Working_Memory_MEG_P2_LR_Salient_NoChange_CuedRetrieval_retrieval_patch_orientation_054_retrieval_position_4	5223017	0	1	29988	3	0	29920
LG82ZTE	373	Response	10	5232397	9380	4
LG82ZTE	374	Picture	ITI	5253172	0	1	24491	2	0	24420
LG82ZTE	375	Picture	CueingCross	5277829	0	2	2999	3	0	2920
LG82ZTE	376	Picture	PrepTime	5280995	0	1	2999	2	0	2920
LG82ZTE	377	Picture	1_63_Encoding_Working_Memory_MEG_P2_LR_Salient_NoChange_CuedRetrieval_300_300_399_1950_3000_2350_gabor_patch_orientation_132_108_048_023_target_position_1_3_retrieval_position_3	5284160	0	2	1333	3	0	1250
LG82ZTE	377	Picture	Flicker2	5285493	1333	1	1333	2	1250	1250
LG82ZTE	377	Picture	Flicker3	5286826	2666	1	1333	2	2500	1250
LG82ZTE	378	Picture	Delay	5288325	0	2	19493	3	0	19420
LG82ZTE	379	Picture	1_63_Retrieval_Working_Memory_MEG_P2_LR_Salient_NoChange_CuedRetrieval_retrieval_patch_orientation_048_retrieval_position_3	5307985	0	1	29988	2	0	29920
LG82ZTE	379	Response	10	5317346	9361	3
LG82ZTE	380	Picture	ITI	5338140	0	1	23491	2	0	23420
LG82ZTE	381	Picture	CueingCross	5361797	0	2	2999	4	0	2920
LG82ZTE	382	Picture	PrepTime	5364963	0	1	2999	2	0	2920
LG82ZTE	383	Picture	1_64_Encoding_Working_Memory_MEG_P2_LR_Salient_NoChange_CuedRetrieval_300_300_399_1900_3000_2350_gabor_patch_orientation_002_128_088_062_target_position_2_3_retrieval_position_3	5368128	0	2	1333	3	0	1250
LG82ZTE	383	Picture	Flicker2	5369461	1333	1	1333	2	1250	1250
LG82ZTE	383	Picture	Flicker3	5370794	2666	1	1333	2	2500	1250
LG82ZTE	384	Picture	Delay	5372294	0	1	18992	2	0	18920
LG82ZTE	385	Picture	1_64_Retrieval_Working_Memory_MEG_P2_LR_Salient_NoChange_CuedRetrieval_retrieval_patch_orientation_088_retrieval_position_3	5391453	0	1	29989	2	0	29920
LG82ZTE	385	Response	10	5402544	11091	3
LG82ZTE	386	Picture	ITI	5421608	0	1	23491	2	0	23420
LG82ZTE	387	Picture	CueingCross	5445266	0	1	2999	2	0	2920
LG82ZTE	388	Picture	PrepTime	5448431	0	2	2999	3	0	2920
LG82ZTE	389	Picture	1_65_Encoding_Working_Memory_MEG_P2_LR_Salient_NoChange_UncuedRetriev_300_300_399_1750_3000_2450_gabor_patch_orientation_160_178_107_092_target_position_1_4_retrieval_position_2	5451597	0	1	1333	2	0	1250
LG82ZTE	389	Picture	Flicker2	5452930	1333	1	1332	3	1250	1250
LG82ZTE	389	Picture	Flicker3	5454262	2665	2	1333	3	2500	1250
LG82ZTE	390	Picture	Delay	5455762	0	1	17493	2	0	17420
LG82ZTE	391	Picture	1_65_Retrieval_Working_Memory_MEG_P2_LR_Salient_NoChange_UncuedRetriev_retrieval_patch_orientation_178_retrieval_position_2	5473422	0	1	29988	3	0	29920
LG82ZTE	391	Response	20	5485342	11920	4
LG82ZTE	392	Picture	ITI	5503577	0	1	24491	2	0	24420
LG82ZTE	393	Picture	CueingCross	5528234	0	2	2999	3	0	2920
LG82ZTE	394	Picture	PrepTime	5531400	0	1	2999	2	0	2920
LG82ZTE	395	Picture	1_66_Encoding_Working_Memory_MEG_P2_LR_Salient_DoChange_CuedRetrieval_300_300_399_1750_3000_2000_gabor_patch_orientation_161_123_043_002_target_position_2_3_retrieval_position_2	5534565	0	2	1333	3	0	1250
LG82ZTE	395	Picture	Flicker2	5535898	1333	1	1333	2	1250	1250
LG82ZTE	395	Picture	Flicker3	5537231	2666	1	1333	2	2500	1250
LG82ZTE	396	Picture	Delay	5538730	0	2	17494	3	0	17420
LG82ZTE	397	Picture	1_66_Retrieval_Working_Memory_MEG_P2_LR_Salient_DoChange_CuedRetrieval_retrieval_patch_orientation_077_retrieval_position_2	5556390	0	2	29989	4	0	29920
LG82ZTE	397	Response	20	5566960	10570	4
LG82ZTE	398	Picture	ITI	5586546	0	1	19992	2	0	19920
LG82ZTE	399	Picture	CueingCross	5606705	0	1	2999	2	0	2920
LG82ZTE	400	Picture	PrepTime	5609870	0	1	2999	2	0	2920
LG82ZTE	401	Picture	1_67_Encoding_Working_Memory_MEG_P2_LR_Salient_DoChange_CuedRetrieval_300_300_399_1950_3000_2550_gabor_patch_orientation_103_160_175_139_target_position_1_4_retrieval_position_1	5613036	0	1	1332	3	0	1250
LG82ZTE	401	Picture	Flicker2	5614368	1332	2	1333	3	1250	1250
LG82ZTE	401	Picture	Flicker3	5615701	2665	1	1333	2	2500	1250
LG82ZTE	402	Picture	Delay	5617201	0	1	19492	2	0	19420
LG82ZTE	403	Picture	1_67_Retrieval_Working_Memory_MEG_P2_LR_Salient_DoChange_CuedRetrieval_retrieval_patch_orientation_053_retrieval_position_1	5636860	0	1	29989	2	0	29920
LG82ZTE	403	Response	20	5647429	10569	3
LG82ZTE	404	Picture	ITI	5667015	0	1	25490	3	0	25420
LG82ZTE	405	Picture	CueingCross	5692672	0	1	2999	2	0	2920
LG82ZTE	406	Picture	PrepTime	5695838	0	1	2998	3	0	2920
LG82ZTE	407	Picture	1_68_Encoding_Working_Memory_MEG_P2_LR_Salient_DoChange_CuedRetrieval_300_300_399_1850_3000_2300_gabor_patch_orientation_146_040_060_170_target_position_3_4_retrieval_position_3	5699003	0	1	1333	2	0	1250
LG82ZTE	407	Picture	Flicker2	5700336	1333	1	1333	2	1250	1250
LG82ZTE	407	Picture	Flicker3	5701669	2666	1	1332	3	2500	1250
LG82ZTE	408	Picture	Delay	5703168	0	1	18493	2	0	18420
LG82ZTE	409	Picture	1_68_Retrieval_Working_Memory_MEG_P2_LR_Salient_DoChange_CuedRetrieval_retrieval_patch_orientation_106_retrieval_position_3	5721828	0	1	29988	2	0	29920
LG82ZTE	409	Response	20	5731527	9699	3
LG82ZTE	410	Picture	ITI	5751983	0	1	22991	2	0	22920
LG82ZTE	411	Picture	CueingCross	5775141	0	1	2999	2	0	2920
LG82ZTE	412	Picture	PrepTime	5778306	0	2	2999	3	0	2920
LG82ZTE	413	Picture	1_69_Encoding_Working_Memory_MEG_P2_LR_Salient_NoChange_CuedRetrieval_300_300_399_1900_3000_2000_gabor_patch_orientation_100_049_156_081_target_position_1_4_retrieval_position_4	5781472	0	1	1333	2	0	1250
LG82ZTE	413	Picture	Flicker2	5782805	1333	1	1332	2	1250	1250
LG82ZTE	413	Picture	Flicker3	5784137	2665	1	1333	3	2500	1250
LG82ZTE	414	Picture	Delay	5785637	0	1	18993	2	0	18920
LG82ZTE	415	Picture	1_69_Retrieval_Working_Memory_MEG_P2_LR_Salient_NoChange_CuedRetrieval_retrieval_patch_orientation_081_retrieval_position_4	5804796	0	1	29989	2	0	29920
LG82ZTE	415	Response	10	5817405	12609	4
LG82ZTE	416	Picture	ITI	5834951	0	2	19993	3	0	19920
LG82ZTE	417	Picture	CueingCross	5855110	0	2	2999	3	0	2920
LG82ZTE	418	Picture	PrepTime	5858276	0	1	2999	2	0	2920
LG82ZTE	419	Picture	1_70_Encoding_Working_Memory_MEG_P2_LR_Salient_DoChange_UncuedRetriev_300_300_399_1850_3000_1950_gabor_patch_orientation_136_077_047_160_target_position_2_3_retrieval_position_4	5861441	0	2	1333	3	0	1250
LG82ZTE	419	Picture	Flicker2	5862774	1333	1	1333	2	1250	1250
LG82ZTE	419	Picture	Flicker3	5864107	2666	1	1333	2	2500	1250
LG82ZTE	420	Picture	Delay	5865606	0	2	18493	4	0	18420
LG82ZTE	421	Picture	1_70_Retrieval_Working_Memory_MEG_P2_LR_Salient_DoChange_UncuedRetriev_retrieval_patch_orientation_020_retrieval_position_4	5884266	0	1	29989	2	0	29920
LG82ZTE	421	Response	10	5897314	13048	3
LG82ZTE	422	Picture	ITI	5914421	0	2	19493	3	0	19420
LG82ZTE	423	Picture	BaselinePost	5934081	0	1	50147	2	0	50000
