Scenario - ATWM1_Working_Memory_MEG_salient_uncued_run2
Logfile written - 02/16/2016 16:13:34

Subject	Trial	Event Type	Code	Time	TTime	Uncertainty	Duration	Uncertainty	ReqTime	ReqDur

MG36HRX	1	Picture	ExpStart	29	0	1	10030	2	0	10000
MG36HRX	2	Picture	BaselinePre	10226	0	1	100131	2	0	100000
MG36HRX	3	Picture	CueingCross	110524	0	2	3009	3	0	2920
MG36HRX	4	Picture	PrepTime	113700	0	2	3009	4	0	2920
MG36HRX	5	Picture	2_1_Encoding_Working_Memory_MEG_P4_LR_Salient_NoChange_CuedRetrieval_300_300_399_1800_3000_2000_gabor_patch_orientation_078_137_014_047_target_position_1_4_retrieval_position_4	116877	0	1	1337	2	0	1250
MG36HRX	5	Picture	Flicker2	118214	1337	1	1337	2	1250	1250
MG36HRX	5	Picture	Flicker3	119551	2674	1	1337	3	2500	1250
MG36HRX	6	Picture	Delay	121056	0	1	18053	2	0	17920
MG36HRX	7	Picture	2_1_Retrieval_Working_Memory_MEG_P4_LR_Salient_NoChange_CuedRetrieval_retrieval_patch_orientation_047_retrieval_position_4	139276	0	2	30090	3	0	29920
MG36HRX	7	Response	10	153988	14712	3
MG36HRX	8	Picture	ITI	169533	0	1	20060	2	0	19920
MG36HRX	9	Picture	CueingCross	189760	0	1	3009	2	0	2920
MG36HRX	10	Picture	PrepTime	192936	0	1	3009	2	0	2920
MG36HRX	11	Picture	2_2_Encoding_Working_Memory_MEG_P4_LR_Salient_DoChange_CuedRetrieval_300_300_399_1750_3000_2250_gabor_patch_orientation_009_134_080_167_target_position_1_2_retrieval_position_1	196112	0	1	1338	2	0	1250
MG36HRX	11	Picture	Flicker2	197450	1338	1	1337	2	1250	1250
MG36HRX	11	Picture	Flicker3	198787	2675	1	1337	2	2500	1250
MG36HRX	12	Picture	Delay	200291	0	2	17552	4	0	17420
MG36HRX	13	Picture	2_2_Retrieval_Working_Memory_MEG_P4_LR_Salient_DoChange_CuedRetrieval_retrieval_patch_orientation_055_retrieval_position_1	218011	0	1	30089	2	0	29920
MG36HRX	13	Response	20	229437	11426	3
MG36HRX	14	Picture	ITI	248267	0	2	22567	4	0	22420
MG36HRX	15	Picture	CueingCross	271002	0	1	3009	2	0	2920
MG36HRX	16	Picture	PrepTime	274178	0	1	3009	2	0	2920
MG36HRX	17	Picture	2_3_Encoding_Working_Memory_MEG_P4_LR_Salient_DoChange_CuedRetrieval_300_300_399_2050_3000_2300_gabor_patch_orientation_064_142_175_014_target_position_2_4_retrieval_position_2	277354	0	1	1337	2	0	1250
MG36HRX	17	Picture	Flicker2	278691	1337	1	1337	2	1250	1250
MG36HRX	17	Picture	Flicker3	280028	2674	1	1338	2	2500	1250
MG36HRX	18	Picture	Delay	281533	0	1	20561	2	0	20420
MG36HRX	19	Picture	2_3_Retrieval_Working_Memory_MEG_P4_LR_Salient_DoChange_CuedRetrieval_retrieval_patch_orientation_094_retrieval_position_2	302261	0	1	30090	2	0	29920
MG36HRX	19	Response	20	314466	12205	3
MG36HRX	20	Picture	ITI	332518	0	1	23068	2	0	22920
MG36HRX	21	Picture	CueingCross	355754	0	1	3008	3	0	2920
MG36HRX	22	Picture	PrepTime	358930	0	1	3009	2	0	2920
MG36HRX	23	Picture	2_4_Encoding_Working_Memory_MEG_P4_LR_Salient_NoChange_CuedRetrieval_300_300_399_1950_3000_2400_gabor_patch_orientation_094_039_179_117_target_position_2_4_retrieval_position_4	362106	0	1	1337	2	0	1250
MG36HRX	23	Picture	Flicker2	363443	1337	1	1337	2	1250	1250
MG36HRX	23	Picture	Flicker3	364780	2674	1	1338	2	2500	1250
MG36HRX	24	Picture	Delay	366285	0	1	19558	2	0	19420
MG36HRX	25	Picture	2_4_Retrieval_Working_Memory_MEG_P4_LR_Salient_NoChange_CuedRetrieval_retrieval_patch_orientation_117_retrieval_position_4	386010	0	1	30090	2	0	29920
MG36HRX	25	Response	10	411815	25805	3
MG36HRX	26	Picture	ITI	416267	0	1	24071	3	0	23920
MG36HRX	27	Picture	CueingCross	440506	0	1	3008	3	0	2920
MG36HRX	28	Picture	PrepTime	443682	0	1	3009	2	0	2920
MG36HRX	29	Picture	2_5_Encoding_Working_Memory_MEG_P4_LR_Salient_DoChange_CuedRetrieval_300_300_399_1750_3000_2100_gabor_patch_orientation_071_012_120_092_target_position_1_4_retrieval_position_4	446858	0	1	1337	2	0	1250
MG36HRX	29	Picture	Flicker2	448195	1337	1	1337	3	1250	1250
MG36HRX	29	Picture	Flicker3	449532	2674	2	1338	3	2500	1250
MG36HRX	30	Picture	Delay	451037	0	1	17552	2	0	17420
MG36HRX	31	Picture	2_5_Retrieval_Working_Memory_MEG_P4_LR_Salient_DoChange_CuedRetrieval_retrieval_patch_orientation_045_retrieval_position_4	468756	0	2	30090	3	0	29920
MG36HRX	31	Response	20	480354	11598	4
MG36HRX	32	Picture	ITI	499013	0	1	21062	3	0	20920
MG36HRX	33	Picture	CueingCross	520243	0	1	3009	2	0	2920
MG36HRX	34	Picture	PrepTime	523419	0	1	3009	2	0	2920
MG36HRX	35	Picture	2_6_Encoding_Working_Memory_MEG_P4_LR_Salient_NoChange_UncuedRetriev_300_300_399_1850_3000_2450_gabor_patch_orientation_034_140_167_081_target_position_2_4_retrieval_position_3	526595	0	1	1337	2	0	1250
MG36HRX	35	Picture	Flicker2	527932	1337	1	1337	3	1250	1250
MG36HRX	35	Picture	Flicker3	529269	2674	2	1338	3	2500	1250
MG36HRX	36	Picture	Delay	530774	0	1	18555	2	0	18420
MG36HRX	37	Picture	2_6_Retrieval_Working_Memory_MEG_P4_LR_Salient_NoChange_UncuedRetriev_retrieval_patch_orientation_167_retrieval_position_3	549496	0	2	30090	3	0	29920
MG36HRX	37	Response	10	568123	18627	4
MG36HRX	38	Picture	ITI	579753	0	1	24573	2	0	24420
MG36HRX	39	Picture	CueingCross	604493	0	1	3009	2	0	2920
MG36HRX	40	Picture	PrepTime	607669	0	2	3009	3	0	2920
MG36HRX	41	Picture	2_7_Encoding_Working_Memory_MEG_P4_LR_Salient_NoChange_CuedRetrieval_300_300_399_2150_3000_2050_gabor_patch_orientation_078_018_058_148_target_position_1_3_retrieval_position_3	610845	0	2	1338	3	0	1250
MG36HRX	41	Picture	Flicker2	612183	1338	1	1337	2	1250	1250
MG36HRX	41	Picture	Flicker3	613520	2675	1	1337	2	2500	1250
MG36HRX	42	Picture	Delay	615024	0	2	21565	3	0	21420
MG36HRX	43	Picture	2_7_Retrieval_Working_Memory_MEG_P4_LR_Salient_NoChange_CuedRetrieval_retrieval_patch_orientation_058_retrieval_position_3	636756	0	1	30089	2	0	29920
MG36HRX	43	Response	10	648312	11556	4
MG36HRX	44	Picture	ITI	667012	0	2	20562	3	0	20420
MG36HRX	45	Picture	CueingCross	687741	0	1	3009	2	0	2920
MG36HRX	46	Picture	PrepTime	690917	0	1	3009	2	0	2920
MG36HRX	47	Picture	2_8_Encoding_Working_Memory_MEG_P4_LR_Salient_NoChange_CuedRetrieval_300_300_399_1900_3000_2400_gabor_patch_orientation_016_122_094_078_target_position_1_3_retrieval_position_3	694093	0	1	1337	2	0	1250
MG36HRX	47	Picture	Flicker2	695430	1337	1	1338	2	1250	1250
MG36HRX	47	Picture	Flicker3	696768	2675	1	1337	2	2500	1250
MG36HRX	48	Picture	Delay	698272	0	1	19057	2	0	18920
MG36HRX	49	Picture	2_8_Retrieval_Working_Memory_MEG_P4_LR_Salient_NoChange_CuedRetrieval_retrieval_patch_orientation_094_retrieval_position_3	717496	0	1	30089	2	0	29920
MG36HRX	49	Response	10	728591	11095	4
MG36HRX	50	Picture	ITI	747752	0	2	24072	3	0	23920
MG36HRX	51	Picture	CueingCross	771991	0	1	3009	2	0	2920
MG36HRX	52	Picture	PrepTime	775167	0	2	3009	3	0	2920
MG36HRX	53	Picture	2_9_Encoding_Working_Memory_MEG_P4_LR_Salient_DoChange_CuedRetrieval_300_300_399_1800_3000_2000_gabor_patch_orientation_094_076_111_144_target_position_2_4_retrieval_position_4	778343	0	2	1338	3	0	1250
MG36HRX	53	Picture	Flicker2	779681	1338	1	1337	2	1250	1250
MG36HRX	53	Picture	Flicker3	781018	2675	1	1337	2	2500	1250
MG36HRX	54	Picture	Delay	782522	0	2	18054	3	0	17920
MG36HRX	55	Picture	2_9_Retrieval_Working_Memory_MEG_P4_LR_Salient_DoChange_CuedRetrieval_retrieval_patch_orientation_005_retrieval_position_4	800743	0	2	30090	3	0	29920
MG36HRX	55	Response	20	811651	10908	3
MG36HRX	56	Picture	ITI	831000	0	1	20060	2	0	19920
MG36HRX	57	Picture	CueingCross	851227	0	1	3009	2	0	2920
MG36HRX	58	Picture	PrepTime	854403	0	1	3009	2	0	2920
MG36HRX	59	Picture	2_10_Encoding_Working_Memory_MEG_P4_LR_Salient_DoChange_CuedRetrieval_300_300_399_1900_3000_1900_gabor_patch_orientation_088_053_111_126_target_position_2_4_retrieval_position_4	857579	0	1	1337	2	0	1250
MG36HRX	59	Picture	Flicker2	858916	1337	1	1338	2	1250	1250
MG36HRX	59	Picture	Flicker3	860254	2675	1	1337	2	2500	1250
MG36HRX	60	Picture	Delay	861758	0	1	19057	2	0	18920
MG36HRX	61	Picture	2_10_Retrieval_Working_Memory_MEG_P4_LR_Salient_DoChange_CuedRetrieval_retrieval_patch_orientation_174_retrieval_position_4	880982	0	1	30089	3	0	29920
MG36HRX	61	Response	20	890760	9778	3
MG36HRX	62	Picture	ITI	911239	0	1	19056	2	0	18920
MG36HRX	63	Picture	CueingCross	930462	0	2	3009	3	0	2920
MG36HRX	64	Picture	PrepTime	933639	0	1	3008	3	0	2920
MG36HRX	65	Picture	2_11_Encoding_Working_Memory_MEG_P4_LR_Salient_DoChange_CuedRetrieval_300_300_399_2050_3000_2200_gabor_patch_orientation_097_074_043_133_target_position_1_2_retrieval_position_2	936815	0	1	1337	2	0	1250
MG36HRX	65	Picture	Flicker2	938152	1337	1	1337	2	1250	1250
MG36HRX	65	Picture	Flicker3	939489	2674	1	1338	2	2500	1250
MG36HRX	66	Picture	Delay	940994	0	1	20561	2	0	20420
MG36HRX	67	Picture	2_11_Retrieval_Working_Memory_MEG_P4_LR_Salient_DoChange_CuedRetrieval_retrieval_patch_orientation_026_retrieval_position_2	961722	0	1	30089	3	0	29920
MG36HRX	67	Response	20	971259	9537	3
MG36HRX	68	Picture	ITI	991979	0	1	22065	2	0	21920
MG36HRX	69	Picture	CueingCross	1014211	0	2	3009	3	0	2920
MG36HRX	70	Picture	PrepTime	1017388	0	1	3008	3	0	2920
MG36HRX	71	Picture	2_12_Encoding_Working_Memory_MEG_P4_LR_Salient_DoChange_UncuedRetriev_300_300_399_1800_3000_2050_gabor_patch_orientation_126_170_155_082_target_position_1_4_retrieval_position_3	1020564	0	1	1337	2	0	1250
MG36HRX	71	Picture	Flicker2	1021901	1337	1	1337	2	1250	1250
MG36HRX	71	Picture	Flicker3	1023238	2674	1	1338	2	2500	1250
MG36HRX	72	Picture	Delay	1024743	0	1	18053	3	0	17920
MG36HRX	73	Picture	2_12_Retrieval_Working_Memory_MEG_P4_LR_Salient_DoChange_UncuedRetriev_retrieval_patch_orientation_107_retrieval_position_3	1042964	0	1	30089	2	0	29920
MG36HRX	73	Response	20	1064728	21764	3
MG36HRX	74	Picture	ITI	1073220	0	1	20561	2	0	20420
MG36HRX	75	Picture	CueingCross	1093949	0	1	3008	3	0	2920
MG36HRX	76	Picture	PrepTime	1097125	0	1	3009	2	0	2920
MG36HRX	77	Picture	2_13_Encoding_Working_Memory_MEG_P4_LR_Salient_DoChange_CuedRetrieval_300_300_399_1950_3000_2250_gabor_patch_orientation_092_150_017_171_target_position_3_4_retrieval_position_4	1100301	0	1	1337	2	0	1250
MG36HRX	77	Picture	Flicker2	1101638	1337	1	1337	2	1250	1250
MG36HRX	77	Picture	Flicker3	1102975	2674	1	1338	2	2500	1250
MG36HRX	78	Picture	Delay	1104480	0	1	19558	2	0	19420
MG36HRX	79	Picture	2_13_Retrieval_Working_Memory_MEG_P4_LR_Salient_DoChange_CuedRetrieval_retrieval_patch_orientation_035_retrieval_position_4	1124205	0	1	30090	2	0	29920
MG36HRX	79	Response	20	1140067	15862	4
MG36HRX	80	Picture	ITI	1154462	0	1	22567	2	0	22420
MG36HRX	81	Picture	CueingCross	1177196	0	1	3009	2	0	2920
MG36HRX	82	Picture	PrepTime	1180372	0	1	3009	2	0	2920
MG36HRX	83	Picture	2_14_Encoding_Working_Memory_MEG_P4_LR_Salient_DoChange_UncuedRetriev_300_300_399_1800_3000_2500_gabor_patch_orientation_167_061_099_019_target_position_2_4_retrieval_position_3	1183548	0	1	1338	2	0	1250
MG36HRX	83	Picture	Flicker2	1184886	1338	1	1337	2	1250	1250
MG36HRX	83	Picture	Flicker3	1186223	2675	1	1337	2	2500	1250
MG36HRX	84	Picture	Delay	1187727	0	2	18054	3	0	17920
MG36HRX	85	Picture	2_14_Retrieval_Working_Memory_MEG_P4_LR_Salient_DoChange_UncuedRetriev_retrieval_patch_orientation_146_retrieval_position_3	1205948	0	1	30090	2	0	29920
MG36HRX	85	Response	10	1219616	13668	4
MG36HRX	86	Picture	ITI	1236205	0	1	25074	2	0	24920
MG36HRX	87	Picture	CueingCross	1261447	0	1	3008	3	0	2920
MG36HRX	88	Picture	PrepTime	1264623	0	1	3009	2	0	2920
MG36HRX	89	Picture	2_15_Encoding_Working_Memory_MEG_P4_LR_Salient_NoChange_CuedRetrieval_300_300_399_2000_3000_2350_gabor_patch_orientation_139_073_115_154_target_position_1_3_retrieval_position_1	1267799	0	1	1337	2	0	1250
MG36HRX	89	Picture	Flicker2	1269136	1337	1	1337	3	1250	1250
MG36HRX	89	Picture	Flicker3	1270473	2674	2	1338	3	2500	1250
MG36HRX	90	Picture	Delay	1271978	0	1	20059	3	0	19920
MG36HRX	91	Picture	2_15_Retrieval_Working_Memory_MEG_P4_LR_Salient_NoChange_CuedRetrieval_retrieval_patch_orientation_139_retrieval_position_1	1292205	0	1	30089	2	0	29920
MG36HRX	91	Response	10	1304925	12720	4
MG36HRX	92	Picture	ITI	1322461	0	2	23570	3	0	23420
MG36HRX	93	Picture	CueingCross	1346199	0	1	3008	3	0	2920
MG36HRX	94	Picture	PrepTime	1349375	0	1	3009	2	0	2920
MG36HRX	95	Picture	2_16_Encoding_Working_Memory_MEG_P4_LR_Salient_NoChange_CuedRetrieval_300_300_399_2050_3000_2300_gabor_patch_orientation_136_105_030_163_target_position_1_3_retrieval_position_3	1352551	0	1	1337	2	0	1250
MG36HRX	95	Picture	Flicker2	1353888	1337	1	1337	2	1250	1250
MG36HRX	95	Picture	Flicker3	1355225	2674	1	1338	2	2500	1250
MG36HRX	96	Picture	Delay	1356730	0	1	20561	2	0	20420
MG36HRX	97	Picture	2_16_Retrieval_Working_Memory_MEG_P4_LR_Salient_NoChange_CuedRetrieval_retrieval_patch_orientation_030_retrieval_position_3	1377458	0	1	30090	2	0	29920
MG36HRX	97	Response	10	1392024	14566	4
MG36HRX	98	Picture	ITI	1407715	0	1	23068	2	0	22920
MG36HRX	99	Picture	CueingCross	1430951	0	1	3008	3	0	2920
MG36HRX	100	Picture	PrepTime	1434127	0	1	3009	2	0	2920
MG36HRX	101	Picture	2_17_Encoding_Working_Memory_MEG_P4_LR_Salient_DoChange_CuedRetrieval_300_300_399_2200_3000_2600_gabor_patch_orientation_149_170_059_083_target_position_2_4_retrieval_position_4	1437303	0	1	1337	2	0	1250
MG36HRX	101	Picture	Flicker2	1438640	1337	1	1337	2	1250	1250
MG36HRX	101	Picture	Flicker3	1439977	2674	1	1338	2	2500	1250
MG36HRX	102	Picture	Delay	1441482	0	1	22065	3	0	21920
MG36HRX	103	Picture	2_17_Retrieval_Working_Memory_MEG_P4_LR_Salient_DoChange_CuedRetrieval_retrieval_patch_orientation_128_retrieval_position_4	1463715	0	1	30089	2	0	29920
MG36HRX	103	Response	20	1473623	9908	4
MG36HRX	104	Picture	ITI	1493971	0	1	26078	2	0	25920
MG36HRX	105	Picture	CueingCross	1520216	0	1	3009	2	0	2920
MG36HRX	106	Picture	PrepTime	1523392	0	1	3009	2	0	2920
MG36HRX	107	Picture	2_18_Encoding_Working_Memory_MEG_P4_LR_Salient_NoChange_CuedRetrieval_300_300_399_2150_3000_2500_gabor_patch_orientation_069_084_107_129_target_position_2_3_retrieval_position_3	1526568	0	1	1337	3	0	1250
MG36HRX	107	Picture	Flicker2	1527905	1337	2	1338	3	1250	1250
MG36HRX	107	Picture	Flicker3	1529243	2675	1	1337	2	2500	1250
MG36HRX	108	Picture	Delay	1530747	0	1	21564	2	0	21420
MG36HRX	109	Picture	2_18_Retrieval_Working_Memory_MEG_P4_LR_Salient_NoChange_CuedRetrieval_retrieval_patch_orientation_107_retrieval_position_3	1552479	0	1	30089	2	0	29920
MG36HRX	109	Response	20	1570342	17863	4
MG36HRX	110	Picture	ITI	1582735	0	1	25075	2	0	24920
MG36HRX	111	Picture	CueingCross	1607977	0	1	3009	2	0	2920
MG36HRX	112	Picture	PrepTime	1611153	0	1	3009	2	0	2920
MG36HRX	113	Picture	2_19_Encoding_Working_Memory_MEG_P4_LR_Salient_DoChange_CuedRetrieval_300_300_399_1900_3000_2150_gabor_patch_orientation_091_173_065_111_target_position_2_3_retrieval_position_2	1614329	0	1	1337	3	0	1250
MG36HRX	113	Picture	Flicker2	1615666	1337	2	1338	3	1250	1250
MG36HRX	113	Picture	Flicker3	1617004	2675	1	1337	2	2500	1250
MG36HRX	114	Picture	Delay	1618508	0	1	19057	2	0	18920
MG36HRX	115	Picture	2_19_Retrieval_Working_Memory_MEG_P4_LR_Salient_DoChange_CuedRetrieval_retrieval_patch_orientation_038_retrieval_position_2	1637732	0	1	30089	3	0	29920
MG36HRX	115	Response	20	1648302	10570	3
MG36HRX	116	Picture	ITI	1667989	0	1	21564	2	0	21420
MG36HRX	117	Picture	CueingCross	1689720	0	1	3009	2	0	2920
MG36HRX	118	Picture	PrepTime	1692896	0	1	3009	2	0	2920
MG36HRX	119	Picture	2_20_Encoding_Working_Memory_MEG_P4_LR_Salient_DoChange_UncuedRetriev_300_300_399_2100_3000_2350_gabor_patch_orientation_131_064_042_006_target_position_2_3_retrieval_position_1	1696072	0	1	1337	3	0	1250
MG36HRX	119	Picture	Flicker2	1697409	1337	2	1338	3	1250	1250
MG36HRX	119	Picture	Flicker3	1698747	2675	1	1337	2	2500	1250
MG36HRX	120	Picture	Delay	1700251	0	1	21063	2	0	20920
MG36HRX	121	Picture	2_20_Retrieval_Working_Memory_MEG_P4_LR_Salient_DoChange_UncuedRetriev_retrieval_patch_orientation_086_retrieval_position_1	1721481	0	1	30089	3	0	29920
MG36HRX	121	Response	20	1739111	17630	3
MG36HRX	122	Picture	ITI	1751738	0	1	23570	2	0	23420
MG36HRX	123	Picture	CueingCross	1775475	0	1	3009	2	0	2920
MG36HRX	124	Picture	PrepTime	1778651	0	1	3009	2	0	2920
MG36HRX	125	Picture	2_21_Encoding_Working_Memory_MEG_P4_LR_Salient_NoChange_CuedRetrieval_300_300_399_1900_3000_2550_gabor_patch_orientation_068_042_156_129_target_position_1_3_retrieval_position_1	1781827	0	1	1337	3	0	1250
MG36HRX	125	Picture	Flicker2	1783164	1337	2	1338	3	1250	1250
MG36HRX	125	Picture	Flicker3	1784502	2675	1	1337	2	2500	1250
MG36HRX	126	Picture	Delay	1786006	0	1	19057	2	0	18920
MG36HRX	127	Picture	2_21_Retrieval_Working_Memory_MEG_P4_LR_Salient_NoChange_CuedRetrieval_retrieval_patch_orientation_068_retrieval_position_1	1805230	0	1	30089	3	0	29920
MG36HRX	127	Response	10	1818410	13180	3
MG36HRX	128	Picture	ITI	1835487	0	1	25576	2	0	25420
MG36HRX	129	Picture	CueingCross	1861230	0	1	3009	2	0	2920
MG36HRX	130	Picture	PrepTime	1864406	0	1	3009	2	0	2920
MG36HRX	131	Picture	2_22_Encoding_Working_Memory_MEG_P4_LR_Salient_NoChange_CuedRetrieval_300_300_399_2000_3000_2600_gabor_patch_orientation_009_127_148_168_target_position_2_3_retrieval_position_3	1867582	0	1	1337	2	0	1250
MG36HRX	131	Picture	Flicker2	1868919	1337	1	1338	2	1250	1250
MG36HRX	131	Picture	Flicker3	1870257	2675	1	1337	2	2500	1250
MG36HRX	132	Picture	Delay	1871761	0	1	20060	2	0	19920
MG36HRX	133	Picture	2_22_Retrieval_Working_Memory_MEG_P4_LR_Salient_NoChange_CuedRetrieval_retrieval_patch_orientation_148_retrieval_position_3	1891988	0	1	30089	3	0	29920
MG36HRX	133	Response	10	1908029	16041	3
MG36HRX	134	Picture	ITI	1922245	0	1	26077	2	0	25920
MG36HRX	135	Picture	CueingCross	1948489	0	2	3009	3	0	2920
MG36HRX	136	Picture	PrepTime	1951665	0	2	3009	3	0	2920
MG36HRX	137	Picture	2_23_Encoding_Working_Memory_MEG_P4_LR_Salient_DoChange_CuedRetrieval_300_300_399_1850_3000_1900_gabor_patch_orientation_123_142_101_176_target_position_1_3_retrieval_position_3	1954842	0	1	1337	2	0	1250
MG36HRX	137	Picture	Flicker2	1956179	1337	1	1337	2	1250	1250
MG36HRX	137	Picture	Flicker3	1957516	2674	1	1337	3	2500	1250
MG36HRX	138	Picture	Delay	1959021	0	1	18555	2	0	18420
MG36HRX	139	Picture	2_23_Retrieval_Working_Memory_MEG_P4_LR_Salient_DoChange_CuedRetrieval_retrieval_patch_orientation_055_retrieval_position_3	1977743	0	1	30089	3	0	29920
MG36HRX	139	Response	20	1993158	15415	3
MG36HRX	140	Picture	ITI	2008000	0	1	19056	2	0	18920
MG36HRX	141	Picture	CueingCross	2027223	0	2	3009	3	0	2920
MG36HRX	142	Picture	PrepTime	2030399	0	2	3009	4	0	2920
MG36HRX	143	Picture	2_24_Encoding_Working_Memory_MEG_P4_LR_Salient_NoChange_CuedRetrieval_300_300_399_2000_3000_1950_gabor_patch_orientation_160_072_052_093_target_position_1_4_retrieval_position_1	2033576	0	1	1337	2	0	1250
MG36HRX	143	Picture	Flicker2	2034913	1337	1	1337	2	1250	1250
MG36HRX	143	Picture	Flicker3	2036250	2674	1	1338	2	2500	1250
MG36HRX	144	Picture	Delay	2037755	0	1	20059	3	0	19920
MG36HRX	145	Picture	2_24_Retrieval_Working_Memory_MEG_P4_LR_Salient_NoChange_CuedRetrieval_retrieval_patch_orientation_160_retrieval_position_1	2057982	0	1	30089	2	0	29920
MG36HRX	145	Response	10	2071717	13735	3
MG36HRX	146	Picture	ITI	2088238	0	1	19558	2	0	19420
MG36HRX	147	Picture	CueingCross	2107963	0	2	3009	4	0	2920
MG36HRX	148	Picture	PrepTime	2111140	0	1	3009	2	0	2920
MG36HRX	149	Picture	2_25_Encoding_Working_Memory_MEG_P4_LR_Salient_DoChange_CuedRetrieval_300_300_399_1850_3000_2100_gabor_patch_orientation_084_172_102_021_target_position_2_3_retrieval_position_2	2114316	0	1	1337	2	0	1250
MG36HRX	149	Picture	Flicker2	2115653	1337	1	1337	2	1250	1250
MG36HRX	149	Picture	Flicker3	2116990	2674	1	1338	2	2500	1250
MG36HRX	150	Picture	Delay	2118495	0	1	18555	2	0	18420
MG36HRX	151	Picture	2_25_Retrieval_Working_Memory_MEG_P4_LR_Salient_DoChange_CuedRetrieval_retrieval_patch_orientation_037_retrieval_position_2	2137217	0	1	30090	2	0	29920
MG36HRX	151	Response	20	2146866	9649	4
MG36HRX	152	Picture	ITI	2167474	0	1	21062	3	0	20920
MG36HRX	153	Picture	CueingCross	2188704	0	1	3008	3	0	2920
MG36HRX	154	Picture	PrepTime	2191880	0	1	3009	2	0	2920
MG36HRX	155	Picture	2_26_Encoding_Working_Memory_MEG_P4_LR_Salient_DoChange_CuedRetrieval_300_300_399_2100_3000_2300_gabor_patch_orientation_151_121_046_078_target_position_1_4_retrieval_position_1	2195056	0	1	1337	2	0	1250
MG36HRX	155	Picture	Flicker2	2196393	1337	1	1337	2	1250	1250
MG36HRX	155	Picture	Flicker3	2197730	2674	1	1338	2	2500	1250
MG36HRX	156	Picture	Delay	2199235	0	1	21062	3	0	20920
MG36HRX	157	Picture	2_26_Retrieval_Working_Memory_MEG_P4_LR_Salient_DoChange_CuedRetrieval_retrieval_patch_orientation_013_retrieval_position_1	2220465	0	1	30089	2	0	29920
MG36HRX	157	Response	20	2235985	15520	4
MG36HRX	158	Picture	ITI	2250721	0	2	23069	3	0	22920
MG36HRX	159	Picture	CueingCross	2273957	0	1	3009	2	0	2920
MG36HRX	160	Picture	PrepTime	2277133	0	1	3009	2	0	2920
MG36HRX	161	Picture	2_27_Encoding_Working_Memory_MEG_P4_LR_Salient_DoChange_UncuedRetriev_300_300_399_2200_3000_1950_gabor_patch_orientation_090_155_179_114_target_position_1_2_retrieval_position_4	2280309	0	1	1338	2	0	1250
MG36HRX	161	Picture	Flicker2	2281647	1338	1	1337	2	1250	1250
MG36HRX	161	Picture	Flicker3	2282984	2675	1	1337	2	2500	1250
MG36HRX	162	Picture	Delay	2284488	0	2	22066	3	0	21920
MG36HRX	163	Picture	2_27_Retrieval_Working_Memory_MEG_P4_LR_Salient_DoChange_UncuedRetriev_retrieval_patch_orientation_066_retrieval_position_4	2306721	0	1	30090	2	0	29920
MG36HRX	163	Response	10	2329424	22703	4
MG36HRX	164	Picture	ITI	2336978	0	1	19558	2	0	19420
MG36HRX	165	Picture	CueingCross	2356703	0	1	3009	2	0	2920
MG36HRX	166	Picture	PrepTime	2359879	0	1	3009	2	0	2920
MG36HRX	167	Picture	2_28_Encoding_Working_Memory_MEG_P4_LR_Salient_DoChange_CuedRetrieval_300_300_399_1750_3000_2350_gabor_patch_orientation_025_076_109_043_target_position_1_4_retrieval_position_1	2363055	0	1	1338	2	0	1250
MG36HRX	167	Picture	Flicker2	2364393	1338	1	1337	2	1250	1250
MG36HRX	167	Picture	Flicker3	2365730	2675	1	1337	2	2500	1250
MG36HRX	168	Picture	Delay	2367234	0	2	17553	3	0	17420
MG36HRX	169	Picture	2_28_Retrieval_Working_Memory_MEG_P4_LR_Salient_DoChange_CuedRetrieval_retrieval_patch_orientation_163_retrieval_position_1	2384954	0	1	30089	2	0	29920
MG36HRX	169	Response	20	2396494	11540	3
MG36HRX	170	Picture	ITI	2415210	0	2	23570	4	0	23420
MG36HRX	171	Picture	CueingCross	2438948	0	1	3008	3	0	2920
MG36HRX	172	Picture	PrepTime	2442124	0	1	3009	2	0	2920
MG36HRX	173	Picture	2_29_Encoding_Working_Memory_MEG_P4_LR_Salient_NoChange_CuedRetrieval_300_300_399_2050_3000_2450_gabor_patch_orientation_040_064_122_080_target_position_1_3_retrieval_position_3	2445300	0	1	1337	2	0	1250
MG36HRX	173	Picture	Flicker2	2446637	1337	1	1337	2	1250	1250
MG36HRX	173	Picture	Flicker3	2447974	2674	1	1338	2	2500	1250
MG36HRX	174	Picture	Delay	2449479	0	1	20561	2	0	20420
MG36HRX	175	Picture	2_29_Retrieval_Working_Memory_MEG_P4_LR_Salient_NoChange_CuedRetrieval_retrieval_patch_orientation_122_retrieval_position_3	2470207	0	1	30090	2	0	29920
MG36HRX	175	Response	10	2486703	16496	3
MG36HRX	176	Picture	ITI	2500464	0	1	24573	2	0	24420
MG36HRX	177	Picture	CueingCross	2525204	0	1	3009	2	0	2920
MG36HRX	178	Picture	PrepTime	2528380	0	1	3009	2	0	2920
MG36HRX	179	Picture	2_30_Encoding_Working_Memory_MEG_P4_LR_Salient_DoChange_CuedRetrieval_300_300_399_2250_3000_2050_gabor_patch_orientation_071_088_053_110_target_position_2_3_retrieval_position_2	2531556	0	1	1338	2	0	1250
MG36HRX	179	Picture	Flicker2	2532894	1338	1	1337	2	1250	1250
MG36HRX	179	Picture	Flicker3	2534231	2675	1	1337	2	2500	1250
MG36HRX	180	Picture	Delay	2535735	0	2	22567	4	0	22420
MG36HRX	181	Picture	2_30_Retrieval_Working_Memory_MEG_P4_LR_Salient_DoChange_CuedRetrieval_retrieval_patch_orientation_136_retrieval_position_2	2558470	0	1	30089	2	0	29920
MG36HRX	181	Response	20	2572592	14122	3
MG36HRX	182	Picture	ITI	2588726	0	1	20561	2	0	20420
MG36HRX	183	Picture	CueingCross	2609455	0	1	3008	3	0	2920
MG36HRX	184	Picture	PrepTime	2612631	0	1	3009	2	0	2920
MG36HRX	185	Picture	2_31_Encoding_Working_Memory_MEG_P4_LR_Salient_NoChange_UncuedRetriev_300_300_399_1900_3000_2300_gabor_patch_orientation_032_149_066_008_target_position_2_4_retrieval_position_3	2615807	0	1	1337	2	0	1250
MG36HRX	185	Picture	Flicker2	2617144	1337	1	1337	2	1250	1250
MG36HRX	185	Picture	Flicker3	2618481	2674	1	1338	2	2500	1250
MG36HRX	186	Picture	Delay	2619986	0	1	19056	3	0	18920
MG36HRX	187	Picture	2_31_Retrieval_Working_Memory_MEG_P4_LR_Salient_NoChange_UncuedRetriev_retrieval_patch_orientation_066_retrieval_position_3	2639210	0	1	30089	2	0	29920
MG36HRX	187	Response	20	2654751	15541	3
MG36HRX	188	Picture	ITI	2669466	0	2	23069	3	0	22920
MG36HRX	189	Picture	CueingCross	2692702	0	1	3009	2	0	2920
MG36HRX	190	Picture	PrepTime	2695878	0	1	3009	2	0	2920
MG36HRX	191	Picture	2_32_Encoding_Working_Memory_MEG_P4_LR_Salient_NoChange_CuedRetrieval_300_300_399_2200_3000_2000_gabor_patch_orientation_021_049_001_111_target_position_2_3_retrieval_position_3	2699054	0	2	1338	3	0	1250
MG36HRX	191	Picture	Flicker2	2700392	1338	1	1337	2	1250	1250
MG36HRX	191	Picture	Flicker3	2701729	2675	1	1337	2	2500	1250
MG36HRX	192	Picture	Delay	2703233	0	2	22066	3	0	21920
MG36HRX	193	Picture	2_32_Retrieval_Working_Memory_MEG_P4_LR_Salient_NoChange_CuedRetrieval_retrieval_patch_orientation_001_retrieval_position_3	2725466	0	2	30090	3	0	29920
MG36HRX	193	Response	10	2744400	18934	5
MG36HRX	194	Picture	ITI	2755723	0	1	20059	2	0	19920
MG36HRX	195	Picture	CueingCross	2775950	0	1	3008	3	0	2920
MG36HRX	196	Picture	PrepTime	2779126	0	1	3009	2	0	2920
MG36HRX	197	Picture	2_33_Encoding_Working_Memory_MEG_P4_LR_Salient_NoChange_CuedRetrieval_300_300_399_1800_3000_2550_gabor_patch_orientation_101_019_161_128_target_position_3_4_retrieval_position_4	2782302	0	1	1337	2	0	1250
MG36HRX	197	Picture	Flicker2	2783639	1337	1	1337	2	1250	1250
MG36HRX	197	Picture	Flicker3	2784976	2674	1	1338	2	2500	1250
MG36HRX	198	Picture	Delay	2786481	0	1	18054	2	0	17920
MG36HRX	199	Picture	2_33_Retrieval_Working_Memory_MEG_P4_LR_Salient_NoChange_CuedRetrieval_retrieval_patch_orientation_128_retrieval_position_4	2804702	0	1	30089	2	0	29920
MG36HRX	199	Response	10	2816129	11427	4
MG36HRX	200	Picture	ITI	2834958	0	2	25576	3	0	25420
MG36HRX	201	Picture	CueingCross	2860702	0	1	3008	3	0	2920
MG36HRX	202	Picture	PrepTime	2863878	0	1	3009	2	0	2920
MG36HRX	203	Picture	2_34_Encoding_Working_Memory_MEG_P4_LR_Salient_NoChange_CuedRetrieval_300_300_399_1950_3000_2050_gabor_patch_orientation_024_142_100_165_target_position_1_3_retrieval_position_3	2867054	0	1	1337	2	0	1250
MG36HRX	203	Picture	Flicker2	2868391	1337	1	1337	2	1250	1250
MG36HRX	203	Picture	Flicker3	2869728	2674	1	1338	2	2500	1250
MG36HRX	204	Picture	Delay	2871233	0	1	19558	2	0	19420
MG36HRX	205	Picture	2_34_Retrieval_Working_Memory_MEG_P4_LR_Salient_NoChange_CuedRetrieval_retrieval_patch_orientation_100_retrieval_position_3	2890958	0	1	30090	2	0	29920
MG36HRX	205	Response	10	2902838	11880	4
MG36HRX	206	Picture	ITI	2921215	0	2	20561	3	0	20420
MG36HRX	207	Picture	CueingCross	2941943	0	1	3009	2	0	2920
MG36HRX	208	Picture	PrepTime	2945119	0	1	3009	2	0	2920
MG36HRX	209	Picture	2_35_Encoding_Working_Memory_MEG_P4_LR_Salient_NoChange_CuedRetrieval_300_300_399_2200_3000_1950_gabor_patch_orientation_147_115_084_170_target_position_2_4_retrieval_position_4	2948295	0	2	1338	3	0	1250
MG36HRX	209	Picture	Flicker2	2949633	1338	1	1337	2	1250	1250
MG36HRX	209	Picture	Flicker3	2950970	2675	1	1337	2	2500	1250
MG36HRX	210	Picture	Delay	2952474	0	2	22066	3	0	21920
MG36HRX	211	Picture	2_35_Retrieval_Working_Memory_MEG_P4_LR_Salient_NoChange_CuedRetrieval_retrieval_patch_orientation_170_retrieval_position_4	2974707	0	1	30090	2	0	29920
MG36HRX	211	Response	10	2994717	20010	4
MG36HRX	212	Picture	ITI	3004964	0	1	19558	2	0	19420
MG36HRX	213	Picture	CueingCross	3024689	0	1	3009	2	0	2920
MG36HRX	214	Picture	PrepTime	3027865	0	1	3009	2	0	2920
MG36HRX	215	Picture	2_36_Encoding_Working_Memory_MEG_P4_LR_Salient_NoChange_CuedRetrieval_300_300_399_2250_3000_2600_gabor_patch_orientation_098_148_028_173_target_position_2_3_retrieval_position_2	3031041	0	2	1338	3	0	1250
MG36HRX	215	Picture	Flicker2	3032379	1338	1	1337	2	1250	1250
MG36HRX	215	Picture	Flicker3	3033716	2675	1	1337	2	2500	1250
MG36HRX	216	Picture	Delay	3035220	0	2	22568	3	0	22420
MG36HRX	217	Picture	2_36_Retrieval_Working_Memory_MEG_P4_LR_Salient_NoChange_CuedRetrieval_retrieval_patch_orientation_148_retrieval_position_2	3057955	0	1	30089	2	0	29920
MG36HRX	217	Response	10	3074416	16461	4
MG36HRX	218	Picture	ITI	3088211	0	2	26078	3	0	25920
MG36HRX	219	Picture	CueingCross	3114456	0	1	3009	2	0	2920
MG36HRX	220	Picture	PrepTime	3117632	0	1	3009	2	0	2920
MG36HRX	221	Picture	2_37_Encoding_Working_Memory_MEG_P4_LR_Salient_DoChange_CuedRetrieval_300_300_399_2100_3000_2450_gabor_patch_orientation_155_093_011_069_target_position_2_4_retrieval_position_4	3120808	0	1	1337	3	0	1250
MG36HRX	221	Picture	Flicker2	3122145	1337	2	1338	3	1250	1250
MG36HRX	221	Picture	Flicker3	3123483	2675	1	1337	2	2500	1250
MG36HRX	222	Picture	Delay	3124987	0	2	21063	3	0	20920
MG36HRX	223	Picture	2_37_Retrieval_Working_Memory_MEG_P4_LR_Salient_DoChange_CuedRetrieval_retrieval_patch_orientation_117_retrieval_position_4	3146217	0	1	30090	2	0	29920
MG36HRX	223	Response	20	3169465	23248	4
MG36HRX	224	Picture	ITI	3176474	0	1	24573	2	0	24420
MG36HRX	225	Picture	CueingCross	3201214	0	1	3009	2	0	2920
MG36HRX	226	Picture	PrepTime	3204390	0	1	3009	2	0	2920
MG36HRX	227	Picture	2_38_Encoding_Working_Memory_MEG_P4_LR_Salient_NoChange_UncuedRetriev_300_300_399_1950_3000_2300_gabor_patch_orientation_142_023_175_057_target_position_2_4_retrieval_position_1	3207566	0	1	1337	3	0	1250
MG36HRX	227	Picture	Flicker2	3208903	1337	2	1338	3	1250	1250
MG36HRX	227	Picture	Flicker3	3210241	2675	1	1337	2	2500	1250
MG36HRX	228	Picture	Delay	3211745	0	1	19558	2	0	19420
MG36HRX	229	Picture	2_38_Retrieval_Working_Memory_MEG_P4_LR_Salient_NoChange_UncuedRetriev_retrieval_patch_orientation_142_retrieval_position_1	3231471	0	1	30089	2	0	29920
MG36HRX	229	Response	10	3246924	15453	4
MG36HRX	230	Picture	ITI	3261727	0	1	23069	2	0	22920
MG36HRX	231	Picture	CueingCross	3284963	0	1	3009	2	0	2920
MG36HRX	232	Picture	PrepTime	3288139	0	1	3009	2	0	2920
MG36HRX	233	Picture	2_39_Encoding_Working_Memory_MEG_P4_LR_Salient_NoChange_CuedRetrieval_300_300_399_1800_3000_2100_gabor_patch_orientation_046_152_031_113_target_position_1_3_retrieval_position_3	3291315	0	1	1337	3	0	1250
MG36HRX	233	Picture	Flicker2	3292652	1337	2	1338	3	1250	1250
MG36HRX	233	Picture	Flicker3	3293990	2675	1	1337	2	2500	1250
MG36HRX	234	Picture	Delay	3295494	0	1	18054	2	0	17920
MG36HRX	235	Picture	2_39_Retrieval_Working_Memory_MEG_P4_LR_Salient_NoChange_CuedRetrieval_retrieval_patch_orientation_031_retrieval_position_3	3313715	0	1	30090	2	0	29920
MG36HRX	235	Response	10	3323604	9889	3
MG36HRX	236	Picture	ITI	3343972	0	1	21062	2	0	20920
MG36HRX	237	Picture	CueingCross	3365201	0	2	3009	3	0	2920
MG36HRX	238	Picture	PrepTime	3368378	0	1	3008	3	0	2920
MG36HRX	239	Picture	2_40_Encoding_Working_Memory_MEG_P4_LR_Salient_NoChange_CuedRetrieval_300_300_399_1750_3000_2050_gabor_patch_orientation_131_015_156_090_target_position_2_4_retrieval_position_4	3371554	0	1	1337	2	0	1250
MG36HRX	239	Picture	Flicker2	3372891	1337	1	1337	2	1250	1250
MG36HRX	239	Picture	Flicker3	3374228	2674	1	1338	2	2500	1250
MG36HRX	240	Picture	Delay	3375733	0	1	17552	2	0	17420
MG36HRX	241	Picture	2_40_Retrieval_Working_Memory_MEG_P4_LR_Salient_NoChange_CuedRetrieval_retrieval_patch_orientation_090_retrieval_position_4	3393452	0	1	30090	2	0	29920
MG36HRX	241	Response	20	3421312	27860	4
MG36HRX	242	Picture	ITI	3423709	0	1	20561	2	0	20420
MG36HRX	243	Picture	CueingCross	3444437	0	1	3009	2	0	2920
MG36HRX	244	Picture	PrepTime	3447613	0	1	3009	2	0	2920
MG36HRX	245	Picture	2_41_Encoding_Working_Memory_MEG_P4_LR_Salient_DoChange_CuedRetrieval_300_300_399_2150_3000_2150_gabor_patch_orientation_140_052_025_110_target_position_2_3_retrieval_position_2	3450789	0	1	1338	2	0	1250
MG36HRX	245	Picture	Flicker2	3452127	1338	1	1337	2	1250	1250
MG36HRX	245	Picture	Flicker3	3453464	2675	1	1337	2	2500	1250
MG36HRX	246	Picture	Delay	3454968	0	2	21564	4	0	21420
MG36HRX	247	Picture	2_41_Retrieval_Working_Memory_MEG_P4_LR_Salient_DoChange_CuedRetrieval_retrieval_patch_orientation_003_retrieval_position_2	3476700	0	1	30089	2	0	29920
MG36HRX	247	Response	20	3499682	22982	3
MG36HRX	248	Picture	ITI	3506956	0	2	21564	4	0	21420
MG36HRX	249	Picture	CueingCross	3528688	0	1	3008	3	0	2920
MG36HRX	250	Picture	PrepTime	3531864	0	1	3009	2	0	2920
MG36HRX	251	Picture	2_42_Encoding_Working_Memory_MEG_P4_LR_Salient_NoChange_UncuedRetriev_300_300_399_1800_3000_2250_gabor_patch_orientation_152_005_037_120_target_position_1_3_retrieval_position_4	3535040	0	1	1337	2	0	1250
MG36HRX	251	Picture	Flicker2	3536377	1337	1	1337	2	1250	1250
MG36HRX	251	Picture	Flicker3	3537714	2674	1	1338	2	2500	1250
MG36HRX	252	Picture	Delay	3539219	0	1	18054	2	0	17920
MG36HRX	253	Picture	2_42_Retrieval_Working_Memory_MEG_P4_LR_Salient_NoChange_UncuedRetriev_retrieval_patch_orientation_120_retrieval_position_4	3557440	0	1	30089	2	0	29920
MG36HRX	253	Response	10	3568041	10601	4
MG36HRX	254	Picture	ITI	3587696	0	2	22567	4	0	22420
MG36HRX	255	Picture	CueingCross	3610431	0	1	3008	3	0	2920
MG36HRX	256	Picture	PrepTime	3613607	0	1	3009	2	0	2920
MG36HRX	257	Picture	2_43_Encoding_Working_Memory_MEG_P4_LR_Salient_DoChange_CuedRetrieval_300_300_399_1750_3000_2500_gabor_patch_orientation_057_130_173_004_target_position_2_4_retrieval_position_2	3616783	0	1	1337	2	0	1250
MG36HRX	257	Picture	Flicker2	3618120	1337	1	1337	3	1250	1250
MG36HRX	257	Picture	Flicker3	3619457	2674	2	1338	3	2500	1250
MG36HRX	258	Picture	Delay	3620962	0	1	17552	2	0	17420
MG36HRX	259	Picture	2_43_Retrieval_Working_Memory_MEG_P4_LR_Salient_DoChange_CuedRetrieval_retrieval_patch_orientation_083_retrieval_position_2	3638681	0	1	30090	2	0	29920
MG36HRX	259	Response	20	3655180	16499	3
MG36HRX	260	Picture	ITI	3668938	0	1	25074	3	0	24920
MG36HRX	261	Picture	CueingCross	3694180	0	1	3008	3	0	2920
MG36HRX	262	Picture	PrepTime	3697356	0	1	3009	2	0	2920
MG36HRX	263	Picture	2_44_Encoding_Working_Memory_MEG_P4_LR_Salient_DoChange_CuedRetrieval_300_300_399_1950_3000_2550_gabor_patch_orientation_145_125_062_102_target_position_1_3_retrieval_position_3	3700532	0	1	1337	2	0	1250
MG36HRX	263	Picture	Flicker2	3701869	1337	1	1337	2	1250	1250
MG36HRX	263	Picture	Flicker3	3703206	2674	1	1338	2	2500	1250
MG36HRX	264	Picture	Delay	3704711	0	1	19558	2	0	19420
MG36HRX	265	Picture	2_44_Retrieval_Working_Memory_MEG_P4_LR_Salient_DoChange_CuedRetrieval_retrieval_patch_orientation_013_retrieval_position_3	3724436	0	1	30090	2	0	29920
MG36HRX	266	Picture	ITI	3754693	0	1	25576	2	0	25420
MG36HRX	267	Picture	CueingCross	3780436	0	1	3009	2	0	2920
MG36HRX	268	Picture	PrepTime	3783612	0	1	3009	2	0	2920
MG36HRX	269	Picture	2_45_Encoding_Working_Memory_MEG_P4_LR_Salient_DoChange_UncuedRetriev_300_300_399_2000_3000_2500_gabor_patch_orientation_112_142_097_027_target_position_2_3_retrieval_position_4	3786788	0	1	1338	2	0	1250
MG36HRX	269	Picture	Flicker2	3788126	1338	1	1337	2	1250	1250
MG36HRX	269	Picture	Flicker3	3789463	2675	1	1337	2	2500	1250
MG36HRX	270	Picture	Delay	3790967	0	2	20060	3	0	19920
MG36HRX	271	Picture	2_45_Retrieval_Working_Memory_MEG_P4_LR_Salient_DoChange_UncuedRetriev_retrieval_patch_orientation_166_retrieval_position_4	3811194	0	1	30090	2	0	29920
MG36HRX	271	Response	20	3830908	19714	4
MG36HRX	272	Picture	ITI	3841451	0	1	25074	2	0	24920
MG36HRX	273	Picture	CueingCross	3866692	0	2	3009	4	0	2920
MG36HRX	274	Picture	PrepTime	3869869	0	1	3009	2	0	2920
MG36HRX	275	Picture	2_46_Encoding_Working_Memory_MEG_P4_LR_Salient_NoChange_CuedRetrieval_300_300_399_2050_3000_1900_gabor_patch_orientation_043_100_020_127_target_position_1_3_retrieval_position_1	3873045	0	1	1337	2	0	1250
MG36HRX	275	Picture	Flicker2	3874382	1337	1	1337	2	1250	1250
MG36HRX	275	Picture	Flicker3	3875719	2674	1	1337	3	2500	1250
MG36HRX	276	Picture	Delay	3877224	0	1	20561	2	0	20420
MG36HRX	277	Picture	2_46_Retrieval_Working_Memory_MEG_P4_LR_Salient_NoChange_CuedRetrieval_retrieval_patch_orientation_043_retrieval_position_1	3897952	0	1	30090	2	0	29920
MG36HRX	277	Response	10	3914267	16315	4
MG36HRX	278	Picture	ITI	3928209	0	1	19056	2	0	18920
MG36HRX	279	Picture	CueingCross	3947433	0	1	3008	3	0	2920
MG36HRX	280	Picture	PrepTime	3950609	0	1	3009	2	0	2920
MG36HRX	281	Picture	2_47_Encoding_Working_Memory_MEG_P4_LR_Salient_NoChange_CuedRetrieval_300_300_399_1900_3000_2150_gabor_patch_orientation_180_040_108_020_target_position_2_4_retrieval_position_2	3953785	0	1	1337	2	0	1250
MG36HRX	281	Picture	Flicker2	3955122	1337	1	1337	2	1250	1250
MG36HRX	281	Picture	Flicker3	3956459	2674	1	1338	2	2500	1250
MG36HRX	282	Picture	Delay	3957964	0	1	19056	3	0	18920
MG36HRX	283	Picture	2_47_Retrieval_Working_Memory_MEG_P4_LR_Salient_NoChange_CuedRetrieval_retrieval_patch_orientation_040_retrieval_position_2	3977187	0	2	30090	3	0	29920
MG36HRX	283	Response	10	3993976	16789	4
MG36HRX	284	Picture	ITI	4007444	0	1	21564	2	0	21420
MG36HRX	285	Picture	CueingCross	4029176	0	1	3008	3	0	2920
MG36HRX	286	Picture	PrepTime	4032352	0	1	3009	2	0	2920
MG36HRX	287	Picture	2_48_Encoding_Working_Memory_MEG_P4_LR_Salient_NoChange_CuedRetrieval_300_300_399_1850_3000_2200_gabor_patch_orientation_147_037_082_010_target_position_1_2_retrieval_position_2	4035528	0	1	1337	2	0	1250
MG36HRX	287	Picture	Flicker2	4036865	1337	1	1337	2	1250	1250
MG36HRX	287	Picture	Flicker3	4038202	2674	1	1338	2	2500	1250
MG36HRX	288	Picture	Delay	4039707	0	1	18555	2	0	18420
MG36HRX	289	Picture	2_48_Retrieval_Working_Memory_MEG_P4_LR_Salient_NoChange_CuedRetrieval_retrieval_patch_orientation_037_retrieval_position_2	4058429	0	1	30090	2	0	29920
MG36HRX	289	Response	10	4067076	8647	3
MG36HRX	290	Picture	ITI	4088686	0	1	22065	2	0	21920
MG36HRX	291	Picture	CueingCross	4110919	0	1	3009	2	0	2920
MG36HRX	292	Picture	PrepTime	4114095	0	1	3009	2	0	2920
MG36HRX	293	Picture	2_49_Encoding_Working_Memory_MEG_P4_LR_Salient_NoChange_UncuedRetriev_300_300_399_2250_3000_1900_gabor_patch_orientation_096_050_177_072_target_position_1_4_retrieval_position_3	4117271	0	1	1337	2	0	1250
MG36HRX	293	Picture	Flicker2	4118608	1337	1	1337	2	1250	1250
MG36HRX	293	Picture	Flicker3	4119945	2674	1	1338	2	2500	1250
MG36HRX	294	Picture	Delay	4121450	0	1	22567	2	0	22420
MG36HRX	295	Picture	2_49_Retrieval_Working_Memory_MEG_P4_LR_Salient_NoChange_UncuedRetriev_retrieval_patch_orientation_177_retrieval_position_3	4144184	0	1	30090	2	0	29920
MG36HRX	295	Response	10	4154095	9911	3
MG36HRX	296	Picture	ITI	4174441	0	1	19056	3	0	18920
MG36HRX	297	Picture	CueingCross	4193665	0	1	3009	2	0	2920
MG36HRX	298	Picture	PrepTime	4196841	0	1	3009	2	0	2920
MG36HRX	299	Picture	2_50_Encoding_Working_Memory_MEG_P4_LR_Salient_DoChange_CuedRetrieval_300_300_399_2150_3000_2200_gabor_patch_orientation_091_130_157_040_target_position_1_2_retrieval_position_2	4200016	0	2	1338	3	0	1250
MG36HRX	299	Picture	Flicker2	4201354	1338	1	1337	3	1250	1250
MG36HRX	299	Picture	Flicker3	4202691	2675	2	1338	3	2500	1250
MG36HRX	300	Picture	Delay	4204196	0	1	21564	2	0	21420
MG36HRX	301	Picture	2_50_Retrieval_Working_Memory_MEG_P4_LR_Salient_DoChange_CuedRetrieval_retrieval_patch_orientation_179_retrieval_position_2	4225927	0	1	30090	2	0	29920
MG36HRX	301	Response	20	4235184	9257	3
MG36HRX	302	Picture	ITI	4256184	0	1	22065	2	0	21920
MG36HRX	303	Picture	CueingCross	4278417	0	1	3008	3	0	2920
MG36HRX	304	Picture	PrepTime	4281593	0	2	3009	3	0	2920
MG36HRX	305	Picture	2_51_Encoding_Working_Memory_MEG_P4_LR_Salient_NoChange_CuedRetrieval_300_300_399_2150_3000_1950_gabor_patch_orientation_007_120_140_060_target_position_2_3_retrieval_position_3	4284769	0	1	1337	2	0	1250
MG36HRX	305	Picture	Flicker2	4286106	1337	1	1337	2	1250	1250
MG36HRX	305	Picture	Flicker3	4287443	2674	1	1338	2	2500	1250
MG36HRX	306	Picture	Delay	4288948	0	1	21564	2	0	21420
MG36HRX	307	Picture	2_51_Retrieval_Working_Memory_MEG_P4_LR_Salient_NoChange_CuedRetrieval_retrieval_patch_orientation_140_retrieval_position_3	4310679	0	1	30090	2	0	29920
MG36HRX	307	Response	10	4320723	10044	3
MG36HRX	308	Picture	ITI	4340936	0	1	19558	2	0	19420
MG36HRX	309	Picture	CueingCross	4360661	0	1	3009	2	0	2920
MG36HRX	310	Picture	PrepTime	4363837	0	1	3009	2	0	2920
MG36HRX	311	Picture	2_52_Encoding_Working_Memory_MEG_P4_LR_Salient_NoChange_CuedRetrieval_300_300_399_1900_3000_2400_gabor_patch_orientation_147_075_095_060_target_position_2_3_retrieval_position_2	4367013	0	2	1338	3	0	1250
MG36HRX	311	Picture	Flicker2	4368351	1338	1	1337	3	1250	1250
MG36HRX	311	Picture	Flicker3	4369688	2675	2	1337	3	2500	1250
MG36HRX	312	Picture	Delay	4371192	0	2	19057	3	0	18920
MG36HRX	313	Picture	2_52_Retrieval_Working_Memory_MEG_P4_LR_Salient_NoChange_CuedRetrieval_retrieval_patch_orientation_075_retrieval_position_2	4390416	0	1	30090	2	0	29920
MG36HRX	313	Response	10	4400292	9876	3
MG36HRX	314	Picture	ITI	4420673	0	1	24071	3	0	23920
MG36HRX	315	Picture	CueingCross	4444912	0	1	3008	3	0	2920
MG36HRX	316	Picture	PrepTime	4448088	0	1	3009	2	0	2920
MG36HRX	317	Picture	2_53_Encoding_Working_Memory_MEG_P4_LR_Salient_DoChange_CuedRetrieval_300_300_399_1750_3000_1950_gabor_patch_orientation_093_149_060_111_target_position_1_2_retrieval_position_1	4451264	0	1	1337	2	0	1250
MG36HRX	317	Picture	Flicker2	4452601	1337	1	1337	2	1250	1250
MG36HRX	317	Picture	Flicker3	4453938	2674	1	1338	2	2500	1250
MG36HRX	318	Picture	Delay	4455443	0	1	17552	2	0	17420
MG36HRX	319	Picture	2_53_Retrieval_Working_Memory_MEG_P4_LR_Salient_DoChange_CuedRetrieval_retrieval_patch_orientation_043_retrieval_position_1	4473162	0	1	30090	2	0	29920
MG36HRX	319	Response	20	4485121	11959	4
MG36HRX	320	Picture	ITI	4503418	0	3	19558	5	0	19420
MG36HRX	321	Picture	CueingCross	4523144	0	1	3009	2	0	2920
MG36HRX	322	Picture	PrepTime	4526320	0	1	3009	2	0	2920
MG36HRX	323	Picture	2_54_Encoding_Working_Memory_MEG_P4_LR_Salient_NoChange_CuedRetrieval_300_300_399_2250_3000_2150_gabor_patch_orientation_164_087_131_041_target_position_1_4_retrieval_position_1	4529496	0	2	1338	3	0	1250
MG36HRX	323	Picture	Flicker2	4530834	1338	1	1337	2	1250	1250
MG36HRX	323	Picture	Flicker3	4532171	2675	1	1337	2	2500	1250
MG36HRX	324	Picture	Delay	4533675	0	2	22568	3	0	22420
MG36HRX	325	Picture	2_54_Retrieval_Working_Memory_MEG_P4_LR_Salient_NoChange_CuedRetrieval_retrieval_patch_orientation_164_retrieval_position_1	4556410	0	1	30089	2	0	29920
MG36HRX	325	Response	10	4563010	6600	4
MG36HRX	326	Picture	ITI	4586666	0	2	21564	4	0	21420
MG36HRX	327	Picture	CueingCross	4608398	0	1	3009	2	0	2920
MG36HRX	328	Picture	PrepTime	4611574	0	1	3009	2	0	2920
MG36HRX	329	Picture	2_55_Encoding_Working_Memory_MEG_P4_LR_Salient_DoChange_CuedRetrieval_300_300_399_2100_3000_2450_gabor_patch_orientation_150_062_120_172_target_position_1_2_retrieval_position_1	4614750	0	1	1337	2	0	1250
MG36HRX	329	Picture	Flicker2	4616087	1337	1	1337	3	1250	1250
MG36HRX	329	Picture	Flicker3	4617424	2674	2	1338	3	2500	1250
MG36HRX	330	Picture	Delay	4618929	0	1	21063	2	0	20920
MG36HRX	331	Picture	2_55_Retrieval_Working_Memory_MEG_P4_LR_Salient_DoChange_CuedRetrieval_retrieval_patch_orientation_100_retrieval_position_1	4640159	0	1	30089	2	0	29920
MG36HRX	331	Response	20	4648059	7900	4
MG36HRX	332	Picture	ITI	4670415	0	2	24573	3	0	24420
MG36HRX	333	Picture	CueingCross	4695156	0	1	3008	3	0	2920
MG36HRX	334	Picture	PrepTime	4698332	0	1	3009	2	0	2920
MG36HRX	335	Picture	2_56_Encoding_Working_Memory_MEG_P4_LR_Salient_NoChange_CuedRetrieval_300_300_399_2000_3000_2100_gabor_patch_orientation_078_056_023_137_target_position_2_4_retrieval_position_4	4701508	0	1	1337	2	0	1250
MG36HRX	335	Picture	Flicker2	4702845	1337	1	1337	2	1250	1250
MG36HRX	335	Picture	Flicker3	4704182	2674	1	1338	2	2500	1250
MG36HRX	336	Picture	Delay	4705687	0	2	20059	4	0	19920
MG36HRX	337	Picture	2_56_Retrieval_Working_Memory_MEG_P4_LR_Salient_NoChange_CuedRetrieval_retrieval_patch_orientation_137_retrieval_position_4	4725914	0	1	30089	2	0	29920
MG36HRX	337	Response	10	4734848	8934	4
MG36HRX	338	Picture	ITI	4756170	0	2	21063	3	0	20920
MG36HRX	339	Picture	CueingCross	4777400	0	1	3009	2	0	2920
MG36HRX	340	Picture	PrepTime	4780576	0	1	3009	2	0	2920
MG36HRX	341	Picture	2_57_Encoding_Working_Memory_MEG_P4_LR_Salient_DoChange_CuedRetrieval_300_300_399_2250_3000_2200_gabor_patch_orientation_070_103_143_015_target_position_1_2_retrieval_position_2	4783752	0	2	1338	3	0	1250
MG36HRX	341	Picture	Flicker2	4785090	1338	1	1337	2	1250	1250
MG36HRX	341	Picture	Flicker3	4786427	2675	1	1337	2	2500	1250
MG36HRX	342	Picture	Delay	4787931	0	2	22567	4	0	22420
MG36HRX	343	Picture	2_57_Retrieval_Working_Memory_MEG_P4_LR_Salient_DoChange_CuedRetrieval_retrieval_patch_orientation_053_retrieval_position_2	4810666	0	1	30089	2	0	29920
MG36HRX	343	Response	20	4819637	8971	4
MG36HRX	344	Picture	ITI	4840922	0	2	22066	3	0	21920
MG36HRX	345	Picture	CueingCross	4863155	0	1	3009	2	0	2920
MG36HRX	346	Picture	PrepTime	4866331	0	1	3009	2	0	2920
MG36HRX	347	Picture	2_58_Encoding_Working_Memory_MEG_P4_LR_Salient_DoChange_UncuedRetriev_300_300_399_1850_3000_2250_gabor_patch_orientation_068_088_122_145_target_position_1_4_retrieval_position_2	4869507	0	1	1338	2	0	1250
MG36HRX	347	Picture	Flicker2	4870845	1338	1	1337	2	1250	1250
MG36HRX	347	Picture	Flicker3	4872182	2675	1	1337	2	2500	1250
MG36HRX	348	Picture	Delay	4873686	0	2	18555	4	0	18420
MG36HRX	349	Picture	2_58_Retrieval_Working_Memory_MEG_P4_LR_Salient_DoChange_UncuedRetriev_retrieval_patch_orientation_039_retrieval_position_2	4892409	0	1	30089	2	0	29920
MG36HRX	349	Response	20	4901347	8938	3
MG36HRX	350	Picture	ITI	4922665	0	2	22567	4	0	22420
MG36HRX	351	Picture	CueingCross	4945400	0	1	3008	3	0	2920
MG36HRX	352	Picture	PrepTime	4948576	0	1	3009	2	0	2920
MG36HRX	353	Picture	2_59_Encoding_Working_Memory_MEG_P4_LR_Salient_DoChange_CuedRetrieval_300_300_399_2100_3000_2250_gabor_patch_orientation_061_148_118_166_target_position_1_4_retrieval_position_1	4951752	0	1	1337	2	0	1250
MG36HRX	353	Picture	Flicker2	4953089	1337	1	1337	2	1250	1250
MG36HRX	353	Picture	Flicker3	4954426	2674	1	1338	2	2500	1250
MG36HRX	354	Picture	Delay	4955931	0	1	21062	3	0	20920
MG36HRX	355	Picture	2_59_Retrieval_Working_Memory_MEG_P4_LR_Salient_DoChange_CuedRetrieval_retrieval_patch_orientation_011_retrieval_position_1	4977161	0	1	30089	2	0	29920
MG36HRX	355	Response	10	5000386	23225	3
MG36HRX	356	Picture	ITI	5007417	0	2	22567	3	0	22420
MG36HRX	357	Picture	CueingCross	5030152	0	1	3008	3	0	2920
MG36HRX	358	Picture	PrepTime	5033328	0	1	3009	2	0	2920
MG36HRX	359	Picture	2_60_Encoding_Working_Memory_MEG_P4_LR_Salient_DoChange_CuedRetrieval_300_300_399_2000_3000_1900_gabor_patch_orientation_098_117_166_083_target_position_1_3_retrieval_position_3	5036504	0	1	1337	2	0	1250
MG36HRX	359	Picture	Flicker2	5037841	1337	1	1337	2	1250	1250
MG36HRX	359	Picture	Flicker3	5039178	2674	1	1338	2	2500	1250
MG36HRX	360	Picture	Delay	5040683	0	1	20059	3	0	19920
MG36HRX	361	Picture	2_60_Retrieval_Working_Memory_MEG_P4_LR_Salient_DoChange_CuedRetrieval_retrieval_patch_orientation_031_retrieval_position_3	5060910	0	1	30089	2	0	29920
MG36HRX	361	Response	20	5073555	12645	3
MG36HRX	362	Picture	ITI	5091166	0	2	19057	4	0	18920
MG36HRX	363	Picture	CueingCross	5110390	0	1	3009	2	0	2920
MG36HRX	364	Picture	PrepTime	5113566	0	1	3009	2	0	2920
MG36HRX	365	Picture	2_61_Encoding_Working_Memory_MEG_P4_LR_Salient_NoChange_CuedRetrieval_300_300_399_2050_3000_2100_gabor_patch_orientation_160_038_100_178_target_position_3_4_retrieval_position_3	5116742	0	2	1338	3	0	1250
MG36HRX	365	Picture	Flicker2	5118080	1338	1	1337	2	1250	1250
MG36HRX	365	Picture	Flicker3	5119417	2675	1	1337	2	2500	1250
MG36HRX	366	Picture	Delay	5120921	0	2	20561	4	0	20420
MG36HRX	367	Picture	2_61_Retrieval_Working_Memory_MEG_P4_LR_Salient_NoChange_CuedRetrieval_retrieval_patch_orientation_100_retrieval_position_3	5141650	0	1	30089	2	0	29920
MG36HRX	367	Response	10	5157604	15954	3
MG36HRX	368	Picture	ITI	5171906	0	2	21063	3	0	20920
MG36HRX	369	Picture	CueingCross	5193136	0	1	3009	2	0	2920
MG36HRX	370	Picture	PrepTime	5196312	0	1	3009	2	0	2920
MG36HRX	371	Picture	2_62_Encoding_Working_Memory_MEG_P4_LR_Salient_NoChange_UncuedRetriev_300_300_399_2200_3000_2550_gabor_patch_orientation_088_004_128_169_target_position_3_4_retrieval_position_1	5199488	0	2	1338	3	0	1250
MG36HRX	371	Picture	Flicker2	5200826	1338	1	1336	3	1250	1250
MG36HRX	371	Picture	Flicker3	5202162	2674	2	1338	3	2500	1250
MG36HRX	372	Picture	Delay	5203667	0	2	22066	3	0	21920
MG36HRX	373	Picture	2_62_Retrieval_Working_Memory_MEG_P4_LR_Salient_NoChange_UncuedRetriev_retrieval_patch_orientation_088_retrieval_position_1	5225900	0	1	30090	2	0	29920
MG36HRX	373	Response	10	5239073	13173	3
MG36HRX	374	Picture	ITI	5256157	0	1	25576	2	0	25420
MG36HRX	375	Picture	CueingCross	5281900	0	1	3009	2	0	2920
MG36HRX	376	Picture	PrepTime	5285076	0	1	3009	2	0	2920
MG36HRX	377	Picture	2_63_Encoding_Working_Memory_MEG_P4_LR_Salient_DoChange_CuedRetrieval_300_300_399_2250_3000_2600_gabor_patch_orientation_014_098_044_176_target_position_1_3_retrieval_position_1	5288252	0	1	1338	2	0	1250
MG36HRX	377	Picture	Flicker2	5289590	1338	1	1337	2	1250	1250
MG36HRX	377	Picture	Flicker3	5290927	2675	1	1337	2	2500	1250
MG36HRX	378	Picture	Delay	5292431	0	1	22567	2	0	22420
MG36HRX	379	Picture	2_63_Retrieval_Working_Memory_MEG_P4_LR_Salient_DoChange_CuedRetrieval_retrieval_patch_orientation_060_retrieval_position_1	5315166	0	1	30089	2	0	29920
MG36HRX	379	Response	20	5331732	16566	3
MG36HRX	380	Picture	ITI	5345422	0	1	26078	2	0	25920
MG36HRX	381	Picture	CueingCross	5371667	0	1	3009	2	0	2920
MG36HRX	382	Picture	PrepTime	5374843	0	1	3009	2	0	2920
MG36HRX	383	Picture	2_64_Encoding_Working_Memory_MEG_P4_LR_Salient_NoChange_CuedRetrieval_300_300_399_1850_3000_2200_gabor_patch_orientation_035_011_167_058_target_position_1_3_retrieval_position_1	5378019	0	1	1337	2	0	1250
MG36HRX	383	Picture	Flicker2	5379356	1337	1	1338	2	1250	1250
MG36HRX	383	Picture	Flicker3	5380694	2675	1	1337	2	2500	1250
MG36HRX	384	Picture	Delay	5382198	0	1	18555	2	0	18420
MG36HRX	385	Picture	2_64_Retrieval_Working_Memory_MEG_P4_LR_Salient_NoChange_CuedRetrieval_retrieval_patch_orientation_035_retrieval_position_1	5400921	0	1	30089	2	0	29920
MG36HRX	385	Response	10	5409951	9030	4
MG36HRX	386	Picture	ITI	5431177	0	1	22066	2	0	21920
MG36HRX	387	Picture	CueingCross	5453410	0	1	3009	2	0	2920
MG36HRX	388	Picture	PrepTime	5456586	0	1	3009	2	0	2920
MG36HRX	389	Picture	2_65_Encoding_Working_Memory_MEG_P4_LR_Salient_DoChange_CuedRetrieval_300_300_399_2100_3000_2000_gabor_patch_orientation_010_149_126_039_target_position_2_3_retrieval_position_2	5459762	0	1	1337	2	0	1250
MG36HRX	389	Picture	Flicker2	5461099	1337	1	1338	2	1250	1250
MG36HRX	389	Picture	Flicker3	5462437	2675	1	1337	2	2500	1250
MG36HRX	390	Picture	Delay	5463941	0	1	21063	2	0	20920
MG36HRX	391	Picture	2_65_Retrieval_Working_Memory_MEG_P4_LR_Salient_DoChange_CuedRetrieval_retrieval_patch_orientation_099_retrieval_position_2	5485171	0	1	30089	3	0	29920
MG36HRX	391	Response	20	5495540	10369	5
MG36HRX	392	Picture	ITI	5515428	0	1	20059	2	0	19920
MG36HRX	393	Picture	CueingCross	5535654	0	2	3009	3	0	2920
MG36HRX	394	Picture	PrepTime	5538830	0	2	3009	4	0	2920
MG36HRX	395	Picture	2_66_Encoding_Working_Memory_MEG_P4_LR_Salient_NoChange_UncuedRetriev_300_300_399_1950_3000_2350_gabor_patch_orientation_044_164_134_112_target_position_1_3_retrieval_position_2	5542007	0	1	1337	2	0	1250
MG36HRX	395	Picture	Flicker2	5543344	1337	1	1337	2	1250	1250
MG36HRX	395	Picture	Flicker3	5544681	2674	1	1338	2	2500	1250
MG36HRX	396	Picture	Delay	5546186	0	1	19558	2	0	19420
MG36HRX	397	Picture	2_66_Retrieval_Working_Memory_MEG_P4_LR_Salient_NoChange_UncuedRetriev_retrieval_patch_orientation_164_retrieval_position_2	5565911	0	1	30089	3	0	29920
MG36HRX	397	Response	10	5576529	10618	4
MG36HRX	398	Picture	ITI	5596168	0	1	23570	2	0	23420
MG36HRX	399	Picture	CueingCross	5619905	0	1	3009	2	0	2920
MG36HRX	400	Picture	PrepTime	5623081	0	1	3009	2	0	2920
MG36HRX	401	Picture	2_67_Encoding_Working_Memory_MEG_P4_LR_Salient_NoChange_CuedRetrieval_300_300_399_2150_3000_2400_gabor_patch_orientation_095_140_161_111_target_position_1_2_retrieval_position_1	5626257	0	1	1337	3	0	1250
MG36HRX	401	Picture	Flicker2	5627594	1337	2	1338	3	1250	1250
MG36HRX	401	Picture	Flicker3	5628932	2675	1	1337	2	2500	1250
MG36HRX	402	Picture	Delay	5630436	0	1	21564	2	0	21420
MG36HRX	403	Picture	2_67_Retrieval_Working_Memory_MEG_P4_LR_Salient_NoChange_CuedRetrieval_retrieval_patch_orientation_095_retrieval_position_1	5652167	0	2	30090	3	0	29920
MG36HRX	403	Response	10	5672408	20241	4
MG36HRX	404	Picture	ITI	5682424	0	1	24072	2	0	23920
MG36HRX	405	Picture	CueingCross	5706663	0	1	3009	2	0	2920
MG36HRX	406	Picture	PrepTime	5709839	0	1	3009	2	0	2920
MG36HRX	407	Picture	2_68_Encoding_Working_Memory_MEG_P4_LR_Salient_DoChange_CuedRetrieval_300_300_399_2200_3000_2350_gabor_patch_orientation_122_062_036_082_target_position_2_3_retrieval_position_2	5713015	0	1	1337	2	0	1250
MG36HRX	407	Picture	Flicker2	5714352	1337	1	1338	2	1250	1250
MG36HRX	407	Picture	Flicker3	5715690	2675	1	1337	3	2500	1250
MG36HRX	408	Picture	Delay	5717194	0	1	22066	2	0	21920
MG36HRX	409	Picture	2_68_Retrieval_Working_Memory_MEG_P4_LR_Salient_DoChange_CuedRetrieval_retrieval_patch_orientation_014_retrieval_position_2	5739427	0	1	30089	2	0	29920
MG36HRX	409	Response	20	5763787	24360	4
MG36HRX	410	Picture	ITI	5769683	0	2	23571	3	0	23420
MG36HRX	411	Picture	CueingCross	5793421	0	1	3009	2	0	2920
MG36HRX	412	Picture	PrepTime	5796597	0	1	3009	2	0	2920
MG36HRX	413	Picture	2_69_Encoding_Working_Memory_MEG_P4_LR_Salient_DoChange_CuedRetrieval_300_300_399_1750_3000_2000_gabor_patch_orientation_084_168_099_012_target_position_1_3_retrieval_position_1	5799773	0	1	1337	2	0	1250
MG36HRX	413	Picture	Flicker2	5801110	1337	1	1338	2	1250	1250
MG36HRX	413	Picture	Flicker3	5802448	2675	1	1337	2	2500	1250
MG36HRX	414	Picture	Delay	5803952	0	1	17552	2	0	17420
MG36HRX	415	Picture	2_69_Retrieval_Working_Memory_MEG_P4_LR_Salient_DoChange_CuedRetrieval_retrieval_patch_orientation_039_retrieval_position_1	5821671	0	2	30090	3	0	29920
MG36HRX	415	Response	20	5831047	9376	3
MG36HRX	416	Picture	ITI	5851928	0	1	20060	2	0	19920
MG36HRX	417	Picture	CueingCross	5872155	0	1	3009	2	0	2920
MG36HRX	418	Picture	PrepTime	5875331	0	1	3009	2	0	2920
MG36HRX	419	Picture	2_70_Encoding_Working_Memory_MEG_P4_LR_Salient_DoChange_UncuedRetriev_300_300_399_1850_3000_2150_gabor_patch_orientation_112_031_157_173_target_position_2_3_retrieval_position_1	5878507	0	1	1337	2	0	1250
MG36HRX	419	Picture	Flicker2	5879844	1337	1	1338	2	1250	1250
MG36HRX	419	Picture	Flicker3	5881182	2675	1	1337	2	2500	1250
MG36HRX	420	Picture	Delay	5882686	0	1	18555	2	0	18420
MG36HRX	421	Picture	2_70_Retrieval_Working_Memory_MEG_P4_LR_Salient_DoChange_UncuedRetriev_retrieval_patch_orientation_067_retrieval_position_1	5901408	0	2	30090	3	0	29920
MG36HRX	421	Response	20	5912426	11018	3
MG36HRX	422	Picture	ITI	5931665	0	1	21564	2	0	21420
MG36HRX	423	Picture	BaselinePost	5953396	0	2	50149	4	0	50000
