Scenario - ATWM1_Working_Memory_MEG_salient_cued_instruction
Logfile written - 02/09/2016 12:09:06

Subject	Trial	Event Type	Code	Time	TTime	Uncertainty	Duration	Uncertainty	ReqTime	ReqDur

LG82ZTE	1	Picture	Instruction_S_C	28	0	2	100130	3	0	100000
LG82ZTE	2	Picture	Instruction2	100325	0	1	100129	2	0	100000
LG82ZTE	3	Picture	Instruction3	200621	0	1	12537	2	0	resp
LG82ZTE	3	Response	10	212966	12345	4
LG82ZTE	4	Picture	Instruction4	233050	0	2	7021	3	0	resp
LG82ZTE	4	Response	20	239915	6865	4
LG82ZTE	5	Picture	Instruction5	259963	0	1	7690	2	0	resp
LG82ZTE	5	Response	10	267604	7641	4
LG82ZTE	6	Picture	Instruction4	287712	0	1	6352	2	0	resp
LG82ZTE	6	Response	20	294023	6311	4
LG82ZTE	7	Picture	Instruction3	314123	0	1	8024	2	0	resp
LG82ZTE	7	Response	10	322083	7960	3
LG82ZTE	8	Picture	Instruction4	342206	0	1	6185	2	0	resp
LG82ZTE	8	Response	20	348362	6156	3
LG82ZTE	9	Picture	Instruction_S_C_TestTrials	368449	0	2	100130	3	0	100000
LG82ZTE	10	Picture	BaselinePre	468747	0	1	20059	2	0	20000
LG82ZTE	11	Picture	CueingCross	488973	0	1	3009	2	0	2920
LG82ZTE	12	Picture	PrepTime	492149	0	1	3009	2	0	2920
LG82ZTE	13	Picture	2_1_Encoding_Working_Memory_MEG_P2_LR_Salient_NoChange_CuedRetrieval_300_300_399_1750_3000_1900_gabor_patch_orientation_087_035_005_161_target_position_3_4_retrieval_position_4	495325	0	1	1337	2	0	1250
LG82ZTE	13	Picture	Flicker2	496662	1337	1	1338	2	1250	1250
LG82ZTE	13	Picture	Flicker3	498000	2675	1	1337	2	2500	1250
LG82ZTE	14	Picture	Delay	499504	0	1	17552	2	0	17420
LG82ZTE	15	Picture	2_1_Retrieval_Working_Memory_MEG_P2_LR_Salient_NoChange_CuedRetrieval_retrieval_patch_orientation_161_retrieval_position_4	517223	0	1	30089	2	0	29920
LG82ZTE	15	Response	10	527546	10323	4
LG82ZTE	16	Picture	ITI	567371	0	1	19056	2	0	18920
LG82ZTE	17	Picture	CueingCross	586595	0	1	3008	3	0	2920
LG82ZTE	18	Picture	PrepTime	589771	0	1	3008	3	0	2920
LG82ZTE	19	Picture	2_2_Encoding_Working_Memory_MEG_P2_LR_Salient_DoChange_CuedRetrieval_300_300_399_1850_3000_2050_gabor_patch_orientation_095_155_034_124_target_position_3_4_retrieval_position_4	592947	0	1	1337	2	0	1250
LG82ZTE	19	Picture	Flicker2	594284	1337	1	1337	2	1250	1250
LG82ZTE	19	Picture	Flicker3	595621	2674	1	1337	3	2500	1250
LG82ZTE	20	Picture	Delay	597126	0	1	18554	3	0	18420
LG82ZTE	21	Picture	2_2_Retrieval_Working_Memory_MEG_P2_LR_Salient_DoChange_CuedRetrieval_retrieval_patch_orientation_076_retrieval_position_4	615848	0	1	30088	3	0	29920
LG82ZTE	21	Response	20	624243	8395	4
LG82ZTE	22	Picture	ITI	665996	0	1	20560	3	0	20420
LG82ZTE	23	Picture	CueingCross	686724	0	1	3008	3	0	2920
LG82ZTE	24	Picture	PrepTime	689900	0	1	3009	2	0	2920
LG82ZTE	25	Picture	2_3_Encoding_Working_Memory_MEG_P2_LR_Salient_DoChange_CuedRetrieval_300_300_399_1800_3000_1950_gabor_patch_orientation_059_105_174_035_target_position_1_4_retrieval_position_4	693076	0	1	1337	2	0	1250
LG82ZTE	25	Picture	Flicker2	694413	1337	1	1337	2	1250	1250
LG82ZTE	25	Picture	Flicker3	695750	2674	1	1338	2	2500	1250
LG82ZTE	26	Picture	Delay	697255	0	1	18053	2	0	17920
LG82ZTE	27	Picture	2_3_Retrieval_Working_Memory_MEG_P2_LR_Salient_DoChange_CuedRetrieval_retrieval_patch_orientation_085_retrieval_position_4	715475	0	1	30089	2	0	29920
LG82ZTE	27	Response	20	723920	8445	4
LG82ZTE	28	Picture	ITI	765623	0	1	19558	2	0	19420
LG82ZTE	29	Picture	CueingCross	785348	0	1	3009	2	0	2920
LG82ZTE	30	Picture	PrepTime	788524	0	1	3009	2	0	2920
LG82ZTE	31	Picture	2_4_Encoding_Working_Memory_MEG_P2_LR_Salient_NoChange_CuedRetrieval_300_300_399_1900_3000_2000_gabor_patch_orientation_167_123_017_079_target_position_1_4_retrieval_position_4	791700	0	2	1338	3	0	1250
LG82ZTE	31	Picture	Flicker2	793038	1338	1	1337	2	1250	1250
LG82ZTE	31	Picture	Flicker3	794375	2675	1	1337	2	2500	1250
LG82ZTE	32	Picture	Delay	795879	0	2	19057	3	0	18920
LG82ZTE	33	Picture	2_4_Retrieval_Working_Memory_MEG_P2_LR_Salient_NoChange_CuedRetrieval_retrieval_patch_orientation_079_retrieval_position_4	815103	0	1	30089	2	0	29920
LG82ZTE	33	Response	10	824077	8974	4
LG82ZTE	34	Picture	ITI	865251	0	1	20059	2	0	19920
LG82ZTE	35	Picture	BaselinePost	885477	0	1	20059	3	0	20000
LG82ZTE	36	Picture	Instruction_S_C	905704	0	1	113951	2	0	3000000
LG82ZTE	36	Quit		1011613	105909	
