Scenario - ATWM1_Working_Memory_MEG_salient_cued_run2
Logfile written - 02/09/2016 13:02:24

Subject	Trial	Event Type	Code	Time	TTime	Uncertainty	Duration	Uncertainty	ReqTime	ReqDur

LG82ZTE	1	Picture	ExpStart	29	0	1	10029	3	0	10000
LG82ZTE	2	Picture	BaselinePre	10226	0	1	100129	2	0	100000
LG82ZTE	3	Picture	CueingCross	110522	0	1	3009	2	0	2920
LG82ZTE	4	Picture	PrepTime	113698	0	1	3009	2	0	2920
LG82ZTE	5	Picture	2_1_Encoding_Working_Memory_MEG_P2_LR_Nonsalient_NoChange_CuedRetrieval_300_300_399_1750_3000_2000_gabor_patch_orientation_149_001_038_018_target_position_3_4_retrieval_position_3	116874	0	1	1337	2	0	1250
LG82ZTE	5	Picture	Flicker2	118211	1337	1	1337	3	1250	1250
LG82ZTE	5	Picture	Flicker3	119548	2674	2	1338	3	2500	1250
LG82ZTE	6	Picture	Delay	121053	0	1	17552	2	0	17420
LG82ZTE	7	Picture	2_1_Retrieval_Working_Memory_MEG_P2_LR_Nonsalient_NoChange_CuedRetrieval_retrieval_patch_orientation_038_retrieval_position_3	138772	0	1	30089	2	0	29920
LG82ZTE	7	Response	10	145526	6754	4
LG82ZTE	8	Picture	ITI	169028	0	1	20059	2	0	19920
LG82ZTE	9	Picture	CueingCross	189254	0	2	3009	3	0	2920
LG82ZTE	10	Picture	PrepTime	192430	0	2	3009	3	0	2920
LG82ZTE	11	Picture	2_2_Encoding_Working_Memory_MEG_P2_LR_Nonsalient_DoChange_CuedRetrieval_300_300_399_2200_3000_2150_gabor_patch_orientation_092_127_177_155_target_position_1_3_retrieval_position_3	195606	0	2	1338	3	0	1250
LG82ZTE	11	Picture	Flicker2	196944	1338	1	1337	2	1250	1250
LG82ZTE	11	Picture	Flicker3	198281	2675	1	1337	2	2500	1250
LG82ZTE	12	Picture	Delay	199785	0	2	22066	3	0	21920
LG82ZTE	13	Picture	2_2_Retrieval_Working_Memory_MEG_P2_LR_Nonsalient_DoChange_CuedRetrieval_retrieval_patch_orientation_039_retrieval_position_3	222018	0	1	30089	2	0	29920
LG82ZTE	13	Response	20	230124	8106	3
LG82ZTE	14	Picture	ITI	252274	0	1	21563	3	0	21420
LG82ZTE	15	Picture	CueingCross	274005	0	1	3008	3	0	2920
LG82ZTE	16	Picture	PrepTime	277181	0	1	3009	2	0	2920
LG82ZTE	17	Picture	2_3_Encoding_Working_Memory_MEG_P2_LR_Nonsalient_NoChange_CuedRetrieval_300_300_399_2150_3000_1900_gabor_patch_orientation_079_129_046_020_target_position_1_3_retrieval_position_3	280356	0	2	1337	4	0	1250
LG82ZTE	17	Picture	Flicker2	281693	1337	2	1338	3	1250	1250
LG82ZTE	17	Picture	Flicker3	283031	2675	1	1338	2	2500	1250
LG82ZTE	18	Picture	Delay	284536	0	1	21563	3	0	21420
LG82ZTE	19	Picture	2_3_Retrieval_Working_Memory_MEG_P2_LR_Nonsalient_NoChange_CuedRetrieval_retrieval_patch_orientation_046_retrieval_position_3	306267	0	1	30088	2	0	29920
LG82ZTE	19	Response	10	317281	11014	3
LG82ZTE	20	Picture	ITI	336523	0	1	19056	2	0	18920
LG82ZTE	21	Picture	CueingCross	355746	0	1	3009	2	0	2920
LG82ZTE	22	Picture	PrepTime	358922	0	1	3009	3	0	2920
LG82ZTE	23	Picture	2_4_Encoding_Working_Memory_MEG_P2_LR_Nonsalient_DoChange_CuedRetrieval_300_300_399_1800_3000_2400_gabor_patch_orientation_160_005_081_025_target_position_1_4_retrieval_position_1	362098	0	1	1337	3	0	1250
LG82ZTE	23	Picture	Flicker2	363435	1337	2	1338	3	1250	1250
LG82ZTE	23	Picture	Flicker3	364773	2675	1	1337	2	2500	1250
LG82ZTE	24	Picture	Delay	366277	0	1	18053	3	0	17920
LG82ZTE	25	Picture	2_4_Retrieval_Working_Memory_MEG_P2_LR_Nonsalient_DoChange_CuedRetrieval_retrieval_patch_orientation_115_retrieval_position_1	384498	0	1	30088	3	0	29920
LG82ZTE	25	Response	20	392059	7561	3
LG82ZTE	26	Picture	ITI	414754	0	1	24071	2	0	23920
LG82ZTE	27	Picture	CueingCross	438992	0	1	3009	2	0	2920
LG82ZTE	28	Picture	PrepTime	442168	0	1	3009	2	0	2920
LG82ZTE	29	Picture	2_5_Encoding_Working_Memory_MEG_P2_LR_Nonsalient_NoChange_CuedRetrieval_300_300_399_2200_3000_2150_gabor_patch_orientation_039_144_114_070_target_position_1_2_retrieval_position_1	445344	0	1	1337	2	0	1250
LG82ZTE	29	Picture	Flicker2	446681	1337	1	1337	3	1250	1250
LG82ZTE	29	Picture	Flicker3	448018	2674	2	1338	3	2500	1250
LG82ZTE	30	Picture	Delay	449523	0	1	22065	2	0	21920
LG82ZTE	31	Picture	2_5_Retrieval_Working_Memory_MEG_P2_LR_Nonsalient_NoChange_CuedRetrieval_retrieval_patch_orientation_039_retrieval_position_1	471755	0	1	30089	2	0	29920
LG82ZTE	31	Response	10	480546	8791	3
LG82ZTE	32	Picture	ITI	502011	0	2	21564	3	0	21420
LG82ZTE	33	Picture	CueingCross	523742	0	1	3009	2	0	2920
LG82ZTE	34	Picture	PrepTime	526918	0	1	3009	2	0	2920
LG82ZTE	35	Picture	2_6_Encoding_Working_Memory_MEG_P2_LR_Nonsalient_NoChange_CuedRetrieval_300_300_399_1900_3000_2100_gabor_patch_orientation_055_089_074_161_target_position_2_4_retrieval_position_4	530094	0	1	1337	3	0	1250
LG82ZTE	35	Picture	Flicker2	531431	1337	2	1338	3	1250	1250
LG82ZTE	35	Picture	Flicker3	532769	2675	1	1337	2	2500	1250
LG82ZTE	36	Picture	Delay	534273	0	1	19056	3	0	18920
LG82ZTE	37	Picture	2_6_Retrieval_Working_Memory_MEG_P2_LR_Nonsalient_NoChange_CuedRetrieval_retrieval_patch_orientation_161_retrieval_position_4	553497	0	1	30088	3	0	29920
LG82ZTE	37	Response	10	562753	9256	4
LG82ZTE	38	Picture	ITI	583752	0	2	21063	3	0	20920
LG82ZTE	39	Picture	CueingCross	604982	0	1	3009	2	0	2920
LG82ZTE	40	Picture	PrepTime	608158	0	1	3009	2	0	2920
LG82ZTE	41	Picture	2_7_Encoding_Working_Memory_MEG_P2_LR_Nonsalient_NoChange_UncuedRetriev_300_300_399_2100_3000_2550_gabor_patch_orientation_144_011_125_177_target_position_1_3_retrieval_position_2	611334	0	1	1337	2	0	1250
LG82ZTE	41	Picture	Flicker2	612671	1337	1	1338	2	1250	1250
LG82ZTE	41	Picture	Flicker3	614009	2675	1	1337	2	2500	1250
LG82ZTE	42	Picture	Delay	615513	0	1	21062	2	0	20920
LG82ZTE	43	Picture	2_7_Retrieval_Working_Memory_MEG_P2_LR_Nonsalient_NoChange_UncuedRetriev_retrieval_patch_orientation_011_retrieval_position_2	636742	0	2	30089	3	0	29920
LG82ZTE	43	Response	10	647051	10309	3
LG82ZTE	44	Picture	ITI	666998	0	2	25576	3	0	25420
LG82ZTE	45	Picture	CueingCross	692741	0	1	3009	2	0	2920
LG82ZTE	46	Picture	PrepTime	695917	0	1	3009	2	0	2920
LG82ZTE	47	Picture	2_8_Encoding_Working_Memory_MEG_P2_LR_Nonsalient_NoChange_CuedRetrieval_300_300_399_2050_3000_1950_gabor_patch_orientation_085_011_164_138_target_position_1_3_retrieval_position_3	699093	0	1	1338	2	0	1250
LG82ZTE	47	Picture	Flicker2	700431	1338	1	1337	2	1250	1250
LG82ZTE	47	Picture	Flicker3	701768	2675	1	1337	2	2500	1250
LG82ZTE	48	Picture	Delay	703272	0	1	20561	2	0	20420
LG82ZTE	49	Picture	2_8_Retrieval_Working_Memory_MEG_P2_LR_Nonsalient_NoChange_CuedRetrieval_retrieval_patch_orientation_164_retrieval_position_3	724000	0	1	30089	2	0	29920
LG82ZTE	49	Response	10	732348	8348	4
LG82ZTE	50	Picture	ITI	754256	0	1	19558	2	0	19420
LG82ZTE	51	Picture	CueingCross	773981	0	1	3009	2	0	2920
LG82ZTE	52	Picture	PrepTime	777157	0	1	3009	2	0	2920
LG82ZTE	53	Picture	2_9_Encoding_Working_Memory_MEG_P2_LR_Nonsalient_DoChange_CuedRetrieval_300_300_399_2050_3000_2450_gabor_patch_orientation_134_088_151_022_target_position_3_4_retrieval_position_3	780333	0	1	1337	3	0	1250
LG82ZTE	53	Picture	Flicker2	781670	1337	2	1338	3	1250	1250
LG82ZTE	53	Picture	Flicker3	783008	2675	1	1337	2	2500	1250
LG82ZTE	54	Picture	Delay	784512	0	1	20561	2	0	20420
LG82ZTE	55	Picture	2_9_Retrieval_Working_Memory_MEG_P2_LR_Nonsalient_DoChange_CuedRetrieval_retrieval_patch_orientation_104_retrieval_position_3	805240	0	1	30089	2	0	29920
LG82ZTE	55	Response	20	812406	7166	3
LG82ZTE	56	Picture	ITI	835496	0	1	24573	2	0	24420
LG82ZTE	57	Picture	CueingCross	860236	0	1	3009	2	0	2920
LG82ZTE	58	Picture	PrepTime	863412	0	1	3009	2	0	2920
LG82ZTE	59	Picture	2_10_Encoding_Working_Memory_MEG_P2_LR_Nonsalient_DoChange_UncuedRetriev_300_300_399_2200_3000_2300_gabor_patch_orientation_097_179_117_027_target_position_1_4_retrieval_position_2	866588	0	1	1337	2	0	1250
LG82ZTE	59	Picture	Flicker2	867925	1337	1	1337	3	1250	1250
LG82ZTE	59	Picture	Flicker3	869262	2674	2	1338	3	2500	1250
LG82ZTE	60	Picture	Delay	870767	0	1	22065	2	0	21920
LG82ZTE	61	Picture	2_10_Retrieval_Working_Memory_MEG_P2_LR_Nonsalient_DoChange_UncuedRetriev_retrieval_patch_orientation_044_retrieval_position_2	892999	0	1	30089	2	0	29920
LG82ZTE	61	Response	10	905313	12314	3
LG82ZTE	62	Picture	ITI	923255	0	2	23068	3	0	22920
LG82ZTE	63	Picture	CueingCross	946490	0	2	3009	3	0	2920
LG82ZTE	64	Picture	PrepTime	949667	0	1	3008	2	0	2920
LG82ZTE	65	Picture	2_11_Encoding_Working_Memory_MEG_P2_LR_Nonsalient_NoChange_CuedRetrieval_300_300_399_2150_3000_2150_gabor_patch_orientation_108_054_139_024_target_position_1_4_retrieval_position_4	952843	0	1	1337	2	0	1250
LG82ZTE	65	Picture	Flicker2	954180	1337	1	1337	2	1250	1250
LG82ZTE	65	Picture	Flicker3	955517	2674	1	1337	3	2500	1250
LG82ZTE	66	Picture	Delay	957022	0	1	21563	2	0	21420
LG82ZTE	67	Picture	2_11_Retrieval_Working_Memory_MEG_P2_LR_Nonsalient_NoChange_CuedRetrieval_retrieval_patch_orientation_024_retrieval_position_4	978752	0	2	30089	3	0	29920
LG82ZTE	67	Response	10	995220	16468	4
LG82ZTE	68	Picture	ITI	1009008	0	2	21564	3	0	21420
LG82ZTE	69	Picture	CueingCross	1030739	0	2	3009	3	0	2920
LG82ZTE	70	Picture	PrepTime	1033915	0	2	3009	3	0	2920
LG82ZTE	71	Picture	2_12_Encoding_Working_Memory_MEG_P2_LR_Nonsalient_DoChange_CuedRetrieval_300_300_399_1900_3000_2300_gabor_patch_orientation_103_137_028_153_target_position_2_3_retrieval_position_2	1037091	0	2	1338	3	0	1250
LG82ZTE	71	Picture	Flicker2	1038429	1338	1	1337	2	1250	1250
LG82ZTE	71	Picture	Flicker3	1039766	2675	1	1337	2	2500	1250
LG82ZTE	72	Picture	Delay	1041270	0	2	19057	3	0	18920
LG82ZTE	73	Picture	2_12_Retrieval_Working_Memory_MEG_P2_LR_Nonsalient_DoChange_CuedRetrieval_retrieval_patch_orientation_087_retrieval_position_2	1060494	0	1	30089	2	0	29920
LG82ZTE	73	Response	20	1065638	5144	3
LG82ZTE	74	Picture	ITI	1090750	0	1	23068	2	0	22920
LG82ZTE	75	Picture	CueingCross	1113985	0	1	3009	2	0	2920
LG82ZTE	76	Picture	PrepTime	1117161	0	1	3009	2	0	2920
LG82ZTE	77	Picture	2_13_Encoding_Working_Memory_MEG_P2_LR_Nonsalient_NoChange_CuedRetrieval_300_300_399_1850_3000_2100_gabor_patch_orientation_176_111_001_049_target_position_1_2_retrieval_position_2	1120337	0	1	1337	3	0	1250
LG82ZTE	77	Picture	Flicker2	1121674	1337	2	1338	3	1250	1250
LG82ZTE	77	Picture	Flicker3	1123012	2675	1	1337	2	2500	1250
LG82ZTE	78	Picture	Delay	1124516	0	1	18555	2	0	18420
LG82ZTE	79	Picture	2_13_Retrieval_Working_Memory_MEG_P2_LR_Nonsalient_NoChange_CuedRetrieval_retrieval_patch_orientation_111_retrieval_position_2	1143238	0	1	30089	2	0	29920
LG82ZTE	79	Response	10	1152265	9027	4
LG82ZTE	80	Picture	ITI	1173494	0	1	21062	2	0	20920
LG82ZTE	81	Picture	CueingCross	1194724	0	1	3008	2	0	2920
LG82ZTE	82	Picture	PrepTime	1197900	0	1	3008	3	0	2920
LG82ZTE	83	Picture	2_14_Encoding_Working_Memory_MEG_P2_LR_Nonsalient_DoChange_CuedRetrieval_300_300_399_2000_3000_2200_gabor_patch_orientation_179_045_125_071_target_position_2_4_retrieval_position_2	1201076	0	1	1337	2	0	1250
LG82ZTE	83	Picture	Flicker2	1202413	1337	1	1337	2	1250	1250
LG82ZTE	83	Picture	Flicker3	1203750	2674	1	1337	3	2500	1250
LG82ZTE	84	Picture	Delay	1205255	0	1	20059	2	0	19920
LG82ZTE	85	Picture	2_14_Retrieval_Working_Memory_MEG_P2_LR_Nonsalient_DoChange_CuedRetrieval_retrieval_patch_orientation_092_retrieval_position_2	1225481	0	1	30089	2	0	29920
LG82ZTE	85	Response	20	1231673	6192	3
LG82ZTE	86	Picture	ITI	1255737	0	1	22065	2	0	21920
LG82ZTE	87	Picture	CueingCross	1277969	0	2	3009	3	0	2920
LG82ZTE	88	Picture	PrepTime	1281145	0	2	3009	4	0	2920
LG82ZTE	89	Picture	2_15_Encoding_Working_Memory_MEG_P2_LR_Nonsalient_NoChange_CuedRetrieval_300_300_399_1850_3000_2250_gabor_patch_orientation_095_021_077_006_target_position_1_4_retrieval_position_1	1284321	0	2	1338	3	0	1250
LG82ZTE	89	Picture	Flicker2	1285659	1338	1	1337	2	1250	1250
LG82ZTE	89	Picture	Flicker3	1286996	2675	1	1337	2	2500	1250
LG82ZTE	90	Picture	Delay	1288500	0	2	18555	3	0	18420
LG82ZTE	91	Picture	2_15_Retrieval_Working_Memory_MEG_P2_LR_Nonsalient_NoChange_CuedRetrieval_retrieval_patch_orientation_095_retrieval_position_1	1307222	0	2	30089	3	0	29920
LG82ZTE	91	Response	10	1314870	7648	4
LG82ZTE	92	Picture	ITI	1337478	0	2	22567	3	0	22420
LG82ZTE	93	Picture	CueingCross	1360212	0	2	3009	3	0	2920
LG82ZTE	94	Picture	PrepTime	1363388	0	2	3009	3	0	2920
LG82ZTE	95	Picture	2_16_Encoding_Working_Memory_MEG_P2_LR_Nonsalient_NoChange_UncuedRetriev_300_300_399_1750_3000_2050_gabor_patch_orientation_165_034_139_085_target_position_1_2_retrieval_position_3	1366564	0	2	1338	3	0	1250
LG82ZTE	95	Picture	Flicker2	1367902	1338	1	1337	2	1250	1250
LG82ZTE	95	Picture	Flicker3	1369239	2675	1	1337	2	2500	1250
LG82ZTE	96	Picture	Delay	1370743	0	2	17552	3	0	17420
LG82ZTE	97	Picture	2_16_Retrieval_Working_Memory_MEG_P2_LR_Nonsalient_NoChange_UncuedRetriev_retrieval_patch_orientation_139_retrieval_position_3	1388462	0	2	30089	3	0	29920
LG82ZTE	97	Response	10	1399028	10566	3
LG82ZTE	98	Picture	ITI	1418718	0	2	20561	3	0	20420
LG82ZTE	99	Picture	CueingCross	1439446	0	1	3009	2	0	2920
LG82ZTE	100	Picture	PrepTime	1442622	0	1	3009	2	0	2920
LG82ZTE	101	Picture	2_17_Encoding_Working_Memory_MEG_P2_LR_Nonsalient_DoChange_CuedRetrieval_300_300_399_1950_3000_1950_gabor_patch_orientation_102_158_085_129_target_position_2_4_retrieval_position_2	1445798	0	2	1338	3	0	1250
LG82ZTE	101	Picture	Flicker2	1447136	1338	1	1337	2	1250	1250
LG82ZTE	101	Picture	Flicker3	1448473	2675	1	1337	2	2500	1250
LG82ZTE	102	Picture	Delay	1449977	0	2	19558	3	0	19420
LG82ZTE	103	Picture	2_17_Retrieval_Working_Memory_MEG_P2_LR_Nonsalient_DoChange_CuedRetrieval_retrieval_patch_orientation_018_retrieval_position_2	1469702	0	1	30089	2	0	29920
LG82ZTE	103	Response	20	1477005	7303	4
LG82ZTE	104	Picture	ITI	1499958	0	1	19558	2	0	19420
LG82ZTE	105	Picture	CueingCross	1519683	0	1	3009	2	0	2920
LG82ZTE	106	Picture	PrepTime	1522859	0	1	3009	2	0	2920
LG82ZTE	107	Picture	2_18_Encoding_Working_Memory_MEG_P2_LR_Nonsalient_NoChange_CuedRetrieval_300_300_399_1750_3000_2450_gabor_patch_orientation_004_116_078_167_target_position_1_3_retrieval_position_1	1526035	0	1	1337	3	0	1250
LG82ZTE	107	Picture	Flicker2	1527372	1337	2	1338	3	1250	1250
LG82ZTE	107	Picture	Flicker3	1528710	2675	1	1337	2	2500	1250
LG82ZTE	108	Picture	Delay	1530214	0	1	17552	2	0	17420
LG82ZTE	109	Picture	2_18_Retrieval_Working_Memory_MEG_P2_LR_Nonsalient_NoChange_CuedRetrieval_retrieval_patch_orientation_004_retrieval_position_1	1547933	0	1	30089	2	0	29920
LG82ZTE	109	Response	20	1573532	25599	4
LG82ZTE	110	Picture	ITI	1578189	0	2	24573	3	0	24420
LG82ZTE	111	Picture	CueingCross	1602929	0	1	3009	2	0	2920
LG82ZTE	112	Picture	PrepTime	1606105	0	1	3009	2	0	2920
LG82ZTE	113	Picture	2_19_Encoding_Working_Memory_MEG_P2_LR_Nonsalient_DoChange_CuedRetrieval_300_300_399_1800_3000_2100_gabor_patch_orientation_116_147_085_030_target_position_1_3_retrieval_position_1	1609281	0	1	1337	2	0	1250
LG82ZTE	113	Picture	Flicker2	1610618	1337	1	1338	2	1250	1250
LG82ZTE	113	Picture	Flicker3	1611956	2675	1	1337	2	2500	1250
LG82ZTE	114	Picture	Delay	1613460	0	1	18053	2	0	17920
LG82ZTE	115	Picture	2_19_Retrieval_Working_Memory_MEG_P2_LR_Nonsalient_DoChange_CuedRetrieval_retrieval_patch_orientation_163_retrieval_position_1	1631680	0	2	30089	3	0	29920
LG82ZTE	115	Response	20	1638530	6850	4
LG82ZTE	116	Picture	ITI	1661936	0	2	21063	3	0	20920
LG82ZTE	117	Picture	CueingCross	1683166	0	2	3009	3	0	2920
LG82ZTE	118	Picture	PrepTime	1686342	0	1	3009	2	0	2920
LG82ZTE	119	Picture	2_20_Encoding_Working_Memory_MEG_P2_LR_Nonsalient_DoChange_CuedRetrieval_300_300_399_2100_3000_1950_gabor_patch_orientation_154_036_124_099_target_position_2_4_retrieval_position_2	1689518	0	1	1337	2	0	1250
LG82ZTE	119	Picture	Flicker2	1690855	1337	1	1338	2	1250	1250
LG82ZTE	119	Picture	Flicker3	1692193	2675	1	1337	2	2500	1250
LG82ZTE	120	Picture	Delay	1693697	0	1	21062	2	0	20920
LG82ZTE	121	Picture	2_20_Retrieval_Working_Memory_MEG_P2_LR_Nonsalient_DoChange_CuedRetrieval_retrieval_patch_orientation_172_retrieval_position_2	1714926	0	2	30089	3	0	29920
LG82ZTE	121	Response	20	1721988	7062	3
LG82ZTE	122	Picture	ITI	1745182	0	2	19558	4	0	19420
LG82ZTE	123	Picture	CueingCross	1764907	0	2	3009	3	0	2920
LG82ZTE	124	Picture	PrepTime	1768083	0	2	3009	3	0	2920
LG82ZTE	125	Picture	2_21_Encoding_Working_Memory_MEG_P2_LR_Nonsalient_DoChange_UncuedRetriev_300_300_399_2000_3000_2400_gabor_patch_orientation_132_111_090_168_target_position_2_4_retrieval_position_3	1771259	0	2	1338	3	0	1250
LG82ZTE	125	Picture	Flicker2	1772597	1338	1	1337	2	1250	1250
LG82ZTE	125	Picture	Flicker3	1773934	2675	1	1337	2	2500	1250
LG82ZTE	126	Picture	Delay	1775438	0	2	20060	3	0	19920
LG82ZTE	127	Picture	2_21_Retrieval_Working_Memory_MEG_P2_LR_Nonsalient_DoChange_UncuedRetriev_retrieval_patch_orientation_044_retrieval_position_3	1795665	0	1	30089	2	0	29920
LG82ZTE	127	Response	10	1806155	10490	4
LG82ZTE	128	Picture	ITI	1825921	0	1	24071	2	0	23920
LG82ZTE	129	Picture	CueingCross	1850159	0	1	3009	2	0	2920
LG82ZTE	130	Picture	PrepTime	1853335	0	1	3009	2	0	2920
LG82ZTE	131	Picture	2_22_Encoding_Working_Memory_MEG_P2_LR_Nonsalient_DoChange_CuedRetrieval_300_300_399_2000_3000_2450_gabor_patch_orientation_112_004_153_025_target_position_1_4_retrieval_position_1	1856511	0	1	1337	2	0	1250
LG82ZTE	131	Picture	Flicker2	1857848	1337	1	1338	2	1250	1250
LG82ZTE	131	Picture	Flicker3	1859186	2675	1	1337	2	2500	1250
LG82ZTE	132	Picture	Delay	1860690	0	1	20059	2	0	19920
LG82ZTE	133	Picture	2_22_Retrieval_Working_Memory_MEG_P2_LR_Nonsalient_DoChange_CuedRetrieval_retrieval_patch_orientation_067_retrieval_position_1	1880917	0	1	30088	2	0	29920
LG82ZTE	133	Response	20	1887173	6256	3
LG82ZTE	134	Picture	ITI	1911172	0	2	24573	3	0	24420
LG82ZTE	135	Picture	CueingCross	1935912	0	1	3009	2	0	2920
LG82ZTE	136	Picture	PrepTime	1939088	0	2	3009	3	0	2920
LG82ZTE	137	Picture	2_23_Encoding_Working_Memory_MEG_P2_LR_Nonsalient_NoChange_CuedRetrieval_300_300_399_1800_3000_2500_gabor_patch_orientation_016_175_054_144_target_position_1_2_retrieval_position_2	1942264	0	2	1338	3	0	1250
LG82ZTE	137	Picture	Flicker2	1943602	1338	1	1337	2	1250	1250
LG82ZTE	137	Picture	Flicker3	1944939	2675	1	1337	2	2500	1250
LG82ZTE	138	Picture	Delay	1946443	0	2	18054	3	0	17920
LG82ZTE	139	Picture	2_23_Retrieval_Working_Memory_MEG_P2_LR_Nonsalient_NoChange_CuedRetrieval_retrieval_patch_orientation_175_retrieval_position_2	1964664	0	1	30089	2	0	29920
LG82ZTE	139	Response	10	1974430	9766	4
LG82ZTE	140	Picture	ITI	1994920	0	1	25074	2	0	24920
LG82ZTE	141	Picture	CueingCross	2020161	0	1	3009	2	0	2920
LG82ZTE	142	Picture	PrepTime	2023337	0	1	3009	2	0	2920
LG82ZTE	143	Picture	2_24_Encoding_Working_Memory_MEG_P2_LR_Nonsalient_DoChange_CuedRetrieval_300_300_399_2250_3000_1900_gabor_patch_orientation_109_002_166_141_target_position_3_4_retrieval_position_3	2026513	0	1	1337	2	0	1250
LG82ZTE	143	Picture	Flicker2	2027850	1337	1	1338	2	1250	1250
LG82ZTE	143	Picture	Flicker3	2029188	2675	1	1337	2	2500	1250
LG82ZTE	144	Picture	Delay	2030692	0	1	22567	2	0	22420
LG82ZTE	145	Picture	2_24_Retrieval_Working_Memory_MEG_P2_LR_Nonsalient_DoChange_CuedRetrieval_retrieval_patch_orientation_027_retrieval_position_3	2053426	0	1	30089	2	0	29920
LG82ZTE	145	Response	20	2060657	7231	4
LG82ZTE	146	Picture	ITI	2083682	0	1	19056	2	0	18920
LG82ZTE	147	Picture	CueingCross	2102905	0	2	3009	3	0	2920
LG82ZTE	148	Picture	PrepTime	2106081	0	2	3009	3	0	2920
LG82ZTE	149	Picture	2_25_Encoding_Working_Memory_MEG_P2_LR_Nonsalient_DoChange_CuedRetrieval_300_300_399_1750_3000_2350_gabor_patch_orientation_108_156_140_078_target_position_3_4_retrieval_position_3	2109257	0	2	1338	3	0	1250
LG82ZTE	149	Picture	Flicker2	2110595	1338	1	1337	2	1250	1250
LG82ZTE	149	Picture	Flicker3	2111932	2675	1	1337	2	2500	1250
LG82ZTE	150	Picture	Delay	2113436	0	2	17552	3	0	17420
LG82ZTE	151	Picture	2_25_Retrieval_Working_Memory_MEG_P2_LR_Nonsalient_DoChange_CuedRetrieval_retrieval_patch_orientation_001_retrieval_position_3	2131155	0	2	30089	3	0	29920
LG82ZTE	151	Response	20	2137575	6420	3
LG82ZTE	152	Picture	ITI	2161411	0	2	23570	3	0	23420
LG82ZTE	153	Picture	CueingCross	2185148	0	2	3009	3	0	2920
LG82ZTE	154	Picture	PrepTime	2188324	0	2	3009	3	0	2920
LG82ZTE	155	Picture	2_26_Encoding_Working_Memory_MEG_P2_LR_Nonsalient_DoChange_UncuedRetriev_300_300_399_2100_3000_2150_gabor_patch_orientation_070_143_054_179_target_position_2_4_retrieval_position_3	2191500	0	2	1338	3	0	1250
LG82ZTE	155	Picture	Flicker2	2192838	1338	1	1337	2	1250	1250
LG82ZTE	155	Picture	Flicker3	2194175	2675	1	1337	2	2500	1250
LG82ZTE	156	Picture	Delay	2195679	0	2	21062	4	0	20920
LG82ZTE	157	Picture	2_26_Retrieval_Working_Memory_MEG_P2_LR_Nonsalient_DoChange_UncuedRetriev_retrieval_patch_orientation_009_retrieval_position_3	2216909	0	1	30089	2	0	29920
LG82ZTE	157	Response	10	2224882	7973	4
LG82ZTE	158	Picture	ITI	2247165	0	1	21563	2	0	21420
LG82ZTE	159	Picture	CueingCross	2268896	0	1	3008	3	0	2920
LG82ZTE	160	Picture	PrepTime	2272072	0	1	3008	3	0	2920
LG82ZTE	161	Picture	2_27_Encoding_Working_Memory_MEG_P2_LR_Nonsalient_NoChange_CuedRetrieval_300_300_399_2100_3000_2600_gabor_patch_orientation_048_090_111_175_target_position_1_4_retrieval_position_1	2275248	0	1	1337	2	0	1250
LG82ZTE	161	Picture	Flicker2	2276585	1337	1	1337	2	1250	1250
LG82ZTE	161	Picture	Flicker3	2277922	2674	1	1337	3	2500	1250
LG82ZTE	162	Picture	Delay	2279427	0	1	21062	2	0	20920
LG82ZTE	163	Picture	2_27_Retrieval_Working_Memory_MEG_P2_LR_Nonsalient_NoChange_CuedRetrieval_retrieval_patch_orientation_048_retrieval_position_1	2300656	0	1	30089	2	0	29920
LG82ZTE	163	Response	10	2307250	6594	3
LG82ZTE	164	Picture	ITI	2330912	0	1	26077	2	0	25920
LG82ZTE	165	Picture	CueingCross	2357156	0	1	3009	2	0	2920
LG82ZTE	166	Picture	PrepTime	2360332	0	1	3009	2	0	2920
LG82ZTE	167	Picture	2_28_Encoding_Working_Memory_MEG_P2_LR_Nonsalient_DoChange_CuedRetrieval_300_300_399_1850_3000_2050_gabor_patch_orientation_012_046_163_089_target_position_2_3_retrieval_position_3	2363508	0	2	1338	3	0	1250
LG82ZTE	167	Picture	Flicker2	2364846	1338	1	1337	2	1250	1250
LG82ZTE	167	Picture	Flicker3	2366183	2675	1	1337	2	2500	1250
LG82ZTE	168	Picture	Delay	2367687	0	1	18555	2	0	18420
LG82ZTE	169	Picture	2_28_Retrieval_Working_Memory_MEG_P2_LR_Nonsalient_DoChange_CuedRetrieval_retrieval_patch_orientation_118_retrieval_position_3	2386409	0	1	30089	2	0	29920
LG82ZTE	169	Response	20	2404907	18498	3
LG82ZTE	170	Picture	ITI	2416665	0	1	20561	2	0	20420
LG82ZTE	171	Picture	CueingCross	2437393	0	1	3009	2	0	2920
LG82ZTE	172	Picture	PrepTime	2440569	0	1	3009	2	0	2920
LG82ZTE	173	Picture	2_29_Encoding_Working_Memory_MEG_P2_LR_Nonsalient_DoChange_UncuedRetriev_300_300_399_2100_3000_2050_gabor_patch_orientation_083_125_009_062_target_position_1_4_retrieval_position_3	2443745	0	1	1337	3	0	1250
LG82ZTE	173	Picture	Flicker2	2445082	1337	2	1338	3	1250	1250
LG82ZTE	173	Picture	Flicker3	2446420	2675	1	1337	2	2500	1250
LG82ZTE	174	Picture	Delay	2447924	0	1	21062	3	0	20920
LG82ZTE	175	Picture	2_29_Retrieval_Working_Memory_MEG_P2_LR_Nonsalient_DoChange_UncuedRetriev_retrieval_patch_orientation_146_retrieval_position_3	2469154	0	1	30088	3	0	29920
LG82ZTE	175	Response	20	2479694	10540	4
LG82ZTE	176	Picture	ITI	2499410	0	1	20560	2	0	20420
LG82ZTE	177	Picture	CueingCross	2520137	0	2	3009	3	0	2920
LG82ZTE	178	Picture	PrepTime	2523313	0	2	3009	3	0	2920
LG82ZTE	179	Picture	2_30_Encoding_Working_Memory_MEG_P2_LR_Nonsalient_DoChange_CuedRetrieval_300_300_399_1900_3000_2500_gabor_patch_orientation_062_039_077_018_target_position_1_3_retrieval_position_1	2526490	0	1	1337	2	0	1250
LG82ZTE	179	Picture	Flicker2	2527827	1337	1	1337	2	1250	1250
LG82ZTE	179	Picture	Flicker3	2529164	2674	1	1337	2	2500	1250
LG82ZTE	180	Picture	Delay	2530669	0	1	19056	2	0	18920
LG82ZTE	181	Picture	2_30_Retrieval_Working_Memory_MEG_P2_LR_Nonsalient_DoChange_CuedRetrieval_retrieval_patch_orientation_107_retrieval_position_1	2549892	0	1	30089	2	0	29920
LG82ZTE	181	Response	20	2560012	10120	3
LG82ZTE	182	Picture	ITI	2580148	0	1	25074	2	0	24920
LG82ZTE	183	Picture	CueingCross	2605389	0	1	3009	2	0	2920
LG82ZTE	184	Picture	PrepTime	2608565	0	1	3009	2	0	2920
LG82ZTE	185	Picture	2_31_Encoding_Working_Memory_MEG_P2_LR_Nonsalient_NoChange_CuedRetrieval_300_300_399_1750_3000_2250_gabor_patch_orientation_087_149_102_067_target_position_2_4_retrieval_position_2	2611741	0	2	1338	3	0	1250
LG82ZTE	185	Picture	Flicker2	2613079	1338	1	1337	2	1250	1250
LG82ZTE	185	Picture	Flicker3	2614416	2675	1	1337	2	2500	1250
LG82ZTE	186	Picture	Delay	2615920	0	2	17552	3	0	17420
LG82ZTE	187	Picture	2_31_Retrieval_Working_Memory_MEG_P2_LR_Nonsalient_NoChange_CuedRetrieval_retrieval_patch_orientation_149_retrieval_position_2	2633639	0	2	30089	3	0	29920
LG82ZTE	187	Response	10	2640329	6690	8
LG82ZTE	188	Picture	ITI	2663895	0	2	22567	3	0	22420
LG82ZTE	189	Picture	CueingCross	2686629	0	1	3009	2	0	2920
LG82ZTE	190	Picture	PrepTime	2689805	0	1	3009	2	0	2920
LG82ZTE	191	Picture	2_32_Encoding_Working_Memory_MEG_P2_LR_Nonsalient_DoChange_CuedRetrieval_300_300_399_2050_3000_2300_gabor_patch_orientation_081_012_117_066_target_position_2_4_retrieval_position_2	2692981	0	1	1337	3	0	1250
LG82ZTE	191	Picture	Flicker2	2694318	1337	2	1338	3	1250	1250
LG82ZTE	191	Picture	Flicker3	2695656	2675	1	1337	2	2500	1250
LG82ZTE	192	Picture	Delay	2697160	0	1	20561	2	0	20420
LG82ZTE	193	Picture	2_32_Retrieval_Working_Memory_MEG_P2_LR_Nonsalient_DoChange_CuedRetrieval_retrieval_patch_orientation_149_retrieval_position_2	2717888	0	1	30089	2	0	29920
LG82ZTE	193	Response	20	2725127	7239	3
LG82ZTE	194	Picture	ITI	2748144	0	1	23068	2	0	22920
LG82ZTE	195	Picture	CueingCross	2771379	0	2	3009	3	0	2920
LG82ZTE	196	Picture	PrepTime	2774555	0	2	3009	3	0	2920
LG82ZTE	197	Picture	2_33_Encoding_Working_Memory_MEG_P2_LR_Nonsalient_NoChange_CuedRetrieval_300_300_399_2250_3000_2550_gabor_patch_orientation_045_104_084_022_target_position_2_4_retrieval_position_2	2777731	0	2	1338	3	0	1250
LG82ZTE	197	Picture	Flicker2	2779069	1338	1	1337	2	1250	1250
LG82ZTE	197	Picture	Flicker3	2780406	2675	1	1337	2	2500	1250
LG82ZTE	198	Picture	Delay	2781910	0	2	22567	3	0	22420
LG82ZTE	199	Picture	2_33_Retrieval_Working_Memory_MEG_P2_LR_Nonsalient_NoChange_CuedRetrieval_retrieval_patch_orientation_104_retrieval_position_2	2804644	0	1	30088	3	0	29920
LG82ZTE	199	Response	10	2812334	7690	4
LG82ZTE	200	Picture	ITI	2834900	0	2	25576	3	0	25420
LG82ZTE	201	Picture	CueingCross	2860643	0	1	3009	2	0	2920
LG82ZTE	202	Picture	PrepTime	2863819	0	1	3009	2	0	2920
LG82ZTE	203	Picture	2_34_Encoding_Working_Memory_MEG_P2_LR_Nonsalient_DoChange_CuedRetrieval_300_300_399_1800_3000_2350_gabor_patch_orientation_095_063_028_142_target_position_3_4_retrieval_position_4	2866995	0	1	1337	3	0	1250
LG82ZTE	203	Picture	Flicker2	2868332	1337	2	1338	3	1250	1250
LG82ZTE	203	Picture	Flicker3	2869670	2675	1	1337	2	2500	1250
LG82ZTE	204	Picture	Delay	2871174	0	1	18053	2	0	17920
LG82ZTE	205	Picture	2_34_Retrieval_Working_Memory_MEG_P2_LR_Nonsalient_DoChange_CuedRetrieval_retrieval_patch_orientation_006_retrieval_position_4	2889395	0	1	30088	2	0	29920
LG82ZTE	205	Response	20	2897001	7606	4
LG82ZTE	206	Picture	ITI	2919650	0	2	23570	3	0	23420
LG82ZTE	207	Picture	CueingCross	2943387	0	2	3009	3	0	2920
LG82ZTE	208	Picture	PrepTime	2946563	0	2	3009	3	0	2920
LG82ZTE	209	Picture	2_35_Encoding_Working_Memory_MEG_P2_LR_Nonsalient_DoChange_CuedRetrieval_300_300_399_1850_3000_1950_gabor_patch_orientation_090_046_163_129_target_position_2_3_retrieval_position_2	2949739	0	2	1338	3	0	1250
LG82ZTE	209	Picture	Flicker2	2951077	1338	1	1337	2	1250	1250
LG82ZTE	209	Picture	Flicker3	2952414	2675	1	1337	2	2500	1250
LG82ZTE	210	Picture	Delay	2953918	0	2	18555	3	0	18420
LG82ZTE	211	Picture	2_35_Retrieval_Working_Memory_MEG_P2_LR_Nonsalient_DoChange_CuedRetrieval_retrieval_patch_orientation_001_retrieval_position_2	2972640	0	2	30089	3	0	29920
LG82ZTE	211	Response	20	2978919	6279	3
LG82ZTE	212	Picture	ITI	3002896	0	2	19558	3	0	19420
LG82ZTE	213	Picture	CueingCross	3022621	0	2	3009	3	0	2920
LG82ZTE	214	Picture	PrepTime	3025797	0	2	3009	3	0	2920
LG82ZTE	215	Picture	2_36_Encoding_Working_Memory_MEG_P2_LR_Nonsalient_NoChange_UncuedRetriev_300_300_399_1950_3000_2500_gabor_patch_orientation_168_101_144_129_target_position_1_2_retrieval_position_4	3028973	0	2	1338	3	0	1250
LG82ZTE	215	Picture	Flicker2	3030311	1338	1	1337	2	1250	1250
LG82ZTE	215	Picture	Flicker3	3031648	2675	1	1337	2	2500	1250
LG82ZTE	216	Picture	Delay	3033152	0	2	19558	3	0	19420
LG82ZTE	217	Picture	2_36_Retrieval_Working_Memory_MEG_P2_LR_Nonsalient_NoChange_UncuedRetriev_retrieval_patch_orientation_129_retrieval_position_4	3052877	0	2	30089	3	0	29920
LG82ZTE	217	Response	20	3064966	12089	4
LG82ZTE	218	Picture	ITI	3083133	0	2	25074	3	0	24920
LG82ZTE	219	Picture	CueingCross	3108375	0	1	3008	2	0	2920
LG82ZTE	220	Picture	PrepTime	3111551	0	1	3008	2	0	2920
LG82ZTE	221	Picture	2_37_Encoding_Working_Memory_MEG_P2_LR_Nonsalient_NoChange_CuedRetrieval_300_300_399_1800_3000_2600_gabor_patch_orientation_179_006_095_066_target_position_2_4_retrieval_position_4	3114727	0	1	1337	2	0	1250
LG82ZTE	221	Picture	Flicker2	3116064	1337	1	1337	2	1250	1250
LG82ZTE	221	Picture	Flicker3	3117401	2674	1	1337	3	2500	1250
LG82ZTE	222	Picture	Delay	3118906	0	1	18053	2	0	17920
LG82ZTE	223	Picture	2_37_Retrieval_Working_Memory_MEG_P2_LR_Nonsalient_NoChange_CuedRetrieval_retrieval_patch_orientation_066_retrieval_position_4	3137126	0	1	30089	2	0	29920
LG82ZTE	223	Response	10	3149863	12737	4
LG82ZTE	224	Picture	ITI	3167382	0	1	26077	2	0	25920
LG82ZTE	225	Picture	CueingCross	3193626	0	2	3009	3	0	2920
LG82ZTE	226	Picture	PrepTime	3196802	0	2	3009	3	0	2920
LG82ZTE	227	Picture	2_38_Encoding_Working_Memory_MEG_P2_LR_Nonsalient_DoChange_CuedRetrieval_300_300_399_2000_3000_2300_gabor_patch_orientation_026_158_008_092_target_position_1_2_retrieval_position_1	3199978	0	2	1338	3	0	1250
LG82ZTE	227	Picture	Flicker2	3201316	1338	1	1337	2	1250	1250
LG82ZTE	227	Picture	Flicker3	3202653	2675	1	1337	2	2500	1250
LG82ZTE	228	Picture	Delay	3204157	0	2	20060	3	0	19920
LG82ZTE	229	Picture	2_38_Retrieval_Working_Memory_MEG_P2_LR_Nonsalient_DoChange_CuedRetrieval_retrieval_patch_orientation_076_retrieval_position_1	3224384	0	1	30089	2	0	29920
LG82ZTE	229	Response	20	3230781	6397	4
LG82ZTE	230	Picture	ITI	3254640	0	1	23068	2	0	22920
LG82ZTE	231	Picture	CueingCross	3277875	0	1	3009	2	0	2920
LG82ZTE	232	Picture	PrepTime	3281051	0	1	3009	2	0	2920
LG82ZTE	233	Picture	2_39_Encoding_Working_Memory_MEG_P2_LR_Nonsalient_DoChange_UncuedRetriev_300_300_399_2050_3000_2600_gabor_patch_orientation_057_024_139_088_target_position_1_4_retrieval_position_2	3284227	0	2	1337	4	0	1250
LG82ZTE	233	Picture	Flicker2	3285564	1337	2	1338	3	1250	1250
LG82ZTE	233	Picture	Flicker3	3286902	2675	1	1337	2	2500	1250
LG82ZTE	234	Picture	Delay	3288406	0	1	20561	2	0	20420
LG82ZTE	235	Picture	2_39_Retrieval_Working_Memory_MEG_P2_LR_Nonsalient_DoChange_UncuedRetriev_retrieval_patch_orientation_164_retrieval_position_2	3309134	0	1	30089	2	0	29920
LG82ZTE	235	Response	10	3317718	8584	4
LG82ZTE	236	Picture	ITI	3339390	0	1	26077	2	0	25920
LG82ZTE	237	Picture	CueingCross	3365634	0	1	3009	2	0	2920
LG82ZTE	238	Picture	PrepTime	3368810	0	1	3009	2	0	2920
LG82ZTE	239	Picture	2_40_Encoding_Working_Memory_MEG_P2_LR_Nonsalient_NoChange_CuedRetrieval_300_300_399_2250_3000_2550_gabor_patch_orientation_012_124_142_089_target_position_2_4_retrieval_position_2	3371986	0	1	1338	2	0	1250
LG82ZTE	239	Picture	Flicker2	3373324	1338	1	1337	2	1250	1250
LG82ZTE	239	Picture	Flicker3	3374661	2675	1	1337	2	2500	1250
LG82ZTE	240	Picture	Delay	3376165	0	2	22567	3	0	22420
LG82ZTE	241	Picture	2_40_Retrieval_Working_Memory_MEG_P2_LR_Nonsalient_NoChange_CuedRetrieval_retrieval_patch_orientation_124_retrieval_position_2	3398899	0	1	30089	2	0	29920
LG82ZTE	241	Response	10	3406516	7617	3
LG82ZTE	242	Picture	ITI	3429155	0	1	25576	2	0	25420
LG82ZTE	243	Picture	CueingCross	3454898	0	1	3009	2	0	2920
LG82ZTE	244	Picture	PrepTime	3458074	0	1	3008	3	0	2920
LG82ZTE	245	Picture	2_41_Encoding_Working_Memory_MEG_P2_LR_Nonsalient_DoChange_CuedRetrieval_300_300_399_2050_3000_2350_gabor_patch_orientation_015_048_161_031_target_position_2_3_retrieval_position_2	3461250	0	1	1337	2	0	1250
LG82ZTE	245	Picture	Flicker2	3462587	1337	1	1337	3	1250	1250
LG82ZTE	245	Picture	Flicker3	3463924	2674	2	1338	3	2500	1250
LG82ZTE	246	Picture	Delay	3465429	0	1	20561	2	0	20420
LG82ZTE	247	Picture	2_41_Retrieval_Working_Memory_MEG_P2_LR_Nonsalient_DoChange_CuedRetrieval_retrieval_patch_orientation_094_retrieval_position_2	3486157	0	1	30089	2	0	29920
LG82ZTE	247	Response	20	3492953	6796	4
LG82ZTE	248	Picture	ITI	3516413	0	1	23569	2	0	23420
LG82ZTE	249	Picture	CueingCross	3540149	0	2	3009	3	0	2920
LG82ZTE	250	Picture	PrepTime	3543326	0	1	3008	3	0	2920
LG82ZTE	251	Picture	2_42_Encoding_Working_Memory_MEG_P2_LR_Nonsalient_DoChange_CuedRetrieval_300_300_399_2150_3000_2350_gabor_patch_orientation_160_175_145_114_target_position_1_3_retrieval_position_1	3546502	0	1	1337	2	0	1250
LG82ZTE	251	Picture	Flicker2	3547839	1337	1	1337	2	1250	1250
LG82ZTE	251	Picture	Flicker3	3549176	2674	1	1337	3	2500	1250
LG82ZTE	252	Picture	Delay	3550681	0	1	21563	2	0	21420
LG82ZTE	253	Picture	2_42_Retrieval_Working_Memory_MEG_P2_LR_Nonsalient_DoChange_CuedRetrieval_retrieval_patch_orientation_025_retrieval_position_1	3572411	0	2	30089	3	0	29920
LG82ZTE	253	Response	20	3578740	6329	4
LG82ZTE	254	Picture	ITI	3602667	0	2	23570	3	0	23420
LG82ZTE	255	Picture	CueingCross	3626404	0	1	3009	2	0	2920
LG82ZTE	256	Picture	PrepTime	3629580	0	1	3009	2	0	2920
LG82ZTE	257	Picture	2_43_Encoding_Working_Memory_MEG_P2_LR_Nonsalient_NoChange_CuedRetrieval_300_300_399_1900_3000_2450_gabor_patch_orientation_089_172_005_065_target_position_1_2_retrieval_position_1	3632756	0	2	1338	3	0	1250
LG82ZTE	257	Picture	Flicker2	3634094	1338	1	1337	2	1250	1250
LG82ZTE	257	Picture	Flicker3	3635431	2675	1	1337	2	2500	1250
LG82ZTE	258	Picture	Delay	3636935	0	2	19057	3	0	18920
LG82ZTE	259	Picture	2_43_Retrieval_Working_Memory_MEG_P2_LR_Nonsalient_NoChange_CuedRetrieval_retrieval_patch_orientation_089_retrieval_position_1	3656159	0	1	30089	2	0	29920
LG82ZTE	259	Response	10	3669678	13519	3
LG82ZTE	260	Picture	ITI	3686415	0	1	24572	2	0	24420
LG82ZTE	261	Picture	CueingCross	3711154	0	2	3009	3	0	2920
LG82ZTE	262	Picture	PrepTime	3714331	0	1	3008	3	0	2920
LG82ZTE	263	Picture	2_44_Encoding_Working_Memory_MEG_P2_LR_Nonsalient_NoChange_CuedRetrieval_300_300_399_1950_3000_2200_gabor_patch_orientation_167_144_056_121_target_position_1_2_retrieval_position_2	3717507	0	1	1337	3	0	1250
LG82ZTE	263	Picture	Flicker2	3718844	1337	2	1337	3	1250	1250
LG82ZTE	263	Picture	Flicker3	3720181	2674	1	1337	3	2500	1250
LG82ZTE	264	Picture	Delay	3721686	0	1	19557	2	0	19420
LG82ZTE	265	Picture	2_44_Retrieval_Working_Memory_MEG_P2_LR_Nonsalient_NoChange_CuedRetrieval_retrieval_patch_orientation_144_retrieval_position_2	3741410	0	2	30089	3	0	29920
LG82ZTE	265	Response	10	3750125	8715	4
LG82ZTE	266	Picture	ITI	3771666	0	2	22066	3	0	21920
LG82ZTE	267	Picture	CueingCross	3793899	0	1	3009	2	0	2920
LG82ZTE	268	Picture	PrepTime	3797075	0	1	3009	2	0	2920
LG82ZTE	269	Picture	2_45_Encoding_Working_Memory_MEG_P2_LR_Nonsalient_NoChange_CuedRetrieval_300_300_399_1750_3000_2000_gabor_patch_orientation_119_171_034_104_target_position_1_3_retrieval_position_3	3800251	0	1	1337	2	0	1250
LG82ZTE	269	Picture	Flicker2	3801588	1337	1	1337	3	1250	1250
LG82ZTE	269	Picture	Flicker3	3802925	2674	2	1338	3	2500	1250
LG82ZTE	270	Picture	Delay	3804430	0	1	17552	2	0	17420
LG82ZTE	271	Picture	2_45_Retrieval_Working_Memory_MEG_P2_LR_Nonsalient_NoChange_CuedRetrieval_retrieval_patch_orientation_034_retrieval_position_3	3822149	0	1	30089	2	0	29920
LG82ZTE	271	Response	10	3836732	14583	4
LG82ZTE	272	Picture	ITI	3852405	0	1	20059	2	0	19920
LG82ZTE	273	Picture	CueingCross	3872631	0	2	3009	3	0	2920
LG82ZTE	274	Picture	PrepTime	3875807	0	2	3009	3	0	2920
LG82ZTE	275	Picture	2_46_Encoding_Working_Memory_MEG_P2_LR_Nonsalient_DoChange_CuedRetrieval_300_300_399_1800_3000_1950_gabor_patch_orientation_039_103_018_173_target_position_1_4_retrieval_position_1	3878983	0	2	1338	3	0	1250
LG82ZTE	275	Picture	Flicker2	3880321	1338	1	1337	2	1250	1250
LG82ZTE	275	Picture	Flicker3	3881658	2675	1	1337	2	2500	1250
LG82ZTE	276	Picture	Delay	3883162	0	2	18054	3	0	17920
LG82ZTE	277	Picture	2_46_Retrieval_Working_Memory_MEG_P2_LR_Nonsalient_DoChange_CuedRetrieval_retrieval_patch_orientation_085_retrieval_position_1	3901383	0	1	30089	2	0	29920
LG82ZTE	277	Response	20	3907410	6027	4
LG82ZTE	278	Picture	ITI	3931639	0	1	19558	2	0	19420
LG82ZTE	279	Picture	CueingCross	3951364	0	1	3009	2	0	2920
LG82ZTE	280	Picture	PrepTime	3954540	0	1	3009	2	0	2920
LG82ZTE	281	Picture	2_47_Encoding_Working_Memory_MEG_P2_LR_Nonsalient_NoChange_CuedRetrieval_300_300_399_2200_3000_2100_gabor_patch_orientation_007_145_036_167_target_position_1_4_retrieval_position_1	3957716	0	1	1337	2	0	1250
LG82ZTE	281	Picture	Flicker2	3959053	1337	1	1337	3	1250	1250
LG82ZTE	281	Picture	Flicker3	3960390	2674	2	1338	3	2500	1250
LG82ZTE	282	Picture	Delay	3961895	0	1	22065	2	0	21920
LG82ZTE	283	Picture	2_47_Retrieval_Working_Memory_MEG_P2_LR_Nonsalient_NoChange_CuedRetrieval_retrieval_patch_orientation_007_retrieval_position_1	3984127	0	1	30089	2	0	29920
LG82ZTE	283	Response	10	3991438	7311	3
LG82ZTE	284	Picture	ITI	4014383	0	2	21062	4	0	20920
LG82ZTE	285	Picture	CueingCross	4035613	0	1	3008	3	0	2920
LG82ZTE	286	Picture	PrepTime	4038789	0	1	3008	3	0	2920
LG82ZTE	287	Picture	2_48_Encoding_Working_Memory_MEG_P2_LR_Nonsalient_NoChange_UncuedRetriev_300_300_399_2100_3000_2350_gabor_patch_orientation_139_180_013_124_target_position_1_2_retrieval_position_3	4041965	0	1	1337	2	0	1250
LG82ZTE	287	Picture	Flicker2	4043302	1337	1	1337	2	1250	1250
LG82ZTE	287	Picture	Flicker3	4044639	2674	1	1338	2	2500	1250
LG82ZTE	288	Picture	Delay	4046144	0	1	21062	2	0	20920
LG82ZTE	289	Picture	2_48_Retrieval_Working_Memory_MEG_P2_LR_Nonsalient_NoChange_UncuedRetriev_retrieval_patch_orientation_013_retrieval_position_3	4067373	0	1	30089	2	0	29920
LG82ZTE	289	Response	20	4081745	14372	3
LG82ZTE	290	Picture	ITI	4097629	0	1	23570	2	0	23420
LG82ZTE	291	Picture	CueingCross	4121366	0	1	3009	2	0	2920
LG82ZTE	292	Picture	PrepTime	4124542	0	1	3009	2	0	2920
LG82ZTE	293	Picture	2_49_Encoding_Working_Memory_MEG_P2_LR_Nonsalient_NoChange_CuedRetrieval_300_300_399_2250_3000_2400_gabor_patch_orientation_179_003_054_093_target_position_1_3_retrieval_position_1	4127718	0	1	1337	2	0	1250
LG82ZTE	293	Picture	Flicker2	4129055	1337	1	1337	3	1250	1250
LG82ZTE	293	Picture	Flicker3	4130392	2674	2	1338	3	2500	1250
LG82ZTE	294	Picture	Delay	4131897	0	1	22567	2	0	22420
LG82ZTE	295	Picture	2_49_Retrieval_Working_Memory_MEG_P2_LR_Nonsalient_NoChange_CuedRetrieval_retrieval_patch_orientation_179_retrieval_position_1	4154631	0	1	30089	2	0	29920
LG82ZTE	295	Response	10	4161312	6681	4
LG82ZTE	296	Picture	ITI	4184887	0	1	24071	2	0	23920
LG82ZTE	297	Picture	CueingCross	4209125	0	1	3009	2	0	2920
LG82ZTE	298	Picture	PrepTime	4212301	0	1	3009	2	0	2920
LG82ZTE	299	Picture	2_50_Encoding_Working_Memory_MEG_P2_LR_Nonsalient_DoChange_CuedRetrieval_300_300_399_1850_3000_2600_gabor_patch_orientation_139_029_049_091_target_position_2_3_retrieval_position_3	4215477	0	1	1337	2	0	1250
LG82ZTE	299	Picture	Flicker2	4216814	1337	1	1338	2	1250	1250
LG82ZTE	299	Picture	Flicker3	4218152	2675	1	1337	2	2500	1250
LG82ZTE	300	Picture	Delay	4219656	0	1	18555	2	0	18420
LG82ZTE	301	Picture	2_50_Retrieval_Working_Memory_MEG_P2_LR_Nonsalient_DoChange_CuedRetrieval_retrieval_patch_orientation_004_retrieval_position_3	4238378	0	1	30089	2	0	29920
LG82ZTE	301	Response	10	4257310	18932	3
LG82ZTE	302	Picture	ITI	4268634	0	1	26077	2	0	25920
LG82ZTE	303	Picture	CueingCross	4294878	0	1	3009	2	0	2920
LG82ZTE	304	Picture	PrepTime	4298054	0	2	3009	3	0	2920
LG82ZTE	305	Picture	2_51_Encoding_Working_Memory_MEG_P2_LR_Nonsalient_NoChange_CuedRetrieval_300_300_399_2050_3000_2250_gabor_patch_orientation_167_098_035_015_target_position_2_4_retrieval_position_4	4301230	0	2	1338	3	0	1250
LG82ZTE	305	Picture	Flicker2	4302568	1338	1	1337	2	1250	1250
LG82ZTE	305	Picture	Flicker3	4303905	2675	1	1337	2	2500	1250
LG82ZTE	306	Picture	Delay	4305409	0	2	20561	3	0	20420
LG82ZTE	307	Picture	2_51_Retrieval_Working_Memory_MEG_P2_LR_Nonsalient_NoChange_CuedRetrieval_retrieval_patch_orientation_015_retrieval_position_4	4326137	0	1	30089	2	0	29920
LG82ZTE	307	Response	10	4337397	11260	4
LG82ZTE	308	Picture	ITI	4356393	0	1	22567	2	0	22420
LG82ZTE	309	Picture	CueingCross	4379127	0	1	3009	2	0	2920
LG82ZTE	310	Picture	PrepTime	4382303	0	1	3009	2	0	2920
LG82ZTE	311	Picture	2_52_Encoding_Working_Memory_MEG_P2_LR_Nonsalient_NoChange_UncuedRetriev_300_300_399_2250_3000_2300_gabor_patch_orientation_112_072_005_087_target_position_1_2_retrieval_position_4	4385479	0	1	1337	2	0	1250
LG82ZTE	311	Picture	Flicker2	4386816	1337	1	1338	2	1250	1250
LG82ZTE	311	Picture	Flicker3	4388154	2675	1	1337	2	2500	1250
LG82ZTE	312	Picture	Delay	4389658	0	1	22567	2	0	22420
LG82ZTE	313	Picture	2_52_Retrieval_Working_Memory_MEG_P2_LR_Nonsalient_NoChange_UncuedRetriev_retrieval_patch_orientation_087_retrieval_position_4	4412392	0	1	30089	2	0	29920
LG82ZTE	313	Response	20	4431344	18952	4
LG82ZTE	314	Picture	ITI	4442648	0	1	23068	2	0	22920
LG82ZTE	315	Picture	CueingCross	4465883	0	2	3009	3	0	2920
LG82ZTE	316	Picture	PrepTime	4469059	0	1	3009	2	0	2920
LG82ZTE	317	Picture	2_53_Encoding_Working_Memory_MEG_P2_LR_Nonsalient_NoChange_CuedRetrieval_300_300_399_2200_3000_2250_gabor_patch_orientation_002_115_073_089_target_position_1_3_retrieval_position_1	4472235	0	1	1338	2	0	1250
LG82ZTE	317	Picture	Flicker2	4473573	1338	1	1337	2	1250	1250
LG82ZTE	317	Picture	Flicker3	4474910	2675	1	1337	2	2500	1250
LG82ZTE	318	Picture	Delay	4476414	0	2	22065	4	0	21920
LG82ZTE	319	Picture	2_53_Retrieval_Working_Memory_MEG_P2_LR_Nonsalient_NoChange_CuedRetrieval_retrieval_patch_orientation_002_retrieval_position_1	4498647	0	1	30088	3	0	29920
LG82ZTE	319	Response	10	4505582	6935	4
LG82ZTE	320	Picture	ITI	4528903	0	1	22566	2	0	22420
LG82ZTE	321	Picture	CueingCross	4551636	0	2	3009	3	0	2920
LG82ZTE	322	Picture	PrepTime	4554812	0	2	3009	3	0	2920
LG82ZTE	323	Picture	2_54_Encoding_Working_Memory_MEG_P2_LR_Nonsalient_DoChange_CuedRetrieval_300_300_399_1900_3000_1900_gabor_patch_orientation_046_155_131_066_target_position_1_2_retrieval_position_2	4557988	0	2	1338	3	0	1250
LG82ZTE	323	Picture	Flicker2	4559326	1338	1	1337	2	1250	1250
LG82ZTE	323	Picture	Flicker3	4560663	2675	1	1337	2	2500	1250
LG82ZTE	324	Picture	Delay	4562167	0	2	19057	3	0	18920
LG82ZTE	325	Picture	2_54_Retrieval_Working_Memory_MEG_P2_LR_Nonsalient_DoChange_CuedRetrieval_retrieval_patch_orientation_020_retrieval_position_2	4581391	0	1	30089	2	0	29920
LG82ZTE	325	Response	20	4590339	8948	4
LG82ZTE	326	Picture	ITI	4611647	0	1	19056	2	0	18920
LG82ZTE	327	Picture	CueingCross	4630870	0	2	3009	3	0	2920
LG82ZTE	328	Picture	PrepTime	4634046	0	2	3009	3	0	2920
LG82ZTE	329	Picture	2_55_Encoding_Working_Memory_MEG_P2_LR_Nonsalient_NoChange_CuedRetrieval_300_300_399_2000_3000_2050_gabor_patch_orientation_012_140_173_033_target_position_2_4_retrieval_position_2	4637222	0	2	1338	3	0	1250
LG82ZTE	329	Picture	Flicker2	4638560	1338	1	1337	2	1250	1250
LG82ZTE	329	Picture	Flicker3	4639897	2675	1	1337	2	2500	1250
LG82ZTE	330	Picture	Delay	4641401	0	2	20060	3	0	19920
LG82ZTE	331	Picture	2_55_Retrieval_Working_Memory_MEG_P2_LR_Nonsalient_NoChange_CuedRetrieval_retrieval_patch_orientation_140_retrieval_position_2	4661627	0	2	30090	3	0	29920
LG82ZTE	331	Response	10	4669747	8120	3
LG82ZTE	332	Picture	ITI	4691884	0	1	20561	2	0	20420
LG82ZTE	333	Picture	CueingCross	4712612	0	1	3009	2	0	2920
LG82ZTE	334	Picture	PrepTime	4715788	0	1	3009	2	0	2920
LG82ZTE	335	Picture	2_56_Encoding_Working_Memory_MEG_P2_LR_Nonsalient_DoChange_CuedRetrieval_300_300_399_1950_3000_2200_gabor_patch_orientation_012_095_076_158_target_position_2_3_retrieval_position_2	4718964	0	1	1337	2	0	1250
LG82ZTE	335	Picture	Flicker2	4720301	1337	1	1337	3	1250	1250
LG82ZTE	335	Picture	Flicker3	4721638	2674	2	1338	3	2500	1250
LG82ZTE	336	Picture	Delay	4723143	0	1	19558	2	0	19420
LG82ZTE	337	Picture	2_56_Retrieval_Working_Memory_MEG_P2_LR_Nonsalient_DoChange_CuedRetrieval_retrieval_patch_orientation_045_retrieval_position_2	4742868	0	1	30089	2	0	29920
LG82ZTE	337	Response	20	4749564	6696	4
LG82ZTE	338	Picture	ITI	4773124	0	1	22065	2	0	21920
LG82ZTE	339	Picture	CueingCross	4795355	0	2	3010	3	0	2920
LG82ZTE	340	Picture	PrepTime	4798532	0	1	3009	2	0	2920
LG82ZTE	341	Picture	2_57_Encoding_Working_Memory_MEG_P2_LR_Nonsalient_DoChange_UncuedRetriev_300_300_399_1950_3000_2200_gabor_patch_orientation_048_122_081_157_target_position_2_3_retrieval_position_1	4801708	0	1	1337	3	0	1250
LG82ZTE	341	Picture	Flicker2	4803045	1337	2	1338	3	1250	1250
LG82ZTE	341	Picture	Flicker3	4804383	2675	1	1337	2	2500	1250
LG82ZTE	342	Picture	Delay	4805887	0	1	19558	2	0	19420
LG82ZTE	343	Picture	2_57_Retrieval_Working_Memory_MEG_P2_LR_Nonsalient_DoChange_UncuedRetriev_retrieval_patch_orientation_098_retrieval_position_1	4825612	0	1	30089	2	0	29920
LG82ZTE	343	Response	20	4837191	11579	10
LG82ZTE	344	Picture	ITI	4855868	0	1	22065	2	0	21920
LG82ZTE	345	Picture	CueingCross	4878100	0	2	3009	3	0	2920
LG82ZTE	346	Picture	PrepTime	4881276	0	2	3009	3	0	2920
LG82ZTE	347	Picture	2_58_Encoding_Working_Memory_MEG_P2_LR_Nonsalient_DoChange_CuedRetrieval_300_300_399_1950_3000_2050_gabor_patch_orientation_089_112_002_179_target_position_1_3_retrieval_position_1	4884452	0	2	1338	3	0	1250
LG82ZTE	347	Picture	Flicker2	4885790	1338	1	1337	2	1250	1250
LG82ZTE	347	Picture	Flicker3	4887127	2675	1	1337	2	2500	1250
LG82ZTE	348	Picture	Delay	4888632	0	1	19557	2	0	19420
LG82ZTE	349	Picture	2_58_Retrieval_Working_Memory_MEG_P2_LR_Nonsalient_DoChange_CuedRetrieval_retrieval_patch_orientation_134_retrieval_position_1	4908356	0	2	30089	3	0	29920
LG82ZTE	349	Response	20	4915229	6873	4
LG82ZTE	350	Picture	ITI	4938612	0	2	20561	3	0	20420
LG82ZTE	351	Picture	CueingCross	4959340	0	2	3009	3	0	2920
LG82ZTE	352	Picture	PrepTime	4962516	0	2	3009	3	0	2920
LG82ZTE	353	Picture	2_59_Encoding_Working_Memory_MEG_P2_LR_Nonsalient_NoChange_CuedRetrieval_300_300_399_2200_3000_2250_gabor_patch_orientation_117_141_098_079_target_position_3_4_retrieval_position_3	4965692	0	2	1338	3	0	1250
LG82ZTE	353	Picture	Flicker2	4967030	1338	1	1337	2	1250	1250
LG82ZTE	353	Picture	Flicker3	4968367	2675	1	1337	2	2500	1250
LG82ZTE	354	Picture	Delay	4969871	0	2	22066	3	0	21920
LG82ZTE	355	Picture	2_59_Retrieval_Working_Memory_MEG_P2_LR_Nonsalient_NoChange_CuedRetrieval_retrieval_patch_orientation_098_retrieval_position_3	4992104	0	1	30089	2	0	29920
LG82ZTE	355	Response	10	5005416	13312	4
LG82ZTE	356	Picture	ITI	5022360	0	1	22566	2	0	22420
LG82ZTE	357	Picture	CueingCross	5045094	0	1	3008	3	0	2920
LG82ZTE	358	Picture	PrepTime	5048270	0	1	3008	3	0	2920
LG82ZTE	359	Picture	2_60_Encoding_Working_Memory_MEG_P2_LR_Nonsalient_NoChange_UncuedRetriev_300_300_399_1900_3000_2200_gabor_patch_orientation_117_073_162_145_target_position_2_3_retrieval_position_4	5051446	0	1	1337	2	0	1250
LG82ZTE	359	Picture	Flicker2	5052783	1337	1	1337	2	1250	1250
LG82ZTE	359	Picture	Flicker3	5054120	2674	1	1337	3	2500	1250
LG82ZTE	360	Picture	Delay	5055625	0	1	19056	2	0	18920
LG82ZTE	361	Picture	2_60_Retrieval_Working_Memory_MEG_P2_LR_Nonsalient_NoChange_UncuedRetriev_retrieval_patch_orientation_145_retrieval_position_4	5074848	0	1	30089	2	0	29920
LG82ZTE	361	Response	20	5093694	18846	3
LG82ZTE	362	Picture	ITI	5105104	0	1	22065	2	0	21920
LG82ZTE	363	Picture	CueingCross	5127336	0	2	3009	3	0	2920
LG82ZTE	364	Picture	PrepTime	5130512	0	2	3009	3	0	2920
LG82ZTE	365	Picture	2_61_Encoding_Working_Memory_MEG_P2_LR_Nonsalient_NoChange_CuedRetrieval_300_300_399_2150_3000_2000_gabor_patch_orientation_128_152_045_103_target_position_1_3_retrieval_position_1	5133689	0	1	1337	2	0	1250
LG82ZTE	365	Picture	Flicker2	5135026	1337	1	1337	2	1250	1250
LG82ZTE	365	Picture	Flicker3	5136363	2674	1	1337	2	2500	1250
LG82ZTE	366	Picture	Delay	5137867	0	2	21564	3	0	21420
LG82ZTE	367	Picture	2_61_Retrieval_Working_Memory_MEG_P2_LR_Nonsalient_NoChange_CuedRetrieval_retrieval_patch_orientation_128_retrieval_position_1	5159598	0	2	30089	3	0	29920
LG82ZTE	367	Response	10	5167191	7593	4
LG82ZTE	368	Picture	ITI	5189854	0	2	20060	3	0	19920
LG82ZTE	369	Picture	CueingCross	5210081	0	1	3009	2	0	2920
LG82ZTE	370	Picture	PrepTime	5213257	0	1	3009	2	0	2920
LG82ZTE	371	Picture	2_62_Encoding_Working_Memory_MEG_P2_LR_Nonsalient_DoChange_CuedRetrieval_300_300_399_1850_3000_1900_gabor_patch_orientation_148_021_180_105_target_position_2_3_retrieval_position_2	5216433	0	1	1337	2	0	1250
LG82ZTE	371	Picture	Flicker2	5217770	1337	1	1337	2	1250	1250
LG82ZTE	371	Picture	Flicker3	5219107	2674	1	1338	2	2500	1250
LG82ZTE	372	Picture	Delay	5220612	0	1	18555	2	0	18420
LG82ZTE	373	Picture	2_62_Retrieval_Working_Memory_MEG_P2_LR_Nonsalient_DoChange_CuedRetrieval_retrieval_patch_orientation_071_retrieval_position_2	5239334	0	1	30089	2	0	29920
LG82ZTE	373	Response	20	5246569	7235	4
LG82ZTE	374	Picture	ITI	5269590	0	1	19056	2	0	18920
LG82ZTE	375	Picture	CueingCross	5288813	0	1	3009	2	0	2920
LG82ZTE	376	Picture	PrepTime	5291989	0	2	3009	3	0	2920
LG82ZTE	377	Picture	2_63_Encoding_Working_Memory_MEG_P2_LR_Nonsalient_DoChange_CuedRetrieval_300_300_399_2150_3000_2150_gabor_patch_orientation_132_149_107_087_target_position_1_2_retrieval_position_1	5295165	0	2	1338	3	0	1250
LG82ZTE	377	Picture	Flicker2	5296503	1338	1	1337	2	1250	1250
LG82ZTE	377	Picture	Flicker3	5297840	2675	1	1337	2	2500	1250
LG82ZTE	378	Picture	Delay	5299344	0	2	21564	3	0	21420
LG82ZTE	379	Picture	2_63_Retrieval_Working_Memory_MEG_P2_LR_Nonsalient_DoChange_CuedRetrieval_retrieval_patch_orientation_177_retrieval_position_1	5321075	0	1	30089	2	0	29920
LG82ZTE	379	Response	20	5331006	9931	4
LG82ZTE	380	Picture	ITI	5351331	0	1	21564	2	0	21420
LG82ZTE	381	Picture	CueingCross	5373062	0	1	3008	3	0	2920
LG82ZTE	382	Picture	PrepTime	5376238	0	1	3009	2	0	2920
LG82ZTE	383	Picture	2_64_Encoding_Working_Memory_MEG_P2_LR_Nonsalient_DoChange_UncuedRetriev_300_300_399_2250_3000_2500_gabor_patch_orientation_008_029_059_114_target_position_3_4_retrieval_position_1	5379414	0	1	1337	2	0	1250
LG82ZTE	383	Picture	Flicker2	5380751	1337	1	1338	2	1250	1250
LG82ZTE	383	Picture	Flicker3	5382089	2675	1	1337	2	2500	1250
LG82ZTE	384	Picture	Delay	5383593	0	1	22567	2	0	22420
LG82ZTE	385	Picture	2_64_Retrieval_Working_Memory_MEG_P2_LR_Nonsalient_DoChange_UncuedRetriev_retrieval_patch_orientation_147_retrieval_position_1	5406327	0	1	30089	2	0	29920
LG82ZTE	385	Response	10	5416614	10287	3
LG82ZTE	386	Picture	ITI	5436583	0	1	25074	2	0	24920
LG82ZTE	387	Picture	CueingCross	5461824	0	1	3009	2	0	2920
LG82ZTE	388	Picture	PrepTime	5465000	0	1	3009	2	0	2920
LG82ZTE	389	Picture	2_65_Encoding_Working_Memory_MEG_P2_LR_Nonsalient_NoChange_CuedRetrieval_300_300_399_1900_3000_2000_gabor_patch_orientation_087_175_032_067_target_position_3_4_retrieval_position_4	5468176	0	1	1337	3	0	1250
LG82ZTE	389	Picture	Flicker2	5469513	1337	2	1338	3	1250	1250
LG82ZTE	389	Picture	Flicker3	5470851	2675	1	1337	2	2500	1250
LG82ZTE	390	Picture	Delay	5472355	0	1	19057	2	0	18920
LG82ZTE	391	Picture	2_65_Retrieval_Working_Memory_MEG_P2_LR_Nonsalient_NoChange_CuedRetrieval_retrieval_patch_orientation_067_retrieval_position_4	5491579	0	1	30088	3	0	29920
LG82ZTE	391	Response	10	5499291	7712	4
LG82ZTE	392	Picture	ITI	5521835	0	1	20059	2	0	19920
LG82ZTE	393	Picture	CueingCross	5542061	0	1	3009	2	0	2920
LG82ZTE	394	Picture	PrepTime	5545237	0	1	3009	2	0	2920
LG82ZTE	395	Picture	2_66_Encoding_Working_Memory_MEG_P2_LR_Nonsalient_DoChange_CuedRetrieval_300_300_399_2000_3000_2550_gabor_patch_orientation_012_125_148_164_target_position_1_2_retrieval_position_2	5548413	0	1	1337	3	0	1250
LG82ZTE	395	Picture	Flicker2	5549750	1337	2	1338	3	1250	1250
LG82ZTE	395	Picture	Flicker3	5551088	2675	1	1337	2	2500	1250
LG82ZTE	396	Picture	Delay	5552592	0	1	20059	3	0	19920
LG82ZTE	397	Picture	2_66_Retrieval_Working_Memory_MEG_P2_LR_Nonsalient_DoChange_CuedRetrieval_retrieval_patch_orientation_077_retrieval_position_2	5572819	0	1	30088	3	0	29920
LG82ZTE	397	Response	20	5588759	15940	3
LG82ZTE	398	Picture	ITI	5603074	0	2	25576	3	0	25420
LG82ZTE	399	Picture	CueingCross	5628817	0	1	3009	2	0	2920
LG82ZTE	400	Picture	PrepTime	5631993	0	2	3009	3	0	2920
LG82ZTE	401	Picture	2_67_Encoding_Working_Memory_MEG_P2_LR_Nonsalient_DoChange_CuedRetrieval_300_300_399_1850_3000_1900_gabor_patch_orientation_032_122_075_139_target_position_1_4_retrieval_position_4	5635169	0	2	1338	3	0	1250
LG82ZTE	401	Picture	Flicker2	5636507	1338	1	1337	2	1250	1250
LG82ZTE	401	Picture	Flicker3	5637844	2675	1	1337	2	2500	1250
LG82ZTE	402	Picture	Delay	5639348	0	2	18555	3	0	18420
LG82ZTE	403	Picture	2_67_Retrieval_Working_Memory_MEG_P2_LR_Nonsalient_DoChange_CuedRetrieval_retrieval_patch_orientation_004_retrieval_position_4	5658070	0	2	30089	3	0	29920
LG82ZTE	403	Response	20	5665006	6936	4
LG82ZTE	404	Picture	ITI	5688326	0	2	19057	3	0	18920
LG82ZTE	405	Picture	CueingCross	5707550	0	1	3009	2	0	2920
LG82ZTE	406	Picture	PrepTime	5710726	0	1	3009	2	0	2920
LG82ZTE	407	Picture	2_68_Encoding_Working_Memory_MEG_P2_LR_Nonsalient_NoChange_CuedRetrieval_300_300_399_1750_3000_2000_gabor_patch_orientation_091_142_127_020_target_position_3_4_retrieval_position_4	5713902	0	1	1337	2	0	1250
LG82ZTE	407	Picture	Flicker2	5715239	1337	1	1337	3	1250	1250
LG82ZTE	407	Picture	Flicker3	5716576	2674	2	1338	3	2500	1250
LG82ZTE	408	Picture	Delay	5718081	0	1	17552	2	0	17420
LG82ZTE	409	Picture	2_68_Retrieval_Working_Memory_MEG_P2_LR_Nonsalient_NoChange_CuedRetrieval_retrieval_patch_orientation_020_retrieval_position_4	5735800	0	1	30089	2	0	29920
LG82ZTE	409	Response	20	5753953	18153	5
LG82ZTE	410	Picture	ITI	5766056	0	1	20059	2	0	19920
LG82ZTE	411	Picture	CueingCross	5786282	0	2	3009	3	0	2920
LG82ZTE	412	Picture	PrepTime	5789458	0	2	3009	3	0	2920
LG82ZTE	413	Picture	2_69_Encoding_Working_Memory_MEG_P2_LR_Nonsalient_NoChange_UncuedRetriev_300_300_399_1800_3000_2100_gabor_patch_orientation_049_107_069_177_target_position_2_3_retrieval_position_4	5792634	0	2	1338	3	0	1250
LG82ZTE	413	Picture	Flicker2	5793972	1338	1	1337	2	1250	1250
LG82ZTE	413	Picture	Flicker3	5795309	2675	1	1337	2	2500	1250
LG82ZTE	414	Picture	Delay	5796813	0	2	18054	3	0	17920
LG82ZTE	415	Picture	2_69_Retrieval_Working_Memory_MEG_P2_LR_Nonsalient_NoChange_UncuedRetriev_retrieval_patch_orientation_177_retrieval_position_4	5815034	0	1	30089	2	0	29920
LG82ZTE	415	Response	10	5826651	11617	4
LG82ZTE	416	Picture	ITI	5845290	0	1	21062	2	0	20920
LG82ZTE	417	Picture	CueingCross	5866519	0	1	3009	2	0	2920
LG82ZTE	418	Picture	PrepTime	5869695	0	1	3009	2	0	2920
LG82ZTE	419	Picture	2_70_Encoding_Working_Memory_MEG_P2_LR_Nonsalient_NoChange_CuedRetrieval_300_300_399_2150_3000_2400_gabor_patch_orientation_011_055_143_083_target_position_2_4_retrieval_position_4	5872871	0	1	1338	2	0	1250
LG82ZTE	419	Picture	Flicker2	5874209	1338	1	1337	2	1250	1250
LG82ZTE	419	Picture	Flicker3	5875546	2675	1	1337	2	2500	1250
LG82ZTE	420	Picture	Delay	5877050	0	2	21564	3	0	21420
LG82ZTE	421	Picture	2_70_Retrieval_Working_Memory_MEG_P2_LR_Nonsalient_NoChange_CuedRetrieval_retrieval_patch_orientation_083_retrieval_position_4	5898781	0	1	30089	2	0	29920
LG82ZTE	421	Response	10	5909419	10638	3
LG82ZTE	422	Picture	ITI	5929037	0	1	24071	2	0	23920
LG82ZTE	423	Picture	BaselinePost	5953275	0	2	50148	4	0	50000
