Scenario - ATWM1_Working_Memory_MEG_salient_uncued_run2
Logfile written - 02/09/2016 12:48:05

Subject	Trial	Event Type	Code	Time	TTime	Uncertainty	Duration	Uncertainty	ReqTime	ReqDur

LG82ZTE	1	Picture	ExpStart	29	0	1	10029	3	0	10000
LG82ZTE	2	Picture	BaselinePre	10226	0	1	100129	2	0	100000
LG82ZTE	3	Picture	CueingCross	110522	0	1	3009	2	0	2920
LG82ZTE	4	Picture	PrepTime	113698	0	1	3008	3	0	2920
LG82ZTE	5	Picture	2_1_Encoding_Working_Memory_MEG_P2_LR_Salient_NoChange_CuedRetrieval_300_300_399_1950_3000_2200_gabor_patch_orientation_008_083_047_168_target_position_3_4_retrieval_position_4	116874	0	1	1337	2	0	1250
LG82ZTE	5	Picture	Flicker2	118211	1337	1	1338	2	1250	1250
LG82ZTE	5	Picture	Flicker3	119549	2675	1	1337	2	2500	1250
LG82ZTE	6	Picture	Delay	121053	0	1	19558	2	0	19420
LG82ZTE	7	Picture	2_1_Retrieval_Working_Memory_MEG_P2_LR_Salient_NoChange_CuedRetrieval_retrieval_patch_orientation_168_retrieval_position_4	140778	0	1	30089	2	0	29920
LG82ZTE	7	Response	10	148700	7922	4
LG82ZTE	8	Picture	ITI	171034	0	1	22065	2	0	21920
LG82ZTE	9	Picture	CueingCross	193266	0	1	3009	2	0	2920
LG82ZTE	10	Picture	PrepTime	196442	0	1	3009	2	0	2920
LG82ZTE	11	Picture	2_2_Encoding_Working_Memory_MEG_P2_LR_Salient_NoChange_CuedRetrieval_300_300_399_1950_3000_2150_gabor_patch_orientation_086_109_142_027_target_position_2_3_retrieval_position_3	199618	0	2	1338	3	0	1250
LG82ZTE	11	Picture	Flicker2	200956	1338	1	1337	2	1250	1250
LG82ZTE	11	Picture	Flicker3	202293	2675	1	1337	2	2500	1250
LG82ZTE	12	Picture	Delay	203797	0	2	19558	3	0	19420
LG82ZTE	13	Picture	2_2_Retrieval_Working_Memory_MEG_P2_LR_Salient_NoChange_CuedRetrieval_retrieval_patch_orientation_142_retrieval_position_3	223522	0	1	30089	2	0	29920
LG82ZTE	13	Response	10	231268	7746	3
LG82ZTE	14	Picture	ITI	253778	0	2	21564	3	0	21420
LG82ZTE	15	Picture	CueingCross	275509	0	1	3009	2	0	2920
LG82ZTE	16	Picture	PrepTime	278685	0	1	3009	2	0	2920
LG82ZTE	17	Picture	2_3_Encoding_Working_Memory_MEG_P2_LR_Salient_DoChange_CuedRetrieval_300_300_399_1850_3000_2600_gabor_patch_orientation_037_009_118_058_target_position_1_2_retrieval_position_1	281861	0	1	1337	3	0	1250
LG82ZTE	17	Picture	Flicker2	283198	1337	2	1338	3	1250	1250
LG82ZTE	17	Picture	Flicker3	284536	2675	1	1337	2	2500	1250
LG82ZTE	18	Picture	Delay	286040	0	1	18555	2	0	18420
LG82ZTE	19	Picture	2_3_Retrieval_Working_Memory_MEG_P2_LR_Salient_DoChange_CuedRetrieval_retrieval_patch_orientation_085_retrieval_position_1	304762	0	1	30089	2	0	29920
LG82ZTE	19	Response	20	314355	9593	4
LG82ZTE	20	Picture	ITI	335018	0	1	26077	2	0	25920
LG82ZTE	21	Picture	CueingCross	361262	0	2	3009	3	0	2920
LG82ZTE	22	Picture	PrepTime	364438	0	2	3009	3	0	2920
LG82ZTE	23	Picture	2_4_Encoding_Working_Memory_MEG_P2_LR_Salient_NoChange_CuedRetrieval_300_300_399_2150_3000_1900_gabor_patch_orientation_112_028_071_006_target_position_1_4_retrieval_position_1	367614	0	2	1338	3	0	1250
LG82ZTE	23	Picture	Flicker2	368952	1338	1	1337	2	1250	1250
LG82ZTE	23	Picture	Flicker3	370289	2675	1	1337	2	2500	1250
LG82ZTE	24	Picture	Delay	371793	0	2	21564	3	0	21420
LG82ZTE	25	Picture	2_4_Retrieval_Working_Memory_MEG_P2_LR_Salient_NoChange_CuedRetrieval_retrieval_patch_orientation_112_retrieval_position_1	393524	0	2	30089	3	0	29920
LG82ZTE	25	Response	10	401983	8459	3
LG82ZTE	26	Picture	ITI	423780	0	2	19056	4	0	18920
LG82ZTE	27	Picture	CueingCross	443004	0	1	3009	2	0	2920
LG82ZTE	28	Picture	PrepTime	446179	0	2	3010	3	0	2920
LG82ZTE	29	Picture	2_5_Encoding_Working_Memory_MEG_P2_LR_Salient_DoChange_CuedRetrieval_300_300_399_1800_3000_2500_gabor_patch_orientation_021_054_100_161_target_position_1_2_retrieval_position_1	449356	0	1	1337	2	0	1250
LG82ZTE	29	Picture	Flicker2	450693	1337	1	1337	2	1250	1250
LG82ZTE	29	Picture	Flicker3	452030	2674	1	1338	2	2500	1250
LG82ZTE	30	Picture	Delay	453535	0	1	18053	2	0	17920
LG82ZTE	31	Picture	2_5_Retrieval_Working_Memory_MEG_P2_LR_Salient_DoChange_CuedRetrieval_retrieval_patch_orientation_071_retrieval_position_1	471755	0	2	30089	3	0	29920
LG82ZTE	31	Response	10	485130	13375	4
LG82ZTE	32	Picture	ITI	502011	0	2	25074	3	0	24920
LG82ZTE	33	Picture	CueingCross	527252	0	2	3009	3	0	2920
LG82ZTE	34	Picture	PrepTime	530428	0	2	3009	4	0	2920
LG82ZTE	35	Picture	2_6_Encoding_Working_Memory_MEG_P2_LR_Salient_DoChange_CuedRetrieval_300_300_399_2100_3000_2400_gabor_patch_orientation_123_006_089_151_target_position_1_4_retrieval_position_1	533605	0	1	1337	2	0	1250
LG82ZTE	35	Picture	Flicker2	534942	1337	1	1337	2	1250	1250
LG82ZTE	35	Picture	Flicker3	536279	2674	1	1337	3	2500	1250
LG82ZTE	36	Picture	Delay	537784	0	1	21062	2	0	20920
LG82ZTE	37	Picture	2_6_Retrieval_Working_Memory_MEG_P2_LR_Salient_DoChange_CuedRetrieval_retrieval_patch_orientation_172_retrieval_position_1	559013	0	1	30089	2	0	29920
LG82ZTE	37	Response	20	576157	17144	4
LG82ZTE	38	Picture	ITI	589269	0	1	24071	2	0	23920
LG82ZTE	39	Picture	CueingCross	613507	0	1	3009	2	0	2920
LG82ZTE	40	Picture	PrepTime	616683	0	1	3009	2	0	2920
LG82ZTE	41	Picture	2_7_Encoding_Working_Memory_MEG_P2_LR_Salient_DoChange_CuedRetrieval_300_300_399_1850_3000_2000_gabor_patch_orientation_172_012_142_066_target_position_1_2_retrieval_position_1	619859	0	1	1338	2	0	1250
LG82ZTE	41	Picture	Flicker2	621197	1338	1	1337	2	1250	1250
LG82ZTE	41	Picture	Flicker3	622534	2675	1	1337	2	2500	1250
LG82ZTE	42	Picture	Delay	624038	0	2	18555	3	0	18420
LG82ZTE	43	Picture	2_7_Retrieval_Working_Memory_MEG_P2_LR_Salient_DoChange_CuedRetrieval_retrieval_patch_orientation_036_retrieval_position_1	642760	0	2	30089	3	0	29920
LG82ZTE	43	Response	20	649535	6775	4
LG82ZTE	44	Picture	ITI	673016	0	2	20059	4	0	19920
LG82ZTE	45	Picture	CueingCross	693243	0	1	3009	2	0	2920
LG82ZTE	46	Picture	PrepTime	696419	0	1	3009	2	0	2920
LG82ZTE	47	Picture	2_8_Encoding_Working_Memory_MEG_P2_LR_Salient_DoChange_UncuedRetriev_300_300_399_2250_3000_2150_gabor_patch_orientation_117_057_004_141_target_position_2_3_retrieval_position_4	699595	0	1	1337	2	0	1250
LG82ZTE	47	Picture	Flicker2	700932	1337	1	1337	2	1250	1250
LG82ZTE	47	Picture	Flicker3	702269	2674	1	1338	2	2500	1250
LG82ZTE	48	Picture	Delay	703774	0	1	22566	3	0	22420
LG82ZTE	49	Picture	2_8_Retrieval_Working_Memory_MEG_P2_LR_Salient_DoChange_UncuedRetriev_retrieval_patch_orientation_093_retrieval_position_4	726508	0	1	30088	3	0	29920
LG82ZTE	49	Response	10	736772	10264	4
LG82ZTE	50	Picture	ITI	756763	0	2	21564	3	0	21420
LG82ZTE	51	Picture	CueingCross	778494	0	2	3009	3	0	2920
LG82ZTE	52	Picture	PrepTime	781670	0	2	3009	3	0	2920
LG82ZTE	53	Picture	2_9_Encoding_Working_Memory_MEG_P2_LR_Salient_NoChange_CuedRetrieval_300_300_399_1850_3000_1900_gabor_patch_orientation_097_034_072_119_target_position_1_2_retrieval_position_1	784846	0	2	1338	3	0	1250
LG82ZTE	53	Picture	Flicker2	786184	1338	1	1337	2	1250	1250
LG82ZTE	53	Picture	Flicker3	787521	2675	1	1337	2	2500	1250
LG82ZTE	54	Picture	Delay	789026	0	1	18554	2	0	18420
LG82ZTE	55	Picture	2_9_Retrieval_Working_Memory_MEG_P2_LR_Salient_NoChange_CuedRetrieval_retrieval_patch_orientation_097_retrieval_position_1	807747	0	2	30089	3	0	29920
LG82ZTE	55	Response	10	816470	8723	3
LG82ZTE	56	Picture	ITI	838003	0	2	19057	3	0	18920
LG82ZTE	57	Picture	CueingCross	857226	0	2	3010	3	0	2920
LG82ZTE	58	Picture	PrepTime	860403	0	1	3009	2	0	2920
LG82ZTE	59	Picture	2_10_Encoding_Working_Memory_MEG_P2_LR_Salient_DoChange_CuedRetrieval_300_300_399_1850_3000_2250_gabor_patch_orientation_087_103_139_168_target_position_1_4_retrieval_position_4	863579	0	1	1337	2	0	1250
LG82ZTE	59	Picture	Flicker2	864916	1337	1	1338	2	1250	1250
LG82ZTE	59	Picture	Flicker3	866254	2675	1	1337	2	2500	1250
LG82ZTE	60	Picture	Delay	867758	0	1	18555	2	0	18420
LG82ZTE	61	Picture	2_10_Retrieval_Working_Memory_MEG_P2_LR_Salient_DoChange_CuedRetrieval_retrieval_patch_orientation_032_retrieval_position_4	886480	0	1	30089	2	0	29920
LG82ZTE	61	Response	20	893538	7058	3
LG82ZTE	62	Picture	ITI	916736	0	1	22567	2	0	22420
LG82ZTE	63	Picture	CueingCross	939470	0	1	3009	2	0	2920
LG82ZTE	64	Picture	PrepTime	942646	0	1	3009	2	0	2920
LG82ZTE	65	Picture	2_11_Encoding_Working_Memory_MEG_P2_LR_Salient_DoChange_UncuedRetriev_300_300_399_1950_3000_2350_gabor_patch_orientation_089_022_071_001_target_position_1_3_retrieval_position_2	945822	0	1	1337	2	0	1250
LG82ZTE	65	Picture	Flicker2	947159	1337	1	1337	3	1250	1250
LG82ZTE	65	Picture	Flicker3	948496	2674	2	1338	3	2500	1250
LG82ZTE	66	Picture	Delay	950001	0	1	19558	2	0	19420
LG82ZTE	67	Picture	2_11_Retrieval_Working_Memory_MEG_P2_LR_Salient_DoChange_UncuedRetriev_retrieval_patch_orientation_160_retrieval_position_2	969726	0	1	30089	2	0	29920
LG82ZTE	67	Response	20	980885	11159	3
LG82ZTE	68	Picture	ITI	999982	0	1	23569	2	0	23420
LG82ZTE	69	Picture	CueingCross	1023719	0	1	3008	3	0	2920
LG82ZTE	70	Picture	PrepTime	1026894	0	2	3009	4	0	2920
LG82ZTE	71	Picture	2_12_Encoding_Working_Memory_MEG_P2_LR_Salient_NoChange_CuedRetrieval_300_300_399_1950_3000_2400_gabor_patch_orientation_179_094_061_011_target_position_1_4_retrieval_position_1	1030071	0	1	1337	2	0	1250
LG82ZTE	71	Picture	Flicker2	1031408	1337	1	1337	2	1250	1250
LG82ZTE	71	Picture	Flicker3	1032745	2674	1	1337	3	2500	1250
LG82ZTE	72	Picture	Delay	1034250	0	1	19557	3	0	19420
LG82ZTE	73	Picture	2_12_Retrieval_Working_Memory_MEG_P2_LR_Salient_NoChange_CuedRetrieval_retrieval_patch_orientation_179_retrieval_position_1	1053975	0	1	30088	3	0	29920
LG82ZTE	73	Response	10	1061112	7137	4
LG82ZTE	74	Picture	ITI	1084231	0	1	24071	2	0	23920
LG82ZTE	75	Picture	CueingCross	1108469	0	2	3009	3	0	2920
LG82ZTE	76	Picture	PrepTime	1111645	0	1	3009	2	0	2920
LG82ZTE	77	Picture	2_13_Encoding_Working_Memory_MEG_P2_LR_Salient_DoChange_CuedRetrieval_300_300_399_1800_3000_2050_gabor_patch_orientation_029_109_170_050_target_position_3_4_retrieval_position_4	1114821	0	1	1337	2	0	1250
LG82ZTE	77	Picture	Flicker2	1116158	1337	1	1337	3	1250	1250
LG82ZTE	77	Picture	Flicker3	1117495	2674	2	1338	3	2500	1250
LG82ZTE	78	Picture	Delay	1119000	0	1	18053	2	0	17920
LG82ZTE	79	Picture	2_13_Retrieval_Working_Memory_MEG_P2_LR_Salient_DoChange_CuedRetrieval_retrieval_patch_orientation_003_retrieval_position_4	1137220	0	2	30089	3	0	29920
LG82ZTE	79	Response	20	1145320	8100	3
LG82ZTE	80	Picture	ITI	1167476	0	2	20561	3	0	20420
LG82ZTE	81	Picture	CueingCross	1188204	0	2	3009	3	0	2920
LG82ZTE	82	Picture	PrepTime	1191380	0	2	3009	3	0	2920
LG82ZTE	83	Picture	2_14_Encoding_Working_Memory_MEG_P2_LR_Salient_NoChange_CuedRetrieval_300_300_399_2100_3000_2300_gabor_patch_orientation_178_031_159_121_target_position_1_4_retrieval_position_4	1194556	0	2	1338	3	0	1250
LG82ZTE	83	Picture	Flicker2	1195894	1338	1	1337	2	1250	1250
LG82ZTE	83	Picture	Flicker3	1197231	2675	1	1337	2	2500	1250
LG82ZTE	84	Picture	Delay	1198735	0	2	21063	3	0	20920
LG82ZTE	85	Picture	2_14_Retrieval_Working_Memory_MEG_P2_LR_Salient_NoChange_CuedRetrieval_retrieval_patch_orientation_121_retrieval_position_4	1219965	0	1	30089	2	0	29920
LG82ZTE	85	Response	20	1238267	18302	3
LG82ZTE	86	Picture	ITI	1250221	0	1	23068	2	0	22920
LG82ZTE	87	Picture	CueingCross	1273456	0	1	3009	2	0	2920
LG82ZTE	88	Picture	PrepTime	1276632	0	1	3009	2	0	2920
LG82ZTE	89	Picture	2_15_Encoding_Working_Memory_MEG_P2_LR_Salient_NoChange_UncuedRetriev_300_300_399_2250_3000_2600_gabor_patch_orientation_091_003_059_028_target_position_2_4_retrieval_position_1	1279808	0	1	1337	3	0	1250
LG82ZTE	89	Picture	Flicker2	1281145	1337	2	1338	3	1250	1250
LG82ZTE	89	Picture	Flicker3	1282483	2675	1	1337	2	2500	1250
LG82ZTE	90	Picture	Delay	1283987	0	1	22567	2	0	22420
LG82ZTE	91	Picture	2_15_Retrieval_Working_Memory_MEG_P2_LR_Salient_NoChange_UncuedRetriev_retrieval_patch_orientation_091_retrieval_position_1	1306721	0	1	30088	3	0	29920
LG82ZTE	91	Response	10	1316485	9764	3
LG82ZTE	92	Picture	ITI	1336977	0	1	26077	2	0	25920
LG82ZTE	93	Picture	CueingCross	1363221	0	1	3009	2	0	2920
LG82ZTE	94	Picture	PrepTime	1366397	0	1	3008	3	0	2920
LG82ZTE	95	Picture	2_16_Encoding_Working_Memory_MEG_P2_LR_Salient_DoChange_CuedRetrieval_300_300_399_2050_3000_2400_gabor_patch_orientation_099_147_131_067_target_position_2_3_retrieval_position_3	1369573	0	1	1338	2	0	1250
LG82ZTE	95	Picture	Flicker2	1370911	1338	1	1337	2	1250	1250
LG82ZTE	95	Picture	Flicker3	1372248	2675	1	1337	2	2500	1250
LG82ZTE	96	Picture	Delay	1373752	0	1	20561	2	0	20420
LG82ZTE	97	Picture	2_16_Retrieval_Working_Memory_MEG_P2_LR_Salient_DoChange_CuedRetrieval_retrieval_patch_orientation_180_retrieval_position_3	1394480	0	1	30089	2	0	29920
LG82ZTE	97	Response	20	1400742	6262	3
LG82ZTE	98	Picture	ITI	1424736	0	1	24071	2	0	23920
LG82ZTE	99	Picture	CueingCross	1448974	0	2	3009	3	0	2920
LG82ZTE	100	Picture	PrepTime	1452150	0	2	3009	3	0	2920
LG82ZTE	101	Picture	2_17_Encoding_Working_Memory_MEG_P2_LR_Salient_DoChange_CuedRetrieval_300_300_399_1900_3000_2300_gabor_patch_orientation_138_165_003_089_target_position_2_4_retrieval_position_2	1455326	0	2	1338	3	0	1250
LG82ZTE	101	Picture	Flicker2	1456664	1338	1	1337	2	1250	1250
LG82ZTE	101	Picture	Flicker3	1458001	2675	1	1337	2	2500	1250
LG82ZTE	102	Picture	Delay	1459505	0	2	19057	3	0	18920
LG82ZTE	103	Picture	2_17_Retrieval_Working_Memory_MEG_P2_LR_Salient_DoChange_CuedRetrieval_retrieval_patch_orientation_026_retrieval_position_2	1478729	0	1	30089	2	0	29920
LG82ZTE	103	Response	20	1485359	6630	4
LG82ZTE	104	Picture	ITI	1508985	0	1	23068	2	0	22920
LG82ZTE	105	Picture	CueingCross	1532220	0	1	3009	2	0	2920
LG82ZTE	106	Picture	PrepTime	1535396	0	1	3009	2	0	2920
LG82ZTE	107	Picture	2_18_Encoding_Working_Memory_MEG_P2_LR_Salient_NoChange_CuedRetrieval_300_300_399_2050_3000_2350_gabor_patch_orientation_155_033_072_092_target_position_2_4_retrieval_position_4	1538572	0	2	1338	3	0	1250
LG82ZTE	107	Picture	Flicker2	1539910	1338	1	1337	2	1250	1250
LG82ZTE	107	Picture	Flicker3	1541247	2675	1	1337	2	2500	1250
LG82ZTE	108	Picture	Delay	1542751	0	2	20561	3	0	20420
LG82ZTE	109	Picture	2_18_Retrieval_Working_Memory_MEG_P2_LR_Salient_NoChange_CuedRetrieval_retrieval_patch_orientation_092_retrieval_position_4	1563479	0	1	30089	2	0	29920
LG82ZTE	109	Response	20	1571867	8388	3
LG82ZTE	110	Picture	ITI	1593735	0	2	23570	3	0	23420
LG82ZTE	111	Picture	CueingCross	1617472	0	1	3009	2	0	2920
LG82ZTE	112	Picture	PrepTime	1620648	0	2	3009	3	0	2920
LG82ZTE	113	Picture	2_19_Encoding_Working_Memory_MEG_P2_LR_Salient_DoChange_CuedRetrieval_300_300_399_2000_3000_2350_gabor_patch_orientation_104_140_075_125_target_position_1_2_retrieval_position_1	1623824	0	1	1337	2	0	1250
LG82ZTE	113	Picture	Flicker2	1625161	1337	1	1338	2	1250	1250
LG82ZTE	113	Picture	Flicker3	1626499	2675	1	1337	2	2500	1250
LG82ZTE	114	Picture	Delay	1628003	0	1	20059	2	0	19920
LG82ZTE	115	Picture	2_19_Retrieval_Working_Memory_MEG_P2_LR_Salient_DoChange_CuedRetrieval_retrieval_patch_orientation_056_retrieval_position_1	1648229	0	2	30089	3	0	29920
LG82ZTE	115	Response	20	1654124	5895	4
LG82ZTE	116	Picture	ITI	1678485	0	2	23570	3	0	23420
LG82ZTE	117	Picture	CueingCross	1702222	0	2	3009	3	0	2920
LG82ZTE	118	Picture	PrepTime	1705398	0	2	3009	3	0	2920
LG82ZTE	119	Picture	2_20_Encoding_Working_Memory_MEG_P2_LR_Salient_DoChange_CuedRetrieval_300_300_399_1900_3000_2150_gabor_patch_orientation_130_175_086_002_target_position_2_3_retrieval_position_3	1708574	0	2	1338	3	0	1250
LG82ZTE	119	Picture	Flicker2	1709912	1338	1	1337	2	1250	1250
LG82ZTE	119	Picture	Flicker3	1711249	2675	1	1337	2	2500	1250
LG82ZTE	120	Picture	Delay	1712753	0	2	19057	3	0	18920
LG82ZTE	121	Picture	2_20_Retrieval_Working_Memory_MEG_P2_LR_Salient_DoChange_CuedRetrieval_retrieval_patch_orientation_040_retrieval_position_3	1731977	0	1	30089	2	0	29920
LG82ZTE	121	Response	20	1738922	6945	3
LG82ZTE	122	Picture	ITI	1762233	0	1	21563	3	0	21420
LG82ZTE	123	Picture	CueingCross	1783964	0	1	3008	3	0	2920
LG82ZTE	124	Picture	PrepTime	1787140	0	1	3009	2	0	2920
LG82ZTE	125	Picture	2_21_Encoding_Working_Memory_MEG_P2_LR_Salient_DoChange_CuedRetrieval_300_300_399_1900_3000_2100_gabor_patch_orientation_007_142_034_160_target_position_1_3_retrieval_position_1	1790316	0	1	1337	2	0	1250
LG82ZTE	125	Picture	Flicker2	1791653	1337	1	1337	2	1250	1250
LG82ZTE	125	Picture	Flicker3	1792990	2674	1	1338	2	2500	1250
LG82ZTE	126	Picture	Delay	1794495	0	1	19056	2	0	18920
LG82ZTE	127	Picture	2_21_Retrieval_Working_Memory_MEG_P2_LR_Salient_DoChange_CuedRetrieval_retrieval_patch_orientation_052_retrieval_position_1	1813718	0	1	30089	2	0	29920
LG82ZTE	127	Response	20	1820679	6961	3
LG82ZTE	128	Picture	ITI	1843974	0	1	21062	2	0	20920
LG82ZTE	129	Picture	CueingCross	1865203	0	2	3009	3	0	2920
LG82ZTE	130	Picture	PrepTime	1868380	0	1	3008	3	0	2920
LG82ZTE	131	Picture	2_22_Encoding_Working_Memory_MEG_P2_LR_Salient_NoChange_UncuedRetriev_300_300_399_2050_3000_1950_gabor_patch_orientation_027_065_086_004_target_position_2_3_retrieval_position_4	1871556	0	1	1337	2	0	1250
LG82ZTE	131	Picture	Flicker2	1872893	1337	1	1337	2	1250	1250
LG82ZTE	131	Picture	Flicker3	1874230	2674	1	1337	3	2500	1250
LG82ZTE	132	Picture	Delay	1875735	0	1	20560	2	0	20420
LG82ZTE	133	Picture	2_22_Retrieval_Working_Memory_MEG_P2_LR_Salient_NoChange_UncuedRetriev_retrieval_patch_orientation_004_retrieval_position_4	1896462	0	2	30089	3	0	29920
LG82ZTE	133	Response	10	1904626	8164	4
LG82ZTE	134	Picture	ITI	1926718	0	2	19558	3	0	19420
LG82ZTE	135	Picture	CueingCross	1946443	0	2	3009	3	0	2920
LG82ZTE	136	Picture	PrepTime	1949619	0	2	3009	3	0	2920
LG82ZTE	137	Picture	2_23_Encoding_Working_Memory_MEG_P2_LR_Salient_DoChange_CuedRetrieval_300_300_399_2200_3000_2050_gabor_patch_orientation_131_086_152_043_target_position_1_4_retrieval_position_1	1952795	0	2	1338	3	0	1250
LG82ZTE	137	Picture	Flicker2	1954133	1338	1	1337	2	1250	1250
LG82ZTE	137	Picture	Flicker3	1955470	2675	1	1337	2	2500	1250
LG82ZTE	138	Picture	Delay	1956974	0	6	22066	7	0	21920
LG82ZTE	139	Picture	2_23_Retrieval_Working_Memory_MEG_P2_LR_Salient_DoChange_CuedRetrieval_retrieval_patch_orientation_176_retrieval_position_1	1979207	0	1	30089	2	0	29920
LG82ZTE	139	Response	20	1985264	6057	3
LG82ZTE	140	Picture	ITI	2009463	0	1	20561	2	0	20420
LG82ZTE	141	Picture	CueingCross	2030191	0	1	3009	2	0	2920
LG82ZTE	142	Picture	PrepTime	2033367	0	1	3009	2	0	2920
LG82ZTE	143	Picture	2_24_Encoding_Working_Memory_MEG_P2_LR_Salient_NoChange_CuedRetrieval_300_300_399_2250_3000_2450_gabor_patch_orientation_054_092_159_036_target_position_3_4_retrieval_position_4	2036543	0	1	1337	2	0	1250
LG82ZTE	143	Picture	Flicker2	2037880	1337	1	1337	2	1250	1250
LG82ZTE	143	Picture	Flicker3	2039217	2674	1	1338	2	2500	1250
LG82ZTE	144	Picture	Delay	2040722	0	1	22566	3	0	22420
LG82ZTE	145	Picture	2_24_Retrieval_Working_Memory_MEG_P2_LR_Salient_NoChange_CuedRetrieval_retrieval_patch_orientation_036_retrieval_position_4	2063456	0	1	30088	3	0	29920
LG82ZTE	145	Response	10	2071221	7765	4
LG82ZTE	146	Picture	ITI	2093712	0	1	24572	2	0	24420
LG82ZTE	147	Picture	CueingCross	2118451	0	2	3009	3	0	2920
LG82ZTE	148	Picture	PrepTime	2121627	0	2	3009	3	0	2920
LG82ZTE	149	Picture	2_25_Encoding_Working_Memory_MEG_P2_LR_Salient_NoChange_CuedRetrieval_300_300_399_1800_3000_2200_gabor_patch_orientation_023_133_101_078_target_position_3_4_retrieval_position_3	2124803	0	2	1338	3	0	1250
LG82ZTE	149	Picture	Flicker2	2126141	1338	1	1337	2	1250	1250
LG82ZTE	149	Picture	Flicker3	2127478	2675	1	1337	2	2500	1250
LG82ZTE	150	Picture	Delay	2128982	0	2	18054	3	0	17920
LG82ZTE	151	Picture	2_25_Retrieval_Working_Memory_MEG_P2_LR_Salient_NoChange_CuedRetrieval_retrieval_patch_orientation_101_retrieval_position_3	2147203	0	1	30089	2	0	29920
LG82ZTE	151	Response	10	2157199	9996	3
LG82ZTE	152	Picture	ITI	2177459	0	1	22065	2	0	21920
LG82ZTE	153	Picture	CueingCross	2199691	0	1	3009	2	0	2920
LG82ZTE	154	Picture	PrepTime	2202867	0	2	3009	3	0	2920
LG82ZTE	155	Picture	2_26_Encoding_Working_Memory_MEG_P2_LR_Salient_NoChange_UncuedRetriev_300_300_399_2050_3000_1950_gabor_patch_orientation_111_179_160_023_target_position_1_2_retrieval_position_4	2206043	0	2	1338	3	0	1250
LG82ZTE	155	Picture	Flicker2	2207381	1338	1	1337	2	1250	1250
LG82ZTE	155	Picture	Flicker3	2208718	2675	1	1337	2	2500	1250
LG82ZTE	156	Picture	Delay	2210222	0	2	20561	3	0	20420
LG82ZTE	157	Picture	2_26_Retrieval_Working_Memory_MEG_P2_LR_Salient_NoChange_UncuedRetriev_retrieval_patch_orientation_023_retrieval_position_4	2230950	0	1	30089	2	0	29920
LG82ZTE	157	Response	20	2240046	9096	4
LG82ZTE	158	Picture	ITI	2261206	0	1	19558	2	0	19420
LG82ZTE	159	Picture	CueingCross	2280931	0	1	3009	2	0	2920
LG82ZTE	160	Picture	PrepTime	2284107	0	1	3009	2	0	2920
LG82ZTE	161	Picture	2_27_Encoding_Working_Memory_MEG_P2_LR_Salient_DoChange_CuedRetrieval_300_300_399_1800_3000_2300_gabor_patch_orientation_121_011_095_079_target_position_1_4_retrieval_position_1	2287283	0	1	1337	3	0	1250
LG82ZTE	161	Picture	Flicker2	2288620	1337	2	1338	3	1250	1250
LG82ZTE	161	Picture	Flicker3	2289958	2675	1	1337	2	2500	1250
LG82ZTE	162	Picture	Delay	2291462	0	1	18054	2	0	17920
LG82ZTE	163	Picture	2_27_Retrieval_Working_Memory_MEG_P2_LR_Salient_DoChange_CuedRetrieval_retrieval_patch_orientation_168_retrieval_position_1	2309683	0	1	30089	2	0	29920
LG82ZTE	163	Response	20	2316004	6321	3
LG82ZTE	164	Picture	ITI	2339939	0	1	23068	2	0	22920
LG82ZTE	165	Picture	CueingCross	2363174	0	1	3009	2	0	2920
LG82ZTE	166	Picture	PrepTime	2366350	0	1	3009	2	0	2920
LG82ZTE	167	Picture	2_28_Encoding_Working_Memory_MEG_P2_LR_Salient_DoChange_CuedRetrieval_300_300_399_2100_3000_2100_gabor_patch_orientation_013_037_101_149_target_position_2_3_retrieval_position_2	2369526	0	1	1337	2	0	1250
LG82ZTE	167	Picture	Flicker2	2370863	1337	1	1338	2	1250	1250
LG82ZTE	167	Picture	Flicker3	2372201	2675	1	1337	2	2500	1250
LG82ZTE	168	Picture	Delay	2373705	0	1	21062	2	0	20920
LG82ZTE	169	Picture	2_28_Retrieval_Working_Memory_MEG_P2_LR_Salient_DoChange_CuedRetrieval_retrieval_patch_orientation_084_retrieval_position_2	2394934	0	2	30089	3	0	29920
LG82ZTE	169	Response	20	2401251	6317	4
LG82ZTE	170	Picture	ITI	2425190	0	2	21063	3	0	20920
LG82ZTE	171	Picture	CueingCross	2446420	0	1	3009	2	0	2920
LG82ZTE	172	Picture	PrepTime	2449596	0	1	3009	2	0	2920
LG82ZTE	173	Picture	2_29_Encoding_Working_Memory_MEG_P2_LR_Salient_DoChange_CuedRetrieval_300_300_399_1750_3000_1900_gabor_patch_orientation_027_137_059_001_target_position_2_4_retrieval_position_2	2452772	0	1	1337	2	0	1250
LG82ZTE	173	Picture	Flicker2	2454109	1337	1	1337	3	1250	1250
LG82ZTE	173	Picture	Flicker3	2455446	2674	2	1338	3	2500	1250
LG82ZTE	174	Picture	Delay	2456951	0	1	17552	2	0	17420
LG82ZTE	175	Picture	2_29_Retrieval_Working_Memory_MEG_P2_LR_Salient_DoChange_CuedRetrieval_retrieval_patch_orientation_091_retrieval_position_2	2474670	0	1	30089	2	0	29920
LG82ZTE	175	Response	20	2480799	6129	3
LG82ZTE	176	Picture	ITI	2504926	0	1	19056	2	0	18920
LG82ZTE	177	Picture	CueingCross	2524149	0	2	3009	3	0	2920
LG82ZTE	178	Picture	PrepTime	2527325	0	2	3009	3	0	2920
LG82ZTE	179	Picture	2_30_Encoding_Working_Memory_MEG_P2_LR_Salient_DoChange_CuedRetrieval_300_300_399_1900_3000_2200_gabor_patch_orientation_162_050_126_019_target_position_1_2_retrieval_position_2	2530501	0	2	1338	3	0	1250
LG82ZTE	179	Picture	Flicker2	2531839	1338	1	1337	2	1250	1250
LG82ZTE	179	Picture	Flicker3	2533176	2675	1	1337	2	2500	1250
LG82ZTE	180	Picture	Delay	2534680	0	2	19057	3	0	18920
LG82ZTE	181	Picture	2_30_Retrieval_Working_Memory_MEG_P2_LR_Salient_DoChange_CuedRetrieval_retrieval_patch_orientation_003_retrieval_position_2	2553904	0	1	30089	2	0	29920
LG82ZTE	181	Response	20	2561276	7372	5
LG82ZTE	182	Picture	ITI	2584160	0	1	22065	2	0	21920
LG82ZTE	183	Picture	CueingCross	2606392	0	1	3009	2	0	2920
LG82ZTE	184	Picture	PrepTime	2609568	0	1	3009	2	0	2920
LG82ZTE	185	Picture	2_31_Encoding_Working_Memory_MEG_P2_LR_Salient_DoChange_UncuedRetriev_300_300_399_2250_3000_2100_gabor_patch_orientation_168_115_141_084_target_position_1_4_retrieval_position_3	2612744	0	2	1338	3	0	1250
LG82ZTE	185	Picture	Flicker2	2614082	1338	1	1337	2	1250	1250
LG82ZTE	185	Picture	Flicker3	2615419	2675	1	1337	2	2500	1250
LG82ZTE	186	Picture	Delay	2616923	0	2	22567	3	0	22420
LG82ZTE	187	Picture	2_31_Retrieval_Working_Memory_MEG_P2_LR_Salient_DoChange_UncuedRetriev_retrieval_patch_orientation_004_retrieval_position_3	2639657	0	1	30089	2	0	29920
LG82ZTE	187	Response	10	2647654	7997	3
LG82ZTE	188	Picture	ITI	2669913	0	1	21062	2	0	20920
LG82ZTE	189	Picture	CueingCross	2691142	0	2	3009	3	0	2920
LG82ZTE	190	Picture	PrepTime	2694319	0	1	3008	3	0	2920
LG82ZTE	191	Picture	2_32_Encoding_Working_Memory_MEG_P2_LR_Salient_NoChange_CuedRetrieval_300_300_399_2200_3000_2350_gabor_patch_orientation_052_122_037_002_target_position_2_3_retrieval_position_2	2697495	0	1	1337	2	0	1250
LG82ZTE	191	Picture	Flicker2	2698832	1337	1	1337	2	1250	1250
LG82ZTE	191	Picture	Flicker3	2700169	2674	1	1337	3	2500	1250
LG82ZTE	192	Picture	Delay	2701674	0	1	22065	2	0	21920
LG82ZTE	193	Picture	2_32_Retrieval_Working_Memory_MEG_P2_LR_Salient_NoChange_CuedRetrieval_retrieval_patch_orientation_122_retrieval_position_2	2723906	0	1	30089	2	0	29920
LG82ZTE	193	Response	10	2736211	12305	3
LG82ZTE	194	Picture	ITI	2754162	0	1	23570	2	0	23420
LG82ZTE	195	Picture	CueingCross	2777899	0	1	3009	2	0	2920
LG82ZTE	196	Picture	PrepTime	2781075	0	1	3009	2	0	2920
LG82ZTE	197	Picture	2_33_Encoding_Working_Memory_MEG_P2_LR_Salient_DoChange_CuedRetrieval_300_300_399_2200_3000_2550_gabor_patch_orientation_126_105_082_057_target_position_1_3_retrieval_position_1	2784251	0	1	1337	2	0	1250
LG82ZTE	197	Picture	Flicker2	2785588	1337	1	1337	2	1250	1250
LG82ZTE	197	Picture	Flicker3	2786925	2674	1	1338	2	2500	1250
LG82ZTE	198	Picture	Delay	2788430	0	1	22065	2	0	21920
LG82ZTE	199	Picture	2_33_Retrieval_Working_Memory_MEG_P2_LR_Salient_DoChange_CuedRetrieval_retrieval_patch_orientation_172_retrieval_position_1	2810662	0	1	30089	2	0	29920
LG82ZTE	199	Response	10	2834318	23656	3
LG82ZTE	200	Picture	ITI	2840918	0	1	25576	2	0	25420
LG82ZTE	201	Picture	CueingCross	2866661	0	1	3009	2	0	2920
LG82ZTE	202	Picture	PrepTime	2869837	0	1	3009	2	0	2920
LG82ZTE	203	Picture	2_34_Encoding_Working_Memory_MEG_P2_LR_Salient_NoChange_CuedRetrieval_300_300_399_1950_3000_2050_gabor_patch_orientation_087_115_168_057_target_position_1_4_retrieval_position_1	2873013	0	1	1337	2	0	1250
LG82ZTE	203	Picture	Flicker2	2874350	1337	1	1337	3	1250	1250
LG82ZTE	203	Picture	Flicker3	2875687	2674	2	1338	3	2500	1250
LG82ZTE	204	Picture	Delay	2877192	0	1	19558	2	0	19420
LG82ZTE	205	Picture	2_34_Retrieval_Working_Memory_MEG_P2_LR_Salient_NoChange_CuedRetrieval_retrieval_patch_orientation_087_retrieval_position_1	2896917	0	1	30089	2	0	29920
LG82ZTE	205	Response	10	2909695	12778	4
LG82ZTE	206	Picture	ITI	2927173	0	1	20561	2	0	20420
LG82ZTE	207	Picture	CueingCross	2947901	0	1	3009	2	0	2920
LG82ZTE	208	Picture	PrepTime	2951077	0	1	3009	2	0	2920
LG82ZTE	209	Picture	2_35_Encoding_Working_Memory_MEG_P2_LR_Salient_NoChange_UncuedRetriev_300_300_399_1850_3000_2550_gabor_patch_orientation_011_117_144_072_target_position_1_3_retrieval_position_4	2954253	0	1	1337	2	0	1250
LG82ZTE	209	Picture	Flicker2	2955590	1337	1	1337	2	1250	1250
LG82ZTE	209	Picture	Flicker3	2956927	2674	1	1338	2	2500	1250
LG82ZTE	210	Picture	Delay	2958432	0	1	18555	2	0	18420
LG82ZTE	211	Picture	2_35_Retrieval_Working_Memory_MEG_P2_LR_Salient_NoChange_UncuedRetriev_retrieval_patch_orientation_072_retrieval_position_4	2977154	0	1	30089	2	0	29920
LG82ZTE	211	Response	10	2989263	12109	3
LG82ZTE	212	Picture	ITI	3007410	0	1	25575	2	0	25420
LG82ZTE	213	Picture	CueingCross	3033152	0	2	3009	3	0	2920
LG82ZTE	214	Picture	PrepTime	3036328	0	2	3009	4	0	2920
LG82ZTE	215	Picture	2_36_Encoding_Working_Memory_MEG_P2_LR_Salient_NoChange_CuedRetrieval_300_300_399_1900_3000_1900_gabor_patch_orientation_091_150_175_060_target_position_1_4_retrieval_position_4	3039505	0	1	1337	2	0	1250
LG82ZTE	215	Picture	Flicker2	3040842	1337	1	1337	2	1250	1250
LG82ZTE	215	Picture	Flicker3	3042179	2674	1	1337	2	2500	1250
LG82ZTE	216	Picture	Delay	3043684	0	1	19056	2	0	18920
LG82ZTE	217	Picture	2_36_Retrieval_Working_Memory_MEG_P2_LR_Salient_NoChange_CuedRetrieval_retrieval_patch_orientation_060_retrieval_position_4	3062907	0	1	30089	2	0	29920
LG82ZTE	217	Response	10	3073300	10393	4
LG82ZTE	218	Picture	ITI	3093163	0	1	19056	2	0	18920
LG82ZTE	219	Picture	CueingCross	3112386	0	2	3009	3	0	2920
LG82ZTE	220	Picture	PrepTime	3115562	0	2	3009	3	0	2920
LG82ZTE	221	Picture	2_37_Encoding_Working_Memory_MEG_P2_LR_Salient_NoChange_CuedRetrieval_300_300_399_1800_3000_2300_gabor_patch_orientation_134_045_119_078_target_position_1_3_retrieval_position_3	3118738	0	2	1338	3	0	1250
LG82ZTE	221	Picture	Flicker2	3120076	1338	1	1337	2	1250	1250
LG82ZTE	221	Picture	Flicker3	3121413	2675	1	1337	2	2500	1250
LG82ZTE	222	Picture	Delay	3122918	0	1	18053	2	0	17920
LG82ZTE	223	Picture	2_37_Retrieval_Working_Memory_MEG_P2_LR_Salient_NoChange_CuedRetrieval_retrieval_patch_orientation_119_retrieval_position_3	3141138	0	1	30089	2	0	29920
LG82ZTE	223	Response	10	3150028	8890	4
LG82ZTE	224	Picture	ITI	3171394	0	1	23068	2	0	22920
LG82ZTE	225	Picture	CueingCross	3194629	0	2	3009	3	0	2920
LG82ZTE	226	Picture	PrepTime	3197805	0	2	3009	3	0	2920
LG82ZTE	227	Picture	2_38_Encoding_Working_Memory_MEG_P2_LR_Salient_DoChange_CuedRetrieval_300_300_399_2250_3000_1950_gabor_patch_orientation_103_180_068_157_target_position_1_2_retrieval_position_2	3200981	0	2	1338	3	0	1250
LG82ZTE	227	Picture	Flicker2	3202319	1338	1	1337	2	1250	1250
LG82ZTE	227	Picture	Flicker3	3203656	2675	1	1337	2	2500	1250
LG82ZTE	228	Picture	Delay	3205160	0	2	22567	3	0	22420
LG82ZTE	229	Picture	2_38_Retrieval_Working_Memory_MEG_P2_LR_Salient_DoChange_CuedRetrieval_retrieval_patch_orientation_042_retrieval_position_2	3227894	0	1	30089	2	0	29920
LG82ZTE	229	Response	20	3234445	6551	4
LG82ZTE	230	Picture	ITI	3258150	0	1	19558	2	0	19420
LG82ZTE	231	Picture	CueingCross	3277875	0	2	3009	3	0	2920
LG82ZTE	232	Picture	PrepTime	3281051	0	1	3009	2	0	2920
LG82ZTE	233	Picture	2_39_Encoding_Working_Memory_MEG_P2_LR_Salient_NoChange_UncuedRetriev_300_300_399_2000_3000_2600_gabor_patch_orientation_018_152_130_064_target_position_3_4_retrieval_position_2	3284227	0	1	1337	3	0	1250
LG82ZTE	233	Picture	Flicker2	3285564	1337	2	1338	3	1250	1250
LG82ZTE	233	Picture	Flicker3	3286902	2675	1	1337	2	2500	1250
LG82ZTE	234	Picture	Delay	3288406	0	1	20059	3	0	19920
LG82ZTE	235	Picture	2_39_Retrieval_Working_Memory_MEG_P2_LR_Salient_NoChange_UncuedRetriev_retrieval_patch_orientation_152_retrieval_position_2	3308633	0	1	30088	3	0	29920
LG82ZTE	235	Response	10	3318333	9700	3
LG82ZTE	236	Picture	ITI	3338889	0	1	26077	2	0	25920
LG82ZTE	237	Picture	CueingCross	3365133	0	1	3009	2	0	2920
LG82ZTE	238	Picture	PrepTime	3368309	0	1	3009	2	0	2920
LG82ZTE	239	Picture	2_40_Encoding_Working_Memory_MEG_P2_LR_Salient_NoChange_CuedRetrieval_300_300_399_2150_3000_2200_gabor_patch_orientation_165_097_014_040_target_position_1_4_retrieval_position_1	3371485	0	1	1337	2	0	1250
LG82ZTE	239	Picture	Flicker2	3372822	1337	1	1337	3	1250	1250
LG82ZTE	239	Picture	Flicker3	3374159	2674	2	1338	3	2500	1250
LG82ZTE	240	Picture	Delay	3375664	0	1	21564	2	0	21420
LG82ZTE	241	Picture	2_40_Retrieval_Working_Memory_MEG_P2_LR_Salient_NoChange_CuedRetrieval_retrieval_patch_orientation_165_retrieval_position_1	3397395	0	1	30089	2	0	29920
LG82ZTE	241	Response	10	3406230	8835	4
LG82ZTE	242	Picture	ITI	3427651	0	1	22065	2	0	21920
LG82ZTE	243	Picture	CueingCross	3449883	0	1	3009	2	0	2920
LG82ZTE	244	Picture	PrepTime	3453059	0	1	3009	2	0	2920
LG82ZTE	245	Picture	2_41_Encoding_Working_Memory_MEG_P2_LR_Salient_NoChange_CuedRetrieval_300_300_399_2250_3000_2600_gabor_patch_orientation_117_136_080_065_target_position_2_3_retrieval_position_2	3456235	0	1	1337	3	0	1250
LG82ZTE	245	Picture	Flicker2	3457572	1337	2	1338	3	1250	1250
LG82ZTE	245	Picture	Flicker3	3458910	2675	1	1337	2	2500	1250
LG82ZTE	246	Picture	Delay	3460414	0	1	22567	2	0	22420
LG82ZTE	247	Picture	2_41_Retrieval_Working_Memory_MEG_P2_LR_Salient_NoChange_CuedRetrieval_retrieval_patch_orientation_136_retrieval_position_2	3483148	0	1	30089	2	0	29920
LG82ZTE	247	Response	10	3491088	7940	3
LG82ZTE	248	Picture	ITI	3513404	0	1	26077	2	0	25920
LG82ZTE	249	Picture	CueingCross	3539648	0	1	3009	2	0	2920
LG82ZTE	250	Picture	PrepTime	3542824	0	1	3009	2	0	2920
LG82ZTE	251	Picture	2_42_Encoding_Working_Memory_MEG_P2_LR_Salient_NoChange_CuedRetrieval_300_300_399_2050_3000_2250_gabor_patch_orientation_133_017_048_068_target_position_3_4_retrieval_position_3	3546000	0	1	1337	3	0	1250
LG82ZTE	251	Picture	Flicker2	3547337	1337	2	1338	3	1250	1250
LG82ZTE	251	Picture	Flicker3	3548675	2675	1	1337	2	2500	1250
LG82ZTE	252	Picture	Delay	3550179	0	1	20561	2	0	20420
LG82ZTE	253	Picture	2_42_Retrieval_Working_Memory_MEG_P2_LR_Salient_NoChange_CuedRetrieval_retrieval_patch_orientation_048_retrieval_position_3	3570907	0	1	30089	2	0	29920
LG82ZTE	253	Response	10	3578255	7348	3
LG82ZTE	254	Picture	ITI	3601163	0	1	22567	2	0	22420
LG82ZTE	255	Picture	CueingCross	3623897	0	1	3009	2	0	2920
LG82ZTE	256	Picture	PrepTime	3627073	0	1	3009	2	0	2920
LG82ZTE	257	Picture	2_43_Encoding_Working_Memory_MEG_P2_LR_Salient_NoChange_CuedRetrieval_300_300_399_2100_3000_2000_gabor_patch_orientation_082_112_054_160_target_position_2_3_retrieval_position_3	3630249	0	1	1337	2	0	1250
LG82ZTE	257	Picture	Flicker2	3631586	1337	1	1338	2	1250	1250
LG82ZTE	257	Picture	Flicker3	3632924	2675	1	1337	2	2500	1250
LG82ZTE	258	Picture	Delay	3634428	0	1	21062	2	0	20920
LG82ZTE	259	Picture	2_43_Retrieval_Working_Memory_MEG_P2_LR_Salient_NoChange_CuedRetrieval_retrieval_patch_orientation_054_retrieval_position_3	3655657	0	2	30089	3	0	29920
LG82ZTE	259	Response	10	3662252	6595	4
LG82ZTE	260	Picture	ITI	3685913	0	2	20060	3	0	19920
LG82ZTE	261	Picture	CueingCross	3706140	0	1	3009	2	0	2920
LG82ZTE	262	Picture	PrepTime	3709316	0	1	3009	2	0	2920
LG82ZTE	263	Picture	2_44_Encoding_Working_Memory_MEG_P2_LR_Salient_NoChange_CuedRetrieval_300_300_399_2000_3000_2350_gabor_patch_orientation_104_025_130_085_target_position_1_4_retrieval_position_1	3712492	0	1	1337	2	0	1250
LG82ZTE	263	Picture	Flicker2	3713829	1337	1	1337	3	1250	1250
LG82ZTE	263	Picture	Flicker3	3715166	2674	2	1338	3	2500	1250
LG82ZTE	264	Picture	Delay	3716671	0	1	20059	2	0	19920
LG82ZTE	265	Picture	2_44_Retrieval_Working_Memory_MEG_P2_LR_Salient_NoChange_CuedRetrieval_retrieval_patch_orientation_104_retrieval_position_1	3736897	0	2	30089	3	0	29920
LG82ZTE	265	Response	10	3747920	11023	3
LG82ZTE	266	Picture	ITI	3767153	0	2	23570	3	0	23420
LG82ZTE	267	Picture	CueingCross	3790890	0	1	3009	2	0	2920
LG82ZTE	268	Picture	PrepTime	3794066	0	1	3009	2	0	2920
LG82ZTE	269	Picture	2_45_Encoding_Working_Memory_MEG_P2_LR_Salient_DoChange_CuedRetrieval_300_300_399_2100_3000_2200_gabor_patch_orientation_114_133_056_163_target_position_2_4_retrieval_position_4	3797242	0	1	1337	3	0	1250
LG82ZTE	269	Picture	Flicker2	3798579	1337	2	1338	3	1250	1250
LG82ZTE	269	Picture	Flicker3	3799917	2675	1	1337	2	2500	1250
LG82ZTE	270	Picture	Delay	3801421	0	1	21062	2	0	20920
LG82ZTE	271	Picture	2_45_Retrieval_Working_Memory_MEG_P2_LR_Salient_DoChange_CuedRetrieval_retrieval_patch_orientation_024_retrieval_position_4	3822650	0	2	30089	3	0	29920
LG82ZTE	271	Response	20	3831797	9147	4
LG82ZTE	272	Picture	ITI	3852906	0	2	22066	3	0	21920
LG82ZTE	273	Picture	CueingCross	3875139	0	1	3008	3	0	2920
LG82ZTE	274	Picture	PrepTime	3878315	0	1	3009	2	0	2920
LG82ZTE	275	Picture	2_46_Encoding_Working_Memory_MEG_P2_LR_Salient_NoChange_UncuedRetriev_300_300_399_2000_3000_2000_gabor_patch_orientation_044_102_127_077_target_position_1_3_retrieval_position_2	3881491	0	1	1337	2	0	1250
LG82ZTE	275	Picture	Flicker2	3882828	1337	1	1337	3	1250	1250
LG82ZTE	275	Picture	Flicker3	3884165	2674	2	1338	3	2500	1250
LG82ZTE	276	Picture	Delay	3885670	0	1	20059	2	0	19920
LG82ZTE	277	Picture	2_46_Retrieval_Working_Memory_MEG_P2_LR_Salient_NoChange_UncuedRetriev_retrieval_patch_orientation_102_retrieval_position_2	3905896	0	2	30089	3	0	29920
LG82ZTE	277	Response	10	3923054	17158	4
LG82ZTE	278	Picture	ITI	3936152	0	2	20060	3	0	19920
LG82ZTE	279	Picture	CueingCross	3956379	0	1	3009	2	0	2920
LG82ZTE	280	Picture	PrepTime	3959555	0	1	3009	2	0	2920
LG82ZTE	281	Picture	2_47_Encoding_Working_Memory_MEG_P2_LR_Salient_DoChange_CuedRetrieval_300_300_399_2000_3000_2050_gabor_patch_orientation_014_124_139_075_target_position_2_3_retrieval_position_3	3962731	0	1	1337	2	0	1250
LG82ZTE	281	Picture	Flicker2	3964068	1337	1	1337	2	1250	1250
LG82ZTE	281	Picture	Flicker3	3965405	2674	1	1338	2	2500	1250
LG82ZTE	282	Picture	Delay	3966910	0	1	20059	2	0	19920
LG82ZTE	283	Picture	2_47_Retrieval_Working_Memory_MEG_P2_LR_Salient_DoChange_CuedRetrieval_retrieval_patch_orientation_091_retrieval_position_3	3987136	0	1	30089	2	0	29920
LG82ZTE	283	Response	20	3993392	6256	4
LG82ZTE	284	Picture	ITI	4017392	0	2	20561	3	0	20420
LG82ZTE	285	Picture	CueingCross	4038120	0	1	3009	2	0	2920
LG82ZTE	286	Picture	PrepTime	4041296	0	1	3009	2	0	2920
LG82ZTE	287	Picture	2_48_Encoding_Working_Memory_MEG_P2_LR_Salient_NoChange_CuedRetrieval_300_300_399_2150_3000_2050_gabor_patch_orientation_152_112_178_024_target_position_1_3_retrieval_position_3	4044472	0	1	1337	3	0	1250
LG82ZTE	287	Picture	Flicker2	4045809	1337	2	1338	3	1250	1250
LG82ZTE	287	Picture	Flicker3	4047147	2675	1	1337	2	2500	1250
LG82ZTE	288	Picture	Delay	4048651	0	1	21564	2	0	21420
LG82ZTE	289	Picture	2_48_Retrieval_Working_Memory_MEG_P2_LR_Salient_NoChange_CuedRetrieval_retrieval_patch_orientation_178_retrieval_position_3	4070382	0	1	30089	2	0	29920
LG82ZTE	289	Response	10	4081199	10817	4
LG82ZTE	290	Picture	ITI	4100638	0	1	20561	2	0	20420
LG82ZTE	291	Picture	CueingCross	4121366	0	1	3009	2	0	2920
LG82ZTE	292	Picture	PrepTime	4124542	0	1	3009	2	0	2920
LG82ZTE	293	Picture	2_49_Encoding_Working_Memory_MEG_P2_LR_Salient_DoChange_CuedRetrieval_300_300_399_1850_3000_2300_gabor_patch_orientation_105_017_135_049_target_position_2_4_retrieval_position_2	4127718	0	1	1337	2	0	1250
LG82ZTE	293	Picture	Flicker2	4129055	1337	1	1338	2	1250	1250
LG82ZTE	293	Picture	Flicker3	4130393	2675	1	1337	2	2500	1250
LG82ZTE	294	Picture	Delay	4131897	0	1	18555	2	0	18420
LG82ZTE	295	Picture	2_49_Retrieval_Working_Memory_MEG_P2_LR_Salient_DoChange_CuedRetrieval_retrieval_patch_orientation_065_retrieval_position_2	4150619	0	1	30089	2	0	29920
LG82ZTE	295	Response	20	4156797	6178	4
LG82ZTE	296	Picture	ITI	4180875	0	1	23068	2	0	22920
LG82ZTE	297	Picture	CueingCross	4204110	0	2	3009	3	0	2920
LG82ZTE	298	Picture	PrepTime	4207286	0	2	3009	3	0	2920
LG82ZTE	299	Picture	2_50_Encoding_Working_Memory_MEG_P2_LR_Salient_NoChange_CuedRetrieval_300_300_399_1750_3000_1950_gabor_patch_orientation_133_027_093_115_target_position_1_4_retrieval_position_1	4210462	0	2	1338	3	0	1250
LG82ZTE	299	Picture	Flicker2	4211800	1338	1	1337	2	1250	1250
LG82ZTE	299	Picture	Flicker3	4213137	2675	1	1337	2	2500	1250
LG82ZTE	300	Picture	Delay	4214641	0	2	17552	3	0	17420
LG82ZTE	301	Picture	2_50_Retrieval_Working_Memory_MEG_P2_LR_Salient_NoChange_CuedRetrieval_retrieval_patch_orientation_133_retrieval_position_1	4232360	0	2	30089	3	0	29920
LG82ZTE	301	Response	10	4245114	12754	4
LG82ZTE	302	Picture	ITI	4262616	0	2	19558	3	0	19420
LG82ZTE	303	Picture	CueingCross	4282341	0	2	3009	3	0	2920
LG82ZTE	304	Picture	PrepTime	4285517	0	2	3009	3	0	2920
LG82ZTE	305	Picture	2_51_Encoding_Working_Memory_MEG_P2_LR_Salient_DoChange_CuedRetrieval_300_300_399_1750_3000_2450_gabor_patch_orientation_091_075_025_148_target_position_2_4_retrieval_position_4	4288693	0	2	1338	3	0	1250
LG82ZTE	305	Picture	Flicker2	4290031	1338	1	1337	2	1250	1250
LG82ZTE	305	Picture	Flicker3	4291368	2675	1	1337	2	2500	1250
LG82ZTE	306	Picture	Delay	4292872	0	2	17552	3	0	17420
LG82ZTE	307	Picture	2_51_Retrieval_Working_Memory_MEG_P2_LR_Salient_DoChange_CuedRetrieval_retrieval_patch_orientation_009_retrieval_position_4	4310591	0	2	30089	3	0	29920
LG82ZTE	307	Response	20	4319282	8691	4
LG82ZTE	308	Picture	ITI	4340847	0	2	24573	3	0	24420
LG82ZTE	309	Picture	CueingCross	4365587	0	1	3009	2	0	2920
LG82ZTE	310	Picture	PrepTime	4368763	0	1	3009	2	0	2920
LG82ZTE	311	Picture	2_52_Encoding_Working_Memory_MEG_P2_LR_Salient_NoChange_UncuedRetriev_300_300_399_2000_3000_2450_gabor_patch_orientation_146_058_117_030_target_position_2_4_retrieval_position_3	4371939	0	1	1337	3	0	1250
LG82ZTE	311	Picture	Flicker2	4373276	1337	2	1338	3	1250	1250
LG82ZTE	311	Picture	Flicker3	4374614	2675	1	1337	2	2500	1250
LG82ZTE	312	Picture	Delay	4376118	0	1	20059	3	0	19920
LG82ZTE	313	Picture	2_52_Retrieval_Working_Memory_MEG_P2_LR_Salient_NoChange_UncuedRetriev_retrieval_patch_orientation_117_retrieval_position_3	4396345	0	1	30088	3	0	29920
LG82ZTE	313	Response	10	4405559	9214	9
LG82ZTE	314	Picture	ITI	4426601	0	1	24572	2	0	24420
LG82ZTE	315	Picture	CueingCross	4451340	0	2	3009	3	0	2920
LG82ZTE	316	Picture	PrepTime	4454516	0	2	3009	4	0	2920
LG82ZTE	317	Picture	2_53_Encoding_Working_Memory_MEG_P2_LR_Salient_NoChange_CuedRetrieval_300_300_399_1950_3000_2550_gabor_patch_orientation_152_133_064_176_target_position_2_4_retrieval_position_2	4457692	0	2	1338	3	0	1250
LG82ZTE	317	Picture	Flicker2	4459030	1338	1	1337	2	1250	1250
LG82ZTE	317	Picture	Flicker3	4460367	2675	1	1337	2	2500	1250
LG82ZTE	318	Picture	Delay	4461871	0	2	19558	3	0	19420
LG82ZTE	319	Picture	2_53_Retrieval_Working_Memory_MEG_P2_LR_Salient_NoChange_CuedRetrieval_retrieval_patch_orientation_133_retrieval_position_2	4481596	0	2	30089	3	0	29920
LG82ZTE	319	Response	20	4488437	6841	3
LG82ZTE	320	Picture	ITI	4511852	0	2	25576	3	0	25420
LG82ZTE	321	Picture	CueingCross	4537595	0	1	3009	2	0	2920
LG82ZTE	322	Picture	PrepTime	4540771	0	1	3009	2	0	2920
LG82ZTE	323	Picture	2_54_Encoding_Working_Memory_MEG_P2_LR_Salient_NoChange_CuedRetrieval_300_300_399_2200_3000_2000_gabor_patch_orientation_178_069_017_050_target_position_1_4_retrieval_position_1	4543947	0	1	1337	3	0	1250
LG82ZTE	323	Picture	Flicker2	4545284	1337	2	1338	3	1250	1250
LG82ZTE	323	Picture	Flicker3	4546622	2675	1	1337	2	2500	1250
LG82ZTE	324	Picture	Delay	4548126	0	1	22065	2	0	21920
LG82ZTE	325	Picture	2_54_Retrieval_Working_Memory_MEG_P2_LR_Salient_NoChange_CuedRetrieval_retrieval_patch_orientation_178_retrieval_position_1	4570358	0	2	30089	3	0	29920
LG82ZTE	325	Response	10	4580204	9846	3
LG82ZTE	326	Picture	ITI	4600614	0	2	20060	3	0	19920
LG82ZTE	327	Picture	CueingCross	4620841	0	1	3009	2	0	2920
LG82ZTE	328	Picture	PrepTime	4624017	0	1	3009	2	0	2920
LG82ZTE	329	Picture	2_55_Encoding_Working_Memory_MEG_P2_LR_Salient_DoChange_CuedRetrieval_300_300_399_2100_3000_2450_gabor_patch_orientation_095_068_127_008_target_position_3_4_retrieval_position_3	4627193	0	1	1337	2	0	1250
LG82ZTE	329	Picture	Flicker2	4628530	1337	1	1338	2	1250	1250
LG82ZTE	329	Picture	Flicker3	4629868	2675	1	1337	2	2500	1250
LG82ZTE	330	Picture	Delay	4631372	0	1	21062	2	0	20920
LG82ZTE	331	Picture	2_55_Retrieval_Working_Memory_MEG_P2_LR_Salient_DoChange_CuedRetrieval_retrieval_patch_orientation_174_retrieval_position_3	4652601	0	2	30089	3	0	29920
LG82ZTE	331	Response	20	4659612	7011	3
LG82ZTE	332	Picture	ITI	4682857	0	2	24573	3	0	24420
LG82ZTE	333	Picture	CueingCross	4707597	0	1	3009	2	0	2920
LG82ZTE	334	Picture	PrepTime	4710773	0	1	3009	2	0	2920
LG82ZTE	335	Picture	2_56_Encoding_Working_Memory_MEG_P2_LR_Salient_NoChange_CuedRetrieval_300_300_399_1750_3000_2500_gabor_patch_orientation_030_170_093_049_target_position_2_4_retrieval_position_2	4713949	0	1	1337	3	0	1250
LG82ZTE	335	Picture	Flicker2	4715286	1337	2	1338	3	1250	1250
LG82ZTE	335	Picture	Flicker3	4716624	2675	1	1337	2	2500	1250
LG82ZTE	336	Picture	Delay	4718128	0	1	17552	2	0	17420
LG82ZTE	337	Picture	2_56_Retrieval_Working_Memory_MEG_P2_LR_Salient_NoChange_CuedRetrieval_retrieval_patch_orientation_170_retrieval_position_2	4735847	0	1	30089	2	0	29920
LG82ZTE	337	Response	10	4747539	11692	4
LG82ZTE	338	Picture	ITI	4766103	0	1	25074	2	0	24920
LG82ZTE	339	Picture	CueingCross	4791344	0	2	3009	3	0	2920
LG82ZTE	340	Picture	PrepTime	4794520	0	2	3009	3	0	2920
LG82ZTE	341	Picture	2_57_Encoding_Working_Memory_MEG_P2_LR_Salient_DoChange_UncuedRetriev_300_300_399_2050_3000_1950_gabor_patch_orientation_142_159_017_074_target_position_2_4_retrieval_position_1	4797696	0	2	1338	3	0	1250
LG82ZTE	341	Picture	Flicker2	4799034	1338	1	1337	2	1250	1250
LG82ZTE	341	Picture	Flicker3	4800371	2675	1	1337	2	2500	1250
LG82ZTE	342	Picture	Delay	4801875	0	2	20561	3	0	20420
LG82ZTE	343	Picture	2_57_Retrieval_Working_Memory_MEG_P2_LR_Salient_DoChange_UncuedRetriev_retrieval_patch_orientation_093_retrieval_position_1	4822603	0	2	30089	3	0	29920
LG82ZTE	343	Response	20	4832316	9713	4
LG82ZTE	344	Picture	ITI	4852859	0	2	19558	3	0	19420
LG82ZTE	345	Picture	CueingCross	4872584	0	1	3009	2	0	2920
LG82ZTE	346	Picture	PrepTime	4875760	0	2	3009	3	0	2920
LG82ZTE	347	Picture	2_58_Encoding_Working_Memory_MEG_P2_LR_Salient_DoChange_CuedRetrieval_300_300_399_2150_3000_2250_gabor_patch_orientation_012_040_095_164_target_position_1_3_retrieval_position_1	4878936	0	2	1338	3	0	1250
LG82ZTE	347	Picture	Flicker2	4880274	1338	1	1337	2	1250	1250
LG82ZTE	347	Picture	Flicker3	4881611	2675	1	1337	2	2500	1250
LG82ZTE	348	Picture	Delay	4883115	0	2	21564	3	0	21420
LG82ZTE	349	Picture	2_58_Retrieval_Working_Memory_MEG_P2_LR_Salient_DoChange_CuedRetrieval_retrieval_patch_orientation_148_retrieval_position_1	4904846	0	1	30089	2	0	29920
LG82ZTE	349	Response	20	4912154	7308	3
LG82ZTE	350	Picture	ITI	4935101	0	3	22568	4	0	22420
LG82ZTE	351	Picture	CueingCross	4957836	0	1	3009	2	0	2920
LG82ZTE	352	Picture	PrepTime	4961012	0	1	3009	2	0	2920
LG82ZTE	353	Picture	2_59_Encoding_Working_Memory_MEG_P2_LR_Salient_DoChange_CuedRetrieval_300_300_399_1750_3000_2550_gabor_patch_orientation_093_169_142_122_target_position_2_4_retrieval_position_2	4964188	0	1	1337	3	0	1250
LG82ZTE	353	Picture	Flicker2	4965525	1337	2	1338	3	1250	1250
LG82ZTE	353	Picture	Flicker3	4966863	2675	1	1337	2	2500	1250
LG82ZTE	354	Picture	Delay	4968367	0	1	17552	2	0	17420
LG82ZTE	355	Picture	2_59_Retrieval_Working_Memory_MEG_P2_LR_Salient_DoChange_CuedRetrieval_retrieval_patch_orientation_034_retrieval_position_2	4986086	0	1	30089	2	0	29920
LG82ZTE	355	Response	20	4992411	6325	5
LG82ZTE	356	Picture	ITI	5016342	0	1	25576	2	0	25420
LG82ZTE	357	Picture	CueingCross	5042085	0	1	3009	2	0	2920
LG82ZTE	358	Picture	PrepTime	5045261	0	1	3009	2	0	2920
LG82ZTE	359	Picture	2_60_Encoding_Working_Memory_MEG_P2_LR_Salient_NoChange_CuedRetrieval_300_300_399_1750_3000_2100_gabor_patch_orientation_089_123_165_058_target_position_1_2_retrieval_position_1	5048437	0	1	1337	2	0	1250
LG82ZTE	359	Picture	Flicker2	5049774	1337	1	1337	3	1250	1250
LG82ZTE	359	Picture	Flicker3	5051111	2674	2	1338	3	2500	1250
LG82ZTE	360	Picture	Delay	5052616	0	1	17552	2	0	17420
LG82ZTE	361	Picture	2_60_Retrieval_Working_Memory_MEG_P2_LR_Salient_NoChange_CuedRetrieval_retrieval_patch_orientation_089_retrieval_position_1	5070335	0	1	30089	2	0	29920
LG82ZTE	361	Response	10	5094238	23903	4
LG82ZTE	362	Picture	ITI	5100591	0	1	21062	2	0	20920
LG82ZTE	363	Picture	CueingCross	5121820	0	2	3009	3	0	2920
LG82ZTE	364	Picture	PrepTime	5124996	0	2	3009	3	0	2920
LG82ZTE	365	Picture	2_61_Encoding_Working_Memory_MEG_P2_LR_Salient_DoChange_CuedRetrieval_300_300_399_1900_3000_1900_gabor_patch_orientation_037_012_174_067_target_position_1_4_retrieval_position_1	5128172	0	2	1338	3	0	1250
LG82ZTE	365	Picture	Flicker2	5129510	1338	1	1336	3	1250	1250
LG82ZTE	365	Picture	Flicker3	5130846	2674	2	1338	3	2500	1250
LG82ZTE	366	Picture	Delay	5132351	0	2	19057	3	0	18920
LG82ZTE	367	Picture	2_61_Retrieval_Working_Memory_MEG_P2_LR_Salient_DoChange_CuedRetrieval_retrieval_patch_orientation_087_retrieval_position_1	5151575	0	1	30089	2	0	29920
LG82ZTE	367	Response	20	5160776	9201	10
LG82ZTE	368	Picture	ITI	5181831	0	1	19056	2	0	18920
LG82ZTE	369	Picture	CueingCross	5201054	0	1	3009	2	0	2920
LG82ZTE	370	Picture	PrepTime	5204230	0	2	3009	3	0	2920
LG82ZTE	371	Picture	2_62_Encoding_Working_Memory_MEG_P2_LR_Salient_DoChange_UncuedRetriev_300_300_399_1800_3000_2250_gabor_patch_orientation_090_133_015_072_target_position_1_4_retrieval_position_3	5207406	0	2	1338	3	0	1250
LG82ZTE	371	Picture	Flicker2	5208744	1338	1	1337	2	1250	1250
LG82ZTE	371	Picture	Flicker3	5210081	2675	1	1337	2	2500	1250
LG82ZTE	372	Picture	Delay	5211585	0	2	18054	3	0	17920
LG82ZTE	373	Picture	2_62_Retrieval_Working_Memory_MEG_P2_LR_Salient_DoChange_UncuedRetriev_retrieval_patch_orientation_151_retrieval_position_3	5229806	0	1	30089	2	0	29920
LG82ZTE	373	Response	10	5247753	17947	4
LG82ZTE	374	Picture	ITI	5260062	0	1	22566	3	0	22420
LG82ZTE	375	Picture	CueingCross	5282796	0	1	3009	2	0	2920
LG82ZTE	376	Picture	PrepTime	5285972	0	1	3009	2	0	2920
LG82ZTE	377	Picture	2_63_Encoding_Working_Memory_MEG_P2_LR_Salient_NoChange_CuedRetrieval_300_300_399_1800_3000_2500_gabor_patch_orientation_140_057_081_005_target_position_3_4_retrieval_position_3	5289148	0	1	1337	2	0	1250
LG82ZTE	377	Picture	Flicker2	5290485	1337	1	1337	2	1250	1250
LG82ZTE	377	Picture	Flicker3	5291822	2674	1	1338	2	2500	1250
LG82ZTE	378	Picture	Delay	5293327	0	1	18053	2	0	17920
LG82ZTE	379	Picture	2_63_Retrieval_Working_Memory_MEG_P2_LR_Salient_NoChange_CuedRetrieval_retrieval_patch_orientation_081_retrieval_position_3	5311547	0	1	30089	2	0	29920
LG82ZTE	379	Response	10	5322201	10654	4
LG82ZTE	380	Picture	ITI	5341803	0	1	25074	2	0	24920
LG82ZTE	381	Picture	CueingCross	5367044	0	2	3009	3	0	2920
LG82ZTE	382	Picture	PrepTime	5370220	0	2	3009	3	0	2920
LG82ZTE	383	Picture	2_64_Encoding_Working_Memory_MEG_P2_LR_Salient_DoChange_CuedRetrieval_300_300_399_2200_3000_2150_gabor_patch_orientation_042_067_109_087_target_position_2_3_retrieval_position_3	5373396	0	2	1338	3	0	1250
LG82ZTE	383	Picture	Flicker2	5374734	1338	1	1337	2	1250	1250
LG82ZTE	383	Picture	Flicker3	5376071	2675	1	1337	2	2500	1250
LG82ZTE	384	Picture	Delay	5377576	0	1	22065	2	0	21920
LG82ZTE	385	Picture	2_64_Retrieval_Working_Memory_MEG_P2_LR_Salient_DoChange_CuedRetrieval_retrieval_patch_orientation_155_retrieval_position_3	5399808	0	1	30089	2	0	29920
LG82ZTE	385	Response	20	5415598	15790	4
LG82ZTE	386	Picture	ITI	5430064	0	1	21563	3	0	21420
LG82ZTE	387	Picture	CueingCross	5451795	0	1	3009	2	0	2920
LG82ZTE	388	Picture	PrepTime	5454971	0	1	3009	2	0	2920
LG82ZTE	389	Picture	2_65_Encoding_Working_Memory_MEG_P2_LR_Salient_NoChange_CuedRetrieval_300_300_399_2150_3000_2250_gabor_patch_orientation_146_056_171_030_target_position_1_3_retrieval_position_1	5458147	0	1	1337	2	0	1250
LG82ZTE	389	Picture	Flicker2	5459484	1337	1	1337	2	1250	1250
LG82ZTE	389	Picture	Flicker3	5460821	2674	1	1338	2	2500	1250
LG82ZTE	390	Picture	Delay	5462326	0	1	21563	3	0	21420
LG82ZTE	391	Picture	2_65_Retrieval_Working_Memory_MEG_P2_LR_Salient_NoChange_CuedRetrieval_retrieval_patch_orientation_146_retrieval_position_1	5484057	0	1	30088	3	0	29920
LG82ZTE	391	Response	10	5492696	8639	3
LG82ZTE	392	Picture	ITI	5514313	0	1	22566	2	0	22420
LG82ZTE	393	Picture	CueingCross	5537046	0	2	3009	3	0	2920
LG82ZTE	394	Picture	PrepTime	5540222	0	2	3009	3	0	2920
LG82ZTE	395	Picture	2_66_Encoding_Working_Memory_MEG_P2_LR_Salient_NoChange_CuedRetrieval_300_300_399_1850_3000_2500_gabor_patch_orientation_064_125_174_039_target_position_1_3_retrieval_position_1	5543398	0	2	1338	3	0	1250
LG82ZTE	395	Picture	Flicker2	5544736	1338	1	1337	2	1250	1250
LG82ZTE	395	Picture	Flicker3	5546073	2675	1	1337	2	2500	1250
LG82ZTE	396	Picture	Delay	5547577	0	2	18555	3	0	18420
LG82ZTE	397	Picture	2_66_Retrieval_Working_Memory_MEG_P2_LR_Salient_NoChange_CuedRetrieval_retrieval_patch_orientation_064_retrieval_position_1	5566299	0	2	30089	3	0	29920
LG82ZTE	397	Response	10	5574333	8034	4
LG82ZTE	398	Picture	ITI	5596555	0	2	25075	3	0	24920
LG82ZTE	399	Picture	CueingCross	5621797	0	1	3009	2	0	2920
LG82ZTE	400	Picture	PrepTime	5624973	0	1	3009	2	0	2920
LG82ZTE	401	Picture	2_67_Encoding_Working_Memory_MEG_P2_LR_Salient_DoChange_CuedRetrieval_300_300_399_1900_3000_2000_gabor_patch_orientation_089_115_067_001_target_position_1_4_retrieval_position_1	5628149	0	1	1337	2	0	1250
LG82ZTE	401	Picture	Flicker2	5629486	1337	1	1337	2	1250	1250
LG82ZTE	401	Picture	Flicker3	5630823	2674	1	1338	2	2500	1250
LG82ZTE	402	Picture	Delay	5632328	0	1	19056	2	0	18920
LG82ZTE	403	Picture	2_67_Retrieval_Working_Memory_MEG_P2_LR_Salient_DoChange_CuedRetrieval_retrieval_patch_orientation_137_retrieval_position_1	5651551	0	2	30089	3	0	29920
LG82ZTE	403	Response	20	5658841	7290	4
LG82ZTE	404	Picture	ITI	5681807	0	1	20059	3	0	19920
LG82ZTE	405	Picture	CueingCross	5702034	0	1	3008	3	0	2920
LG82ZTE	406	Picture	PrepTime	5705210	0	1	3009	2	0	2920
LG82ZTE	407	Picture	2_68_Encoding_Working_Memory_MEG_P2_LR_Salient_DoChange_UncuedRetriev_300_300_399_2150_3000_2400_gabor_patch_orientation_119_002_171_035_target_position_1_3_retrieval_position_2	5708386	0	1	1337	2	0	1250
LG82ZTE	407	Picture	Flicker2	5709723	1337	1	1337	2	1250	1250
LG82ZTE	407	Picture	Flicker3	5711060	2674	1	1338	2	2500	1250
LG82ZTE	408	Picture	Delay	5712565	0	1	21563	2	0	21420
LG82ZTE	409	Picture	2_68_Retrieval_Working_Memory_MEG_P2_LR_Salient_DoChange_UncuedRetriev_retrieval_patch_orientation_052_retrieval_position_2	5734296	0	1	30088	3	0	29920
LG82ZTE	409	Response	20	5748108	13812	4
LG82ZTE	410	Picture	ITI	5764552	0	1	24071	2	0	23920
LG82ZTE	411	Picture	CueingCross	5788790	0	1	3009	2	0	2920
LG82ZTE	412	Picture	PrepTime	5791966	0	1	3009	2	0	2920
LG82ZTE	413	Picture	2_69_Encoding_Working_Memory_MEG_P2_LR_Salient_NoChange_CuedRetrieval_300_300_399_1750_3000_2150_gabor_patch_orientation_102_086_063_173_target_position_1_2_retrieval_position_1	5795142	0	1	1337	2	0	1250
LG82ZTE	413	Picture	Flicker2	5796479	1337	1	1337	3	1250	1250
LG82ZTE	413	Picture	Flicker3	5797816	2674	2	1338	3	2500	1250
LG82ZTE	414	Picture	Delay	5799321	0	1	17552	2	0	17420
LG82ZTE	415	Picture	2_69_Retrieval_Working_Memory_MEG_P2_LR_Salient_NoChange_CuedRetrieval_retrieval_patch_orientation_102_retrieval_position_1	5817040	0	1	30089	2	0	29920
LG82ZTE	415	Response	10	5825656	8616	3
LG82ZTE	416	Picture	ITI	5847296	0	1	21564	2	0	21420
LG82ZTE	417	Picture	CueingCross	5869027	0	1	3009	2	0	2920
LG82ZTE	418	Picture	PrepTime	5872203	0	1	3009	2	0	2920
LG82ZTE	419	Picture	2_70_Encoding_Working_Memory_MEG_P2_LR_Salient_DoChange_UncuedRetriev_300_300_399_2200_3000_2100_gabor_patch_orientation_010_065_115_131_target_position_3_4_retrieval_position_1	5875379	0	1	1337	2	0	1250
LG82ZTE	419	Picture	Flicker2	5876716	1337	1	1337	2	1250	1250
LG82ZTE	419	Picture	Flicker3	5878053	2674	1	1338	2	2500	1250
LG82ZTE	420	Picture	Delay	5879558	0	1	22065	2	0	21920
LG82ZTE	421	Picture	2_70_Retrieval_Working_Memory_MEG_P2_LR_Salient_DoChange_UncuedRetriev_retrieval_patch_orientation_150_retrieval_position_1	5901790	0	1	30089	2	0	29920
LG82ZTE	421	Response	20	5911133	9343	3
LG82ZTE	422	Picture	ITI	5932046	0	1	21062	2	0	20920
LG82ZTE	423	Picture	BaselinePost	5953276	0	1	50148	2	0	50000
