Scenario - ATWM1_Working_Memory_MEG_salient_cued_run1
Logfile written - 02/16/2016 12:53:20

Subject	Trial	Event Type	Code	Time	TTime	Uncertainty	Duration	Uncertainty	ReqTime	ReqDur

AV98LHJ	1	Picture	ExpStart	29	0	1	10030	2	0	10000
AV98LHJ	2	Picture	BaselinePre	10226	0	1	100130	3	0	100000
AV98LHJ	3	Picture	CueingCross	110524	0	1	3009	2	0	2920
AV98LHJ	4	Picture	PrepTime	113700	0	1	3009	2	0	2920
AV98LHJ	5	Picture	1_1_Encoding_Working_Memory_MEG_P5_LR_Nonsalient_DoChange_CuedRetrieval_300_300_399_1750_3000_1950_gabor_patch_orientation_121_179_100_032_target_position_3_4_retrieval_position_3	116876	0	1	1337	2	0	1250
AV98LHJ	5	Picture	Flicker2	118213	1337	1	1337	3	1250	1250
AV98LHJ	5	Picture	Flicker3	119550	2674	2	1338	3	2500	1250
AV98LHJ	6	Picture	Delay	121055	0	1	17552	2	0	17420
AV98LHJ	7	Picture	1_1_Retrieval_Working_Memory_MEG_P5_LR_Nonsalient_DoChange_CuedRetrieval_retrieval_patch_orientation_150_retrieval_position_3	138774	0	1	30089	3	0	29920
AV98LHJ	7	Response	20	149628	10854	3
AV98LHJ	8	Picture	ITI	169031	0	1	19558	2	0	19420
AV98LHJ	9	Picture	CueingCross	188756	0	1	3009	2	0	2920
AV98LHJ	10	Picture	PrepTime	191932	0	1	3009	2	0	2920
AV98LHJ	11	Picture	1_2_Encoding_Working_Memory_MEG_P5_LR_Nonsalient_NoChange_CuedRetrieval_300_300_399_2200_3000_2250_gabor_patch_orientation_098_178_056_123_target_position_1_2_retrieval_position_2	195108	0	1	1337	2	0	1250
AV98LHJ	11	Picture	Flicker2	196445	1337	1	1338	2	1250	1250
AV98LHJ	11	Picture	Flicker3	197783	2675	1	1337	2	2500	1250
AV98LHJ	12	Picture	Delay	199287	0	1	22066	2	0	21920
AV98LHJ	13	Picture	1_2_Retrieval_Working_Memory_MEG_P5_LR_Nonsalient_NoChange_CuedRetrieval_retrieval_patch_orientation_178_retrieval_position_2	221520	0	1	30089	2	0	29920
AV98LHJ	13	Response	10	242746	21226	4
AV98LHJ	14	Picture	ITI	251776	0	1	22567	2	0	22420
AV98LHJ	15	Picture	CueingCross	274510	0	2	3009	3	0	2920
AV98LHJ	16	Picture	PrepTime	277686	0	2	3009	3	0	2920
AV98LHJ	17	Picture	1_3_Encoding_Working_Memory_MEG_P5_LR_Nonsalient_NoChange_CuedRetrieval_300_300_399_2050_3000_2150_gabor_patch_orientation_087_138_104_169_target_position_1_4_retrieval_position_4	280862	0	2	1337	4	0	1250
AV98LHJ	17	Picture	Flicker2	282199	1337	2	1338	3	1250	1250
AV98LHJ	17	Picture	Flicker3	283537	2675	1	1337	2	2500	1250
AV98LHJ	18	Picture	Delay	285042	0	1	20561	2	0	20420
AV98LHJ	19	Picture	1_3_Retrieval_Working_Memory_MEG_P5_LR_Nonsalient_NoChange_CuedRetrieval_retrieval_patch_orientation_169_retrieval_position_4	305770	0	1	30089	2	0	29920
AV98LHJ	19	Response	10	320485	14715	3
AV98LHJ	20	Picture	ITI	336026	0	1	21564	2	0	21420
AV98LHJ	21	Picture	CueingCross	357757	0	2	3009	3	0	2920
AV98LHJ	22	Picture	PrepTime	360933	0	2	3009	3	0	2920
AV98LHJ	23	Picture	1_4_Encoding_Working_Memory_MEG_P5_LR_Nonsalient_DoChange_CuedRetrieval_300_300_399_1950_3000_2550_gabor_patch_orientation_016_077_037_094_target_position_2_4_retrieval_position_2	364110	0	1	1337	2	0	1250
AV98LHJ	23	Picture	Flicker2	365447	1337	1	1337	2	1250	1250
AV98LHJ	23	Picture	Flicker3	366784	2674	1	1337	3	2500	1250
AV98LHJ	24	Picture	Delay	368289	0	1	19558	2	0	19420
AV98LHJ	25	Picture	1_4_Retrieval_Working_Memory_MEG_P5_LR_Nonsalient_DoChange_CuedRetrieval_retrieval_patch_orientation_122_retrieval_position_2	388014	0	1	30089	2	0	29920
AV98LHJ	25	Response	20	398654	10640	3
AV98LHJ	26	Picture	ITI	418270	0	2	25576	3	0	25420
AV98LHJ	27	Picture	CueingCross	444013	0	2	3009	3	0	2920
AV98LHJ	28	Picture	PrepTime	447189	0	2	3009	3	0	2920
AV98LHJ	29	Picture	1_5_Encoding_Working_Memory_MEG_P5_LR_Nonsalient_DoChange_CuedRetrieval_300_300_399_1800_3000_2200_gabor_patch_orientation_131_001_167_048_target_position_1_2_retrieval_position_1	450366	0	1	1337	2	0	1250
AV98LHJ	29	Picture	Flicker2	451703	1337	1	1337	2	1250	1250
AV98LHJ	29	Picture	Flicker3	453040	2674	1	1337	3	2500	1250
AV98LHJ	30	Picture	Delay	454545	0	1	18053	2	0	17920
AV98LHJ	31	Picture	1_5_Retrieval_Working_Memory_MEG_P5_LR_Nonsalient_DoChange_CuedRetrieval_retrieval_patch_orientation_083_retrieval_position_1	472765	0	2	30090	3	0	29920
AV98LHJ	31	Response	10	488642	15877	3
AV98LHJ	32	Picture	ITI	503022	0	1	22065	2	0	21920
AV98LHJ	33	Picture	CueingCross	525254	0	2	3009	3	0	2920
AV98LHJ	34	Picture	PrepTime	528430	0	2	3009	4	0	2920
AV98LHJ	35	Picture	1_6_Encoding_Working_Memory_MEG_P5_LR_Nonsalient_DoChange_CuedRetrieval_300_300_399_2200_3000_1900_gabor_patch_orientation_110_060_002_166_target_position_3_4_retrieval_position_3	531607	0	1	1337	2	0	1250
AV98LHJ	35	Picture	Flicker2	532944	1337	1	1337	2	1250	1250
AV98LHJ	35	Picture	Flicker3	534281	2674	1	1338	2	2500	1250
AV98LHJ	36	Picture	Delay	535786	0	1	22065	2	0	21920
AV98LHJ	37	Picture	1_6_Retrieval_Working_Memory_MEG_P5_LR_Nonsalient_DoChange_CuedRetrieval_retrieval_patch_orientation_139_retrieval_position_3	558018	0	2	30090	3	0	29920
AV98LHJ	37	Response	20	568841	10823	3
AV98LHJ	38	Picture	ITI	588275	0	1	19056	2	0	18920
AV98LHJ	39	Picture	CueingCross	607499	0	1	3008	3	0	2920
AV98LHJ	40	Picture	PrepTime	610675	0	1	3009	2	0	2920
AV98LHJ	41	Picture	1_7_Encoding_Working_Memory_MEG_P5_LR_Nonsalient_NoChange_UncuedRetriev_300_300_399_2100_3000_2200_gabor_patch_orientation_062_044_023_105_target_position_3_4_retrieval_position_2	613851	0	1	1337	2	0	1250
AV98LHJ	41	Picture	Flicker2	615188	1337	1	1337	2	1250	1250
AV98LHJ	41	Picture	Flicker3	616525	2674	1	1338	2	2500	1250
AV98LHJ	42	Picture	Delay	618030	0	1	21062	2	0	20920
AV98LHJ	43	Picture	1_7_Retrieval_Working_Memory_MEG_P5_LR_Nonsalient_NoChange_UncuedRetriev_retrieval_patch_orientation_044_retrieval_position_2	639259	0	2	30090	3	0	29920
AV98LHJ	43	Response	20	652489	13230	4
AV98LHJ	44	Picture	ITI	669516	0	1	22065	2	0	21920
AV98LHJ	45	Picture	CueingCross	691749	0	1	3008	3	0	2920
AV98LHJ	46	Picture	PrepTime	694925	0	1	3009	2	0	2920
AV98LHJ	47	Picture	1_8_Encoding_Working_Memory_MEG_P5_LR_Nonsalient_NoChange_CuedRetrieval_300_300_399_1950_3000_2100_gabor_patch_orientation_113_030_098_008_target_position_3_4_retrieval_position_4	698101	0	1	1337	2	0	1250
AV98LHJ	47	Picture	Flicker2	699438	1337	1	1337	2	1250	1250
AV98LHJ	47	Picture	Flicker3	700775	2674	1	1338	2	2500	1250
AV98LHJ	48	Picture	Delay	702280	0	1	19558	2	0	19420
AV98LHJ	49	Picture	1_8_Retrieval_Working_Memory_MEG_P5_LR_Nonsalient_NoChange_CuedRetrieval_retrieval_patch_orientation_008_retrieval_position_4	722005	0	1	30089	2	0	29920
AV98LHJ	49	Response	10	736568	14563	3
AV98LHJ	50	Picture	ITI	752261	0	2	21063	3	0	20920
AV98LHJ	51	Picture	CueingCross	773491	0	1	3009	2	0	2920
AV98LHJ	52	Picture	PrepTime	776667	0	1	3009	2	0	2920
AV98LHJ	53	Picture	1_9_Encoding_Working_Memory_MEG_P5_LR_Nonsalient_NoChange_CuedRetrieval_300_300_399_2150_3000_2500_gabor_patch_orientation_149_042_009_116_target_position_1_3_retrieval_position_1	779843	0	2	1338	3	0	1250
AV98LHJ	53	Picture	Flicker2	781181	1338	1	1337	2	1250	1250
AV98LHJ	53	Picture	Flicker3	782518	2675	1	1337	2	2500	1250
AV98LHJ	54	Picture	Delay	784022	0	2	21564	3	0	21420
AV98LHJ	55	Picture	1_9_Retrieval_Working_Memory_MEG_P5_LR_Nonsalient_NoChange_CuedRetrieval_retrieval_patch_orientation_149_retrieval_position_1	805754	0	1	30089	2	0	29920
AV98LHJ	55	Response	10	821306	15552	4
AV98LHJ	56	Picture	ITI	836010	0	1	25074	2	0	24920
AV98LHJ	57	Picture	CueingCross	861251	0	2	3009	4	0	2920
AV98LHJ	58	Picture	PrepTime	864428	0	1	3009	2	0	2920
AV98LHJ	59	Picture	1_10_Encoding_Working_Memory_MEG_P5_LR_Nonsalient_DoChange_CuedRetrieval_300_300_399_1800_3000_2050_gabor_patch_orientation_060_093_040_123_target_position_3_4_retrieval_position_4	867604	0	1	1337	2	0	1250
AV98LHJ	59	Picture	Flicker2	868941	1337	1	1337	2	1250	1250
AV98LHJ	59	Picture	Flicker3	870278	2674	1	1338	2	2500	1250
AV98LHJ	60	Picture	Delay	871783	0	1	18053	2	0	17920
AV98LHJ	61	Picture	1_10_Retrieval_Working_Memory_MEG_P5_LR_Nonsalient_DoChange_CuedRetrieval_retrieval_patch_orientation_171_retrieval_position_4	890003	0	2	30090	3	0	29920
AV98LHJ	61	Response	20	902195	12192	3
AV98LHJ	62	Picture	ITI	920260	0	1	20561	2	0	20420
AV98LHJ	63	Picture	CueingCross	940988	0	1	3009	2	0	2920
AV98LHJ	64	Picture	PrepTime	944164	0	1	3009	2	0	2920
AV98LHJ	65	Picture	1_11_Encoding_Working_Memory_MEG_P5_LR_Nonsalient_DoChange_CuedRetrieval_300_300_399_2100_3000_2200_gabor_patch_orientation_082_143_108_125_target_position_3_4_retrieval_position_3	947340	0	2	1338	3	0	1250
AV98LHJ	65	Picture	Flicker2	948678	1338	1	1337	2	1250	1250
AV98LHJ	65	Picture	Flicker3	950015	2675	1	1337	2	2500	1250
AV98LHJ	66	Picture	Delay	951519	0	2	21063	3	0	20920
AV98LHJ	67	Picture	1_11_Retrieval_Working_Memory_MEG_P5_LR_Nonsalient_DoChange_CuedRetrieval_retrieval_patch_orientation_059_retrieval_position_3	972749	0	1	30089	2	0	29920
AV98LHJ	67	Response	20	987093	14344	4
AV98LHJ	68	Picture	ITI	1003006	0	1	22065	2	0	21920
AV98LHJ	69	Picture	CueingCross	1025238	0	1	3009	2	0	2920
AV98LHJ	70	Picture	PrepTime	1028414	0	1	3009	2	0	2920
AV98LHJ	71	Picture	1_12_Encoding_Working_Memory_MEG_P5_LR_Nonsalient_NoChange_CuedRetrieval_300_300_399_2200_3000_1950_gabor_patch_orientation_033_076_154_018_target_position_1_3_retrieval_position_3	1031590	0	2	1338	3	0	1250
AV98LHJ	71	Picture	Flicker2	1032928	1338	1	1337	2	1250	1250
AV98LHJ	71	Picture	Flicker3	1034265	2675	1	1337	2	2500	1250
AV98LHJ	72	Picture	Delay	1035769	0	2	22066	3	0	21920
AV98LHJ	73	Picture	1_12_Retrieval_Working_Memory_MEG_P5_LR_Nonsalient_NoChange_CuedRetrieval_retrieval_patch_orientation_154_retrieval_position_3	1058002	0	1	30089	2	0	29920
AV98LHJ	73	Response	10	1067702	9700	3
AV98LHJ	74	Picture	ITI	1088259	0	1	19558	2	0	19420
AV98LHJ	75	Picture	CueingCross	1107984	0	1	3009	2	0	2920
AV98LHJ	76	Picture	PrepTime	1111160	0	1	3009	2	0	2920
AV98LHJ	77	Picture	1_13_Encoding_Working_Memory_MEG_P5_LR_Nonsalient_DoChange_UncuedRetriev_300_300_399_1750_3000_2000_gabor_patch_orientation_045_074_091_109_target_position_1_4_retrieval_position_2	1114336	0	1	1337	2	0	1250
AV98LHJ	77	Picture	Flicker2	1115673	1337	1	1337	3	1250	1250
AV98LHJ	77	Picture	Flicker3	1117010	2674	2	1338	3	2500	1250
AV98LHJ	78	Picture	Delay	1118515	0	1	17552	2	0	17420
AV98LHJ	79	Picture	1_13_Retrieval_Working_Memory_MEG_P5_LR_Nonsalient_DoChange_UncuedRetriev_retrieval_patch_orientation_029_retrieval_position_2	1136234	0	1	30089	3	0	29920
AV98LHJ	79	Response	20	1152820	16586	4
AV98LHJ	80	Picture	ITI	1166491	0	1	20059	2	0	19920
AV98LHJ	81	Picture	CueingCross	1186717	0	2	3009	3	0	2920
AV98LHJ	82	Picture	PrepTime	1189893	0	2	3009	3	0	2920
AV98LHJ	83	Picture	1_14_Encoding_Working_Memory_MEG_P5_LR_Nonsalient_DoChange_CuedRetrieval_300_300_399_2050_3000_2250_gabor_patch_orientation_067_052_139_174_target_position_1_3_retrieval_position_1	1193069	0	2	1338	3	0	1250
AV98LHJ	83	Picture	Flicker2	1194407	1338	1	1337	2	1250	1250
AV98LHJ	83	Picture	Flicker3	1195744	2675	1	1337	3	2500	1250
AV98LHJ	84	Picture	Delay	1197249	0	1	20561	2	0	20420
AV98LHJ	85	Picture	1_14_Retrieval_Working_Memory_MEG_P5_LR_Nonsalient_DoChange_CuedRetrieval_retrieval_patch_orientation_112_retrieval_position_1	1217977	0	1	30089	2	0	29920
AV98LHJ	85	Response	10	1231789	13812	4
AV98LHJ	86	Picture	ITI	1248233	0	1	22567	2	0	22420
AV98LHJ	87	Picture	CueingCross	1270967	0	2	3009	4	0	2920
AV98LHJ	88	Picture	PrepTime	1274143	0	2	3009	3	0	2920
AV98LHJ	89	Picture	1_15_Encoding_Working_Memory_MEG_P5_LR_Nonsalient_NoChange_CuedRetrieval_300_300_399_2000_3000_2200_gabor_patch_orientation_162_040_104_128_target_position_1_3_retrieval_position_1	1277319	0	2	1338	3	0	1250
AV98LHJ	89	Picture	Flicker2	1278657	1338	1	1337	2	1250	1250
AV98LHJ	89	Picture	Flicker3	1279994	2675	1	1337	3	2500	1250
AV98LHJ	90	Picture	Delay	1281499	0	1	20059	2	0	19920
AV98LHJ	91	Picture	1_15_Retrieval_Working_Memory_MEG_P5_LR_Nonsalient_NoChange_CuedRetrieval_retrieval_patch_orientation_162_retrieval_position_1	1301725	0	2	30090	3	0	29920
AV98LHJ	91	Response	10	1312718	10993	3
AV98LHJ	92	Picture	ITI	1331982	0	1	22065	2	0	21920
AV98LHJ	93	Picture	CueingCross	1354214	0	2	3009	3	0	2920
AV98LHJ	94	Picture	PrepTime	1357390	0	2	3009	3	0	2920
AV98LHJ	95	Picture	1_16_Encoding_Working_Memory_MEG_P5_LR_Nonsalient_NoChange_CuedRetrieval_300_300_399_1950_3000_2300_gabor_patch_orientation_124_006_042_170_target_position_2_3_retrieval_position_3	1360567	0	1	1337	2	0	1250
AV98LHJ	95	Picture	Flicker2	1361904	1337	1	1337	2	1250	1250
AV98LHJ	95	Picture	Flicker3	1363241	2674	1	1337	3	2500	1250
AV98LHJ	96	Picture	Delay	1364746	0	1	19558	2	0	19420
AV98LHJ	97	Picture	1_16_Retrieval_Working_Memory_MEG_P5_LR_Nonsalient_NoChange_CuedRetrieval_retrieval_patch_orientation_042_retrieval_position_3	1384471	0	1	30089	2	0	29920
AV98LHJ	97	Response	20	1395946	11475	4
AV98LHJ	98	Picture	ITI	1414727	0	1	23069	2	0	22920
AV98LHJ	99	Picture	CueingCross	1437963	0	1	3009	2	0	2920
AV98LHJ	100	Picture	PrepTime	1441139	0	1	3009	2	0	2920
AV98LHJ	101	Picture	1_17_Encoding_Working_Memory_MEG_P5_LR_Nonsalient_DoChange_CuedRetrieval_300_300_399_1800_3000_2600_gabor_patch_orientation_073_003_021_051_target_position_2_3_retrieval_position_3	1444315	0	1	1337	2	0	1250
AV98LHJ	101	Picture	Flicker2	1445652	1337	1	1338	2	1250	1250
AV98LHJ	101	Picture	Flicker3	1446990	2675	1	1337	2	2500	1250
AV98LHJ	102	Picture	Delay	1448494	0	1	18054	2	0	17920
AV98LHJ	103	Picture	1_17_Retrieval_Working_Memory_MEG_P5_LR_Nonsalient_DoChange_CuedRetrieval_retrieval_patch_orientation_161_retrieval_position_3	1466715	0	1	30089	2	0	29920
AV98LHJ	103	Response	20	1483775	17060	3
AV98LHJ	104	Picture	ITI	1496971	0	2	26078	3	0	25920
AV98LHJ	105	Picture	CueingCross	1523216	0	1	3009	2	0	2920
AV98LHJ	106	Picture	PrepTime	1526392	0	1	3009	2	0	2920
AV98LHJ	107	Picture	1_18_Encoding_Working_Memory_MEG_P5_LR_Nonsalient_DoChange_UncuedRetriev_300_300_399_1850_3000_2450_gabor_patch_orientation_052_073_121_158_target_position_2_3_retrieval_position_1	1529568	0	1	1337	2	0	1250
AV98LHJ	107	Picture	Flicker2	1530905	1337	1	1338	2	1250	1250
AV98LHJ	107	Picture	Flicker3	1532243	2675	1	1337	2	2500	1250
AV98LHJ	108	Picture	Delay	1533747	0	1	18555	2	0	18420
AV98LHJ	109	Picture	1_18_Retrieval_Working_Memory_MEG_P5_LR_Nonsalient_DoChange_UncuedRetriev_retrieval_patch_orientation_100_retrieval_position_1	1552469	0	2	30090	3	0	29920
AV98LHJ	109	Response	20	1565863	13394	4
AV98LHJ	110	Picture	ITI	1582726	0	1	24573	2	0	24420
AV98LHJ	111	Picture	CueingCross	1607466	0	1	3009	2	0	2920
AV98LHJ	112	Picture	PrepTime	1610642	0	1	3009	2	0	2920
AV98LHJ	113	Picture	1_19_Encoding_Working_Memory_MEG_P5_LR_Nonsalient_DoChange_CuedRetrieval_300_300_399_1800_3000_2150_gabor_patch_orientation_036_058_090_163_target_position_3_4_retrieval_position_4	1613818	0	1	1337	2	0	1250
AV98LHJ	113	Picture	Flicker2	1615155	1337	1	1337	3	1250	1250
AV98LHJ	113	Picture	Flicker3	1616492	2674	2	1338	3	2500	1250
AV98LHJ	114	Picture	Delay	1617997	0	1	18053	3	0	17920
AV98LHJ	115	Picture	1_19_Retrieval_Working_Memory_MEG_P5_LR_Nonsalient_DoChange_CuedRetrieval_retrieval_patch_orientation_116_retrieval_position_4	1636218	0	1	30089	2	0	29920
AV98LHJ	115	Response	20	1648832	12614	3
AV98LHJ	116	Picture	ITI	1666474	0	1	21564	2	0	21420
AV98LHJ	117	Picture	CueingCross	1688205	0	2	3009	3	0	2920
AV98LHJ	118	Picture	PrepTime	1691382	0	1	3008	3	0	2920
AV98LHJ	119	Picture	1_20_Encoding_Working_Memory_MEG_P5_LR_Nonsalient_NoChange_CuedRetrieval_300_300_399_2100_3000_2400_gabor_patch_orientation_130_113_146_096_target_position_1_4_retrieval_position_1	1694558	0	1	1337	2	0	1250
AV98LHJ	119	Picture	Flicker2	1695895	1337	1	1337	2	1250	1250
AV98LHJ	119	Picture	Flicker3	1697232	2674	1	1338	2	2500	1250
AV98LHJ	120	Picture	Delay	1698737	0	1	21062	2	0	20920
AV98LHJ	121	Picture	1_20_Retrieval_Working_Memory_MEG_P5_LR_Nonsalient_NoChange_CuedRetrieval_retrieval_patch_orientation_130_retrieval_position_1	1719966	0	2	30090	3	0	29920
AV98LHJ	121	Response	20	1738020	18054	4
AV98LHJ	122	Picture	ITI	1750223	0	1	24071	2	0	23920
AV98LHJ	123	Picture	CueingCross	1774461	0	2	3009	3	0	2920
AV98LHJ	124	Picture	PrepTime	1777637	0	2	3009	3	0	2920
AV98LHJ	125	Picture	1_21_Encoding_Working_Memory_MEG_P5_LR_Nonsalient_DoChange_CuedRetrieval_300_300_399_2250_3000_1900_gabor_patch_orientation_132_173_002_116_target_position_2_3_retrieval_position_3	1780814	0	1	1337	2	0	1250
AV98LHJ	125	Picture	Flicker2	1782151	1337	1	1337	2	1250	1250
AV98LHJ	125	Picture	Flicker3	1783488	2674	1	1337	3	2500	1250
AV98LHJ	126	Picture	Delay	1784993	0	1	22567	2	0	22420
AV98LHJ	127	Picture	1_21_Retrieval_Working_Memory_MEG_P5_LR_Nonsalient_DoChange_CuedRetrieval_retrieval_patch_orientation_048_retrieval_position_3	1807727	0	1	30089	2	0	29920
AV98LHJ	127	Response	20	1830469	22742	3
AV98LHJ	128	Picture	ITI	1837983	0	1	19057	2	0	18920
AV98LHJ	129	Picture	CueingCross	1857207	0	1	3009	2	0	2920
AV98LHJ	130	Picture	PrepTime	1860383	0	1	3009	2	0	2920
AV98LHJ	131	Picture	1_22_Encoding_Working_Memory_MEG_P5_LR_Nonsalient_DoChange_UncuedRetriev_300_300_399_1750_3000_2300_gabor_patch_orientation_136_031_052_072_target_position_3_4_retrieval_position_1	1863559	0	1	1337	2	0	1250
AV98LHJ	131	Picture	Flicker2	1864896	1337	1	1338	2	1250	1250
AV98LHJ	131	Picture	Flicker3	1866234	2675	1	1337	2	2500	1250
AV98LHJ	132	Picture	Delay	1867738	0	1	17552	2	0	17420
AV98LHJ	133	Picture	1_22_Retrieval_Working_Memory_MEG_P5_LR_Nonsalient_DoChange_UncuedRetriev_retrieval_patch_orientation_090_retrieval_position_1	1885457	0	2	30090	3	0	29920
AV98LHJ	133	Response	10	1905977	20520	3
AV98LHJ	134	Picture	ITI	1915714	0	1	23068	2	0	22920
AV98LHJ	135	Picture	CueingCross	1938949	0	2	3009	3	0	2920
AV98LHJ	136	Picture	PrepTime	1942126	0	1	3008	3	0	2920
AV98LHJ	137	Picture	1_23_Encoding_Working_Memory_MEG_P5_LR_Nonsalient_NoChange_CuedRetrieval_300_300_399_2100_3000_2450_gabor_patch_orientation_034_177_066_090_target_position_1_3_retrieval_position_3	1945302	0	1	1337	2	0	1250
AV98LHJ	137	Picture	Flicker2	1946639	1337	1	1337	2	1250	1250
AV98LHJ	137	Picture	Flicker3	1947976	2674	1	1337	3	2500	1250
AV98LHJ	138	Picture	Delay	1949481	0	1	21062	2	0	20920
AV98LHJ	139	Picture	1_23_Retrieval_Working_Memory_MEG_P5_LR_Nonsalient_NoChange_CuedRetrieval_retrieval_patch_orientation_066_retrieval_position_3	1970710	0	2	30090	3	0	29920
AV98LHJ	139	Response	10	1988466	17756	3
AV98LHJ	140	Picture	ITI	2000967	0	1	24573	2	0	24420
AV98LHJ	141	Picture	CueingCross	2025707	0	1	3009	2	0	2920
AV98LHJ	142	Picture	PrepTime	2028883	0	1	3009	2	0	2920
AV98LHJ	143	Picture	1_24_Encoding_Working_Memory_MEG_P5_LR_Nonsalient_NoChange_CuedRetrieval_300_300_399_1850_3000_2450_gabor_patch_orientation_101_162_073_011_target_position_2_3_retrieval_position_3	2032059	0	1	1337	2	0	1250
AV98LHJ	143	Picture	Flicker2	2033396	1337	1	1338	2	1250	1250
AV98LHJ	143	Picture	Flicker3	2034734	2675	1	1337	2	2500	1250
AV98LHJ	144	Picture	Delay	2036238	0	1	18555	2	0	18420
AV98LHJ	145	Picture	1_24_Retrieval_Working_Memory_MEG_P5_LR_Nonsalient_NoChange_CuedRetrieval_retrieval_patch_orientation_073_retrieval_position_3	2054960	0	2	30090	3	0	29920
AV98LHJ	145	Response	10	2076014	21054	5
AV98LHJ	146	Picture	ITI	2085217	0	1	24573	2	0	24420
AV98LHJ	147	Picture	CueingCross	2109957	0	1	3009	2	0	2920
AV98LHJ	148	Picture	PrepTime	2113133	0	1	3009	2	0	2920
AV98LHJ	149	Picture	1_25_Encoding_Working_Memory_MEG_P5_LR_Nonsalient_DoChange_CuedRetrieval_300_300_399_1900_3000_2100_gabor_patch_orientation_137_006_158_081_target_position_2_4_retrieval_position_4	2116309	0	1	1337	2	0	1250
AV98LHJ	149	Picture	Flicker2	2117646	1337	1	1338	2	1250	1250
AV98LHJ	149	Picture	Flicker3	2118984	2675	1	1337	2	2500	1250
AV98LHJ	150	Picture	Delay	2120488	0	1	19057	2	0	18920
AV98LHJ	151	Picture	1_25_Retrieval_Working_Memory_MEG_P5_LR_Nonsalient_DoChange_CuedRetrieval_retrieval_patch_orientation_031_retrieval_position_4	2139712	0	1	30089	2	0	29920
AV98LHJ	151	Response	10	2160933	21221	4
AV98LHJ	152	Picture	ITI	2169968	0	1	21063	2	0	20920
AV98LHJ	153	Picture	CueingCross	2191198	0	1	3009	2	0	2920
AV98LHJ	154	Picture	PrepTime	2194374	0	1	3009	2	0	2920
AV98LHJ	155	Picture	1_26_Encoding_Working_Memory_MEG_P5_LR_Nonsalient_NoChange_UncuedRetriev_300_300_399_1850_3000_2400_gabor_patch_orientation_067_123_157_141_target_position_1_3_retrieval_position_2	2197550	0	1	1337	2	0	1250
AV98LHJ	155	Picture	Flicker2	2198887	1337	1	1338	2	1250	1250
AV98LHJ	155	Picture	Flicker3	2200225	2675	1	1337	2	2500	1250
AV98LHJ	156	Picture	Delay	2201729	0	1	18555	2	0	18420
AV98LHJ	157	Picture	1_26_Retrieval_Working_Memory_MEG_P5_LR_Nonsalient_NoChange_UncuedRetriev_retrieval_patch_orientation_123_retrieval_position_2	2220451	0	2	30090	3	0	29920
AV98LHJ	157	Response	20	2235451	15000	4
AV98LHJ	158	Picture	ITI	2250708	0	1	24071	2	0	23920
AV98LHJ	159	Picture	CueingCross	2274946	0	2	3009	3	0	2920
AV98LHJ	160	Picture	PrepTime	2278122	0	2	3009	3	0	2920
AV98LHJ	161	Picture	1_27_Encoding_Working_Memory_MEG_P5_LR_Nonsalient_NoChange_CuedRetrieval_300_300_399_2050_3000_2600_gabor_patch_orientation_006_158_140_122_target_position_2_4_retrieval_position_4	2281299	0	1	1337	2	0	1250
AV98LHJ	161	Picture	Flicker2	2282636	1337	1	1337	2	1250	1250
AV98LHJ	161	Picture	Flicker3	2283973	2674	1	1337	3	2500	1250
AV98LHJ	162	Picture	Delay	2285478	0	1	20561	2	0	20420
AV98LHJ	163	Picture	1_27_Retrieval_Working_Memory_MEG_P5_LR_Nonsalient_NoChange_CuedRetrieval_retrieval_patch_orientation_122_retrieval_position_4	2306206	0	1	30089	2	0	29920
AV98LHJ	163	Response	10	2321050	14844	3
AV98LHJ	164	Picture	ITI	2336462	0	2	26078	3	0	25920
AV98LHJ	165	Picture	CueingCross	2362707	0	1	3009	2	0	2920
AV98LHJ	166	Picture	PrepTime	2365883	0	1	3009	2	0	2920
AV98LHJ	167	Picture	1_28_Encoding_Working_Memory_MEG_P5_LR_Nonsalient_DoChange_CuedRetrieval_300_300_399_2250_3000_2450_gabor_patch_orientation_012_088_137_167_target_position_1_2_retrieval_position_1	2369059	0	1	1337	2	0	1250
AV98LHJ	167	Picture	Flicker2	2370396	1337	1	1338	2	1250	1250
AV98LHJ	167	Picture	Flicker3	2371734	2675	1	1337	2	2500	1250
AV98LHJ	168	Picture	Delay	2373238	0	1	22567	2	0	22420
AV98LHJ	169	Picture	1_28_Retrieval_Working_Memory_MEG_P5_LR_Nonsalient_DoChange_CuedRetrieval_retrieval_patch_orientation_058_retrieval_position_1	2395972	0	1	30089	3	0	29920
AV98LHJ	169	Response	10	2412048	16076	4
AV98LHJ	170	Picture	ITI	2426229	0	1	24573	2	0	24420
AV98LHJ	171	Picture	CueingCross	2450969	0	1	3009	2	0	2920
AV98LHJ	172	Picture	PrepTime	2454145	0	1	3009	2	0	2920
AV98LHJ	173	Picture	1_29_Encoding_Working_Memory_MEG_P5_LR_Nonsalient_NoChange_CuedRetrieval_300_300_399_2050_3000_2350_gabor_patch_orientation_037_124_096_015_target_position_1_2_retrieval_position_1	2457321	0	1	1337	2	0	1250
AV98LHJ	173	Picture	Flicker2	2458658	1337	1	1337	3	1250	1250
AV98LHJ	173	Picture	Flicker3	2459995	2674	2	1338	3	2500	1250
AV98LHJ	174	Picture	Delay	2461500	0	1	20561	2	0	20420
AV98LHJ	175	Picture	1_29_Retrieval_Working_Memory_MEG_P5_LR_Nonsalient_NoChange_CuedRetrieval_retrieval_patch_orientation_037_retrieval_position_1	2482228	0	1	30089	2	0	29920
AV98LHJ	175	Response	10	2508847	26619	3
AV98LHJ	176	Picture	ITI	2512485	0	1	23569	3	0	23420
AV98LHJ	177	Picture	CueingCross	2536222	0	1	3009	2	0	2920
AV98LHJ	178	Picture	PrepTime	2539398	0	1	3009	2	0	2920
AV98LHJ	179	Picture	1_30_Encoding_Working_Memory_MEG_P5_LR_Nonsalient_NoChange_UncuedRetriev_300_300_399_1750_3000_2000_gabor_patch_orientation_056_006_166_135_target_position_2_3_retrieval_position_4	2542574	0	1	1337	2	0	1250
AV98LHJ	179	Picture	Flicker2	2543911	1337	1	1337	3	1250	1250
AV98LHJ	179	Picture	Flicker3	2545248	2674	2	1338	3	2500	1250
AV98LHJ	180	Picture	Delay	2546753	0	1	17552	2	0	17420
AV98LHJ	181	Picture	1_30_Retrieval_Working_Memory_MEG_P5_LR_Nonsalient_NoChange_UncuedRetriev_retrieval_patch_orientation_135_retrieval_position_4	2564472	0	1	30089	2	0	29920
AV98LHJ	181	Response	10	2578006	13534	3
AV98LHJ	182	Picture	ITI	2594729	0	1	20059	3	0	19920
AV98LHJ	183	Picture	CueingCross	2614955	0	1	3009	2	0	2920
AV98LHJ	184	Picture	PrepTime	2618131	0	2	3009	3	0	2920
AV98LHJ	185	Picture	1_31_Encoding_Working_Memory_MEG_P5_LR_Nonsalient_NoChange_CuedRetrieval_300_300_399_2000_3000_2100_gabor_patch_orientation_092_179_152_028_target_position_1_3_retrieval_position_3	2621307	0	2	1338	3	0	1250
AV98LHJ	185	Picture	Flicker2	2622645	1338	1	1337	2	1250	1250
AV98LHJ	185	Picture	Flicker3	2623982	2675	1	1337	2	2500	1250
AV98LHJ	186	Picture	Delay	2625486	0	2	20060	3	0	19920
AV98LHJ	187	Picture	1_31_Retrieval_Working_Memory_MEG_P5_LR_Nonsalient_NoChange_CuedRetrieval_retrieval_patch_orientation_152_retrieval_position_3	2645713	0	1	30089	3	0	29920
AV98LHJ	187	Response	20	2657054	11341	4
AV98LHJ	188	Picture	ITI	2675970	0	1	21062	2	0	20920
AV98LHJ	189	Picture	CueingCross	2697199	0	2	3009	3	0	2920
AV98LHJ	190	Picture	PrepTime	2700375	0	2	3009	3	0	2920
AV98LHJ	191	Picture	1_32_Encoding_Working_Memory_MEG_P5_LR_Nonsalient_NoChange_CuedRetrieval_300_300_399_2000_3000_2250_gabor_patch_orientation_013_168_099_143_target_position_1_3_retrieval_position_1	2703551	0	2	1338	3	0	1250
AV98LHJ	191	Picture	Flicker2	2704889	1338	1	1337	2	1250	1250
AV98LHJ	191	Picture	Flicker3	2706226	2675	1	1337	2	2500	1250
AV98LHJ	192	Picture	Delay	2707730	0	2	20060	3	0	19920
AV98LHJ	193	Picture	1_32_Retrieval_Working_Memory_MEG_P5_LR_Nonsalient_NoChange_CuedRetrieval_retrieval_patch_orientation_013_retrieval_position_1	2727957	0	1	30089	3	0	29920
AV98LHJ	193	Response	10	2747523	19566	3
AV98LHJ	194	Picture	ITI	2758214	0	1	22567	2	0	22420
AV98LHJ	195	Picture	CueingCross	2780948	0	1	3009	2	0	2920
AV98LHJ	196	Picture	PrepTime	2784124	0	1	3009	2	0	2920
AV98LHJ	197	Picture	1_33_Encoding_Working_Memory_MEG_P5_LR_Nonsalient_NoChange_CuedRetrieval_300_300_399_1750_3000_2350_gabor_patch_orientation_098_041_128_162_target_position_2_3_retrieval_position_3	2787300	0	1	1337	2	0	1250
AV98LHJ	197	Picture	Flicker2	2788637	1337	1	1337	3	1250	1250
AV98LHJ	197	Picture	Flicker3	2789974	2674	2	1338	3	2500	1250
AV98LHJ	198	Picture	Delay	2791479	0	1	17552	2	0	17420
AV98LHJ	199	Picture	1_33_Retrieval_Working_Memory_MEG_P5_LR_Nonsalient_NoChange_CuedRetrieval_retrieval_patch_orientation_128_retrieval_position_3	2809198	0	1	30089	3	0	29920
AV98LHJ	199	Response	10	2821961	12763	4
AV98LHJ	200	Picture	ITI	2839455	0	1	23570	2	0	23420
AV98LHJ	201	Picture	CueingCross	2863192	0	1	3009	2	0	2920
AV98LHJ	202	Picture	PrepTime	2866368	0	1	3009	2	0	2920
AV98LHJ	203	Picture	1_34_Encoding_Working_Memory_MEG_P5_LR_Nonsalient_NoChange_CuedRetrieval_300_300_399_2200_3000_2550_gabor_patch_orientation_120_003_154_175_target_position_2_3_retrieval_position_2	2869544	0	1	1337	2	0	1250
AV98LHJ	203	Picture	Flicker2	2870881	1337	1	1338	2	1250	1250
AV98LHJ	203	Picture	Flicker3	2872219	2675	1	1337	2	2500	1250
AV98LHJ	204	Picture	Delay	2873723	0	1	22065	3	0	21920
AV98LHJ	205	Picture	1_34_Retrieval_Working_Memory_MEG_P5_LR_Nonsalient_NoChange_CuedRetrieval_retrieval_patch_orientation_003_retrieval_position_2	2895956	0	1	30089	2	0	29920
AV98LHJ	205	Response	20	2912120	16164	5
AV98LHJ	205	Response	10	2915070	19114	4
AV98LHJ	206	Picture	ITI	2926212	0	1	25576	2	0	25420
AV98LHJ	207	Picture	CueingCross	2951955	0	1	3009	2	0	2920
AV98LHJ	208	Picture	PrepTime	2955131	0	1	3009	2	0	2920
AV98LHJ	209	Picture	1_35_Encoding_Working_Memory_MEG_P5_LR_Nonsalient_NoChange_CuedRetrieval_300_300_399_2250_3000_1950_gabor_patch_orientation_131_014_065_103_target_position_2_4_retrieval_position_2	2958307	0	2	1338	3	0	1250
AV98LHJ	209	Picture	Flicker2	2959645	1338	1	1337	2	1250	1250
AV98LHJ	209	Picture	Flicker3	2960982	2675	1	1337	2	2500	1250
AV98LHJ	210	Picture	Delay	2962486	0	2	22567	3	0	22420
AV98LHJ	211	Picture	1_35_Retrieval_Working_Memory_MEG_P5_LR_Nonsalient_NoChange_CuedRetrieval_retrieval_patch_orientation_014_retrieval_position_2	2985220	0	2	30090	3	0	29920
AV98LHJ	211	Response	10	2997538	12318	4
AV98LHJ	212	Picture	ITI	3015477	0	1	19558	2	0	19420
AV98LHJ	213	Picture	CueingCross	3035202	0	1	3009	2	0	2920
AV98LHJ	214	Picture	PrepTime	3038378	0	1	3009	2	0	2920
AV98LHJ	215	Picture	1_36_Encoding_Working_Memory_MEG_P5_LR_Nonsalient_NoChange_UncuedRetriev_300_300_399_1850_3000_2200_gabor_patch_orientation_133_110_177_048_target_position_2_3_retrieval_position_4	3041554	0	2	1338	3	0	1250
AV98LHJ	215	Picture	Flicker2	3042892	1338	1	1337	2	1250	1250
AV98LHJ	215	Picture	Flicker3	3044229	2675	1	1337	2	2500	1250
AV98LHJ	216	Picture	Delay	3045733	0	2	18555	4	0	18420
AV98LHJ	217	Picture	1_36_Retrieval_Working_Memory_MEG_P5_LR_Nonsalient_NoChange_UncuedRetriev_retrieval_patch_orientation_048_retrieval_position_4	3064456	0	1	30089	2	0	29920
AV98LHJ	217	Response	10	3075577	11121	3
AV98LHJ	218	Picture	ITI	3094712	0	1	22065	3	0	21920
AV98LHJ	219	Picture	CueingCross	3116945	0	1	3009	2	0	2920
AV98LHJ	220	Picture	PrepTime	3120121	0	1	3009	2	0	2920
AV98LHJ	221	Picture	1_37_Encoding_Working_Memory_MEG_P5_LR_Nonsalient_DoChange_CuedRetrieval_300_300_399_1850_3000_2050_gabor_patch_orientation_019_107_075_144_target_position_2_3_retrieval_position_2	3123297	0	1	1337	2	0	1250
AV98LHJ	221	Picture	Flicker2	3124634	1337	1	1337	3	1250	1250
AV98LHJ	221	Picture	Flicker3	3125971	2674	2	1338	3	2500	1250
AV98LHJ	222	Picture	Delay	3127476	0	1	18555	2	0	18420
AV98LHJ	223	Picture	1_37_Retrieval_Working_Memory_MEG_P5_LR_Nonsalient_DoChange_CuedRetrieval_retrieval_patch_orientation_057_retrieval_position_2	3146198	0	1	30089	3	0	29920
AV98LHJ	223	Response	20	3165405	19207	4
AV98LHJ	224	Picture	ITI	3176454	0	2	20562	3	0	20420
AV98LHJ	225	Picture	CueingCross	3197183	0	1	3009	2	0	2920
AV98LHJ	226	Picture	PrepTime	3200359	0	1	3009	2	0	2920
AV98LHJ	227	Picture	1_38_Encoding_Working_Memory_MEG_P5_LR_Nonsalient_DoChange_CuedRetrieval_300_300_399_1900_3000_1950_gabor_patch_orientation_176_024_129_060_target_position_1_2_retrieval_position_1	3203535	0	1	1337	2	0	1250
AV98LHJ	227	Picture	Flicker2	3204872	1337	1	1338	2	1250	1250
AV98LHJ	227	Picture	Flicker3	3206210	2675	1	1337	2	2500	1250
AV98LHJ	228	Picture	Delay	3207714	0	1	19056	3	0	18920
AV98LHJ	229	Picture	1_38_Retrieval_Working_Memory_MEG_P5_LR_Nonsalient_DoChange_CuedRetrieval_retrieval_patch_orientation_041_retrieval_position_1	3226938	0	1	30089	2	0	29920
AV98LHJ	229	Response	20	3239934	12996	3
AV98LHJ	230	Picture	ITI	3257194	0	1	19558	2	0	19420
AV98LHJ	231	Picture	CueingCross	3276919	0	2	3009	3	0	2920
AV98LHJ	232	Picture	PrepTime	3280095	0	2	3009	3	0	2920
AV98LHJ	233	Picture	1_39_Encoding_Working_Memory_MEG_P5_LR_Nonsalient_NoChange_CuedRetrieval_300_300_399_1800_3000_2150_gabor_patch_orientation_045_170_155_119_target_position_1_4_retrieval_position_1	3283271	0	2	1338	3	0	1250
AV98LHJ	233	Picture	Flicker2	3284609	1338	1	1337	2	1250	1250
AV98LHJ	233	Picture	Flicker3	3285946	2675	1	1337	2	2500	1250
AV98LHJ	234	Picture	Delay	3287450	0	2	18054	3	0	17920
AV98LHJ	235	Picture	1_39_Retrieval_Working_Memory_MEG_P5_LR_Nonsalient_NoChange_CuedRetrieval_retrieval_patch_orientation_045_retrieval_position_1	3305671	0	1	30089	3	0	29920
AV98LHJ	235	Response	10	3319923	14252	3
AV98LHJ	236	Picture	ITI	3335928	0	1	21564	2	0	21420
AV98LHJ	237	Picture	CueingCross	3357659	0	1	3009	2	0	2920
AV98LHJ	238	Picture	PrepTime	3360835	0	1	3009	2	0	2920
AV98LHJ	239	Picture	1_40_Encoding_Working_Memory_MEG_P5_LR_Nonsalient_DoChange_CuedRetrieval_300_300_399_2000_3000_2100_gabor_patch_orientation_123_033_168_055_target_position_1_3_retrieval_position_1	3364011	0	1	1337	2	0	1250
AV98LHJ	239	Picture	Flicker2	3365348	1337	1	1338	2	1250	1250
AV98LHJ	239	Picture	Flicker3	3366686	2675	1	1337	2	2500	1250
AV98LHJ	240	Picture	Delay	3368190	0	1	20060	2	0	19920
AV98LHJ	241	Picture	1_40_Retrieval_Working_Memory_MEG_P5_LR_Nonsalient_DoChange_CuedRetrieval_retrieval_patch_orientation_078_retrieval_position_1	3388417	0	1	30089	2	0	29920
AV98LHJ	241	Response	20	3400011	11594	4
AV98LHJ	242	Picture	ITI	3418673	0	2	21063	3	0	20920
AV98LHJ	243	Picture	CueingCross	3439903	0	1	3009	2	0	2920
AV98LHJ	244	Picture	PrepTime	3443079	0	1	3009	2	0	2920
AV98LHJ	245	Picture	1_41_Encoding_Working_Memory_MEG_P5_LR_Nonsalient_DoChange_UncuedRetriev_300_300_399_1800_3000_2550_gabor_patch_orientation_134_115_073_090_target_position_1_4_retrieval_position_2	3446255	0	1	1337	2	0	1250
AV98LHJ	245	Picture	Flicker2	3447592	1337	1	1338	2	1250	1250
AV98LHJ	245	Picture	Flicker3	3448930	2675	1	1337	2	2500	1250
AV98LHJ	246	Picture	Delay	3450434	0	1	18054	2	0	17920
AV98LHJ	247	Picture	1_41_Retrieval_Working_Memory_MEG_P5_LR_Nonsalient_DoChange_UncuedRetriev_retrieval_patch_orientation_161_retrieval_position_2	3468655	0	1	30089	2	0	29920
AV98LHJ	247	Response	20	3480550	11895	3
AV98LHJ	248	Picture	ITI	3498911	0	2	25576	3	0	25420
AV98LHJ	249	Picture	CueingCross	3524654	0	2	3009	3	0	2920
AV98LHJ	250	Picture	PrepTime	3527830	0	2	3009	3	0	2920
AV98LHJ	251	Picture	1_42_Encoding_Working_Memory_MEG_P5_LR_Nonsalient_NoChange_CuedRetrieval_300_300_399_1850_3000_2050_gabor_patch_orientation_047_176_127_152_target_position_2_4_retrieval_position_4	3531006	0	2	1338	3	0	1250
AV98LHJ	251	Picture	Flicker2	3532344	1338	1	1337	2	1250	1250
AV98LHJ	251	Picture	Flicker3	3533681	2675	1	1337	2	2500	1250
AV98LHJ	252	Picture	Delay	3535186	0	1	18555	2	0	18420
AV98LHJ	253	Picture	1_42_Retrieval_Working_Memory_MEG_P5_LR_Nonsalient_NoChange_CuedRetrieval_retrieval_patch_orientation_152_retrieval_position_4	3553908	0	1	30089	2	0	29920
AV98LHJ	253	Response	10	3571888	17980	4
AV98LHJ	254	Picture	ITI	3584164	0	2	20561	3	0	20420
AV98LHJ	255	Picture	CueingCross	3604892	0	2	3009	3	0	2920
AV98LHJ	256	Picture	PrepTime	3608068	0	2	3009	3	0	2920
AV98LHJ	257	Picture	1_43_Encoding_Working_Memory_MEG_P5_LR_Nonsalient_DoChange_CuedRetrieval_300_300_399_1900_3000_2250_gabor_patch_orientation_089_031_162_005_target_position_1_2_retrieval_position_1	3611245	0	1	1337	2	0	1250
AV98LHJ	257	Picture	Flicker2	3612582	1337	1	1337	2	1250	1250
AV98LHJ	257	Picture	Flicker3	3613919	2674	1	1337	3	2500	1250
AV98LHJ	258	Picture	Delay	3615424	0	1	19056	2	0	18920
AV98LHJ	259	Picture	1_43_Retrieval_Working_Memory_MEG_P5_LR_Nonsalient_DoChange_CuedRetrieval_retrieval_patch_orientation_137_retrieval_position_1	3634647	0	2	30090	3	0	29920
AV98LHJ	259	Response	10	3652517	17870	4
AV98LHJ	260	Picture	ITI	3664904	0	1	22567	2	0	22420
AV98LHJ	261	Picture	CueingCross	3687638	0	1	3009	2	0	2920
AV98LHJ	262	Picture	PrepTime	3690814	0	1	3009	2	0	2920
AV98LHJ	263	Picture	1_44_Encoding_Working_Memory_MEG_P5_LR_Nonsalient_DoChange_CuedRetrieval_300_300_399_2250_3000_1950_gabor_patch_orientation_089_123_006_148_target_position_2_3_retrieval_position_2	3693990	0	1	1337	2	0	1250
AV98LHJ	263	Picture	Flicker2	3695327	1337	1	1338	2	1250	1250
AV98LHJ	263	Picture	Flicker3	3696665	2675	1	1337	2	2500	1250
AV98LHJ	264	Picture	Delay	3698169	0	1	22567	3	0	22420
AV98LHJ	265	Picture	1_44_Retrieval_Working_Memory_MEG_P5_LR_Nonsalient_DoChange_CuedRetrieval_retrieval_patch_orientation_073_retrieval_position_2	3720903	0	1	30089	3	0	29920
AV98LHJ	265	Response	20	3732795	11892	4
AV98LHJ	266	Picture	ITI	3751160	0	1	19558	2	0	19420
AV98LHJ	267	Picture	CueingCross	3770885	0	1	3009	2	0	2920
AV98LHJ	268	Picture	PrepTime	3774061	0	1	3009	2	0	2920
AV98LHJ	269	Picture	1_45_Encoding_Working_Memory_MEG_P5_LR_Nonsalient_NoChange_CuedRetrieval_300_300_399_1900_3000_1900_gabor_patch_orientation_075_127_046_015_target_position_1_3_retrieval_position_3	3777237	0	1	1337	2	0	1250
AV98LHJ	269	Picture	Flicker2	3778574	1337	1	1338	2	1250	1250
AV98LHJ	269	Picture	Flicker3	3779912	2675	1	1337	2	2500	1250
AV98LHJ	270	Picture	Delay	3781416	0	1	19057	2	0	18920
AV98LHJ	271	Picture	1_45_Retrieval_Working_Memory_MEG_P5_LR_Nonsalient_NoChange_CuedRetrieval_retrieval_patch_orientation_046_retrieval_position_3	3800640	0	1	30089	2	0	29920
AV98LHJ	271	Response	10	3815334	14694	3
AV98LHJ	272	Picture	ITI	3830896	0	2	19057	3	0	18920
AV98LHJ	273	Picture	CueingCross	3850120	0	1	3009	2	0	2920
AV98LHJ	274	Picture	PrepTime	3853296	0	1	3009	2	0	2920
AV98LHJ	275	Picture	1_46_Encoding_Working_Memory_MEG_P5_LR_Nonsalient_NoChange_CuedRetrieval_300_300_399_1800_3000_2500_gabor_patch_orientation_074_053_005_036_target_position_1_4_retrieval_position_1	3856472	0	1	1337	3	0	1250
AV98LHJ	275	Picture	Flicker2	3857809	1337	2	1338	3	1250	1250
AV98LHJ	275	Picture	Flicker3	3859147	2675	1	1337	2	2500	1250
AV98LHJ	276	Picture	Delay	3860651	0	1	18054	2	0	17920
AV98LHJ	277	Picture	1_46_Retrieval_Working_Memory_MEG_P5_LR_Nonsalient_NoChange_CuedRetrieval_retrieval_patch_orientation_074_retrieval_position_1	3878872	0	1	30089	2	0	29920
AV98LHJ	277	Response	10	3894083	15211	3
AV98LHJ	278	Picture	ITI	3909128	0	2	25075	3	0	24920
AV98LHJ	279	Picture	CueingCross	3934370	0	1	3009	2	0	2920
AV98LHJ	280	Picture	PrepTime	3937546	0	1	3009	2	0	2920
AV98LHJ	281	Picture	1_47_Encoding_Working_Memory_MEG_P5_LR_Nonsalient_NoChange_UncuedRetriev_300_300_399_1900_3000_2350_gabor_patch_orientation_157_128_096_076_target_position_1_2_retrieval_position_3	3940722	0	1	1337	2	0	1250
AV98LHJ	281	Picture	Flicker2	3942059	1337	1	1338	2	1250	1250
AV98LHJ	281	Picture	Flicker3	3943397	2675	1	1337	2	2500	1250
AV98LHJ	282	Picture	Delay	3944901	0	1	19057	2	0	18920
AV98LHJ	283	Picture	1_47_Retrieval_Working_Memory_MEG_P5_LR_Nonsalient_NoChange_UncuedRetriev_retrieval_patch_orientation_096_retrieval_position_3	3964125	0	1	30089	2	0	29920
AV98LHJ	283	Response	10	3978281	14156	4
AV98LHJ	284	Picture	ITI	3994381	0	2	23570	3	0	23420
AV98LHJ	285	Picture	CueingCross	4018118	0	2	3009	3	0	2920
AV98LHJ	286	Picture	PrepTime	4021294	0	2	3009	3	0	2920
AV98LHJ	287	Picture	1_48_Encoding_Working_Memory_MEG_P5_LR_Nonsalient_DoChange_CuedRetrieval_300_300_399_1950_3000_2400_gabor_patch_orientation_085_108_044_161_target_position_1_4_retrieval_position_1	4024471	0	1	1337	2	0	1250
AV98LHJ	287	Picture	Flicker2	4025808	1337	1	1337	2	1250	1250
AV98LHJ	287	Picture	Flicker3	4027145	2674	1	1337	3	2500	1250
AV98LHJ	288	Picture	Delay	4028650	0	1	19558	2	0	19420
AV98LHJ	289	Picture	1_48_Retrieval_Working_Memory_MEG_P5_LR_Nonsalient_DoChange_CuedRetrieval_retrieval_patch_orientation_134_retrieval_position_1	4048375	0	1	30089	2	0	29920
AV98LHJ	289	Response	20	4070669	22294	4
AV98LHJ	290	Picture	ITI	4078631	0	1	24072	2	0	23920
AV98LHJ	291	Picture	CueingCross	4102870	0	1	3009	2	0	2920
AV98LHJ	292	Picture	PrepTime	4106046	0	1	3009	2	0	2920
AV98LHJ	293	Picture	1_49_Encoding_Working_Memory_MEG_P5_LR_Nonsalient_NoChange_CuedRetrieval_300_300_399_2000_3000_2000_gabor_patch_orientation_090_123_036_013_target_position_3_4_retrieval_position_4	4109222	0	1	1337	2	0	1250
AV98LHJ	293	Picture	Flicker2	4110559	1337	1	1338	2	1250	1250
AV98LHJ	293	Picture	Flicker3	4111897	2675	1	1337	2	2500	1250
AV98LHJ	294	Picture	Delay	4113401	0	1	20060	2	0	19920
AV98LHJ	295	Picture	1_49_Retrieval_Working_Memory_MEG_P5_LR_Nonsalient_NoChange_CuedRetrieval_retrieval_patch_orientation_013_retrieval_position_4	4133628	0	1	30089	2	0	29920
AV98LHJ	295	Response	10	4144348	10720	4
AV98LHJ	296	Picture	ITI	4163884	0	1	20059	3	0	19920
AV98LHJ	297	Picture	CueingCross	4184111	0	1	3009	2	0	2920
AV98LHJ	298	Picture	PrepTime	4187287	0	1	3009	2	0	2920
AV98LHJ	299	Picture	1_50_Encoding_Working_Memory_MEG_P5_LR_Nonsalient_DoChange_CuedRetrieval_300_300_399_2100_3000_2300_gabor_patch_orientation_137_097_178_007_target_position_1_2_retrieval_position_2	4190463	0	1	1337	2	0	1250
AV98LHJ	299	Picture	Flicker2	4191800	1337	1	1338	2	1250	1250
AV98LHJ	299	Picture	Flicker3	4193138	2675	1	1337	2	2500	1250
AV98LHJ	300	Picture	Delay	4194642	0	1	21063	2	0	20920
AV98LHJ	301	Picture	1_50_Retrieval_Working_Memory_MEG_P5_LR_Nonsalient_DoChange_CuedRetrieval_retrieval_patch_orientation_051_retrieval_position_2	4215872	0	1	30089	3	0	29920
AV98LHJ	301	Response	10	4229867	13995	3
AV98LHJ	302	Picture	ITI	4246128	0	1	23069	2	0	22920
AV98LHJ	303	Picture	CueingCross	4269364	0	1	3009	2	0	2920
AV98LHJ	304	Picture	PrepTime	4272540	0	1	3009	2	0	2920
AV98LHJ	305	Picture	1_51_Encoding_Working_Memory_MEG_P5_LR_Nonsalient_DoChange_UncuedRetriev_300_300_399_1850_3000_2350_gabor_patch_orientation_017_107_036_141_target_position_2_4_retrieval_position_3	4275716	0	1	1337	2	0	1250
AV98LHJ	305	Picture	Flicker2	4277053	1337	1	1338	2	1250	1250
AV98LHJ	305	Picture	Flicker3	4278391	2675	1	1337	2	2500	1250
AV98LHJ	306	Picture	Delay	4279895	0	1	18555	2	0	18420
AV98LHJ	307	Picture	1_51_Retrieval_Working_Memory_MEG_P5_LR_Nonsalient_DoChange_UncuedRetriev_retrieval_patch_orientation_173_retrieval_position_3	4298617	0	2	30089	4	0	29920
AV98LHJ	307	Response	20	4311185	12568	4
AV98LHJ	308	Picture	ITI	4328874	0	1	23570	2	0	23420
AV98LHJ	309	Picture	CueingCross	4352611	0	1	3009	2	0	2920
AV98LHJ	310	Picture	PrepTime	4355787	0	1	3009	2	0	2920
AV98LHJ	311	Picture	1_52_Encoding_Working_Memory_MEG_P5_LR_Nonsalient_DoChange_CuedRetrieval_300_300_399_1950_3000_2150_gabor_patch_orientation_038_146_064_115_target_position_2_3_retrieval_position_2	4358963	0	1	1337	2	0	1250
AV98LHJ	311	Picture	Flicker2	4360300	1337	1	1338	2	1250	1250
AV98LHJ	311	Picture	Flicker3	4361638	2675	1	1337	2	2500	1250
AV98LHJ	312	Picture	Delay	4363142	0	1	19558	2	0	19420
AV98LHJ	313	Picture	1_52_Retrieval_Working_Memory_MEG_P5_LR_Nonsalient_DoChange_CuedRetrieval_retrieval_patch_orientation_006_retrieval_position_2	4382867	0	1	30089	3	0	29920
AV98LHJ	313	Response	10	4393534	10667	3
AV98LHJ	314	Picture	ITI	4413124	0	1	21564	2	0	21420
AV98LHJ	315	Picture	CueingCross	4434855	0	1	3009	2	0	2920
AV98LHJ	316	Picture	PrepTime	4438031	0	1	3009	2	0	2920
AV98LHJ	317	Picture	1_53_Encoding_Working_Memory_MEG_P5_LR_Nonsalient_NoChange_CuedRetrieval_300_300_399_1750_3000_2600_gabor_patch_orientation_124_061_016_175_target_position_2_3_retrieval_position_3	4441207	0	1	1337	2	0	1250
AV98LHJ	317	Picture	Flicker2	4442544	1337	1	1338	2	1250	1250
AV98LHJ	317	Picture	Flicker3	4443882	2675	1	1337	2	2500	1250
AV98LHJ	318	Picture	Delay	4445386	0	1	17552	2	0	17420
AV98LHJ	319	Picture	1_53_Retrieval_Working_Memory_MEG_P5_LR_Nonsalient_NoChange_CuedRetrieval_retrieval_patch_orientation_016_retrieval_position_3	4463105	0	1	30090	2	0	29920
AV98LHJ	319	Response	20	4477532	14427	4
AV98LHJ	320	Picture	ITI	4493362	0	1	26077	2	0	25920
AV98LHJ	321	Picture	CueingCross	4519606	0	1	3009	2	0	2920
AV98LHJ	322	Picture	PrepTime	4522782	0	2	3009	3	0	2920
AV98LHJ	323	Picture	1_54_Encoding_Working_Memory_MEG_P5_LR_Nonsalient_DoChange_CuedRetrieval_300_300_399_1900_3000_2050_gabor_patch_orientation_018_170_126_053_target_position_2_4_retrieval_position_4	4525958	0	2	1338	3	0	1250
AV98LHJ	323	Picture	Flicker2	4527296	1338	1	1337	2	1250	1250
AV98LHJ	323	Picture	Flicker3	4528633	2675	1	1337	2	2500	1250
AV98LHJ	324	Picture	Delay	4530137	0	2	19057	3	0	18920
AV98LHJ	325	Picture	1_54_Retrieval_Working_Memory_MEG_P5_LR_Nonsalient_DoChange_CuedRetrieval_retrieval_patch_orientation_103_retrieval_position_4	4549361	0	2	30089	4	0	29920
AV98LHJ	325	Response	10	4563601	14240	3
AV98LHJ	326	Picture	ITI	4579618	0	1	20561	2	0	20420
AV98LHJ	327	Picture	CueingCross	4600346	0	1	3009	2	0	2920
AV98LHJ	328	Picture	PrepTime	4603522	0	1	3009	2	0	2920
AV98LHJ	329	Picture	1_55_Encoding_Working_Memory_MEG_P5_LR_Nonsalient_DoChange_CuedRetrieval_300_300_399_2150_3000_2050_gabor_patch_orientation_116_057_007_163_target_position_3_4_retrieval_position_4	4606698	0	1	1337	2	0	1250
AV98LHJ	329	Picture	Flicker2	4608035	1337	1	1338	2	1250	1250
AV98LHJ	329	Picture	Flicker3	4609373	2675	1	1337	2	2500	1250
AV98LHJ	330	Picture	Delay	4610877	0	1	21564	2	0	21420
AV98LHJ	331	Picture	1_55_Retrieval_Working_Memory_MEG_P5_LR_Nonsalient_DoChange_CuedRetrieval_retrieval_patch_orientation_028_retrieval_position_4	4632608	0	1	30089	3	0	29920
AV98LHJ	331	Response	20	4642210	9602	4
AV98LHJ	332	Picture	ITI	4662865	0	1	20561	2	0	20420
AV98LHJ	333	Picture	CueingCross	4683593	0	1	3009	2	0	2920
AV98LHJ	334	Picture	PrepTime	4686769	0	1	3009	2	0	2920
AV98LHJ	335	Picture	1_56_Encoding_Working_Memory_MEG_P5_LR_Nonsalient_DoChange_CuedRetrieval_300_300_399_1750_3000_2150_gabor_patch_orientation_168_153_082_001_target_position_2_3_retrieval_position_3	4689945	0	1	1337	2	0	1250
AV98LHJ	335	Picture	Flicker2	4691282	1337	1	1338	2	1250	1250
AV98LHJ	335	Picture	Flicker3	4692620	2675	1	1337	2	2500	1250
AV98LHJ	336	Picture	Delay	4694124	0	1	17552	2	0	17420
AV98LHJ	337	Picture	1_56_Retrieval_Working_Memory_MEG_P5_LR_Nonsalient_DoChange_CuedRetrieval_retrieval_patch_orientation_132_retrieval_position_3	4711843	0	1	30089	3	0	29920
AV98LHJ	337	Response	20	4731408	19565	4
AV98LHJ	338	Picture	ITI	4742100	0	1	21564	2	0	21420
AV98LHJ	339	Picture	CueingCross	4763831	0	1	3009	2	0	2920
AV98LHJ	340	Picture	PrepTime	4767007	0	1	3009	2	0	2920
AV98LHJ	341	Picture	1_57_Encoding_Working_Memory_MEG_P5_LR_Nonsalient_DoChange_CuedRetrieval_300_300_399_2000_3000_2500_gabor_patch_orientation_084_125_107_149_target_position_3_4_retrieval_position_3	4770183	0	1	1337	2	0	1250
AV98LHJ	341	Picture	Flicker2	4771520	1337	1	1338	2	1250	1250
AV98LHJ	341	Picture	Flicker3	4772858	2675	1	1337	2	2500	1250
AV98LHJ	342	Picture	Delay	4774362	0	1	20060	2	0	19920
AV98LHJ	343	Picture	1_57_Retrieval_Working_Memory_MEG_P5_LR_Nonsalient_DoChange_CuedRetrieval_retrieval_patch_orientation_059_retrieval_position_3	4794589	0	1	30089	2	0	29920
AV98LHJ	343	Response	10	4807627	13038	3
AV98LHJ	344	Picture	ITI	4824845	0	1	25075	2	0	24920
AV98LHJ	345	Picture	CueingCross	4850087	0	1	3009	2	0	2920
AV98LHJ	346	Picture	PrepTime	4853263	0	1	3009	2	0	2920
AV98LHJ	347	Picture	1_58_Encoding_Working_Memory_MEG_P5_LR_Nonsalient_DoChange_UncuedRetriev_300_300_399_2150_3000_2300_gabor_patch_orientation_002_122_050_179_target_position_3_4_retrieval_position_1	4856439	0	1	1337	2	0	1250
AV98LHJ	347	Picture	Flicker2	4857776	1337	1	1337	3	1250	1250
AV98LHJ	347	Picture	Flicker3	4859113	2674	2	1338	3	2500	1250
AV98LHJ	348	Picture	Delay	4860618	0	1	21564	2	0	21420
AV98LHJ	349	Picture	1_58_Retrieval_Working_Memory_MEG_P5_LR_Nonsalient_DoChange_UncuedRetriev_retrieval_patch_orientation_140_retrieval_position_1	4882349	0	1	30089	2	0	29920
AV98LHJ	349	Response	20	4895695	13346	4
AV98LHJ	350	Picture	ITI	4912605	0	2	23069	3	0	22920
AV98LHJ	351	Picture	CueingCross	4935841	0	1	3009	2	0	2920
AV98LHJ	352	Picture	PrepTime	4939017	0	1	3009	2	0	2920
AV98LHJ	353	Picture	1_59_Encoding_Working_Memory_MEG_P5_LR_Nonsalient_NoChange_CuedRetrieval_300_300_399_2200_3000_2000_gabor_patch_orientation_161_029_001_080_target_position_3_4_retrieval_position_3	4942193	0	2	1338	3	0	1250
AV98LHJ	353	Picture	Flicker2	4943531	1338	1	1337	2	1250	1250
AV98LHJ	353	Picture	Flicker3	4944868	2675	1	1337	2	2500	1250
AV98LHJ	354	Picture	Delay	4946372	0	2	22066	3	0	21920
AV98LHJ	355	Picture	1_59_Retrieval_Working_Memory_MEG_P5_LR_Nonsalient_NoChange_CuedRetrieval_retrieval_patch_orientation_001_retrieval_position_3	4968605	0	1	30089	2	0	29920
AV98LHJ	355	Response	20	4979764	11159	3
AV98LHJ	356	Picture	ITI	4998861	0	2	20060	3	0	19920
AV98LHJ	357	Picture	CueingCross	5019088	0	1	3009	2	0	2920
AV98LHJ	358	Picture	PrepTime	5022264	0	1	3009	2	0	2920
AV98LHJ	359	Picture	1_60_Encoding_Working_Memory_MEG_P5_LR_Nonsalient_NoChange_CuedRetrieval_300_300_399_2250_3000_2300_gabor_patch_orientation_139_113_050_161_target_position_1_3_retrieval_position_3	5025440	0	1	1338	2	0	1250
AV98LHJ	359	Picture	Flicker2	5026778	1338	1	1337	2	1250	1250
AV98LHJ	359	Picture	Flicker3	5028115	2675	1	1337	2	2500	1250
AV98LHJ	360	Picture	Delay	5029619	0	2	22567	3	0	22420
AV98LHJ	361	Picture	1_60_Retrieval_Working_Memory_MEG_P5_LR_Nonsalient_NoChange_CuedRetrieval_retrieval_patch_orientation_050_retrieval_position_3	5052353	0	2	30090	3	0	29920
AV98LHJ	361	Response	10	5062932	10579	4
AV98LHJ	362	Picture	ITI	5082610	0	1	23068	2	0	22920
AV98LHJ	363	Picture	CueingCross	5105846	0	1	3008	3	0	2920
AV98LHJ	364	Picture	PrepTime	5109022	0	1	3008	3	0	2920
AV98LHJ	365	Picture	1_61_Encoding_Working_Memory_MEG_P5_LR_Nonsalient_NoChange_UncuedRetriev_300_300_399_2100_3000_2000_gabor_patch_orientation_179_043_094_121_target_position_1_2_retrieval_position_4	5112198	0	1	1337	2	0	1250
AV98LHJ	365	Picture	Flicker2	5113535	1337	1	1337	2	1250	1250
AV98LHJ	365	Picture	Flicker3	5114872	2674	1	1338	2	2500	1250
AV98LHJ	366	Picture	Delay	5116377	0	1	21062	2	0	20920
AV98LHJ	367	Picture	1_61_Retrieval_Working_Memory_MEG_P5_LR_Nonsalient_NoChange_UncuedRetriev_retrieval_patch_orientation_121_retrieval_position_4	5137606	0	2	30090	3	0	29920
AV98LHJ	367	Response	20	5152901	15295	3
AV98LHJ	368	Picture	ITI	5167863	0	1	20059	2	0	19920
AV98LHJ	369	Picture	CueingCross	5188089	0	2	3009	4	0	2920
AV98LHJ	370	Picture	PrepTime	5191266	0	1	3009	2	0	2920
AV98LHJ	371	Picture	1_62_Encoding_Working_Memory_MEG_P5_LR_Nonsalient_NoChange_CuedRetrieval_300_300_399_2200_3000_2100_gabor_patch_orientation_173_005_093_125_target_position_1_4_retrieval_position_1	5194442	0	1	1337	2	0	1250
AV98LHJ	371	Picture	Flicker2	5195779	1337	1	1337	2	1250	1250
AV98LHJ	371	Picture	Flicker3	5197116	2674	1	1338	2	2500	1250
AV98LHJ	372	Picture	Delay	5198621	0	1	22065	2	0	21920
AV98LHJ	373	Picture	1_62_Retrieval_Working_Memory_MEG_P5_LR_Nonsalient_NoChange_CuedRetrieval_retrieval_patch_orientation_173_retrieval_position_1	5220853	0	2	30090	3	0	29920
AV98LHJ	373	Response	10	5232759	11906	4
AV98LHJ	374	Picture	ITI	5251110	0	1	21062	2	0	20920
AV98LHJ	375	Picture	CueingCross	5272339	0	2	3009	4	0	2920
AV98LHJ	376	Picture	PrepTime	5275516	0	1	3008	3	0	2920
AV98LHJ	377	Picture	1_63_Encoding_Working_Memory_MEG_P5_LR_Nonsalient_DoChange_CuedRetrieval_300_300_399_2150_3000_2250_gabor_patch_orientation_157_046_067_178_target_position_1_2_retrieval_position_1	5278692	0	1	1337	2	0	1250
AV98LHJ	377	Picture	Flicker2	5280029	1337	1	1337	2	1250	1250
AV98LHJ	377	Picture	Flicker3	5281366	2674	1	1338	2	2500	1250
AV98LHJ	378	Picture	Delay	5282871	0	1	21564	2	0	21420
AV98LHJ	379	Picture	1_63_Retrieval_Working_Memory_MEG_P5_LR_Nonsalient_DoChange_CuedRetrieval_retrieval_patch_orientation_019_retrieval_position_1	5304602	0	1	30089	2	0	29920
AV98LHJ	379	Response	20	5319508	14906	3
AV98LHJ	380	Picture	ITI	5334858	0	2	22567	3	0	22420
AV98LHJ	381	Picture	CueingCross	5357592	0	2	3009	3	0	2920
AV98LHJ	382	Picture	PrepTime	5360768	0	2	3009	4	0	2920
AV98LHJ	383	Picture	1_64_Encoding_Working_Memory_MEG_P5_LR_Nonsalient_DoChange_UncuedRetriev_300_300_399_2150_3000_2350_gabor_patch_orientation_134_150_165_117_target_position_1_3_retrieval_position_2	5363945	0	1	1337	2	0	1250
AV98LHJ	383	Picture	Flicker2	5365282	1337	1	1337	2	1250	1250
AV98LHJ	383	Picture	Flicker3	5366619	2674	1	1337	3	2500	1250
AV98LHJ	384	Picture	Delay	5368124	0	1	21564	2	0	21420
AV98LHJ	385	Picture	1_64_Retrieval_Working_Memory_MEG_P5_LR_Nonsalient_DoChange_UncuedRetriev_retrieval_patch_orientation_010_retrieval_position_2	5389855	0	1	30089	2	0	29920
AV98LHJ	385	Response	10	5400686	10831	4
AV98LHJ	386	Picture	ITI	5420111	0	1	23570	2	0	23420
AV98LHJ	387	Picture	CueingCross	5443848	0	2	3009	3	0	2920
AV98LHJ	388	Picture	PrepTime	5447024	0	2	3009	3	0	2920
AV98LHJ	389	Picture	1_65_Encoding_Working_Memory_MEG_P5_LR_Nonsalient_DoChange_CuedRetrieval_300_300_399_2050_3000_2600_gabor_patch_orientation_007_088_173_153_target_position_1_2_retrieval_position_2	5450200	0	2	1338	3	0	1250
AV98LHJ	389	Picture	Flicker2	5451538	1338	1	1337	2	1250	1250
AV98LHJ	389	Picture	Flicker3	5452875	2675	1	1337	2	2500	1250
AV98LHJ	390	Picture	Delay	5454380	0	1	20561	2	0	20420
AV98LHJ	391	Picture	1_65_Retrieval_Working_Memory_MEG_P5_LR_Nonsalient_DoChange_CuedRetrieval_retrieval_patch_orientation_040_retrieval_position_2	5475108	0	1	30088	3	0	29920
AV98LHJ	391	Response	10	5488895	13787	3
AV98LHJ	392	Picture	ITI	5505364	0	1	26078	2	0	25920
AV98LHJ	393	Picture	CueingCross	5531609	0	1	3009	2	0	2920
AV98LHJ	394	Picture	PrepTime	5534785	0	1	3009	2	0	2920
AV98LHJ	395	Picture	1_66_Encoding_Working_Memory_MEG_P5_LR_Nonsalient_DoChange_CuedRetrieval_300_300_399_2150_3000_2500_gabor_patch_orientation_081_138_050_155_target_position_2_4_retrieval_position_4	5537961	0	1	1337	2	0	1250
AV98LHJ	395	Picture	Flicker2	5539298	1337	1	1337	3	1250	1250
AV98LHJ	395	Picture	Flicker3	5540635	2674	2	1338	3	2500	1250
AV98LHJ	396	Picture	Delay	5542140	0	1	21564	2	0	21420
AV98LHJ	397	Picture	1_66_Retrieval_Working_Memory_MEG_P5_LR_Nonsalient_DoChange_CuedRetrieval_retrieval_patch_orientation_107_retrieval_position_4	5563871	0	1	30089	2	0	29920
AV98LHJ	397	Response	10	5573703	9832	4
AV98LHJ	398	Picture	ITI	5594127	0	2	25075	3	0	24920
AV98LHJ	399	Picture	CueingCross	5619368	0	2	3010	3	0	2920
AV98LHJ	400	Picture	PrepTime	5622545	0	1	3009	2	0	2920
AV98LHJ	401	Picture	1_67_Encoding_Working_Memory_MEG_P5_LR_Nonsalient_NoChange_CuedRetrieval_300_300_399_2050_3000_1900_gabor_patch_orientation_006_160_121_144_target_position_3_4_retrieval_position_3	5625721	0	1	1337	3	0	1250
AV98LHJ	401	Picture	Flicker2	5627058	1337	2	1338	3	1250	1250
AV98LHJ	401	Picture	Flicker3	5628396	2675	1	1337	2	2500	1250
AV98LHJ	402	Picture	Delay	5629900	0	2	20561	3	0	20420
AV98LHJ	403	Picture	1_67_Retrieval_Working_Memory_MEG_P5_LR_Nonsalient_NoChange_CuedRetrieval_retrieval_patch_orientation_121_retrieval_position_3	5650628	0	2	30090	3	0	29920
AV98LHJ	403	Response	10	5661292	10664	3
AV98LHJ	404	Picture	ITI	5680885	0	1	19056	3	0	18920
AV98LHJ	405	Picture	CueingCross	5700109	0	1	3008	3	0	2920
AV98LHJ	406	Picture	PrepTime	5703285	0	1	3009	2	0	2920
AV98LHJ	407	Picture	1_68_Encoding_Working_Memory_MEG_P5_LR_Nonsalient_DoChange_CuedRetrieval_300_300_399_1950_3000_1900_gabor_patch_orientation_099_055_035_125_target_position_2_4_retrieval_position_2	5706461	0	1	1337	2	0	1250
AV98LHJ	407	Picture	Flicker2	5707798	1337	1	1337	2	1250	1250
AV98LHJ	407	Picture	Flicker3	5709135	2674	1	1338	2	2500	1250
AV98LHJ	408	Picture	Delay	5710640	0	1	19558	2	0	19420
AV98LHJ	409	Picture	1_68_Retrieval_Working_Memory_MEG_P5_LR_Nonsalient_DoChange_CuedRetrieval_retrieval_patch_orientation_009_retrieval_position_2	5730365	0	1	30089	2	0	29920
AV98LHJ	409	Response	10	5747290	16925	4
AV98LHJ	410	Picture	ITI	5760621	0	2	19057	3	0	18920
AV98LHJ	411	Picture	CueingCross	5779845	0	1	3009	2	0	2920
AV98LHJ	412	Picture	PrepTime	5783021	0	1	3009	2	0	2920
AV98LHJ	413	Picture	1_69_Encoding_Working_Memory_MEG_P5_LR_Nonsalient_NoChange_UncuedRetriev_300_300_399_1900_3000_2550_gabor_patch_orientation_094_056_162_121_target_position_2_3_retrieval_position_4	5786197	0	2	1338	3	0	1250
AV98LHJ	413	Picture	Flicker2	5787535	1338	1	1337	2	1250	1250
AV98LHJ	413	Picture	Flicker3	5788872	2675	1	1337	2	2500	1250
AV98LHJ	414	Picture	Delay	5790376	0	2	19057	3	0	18920
AV98LHJ	415	Picture	1_69_Retrieval_Working_Memory_MEG_P5_LR_Nonsalient_NoChange_UncuedRetriev_retrieval_patch_orientation_121_retrieval_position_4	5809600	0	1	30089	2	0	29920
AV98LHJ	415	Response	20	5828209	18609	4
AV98LHJ	416	Picture	ITI	5839856	0	2	25576	3	0	25420
AV98LHJ	417	Picture	CueingCross	5865600	0	1	3008	3	0	2920
AV98LHJ	418	Picture	PrepTime	5868776	0	1	3009	2	0	2920
AV98LHJ	419	Picture	1_70_Encoding_Working_Memory_MEG_P5_LR_Nonsalient_NoChange_CuedRetrieval_300_300_399_2250_3000_2400_gabor_patch_orientation_082_106_154_041_target_position_1_3_retrieval_position_1	5871952	0	1	1337	2	0	1250
AV98LHJ	419	Picture	Flicker2	5873289	1337	1	1337	2	1250	1250
AV98LHJ	419	Picture	Flicker3	5874626	2674	1	1338	2	2500	1250
AV98LHJ	420	Picture	Delay	5876131	0	1	22567	2	0	22420
AV98LHJ	421	Picture	1_70_Retrieval_Working_Memory_MEG_P5_LR_Nonsalient_NoChange_CuedRetrieval_retrieval_patch_orientation_082_retrieval_position_1	5898865	0	1	30089	2	0	29920
AV98LHJ	421	Response	10	5908717	9852	4
AV98LHJ	422	Picture	ITI	5929121	0	2	24072	3	0	23920
AV98LHJ	423	Picture	BaselinePost	5953360	0	1	50149	2	0	50000
