Scenario - ATWM1_Working_Memory_MEG_salient_uncued_run1
Logfile written - 02/16/2016 13:05:47

Subject	Trial	Event Type	Code	Time	TTime	Uncertainty	Duration	Uncertainty	ReqTime	ReqDur

AV98LHJ	1	Picture	ExpStart	29	0	1	10029	3	0	10000
AV98LHJ	2	Picture	BaselinePre	10226	0	1	100130	2	0	100000
AV98LHJ	3	Picture	CueingCross	110524	0	1	3008	3	0	2920
AV98LHJ	4	Picture	PrepTime	113700	0	1	3009	2	0	2920
AV98LHJ	5	Picture	1_1_Encoding_Working_Memory_MEG_P5_LR_Salient_NoChange_CuedRetrieval_300_300_399_1850_3000_2400_gabor_patch_orientation_170_104_043_148_target_position_1_4_retrieval_position_1	116876	0	1	1337	2	0	1250
AV98LHJ	5	Picture	Flicker2	118213	1337	1	1337	2	1250	1250
AV98LHJ	5	Picture	Flicker3	119550	2674	1	1338	2	2500	1250
AV98LHJ	6	Picture	Delay	121055	0	1	18555	2	0	18420
AV98LHJ	7	Picture	1_1_Retrieval_Working_Memory_MEG_P5_LR_Salient_NoChange_CuedRetrieval_retrieval_patch_orientation_170_retrieval_position_1	139777	0	1	30089	2	0	29920
AV98LHJ	7	Response	10	148661	8884	4
AV98LHJ	8	Picture	ITI	170033	0	2	24072	3	0	23920
AV98LHJ	9	Picture	CueingCross	194272	0	1	3009	2	0	2920
AV98LHJ	10	Picture	PrepTime	197448	0	1	3009	2	0	2920
AV98LHJ	11	Picture	1_2_Encoding_Working_Memory_MEG_P5_LR_Salient_DoChange_CuedRetrieval_300_300_399_2200_3000_2200_gabor_patch_orientation_126_065_037_144_target_position_1_4_retrieval_position_4	200624	0	1	1337	3	0	1250
AV98LHJ	11	Picture	Flicker2	201961	1337	2	1338	3	1250	1250
AV98LHJ	11	Picture	Flicker3	203299	2675	1	1337	2	2500	1250
AV98LHJ	12	Picture	Delay	204803	0	2	22066	3	0	21920
AV98LHJ	13	Picture	1_2_Retrieval_Working_Memory_MEG_P5_LR_Salient_DoChange_CuedRetrieval_retrieval_patch_orientation_097_retrieval_position_4	227036	0	1	30089	2	0	29920
AV98LHJ	13	Response	20	236609	9573	4
AV98LHJ	14	Picture	ITI	257292	0	2	22066	3	0	21920
AV98LHJ	15	Picture	CueingCross	279525	0	1	3009	2	0	2920
AV98LHJ	16	Picture	PrepTime	282701	0	1	3009	2	0	2920
AV98LHJ	17	Picture	1_3_Encoding_Working_Memory_MEG_P5_LR_Salient_DoChange_CuedRetrieval_300_300_399_1800_3000_1950_gabor_patch_orientation_146_063_098_172_target_position_2_3_retrieval_position_2	285877	0	1	1337	2	0	1250
AV98LHJ	17	Picture	Flicker2	287214	1337	1	1338	2	1250	1250
AV98LHJ	17	Picture	Flicker3	288552	2675	1	1337	2	2500	1250
AV98LHJ	18	Picture	Delay	290056	0	1	18054	2	0	17920
AV98LHJ	19	Picture	1_3_Retrieval_Working_Memory_MEG_P5_LR_Salient_DoChange_CuedRetrieval_retrieval_patch_orientation_018_retrieval_position_2	308277	0	1	30089	2	0	29920
AV98LHJ	19	Response	10	327278	19001	3
AV98LHJ	20	Picture	ITI	338533	0	2	19558	3	0	19420
AV98LHJ	21	Picture	CueingCross	358258	0	2	3009	4	0	2920
AV98LHJ	22	Picture	PrepTime	361435	0	1	3009	2	0	2920
AV98LHJ	23	Picture	1_4_Encoding_Working_Memory_MEG_P5_LR_Salient_NoChange_CuedRetrieval_300_300_399_2250_3000_2400_gabor_patch_orientation_034_153_011_075_target_position_2_4_retrieval_position_4	364611	0	1	1337	2	0	1250
AV98LHJ	23	Picture	Flicker2	365948	1337	1	1337	2	1250	1250
AV98LHJ	23	Picture	Flicker3	367285	2674	1	1338	2	2500	1250
AV98LHJ	24	Picture	Delay	368790	0	1	22567	2	0	22420
AV98LHJ	25	Picture	1_4_Retrieval_Working_Memory_MEG_P5_LR_Salient_NoChange_CuedRetrieval_retrieval_patch_orientation_075_retrieval_position_4	391524	0	1	30089	2	0	29920
AV98LHJ	25	Response	20	411036	19512	4
AV98LHJ	26	Picture	ITI	421780	0	2	24072	3	0	23920
AV98LHJ	27	Picture	CueingCross	446019	0	1	3009	2	0	2920
AV98LHJ	28	Picture	PrepTime	449195	0	1	3009	2	0	2920
AV98LHJ	29	Picture	1_5_Encoding_Working_Memory_MEG_P5_LR_Salient_NoChange_CuedRetrieval_300_300_399_2200_3000_1950_gabor_patch_orientation_132_075_164_009_target_position_1_2_retrieval_position_2	452371	0	1	1337	2	0	1250
AV98LHJ	29	Picture	Flicker2	453708	1337	1	1338	2	1250	1250
AV98LHJ	29	Picture	Flicker3	455046	2675	1	1337	2	2500	1250
AV98LHJ	30	Picture	Delay	456550	0	1	22066	2	0	21920
AV98LHJ	31	Picture	1_5_Retrieval_Working_Memory_MEG_P5_LR_Salient_NoChange_CuedRetrieval_retrieval_patch_orientation_075_retrieval_position_2	478783	0	1	30089	2	0	29920
AV98LHJ	31	Response	10	498685	19902	3
AV98LHJ	32	Picture	ITI	509039	0	1	19558	2	0	19420
AV98LHJ	33	Picture	CueingCross	528764	0	2	3009	3	0	2920
AV98LHJ	34	Picture	PrepTime	531940	0	2	3009	3	0	2920
AV98LHJ	35	Picture	1_6_Encoding_Working_Memory_MEG_P5_LR_Salient_NoChange_CuedRetrieval_300_300_399_2150_3000_2200_gabor_patch_orientation_005_084_033_165_target_position_1_4_retrieval_position_4	535117	0	1	1337	2	0	1250
AV98LHJ	35	Picture	Flicker2	536454	1337	1	1337	2	1250	1250
AV98LHJ	35	Picture	Flicker3	537791	2674	1	1337	3	2500	1250
AV98LHJ	36	Picture	Delay	539296	0	1	21564	2	0	21420
AV98LHJ	37	Picture	1_6_Retrieval_Working_Memory_MEG_P5_LR_Salient_NoChange_CuedRetrieval_retrieval_patch_orientation_165_retrieval_position_4	561027	0	1	30089	2	0	29920
AV98LHJ	37	Response	10	575683	14656	4
AV98LHJ	38	Picture	ITI	591283	0	1	22066	2	0	21920
AV98LHJ	39	Picture	CueingCross	613516	0	1	3009	2	0	2920
AV98LHJ	40	Picture	PrepTime	616692	0	1	3009	2	0	2920
AV98LHJ	41	Picture	1_7_Encoding_Working_Memory_MEG_P5_LR_Salient_NoChange_CuedRetrieval_300_300_399_1850_3000_2450_gabor_patch_orientation_128_045_095_011_target_position_1_4_retrieval_position_1	619868	0	1	1337	2	0	1250
AV98LHJ	41	Picture	Flicker2	621205	1337	1	1337	3	1250	1250
AV98LHJ	41	Picture	Flicker3	622542	2674	2	1338	3	2500	1250
AV98LHJ	42	Picture	Delay	624047	0	1	18555	2	0	18420
AV98LHJ	43	Picture	1_7_Retrieval_Working_Memory_MEG_P5_LR_Salient_NoChange_CuedRetrieval_retrieval_patch_orientation_128_retrieval_position_1	642769	0	1	30090	2	0	29920
AV98LHJ	43	Response	10	655882	13113	4
AV98LHJ	44	Picture	ITI	673026	0	1	24573	2	0	24420
AV98LHJ	45	Picture	CueingCross	697766	0	1	3009	2	0	2920
AV98LHJ	46	Picture	PrepTime	700942	0	1	3009	2	0	2920
AV98LHJ	47	Picture	1_8_Encoding_Working_Memory_MEG_P5_LR_Salient_NoChange_UncuedRetriev_300_300_399_2050_3000_1900_gabor_patch_orientation_030_090_110_047_target_position_1_4_retrieval_position_3	704118	0	1	1337	2	0	1250
AV98LHJ	47	Picture	Flicker2	705455	1337	1	1337	3	1250	1250
AV98LHJ	47	Picture	Flicker3	706792	2674	2	1338	3	2500	1250
AV98LHJ	48	Picture	Delay	708297	0	1	20561	2	0	20420
AV98LHJ	49	Picture	1_8_Retrieval_Working_Memory_MEG_P5_LR_Salient_NoChange_UncuedRetriev_retrieval_patch_orientation_110_retrieval_position_3	729025	0	1	30089	3	0	29920
AV98LHJ	49	Response	20	743871	14846	3
AV98LHJ	50	Picture	ITI	759281	0	2	19057	3	0	18920
AV98LHJ	51	Picture	CueingCross	778505	0	2	3009	3	0	2920
AV98LHJ	52	Picture	PrepTime	781681	0	2	3009	3	0	2920
AV98LHJ	53	Picture	1_9_Encoding_Working_Memory_MEG_P5_LR_Salient_DoChange_CuedRetrieval_300_300_399_1950_3000_2200_gabor_patch_orientation_065_093_031_150_target_position_1_2_retrieval_position_1	784857	0	2	1338	3	0	1250
AV98LHJ	53	Picture	Flicker2	786195	1338	1	1337	2	1250	1250
AV98LHJ	53	Picture	Flicker3	787532	2675	1	1337	2	2500	1250
AV98LHJ	54	Picture	Delay	789036	0	2	19559	3	0	19420
AV98LHJ	55	Picture	1_9_Retrieval_Working_Memory_MEG_P5_LR_Salient_DoChange_CuedRetrieval_retrieval_patch_orientation_112_retrieval_position_1	808762	0	1	30089	2	0	29920
AV98LHJ	55	Response	10	823059	14297	4
AV98LHJ	55	Response	20	832089	23327	3
AV98LHJ	55	Response	20	834269	25507	3
AV98LHJ	56	Picture	ITI	839018	0	1	22066	2	0	21920
AV98LHJ	57	Picture	CueingCross	861251	0	1	3009	2	0	2920
AV98LHJ	58	Picture	PrepTime	864427	0	1	3009	2	0	2920
AV98LHJ	59	Picture	1_10_Encoding_Working_Memory_MEG_P5_LR_Salient_DoChange_CuedRetrieval_300_300_399_2100_3000_1950_gabor_patch_orientation_126_081_100_155_target_position_1_3_retrieval_position_1	867603	0	1	1337	2	0	1250
AV98LHJ	59	Picture	Flicker2	868940	1337	1	1337	3	1250	1250
AV98LHJ	59	Picture	Flicker3	870277	2674	2	1338	3	2500	1250
AV98LHJ	60	Picture	Delay	871782	0	1	21062	3	0	20920
AV98LHJ	61	Picture	1_10_Retrieval_Working_Memory_MEG_P5_LR_Salient_DoChange_CuedRetrieval_retrieval_patch_orientation_171_retrieval_position_1	893012	0	1	30089	2	0	29920
AV98LHJ	61	Response	20	903778	10766	4
AV98LHJ	62	Picture	ITI	923268	0	1	19558	2	0	19420
AV98LHJ	63	Picture	CueingCross	942993	0	2	3009	3	0	2920
AV98LHJ	64	Picture	PrepTime	946169	0	2	3009	3	0	2920
AV98LHJ	65	Picture	1_11_Encoding_Working_Memory_MEG_P5_LR_Salient_DoChange_CuedRetrieval_300_300_399_1800_3000_2350_gabor_patch_orientation_138_086_157_111_target_position_1_2_retrieval_position_1	949345	0	2	1338	3	0	1250
AV98LHJ	65	Picture	Flicker2	950683	1338	1	1337	2	1250	1250
AV98LHJ	65	Picture	Flicker3	952020	2675	1	1337	2	2500	1250
AV98LHJ	66	Picture	Delay	953524	0	2	18054	3	0	17920
AV98LHJ	67	Picture	1_11_Retrieval_Working_Memory_MEG_P5_LR_Salient_DoChange_CuedRetrieval_retrieval_patch_orientation_003_retrieval_position_1	971745	0	1	30089	3	0	29920
AV98LHJ	67	Response	20	986446	14701	4
AV98LHJ	68	Picture	ITI	1002002	0	1	23570	2	0	23420
AV98LHJ	69	Picture	CueingCross	1025739	0	1	3009	2	0	2920
AV98LHJ	70	Picture	PrepTime	1028915	0	1	3009	2	0	2920
AV98LHJ	71	Picture	1_12_Encoding_Working_Memory_MEG_P5_LR_Salient_NoChange_UncuedRetriev_300_300_399_1900_3000_2550_gabor_patch_orientation_097_008_178_064_target_position_1_2_retrieval_position_3	1032091	0	1	1337	2	0	1250
AV98LHJ	71	Picture	Flicker2	1033428	1337	1	1337	3	1250	1250
AV98LHJ	71	Picture	Flicker3	1034765	2674	2	1338	3	2500	1250
AV98LHJ	72	Picture	Delay	1036270	0	1	19056	3	0	18920
AV98LHJ	73	Picture	1_12_Retrieval_Working_Memory_MEG_P5_LR_Salient_NoChange_UncuedRetriev_retrieval_patch_orientation_178_retrieval_position_3	1055494	0	1	30089	2	0	29920
AV98LHJ	73	Response	20	1072525	17031	4
AV98LHJ	74	Picture	ITI	1085750	0	1	25576	2	0	25420
AV98LHJ	75	Picture	CueingCross	1111493	0	1	3009	2	0	2920
AV98LHJ	76	Picture	PrepTime	1114669	0	1	3009	2	0	2920
AV98LHJ	77	Picture	1_13_Encoding_Working_Memory_MEG_P5_LR_Salient_NoChange_CuedRetrieval_300_300_399_2150_3000_2600_gabor_patch_orientation_168_123_083_012_target_position_1_2_retrieval_position_1	1117845	0	2	1338	3	0	1250
AV98LHJ	77	Picture	Flicker2	1119183	1338	1	1337	2	1250	1250
AV98LHJ	77	Picture	Flicker3	1120520	2675	1	1337	2	2500	1250
AV98LHJ	78	Picture	Delay	1122024	0	2	21564	3	0	21420
AV98LHJ	79	Picture	1_13_Retrieval_Working_Memory_MEG_P5_LR_Salient_NoChange_CuedRetrieval_retrieval_patch_orientation_168_retrieval_position_1	1143755	0	2	30090	3	0	29920
AV98LHJ	79	Response	10	1163713	19958	4
AV98LHJ	80	Picture	ITI	1174012	0	1	26077	2	0	25920
AV98LHJ	81	Picture	CueingCross	1200256	0	2	3009	3	0	2920
AV98LHJ	82	Picture	PrepTime	1203433	0	1	3008	3	0	2920
AV98LHJ	83	Picture	1_14_Encoding_Working_Memory_MEG_P5_LR_Salient_DoChange_CuedRetrieval_300_300_399_1800_3000_1950_gabor_patch_orientation_094_159_054_128_target_position_2_3_retrieval_position_2	1206609	0	1	1337	2	0	1250
AV98LHJ	83	Picture	Flicker2	1207946	1337	1	1337	2	1250	1250
AV98LHJ	83	Picture	Flicker3	1209283	2674	1	1337	3	2500	1250
AV98LHJ	84	Picture	Delay	1210788	0	1	18053	2	0	17920
AV98LHJ	85	Picture	1_14_Retrieval_Working_Memory_MEG_P5_LR_Salient_DoChange_CuedRetrieval_retrieval_patch_orientation_020_retrieval_position_2	1229008	0	2	30090	3	0	29920
AV98LHJ	85	Response	20	1244522	15514	3
AV98LHJ	86	Picture	ITI	1259265	0	1	19558	2	0	19420
AV98LHJ	87	Picture	CueingCross	1278990	0	1	3009	2	0	2920
AV98LHJ	88	Picture	PrepTime	1282166	0	1	3009	2	0	2920
AV98LHJ	89	Picture	1_15_Encoding_Working_Memory_MEG_P5_LR_Salient_DoChange_UncuedRetriev_300_300_399_1750_3000_2500_gabor_patch_orientation_038_071_021_099_target_position_2_4_retrieval_position_1	1285342	0	1	1338	2	0	1250
AV98LHJ	89	Picture	Flicker2	1286680	1338	1	1337	2	1250	1250
AV98LHJ	89	Picture	Flicker3	1288017	2675	1	1337	2	2500	1250
AV98LHJ	90	Picture	Delay	1289521	0	2	17552	3	0	17420
AV98LHJ	91	Picture	1_15_Retrieval_Working_Memory_MEG_P5_LR_Salient_DoChange_UncuedRetriev_retrieval_patch_orientation_177_retrieval_position_1	1307240	0	2	30090	3	0	29920
AV98LHJ	91	Response	20	1318231	10991	3
AV98LHJ	92	Picture	ITI	1337497	0	1	25074	2	0	24920
AV98LHJ	93	Picture	CueingCross	1362738	0	2	3009	4	0	2920
AV98LHJ	94	Picture	PrepTime	1365915	0	1	3008	3	0	2920
AV98LHJ	95	Picture	1_16_Encoding_Working_Memory_MEG_P5_LR_Salient_NoChange_CuedRetrieval_300_300_399_2150_3000_2350_gabor_patch_orientation_122_060_145_082_target_position_1_3_retrieval_position_1	1369091	0	1	1337	2	0	1250
AV98LHJ	95	Picture	Flicker2	1370428	1337	1	1337	2	1250	1250
AV98LHJ	95	Picture	Flicker3	1371765	2674	1	1338	2	2500	1250
AV98LHJ	96	Picture	Delay	1373270	0	1	21564	2	0	21420
AV98LHJ	97	Picture	1_16_Retrieval_Working_Memory_MEG_P5_LR_Salient_NoChange_CuedRetrieval_retrieval_patch_orientation_122_retrieval_position_1	1395001	0	1	30089	2	0	29920
AV98LHJ	97	Response	10	1405779	10778	4
AV98LHJ	98	Picture	ITI	1425257	0	2	23570	3	0	23420
AV98LHJ	99	Picture	CueingCross	1448994	0	2	3009	3	0	2920
AV98LHJ	100	Picture	PrepTime	1452170	0	2	3009	3	0	2920
AV98LHJ	101	Picture	1_17_Encoding_Working_Memory_MEG_P5_LR_Salient_DoChange_CuedRetrieval_300_300_399_1900_3000_2300_gabor_patch_orientation_115_048_095_154_target_position_1_2_retrieval_position_1	1455347	0	1	1337	2	0	1250
AV98LHJ	101	Picture	Flicker2	1456684	1337	1	1337	2	1250	1250
AV98LHJ	101	Picture	Flicker3	1458021	2674	1	1337	3	2500	1250
AV98LHJ	102	Picture	Delay	1459526	0	1	19056	2	0	18920
AV98LHJ	103	Picture	1_17_Retrieval_Working_Memory_MEG_P5_LR_Salient_DoChange_CuedRetrieval_retrieval_patch_orientation_069_retrieval_position_1	1478749	0	2	30090	3	0	29920
AV98LHJ	103	Response	20	1492757	14008	4
AV98LHJ	104	Picture	ITI	1509006	0	1	23068	2	0	22920
AV98LHJ	105	Picture	CueingCross	1532241	0	2	3009	3	0	2920
AV98LHJ	106	Picture	PrepTime	1535417	0	2	3009	4	0	2920
AV98LHJ	107	Picture	1_18_Encoding_Working_Memory_MEG_P5_LR_Salient_NoChange_CuedRetrieval_300_300_399_2250_3000_2150_gabor_patch_orientation_113_160_002_077_target_position_3_4_retrieval_position_3	1538594	0	1	1337	2	0	1250
AV98LHJ	107	Picture	Flicker2	1539931	1337	1	1337	2	1250	1250
AV98LHJ	107	Picture	Flicker3	1541268	2674	1	1337	3	2500	1250
AV98LHJ	108	Picture	Delay	1542773	0	1	22567	2	0	22420
AV98LHJ	109	Picture	1_18_Retrieval_Working_Memory_MEG_P5_LR_Salient_NoChange_CuedRetrieval_retrieval_patch_orientation_002_retrieval_position_3	1565507	0	1	30089	3	0	29920
AV98LHJ	109	Response	10	1582136	16629	3
AV98LHJ	110	Picture	ITI	1595763	0	1	21564	2	0	21420
AV98LHJ	111	Picture	CueingCross	1617494	0	2	3009	3	0	2920
AV98LHJ	112	Picture	PrepTime	1620670	0	2	3009	3	0	2920
AV98LHJ	113	Picture	1_19_Encoding_Working_Memory_MEG_P5_LR_Salient_DoChange_CuedRetrieval_300_300_399_1800_3000_2250_gabor_patch_orientation_120_089_141_156_target_position_2_3_retrieval_position_3	1623846	0	2	1338	3	0	1250
AV98LHJ	113	Picture	Flicker2	1625184	1338	1	1337	2	1250	1250
AV98LHJ	113	Picture	Flicker3	1626521	2675	1	1337	2	2500	1250
AV98LHJ	114	Picture	Delay	1628026	0	1	18053	2	0	17920
AV98LHJ	115	Picture	1_19_Retrieval_Working_Memory_MEG_P5_LR_Salient_DoChange_CuedRetrieval_retrieval_patch_orientation_001_retrieval_position_3	1646246	0	1	30090	2	0	29920
AV98LHJ	115	Response	20	1657415	11169	3
AV98LHJ	116	Picture	ITI	1676503	0	1	22567	2	0	22420
AV98LHJ	117	Picture	CueingCross	1699237	0	1	3009	2	0	2920
AV98LHJ	118	Picture	PrepTime	1702413	0	1	3009	2	0	2920
AV98LHJ	119	Picture	1_20_Encoding_Working_Memory_MEG_P5_LR_Salient_DoChange_CuedRetrieval_300_300_399_2000_3000_2100_gabor_patch_orientation_006_028_068_089_target_position_3_4_retrieval_position_4	1705589	0	1	1337	2	0	1250
AV98LHJ	119	Picture	Flicker2	1706926	1337	1	1338	2	1250	1250
AV98LHJ	119	Picture	Flicker3	1708264	2675	1	1337	2	2500	1250
AV98LHJ	120	Picture	Delay	1709768	0	2	20060	3	0	19920
AV98LHJ	121	Picture	1_20_Retrieval_Working_Memory_MEG_P5_LR_Salient_DoChange_CuedRetrieval_retrieval_patch_orientation_139_retrieval_position_4	1729995	0	1	30089	2	0	29920
AV98LHJ	121	Response	10	1742153	12158	4
AV98LHJ	121	Response	20	1754633	24638	3
AV98LHJ	122	Picture	ITI	1760251	0	1	21063	2	0	20920
AV98LHJ	123	Picture	CueingCross	1781481	0	1	3009	2	0	2920
AV98LHJ	124	Picture	PrepTime	1784657	0	1	3009	2	0	2920
AV98LHJ	125	Picture	1_21_Encoding_Working_Memory_MEG_P5_LR_Salient_DoChange_CuedRetrieval_300_300_399_2250_3000_2000_gabor_patch_orientation_036_160_017_125_target_position_2_4_retrieval_position_4	1787833	0	1	1337	2	0	1250
AV98LHJ	125	Picture	Flicker2	1789170	1337	1	1338	2	1250	1250
AV98LHJ	125	Picture	Flicker3	1790508	2675	1	1337	2	2500	1250
AV98LHJ	126	Picture	Delay	1792012	0	1	22567	2	0	22420
AV98LHJ	127	Picture	1_21_Retrieval_Working_Memory_MEG_P5_LR_Salient_DoChange_CuedRetrieval_retrieval_patch_orientation_078_retrieval_position_4	1814746	0	1	30089	3	0	29920
AV98LHJ	127	Response	20	1824882	10136	3
AV98LHJ	128	Picture	ITI	1845002	0	2	20060	3	0	19920
AV98LHJ	129	Picture	CueingCross	1865229	0	1	3009	2	0	2920
AV98LHJ	130	Picture	PrepTime	1868405	0	2	3009	3	0	2920
AV98LHJ	131	Picture	1_22_Encoding_Working_Memory_MEG_P5_LR_Salient_NoChange_CuedRetrieval_300_300_399_1850_3000_2150_gabor_patch_orientation_164_118_143_009_target_position_2_4_retrieval_position_4	1871581	0	2	1338	3	0	1250
AV98LHJ	131	Picture	Flicker2	1872919	1338	1	1337	2	1250	1250
AV98LHJ	131	Picture	Flicker3	1874256	2675	1	1337	2	2500	1250
AV98LHJ	132	Picture	Delay	1875760	0	2	18555	4	0	18420
AV98LHJ	133	Picture	1_22_Retrieval_Working_Memory_MEG_P5_LR_Salient_NoChange_CuedRetrieval_retrieval_patch_orientation_009_retrieval_position_4	1894483	0	1	30089	2	0	29920
AV98LHJ	133	Response	20	1909900	15417	4
AV98LHJ	134	Picture	ITI	1924739	0	1	21564	2	0	21420
AV98LHJ	135	Picture	CueingCross	1946470	0	1	3009	2	0	2920
AV98LHJ	136	Picture	PrepTime	1949646	0	2	3009	3	0	2920
AV98LHJ	137	Picture	1_23_Encoding_Working_Memory_MEG_P5_LR_Salient_DoChange_UncuedRetriev_300_300_399_1750_3000_2350_gabor_patch_orientation_052_160_096_075_target_position_1_2_retrieval_position_3	1952822	0	2	1338	3	0	1250
AV98LHJ	137	Picture	Flicker2	1954160	1338	1	1337	2	1250	1250
AV98LHJ	137	Picture	Flicker3	1955497	2675	1	1337	2	2500	1250
AV98LHJ	138	Picture	Delay	1957001	0	2	17553	3	0	17420
AV98LHJ	139	Picture	1_23_Retrieval_Working_Memory_MEG_P5_LR_Salient_DoChange_UncuedRetriev_retrieval_patch_orientation_141_retrieval_position_3	1974721	0	1	30089	2	0	29920
AV98LHJ	139	Response	10	2000939	26218	3
AV98LHJ	140	Picture	ITI	2004977	0	1	23570	2	0	23420
AV98LHJ	141	Picture	CueingCross	2028714	0	1	3009	2	0	2920
AV98LHJ	142	Picture	PrepTime	2031890	0	2	3009	3	0	2920
AV98LHJ	143	Picture	1_24_Encoding_Working_Memory_MEG_P5_LR_Salient_DoChange_CuedRetrieval_300_300_399_1900_3000_2000_gabor_patch_orientation_157_045_114_074_target_position_2_4_retrieval_position_4	2035066	0	2	1338	3	0	1250
AV98LHJ	143	Picture	Flicker2	2036404	1338	1	1337	2	1250	1250
AV98LHJ	143	Picture	Flicker3	2037741	2675	1	1337	2	2500	1250
AV98LHJ	144	Picture	Delay	2039245	0	2	19057	3	0	18920
AV98LHJ	145	Picture	1_24_Retrieval_Working_Memory_MEG_P5_LR_Salient_DoChange_CuedRetrieval_retrieval_patch_orientation_028_retrieval_position_4	2058469	0	1	30089	3	0	29920
AV98LHJ	145	Response	20	2069307	10838	4
AV98LHJ	146	Picture	ITI	2088726	0	1	20059	2	0	19920
AV98LHJ	147	Picture	CueingCross	2108952	0	2	3009	3	0	2920
AV98LHJ	148	Picture	PrepTime	2112128	0	2	3009	3	0	2920
AV98LHJ	149	Picture	1_25_Encoding_Working_Memory_MEG_P5_LR_Salient_DoChange_CuedRetrieval_300_300_399_2200_3000_2150_gabor_patch_orientation_045_121_064_082_target_position_1_3_retrieval_position_3	2115304	0	2	1338	3	0	1250
AV98LHJ	149	Picture	Flicker2	2116642	1338	1	1337	2	1250	1250
AV98LHJ	149	Picture	Flicker3	2117979	2675	1	1337	2	2500	1250
AV98LHJ	150	Picture	Delay	2119484	0	1	22065	2	0	21920
AV98LHJ	151	Picture	1_25_Retrieval_Working_Memory_MEG_P5_LR_Salient_DoChange_CuedRetrieval_retrieval_patch_orientation_015_retrieval_position_3	2141716	0	1	30089	3	0	29920
AV98LHJ	151	Response	20	2150696	8980	4
AV98LHJ	152	Picture	ITI	2171973	0	1	21564	2	0	21420
AV98LHJ	153	Picture	CueingCross	2193704	0	1	3009	2	0	2920
AV98LHJ	154	Picture	PrepTime	2196880	0	1	3009	2	0	2920
AV98LHJ	155	Picture	1_26_Encoding_Working_Memory_MEG_P5_LR_Salient_NoChange_CuedRetrieval_300_300_399_2100_3000_2550_gabor_patch_orientation_177_158_125_043_target_position_2_3_retrieval_position_2	2200056	0	1	1337	2	0	1250
AV98LHJ	155	Picture	Flicker2	2201393	1337	1	1337	3	1250	1250
AV98LHJ	155	Picture	Flicker3	2202730	2674	2	1338	3	2500	1250
AV98LHJ	156	Picture	Delay	2204235	0	1	21062	3	0	20920
AV98LHJ	157	Picture	1_26_Retrieval_Working_Memory_MEG_P5_LR_Salient_NoChange_CuedRetrieval_retrieval_patch_orientation_158_retrieval_position_2	2225465	0	1	30089	2	0	29920
AV98LHJ	157	Response	10	2235855	10390	3
AV98LHJ	158	Picture	ITI	2255721	0	1	25576	2	0	25420
AV98LHJ	159	Picture	CueingCross	2281464	0	1	3009	2	0	2920
AV98LHJ	160	Picture	PrepTime	2284640	0	1	3009	2	0	2920
AV98LHJ	161	Picture	1_27_Encoding_Working_Memory_MEG_P5_LR_Salient_NoChange_CuedRetrieval_300_300_399_1900_3000_2450_gabor_patch_orientation_117_034_149_100_target_position_1_4_retrieval_position_1	2287816	0	1	1338	2	0	1250
AV98LHJ	161	Picture	Flicker2	2289154	1338	1	1337	2	1250	1250
AV98LHJ	161	Picture	Flicker3	2290491	2675	1	1337	2	2500	1250
AV98LHJ	162	Picture	Delay	2291995	0	2	19057	3	0	18920
AV98LHJ	163	Picture	1_27_Retrieval_Working_Memory_MEG_P5_LR_Salient_NoChange_CuedRetrieval_retrieval_patch_orientation_117_retrieval_position_1	2311219	0	1	30089	2	0	29920
AV98LHJ	163	Response	10	2333403	22184	4
AV98LHJ	164	Picture	ITI	2341475	0	2	24573	3	0	24420
AV98LHJ	165	Picture	CueingCross	2366216	0	1	3008	3	0	2920
AV98LHJ	166	Picture	PrepTime	2369392	0	1	3009	2	0	2920
AV98LHJ	167	Picture	1_28_Encoding_Working_Memory_MEG_P5_LR_Salient_DoChange_UncuedRetriev_300_300_399_1950_3000_2600_gabor_patch_orientation_129_172_099_063_target_position_1_4_retrieval_position_3	2372568	0	1	1337	2	0	1250
AV98LHJ	167	Picture	Flicker2	2373905	1337	1	1337	2	1250	1250
AV98LHJ	167	Picture	Flicker3	2375242	2674	1	1338	2	2500	1250
AV98LHJ	168	Picture	Delay	2376747	0	1	19558	2	0	19420
AV98LHJ	169	Picture	1_28_Retrieval_Working_Memory_MEG_P5_LR_Salient_DoChange_UncuedRetriev_retrieval_patch_orientation_149_retrieval_position_3	2396472	0	1	30089	2	0	29920
AV98LHJ	169	Response	20	2409891	13419	4
AV98LHJ	170	Picture	ITI	2426728	0	2	26078	3	0	25920
AV98LHJ	171	Picture	CueingCross	2452973	0	1	3009	2	0	2920
AV98LHJ	172	Picture	PrepTime	2456149	0	1	3009	2	0	2920
AV98LHJ	173	Picture	1_29_Encoding_Working_Memory_MEG_P5_LR_Salient_NoChange_CuedRetrieval_300_300_399_2050_3000_2550_gabor_patch_orientation_050_034_068_173_target_position_1_2_retrieval_position_2	2459325	0	1	1337	2	0	1250
AV98LHJ	173	Picture	Flicker2	2460662	1337	1	1338	2	1250	1250
AV98LHJ	173	Picture	Flicker3	2462000	2675	1	1336	3	2500	1250
AV98LHJ	174	Picture	Delay	2463504	0	1	20561	2	0	20420
AV98LHJ	175	Picture	1_29_Retrieval_Working_Memory_MEG_P5_LR_Salient_NoChange_CuedRetrieval_retrieval_patch_orientation_034_retrieval_position_2	2484232	0	2	30090	3	0	29920
AV98LHJ	175	Response	20	2503050	18818	3
AV98LHJ	175	Response	10	2512030	27798	3
AV98LHJ	176	Picture	ITI	2514489	0	1	25576	2	0	25420
AV98LHJ	177	Picture	CueingCross	2540232	0	1	3009	2	0	2920
AV98LHJ	178	Picture	PrepTime	2543408	0	1	3009	2	0	2920
AV98LHJ	179	Picture	1_30_Encoding_Working_Memory_MEG_P5_LR_Salient_NoChange_CuedRetrieval_300_300_399_1850_3000_2450_gabor_patch_orientation_167_083_135_047_target_position_1_3_retrieval_position_1	2546584	0	1	1337	2	0	1250
AV98LHJ	179	Picture	Flicker2	2547921	1337	1	1338	2	1250	1250
AV98LHJ	179	Picture	Flicker3	2549259	2675	1	1337	2	2500	1250
AV98LHJ	180	Picture	Delay	2550763	0	1	18555	2	0	18420
AV98LHJ	181	Picture	1_30_Retrieval_Working_Memory_MEG_P5_LR_Salient_NoChange_CuedRetrieval_retrieval_patch_orientation_167_retrieval_position_1	2569485	0	1	30089	3	0	29920
AV98LHJ	181	Response	20	2587658	18173	4
AV98LHJ	181	Response	10	2592718	23233	4
AV98LHJ	182	Picture	ITI	2599742	0	1	24573	2	0	24420
AV98LHJ	183	Picture	CueingCross	2624482	0	1	3009	2	0	2920
AV98LHJ	184	Picture	PrepTime	2627658	0	1	3009	2	0	2920
AV98LHJ	185	Picture	1_31_Encoding_Working_Memory_MEG_P5_LR_Salient_DoChange_CuedRetrieval_300_300_399_1950_3000_2050_gabor_patch_orientation_121_139_034_162_target_position_2_3_retrieval_position_2	2630834	0	1	1337	2	0	1250
AV98LHJ	185	Picture	Flicker2	2632171	1337	1	1337	3	1250	1250
AV98LHJ	185	Picture	Flicker3	2633508	2674	2	1338	3	2500	1250
AV98LHJ	186	Picture	Delay	2635013	0	1	19558	2	0	19420
AV98LHJ	187	Picture	1_31_Retrieval_Working_Memory_MEG_P5_LR_Salient_DoChange_CuedRetrieval_retrieval_patch_orientation_089_retrieval_position_2	2654738	0	1	30089	3	0	29920
AV98LHJ	187	Response	20	2664307	9569	4
AV98LHJ	188	Picture	ITI	2684994	0	2	20562	3	0	20420
AV98LHJ	189	Picture	CueingCross	2705723	0	1	3009	2	0	2920
AV98LHJ	190	Picture	PrepTime	2708899	0	1	3009	2	0	2920
AV98LHJ	191	Picture	1_32_Encoding_Working_Memory_MEG_P5_LR_Salient_NoChange_CuedRetrieval_300_300_399_2000_3000_2450_gabor_patch_orientation_112_128_070_179_target_position_1_4_retrieval_position_4	2712075	0	1	1337	2	0	1250
AV98LHJ	191	Picture	Flicker2	2713412	1337	1	1338	2	1250	1250
AV98LHJ	191	Picture	Flicker3	2714750	2675	1	1337	2	2500	1250
AV98LHJ	192	Picture	Delay	2716254	0	1	20059	3	0	19920
AV98LHJ	193	Picture	1_32_Retrieval_Working_Memory_MEG_P5_LR_Salient_NoChange_CuedRetrieval_retrieval_patch_orientation_179_retrieval_position_4	2736481	0	1	30089	2	0	29920
AV98LHJ	193	Response	10	2754095	17614	4
AV98LHJ	194	Picture	ITI	2766736	0	2	24574	3	0	24420
AV98LHJ	194	Response	20	2768155	1419	4
AV98LHJ	195	Picture	CueingCross	2791477	0	1	3009	2	0	2920
AV98LHJ	196	Picture	PrepTime	2794653	0	1	3009	2	0	2920
AV98LHJ	197	Picture	1_33_Encoding_Working_Memory_MEG_P5_LR_Salient_NoChange_UncuedRetriev_300_300_399_2100_3000_2500_gabor_patch_orientation_013_035_055_080_target_position_1_4_retrieval_position_3	2797829	0	2	1338	3	0	1250
AV98LHJ	197	Picture	Flicker2	2799167	1338	1	1337	2	1250	1250
AV98LHJ	197	Picture	Flicker3	2800504	2675	1	1337	2	2500	1250
AV98LHJ	198	Picture	Delay	2802008	0	2	21063	3	0	20920
AV98LHJ	199	Picture	1_33_Retrieval_Working_Memory_MEG_P5_LR_Salient_NoChange_UncuedRetriev_retrieval_patch_orientation_055_retrieval_position_3	2823238	0	1	30089	2	0	29920
AV98LHJ	199	Response	20	2836214	12976	4
AV98LHJ	200	Picture	ITI	2853494	0	2	25075	3	0	24920
AV98LHJ	201	Picture	CueingCross	2878736	0	1	3009	2	0	2920
AV98LHJ	202	Picture	PrepTime	2881912	0	1	3009	2	0	2920
AV98LHJ	203	Picture	1_34_Encoding_Working_Memory_MEG_P5_LR_Salient_NoChange_CuedRetrieval_300_300_399_2150_3000_2200_gabor_patch_orientation_108_031_003_136_target_position_2_3_retrieval_position_2	2885088	0	1	1337	3	0	1250
AV98LHJ	203	Picture	Flicker2	2886425	1337	2	1338	3	1250	1250
AV98LHJ	203	Picture	Flicker3	2887763	2675	1	1337	2	2500	1250
AV98LHJ	204	Picture	Delay	2889267	0	1	21564	2	0	21420
AV98LHJ	205	Picture	1_34_Retrieval_Working_Memory_MEG_P5_LR_Salient_NoChange_CuedRetrieval_retrieval_patch_orientation_031_retrieval_position_2	2910998	0	2	30090	3	0	29920
AV98LHJ	205	Response	10	2925902	14904	4
AV98LHJ	206	Picture	ITI	2941255	0	1	22065	2	0	21920
AV98LHJ	207	Picture	CueingCross	2963487	0	2	3009	3	0	2920
AV98LHJ	208	Picture	PrepTime	2966663	0	2	3009	4	0	2920
AV98LHJ	209	Picture	1_35_Encoding_Working_Memory_MEG_P5_LR_Salient_DoChange_CuedRetrieval_300_300_399_2250_3000_2500_gabor_patch_orientation_039_065_145_180_target_position_1_2_retrieval_position_2	2969840	0	1	1337	2	0	1250
AV98LHJ	209	Picture	Flicker2	2971177	1337	1	1337	2	1250	1250
AV98LHJ	209	Picture	Flicker3	2972514	2674	1	1337	3	2500	1250
AV98LHJ	210	Picture	Delay	2974019	0	1	22567	2	0	22420
AV98LHJ	211	Picture	1_35_Retrieval_Working_Memory_MEG_P5_LR_Salient_DoChange_CuedRetrieval_retrieval_patch_orientation_112_retrieval_position_2	2996753	0	1	30089	2	0	29920
AV98LHJ	211	Response	20	3006461	9708	4
AV98LHJ	212	Picture	ITI	3027009	0	1	25075	2	0	24920
AV98LHJ	213	Picture	CueingCross	3052251	0	1	3009	2	0	2920
AV98LHJ	214	Picture	PrepTime	3055427	0	1	3009	2	0	2920
AV98LHJ	215	Picture	1_36_Encoding_Working_Memory_MEG_P5_LR_Salient_DoChange_UncuedRetriev_300_300_399_2050_3000_2600_gabor_patch_orientation_031_002_070_179_target_position_2_4_retrieval_position_3	3058603	0	1	1337	2	0	1250
AV98LHJ	215	Picture	Flicker2	3059940	1337	1	1338	2	1250	1250
AV98LHJ	215	Picture	Flicker3	3061278	2675	1	1337	2	2500	1250
AV98LHJ	216	Picture	Delay	3062782	0	1	20561	2	0	20420
AV98LHJ	217	Picture	1_36_Retrieval_Working_Memory_MEG_P5_LR_Salient_DoChange_UncuedRetriev_retrieval_patch_orientation_117_retrieval_position_3	3083510	0	1	30089	2	0	29920
AV98LHJ	217	Response	20	3098019	14509	4
AV98LHJ	218	Picture	ITI	3113767	0	1	26077	2	0	25920
AV98LHJ	219	Picture	CueingCross	3140011	0	1	3009	2	0	2920
AV98LHJ	220	Picture	PrepTime	3143187	0	1	3009	2	0	2920
AV98LHJ	221	Picture	1_37_Encoding_Working_Memory_MEG_P5_LR_Salient_NoChange_CuedRetrieval_300_300_399_1800_3000_2350_gabor_patch_orientation_004_132_046_177_target_position_2_4_retrieval_position_2	3146363	0	2	1338	3	0	1250
AV98LHJ	221	Picture	Flicker2	3147701	1338	1	1337	2	1250	1250
AV98LHJ	221	Picture	Flicker3	3149038	2675	1	1337	2	2500	1250
AV98LHJ	222	Picture	Delay	3150542	0	2	18054	3	0	17920
AV98LHJ	223	Picture	1_37_Retrieval_Working_Memory_MEG_P5_LR_Salient_NoChange_CuedRetrieval_retrieval_patch_orientation_132_retrieval_position_2	3168763	0	1	30089	2	0	29920
AV98LHJ	223	Response	10	3183938	15175	4
AV98LHJ	224	Picture	ITI	3199019	0	2	23570	4	0	23420
AV98LHJ	225	Picture	CueingCross	3222757	0	1	3008	3	0	2920
AV98LHJ	226	Picture	PrepTime	3225933	0	1	3009	2	0	2920
AV98LHJ	227	Picture	1_38_Encoding_Working_Memory_MEG_P5_LR_Salient_DoChange_CuedRetrieval_300_300_399_2000_3000_2300_gabor_patch_orientation_009_127_046_076_target_position_1_3_retrieval_position_3	3229109	0	1	1337	2	0	1250
AV98LHJ	227	Picture	Flicker2	3230446	1337	1	1337	2	1250	1250
AV98LHJ	227	Picture	Flicker3	3231783	2674	1	1338	2	2500	1250
AV98LHJ	228	Picture	Delay	3233288	0	2	20059	3	0	19920
AV98LHJ	229	Picture	1_38_Retrieval_Working_Memory_MEG_P5_LR_Salient_DoChange_CuedRetrieval_retrieval_patch_orientation_093_retrieval_position_3	3253515	0	1	30089	2	0	29920
AV98LHJ	229	Response	20	3272756	19241	4
AV98LHJ	230	Picture	ITI	3283771	0	1	23068	2	0	22920
AV98LHJ	231	Picture	CueingCross	3307007	0	1	3008	3	0	2920
AV98LHJ	232	Picture	PrepTime	3310183	0	1	3009	2	0	2920
AV98LHJ	233	Picture	1_39_Encoding_Working_Memory_MEG_P5_LR_Salient_DoChange_CuedRetrieval_300_300_399_1850_3000_2300_gabor_patch_orientation_046_063_097_169_target_position_1_2_retrieval_position_2	3313359	0	1	1337	2	0	1250
AV98LHJ	233	Picture	Flicker2	3314696	1337	1	1337	2	1250	1250
AV98LHJ	233	Picture	Flicker3	3316033	2674	1	1338	2	2500	1250
AV98LHJ	234	Picture	Delay	3317538	0	1	18555	2	0	18420
AV98LHJ	235	Picture	1_39_Retrieval_Working_Memory_MEG_P5_LR_Salient_DoChange_CuedRetrieval_retrieval_patch_orientation_018_retrieval_position_2	3336260	0	1	30089	2	0	29920
AV98LHJ	235	Response	20	3354305	18045	4
AV98LHJ	236	Picture	ITI	3366516	0	2	23069	3	0	22920
AV98LHJ	237	Picture	CueingCross	3389752	0	1	3009	2	0	2920
AV98LHJ	238	Picture	PrepTime	3392928	0	1	3009	2	0	2920
AV98LHJ	239	Picture	1_40_Encoding_Working_Memory_MEG_P5_LR_Salient_NoChange_CuedRetrieval_300_300_399_2200_3000_2500_gabor_patch_orientation_009_118_039_145_target_position_1_2_retrieval_position_2	3396104	0	1	1337	3	0	1250
AV98LHJ	239	Picture	Flicker2	3397441	1337	2	1338	3	1250	1250
AV98LHJ	239	Picture	Flicker3	3398779	2675	1	1337	2	2500	1250
AV98LHJ	240	Picture	Delay	3400283	0	1	22066	2	0	21920
AV98LHJ	241	Picture	1_40_Retrieval_Working_Memory_MEG_P5_LR_Salient_NoChange_CuedRetrieval_retrieval_patch_orientation_118_retrieval_position_2	3422516	0	2	30089	3	0	29920
AV98LHJ	241	Response	10	3437924	15408	3
AV98LHJ	242	Picture	ITI	3452772	0	2	25075	3	0	24920
AV98LHJ	243	Picture	CueingCross	3478014	0	1	3009	2	0	2920
AV98LHJ	244	Picture	PrepTime	3481189	0	2	3010	3	0	2920
AV98LHJ	245	Picture	1_41_Encoding_Working_Memory_MEG_P5_LR_Salient_NoChange_CuedRetrieval_300_300_399_2050_3000_2100_gabor_patch_orientation_027_058_073_101_target_position_1_2_retrieval_position_2	3484366	0	1	1337	2	0	1250
AV98LHJ	245	Picture	Flicker2	3485703	1337	1	1338	2	1250	1250
AV98LHJ	245	Picture	Flicker3	3487041	2675	1	1337	2	2500	1250
AV98LHJ	246	Picture	Delay	3488545	0	1	20561	2	0	20420
AV98LHJ	247	Picture	1_41_Retrieval_Working_Memory_MEG_P5_LR_Salient_NoChange_CuedRetrieval_retrieval_patch_orientation_058_retrieval_position_2	3509273	0	1	30090	2	0	29920
AV98LHJ	247	Response	20	3523462	14189	4
AV98LHJ	248	Picture	ITI	3539530	0	1	21062	2	0	20920
AV98LHJ	249	Picture	CueingCross	3560759	0	2	3009	3	0	2920
AV98LHJ	250	Picture	PrepTime	3563935	0	2	3009	3	0	2920
AV98LHJ	251	Picture	1_42_Encoding_Working_Memory_MEG_P5_LR_Salient_NoChange_UncuedRetriev_300_300_399_2100_3000_2050_gabor_patch_orientation_009_090_025_165_target_position_2_3_retrieval_position_4	3567112	0	1	1337	2	0	1250
AV98LHJ	251	Picture	Flicker2	3568449	1337	1	1337	2	1250	1250
AV98LHJ	251	Picture	Flicker3	3569786	2674	1	1337	3	2500	1250
AV98LHJ	252	Picture	Delay	3571291	0	1	21062	2	0	20920
AV98LHJ	253	Picture	1_42_Retrieval_Working_Memory_MEG_P5_LR_Salient_NoChange_UncuedRetriev_retrieval_patch_orientation_165_retrieval_position_4	3592520	0	1	30089	3	0	29920
AV98LHJ	253	Response	10	3607011	14491	3
AV98LHJ	254	Picture	ITI	3622777	0	1	20561	2	0	20420
AV98LHJ	255	Picture	CueingCross	3643505	0	1	3009	2	0	2920
AV98LHJ	256	Picture	PrepTime	3646681	0	1	3009	2	0	2920
AV98LHJ	257	Picture	1_43_Encoding_Working_Memory_MEG_P5_LR_Salient_NoChange_CuedRetrieval_300_300_399_1900_3000_2300_gabor_patch_orientation_103_178_120_032_target_position_1_4_retrieval_position_1	3649857	0	1	1337	2	0	1250
AV98LHJ	257	Picture	Flicker2	3651194	1337	1	1338	2	1250	1250
AV98LHJ	257	Picture	Flicker3	3652532	2675	1	1337	2	2500	1250
AV98LHJ	258	Picture	Delay	3654036	0	1	19057	2	0	18920
AV98LHJ	259	Picture	1_43_Retrieval_Working_Memory_MEG_P5_LR_Salient_NoChange_CuedRetrieval_retrieval_patch_orientation_103_retrieval_position_1	3673260	0	1	30089	2	0	29920
AV98LHJ	259	Response	10	3686659	13399	4
AV98LHJ	260	Picture	ITI	3703516	0	1	23069	2	0	22920
AV98LHJ	261	Picture	CueingCross	3726752	0	1	3009	2	0	2920
AV98LHJ	262	Picture	PrepTime	3729928	0	1	3009	2	0	2920
AV98LHJ	263	Picture	1_44_Encoding_Working_Memory_MEG_P5_LR_Salient_DoChange_CuedRetrieval_300_300_399_1950_3000_2400_gabor_patch_orientation_040_086_013_170_target_position_3_4_retrieval_position_3	3733104	0	1	1337	2	0	1250
AV98LHJ	263	Picture	Flicker2	3734441	1337	1	1338	2	1250	1250
AV98LHJ	263	Picture	Flicker3	3735779	2675	1	1337	2	2500	1250
AV98LHJ	264	Picture	Delay	3737283	0	1	19558	2	0	19420
AV98LHJ	265	Picture	1_44_Retrieval_Working_Memory_MEG_P5_LR_Salient_DoChange_CuedRetrieval_retrieval_patch_orientation_152_retrieval_position_3	3757008	0	1	30089	3	0	29920
AV98LHJ	265	Response	20	3771168	14160	3
AV98LHJ	266	Picture	ITI	3787265	0	1	24071	2	0	23920
AV98LHJ	267	Picture	CueingCross	3811503	0	1	3009	2	0	2920
AV98LHJ	268	Picture	PrepTime	3814679	0	2	3009	3	0	2920
AV98LHJ	269	Picture	1_45_Encoding_Working_Memory_MEG_P5_LR_Salient_NoChange_CuedRetrieval_300_300_399_2200_3000_1900_gabor_patch_orientation_073_162_140_014_target_position_1_3_retrieval_position_1	3817855	0	2	1338	3	0	1250
AV98LHJ	269	Picture	Flicker2	3819193	1338	1	1337	2	1250	1250
AV98LHJ	269	Picture	Flicker3	3820530	2675	1	1337	2	2500	1250
AV98LHJ	270	Picture	Delay	3822034	0	2	22066	3	0	21920
AV98LHJ	271	Picture	1_45_Retrieval_Working_Memory_MEG_P5_LR_Salient_NoChange_CuedRetrieval_retrieval_patch_orientation_073_retrieval_position_1	3844267	0	1	30089	2	0	29920
AV98LHJ	271	Response	10	3858776	14509	4
AV98LHJ	272	Picture	ITI	3874523	0	2	19057	3	0	18920
AV98LHJ	273	Picture	CueingCross	3893747	0	1	3009	2	0	2920
AV98LHJ	274	Picture	PrepTime	3896923	0	2	3009	3	0	2920
AV98LHJ	275	Picture	1_46_Encoding_Working_Memory_MEG_P5_LR_Salient_DoChange_CuedRetrieval_300_300_399_2100_3000_2050_gabor_patch_orientation_037_059_084_014_target_position_2_4_retrieval_position_2	3900099	0	2	1338	3	0	1250
AV98LHJ	275	Picture	Flicker2	3901437	1338	1	1337	2	1250	1250
AV98LHJ	275	Picture	Flicker3	3902774	2675	1	1337	2	2500	1250
AV98LHJ	276	Picture	Delay	3904278	0	2	21063	3	0	20920
AV98LHJ	277	Picture	1_46_Retrieval_Working_Memory_MEG_P5_LR_Salient_DoChange_CuedRetrieval_retrieval_patch_orientation_104_retrieval_position_2	3925508	0	1	30089	2	0	29920
AV98LHJ	277	Response	10	3944075	18567	3
AV98LHJ	278	Picture	ITI	3955764	0	2	20562	3	0	20420
AV98LHJ	279	Picture	CueingCross	3976493	0	1	3009	2	0	2920
AV98LHJ	280	Picture	PrepTime	3979669	0	1	3009	2	0	2920
AV98LHJ	281	Picture	1_47_Encoding_Working_Memory_MEG_P5_LR_Salient_NoChange_UncuedRetriev_300_300_399_2150_3000_2400_gabor_patch_orientation_067_135_027_176_target_position_2_4_retrieval_position_1	3982845	0	1	1337	2	0	1250
AV98LHJ	281	Picture	Flicker2	3984182	1337	1	1337	3	1250	1250
AV98LHJ	281	Picture	Flicker3	3985519	2674	2	1337	4	2500	1250
AV98LHJ	282	Picture	Delay	3987024	0	1	21564	2	0	21420
AV98LHJ	283	Picture	1_47_Retrieval_Working_Memory_MEG_P5_LR_Salient_NoChange_UncuedRetriev_retrieval_patch_orientation_067_retrieval_position_1	4008755	0	1	30089	2	0	29920
AV98LHJ	283	Response	10	4023383	14628	4
AV98LHJ	284	Picture	ITI	4039011	0	2	24072	3	0	23920
AV98LHJ	285	Picture	CueingCross	4063250	0	1	3009	2	0	2920
AV98LHJ	286	Picture	PrepTime	4066426	0	1	3009	2	0	2920
AV98LHJ	287	Picture	1_48_Encoding_Working_Memory_MEG_P5_LR_Salient_DoChange_CuedRetrieval_300_300_399_1750_3000_2250_gabor_patch_orientation_154_115_096_077_target_position_3_4_retrieval_position_4	4069602	0	1	1337	3	0	1250
AV98LHJ	287	Picture	Flicker2	4070939	1337	2	1338	3	1250	1250
AV98LHJ	287	Picture	Flicker3	4072277	2675	1	1337	2	2500	1250
AV98LHJ	288	Picture	Delay	4073781	0	2	17552	3	0	17420
AV98LHJ	289	Picture	1_48_Retrieval_Working_Memory_MEG_P5_LR_Salient_DoChange_CuedRetrieval_retrieval_patch_orientation_027_retrieval_position_4	4091500	0	2	30090	3	0	29920
AV98LHJ	289	Response	10	4108112	16612	4
AV98LHJ	290	Picture	ITI	4121757	0	1	22567	2	0	22420
AV98LHJ	291	Picture	CueingCross	4144491	0	1	3009	2	0	2920
AV98LHJ	292	Picture	PrepTime	4147667	0	1	3009	2	0	2920
AV98LHJ	293	Picture	1_49_Encoding_Working_Memory_MEG_P5_LR_Salient_DoChange_CuedRetrieval_300_300_399_2100_3000_2100_gabor_patch_orientation_157_022_105_043_target_position_1_2_retrieval_position_2	4150843	0	2	1338	3	0	1250
AV98LHJ	293	Picture	Flicker2	4152181	1338	1	1337	2	1250	1250
AV98LHJ	293	Picture	Flicker3	4153518	2675	1	1337	2	2500	1250
AV98LHJ	294	Picture	Delay	4155022	0	2	21062	4	0	20920
AV98LHJ	295	Picture	1_49_Retrieval_Working_Memory_MEG_P5_LR_Salient_DoChange_CuedRetrieval_retrieval_patch_orientation_068_retrieval_position_2	4176252	0	1	30089	2	0	29920
AV98LHJ	295	Response	20	4193630	17378	4
AV98LHJ	296	Picture	ITI	4206508	0	2	21063	3	0	20920
AV98LHJ	297	Picture	CueingCross	4227738	0	1	3009	2	0	2920
AV98LHJ	298	Picture	PrepTime	4230914	0	1	3009	2	0	2920
AV98LHJ	299	Picture	1_50_Encoding_Working_Memory_MEG_P5_LR_Salient_DoChange_CuedRetrieval_300_300_399_1900_3000_1900_gabor_patch_orientation_036_088_003_159_target_position_1_4_retrieval_position_1	4234090	0	1	1337	3	0	1250
AV98LHJ	299	Picture	Flicker2	4235427	1337	2	1338	3	1250	1250
AV98LHJ	299	Picture	Flicker3	4236765	2675	1	1337	3	2500	1250
AV98LHJ	300	Picture	Delay	4238269	0	1	19057	2	0	18920
AV98LHJ	301	Picture	1_50_Retrieval_Working_Memory_MEG_P5_LR_Salient_DoChange_CuedRetrieval_retrieval_patch_orientation_175_retrieval_position_1	4257493	0	1	30089	2	0	29920
AV98LHJ	301	Response	20	4278269	20776	3
AV98LHJ	302	Picture	ITI	4287749	0	2	19057	3	0	18920
AV98LHJ	303	Picture	CueingCross	4306973	0	1	3009	2	0	2920
AV98LHJ	304	Picture	PrepTime	4310149	0	1	3009	2	0	2920
AV98LHJ	305	Picture	1_51_Encoding_Working_Memory_MEG_P5_LR_Salient_NoChange_CuedRetrieval_300_300_399_1800_3000_1900_gabor_patch_orientation_174_141_097_120_target_position_1_3_retrieval_position_1	4313325	0	1	1338	2	0	1250
AV98LHJ	305	Picture	Flicker2	4314663	1338	1	1337	2	1250	1250
AV98LHJ	305	Picture	Flicker3	4316000	2675	1	1337	2	2500	1250
AV98LHJ	306	Picture	Delay	4317504	0	2	18054	3	0	17920
AV98LHJ	307	Picture	1_51_Retrieval_Working_Memory_MEG_P5_LR_Salient_NoChange_CuedRetrieval_retrieval_patch_orientation_174_retrieval_position_1	4335725	0	1	30089	2	0	29920
AV98LHJ	307	Response	10	4346578	10853	9
AV98LHJ	308	Picture	ITI	4365981	0	2	19057	3	0	18920
AV98LHJ	309	Picture	CueingCross	4385205	0	1	3009	2	0	2920
AV98LHJ	310	Picture	PrepTime	4388381	0	1	3009	2	0	2920
AV98LHJ	311	Picture	1_52_Encoding_Working_Memory_MEG_P5_LR_Salient_DoChange_CuedRetrieval_300_300_399_2000_3000_2250_gabor_patch_orientation_158_122_015_052_target_position_2_4_retrieval_position_4	4391557	0	2	1338	3	0	1250
AV98LHJ	311	Picture	Flicker2	4392895	1338	1	1337	2	1250	1250
AV98LHJ	311	Picture	Flicker3	4394232	2675	1	1337	2	2500	1250
AV98LHJ	312	Picture	Delay	4395736	0	2	20060	3	0	19920
AV98LHJ	313	Picture	1_52_Retrieval_Working_Memory_MEG_P5_LR_Salient_DoChange_CuedRetrieval_retrieval_patch_orientation_098_retrieval_position_4	4415963	0	1	30089	2	0	29920
AV98LHJ	313	Response	10	4437486	21523	4
AV98LHJ	313	Response	20	4440606	24643	3
AV98LHJ	313	Response	20	4443666	27703	3
AV98LHJ	314	Picture	ITI	4446220	0	1	22566	3	0	22420
AV98LHJ	315	Picture	CueingCross	4468954	0	1	3009	2	0	2920
AV98LHJ	316	Picture	PrepTime	4472130	0	1	3009	2	0	2920
AV98LHJ	317	Picture	1_53_Encoding_Working_Memory_MEG_P5_LR_Salient_NoChange_UncuedRetriev_300_300_399_1850_3000_2200_gabor_patch_orientation_048_171_093_066_target_position_1_4_retrieval_position_3	4475306	0	1	1337	2	0	1250
AV98LHJ	317	Picture	Flicker2	4476643	1337	1	1337	3	1250	1250
AV98LHJ	317	Picture	Flicker3	4477980	2674	2	1338	3	2500	1250
AV98LHJ	318	Picture	Delay	4479484	0	2	18556	3	0	18420
AV98LHJ	319	Picture	1_53_Retrieval_Working_Memory_MEG_P5_LR_Salient_NoChange_UncuedRetriev_retrieval_patch_orientation_093_retrieval_position_3	4498207	0	1	30089	2	0	29920
AV98LHJ	319	Response	20	4513755	15548	3
AV98LHJ	320	Picture	ITI	4528464	0	2	22065	3	0	21920
AV98LHJ	321	Picture	CueingCross	4550696	0	1	3009	2	0	2920
AV98LHJ	322	Picture	PrepTime	4553872	0	1	3009	2	0	2920
AV98LHJ	323	Picture	1_54_Encoding_Working_Memory_MEG_P5_LR_Salient_NoChange_CuedRetrieval_300_300_399_1750_3000_2600_gabor_patch_orientation_175_006_029_095_target_position_2_4_retrieval_position_4	4557048	0	2	1338	3	0	1250
AV98LHJ	323	Picture	Flicker2	4558386	1338	1	1337	2	1250	1250
AV98LHJ	323	Picture	Flicker3	4559723	2675	1	1337	3	2500	1250
AV98LHJ	324	Picture	Delay	4561227	0	2	17552	4	0	17420
AV98LHJ	325	Picture	1_54_Retrieval_Working_Memory_MEG_P5_LR_Salient_NoChange_CuedRetrieval_retrieval_patch_orientation_095_retrieval_position_4	4578947	0	1	30089	2	0	29920
AV98LHJ	325	Response	10	4592913	13966	4
AV98LHJ	326	Picture	ITI	4609203	0	1	26077	2	0	25920
AV98LHJ	327	Picture	CueingCross	4635448	0	1	3008	3	0	2920
AV98LHJ	328	Picture	PrepTime	4638624	0	1	3009	2	0	2920
AV98LHJ	329	Picture	1_55_Encoding_Working_Memory_MEG_P5_LR_Salient_DoChange_CuedRetrieval_300_300_399_2200_3000_2550_gabor_patch_orientation_151_082_036_121_target_position_3_4_retrieval_position_4	4641800	0	1	1337	2	0	1250
AV98LHJ	329	Picture	Flicker2	4643137	1337	1	1337	2	1250	1250
AV98LHJ	329	Picture	Flicker3	4644474	2674	1	1338	2	2500	1250
AV98LHJ	330	Picture	Delay	4645979	0	1	22065	2	0	21920
AV98LHJ	331	Picture	1_55_Retrieval_Working_Memory_MEG_P5_LR_Salient_DoChange_CuedRetrieval_retrieval_patch_orientation_169_retrieval_position_4	4668211	0	2	30090	3	0	29920
AV98LHJ	331	Response	10	4690992	22781	4
AV98LHJ	332	Picture	ITI	4698468	0	1	25576	2	0	25420
AV98LHJ	333	Picture	CueingCross	4724211	0	1	3009	2	0	2920
AV98LHJ	334	Picture	PrepTime	4727387	0	1	3009	2	0	2920
AV98LHJ	335	Picture	1_56_Encoding_Working_Memory_MEG_P5_LR_Salient_NoChange_CuedRetrieval_300_300_399_1900_3000_1900_gabor_patch_orientation_086_122_015_067_target_position_2_3_retrieval_position_3	4730563	0	1	1337	2	0	1250
AV98LHJ	335	Picture	Flicker2	4731900	1337	1	1338	2	1250	1250
AV98LHJ	335	Picture	Flicker3	4733238	2675	1	1337	2	2500	1250
AV98LHJ	336	Picture	Delay	4734742	0	1	19057	2	0	18920
AV98LHJ	337	Picture	1_56_Retrieval_Working_Memory_MEG_P5_LR_Salient_NoChange_CuedRetrieval_retrieval_patch_orientation_015_retrieval_position_3	4753966	0	1	30089	2	0	29920
AV98LHJ	337	Response	20	4774090	20124	4
AV98LHJ	338	Picture	ITI	4784222	0	1	19057	2	0	18920
AV98LHJ	339	Picture	CueingCross	4803446	0	1	3009	2	0	2920
AV98LHJ	340	Picture	PrepTime	4806622	0	1	3009	2	0	2920
AV98LHJ	341	Picture	1_57_Encoding_Working_Memory_MEG_P5_LR_Salient_DoChange_UncuedRetriev_300_300_399_1950_3000_2250_gabor_patch_orientation_091_139_026_176_target_position_1_4_retrieval_position_2	4809798	0	1	1337	3	0	1250
AV98LHJ	341	Picture	Flicker2	4811135	1337	2	1338	3	1250	1250
AV98LHJ	341	Picture	Flicker3	4812473	2675	1	1337	2	2500	1250
AV98LHJ	342	Picture	Delay	4813977	0	1	19558	2	0	19420
AV98LHJ	343	Picture	1_57_Retrieval_Working_Memory_MEG_P5_LR_Salient_DoChange_UncuedRetriev_retrieval_patch_orientation_002_retrieval_position_2	4833702	0	2	30090	3	0	29920
AV98LHJ	343	Response	10	4853119	19417	3
AV98LHJ	344	Picture	ITI	4863959	0	1	22567	2	0	22420
AV98LHJ	345	Picture	CueingCross	4886693	0	1	3009	2	0	2920
AV98LHJ	346	Picture	PrepTime	4889869	0	1	3009	2	0	2920
AV98LHJ	347	Picture	1_58_Encoding_Working_Memory_MEG_P5_LR_Salient_DoChange_CuedRetrieval_300_300_399_1950_3000_2150_gabor_patch_orientation_003_049_085_169_target_position_1_2_retrieval_position_1	4893045	0	1	1337	2	0	1250
AV98LHJ	347	Picture	Flicker2	4894382	1337	1	1338	2	1250	1250
AV98LHJ	347	Picture	Flicker3	4895720	2675	1	1336	3	2500	1250
AV98LHJ	348	Picture	Delay	4897224	0	1	19558	2	0	19420
AV98LHJ	349	Picture	1_58_Retrieval_Working_Memory_MEG_P5_LR_Salient_DoChange_CuedRetrieval_retrieval_patch_orientation_139_retrieval_position_1	4916949	0	2	30090	3	0	29920
AV98LHJ	349	Response	20	4928038	11089	3
AV98LHJ	350	Picture	ITI	4947206	0	1	21564	2	0	21420
AV98LHJ	351	Picture	CueingCross	4968937	0	1	3009	2	0	2920
AV98LHJ	352	Picture	PrepTime	4972113	0	2	3009	3	0	2920
AV98LHJ	353	Picture	1_59_Encoding_Working_Memory_MEG_P5_LR_Salient_NoChange_CuedRetrieval_300_300_399_2000_3000_2050_gabor_patch_orientation_055_126_092_008_target_position_1_4_retrieval_position_4	4975289	0	1	1337	3	0	1250
AV98LHJ	353	Picture	Flicker2	4976626	1337	2	1338	3	1250	1250
AV98LHJ	353	Picture	Flicker3	4977964	2675	1	1337	2	2500	1250
AV98LHJ	354	Picture	Delay	4979468	0	1	20060	2	0	19920
AV98LHJ	355	Picture	1_59_Retrieval_Working_Memory_MEG_P5_LR_Salient_NoChange_CuedRetrieval_retrieval_patch_orientation_008_retrieval_position_4	4999695	0	1	30089	2	0	29920
AV98LHJ	355	Response	10	5012386	12691	4
AV98LHJ	356	Picture	ITI	5029951	0	2	20561	3	0	20420
AV98LHJ	357	Picture	CueingCross	5050679	0	2	3009	4	0	2920
AV98LHJ	358	Picture	PrepTime	5053855	0	2	3009	4	0	2920
AV98LHJ	359	Picture	1_60_Encoding_Working_Memory_MEG_P5_LR_Salient_NoChange_CuedRetrieval_300_300_399_2250_3000_2050_gabor_patch_orientation_177_149_003_114_target_position_2_4_retrieval_position_4	5057032	0	1	1337	2	0	1250
AV98LHJ	359	Picture	Flicker2	5058369	1337	1	1337	2	1250	1250
AV98LHJ	359	Picture	Flicker3	5059706	2674	1	1337	3	2500	1250
AV98LHJ	360	Picture	Delay	5061211	0	1	22567	2	0	22420
AV98LHJ	361	Picture	1_60_Retrieval_Working_Memory_MEG_P5_LR_Salient_NoChange_CuedRetrieval_retrieval_patch_orientation_114_retrieval_position_4	5083945	0	1	30089	2	0	29920
AV98LHJ	361	Response	10	5094865	10920	3
AV98LHJ	362	Picture	ITI	5114201	0	1	20561	2	0	20420
AV98LHJ	363	Picture	CueingCross	5134929	0	2	3009	3	0	2920
AV98LHJ	364	Picture	PrepTime	5138105	0	2	3009	3	0	2920
AV98LHJ	365	Picture	1_61_Encoding_Working_Memory_MEG_P5_LR_Salient_NoChange_CuedRetrieval_300_300_399_1750_3000_2150_gabor_patch_orientation_164_097_059_120_target_position_2_3_retrieval_position_2	5141282	0	1	1337	2	0	1250
AV98LHJ	365	Picture	Flicker2	5142619	1337	1	1337	2	1250	1250
AV98LHJ	365	Picture	Flicker3	5143956	2674	1	1337	3	2500	1250
AV98LHJ	366	Picture	Delay	5145461	0	1	17552	2	0	17420
AV98LHJ	367	Picture	1_61_Retrieval_Working_Memory_MEG_P5_LR_Salient_NoChange_CuedRetrieval_retrieval_patch_orientation_097_retrieval_position_2	5163180	0	1	30089	2	0	29920
AV98LHJ	367	Response	10	5182563	19383	4
AV98LHJ	368	Picture	ITI	5193436	0	2	21564	3	0	21420
AV98LHJ	369	Picture	CueingCross	5215167	0	2	3009	3	0	2920
AV98LHJ	370	Picture	PrepTime	5218343	0	2	3009	4	0	2920
AV98LHJ	371	Picture	1_62_Encoding_Working_Memory_MEG_P5_LR_Salient_DoChange_UncuedRetriev_300_300_399_2250_3000_2000_gabor_patch_orientation_138_074_119_032_target_position_2_4_retrieval_position_1	5221520	0	1	1337	2	0	1250
AV98LHJ	371	Picture	Flicker2	5222857	1337	1	1337	2	1250	1250
AV98LHJ	371	Picture	Flicker3	5224194	2674	1	1337	3	2500	1250
AV98LHJ	372	Picture	Delay	5225698	0	2	22568	3	0	22420
AV98LHJ	373	Picture	1_62_Retrieval_Working_Memory_MEG_P5_LR_Salient_DoChange_UncuedRetriev_retrieval_patch_orientation_090_retrieval_position_1	5248433	0	1	30089	2	0	29920
AV98LHJ	373	Response	20	5265822	17389	3
AV98LHJ	374	Picture	ITI	5278689	0	1	20060	2	0	19920
AV98LHJ	375	Picture	CueingCross	5298916	0	1	3009	2	0	2920
AV98LHJ	376	Picture	PrepTime	5302092	0	1	3009	2	0	2920
AV98LHJ	377	Picture	1_63_Encoding_Working_Memory_MEG_P5_LR_Salient_DoChange_CuedRetrieval_300_300_399_1750_3000_2000_gabor_patch_orientation_098_171_009_038_target_position_1_4_retrieval_position_1	5305268	0	1	1337	2	0	1250
AV98LHJ	377	Picture	Flicker2	5306605	1337	1	1338	2	1250	1250
AV98LHJ	377	Picture	Flicker3	5307943	2675	1	1337	2	2500	1250
AV98LHJ	378	Picture	Delay	5309447	0	1	17552	2	0	17420
AV98LHJ	379	Picture	1_63_Retrieval_Working_Memory_MEG_P5_LR_Salient_DoChange_CuedRetrieval_retrieval_patch_orientation_145_retrieval_position_1	5327166	0	2	30090	3	0	29920
AV98LHJ	379	Response	20	5341890	14724	4
AV98LHJ	380	Picture	ITI	5357423	0	1	20059	2	0	19920
AV98LHJ	381	Picture	CueingCross	5377649	0	2	3009	3	0	2920
AV98LHJ	382	Picture	PrepTime	5380825	0	2	3009	4	0	2920
AV98LHJ	383	Picture	1_64_Encoding_Working_Memory_MEG_P5_LR_Salient_DoChange_CuedRetrieval_300_300_399_1850_3000_2250_gabor_patch_orientation_149_084_028_059_target_position_1_3_retrieval_position_3	5384002	0	1	1337	2	0	1250
AV98LHJ	383	Picture	Flicker2	5385339	1337	1	1337	2	1250	1250
AV98LHJ	383	Picture	Flicker3	5386676	2674	1	1337	3	2500	1250
AV98LHJ	384	Picture	Delay	5388181	0	1	18555	2	0	18420
AV98LHJ	385	Picture	1_64_Retrieval_Working_Memory_MEG_P5_LR_Salient_DoChange_CuedRetrieval_retrieval_patch_orientation_167_retrieval_position_3	5406903	0	1	30089	2	0	29920
AV98LHJ	385	Response	20	5418879	11976	4
AV98LHJ	386	Picture	ITI	5437159	0	2	22567	3	0	22420
AV98LHJ	387	Picture	CueingCross	5459893	0	2	3009	3	0	2920
AV98LHJ	388	Picture	PrepTime	5463069	0	2	3009	4	0	2920
AV98LHJ	389	Picture	1_65_Encoding_Working_Memory_MEG_P5_LR_Salient_DoChange_CuedRetrieval_300_300_399_1750_3000_2350_gabor_patch_orientation_014_039_097_127_target_position_2_4_retrieval_position_4	5466246	0	1	1337	2	0	1250
AV98LHJ	389	Picture	Flicker2	5467583	1337	1	1337	2	1250	1250
AV98LHJ	389	Picture	Flicker3	5468920	2674	1	1337	3	2500	1250
AV98LHJ	390	Picture	Delay	5470425	0	1	17552	2	0	17420
AV98LHJ	391	Picture	1_65_Retrieval_Working_Memory_MEG_P5_LR_Salient_DoChange_CuedRetrieval_retrieval_patch_orientation_080_retrieval_position_4	5488144	0	1	30089	2	0	29920
AV98LHJ	391	Response	10	5507227	19083	4
AV98LHJ	392	Picture	ITI	5518400	0	2	23570	3	0	23420
AV98LHJ	393	Picture	CueingCross	5542137	0	2	3009	3	0	2920
AV98LHJ	394	Picture	PrepTime	5545313	0	2	3009	3	0	2920
AV98LHJ	395	Picture	1_66_Encoding_Working_Memory_MEG_P5_LR_Salient_NoChange_CuedRetrieval_300_300_399_1800_3000_2100_gabor_patch_orientation_013_080_165_095_target_position_2_3_retrieval_position_2	5548490	0	1	1337	2	0	1250
AV98LHJ	395	Picture	Flicker2	5549827	1337	1	1337	2	1250	1250
AV98LHJ	395	Picture	Flicker3	5551164	2674	1	1337	3	2500	1250
AV98LHJ	396	Picture	Delay	5552669	0	1	18053	2	0	17920
AV98LHJ	397	Picture	1_66_Retrieval_Working_Memory_MEG_P5_LR_Salient_NoChange_CuedRetrieval_retrieval_patch_orientation_080_retrieval_position_2	5570889	0	2	30090	3	0	29920
AV98LHJ	397	Response	10	5582196	11307	4
AV98LHJ	398	Picture	ITI	5601146	0	1	21062	2	0	20920
AV98LHJ	399	Picture	CueingCross	5622375	0	2	3009	3	0	2920
AV98LHJ	400	Picture	PrepTime	5625552	0	1	3008	3	0	2920
AV98LHJ	401	Picture	1_67_Encoding_Working_Memory_MEG_P5_LR_Salient_DoChange_UncuedRetriev_300_300_399_2050_3000_1950_gabor_patch_orientation_159_044_007_095_target_position_2_4_retrieval_position_1	5628728	0	1	1337	2	0	1250
AV98LHJ	401	Picture	Flicker2	5630065	1337	1	1337	2	1250	1250
AV98LHJ	401	Picture	Flicker3	5631402	2674	1	1338	2	2500	1250
AV98LHJ	402	Picture	Delay	5632907	0	1	20561	2	0	20420
AV98LHJ	403	Picture	1_67_Retrieval_Working_Memory_MEG_P5_LR_Salient_DoChange_UncuedRetriev_retrieval_patch_orientation_114_retrieval_position_1	5653635	0	1	30089	2	0	29920
AV98LHJ	403	Response	10	5672155	18520	3
AV98LHJ	404	Picture	ITI	5683891	0	2	19558	3	0	19420
AV98LHJ	405	Picture	CueingCross	5703616	0	2	3009	3	0	2920
AV98LHJ	406	Picture	PrepTime	5706793	0	1	3008	3	0	2920
AV98LHJ	407	Picture	1_68_Encoding_Working_Memory_MEG_P5_LR_Salient_DoChange_CuedRetrieval_300_300_399_2000_3000_2300_gabor_patch_orientation_136_015_050_030_target_position_3_4_retrieval_position_3	5709969	0	1	1337	2	0	1250
AV98LHJ	407	Picture	Flicker2	5711306	1337	1	1337	2	1250	1250
AV98LHJ	407	Picture	Flicker3	5712643	2674	1	1338	2	2500	1250
AV98LHJ	408	Picture	Delay	5714148	0	1	20059	2	0	19920
AV98LHJ	409	Picture	1_68_Retrieval_Working_Memory_MEG_P5_LR_Salient_DoChange_CuedRetrieval_retrieval_patch_orientation_100_retrieval_position_3	5734374	0	2	30090	3	0	29920
AV98LHJ	409	Response	20	5743623	9249	4
AV98LHJ	410	Picture	ITI	5764631	0	1	23068	3	0	22920
AV98LHJ	411	Picture	CueingCross	5787866	0	2	3009	3	0	2920
AV98LHJ	412	Picture	PrepTime	5791042	0	2	3009	3	0	2920
AV98LHJ	413	Picture	1_69_Encoding_Working_Memory_MEG_P5_LR_Salient_NoChange_CuedRetrieval_300_300_399_2050_3000_2100_gabor_patch_orientation_145_162_085_117_target_position_2_4_retrieval_position_2	5794218	0	2	1338	3	0	1250
AV98LHJ	413	Picture	Flicker2	5795556	1338	1	1337	2	1250	1250
AV98LHJ	413	Picture	Flicker3	5796893	2675	1	1337	3	2500	1250
AV98LHJ	414	Picture	Delay	5798398	0	1	20561	2	0	20420
AV98LHJ	415	Picture	1_69_Retrieval_Working_Memory_MEG_P5_LR_Salient_NoChange_CuedRetrieval_retrieval_patch_orientation_162_retrieval_position_2	5819126	0	1	30089	2	0	29920
AV98LHJ	415	Response	10	5836112	16986	4
AV98LHJ	416	Picture	ITI	5849382	0	2	21063	3	0	20920
AV98LHJ	417	Picture	CueingCross	5870612	0	1	3009	2	0	2920
AV98LHJ	418	Picture	PrepTime	5873788	0	1	3009	2	0	2920
AV98LHJ	419	Picture	1_70_Encoding_Working_Memory_MEG_P5_LR_Salient_NoChange_UncuedRetriev_300_300_399_2150_3000_2000_gabor_patch_orientation_095_028_173_147_target_position_2_3_retrieval_position_4	5876964	0	1	1337	2	0	1250
AV98LHJ	419	Picture	Flicker2	5878301	1337	1	1338	2	1250	1250
AV98LHJ	419	Picture	Flicker3	5879639	2675	1	1337	2	2500	1250
AV98LHJ	420	Picture	Delay	5881143	0	1	21564	2	0	21420
AV98LHJ	421	Picture	1_70_Retrieval_Working_Memory_MEG_P5_LR_Salient_NoChange_UncuedRetriev_retrieval_patch_orientation_147_retrieval_position_4	5902874	0	2	30090	3	0	29920
AV98LHJ	421	Response	10	5927820	24946	4
AV98LHJ	422	Picture	ITI	5933131	0	1	20059	2	0	19920
AV98LHJ	423	Picture	BaselinePost	5953357	0	2	50149	3	0	50000
