Scenario - ATWM1_Working_Memory_MEG_nonsalient_uncued_instruction
Logfile written - 02/16/2016 13:08:49

Subject	Trial	Event Type	Code	Time	TTime	Uncertainty	Duration	Uncertainty	ReqTime	ReqDur

AV98LHJ	1	Picture	Instruction_NS_UC	29	0	1	100130	3	0	100000
AV98LHJ	2	Picture	Instruction2	100327	0	1	100130	2	0	100000
AV98LHJ	3	Picture	Instruction3	200624	0	1	12203	2	0	resp
AV98LHJ	3	Response	10	212794	12170	4
AV98LHJ	4	Picture	Instruction4	232887	0	1	6853	2	0	resp
AV98LHJ	4	Response	20	239564	6677	4
AV98LHJ	5	Picture	Instruction5	259633	0	1	2674	2	0	resp
AV98LHJ	5	Response	10	262254	2621	3
AV98LHJ	6	Picture	Instruction4	282367	0	1	2841	3	0	resp
AV98LHJ	6	Response	20	285093	2726	4
AV98LHJ	7	Picture	Instruction3	305268	0	1	5015	2	0	resp
AV98LHJ	7	Response	10	310123	4855	3
AV98LHJ	8	Picture	Instruction4	330175	0	1	6018	2	0	resp
AV98LHJ	8	Response	20	336072	5897	4
AV98LHJ	9	Picture	Instruction_NS_UC_TestTrials	356253	0	1	100130	2	0	100000
AV98LHJ	10	Picture	BaselinePre	456550	0	1	20060	2	0	20000
AV98LHJ	11	Picture	CueingCross	476777	0	1	3009	2	0	2920
AV98LHJ	12	Picture	PrepTime	479953	0	1	3009	2	0	2920
AV98LHJ	13	Picture	1_1_Encoding_Working_Memory_MEG_P5_LR_Nonsalient_NoChange_CuedRetrieval_300_300_399_1750_3000_1950_gabor_patch_orientation_163_129_001_073_target_position_3_4_retrieval_position_4	483129	0	1	1337	2	0	1250
AV98LHJ	13	Picture	Flicker2	484466	1337	1	1338	2	1250	1250
AV98LHJ	13	Picture	Flicker3	485804	2675	1	1337	2	2500	1250
AV98LHJ	14	Picture	Delay	487308	0	1	17552	2	0	17420
AV98LHJ	15	Picture	1_1_Retrieval_Working_Memory_MEG_P5_LR_Nonsalient_NoChange_CuedRetrieval_retrieval_patch_orientation_073_retrieval_position_4	505027	0	1	30090	2	0	29920
AV98LHJ	15	Response	20	527279	22252	3
AV98LHJ	16	Picture	ITI	555176	0	1	19558	2	0	19420
AV98LHJ	17	Picture	CueingCross	574901	0	1	3009	2	0	2920
AV98LHJ	18	Picture	PrepTime	578077	0	1	3009	2	0	2920
AV98LHJ	19	Picture	1_2_Encoding_Working_Memory_MEG_P5_LR_Nonsalient_NoChange_CuedRetrieval_300_300_399_1850_3000_2000_gabor_patch_orientation_178_114_138_061_target_position_2_3_retrieval_position_3	581253	0	2	1338	3	0	1250
AV98LHJ	19	Picture	Flicker2	582591	1338	1	1337	2	1250	1250
AV98LHJ	19	Picture	Flicker3	583928	2675	1	1337	2	2500	1250
AV98LHJ	20	Picture	Delay	585432	0	2	18555	4	0	18420
AV98LHJ	21	Picture	1_2_Retrieval_Working_Memory_MEG_P5_LR_Nonsalient_NoChange_CuedRetrieval_retrieval_patch_orientation_138_retrieval_position_3	604155	0	1	30089	2	0	29920
AV98LHJ	21	Response	20	627587	23432	4
AV98LHJ	22	Picture	ITI	654303	0	2	20060	3	0	19920
AV98LHJ	23	Picture	CueingCross	674530	0	1	3009	2	0	2920
AV98LHJ	24	Picture	PrepTime	677706	0	1	3009	2	0	2920
AV98LHJ	25	Picture	1_3_Encoding_Working_Memory_MEG_P5_LR_Nonsalient_DoChange_CuedRetrieval_300_300_399_1800_3000_2050_gabor_patch_orientation_173_143_053_106_target_position_1_4_retrieval_position_1	680882	0	2	1338	3	0	1250
AV98LHJ	25	Picture	Flicker2	682220	1338	1	1337	2	1250	1250
AV98LHJ	25	Picture	Flicker3	683557	2675	1	1337	2	2500	1250
AV98LHJ	26	Picture	Delay	685061	0	2	18054	3	0	17920
AV98LHJ	27	Picture	1_3_Retrieval_Working_Memory_MEG_P5_LR_Nonsalient_DoChange_CuedRetrieval_retrieval_patch_orientation_033_retrieval_position_1	703282	0	1	30089	2	0	29920
AV98LHJ	27	Response	20	714026	10744	3
AV98LHJ	28	Picture	ITI	753431	0	1	20561	2	0	20420
AV98LHJ	29	Picture	CueingCross	774159	0	1	3009	2	0	2920
AV98LHJ	30	Picture	PrepTime	777335	0	1	3009	2	0	2920
AV98LHJ	31	Picture	1_4_Encoding_Working_Memory_MEG_P5_LR_Nonsalient_DoChange_CuedRetrieval_300_300_399_1900_3000_1900_gabor_patch_orientation_151_133_073_102_target_position_1_4_retrieval_position_1	780511	0	1	1337	3	0	1250
AV98LHJ	31	Picture	Flicker2	781848	1337	2	1338	3	1250	1250
AV98LHJ	31	Picture	Flicker3	783186	2675	1	1337	2	2500	1250
AV98LHJ	32	Picture	Delay	784690	0	1	19057	2	0	18920
AV98LHJ	33	Picture	1_4_Retrieval_Working_Memory_MEG_P5_LR_Nonsalient_DoChange_CuedRetrieval_retrieval_patch_orientation_014_retrieval_position_1	803914	0	1	30089	2	0	29920
AV98LHJ	33	Response	20	812644	8730	4
AV98LHJ	34	Picture	ITI	854063	0	1	19056	2	0	18920
AV98LHJ	35	Picture	BaselinePost	873286	0	2	20060	3	0	20000
AV98LHJ	36	Picture	Instruction_NS_UC	893513	0	1	50149	2	0	50000
