Scenario - ATWM1_Working_Memory_MEG_nonsalient_uncued_instruction
Logfile written - 02/08/2016 20:00:54

Subject	Trial	Event Type	Code	Time	TTime	Uncertainty	Duration	Uncertainty	ReqTime	ReqDur

RA72WYU	1	Picture	Instruction_NS_UC	29	0	1	100130	2	0	100000
RA72WYU	2	Picture	Instruction2	100326	0	1	100130	2	0	100000
RA72WYU	3	Picture	Instruction3	200623	0	2	24740	3	0	resp
RA72WYU	3	Response	10	225204	24581	3
RA72WYU	4	Picture	Instruction4	245256	0	1	3844	3	0	resp
RA72WYU	4	Response	20	248983	3727	4
RA72WYU	5	Picture	Instruction5	269160	0	1	3176	2	0	resp
RA72WYU	5	Response	10	272203	3043	3
RA72WYU	6	Picture	Instruction4	292226	0	4	3178	5	0	resp
RA72WYU	6	Response	20	295302	3076	4
RA72WYU	7	Picture	Instruction3	315464	0	1	3009	2	0	resp
RA72WYU	7	Response	10	318442	2978	3
RA72WYU	8	Picture	Instruction4	338532	0	1	3343	2	0	resp
RA72WYU	8	Response	20	341791	3259	4
RA72WYU	9	Picture	Instruction_NS_UC_TestTrials	361935	0	1	100130	2	0	100000
RA72WYU	10	Picture	BaselinePre	462232	0	1	20059	2	0	20000
RA72WYU	11	Picture	CueingCross	482459	0	1	3008	2	0	2920
RA72WYU	12	Picture	PrepTime	485635	0	1	3008	3	0	2920
RA72WYU	13	Picture	1_1_Encoding_Working_Memory_MEG_Nonsalient_Uncued_NoChange_CuedRetrieval_300_300_399_1800_3000_2100_gabor_patch_orientation_160_054_028_144_target_position_1_3_retrieval_position_3	488811	0	1	1337	2	0	1250
RA72WYU	13	Picture	Flicker2	490148	1337	1	1337	2	1250	1250
RA72WYU	13	Picture	Flicker3	491485	2674	1	1338	2	2500	1250
RA72WYU	14	Picture	Delay	492990	0	1	18053	2	0	17920
RA72WYU	15	Picture	1_1_Retrieval_Working_Memory_MEG_Nonsalient_Uncued_NoChange_CuedRetrieval_retrieval_patch_orientation_028_retrieval_position_3	511210	0	2	30089	4	0	29920
RA72WYU	15	Response	10	526507	15297	4
RA72WYU	16	Picture	ITI	561359	0	1	21062	2	0	20920
RA72WYU	17	Picture	CueingCross	582588	0	2	3009	4	0	2920
RA72WYU	18	Picture	PrepTime	585765	0	1	3008	3	0	2920
RA72WYU	19	Picture	1_2_Encoding_Working_Memory_MEG_Nonsalient_Uncued_NoChange_CuedRetrieval_300_300_399_1900_3000_2150_gabor_patch_orientation_019_178_051_093_target_position_1_3_retrieval_position_3	588941	0	1	1337	2	0	1250
RA72WYU	19	Picture	Flicker2	590278	1337	1	1337	2	1250	1250
RA72WYU	19	Picture	Flicker3	591615	2674	1	1338	2	2500	1250
RA72WYU	20	Picture	Delay	593120	0	1	19056	2	0	18920
RA72WYU	21	Picture	1_2_Retrieval_Working_Memory_MEG_Nonsalient_Uncued_NoChange_CuedRetrieval_retrieval_patch_orientation_051_retrieval_position_3	612343	0	2	30089	4	0	29920
RA72WYU	21	Response	10	630255	17912	4
RA72WYU	22	Picture	ITI	662492	0	1	21564	2	0	21420
RA72WYU	23	Picture	CueingCross	684223	0	1	3009	2	0	2920
RA72WYU	24	Picture	PrepTime	687399	0	1	3009	2	0	2920
RA72WYU	25	Picture	1_3_Encoding_Working_Memory_MEG_Nonsalient_Uncued_DoChange_CuedRetrieval_300_300_399_1750_3000_2050_gabor_patch_orientation_032_051_016_079_target_position_1_3_retrieval_position_1	690575	0	1	1337	3	0	1250
RA72WYU	25	Picture	Flicker2	691912	1337	2	1337	5	1250	1250
RA72WYU	25	Picture	Flicker3	693249	2674	3	1338	4	2500	1250
RA72WYU	26	Picture	Delay	694754	0	1	17552	2	0	17420
RA72WYU	27	Picture	1_3_Retrieval_Working_Memory_MEG_Nonsalient_Uncued_DoChange_CuedRetrieval_retrieval_patch_orientation_168_retrieval_position_1	712473	0	2	30090	3	0	29920
RA72WYU	27	Response	20	726723	14250	4
RA72WYU	28	Picture	ITI	762622	0	1	20561	2	0	20420
RA72WYU	29	Picture	CueingCross	783350	0	1	3009	2	0	2920
RA72WYU	30	Picture	PrepTime	786526	0	1	3009	2	0	2920
RA72WYU	31	Picture	1_4_Encoding_Working_Memory_MEG_Nonsalient_Uncued_DoChange_CuedRetrieval_300_300_399_1850_3000_2000_gabor_patch_orientation_142_058_088_019_target_position_2_3_retrieval_position_2	789702	0	1	1337	3	0	1250
RA72WYU	31	Picture	Flicker2	791039	1337	2	1338	3	1250	1250
RA72WYU	31	Picture	Flicker3	792377	2675	1	1337	2	2500	1250
RA72WYU	32	Picture	Delay	793881	0	2	18555	3	0	18420
RA72WYU	33	Picture	1_4_Retrieval_Working_Memory_MEG_Nonsalient_Uncued_DoChange_CuedRetrieval_retrieval_patch_orientation_106_retrieval_position_2	812603	0	2	30090	3	0	29920
RA72WYU	33	Response	20	827341	14738	4
RA72WYU	34	Picture	ITI	862752	0	1	20059	3	0	19920
RA72WYU	35	Picture	BaselinePost	882979	0	1	20059	2	0	20000
RA72WYU	36	Picture	Instruction_NS_UC	903205	0	1	50358	2	0	3000000
RA72WYU	36	Quit		945698	42493	
