Scenario - ATWM1_Working_Memory_MEG_salient_cued_run2
Logfile written - 02/08/2016 19:31:07

Subject	Trial	Event Type	Code	Time	TTime	Uncertainty	Duration	Uncertainty	ReqTime	ReqDur

RA72WYU	1	Picture	ExpStart	29	0	1	10030	2	0	10000
RA72WYU	2	Picture	BaselinePre	10226	0	1	100130	2	0	100000
RA72WYU	3	Picture	CueingCross	110523	0	1	3009	2	0	2920
RA72WYU	4	Picture	PrepTime	113699	0	1	3009	2	0	2920
RA72WYU	5	Picture	2_1_Encoding_Working_Memory_MEG_Salient_Cued_DoChange_CuedRetrieval_300_300_399_2200_3000_2100_gabor_patch_orientation_115_149_097_040_target_position_2_3_retrieval_position_2	116875	0	1	1338	2	0	1250
RA72WYU	5	Picture	Flicker2	118213	1338	1	1337	2	1250	1250
RA72WYU	5	Picture	Flicker3	119550	2675	1	1337	2	2500	1250
RA72WYU	6	Picture	Delay	121054	0	2	22066	3	0	21920
RA72WYU	7	Picture	2_1_Retrieval_Working_Memory_MEG_Salient_Cued_DoChange_CuedRetrieval_retrieval_patch_orientation_009_retrieval_position_2	143287	0	1	30089	2	0	29920
RA72WYU	7	Response	20	165733	22446	5
RA72WYU	8	Picture	ITI	173543	0	1	21063	2	0	20920
RA72WYU	9	Picture	CueingCross	194773	0	1	3009	2	0	2920
RA72WYU	10	Picture	PrepTime	197949	0	1	3009	2	0	2920
RA72WYU	11	Picture	2_2_Encoding_Working_Memory_MEG_Salient_Cued_DoChange_CuedRetrieval_300_300_399_2150_3000_2500_gabor_patch_orientation_152_045_074_179_target_position_2_3_retrieval_position_2	201125	0	1	1337	2	0	1250
RA72WYU	11	Picture	Flicker2	202462	1337	1	1338	2	1250	1250
RA72WYU	11	Picture	Flicker3	203800	2675	1	1337	2	2500	1250
RA72WYU	12	Picture	Delay	205304	0	1	21564	2	0	21420
RA72WYU	13	Picture	2_2_Retrieval_Working_Memory_MEG_Salient_Cued_DoChange_CuedRetrieval_retrieval_patch_orientation_091_retrieval_position_2	227035	0	1	30089	2	0	29920
RA72WYU	13	Response	20	240462	13427	3
RA72WYU	14	Picture	ITI	257291	0	2	25075	3	0	24920
RA72WYU	15	Picture	CueingCross	282533	0	1	3009	2	0	2920
RA72WYU	16	Picture	PrepTime	285709	0	1	3009	2	0	2920
RA72WYU	17	Picture	2_3_Encoding_Working_Memory_MEG_Salient_Cued_NoChange_CuedRetrieval_300_300_399_1900_3000_2200_gabor_patch_orientation_147_059_089_029_target_position_2_4_retrieval_position_2	288885	0	1	1337	2	0	1250
RA72WYU	17	Picture	Flicker2	290222	1337	1	1338	2	1250	1250
RA72WYU	17	Picture	Flicker3	291560	2675	1	1337	2	2500	1250
RA72WYU	18	Picture	Delay	293064	0	1	19057	2	0	18920
RA72WYU	19	Picture	2_3_Retrieval_Working_Memory_MEG_Salient_Cued_NoChange_CuedRetrieval_retrieval_patch_orientation_059_retrieval_position_2	312288	0	1	30089	3	0	29920
RA72WYU	19	Response	10	327810	15522	4
RA72WYU	20	Picture	ITI	342544	0	1	22065	2	0	21920
RA72WYU	21	Picture	CueingCross	364777	0	1	3008	3	0	2920
RA72WYU	22	Picture	PrepTime	367953	0	1	3008	3	0	2920
RA72WYU	23	Picture	2_4_Encoding_Working_Memory_MEG_Salient_Cued_NoChange_UncuedRetriev_300_300_399_2050_3000_2150_gabor_patch_orientation_025_131_152_086_target_position_2_3_retrieval_position_1	371129	0	1	1337	2	0	1250
RA72WYU	23	Picture	Flicker2	372466	1337	1	1337	2	1250	1250
RA72WYU	23	Picture	Flicker3	373803	2674	1	1338	2	2500	1250
RA72WYU	24	Picture	Delay	375308	0	1	20561	2	0	20420
RA72WYU	25	Picture	2_4_Retrieval_Working_Memory_MEG_Salient_Cued_NoChange_UncuedRetriev_retrieval_patch_orientation_025_retrieval_position_1	396036	0	1	30089	2	0	29920
RA72WYU	25	Response	10	412198	16162	4
RA72WYU	26	Picture	ITI	426292	0	1	21564	2	0	21420
RA72WYU	27	Picture	CueingCross	448023	0	1	3009	2	0	2920
RA72WYU	28	Picture	PrepTime	451199	0	2	3009	3	0	2920
RA72WYU	29	Picture	2_5_Encoding_Working_Memory_MEG_Salient_Cued_DoChange_CuedRetrieval_300_300_399_1850_3000_2450_gabor_patch_orientation_088_011_127_066_target_position_1_2_retrieval_position_1	454375	0	2	1338	3	0	1250
RA72WYU	29	Picture	Flicker2	455713	1338	1	1337	2	1250	1250
RA72WYU	29	Picture	Flicker3	457050	2675	1	1337	2	2500	1250
RA72WYU	30	Picture	Delay	458554	0	2	18555	3	0	18420
RA72WYU	31	Picture	2_5_Retrieval_Working_Memory_MEG_Salient_Cued_DoChange_CuedRetrieval_retrieval_patch_orientation_039_retrieval_position_1	477277	0	1	30088	3	0	29920
RA72WYU	31	Response	10	499356	22079	4
RA72WYU	32	Picture	ITI	507533	0	1	24573	2	0	24420
RA72WYU	33	Picture	CueingCross	532273	0	1	3009	2	0	2920
RA72WYU	34	Picture	PrepTime	535449	0	1	3009	2	0	2920
RA72WYU	35	Picture	2_6_Encoding_Working_Memory_MEG_Salient_Cued_NoChange_CuedRetrieval_300_300_399_1850_3000_2200_gabor_patch_orientation_068_105_053_132_target_position_2_4_retrieval_position_4	538625	0	1	1337	2	0	1250
RA72WYU	35	Picture	Flicker2	539962	1337	1	1338	2	1250	1250
RA72WYU	35	Picture	Flicker3	541300	2675	1	1337	2	2500	1250
RA72WYU	36	Picture	Delay	542804	0	1	18555	2	0	18420
RA72WYU	37	Picture	2_6_Retrieval_Working_Memory_MEG_Salient_Cued_NoChange_CuedRetrieval_retrieval_patch_orientation_132_retrieval_position_4	561526	0	1	30089	2	0	29920
RA72WYU	37	Response	10	574075	12549	3
RA72WYU	38	Picture	ITI	591782	0	2	22066	3	0	21920
RA72WYU	39	Picture	CueingCross	614015	0	1	3009	2	0	2920
RA72WYU	40	Picture	PrepTime	617191	0	1	3009	2	0	2920
RA72WYU	41	Picture	2_7_Encoding_Working_Memory_MEG_Salient_Cued_DoChange_CuedRetrieval_300_300_399_2100_3000_2400_gabor_patch_orientation_021_149_040_060_target_position_1_4_retrieval_position_4	620367	0	1	1337	3	0	1250
RA72WYU	41	Picture	Flicker2	621704	1337	2	1338	3	1250	1250
RA72WYU	41	Picture	Flicker3	623042	2675	1	1337	2	2500	1250
RA72WYU	42	Picture	Delay	624546	0	2	21063	3	0	20920
RA72WYU	43	Picture	2_7_Retrieval_Working_Memory_MEG_Salient_Cued_DoChange_CuedRetrieval_retrieval_patch_orientation_110_retrieval_position_4	645776	0	2	30089	3	0	29920
RA72WYU	43	Response	10	669093	23317	3
RA72WYU	44	Picture	ITI	676032	0	1	24071	3	0	23920
RA72WYU	45	Picture	CueingCross	700271	0	1	3009	2	0	2920
RA72WYU	46	Picture	PrepTime	703447	0	1	3009	2	0	2920
RA72WYU	47	Picture	2_8_Encoding_Working_Memory_MEG_Salient_Cued_DoChange_CuedRetrieval_300_300_399_2150_3000_2050_gabor_patch_orientation_143_163_086_105_target_position_2_4_retrieval_position_2	706623	0	1	1337	2	0	1250
RA72WYU	47	Picture	Flicker2	707960	1337	1	1337	3	1250	1250
RA72WYU	47	Picture	Flicker3	709297	2674	2	1338	3	2500	1250
RA72WYU	48	Picture	Delay	710802	0	1	21564	2	0	21420
RA72WYU	49	Picture	2_8_Retrieval_Working_Memory_MEG_Salient_Cued_DoChange_CuedRetrieval_retrieval_patch_orientation_027_retrieval_position_2	732533	0	1	30089	2	0	29920
RA72WYU	49	Response	20	753951	21418	4
RA72WYU	50	Picture	ITI	762789	0	2	20561	3	0	20420
RA72WYU	51	Picture	CueingCross	783517	0	2	3009	3	0	2920
RA72WYU	52	Picture	PrepTime	786693	0	2	3009	3	0	2920
RA72WYU	53	Picture	2_9_Encoding_Working_Memory_MEG_Salient_Cued_DoChange_CuedRetrieval_300_300_399_2200_3000_2400_gabor_patch_orientation_169_149_062_092_target_position_1_2_retrieval_position_1	789869	0	2	1338	3	0	1250
RA72WYU	53	Picture	Flicker2	791207	1338	1	1337	2	1250	1250
RA72WYU	53	Picture	Flicker3	792544	2675	1	1337	3	2500	1250
RA72WYU	54	Picture	Delay	794049	0	1	22065	2	0	21920
RA72WYU	55	Picture	2_9_Retrieval_Working_Memory_MEG_Salient_Cued_DoChange_CuedRetrieval_retrieval_patch_orientation_030_retrieval_position_1	816281	0	1	30089	2	0	29920
RA72WYU	55	Response	20	830629	14348	4
RA72WYU	56	Picture	ITI	846537	0	2	24072	3	0	23920
RA72WYU	57	Picture	CueingCross	870776	0	1	3009	2	0	2920
RA72WYU	58	Picture	PrepTime	873952	0	1	3009	2	0	2920
RA72WYU	59	Picture	2_10_Encoding_Working_Memory_MEG_Salient_Cued_DoChange_UncuedRetriev_300_300_399_2050_3000_2100_gabor_patch_orientation_009_168_092_140_target_position_3_4_retrieval_position_2	877128	0	1	1337	2	0	1250
RA72WYU	59	Picture	Flicker2	878465	1337	1	1338	2	1250	1250
RA72WYU	59	Picture	Flicker3	879803	2675	1	1337	2	2500	1250
RA72WYU	60	Picture	Delay	881307	0	1	20561	2	0	20420
RA72WYU	61	Picture	2_10_Retrieval_Working_Memory_MEG_Salient_Cued_DoChange_UncuedRetriev_retrieval_patch_orientation_032_retrieval_position_2	902035	0	1	30089	2	0	29920
RA72WYU	61	Response	20	927937	25902	4
RA72WYU	62	Picture	ITI	932291	0	2	21063	3	0	20920
RA72WYU	63	Picture	CueingCross	953521	0	1	3009	2	0	2920
RA72WYU	64	Picture	PrepTime	956697	0	1	3009	2	0	2920
RA72WYU	65	Picture	2_11_Encoding_Working_Memory_MEG_Salient_Cued_NoChange_CuedRetrieval_300_300_399_1800_3000_2100_gabor_patch_orientation_064_019_036_109_target_position_2_4_retrieval_position_4	959873	0	1	1338	2	0	1250
RA72WYU	65	Picture	Flicker2	961211	1338	1	1337	2	1250	1250
RA72WYU	65	Picture	Flicker3	962548	2675	1	1337	2	2500	1250
RA72WYU	66	Picture	Delay	964052	0	2	18054	3	0	17920
RA72WYU	67	Picture	2_11_Retrieval_Working_Memory_MEG_Salient_Cued_NoChange_CuedRetrieval_retrieval_patch_orientation_109_retrieval_position_4	982273	0	1	30089	2	0	29920
RA72WYU	67	Response	10	1005216	22943	3
RA72WYU	68	Picture	ITI	1012529	0	2	21063	3	0	20920
RA72WYU	69	Picture	CueingCross	1033759	0	1	3009	2	0	2920
RA72WYU	70	Picture	PrepTime	1036935	0	1	3009	2	0	2920
RA72WYU	71	Picture	2_12_Encoding_Working_Memory_MEG_Salient_Cued_NoChange_CuedRetrieval_300_300_399_1800_3000_2150_gabor_patch_orientation_167_111_083_136_target_position_3_4_retrieval_position_4	1040111	0	1	1337	2	0	1250
RA72WYU	71	Picture	Flicker2	1041448	1337	1	1338	2	1250	1250
RA72WYU	71	Picture	Flicker3	1042786	2675	1	1337	2	2500	1250
RA72WYU	72	Picture	Delay	1044290	0	1	18054	2	0	17920
RA72WYU	73	Picture	2_12_Retrieval_Working_Memory_MEG_Salient_Cued_NoChange_CuedRetrieval_retrieval_patch_orientation_136_retrieval_position_4	1062511	0	1	30089	2	0	29920
RA72WYU	73	Response	10	1084314	21803	4
RA72WYU	74	Picture	ITI	1092767	0	1	21564	2	0	21420
RA72WYU	75	Picture	CueingCross	1114498	0	1	3009	2	0	2920
RA72WYU	76	Picture	PrepTime	1117674	0	1	3009	2	0	2920
RA72WYU	77	Picture	2_13_Encoding_Working_Memory_MEG_Salient_Cued_DoChange_CuedRetrieval_300_300_399_1800_3000_2150_gabor_patch_orientation_058_179_016_074_target_position_1_2_retrieval_position_2	1120850	0	1	1338	2	0	1250
RA72WYU	77	Picture	Flicker2	1122188	1338	1	1337	2	1250	1250
RA72WYU	77	Picture	Flicker3	1123525	2675	1	1337	2	2500	1250
RA72WYU	78	Picture	Delay	1125029	0	2	18054	3	0	17920
RA72WYU	79	Picture	2_13_Retrieval_Working_Memory_MEG_Salient_Cued_DoChange_CuedRetrieval_retrieval_patch_orientation_042_retrieval_position_2	1143250	0	1	30089	2	0	29920
RA72WYU	79	Response	20	1157233	13983	3
RA72WYU	80	Picture	ITI	1173506	0	2	21564	3	0	21420
RA72WYU	81	Picture	CueingCross	1195237	0	2	3009	3	0	2920
RA72WYU	82	Picture	PrepTime	1198413	0	2	3009	3	0	2920
RA72WYU	83	Picture	2_14_Encoding_Working_Memory_MEG_Salient_Cued_NoChange_CuedRetrieval_300_300_399_1850_3000_2050_gabor_patch_orientation_141_029_106_173_target_position_1_3_retrieval_position_3	1201589	0	2	1338	3	0	1250
RA72WYU	83	Picture	Flicker2	1202927	1338	1	1337	2	1250	1250
RA72WYU	83	Picture	Flicker3	1204264	2675	1	1337	2	2500	1250
RA72WYU	84	Picture	Delay	1205769	0	1	18554	3	0	18420
RA72WYU	85	Picture	2_14_Retrieval_Working_Memory_MEG_Salient_Cued_NoChange_CuedRetrieval_retrieval_patch_orientation_106_retrieval_position_3	1224491	0	1	30089	2	0	29920
RA72WYU	85	Response	10	1241911	17420	3
RA72WYU	86	Picture	ITI	1254747	0	1	20561	2	0	20420
RA72WYU	87	Picture	CueingCross	1275475	0	1	3009	2	0	2920
RA72WYU	88	Picture	PrepTime	1278651	0	2	3009	3	0	2920
RA72WYU	89	Picture	2_15_Encoding_Working_Memory_MEG_Salient_Cued_DoChange_CuedRetrieval_300_300_399_1950_3000_2000_gabor_patch_orientation_012_055_036_161_target_position_1_2_retrieval_position_2	1281827	0	1	1338	2	0	1250
RA72WYU	89	Picture	Flicker2	1283165	1338	1	1337	2	1250	1250
RA72WYU	89	Picture	Flicker3	1284502	2675	1	1337	2	2500	1250
RA72WYU	90	Picture	Delay	1286006	0	2	19558	3	0	19420
RA72WYU	91	Picture	2_15_Retrieval_Working_Memory_MEG_Salient_Cued_DoChange_CuedRetrieval_retrieval_patch_orientation_100_retrieval_position_2	1305731	0	2	30090	3	0	29920
RA72WYU	91	Response	20	1330639	24908	4
RA72WYU	92	Picture	ITI	1335988	0	1	20059	2	0	19920
RA72WYU	93	Picture	CueingCross	1356214	0	2	3009	3	0	2920
RA72WYU	94	Picture	PrepTime	1359390	0	2	3009	3	0	2920
RA72WYU	95	Picture	2_16_Encoding_Working_Memory_MEG_Salient_Cued_NoChange_CuedRetrieval_300_300_399_1750_3000_2450_gabor_patch_orientation_078_102_051_123_target_position_1_4_retrieval_position_4	1362566	0	2	1338	3	0	1250
RA72WYU	95	Picture	Flicker2	1363904	1338	1	1337	2	1250	1250
RA72WYU	95	Picture	Flicker3	1365241	2675	1	1337	2	2500	1250
RA72WYU	96	Picture	Delay	1366745	0	2	17553	3	0	17420
RA72WYU	97	Picture	2_16_Retrieval_Working_Memory_MEG_Salient_Cued_NoChange_CuedRetrieval_retrieval_patch_orientation_123_retrieval_position_4	1384465	0	1	30089	2	0	29920
RA72WYU	97	Response	10	1407427	22962	4
RA72WYU	98	Picture	ITI	1414721	0	1	24573	2	0	24420
RA72WYU	99	Picture	CueingCross	1439461	0	1	3009	2	0	2920
RA72WYU	100	Picture	PrepTime	1442637	0	1	3009	2	0	2920
RA72WYU	101	Picture	2_17_Encoding_Working_Memory_MEG_Salient_Cued_DoChange_UncuedRetriev_300_300_399_1800_3000_2150_gabor_patch_orientation_012_143_126_086_target_position_3_4_retrieval_position_1	1445813	0	1	1337	3	0	1250
RA72WYU	101	Picture	Flicker2	1447150	1337	2	1338	3	1250	1250
RA72WYU	101	Picture	Flicker3	1448488	2675	1	1337	2	2500	1250
RA72WYU	102	Picture	Delay	1449992	0	1	18054	2	0	17920
RA72WYU	103	Picture	2_17_Retrieval_Working_Memory_MEG_Salient_Cued_DoChange_UncuedRetriev_retrieval_patch_orientation_058_retrieval_position_1	1468213	0	1	30089	2	0	29920
RA72WYU	103	Response	10	1486376	18163	3
RA72WYU	104	Picture	ITI	1498469	0	1	21563	4	0	21420
RA72WYU	105	Picture	CueingCross	1520200	0	2	3009	3	0	2920
RA72WYU	106	Picture	PrepTime	1523376	0	2	3009	3	0	2920
RA72WYU	107	Picture	2_18_Encoding_Working_Memory_MEG_Salient_Cued_NoChange_CuedRetrieval_300_300_399_1950_3000_2350_gabor_patch_orientation_106_066_155_127_target_position_1_4_retrieval_position_4	1526551	0	3	1339	4	0	1250
RA72WYU	107	Picture	Flicker2	1527890	1339	1	1337	2	1250	1250
RA72WYU	107	Picture	Flicker3	1529227	2676	1	1337	2	2500	1250
RA72WYU	108	Picture	Delay	1530731	0	2	19558	4	0	19420
RA72WYU	109	Picture	2_18_Retrieval_Working_Memory_MEG_Salient_Cued_NoChange_CuedRetrieval_retrieval_patch_orientation_127_retrieval_position_4	1550457	0	1	30089	2	0	29920
RA72WYU	109	Response	10	1572414	21957	4
RA72WYU	110	Picture	ITI	1580713	0	1	23570	2	0	23420
RA72WYU	111	Picture	CueingCross	1604450	0	1	3009	2	0	2920
RA72WYU	112	Picture	PrepTime	1607626	0	1	3009	2	0	2920
RA72WYU	113	Picture	2_19_Encoding_Working_Memory_MEG_Salient_Cued_DoChange_CuedRetrieval_300_300_399_1950_3000_2300_gabor_patch_orientation_007_060_037_079_target_position_1_3_retrieval_position_1	1610802	0	1	1337	2	0	1250
RA72WYU	113	Picture	Flicker2	1612139	1337	1	1338	2	1250	1250
RA72WYU	113	Picture	Flicker3	1613477	2675	1	1337	2	2500	1250
RA72WYU	114	Picture	Delay	1614981	0	1	19558	2	0	19420
RA72WYU	115	Picture	2_19_Retrieval_Working_Memory_MEG_Salient_Cued_DoChange_CuedRetrieval_retrieval_patch_orientation_145_retrieval_position_1	1634706	0	1	30089	2	0	29920
RA72WYU	115	Response	20	1647972	13266	4
RA72WYU	116	Picture	ITI	1664962	0	2	23069	3	0	22920
RA72WYU	117	Picture	CueingCross	1688198	0	1	3009	2	0	2920
RA72WYU	118	Picture	PrepTime	1691374	0	1	3009	2	0	2920
RA72WYU	119	Picture	2_20_Encoding_Working_Memory_MEG_Salient_Cued_NoChange_CuedRetrieval_300_300_399_1900_3000_2200_gabor_patch_orientation_093_159_118_042_target_position_2_3_retrieval_position_3	1694550	0	1	1337	3	0	1250
RA72WYU	119	Picture	Flicker2	1695887	1337	2	1338	3	1250	1250
RA72WYU	119	Picture	Flicker3	1697225	2675	1	1337	2	2500	1250
RA72WYU	120	Picture	Delay	1698729	0	1	19057	2	0	18920
RA72WYU	121	Picture	2_20_Retrieval_Working_Memory_MEG_Salient_Cued_NoChange_CuedRetrieval_retrieval_patch_orientation_118_retrieval_position_3	1717953	0	1	30089	2	0	29920
RA72WYU	121	Response	10	1730141	12188	3
RA72WYU	122	Picture	ITI	1748209	0	1	22066	2	0	21920
RA72WYU	123	Picture	CueingCross	1770442	0	1	3009	2	0	2920
RA72WYU	124	Picture	PrepTime	1773618	0	1	3009	2	0	2920
RA72WYU	125	Picture	2_21_Encoding_Working_Memory_MEG_Salient_Cued_NoChange_CuedRetrieval_300_300_399_1800_3000_2300_gabor_patch_orientation_037_018_106_178_target_position_3_4_retrieval_position_3	1776794	0	1	1337	2	0	1250
RA72WYU	125	Picture	Flicker2	1778131	1337	1	1337	3	1250	1250
RA72WYU	125	Picture	Flicker3	1779468	2674	2	1338	3	2500	1250
RA72WYU	126	Picture	Delay	1780973	0	1	18053	2	0	17920
RA72WYU	127	Picture	2_21_Retrieval_Working_Memory_MEG_Salient_Cued_NoChange_CuedRetrieval_retrieval_patch_orientation_106_retrieval_position_3	1799194	0	1	30089	2	0	29920
RA72WYU	127	Response	10	1823949	24755	3
RA72WYU	128	Picture	ITI	1829450	0	1	23068	2	0	22920
RA72WYU	129	Picture	CueingCross	1852685	0	2	3009	3	0	2920
RA72WYU	130	Picture	PrepTime	1855861	0	2	3009	3	0	2920
RA72WYU	131	Picture	2_22_Encoding_Working_Memory_MEG_Salient_Cued_DoChange_CuedRetrieval_300_300_399_1900_3000_2000_gabor_patch_orientation_172_135_002_018_target_position_2_4_retrieval_position_2	1859038	0	1	1337	2	0	1250
RA72WYU	131	Picture	Flicker2	1860375	1337	1	1337	2	1250	1250
RA72WYU	131	Picture	Flicker3	1861712	2674	1	1337	3	2500	1250
RA72WYU	132	Picture	Delay	1863217	0	1	19056	2	0	18920
RA72WYU	133	Picture	2_22_Retrieval_Working_Memory_MEG_Salient_Cued_DoChange_CuedRetrieval_retrieval_patch_orientation_087_retrieval_position_2	1882440	0	1	30089	2	0	29920
RA72WYU	133	Response	20	1897917	15477	4
RA72WYU	134	Picture	ITI	1912696	0	2	20060	3	0	19920
RA72WYU	135	Picture	CueingCross	1932923	0	1	3009	2	0	2920
RA72WYU	136	Picture	PrepTime	1936099	0	1	3009	2	0	2920
RA72WYU	137	Picture	2_23_Encoding_Working_Memory_MEG_Salient_Cued_DoChange_UncuedRetriev_300_300_399_2100_3000_2050_gabor_patch_orientation_165_097_047_025_target_position_2_3_retrieval_position_1	1939275	0	2	1338	3	0	1250
RA72WYU	137	Picture	Flicker2	1940613	1338	1	1337	2	1250	1250
RA72WYU	137	Picture	Flicker3	1941950	2675	1	1337	2	2500	1250
RA72WYU	138	Picture	Delay	1943454	0	2	21063	3	0	20920
RA72WYU	139	Picture	2_23_Retrieval_Working_Memory_MEG_Salient_Cued_DoChange_UncuedRetriev_retrieval_patch_orientation_115_retrieval_position_1	1964684	0	1	30089	2	0	29920
RA72WYU	139	Response	10	1983785	19101	4
RA72WYU	140	Picture	ITI	1994940	0	2	20561	3	0	20420
RA72WYU	141	Picture	CueingCross	2015668	0	2	3009	3	0	2920
RA72WYU	142	Picture	PrepTime	2018844	0	2	3009	3	0	2920
RA72WYU	143	Picture	2_24_Encoding_Working_Memory_MEG_Salient_Cued_DoChange_CuedRetrieval_300_300_399_2050_3000_2450_gabor_patch_orientation_159_094_178_029_target_position_1_2_retrieval_position_1	2022020	0	2	1338	3	0	1250
RA72WYU	143	Picture	Flicker2	2023358	1338	1	1337	2	1250	1250
RA72WYU	143	Picture	Flicker3	2024695	2675	1	1337	2	2500	1250
RA72WYU	144	Picture	Delay	2026200	0	1	20560	3	0	20420
RA72WYU	145	Picture	2_24_Retrieval_Working_Memory_MEG_Salient_Cued_DoChange_CuedRetrieval_retrieval_patch_orientation_110_retrieval_position_1	2046928	0	1	30089	2	0	29920
RA72WYU	145	Response	20	2071594	24666	3
RA72WYU	146	Picture	ITI	2077184	0	1	24573	2	0	24420
RA72WYU	147	Picture	CueingCross	2101924	0	1	3009	2	0	2920
RA72WYU	148	Picture	PrepTime	2105100	0	1	3009	2	0	2920
RA72WYU	149	Picture	2_25_Encoding_Working_Memory_MEG_Salient_Cued_NoChange_CuedRetrieval_300_300_399_1850_3000_2150_gabor_patch_orientation_144_077_031_120_target_position_2_3_retrieval_position_3	2108276	0	1	1337	2	0	1250
RA72WYU	149	Picture	Flicker2	2109613	1337	1	1338	2	1250	1250
RA72WYU	149	Picture	Flicker3	2110951	2675	1	1337	2	2500	1250
RA72WYU	150	Picture	Delay	2112455	0	1	18555	2	0	18420
RA72WYU	151	Picture	2_25_Retrieval_Working_Memory_MEG_Salient_Cued_NoChange_CuedRetrieval_retrieval_patch_orientation_031_retrieval_position_3	2131177	0	1	30089	3	0	29920
RA72WYU	151	Response	10	2146232	15055	4
RA72WYU	152	Picture	ITI	2161434	0	1	21563	3	0	21420
RA72WYU	153	Picture	CueingCross	2183165	0	1	3009	2	0	2920
RA72WYU	154	Picture	PrepTime	2186341	0	1	3009	2	0	2920
RA72WYU	155	Picture	2_26_Encoding_Working_Memory_MEG_Salient_Cued_NoChange_CuedRetrieval_300_300_399_2250_3000_2050_gabor_patch_orientation_179_141_009_032_target_position_2_4_retrieval_position_2	2189517	0	1	1337	2	0	1250
RA72WYU	155	Picture	Flicker2	2190854	1337	1	1337	2	1250	1250
RA72WYU	155	Picture	Flicker3	2192191	2674	1	1338	2	2500	1250
RA72WYU	156	Picture	Delay	2193696	0	1	22567	2	0	22420
RA72WYU	157	Picture	2_26_Retrieval_Working_Memory_MEG_Salient_Cued_NoChange_CuedRetrieval_retrieval_patch_orientation_141_retrieval_position_2	2216430	0	1	30089	2	0	29920
RA72WYU	157	Response	10	2229780	13350	4
RA72WYU	158	Picture	ITI	2246686	0	1	20561	2	0	20420
RA72WYU	159	Picture	CueingCross	2267414	0	1	3009	2	0	2920
RA72WYU	160	Picture	PrepTime	2270590	0	2	3009	3	0	2920
RA72WYU	161	Picture	2_27_Encoding_Working_Memory_MEG_Salient_Cued_DoChange_CuedRetrieval_300_300_399_1850_3000_2250_gabor_patch_orientation_015_150_040_126_target_position_1_3_retrieval_position_1	2273766	0	2	1338	3	0	1250
RA72WYU	161	Picture	Flicker2	2275104	1338	1	1337	2	1250	1250
RA72WYU	161	Picture	Flicker3	2276441	2675	1	1337	3	2500	1250
RA72WYU	162	Picture	Delay	2277945	0	2	18555	4	0	18420
RA72WYU	163	Picture	2_27_Retrieval_Working_Memory_MEG_Salient_Cued_DoChange_CuedRetrieval_retrieval_patch_orientation_060_retrieval_position_1	2296668	0	1	30089	2	0	29920
RA72WYU	163	Response	10	2311769	15101	3
RA72WYU	164	Picture	ITI	2326924	0	1	22567	2	0	22420
RA72WYU	165	Picture	CueingCross	2349658	0	1	3009	2	0	2920
RA72WYU	166	Picture	PrepTime	2352834	0	1	3009	2	0	2920
RA72WYU	167	Picture	2_28_Encoding_Working_Memory_MEG_Salient_Cued_DoChange_UncuedRetriev_300_300_399_2250_3000_2400_gabor_patch_orientation_164_059_083_134_target_position_3_4_retrieval_position_2	2356010	0	1	1337	3	0	1250
RA72WYU	167	Picture	Flicker2	2357347	1337	2	1338	3	1250	1250
RA72WYU	167	Picture	Flicker3	2358685	2675	1	1337	2	2500	1250
RA72WYU	168	Picture	Delay	2360189	0	1	22567	2	0	22420
RA72WYU	169	Picture	2_28_Retrieval_Working_Memory_MEG_Salient_Cued_DoChange_UncuedRetriev_retrieval_patch_orientation_109_retrieval_position_2	2382923	0	1	30089	2	0	29920
RA72WYU	169	Response	20	2397917	14994	4
RA72WYU	170	Picture	ITI	2413179	0	2	24072	3	0	23920
RA72WYU	171	Picture	CueingCross	2437418	0	1	3009	2	0	2920
RA72WYU	172	Picture	PrepTime	2440594	0	1	3009	2	0	2920
RA72WYU	173	Picture	2_29_Encoding_Working_Memory_MEG_Salient_Cued_NoChange_CuedRetrieval_300_300_399_2200_3000_2100_gabor_patch_orientation_109_042_072_020_target_position_1_2_retrieval_position_2	2443770	0	1	1337	3	0	1250
RA72WYU	173	Picture	Flicker2	2445107	1337	2	1338	3	1250	1250
RA72WYU	173	Picture	Flicker3	2446445	2675	1	1337	2	2500	1250
RA72WYU	174	Picture	Delay	2447949	0	1	22066	2	0	21920
RA72WYU	175	Picture	2_29_Retrieval_Working_Memory_MEG_Salient_Cued_NoChange_CuedRetrieval_retrieval_patch_orientation_042_retrieval_position_2	2470182	0	1	30089	2	0	29920
RA72WYU	175	Response	10	2486875	16693	4
RA72WYU	176	Picture	ITI	2500438	0	1	21062	3	0	20920
RA72WYU	177	Picture	CueingCross	2521668	0	1	3009	2	0	2920
RA72WYU	178	Picture	PrepTime	2524843	0	2	3010	3	0	2920
RA72WYU	179	Picture	2_30_Encoding_Working_Memory_MEG_Salient_Cued_DoChange_CuedRetrieval_300_300_399_2250_3000_2250_gabor_patch_orientation_098_170_024_134_target_position_1_3_retrieval_position_1	2528020	0	1	1337	2	0	1250
RA72WYU	179	Picture	Flicker2	2529357	1337	1	1337	2	1250	1250
RA72WYU	179	Picture	Flicker3	2530694	2674	1	1338	2	2500	1250
RA72WYU	180	Picture	Delay	2532199	0	1	22567	2	0	22420
RA72WYU	181	Picture	2_30_Retrieval_Working_Memory_MEG_Salient_Cued_DoChange_CuedRetrieval_retrieval_patch_orientation_048_retrieval_position_1	2554933	0	1	30089	2	0	29920
RA72WYU	181	Response	10	2567493	12560	4
RA72WYU	182	Picture	ITI	2585189	0	1	22567	2	0	22420
RA72WYU	183	Picture	CueingCross	2607923	0	1	3009	2	0	2920
RA72WYU	184	Picture	PrepTime	2611099	0	2	3009	3	0	2920
RA72WYU	185	Picture	2_31_Encoding_Working_Memory_MEG_Salient_Cued_NoChange_UncuedRetriev_300_300_399_1900_3000_2150_gabor_patch_orientation_092_011_051_125_target_position_2_3_retrieval_position_1	2614275	0	2	1338	3	0	1250
RA72WYU	185	Picture	Flicker2	2615613	1338	1	1337	2	1250	1250
RA72WYU	185	Picture	Flicker3	2616950	2675	1	1337	2	2500	1250
RA72WYU	186	Picture	Delay	2618454	0	2	19057	3	0	18920
RA72WYU	187	Picture	2_31_Retrieval_Working_Memory_MEG_Salient_Cued_NoChange_UncuedRetriev_retrieval_patch_orientation_092_retrieval_position_1	2637678	0	1	30089	2	0	29920
RA72WYU	187	Response	20	2662971	25293	4
RA72WYU	188	Picture	ITI	2667934	0	2	21564	3	0	21420
RA72WYU	189	Picture	CueingCross	2689665	0	2	3009	3	0	2920
RA72WYU	190	Picture	PrepTime	2692841	0	2	3009	3	0	2920
RA72WYU	191	Picture	2_32_Encoding_Working_Memory_MEG_Salient_Cued_NoChange_CuedRetrieval_300_300_399_2000_3000_2200_gabor_patch_orientation_096_143_166_030_target_position_2_3_retrieval_position_3	2696018	0	1	1337	2	0	1250
RA72WYU	191	Picture	Flicker2	2697355	1337	1	1337	2	1250	1250
RA72WYU	191	Picture	Flicker3	2698692	2674	1	1337	3	2500	1250
RA72WYU	192	Picture	Delay	2700197	0	1	20059	2	0	19920
RA72WYU	193	Picture	2_32_Retrieval_Working_Memory_MEG_Salient_Cued_NoChange_CuedRetrieval_retrieval_patch_orientation_166_retrieval_position_3	2720423	0	1	30089	2	0	29920
RA72WYU	193	Response	10	2734870	14447	3
RA72WYU	194	Picture	ITI	2750679	0	2	22066	3	0	21920
RA72WYU	195	Picture	CueingCross	2772912	0	1	3009	2	0	2920
RA72WYU	196	Picture	PrepTime	2776088	0	1	3009	2	0	2920
RA72WYU	197	Picture	2_33_Encoding_Working_Memory_MEG_Salient_Cued_NoChange_CuedRetrieval_300_300_399_1850_3000_2350_gabor_patch_orientation_070_151_043_024_target_position_2_3_retrieval_position_2	2779264	0	1	1338	2	0	1250
RA72WYU	197	Picture	Flicker2	2780602	1338	1	1337	2	1250	1250
RA72WYU	197	Picture	Flicker3	2781939	2675	1	1337	2	2500	1250
RA72WYU	198	Picture	Delay	2783443	0	2	18555	3	0	18420
RA72WYU	199	Picture	2_33_Retrieval_Working_Memory_MEG_Salient_Cued_NoChange_CuedRetrieval_retrieval_patch_orientation_151_retrieval_position_2	2802165	0	2	30090	3	0	29920
RA72WYU	199	Response	10	2822668	20503	4
RA72WYU	200	Picture	ITI	2832422	0	1	23570	2	0	23420
RA72WYU	201	Picture	CueingCross	2856159	0	1	3009	2	0	2920
RA72WYU	202	Picture	PrepTime	2859335	0	1	3009	2	0	2920
RA72WYU	203	Picture	2_34_Encoding_Working_Memory_MEG_Salient_Cued_NoChange_CuedRetrieval_300_300_399_2050_3000_2050_gabor_patch_orientation_021_069_092_153_target_position_2_3_retrieval_position_3	2862511	0	1	1337	2	0	1250
RA72WYU	203	Picture	Flicker2	2863848	1337	1	1337	3	1250	1250
RA72WYU	203	Picture	Flicker3	2865185	2674	2	1338	3	2500	1250
RA72WYU	204	Picture	Delay	2866690	0	1	20561	2	0	20420
RA72WYU	205	Picture	2_34_Retrieval_Working_Memory_MEG_Salient_Cued_NoChange_CuedRetrieval_retrieval_patch_orientation_092_retrieval_position_3	2887418	0	1	30089	2	0	29920
RA72WYU	205	Response	10	2901896	14478	4
RA72WYU	206	Picture	ITI	2917674	0	2	20561	3	0	20420
RA72WYU	207	Picture	CueingCross	2938402	0	2	3009	3	0	2920
RA72WYU	208	Picture	PrepTime	2941578	0	2	3009	3	0	2920
RA72WYU	209	Picture	2_35_Encoding_Working_Memory_MEG_Salient_Cued_NoChange_CuedRetrieval_300_300_399_1750_3000_2450_gabor_patch_orientation_061_151_045_101_target_position_3_4_retrieval_position_3	2944755	0	1	1337	2	0	1250
RA72WYU	209	Picture	Flicker2	2946092	1337	1	1337	2	1250	1250
RA72WYU	209	Picture	Flicker3	2947429	2674	1	1337	3	2500	1250
RA72WYU	210	Picture	Delay	2948933	0	2	17553	3	0	17420
RA72WYU	211	Picture	2_35_Retrieval_Working_Memory_MEG_Salient_Cued_NoChange_CuedRetrieval_retrieval_patch_orientation_045_retrieval_position_3	2966653	0	1	30089	2	0	29920
RA72WYU	211	Response	10	2987775	21122	3
RA72WYU	212	Picture	ITI	2996909	0	1	24573	2	0	24420
RA72WYU	213	Picture	CueingCross	3021649	0	1	3009	2	0	2920
RA72WYU	214	Picture	PrepTime	3024825	0	1	3009	2	0	2920
RA72WYU	215	Picture	2_36_Encoding_Working_Memory_MEG_Salient_Cued_NoChange_UncuedRetriev_300_300_399_1850_3000_2100_gabor_patch_orientation_177_143_038_056_target_position_1_2_retrieval_position_4	3028001	0	1	1337	3	0	1250
RA72WYU	215	Picture	Flicker2	3029338	1337	2	1338	3	1250	1250
RA72WYU	215	Picture	Flicker3	3030676	2675	1	1337	2	2500	1250
RA72WYU	216	Picture	Delay	3032180	0	1	18555	2	0	18420
RA72WYU	217	Picture	2_36_Retrieval_Working_Memory_MEG_Salient_Cued_NoChange_UncuedRetriev_retrieval_patch_orientation_056_retrieval_position_4	3050902	0	2	30090	3	0	29920
RA72WYU	217	Response	20	3069033	18131	3
RA72WYU	218	Picture	ITI	3081159	0	1	21062	2	0	20920
RA72WYU	219	Picture	CueingCross	3102388	0	1	3009	2	0	2920
RA72WYU	220	Picture	PrepTime	3105564	0	3	3009	4	0	2920
RA72WYU	221	Picture	2_37_Encoding_Working_Memory_MEG_Salient_Cued_NoChange_CuedRetrieval_300_300_399_1950_3000_2200_gabor_patch_orientation_086_127_101_058_target_position_1_3_retrieval_position_1	3108740	0	2	1338	3	0	1250
RA72WYU	221	Picture	Flicker2	3110078	1338	1	1337	2	1250	1250
RA72WYU	221	Picture	Flicker3	3111415	2675	1	1337	2	2500	1250
RA72WYU	222	Picture	Delay	3112919	0	2	19558	4	0	19420
RA72WYU	223	Picture	2_37_Retrieval_Working_Memory_MEG_Salient_Cued_NoChange_CuedRetrieval_retrieval_patch_orientation_086_retrieval_position_1	3132645	0	1	30089	2	0	29920
RA72WYU	223	Response	10	3143171	10526	4
RA72WYU	224	Picture	ITI	3162901	0	1	22065	2	0	21920
RA72WYU	225	Picture	CueingCross	3185133	0	2	3009	3	0	2920
RA72WYU	226	Picture	PrepTime	3188309	0	2	3009	4	0	2920
RA72WYU	227	Picture	2_38_Encoding_Working_Memory_MEG_Salient_Cued_NoChange_CuedRetrieval_300_300_399_2000_3000_2000_gabor_patch_orientation_047_027_011_084_target_position_3_4_retrieval_position_4	3191486	0	1	1337	2	0	1250
RA72WYU	227	Picture	Flicker2	3192823	1337	1	1337	2	1250	1250
RA72WYU	227	Picture	Flicker3	3194160	2674	1	1337	3	2500	1250
RA72WYU	228	Picture	Delay	3195665	0	1	20059	2	0	19920
RA72WYU	229	Picture	2_38_Retrieval_Working_Memory_MEG_Salient_Cued_NoChange_CuedRetrieval_retrieval_patch_orientation_084_retrieval_position_4	3215891	0	2	30089	4	0	29920
RA72WYU	229	Response	10	3227090	11199	3
RA72WYU	230	Picture	ITI	3246148	0	1	20059	2	0	19920
RA72WYU	231	Picture	CueingCross	3266374	0	1	3009	2	0	2920
RA72WYU	232	Picture	PrepTime	3269550	0	1	3009	2	0	2920
RA72WYU	233	Picture	2_39_Encoding_Working_Memory_MEG_Salient_Cued_DoChange_CuedRetrieval_300_300_399_2150_3000_2000_gabor_patch_orientation_065_096_045_179_target_position_1_4_retrieval_position_1	3272726	0	2	1338	3	0	1250
RA72WYU	233	Picture	Flicker2	3274064	1338	1	1337	2	1250	1250
RA72WYU	233	Picture	Flicker3	3275401	2675	1	1337	2	2500	1250
RA72WYU	234	Picture	Delay	3276905	0	2	21564	3	0	21420
RA72WYU	235	Picture	2_39_Retrieval_Working_Memory_MEG_Salient_Cued_DoChange_CuedRetrieval_retrieval_patch_orientation_113_retrieval_position_1	3298636	0	2	30090	3	0	29920
RA72WYU	235	Response	20	3313098	14462	3
RA72WYU	236	Picture	ITI	3328893	0	1	20059	2	0	19920
RA72WYU	237	Picture	CueingCross	3349119	0	2	3009	3	0	2920
RA72WYU	238	Picture	PrepTime	3352295	0	2	3009	3	0	2920
RA72WYU	239	Picture	2_40_Encoding_Working_Memory_MEG_Salient_Cued_NoChange_UncuedRetriev_300_300_399_1750_3000_2300_gabor_patch_orientation_049_094_159_177_target_position_3_4_retrieval_position_2	3355471	0	2	1338	3	0	1250
RA72WYU	239	Picture	Flicker2	3356809	1338	1	1337	2	1250	1250
RA72WYU	239	Picture	Flicker3	3358146	2675	1	1337	2	2500	1250
RA72WYU	240	Picture	Delay	3359650	0	2	17552	4	0	17420
RA72WYU	241	Picture	2_40_Retrieval_Working_Memory_MEG_Salient_Cued_NoChange_UncuedRetriev_retrieval_patch_orientation_094_retrieval_position_2	3377370	0	1	30089	2	0	29920
RA72WYU	241	Response	10	3403396	26026	4
RA72WYU	242	Picture	ITI	3407626	0	1	23068	2	0	22920
RA72WYU	243	Picture	CueingCross	3430862	0	1	3008	3	0	2920
RA72WYU	244	Picture	PrepTime	3434038	0	1	3009	2	0	2920
RA72WYU	245	Picture	2_41_Encoding_Working_Memory_MEG_Salient_Cued_NoChange_CuedRetrieval_300_300_399_2100_3000_2300_gabor_patch_orientation_095_125_151_171_target_position_1_4_retrieval_position_4	3437214	0	1	1337	2	0	1250
RA72WYU	245	Picture	Flicker2	3438551	1337	1	1337	2	1250	1250
RA72WYU	245	Picture	Flicker3	3439888	2674	1	1338	2	2500	1250
RA72WYU	246	Picture	Delay	3441393	0	1	21062	2	0	20920
RA72WYU	247	Picture	2_41_Retrieval_Working_Memory_MEG_Salient_Cued_NoChange_CuedRetrieval_retrieval_patch_orientation_171_retrieval_position_4	3462622	0	2	30089	4	0	29920
RA72WYU	247	Response	10	3484614	21992	4
RA72WYU	248	Picture	ITI	3492879	0	1	23068	2	0	22920
RA72WYU	249	Picture	CueingCross	3516114	0	1	3009	2	0	2920
RA72WYU	250	Picture	PrepTime	3519290	0	1	3009	2	0	2920
RA72WYU	251	Picture	2_42_Encoding_Working_Memory_MEG_Salient_Cued_NoChange_CuedRetrieval_300_300_399_1900_3000_2500_gabor_patch_orientation_097_067_015_177_target_position_1_3_retrieval_position_1	3522466	0	2	1338	3	0	1250
RA72WYU	251	Picture	Flicker2	3523804	1338	1	1337	2	1250	1250
RA72WYU	251	Picture	Flicker3	3525141	2675	1	1337	2	2500	1250
RA72WYU	252	Picture	Delay	3526645	0	2	19057	3	0	18920
RA72WYU	253	Picture	2_42_Retrieval_Working_Memory_MEG_Salient_Cued_NoChange_CuedRetrieval_retrieval_patch_orientation_097_retrieval_position_1	3545869	0	1	30089	2	0	29920
RA72WYU	253	Response	10	3556763	10894	3
RA72WYU	254	Picture	ITI	3576125	0	2	25075	3	0	24920
RA72WYU	255	Picture	CueingCross	3601367	0	1	3009	2	0	2920
RA72WYU	256	Picture	PrepTime	3604543	0	1	3009	2	0	2920
RA72WYU	257	Picture	2_43_Encoding_Working_Memory_MEG_Salient_Cued_NoChange_CuedRetrieval_300_300_399_2150_3000_2000_gabor_patch_orientation_118_090_034_010_target_position_1_2_retrieval_position_2	3607719	0	1	1337	2	0	1250
RA72WYU	257	Picture	Flicker2	3609056	1337	1	1337	3	1250	1250
RA72WYU	257	Picture	Flicker3	3610393	2674	2	1338	3	2500	1250
RA72WYU	258	Picture	Delay	3611898	0	1	21564	2	0	21420
RA72WYU	259	Picture	2_43_Retrieval_Working_Memory_MEG_Salient_Cued_NoChange_CuedRetrieval_retrieval_patch_orientation_090_retrieval_position_2	3633629	0	1	30089	2	0	29920
RA72WYU	259	Response	10	3644041	10412	4
RA72WYU	260	Picture	ITI	3663885	0	2	20060	3	0	19920
RA72WYU	261	Picture	CueingCross	3684112	0	1	3009	2	0	2920
RA72WYU	262	Picture	PrepTime	3687288	0	1	3009	2	0	2920
RA72WYU	263	Picture	2_44_Encoding_Working_Memory_MEG_Salient_Cued_NoChange_CuedRetrieval_300_300_399_2000_3000_2500_gabor_patch_orientation_093_165_057_078_target_position_2_3_retrieval_position_3	3690464	0	1	1337	2	0	1250
RA72WYU	263	Picture	Flicker2	3691801	1337	1	1338	2	1250	1250
RA72WYU	263	Picture	Flicker3	3693139	2675	1	1337	2	2500	1250
RA72WYU	264	Picture	Delay	3694643	0	1	20060	2	0	19920
RA72WYU	265	Picture	2_44_Retrieval_Working_Memory_MEG_Salient_Cued_NoChange_CuedRetrieval_retrieval_patch_orientation_057_retrieval_position_3	3714870	0	1	30088	3	0	29920
RA72WYU	265	Response	10	3735199	20329	4
RA72WYU	266	Picture	ITI	3745126	0	1	25074	2	0	24920
RA72WYU	267	Picture	CueingCross	3770367	0	2	3009	3	0	2920
RA72WYU	268	Picture	PrepTime	3773543	0	2	3009	4	0	2920
RA72WYU	269	Picture	2_45_Encoding_Working_Memory_MEG_Salient_Cued_DoChange_CuedRetrieval_300_300_399_2050_3000_2400_gabor_patch_orientation_154_044_089_113_target_position_3_4_retrieval_position_4	3776720	0	1	1337	2	0	1250
RA72WYU	269	Picture	Flicker2	3778057	1337	1	1337	2	1250	1250
RA72WYU	269	Picture	Flicker3	3779394	2674	1	1337	3	2500	1250
RA72WYU	270	Picture	Delay	3780899	0	1	20561	2	0	20420
RA72WYU	271	Picture	2_45_Retrieval_Working_Memory_MEG_Salient_Cued_DoChange_CuedRetrieval_retrieval_patch_orientation_064_retrieval_position_4	3801627	0	1	30089	2	0	29920
RA72WYU	271	Response	20	3814807	13180	4
RA72WYU	272	Picture	ITI	3831883	0	1	24071	2	0	23920
RA72WYU	273	Picture	CueingCross	3856122	0	1	3008	3	0	2920
RA72WYU	274	Picture	PrepTime	3859298	0	1	3009	2	0	2920
RA72WYU	275	Picture	2_46_Encoding_Working_Memory_MEG_Salient_Cued_NoChange_CuedRetrieval_300_300_399_1750_3000_2350_gabor_patch_orientation_075_153_042_017_target_position_1_2_retrieval_position_2	3862474	0	1	1337	2	0	1250
RA72WYU	275	Picture	Flicker2	3863811	1337	1	1337	2	1250	1250
RA72WYU	275	Picture	Flicker3	3865148	2674	1	1338	2	2500	1250
RA72WYU	276	Picture	Delay	3866653	0	1	17552	2	0	17420
RA72WYU	277	Picture	2_46_Retrieval_Working_Memory_MEG_Salient_Cued_NoChange_CuedRetrieval_retrieval_patch_orientation_153_retrieval_position_2	3884372	0	1	30089	2	0	29920
RA72WYU	277	Response	20	3897536	13164	3
RA72WYU	278	Picture	ITI	3914628	0	2	23570	3	0	23420
RA72WYU	279	Picture	CueingCross	3938365	0	1	3009	2	0	2920
RA72WYU	280	Picture	PrepTime	3941541	0	2	3009	3	0	2920
RA72WYU	281	Picture	2_47_Encoding_Working_Memory_MEG_Salient_Cued_DoChange_CuedRetrieval_300_300_399_1900_3000_2050_gabor_patch_orientation_018_127_101_070_target_position_2_3_retrieval_position_2	3944717	0	2	1338	3	0	1250
RA72WYU	281	Picture	Flicker2	3946055	1338	1	1337	2	1250	1250
RA72WYU	281	Picture	Flicker3	3947392	2675	1	1337	2	2500	1250
RA72WYU	282	Picture	Delay	3948896	0	2	19057	3	0	18920
RA72WYU	283	Picture	2_47_Retrieval_Working_Memory_MEG_Salient_Cued_DoChange_CuedRetrieval_retrieval_patch_orientation_176_retrieval_position_2	3968120	0	1	30089	2	0	29920
RA72WYU	283	Response	10	3991754	23634	3
RA72WYU	284	Picture	ITI	3998376	0	2	20561	3	0	20420
RA72WYU	285	Picture	CueingCross	4019104	0	2	3009	3	0	2920
RA72WYU	286	Picture	PrepTime	4022280	0	2	3009	3	0	2920
RA72WYU	287	Picture	2_48_Encoding_Working_Memory_MEG_Salient_Cued_DoChange_UncuedRetriev_300_300_399_2250_3000_2450_gabor_patch_orientation_155_104_129_173_target_position_3_4_retrieval_position_1	4025457	0	1	1337	2	0	1250
RA72WYU	287	Picture	Flicker2	4026794	1337	1	1337	2	1250	1250
RA72WYU	287	Picture	Flicker3	4028131	2674	1	1337	3	2500	1250
RA72WYU	288	Picture	Delay	4029636	0	1	22566	3	0	22420
RA72WYU	289	Picture	2_48_Retrieval_Working_Memory_MEG_Salient_Cued_DoChange_UncuedRetriev_retrieval_patch_orientation_017_retrieval_position_1	4052370	0	1	30089	2	0	29920
RA72WYU	289	Response	10	4080162	27792	3
RA72WYU	290	Picture	ITI	4082626	0	1	24573	2	0	24420
RA72WYU	291	Picture	CueingCross	4107366	0	1	3009	2	0	2920
RA72WYU	292	Picture	PrepTime	4110542	0	1	3009	2	0	2920
RA72WYU	293	Picture	2_49_Encoding_Working_Memory_MEG_Salient_Cued_NoChange_CuedRetrieval_300_300_399_2000_3000_2500_gabor_patch_orientation_025_050_104_163_target_position_1_2_retrieval_position_1	4113718	0	1	1337	2	0	1250
RA72WYU	293	Picture	Flicker2	4115055	1337	1	1338	2	1250	1250
RA72WYU	293	Picture	Flicker3	4116393	2675	1	1337	2	2500	1250
RA72WYU	294	Picture	Delay	4117897	0	1	20060	2	0	19920
RA72WYU	295	Picture	2_49_Retrieval_Working_Memory_MEG_Salient_Cued_NoChange_CuedRetrieval_retrieval_patch_orientation_025_retrieval_position_1	4138124	0	1	30089	2	0	29920
RA72WYU	295	Response	10	4148161	10037	3
RA72WYU	296	Picture	ITI	4168380	0	1	25074	2	0	24920
RA72WYU	297	Picture	CueingCross	4193621	0	2	3009	3	0	2920
RA72WYU	298	Picture	PrepTime	4196798	0	1	3008	3	0	2920
RA72WYU	299	Picture	2_50_Encoding_Working_Memory_MEG_Salient_Cued_DoChange_CuedRetrieval_300_300_399_2100_3000_2450_gabor_patch_orientation_164_013_078_044_target_position_2_3_retrieval_position_3	4199974	0	1	1337	2	0	1250
RA72WYU	299	Picture	Flicker2	4201311	1337	1	1337	2	1250	1250
RA72WYU	299	Picture	Flicker3	4202648	2674	1	1338	2	2500	1250
RA72WYU	300	Picture	Delay	4204153	0	1	21062	2	0	20920
RA72WYU	301	Picture	2_50_Retrieval_Working_Memory_MEG_Salient_Cued_DoChange_CuedRetrieval_retrieval_patch_orientation_125_retrieval_position_3	4225382	0	2	30089	3	0	29920
RA72WYU	301	Response	20	4244648	19266	4
RA72WYU	302	Picture	ITI	4255639	0	1	24572	2	0	24420
RA72WYU	303	Picture	CueingCross	4280379	0	1	3008	3	0	2920
RA72WYU	304	Picture	PrepTime	4283555	0	1	3008	3	0	2920
RA72WYU	305	Picture	2_51_Encoding_Working_Memory_MEG_Salient_Cued_DoChange_CuedRetrieval_300_300_399_1750_3000_2300_gabor_patch_orientation_069_008_033_142_target_position_2_3_retrieval_position_2	4286731	0	1	1337	2	0	1250
RA72WYU	305	Picture	Flicker2	4288068	1337	1	1337	2	1250	1250
RA72WYU	305	Picture	Flicker3	4289405	2674	1	1338	2	2500	1250
RA72WYU	306	Picture	Delay	4290910	0	1	17552	2	0	17420
RA72WYU	307	Picture	2_51_Retrieval_Working_Memory_MEG_Salient_Cued_DoChange_CuedRetrieval_retrieval_patch_orientation_053_retrieval_position_2	4308629	0	1	30089	3	0	29920
RA72WYU	307	Response	20	4337267	28638	3
RA72WYU	308	Picture	ITI	4338885	0	2	23069	3	0	22920
RA72WYU	309	Picture	CueingCross	4362121	0	1	3009	2	0	2920
RA72WYU	310	Picture	PrepTime	4365297	0	1	3009	2	0	2920
RA72WYU	311	Picture	2_52_Encoding_Working_Memory_MEG_Salient_Cued_DoChange_CuedRetrieval_300_300_399_1800_3000_2250_gabor_patch_orientation_123_101_155_047_target_position_3_4_retrieval_position_3	4368473	0	1	1337	2	0	1250
RA72WYU	311	Picture	Flicker2	4369810	1337	1	1337	3	1250	1250
RA72WYU	311	Picture	Flicker3	4371147	2674	2	1338	3	2500	1250
RA72WYU	312	Picture	Delay	4372652	0	1	18053	3	0	17920
RA72WYU	313	Picture	2_52_Retrieval_Working_Memory_MEG_Salient_Cued_DoChange_CuedRetrieval_retrieval_patch_orientation_017_retrieval_position_3	4390872	0	2	30090	3	0	29920
RA72WYU	313	Response	10	4416255	25383	4
RA72WYU	314	Picture	ITI	4421129	0	1	22567	2	0	22420
RA72WYU	315	Picture	CueingCross	4443863	0	1	3009	2	0	2920
RA72WYU	316	Picture	PrepTime	4447039	0	1	3009	2	0	2920
RA72WYU	317	Picture	2_53_Encoding_Working_Memory_MEG_Salient_Cued_NoChange_UncuedRetriev_300_300_399_1800_3000_2000_gabor_patch_orientation_054_007_081_039_target_position_1_4_retrieval_position_3	4450215	0	1	1337	2	0	1250
RA72WYU	317	Picture	Flicker2	4451552	1337	1	1337	3	1250	1250
RA72WYU	317	Picture	Flicker3	4452889	2674	2	1338	3	2500	1250
RA72WYU	318	Picture	Delay	4454394	0	1	18053	3	0	17920
RA72WYU	319	Picture	2_53_Retrieval_Working_Memory_MEG_Salient_Cued_NoChange_UncuedRetriev_retrieval_patch_orientation_081_retrieval_position_3	4472615	0	1	30089	2	0	29920
RA72WYU	319	Response	10	4485633	13018	4
RA72WYU	320	Picture	ITI	4502871	0	1	20060	2	0	19920
RA72WYU	321	Picture	CueingCross	4523098	0	1	3009	2	0	2920
RA72WYU	322	Picture	PrepTime	4526274	0	1	3009	2	0	2920
RA72WYU	323	Picture	2_54_Encoding_Working_Memory_MEG_Salient_Cued_DoChange_CuedRetrieval_300_300_399_2200_3000_2250_gabor_patch_orientation_148_038_166_060_target_position_2_4_retrieval_position_2	4529450	0	1	1337	2	0	1250
RA72WYU	323	Picture	Flicker2	4530787	1337	1	1337	3	1250	1250
RA72WYU	323	Picture	Flicker3	4532124	2674	2	1338	3	2500	1250
RA72WYU	324	Picture	Delay	4533629	0	1	22065	2	0	21920
RA72WYU	325	Picture	2_54_Retrieval_Working_Memory_MEG_Salient_Cued_DoChange_CuedRetrieval_retrieval_patch_orientation_083_retrieval_position_2	4555861	0	2	30090	3	0	29920
RA72WYU	325	Response	20	4582031	26170	4
RA72WYU	326	Picture	ITI	4586118	0	1	22567	2	0	22420
RA72WYU	327	Picture	CueingCross	4608852	0	1	3009	2	0	2920
RA72WYU	328	Picture	PrepTime	4612028	0	1	3009	2	0	2920
RA72WYU	329	Picture	2_55_Encoding_Working_Memory_MEG_Salient_Cued_DoChange_CuedRetrieval_300_300_399_1950_3000_2500_gabor_patch_orientation_020_165_106_088_target_position_1_3_retrieval_position_3	4615204	0	1	1337	2	0	1250
RA72WYU	329	Picture	Flicker2	4616541	1337	1	1337	3	1250	1250
RA72WYU	329	Picture	Flicker3	4617878	2674	2	1338	3	2500	1250
RA72WYU	330	Picture	Delay	4619383	0	1	19558	2	0	19420
RA72WYU	331	Picture	2_55_Retrieval_Working_Memory_MEG_Salient_Cued_DoChange_CuedRetrieval_retrieval_patch_orientation_058_retrieval_position_3	4639108	0	1	30089	2	0	29920
RA72WYU	331	Response	10	4652060	12952	3
RA72WYU	332	Picture	ITI	4669364	0	2	25075	3	0	24920
RA72WYU	333	Picture	CueingCross	4694606	0	1	3009	2	0	2920
RA72WYU	334	Picture	PrepTime	4697782	0	1	3008	3	0	2920
RA72WYU	335	Picture	2_56_Encoding_Working_Memory_MEG_Salient_Cued_DoChange_UncuedRetriev_300_300_399_1750_3000_2150_gabor_patch_orientation_071_139_122_004_target_position_1_3_retrieval_position_2	4700958	0	1	1337	2	0	1250
RA72WYU	335	Picture	Flicker2	4702295	1337	1	1338	2	1250	1250
RA72WYU	335	Picture	Flicker3	4703633	2675	1	1337	2	2500	1250
RA72WYU	336	Picture	Delay	4705137	0	1	17552	2	0	17420
RA72WYU	337	Picture	2_56_Retrieval_Working_Memory_MEG_Salient_Cued_DoChange_UncuedRetriev_retrieval_patch_orientation_091_retrieval_position_2	4722856	0	1	30089	2	0	29920
RA72WYU	337	Response	10	4746368	23512	4
RA72WYU	338	Picture	ITI	4753112	0	2	21564	4	0	21420
RA72WYU	339	Picture	CueingCross	4774844	0	1	3009	2	0	2920
RA72WYU	340	Picture	PrepTime	4778020	0	1	3009	2	0	2920
RA72WYU	341	Picture	2_57_Encoding_Working_Memory_MEG_Salient_Cued_DoChange_CuedRetrieval_300_300_399_1900_3000_2500_gabor_patch_orientation_009_047_164_082_target_position_1_3_retrieval_position_3	4781196	0	1	1337	2	0	1250
RA72WYU	341	Picture	Flicker2	4782533	1337	1	1337	2	1250	1250
RA72WYU	341	Picture	Flicker3	4783870	2674	1	1338	2	2500	1250
RA72WYU	342	Picture	Delay	4785375	0	1	19056	2	0	18920
RA72WYU	343	Picture	2_57_Retrieval_Working_Memory_MEG_Salient_Cued_DoChange_CuedRetrieval_retrieval_patch_orientation_025_retrieval_position_3	4804598	0	2	30090	3	0	29920
RA72WYU	343	Response	10	4828666	24068	4
RA72WYU	344	Picture	ITI	4834855	0	1	25074	2	0	24920
RA72WYU	345	Picture	CueingCross	4860096	0	1	3009	2	0	2920
RA72WYU	346	Picture	PrepTime	4863272	0	1	3009	2	0	2920
RA72WYU	347	Picture	2_58_Encoding_Working_Memory_MEG_Salient_Cued_NoChange_CuedRetrieval_300_300_399_2050_3000_2400_gabor_patch_orientation_150_063_039_121_target_position_2_3_retrieval_position_2	4866448	0	2	1338	3	0	1250
RA72WYU	347	Picture	Flicker2	4867786	1338	1	1337	2	1250	1250
RA72WYU	347	Picture	Flicker3	4869123	2675	1	1337	3	2500	1250
RA72WYU	348	Picture	Delay	4870627	0	2	20561	3	0	20420
RA72WYU	349	Picture	2_58_Retrieval_Working_Memory_MEG_Salient_Cued_NoChange_CuedRetrieval_retrieval_patch_orientation_063_retrieval_position_2	4891355	0	2	30090	3	0	29920
RA72WYU	349	Response	10	4902955	11600	3
RA72WYU	349	Response	10	4912575	21220	3
RA72WYU	350	Picture	ITI	4921612	0	1	24071	2	0	23920
RA72WYU	351	Picture	CueingCross	4945850	0	1	3009	2	0	2920
RA72WYU	352	Picture	PrepTime	4949026	0	2	3009	3	0	2920
RA72WYU	353	Picture	2_59_Encoding_Working_Memory_MEG_Salient_Cued_NoChange_UncuedRetriev_300_300_399_2250_3000_2300_gabor_patch_orientation_055_138_123_087_target_position_1_2_retrieval_position_3	4952202	0	2	1338	3	0	1250
RA72WYU	353	Picture	Flicker2	4953540	1338	1	1337	2	1250	1250
RA72WYU	353	Picture	Flicker3	4954877	2675	1	1337	2	2500	1250
RA72WYU	354	Picture	Delay	4956381	0	2	22567	3	0	22420
RA72WYU	355	Picture	2_59_Retrieval_Working_Memory_MEG_Salient_Cued_NoChange_UncuedRetriev_retrieval_patch_orientation_123_retrieval_position_3	4979115	0	2	30090	3	0	29920
RA72WYU	355	Response	20	4997243	18128	3
RA72WYU	356	Picture	ITI	5009372	0	1	23068	2	0	22920
RA72WYU	357	Picture	CueingCross	5032607	0	2	3009	3	0	2920
RA72WYU	358	Picture	PrepTime	5035783	0	2	3009	3	0	2920
RA72WYU	359	Picture	2_60_Encoding_Working_Memory_MEG_Salient_Cued_DoChange_CuedRetrieval_300_300_399_2000_3000_2250_gabor_patch_orientation_139_049_105_124_target_position_3_4_retrieval_position_4	5038959	0	2	1338	3	0	1250
RA72WYU	359	Picture	Flicker2	5040297	1338	1	1337	2	1250	1250
RA72WYU	359	Picture	Flicker3	5041634	2675	1	1337	2	2500	1250
RA72WYU	360	Picture	Delay	5043138	0	2	20060	3	0	19920
RA72WYU	361	Picture	2_60_Retrieval_Working_Memory_MEG_Salient_Cued_DoChange_CuedRetrieval_retrieval_patch_orientation_170_retrieval_position_4	5063365	0	1	30089	2	0	29920
RA72WYU	361	Response	20	5084751	21386	4
RA72WYU	362	Picture	ITI	5093621	0	2	22567	3	0	22420
RA72WYU	363	Picture	CueingCross	5116355	0	2	3009	3	0	2920
RA72WYU	364	Picture	PrepTime	5119531	0	2	3009	4	0	2920
RA72WYU	365	Picture	2_61_Encoding_Working_Memory_MEG_Salient_Cued_DoChange_CuedRetrieval_300_300_399_2100_3000_2400_gabor_patch_orientation_137_116_092_007_target_position_3_4_retrieval_position_3	5122708	0	1	1337	2	0	1250
RA72WYU	365	Picture	Flicker2	5124045	1337	1	1337	2	1250	1250
RA72WYU	365	Picture	Flicker3	5125382	2674	1	1337	3	2500	1250
RA72WYU	366	Picture	Delay	5126887	0	1	21062	2	0	20920
RA72WYU	367	Picture	2_61_Retrieval_Working_Memory_MEG_Salient_Cued_DoChange_CuedRetrieval_retrieval_patch_orientation_047_retrieval_position_3	5148116	0	1	30089	2	0	29920
RA72WYU	367	Response	10	5171039	22923	4
RA72WYU	368	Picture	ITI	5178372	0	2	24072	3	0	23920
RA72WYU	369	Picture	CueingCross	5202611	0	1	3009	2	0	2920
RA72WYU	370	Picture	PrepTime	5205787	0	1	3009	2	0	2920
RA72WYU	371	Picture	2_62_Encoding_Working_Memory_MEG_Salient_Cued_NoChange_CuedRetrieval_300_300_399_2150_3000_2350_gabor_patch_orientation_143_127_102_069_target_position_1_3_retrieval_position_3	5208963	0	1	1337	3	0	1250
RA72WYU	371	Picture	Flicker2	5210300	1337	2	1338	3	1250	1250
RA72WYU	371	Picture	Flicker3	5211638	2675	1	1336	3	2500	1250
RA72WYU	372	Picture	Delay	5213142	0	1	21564	2	0	21420
RA72WYU	373	Picture	2_62_Retrieval_Working_Memory_MEG_Salient_Cued_NoChange_CuedRetrieval_retrieval_patch_orientation_102_retrieval_position_3	5234873	0	1	30089	3	0	29920
RA72WYU	373	Response	10	5249998	15125	3
RA72WYU	374	Picture	ITI	5265130	0	1	23569	2	0	23420
RA72WYU	375	Picture	CueingCross	5288867	0	1	3008	3	0	2920
RA72WYU	376	Picture	PrepTime	5292043	0	1	3009	2	0	2920
RA72WYU	377	Picture	2_63_Encoding_Working_Memory_MEG_Salient_Cued_DoChange_CuedRetrieval_300_300_399_2150_3000_2350_gabor_patch_orientation_047_018_158_127_target_position_1_4_retrieval_position_1	5295219	0	1	1337	2	0	1250
RA72WYU	377	Picture	Flicker2	5296556	1337	1	1337	2	1250	1250
RA72WYU	377	Picture	Flicker3	5297893	2674	1	1338	2	2500	1250
RA72WYU	378	Picture	Delay	5299398	0	1	21564	2	0	21420
RA72WYU	379	Picture	2_63_Retrieval_Working_Memory_MEG_Salient_Cued_DoChange_CuedRetrieval_retrieval_patch_orientation_002_retrieval_position_1	5321129	0	1	30089	2	0	29920
RA72WYU	379	Response	20	5350905	29776	4
RA72WYU	380	Picture	ITI	5351385	0	1	23570	2	0	23420
RA72WYU	381	Picture	CueingCross	5375122	0	1	3009	2	0	2920
RA72WYU	382	Picture	PrepTime	5378298	0	1	3009	2	0	2920
RA72WYU	383	Picture	2_64_Encoding_Working_Memory_MEG_Salient_Cued_NoChange_CuedRetrieval_300_300_399_2250_3000_2050_gabor_patch_orientation_067_039_082_100_target_position_3_4_retrieval_position_4	5381474	0	2	1338	3	0	1250
RA72WYU	383	Picture	Flicker2	5382812	1338	1	1337	2	1250	1250
RA72WYU	383	Picture	Flicker3	5384149	2675	1	1337	2	2500	1250
RA72WYU	384	Picture	Delay	5385653	0	2	22567	3	0	22420
RA72WYU	385	Picture	2_64_Retrieval_Working_Memory_MEG_Salient_Cued_NoChange_CuedRetrieval_retrieval_patch_orientation_100_retrieval_position_4	5408387	0	2	30089	4	0	29920
RA72WYU	385	Response	10	5421784	13397	4
RA72WYU	386	Picture	ITI	5438644	0	1	20561	2	0	20420
RA72WYU	387	Picture	CueingCross	5459372	0	1	3009	2	0	2920
RA72WYU	388	Picture	PrepTime	5462548	0	1	3009	2	0	2920
RA72WYU	389	Picture	2_65_Encoding_Working_Memory_MEG_Salient_Cued_DoChange_CuedRetrieval_300_300_399_2200_3000_2200_gabor_patch_orientation_178_154_044_015_target_position_1_2_retrieval_position_2	5465724	0	1	1337	2	0	1250
RA72WYU	389	Picture	Flicker2	5467061	1337	1	1337	3	1250	1250
RA72WYU	389	Picture	Flicker3	5468398	2674	2	1338	3	2500	1250
RA72WYU	390	Picture	Delay	5469903	0	1	22065	2	0	21920
RA72WYU	391	Picture	2_65_Retrieval_Working_Memory_MEG_Salient_Cued_DoChange_CuedRetrieval_retrieval_patch_orientation_104_retrieval_position_2	5492135	0	2	30090	3	0	29920
RA72WYU	391	Response	10	5513022	20887	4
RA72WYU	392	Picture	ITI	5522392	0	1	22065	2	0	21920
RA72WYU	393	Picture	CueingCross	5544624	0	2	3009	3	0	2920
RA72WYU	394	Picture	PrepTime	5547800	0	2	3009	3	0	2920
RA72WYU	395	Picture	2_66_Encoding_Working_Memory_MEG_Salient_Cued_DoChange_CuedRetrieval_300_300_399_2000_3000_2100_gabor_patch_orientation_090_028_047_068_target_position_2_4_retrieval_position_4	5550976	0	2	1338	3	0	1250
RA72WYU	395	Picture	Flicker2	5552314	1338	1	1337	2	1250	1250
RA72WYU	395	Picture	Flicker3	5553651	2675	1	1337	2	2500	1250
RA72WYU	396	Picture	Delay	5555156	0	1	20059	2	0	19920
RA72WYU	397	Picture	2_66_Retrieval_Working_Memory_MEG_Salient_Cued_DoChange_CuedRetrieval_retrieval_patch_orientation_118_retrieval_position_4	5575382	0	1	30089	2	0	29920
RA72WYU	397	Response	10	5597160	21778	4
RA72WYU	398	Picture	ITI	5605638	0	2	21063	3	0	20920
RA72WYU	399	Picture	CueingCross	5626868	0	1	3009	2	0	2920
RA72WYU	400	Picture	PrepTime	5630044	0	1	3009	2	0	2920
RA72WYU	401	Picture	2_67_Encoding_Working_Memory_MEG_Salient_Cued_NoChange_UncuedRetriev_300_300_399_2200_3000_2100_gabor_patch_orientation_023_087_054_144_target_position_1_4_retrieval_position_3	5633220	0	1	1337	3	0	1250
RA72WYU	401	Picture	Flicker2	5634557	1337	2	1338	3	1250	1250
RA72WYU	401	Picture	Flicker3	5635895	2675	1	1337	2	2500	1250
RA72WYU	402	Picture	Delay	5637399	0	1	22066	2	0	21920
RA72WYU	403	Picture	2_67_Retrieval_Working_Memory_MEG_Salient_Cued_NoChange_UncuedRetriev_retrieval_patch_orientation_054_retrieval_position_3	5659632	0	1	30089	2	0	29920
RA72WYU	403	Response	20	5688538	28906	4
RA72WYU	404	Picture	ITI	5689888	0	1	21062	3	0	20920
RA72WYU	405	Picture	CueingCross	5711118	0	1	3009	2	0	2920
RA72WYU	406	Picture	PrepTime	5714294	0	1	3009	2	0	2920
RA72WYU	407	Picture	2_68_Encoding_Working_Memory_MEG_Salient_Cued_DoChange_CuedRetrieval_300_300_399_2100_3000_2250_gabor_patch_orientation_156_097_033_171_target_position_3_4_retrieval_position_4	5717470	0	1	1337	2	0	1250
RA72WYU	407	Picture	Flicker2	5718807	1337	1	1337	2	1250	1250
RA72WYU	407	Picture	Flicker3	5720144	2674	1	1338	2	2500	1250
RA72WYU	408	Picture	Delay	5721649	0	1	21062	2	0	20920
RA72WYU	409	Picture	2_68_Retrieval_Working_Memory_MEG_Salient_Cued_DoChange_CuedRetrieval_retrieval_patch_orientation_123_retrieval_position_4	5742878	0	2	30090	3	0	29920
RA72WYU	409	Response	10	5756807	13929	4
RA72WYU	410	Picture	ITI	5773135	0	1	22567	2	0	22420
RA72WYU	411	Picture	CueingCross	5795869	0	1	3009	2	0	2920
RA72WYU	412	Picture	PrepTime	5799045	0	1	3009	2	0	2920
RA72WYU	413	Picture	2_69_Encoding_Working_Memory_MEG_Salient_Cued_DoChange_UncuedRetriev_300_300_399_1950_3000_2350_gabor_patch_orientation_059_012_165_132_target_position_1_4_retrieval_position_2	5802221	0	1	1337	2	0	1250
RA72WYU	413	Picture	Flicker2	5803558	1337	1	1337	3	1250	1250
RA72WYU	413	Picture	Flicker3	5804895	2674	2	1338	3	2500	1250
RA72WYU	414	Picture	Delay	5806400	0	1	19558	2	0	19420
RA72WYU	415	Picture	2_69_Retrieval_Working_Memory_MEG_Salient_Cued_DoChange_UncuedRetriev_retrieval_patch_orientation_148_retrieval_position_2	5826125	0	1	30089	2	0	29920
RA72WYU	415	Response	20	5844645	18520	4
RA72WYU	416	Picture	ITI	5856381	0	2	23570	3	0	23420
RA72WYU	417	Picture	CueingCross	5880118	0	2	3009	3	0	2920
RA72WYU	418	Picture	PrepTime	5883294	0	2	3009	3	0	2920
RA72WYU	419	Picture	2_70_Encoding_Working_Memory_MEG_Salient_Cued_NoChange_CuedRetrieval_300_300_399_1750_3000_2000_gabor_patch_orientation_089_063_030_170_target_position_2_4_retrieval_position_4	5886470	0	2	1338	3	0	1250
RA72WYU	419	Picture	Flicker2	5887808	1338	1	1337	2	1250	1250
RA72WYU	419	Picture	Flicker3	5889145	2675	1	1337	2	2500	1250
RA72WYU	420	Picture	Delay	5890650	0	1	17552	2	0	17420
RA72WYU	421	Picture	2_70_Retrieval_Working_Memory_MEG_Salient_Cued_NoChange_CuedRetrieval_retrieval_patch_orientation_170_retrieval_position_4	5908369	0	1	30089	2	0	29920
RA72WYU	421	Response	10	5922904	14535	3
RA72WYU	422	Picture	ITI	5938625	0	1	20059	3	0	19920
RA72WYU	423	Picture	BaselinePost	5958852	0	1	50148	3	0	50000
