Scenario - ATWM1_Working_Memory_MEG_salient_cued_run2
Logfile written - 02/08/2016 20:11:02

Subject	Trial	Event Type	Code	Time	TTime	Uncertainty	Duration	Uncertainty	ReqTime	ReqDur

RA72WYU	1	Picture	ExpStart	29	0	1	10030	2	0	10000
RA72WYU	2	Picture	BaselinePre	10226	0	1	100130	2	0	100000
RA72WYU	3	Picture	CueingCross	110523	0	1	3009	2	0	2920
RA72WYU	4	Picture	PrepTime	113699	0	1	3009	2	0	2920
RA72WYU	5	Picture	2_1_Encoding_Working_Memory_MEG_Nonsalient_Uncued_DoChange_CuedRetrieval_300_300_399_2150_3000_2350_gabor_patch_orientation_053_083_171_120_target_position_2_3_retrieval_position_3	116875	0	1	1337	3	0	1250
RA72WYU	5	Picture	Flicker2	118212	1337	2	1338	3	1250	1250
RA72WYU	5	Picture	Flicker3	119550	2675	1	1337	2	2500	1250
RA72WYU	6	Picture	Delay	121054	0	2	21564	3	0	21420
RA72WYU	7	Picture	2_1_Retrieval_Working_Memory_MEG_Nonsalient_Uncued_DoChange_CuedRetrieval_retrieval_patch_orientation_035_retrieval_position_3	142785	0	2	30089	4	0	29920
RA72WYU	7	Response	10	162640	19855	3
RA72WYU	8	Picture	ITI	173042	0	1	23569	3	0	23420
RA72WYU	9	Picture	CueingCross	196779	0	1	3009	2	0	2920
RA72WYU	10	Picture	PrepTime	199955	0	1	3009	2	0	2920
RA72WYU	11	Picture	2_2_Encoding_Working_Memory_MEG_Nonsalient_Uncued_NoChange_CuedRetrieval_300_300_399_1850_3000_2350_gabor_patch_orientation_040_101_117_012_target_position_3_4_retrieval_position_4	203131	0	1	1337	2	0	1250
RA72WYU	11	Picture	Flicker2	204468	1337	1	1337	3	1250	1250
RA72WYU	11	Picture	Flicker3	205805	2674	2	1338	3	2500	1250
RA72WYU	12	Picture	Delay	207310	0	1	18555	3	0	18420
RA72WYU	13	Picture	2_2_Retrieval_Working_Memory_MEG_Nonsalient_Uncued_NoChange_CuedRetrieval_retrieval_patch_orientation_012_retrieval_position_4	226032	0	1	30089	2	0	29920
RA72WYU	13	Response	10	241698	15666	3
RA72WYU	14	Picture	ITI	256288	0	2	23570	3	0	23420
RA72WYU	15	Picture	CueingCross	280025	0	2	3009	3	0	2920
RA72WYU	16	Picture	PrepTime	283201	0	2	3009	3	0	2920
RA72WYU	17	Picture	2_3_Encoding_Working_Memory_MEG_Nonsalient_Uncued_DoChange_CuedRetrieval_300_300_399_2150_3000_2200_gabor_patch_orientation_084_115_148_168_target_position_1_3_retrieval_position_1	286377	0	2	1338	3	0	1250
RA72WYU	17	Picture	Flicker2	287715	1338	1	1337	2	1250	1250
RA72WYU	17	Picture	Flicker3	289052	2675	1	1337	2	2500	1250
RA72WYU	18	Picture	Delay	290557	0	1	21563	2	0	21420
RA72WYU	19	Picture	2_3_Retrieval_Working_Memory_MEG_Nonsalient_Uncued_DoChange_CuedRetrieval_retrieval_patch_orientation_035_retrieval_position_1	312288	0	1	30089	2	0	29920
RA72WYU	19	Response	10	327146	14858	4
RA72WYU	20	Picture	ITI	342544	0	1	22065	2	0	21920
RA72WYU	21	Picture	CueingCross	364776	0	2	3009	3	0	2920
RA72WYU	22	Picture	PrepTime	367952	0	2	3009	4	0	2920
RA72WYU	23	Picture	2_4_Encoding_Working_Memory_MEG_Nonsalient_Uncued_NoChange_CuedRetrieval_300_300_399_2250_3000_2450_gabor_patch_orientation_074_101_034_140_target_position_2_4_retrieval_position_2	371129	0	1	1337	2	0	1250
RA72WYU	23	Picture	Flicker2	372466	1337	1	1337	2	1250	1250
RA72WYU	23	Picture	Flicker3	373803	2674	1	1337	3	2500	1250
RA72WYU	24	Picture	Delay	375308	0	1	22567	2	0	22420
RA72WYU	25	Picture	2_4_Retrieval_Working_Memory_MEG_Nonsalient_Uncued_NoChange_CuedRetrieval_retrieval_patch_orientation_101_retrieval_position_2	398042	0	1	30089	3	0	29920
RA72WYU	25	Response	20	426064	28022	4
RA72WYU	26	Picture	ITI	428298	0	1	24573	2	0	24420
RA72WYU	27	Picture	CueingCross	453038	0	1	3009	2	0	2920
RA72WYU	28	Picture	PrepTime	456214	0	1	3009	2	0	2920
RA72WYU	29	Picture	2_5_Encoding_Working_Memory_MEG_Nonsalient_Uncued_NoChange_CuedRetrieval_300_300_399_1800_3000_2200_gabor_patch_orientation_150_091_128_001_target_position_1_2_retrieval_position_2	459390	0	1	1337	3	0	1250
RA72WYU	29	Picture	Flicker2	460727	1337	2	1338	3	1250	1250
RA72WYU	29	Picture	Flicker3	462065	2675	1	1337	2	2500	1250
RA72WYU	30	Picture	Delay	463569	0	1	18054	2	0	17920
RA72WYU	31	Picture	2_5_Retrieval_Working_Memory_MEG_Nonsalient_Uncued_NoChange_CuedRetrieval_retrieval_patch_orientation_091_retrieval_position_2	481790	0	1	30089	2	0	29920
RA72WYU	31	Response	10	511352	29562	4
RA72WYU	32	Picture	ITI	512046	0	1	22066	2	0	21920
RA72WYU	33	Picture	CueingCross	534279	0	1	3009	2	0	2920
RA72WYU	34	Picture	PrepTime	537455	0	1	3009	2	0	2920
RA72WYU	35	Picture	2_6_Encoding_Working_Memory_MEG_Nonsalient_Uncued_DoChange_CuedRetrieval_300_300_399_2150_3000_2150_gabor_patch_orientation_108_087_174_129_target_position_2_3_retrieval_position_2	540631	0	1	1337	2	0	1250
RA72WYU	35	Picture	Flicker2	541968	1337	1	1337	2	1250	1250
RA72WYU	35	Picture	Flicker3	543305	2674	1	1338	2	2500	1250
RA72WYU	36	Picture	Delay	544810	0	1	21564	2	0	21420
RA72WYU	37	Picture	2_6_Retrieval_Working_Memory_MEG_Nonsalient_Uncued_DoChange_CuedRetrieval_retrieval_patch_orientation_039_retrieval_position_2	566541	0	1	30089	2	0	29920
RA72WYU	37	Response	20	585871	19330	3
RA72WYU	38	Picture	ITI	596797	0	2	21564	3	0	21420
RA72WYU	39	Picture	CueingCross	618528	0	2	3009	3	0	2920
RA72WYU	40	Picture	PrepTime	621704	0	2	3009	3	0	2920
RA72WYU	41	Picture	2_7_Encoding_Working_Memory_MEG_Nonsalient_Uncued_DoChange_UncuedRetriev_300_300_399_2100_3000_2100_gabor_patch_orientation_065_008_033_091_target_position_3_4_retrieval_position_1	624880	0	2	1338	3	0	1250
RA72WYU	41	Picture	Flicker2	626218	1338	1	1337	2	1250	1250
RA72WYU	41	Picture	Flicker3	627555	2675	1	1337	2	2500	1250
RA72WYU	42	Picture	Delay	629059	0	2	21063	3	0	20920
RA72WYU	43	Picture	2_7_Retrieval_Working_Memory_MEG_Nonsalient_Uncued_DoChange_UncuedRetriev_retrieval_patch_orientation_115_retrieval_position_1	650289	0	1	30089	2	0	29920
RA72WYU	44	Picture	ITI	680545	0	2	21063	3	0	20920
RA72WYU	44	Response	10	683469	2924	3
RA72WYU	45	Picture	CueingCross	701775	0	1	3009	2	0	2920
RA72WYU	46	Picture	PrepTime	704951	0	1	3009	2	0	2920
RA72WYU	47	Picture	2_8_Encoding_Working_Memory_MEG_Nonsalient_Uncued_NoChange_CuedRetrieval_300_300_399_2050_3000_2300_gabor_patch_orientation_135_064_150_013_target_position_1_4_retrieval_position_1	708127	0	1	1337	2	0	1250
RA72WYU	47	Picture	Flicker2	709464	1337	1	1338	2	1250	1250
RA72WYU	47	Picture	Flicker3	710802	2675	1	1337	2	2500	1250
RA72WYU	48	Picture	Delay	712306	0	1	20561	2	0	20420
RA72WYU	49	Picture	2_8_Retrieval_Working_Memory_MEG_Nonsalient_Uncued_NoChange_CuedRetrieval_retrieval_patch_orientation_135_retrieval_position_1	733034	0	1	30089	2	0	29920
RA72WYU	49	Response	20	749407	16373	4
RA72WYU	50	Picture	ITI	763290	0	2	23069	3	0	22920
RA72WYU	51	Picture	CueingCross	786526	0	1	3009	2	0	2920
RA72WYU	52	Picture	PrepTime	789702	0	1	3009	2	0	2920
RA72WYU	53	Picture	2_9_Encoding_Working_Memory_MEG_Nonsalient_Uncued_NoChange_CuedRetrieval_300_300_399_2200_3000_2050_gabor_patch_orientation_157_047_080_001_target_position_1_4_retrieval_position_1	792878	0	1	1337	3	0	1250
RA72WYU	53	Picture	Flicker2	794215	1337	2	1338	3	1250	1250
RA72WYU	53	Picture	Flicker3	795553	2675	1	1337	2	2500	1250
RA72WYU	54	Picture	Delay	797057	0	2	22066	3	0	21920
RA72WYU	55	Picture	2_9_Retrieval_Working_Memory_MEG_Nonsalient_Uncued_NoChange_CuedRetrieval_retrieval_patch_orientation_157_retrieval_position_1	819290	0	1	30089	2	0	29920
RA72WYU	55	Response	10	830006	10716	3
RA72WYU	56	Picture	ITI	849546	0	1	20561	2	0	20420
RA72WYU	57	Picture	CueingCross	870274	0	1	3009	2	0	2920
RA72WYU	58	Picture	PrepTime	873450	0	2	3009	3	0	2920
RA72WYU	59	Picture	2_10_Encoding_Working_Memory_MEG_Nonsalient_Uncued_DoChange_CuedRetrieval_300_300_399_1950_3000_2000_gabor_patch_orientation_009_062_115_037_target_position_1_4_retrieval_position_1	876626	0	2	1338	3	0	1250
RA72WYU	59	Picture	Flicker2	877964	1338	1	1337	2	1250	1250
RA72WYU	59	Picture	Flicker3	879301	2675	1	1337	2	2500	1250
RA72WYU	60	Picture	Delay	880805	0	2	19558	3	0	19420
RA72WYU	61	Picture	2_10_Retrieval_Working_Memory_MEG_Nonsalient_Uncued_DoChange_CuedRetrieval_retrieval_patch_orientation_144_retrieval_position_1	900531	0	1	30089	2	0	29920
RA72WYU	61	Response	10	923844	23313	3
RA72WYU	62	Picture	ITI	930787	0	1	20059	2	0	19920
RA72WYU	63	Picture	CueingCross	951013	0	2	3009	3	0	2920
RA72WYU	64	Picture	PrepTime	954189	0	2	3009	4	0	2920
RA72WYU	65	Picture	2_11_Encoding_Working_Memory_MEG_Nonsalient_Uncued_DoChange_CuedRetrieval_300_300_399_2000_3000_2350_gabor_patch_orientation_114_087_159_028_target_position_1_2_retrieval_position_1	957366	0	1	1337	2	0	1250
RA72WYU	65	Picture	Flicker2	958703	1337	1	1337	2	1250	1250
RA72WYU	65	Picture	Flicker3	960040	2674	1	1337	3	2500	1250
RA72WYU	66	Picture	Delay	961545	0	1	20059	2	0	19920
RA72WYU	67	Picture	2_11_Retrieval_Working_Memory_MEG_Nonsalient_Uncued_DoChange_CuedRetrieval_retrieval_patch_orientation_069_retrieval_position_1	981771	0	1	30089	2	0	29920
RA72WYU	67	Response	20	992312	10541	4
RA72WYU	68	Picture	ITI	1012028	0	1	23569	2	0	23420
RA72WYU	69	Picture	CueingCross	1035765	0	1	3008	3	0	2920
RA72WYU	70	Picture	PrepTime	1038941	0	1	3008	3	0	2920
RA72WYU	71	Picture	2_12_Encoding_Working_Memory_MEG_Nonsalient_Uncued_NoChange_UncuedRetriev_300_300_399_1950_3000_2350_gabor_patch_orientation_148_098_058_024_target_position_1_2_retrieval_position_4	1042117	0	1	1337	2	0	1250
RA72WYU	71	Picture	Flicker2	1043454	1337	1	1337	3	1250	1250
RA72WYU	71	Picture	Flicker3	1044791	2674	2	1338	3	2500	1250
RA72WYU	72	Picture	Delay	1046296	0	1	19558	2	0	19420
RA72WYU	73	Picture	2_12_Retrieval_Working_Memory_MEG_Nonsalient_Uncued_NoChange_UncuedRetriev_retrieval_patch_orientation_024_retrieval_position_4	1066021	0	1	30089	2	0	29920
RA72WYU	73	Response	10	1076771	10750	3
RA72WYU	74	Picture	ITI	1096277	0	1	23570	2	0	23420
RA72WYU	75	Picture	CueingCross	1120014	0	1	3009	2	0	2920
RA72WYU	76	Picture	PrepTime	1123190	0	1	3009	2	0	2920
RA72WYU	77	Picture	2_13_Encoding_Working_Memory_MEG_Nonsalient_Uncued_DoChange_CuedRetrieval_300_300_399_1750_3000_2300_gabor_patch_orientation_144_165_038_056_target_position_2_3_retrieval_position_2	1126366	0	2	1338	3	0	1250
RA72WYU	77	Picture	Flicker2	1127704	1338	1	1337	2	1250	1250
RA72WYU	77	Picture	Flicker3	1129041	2675	1	1337	2	2500	1250
RA72WYU	78	Picture	Delay	1130545	0	2	17552	3	0	17420
RA72WYU	79	Picture	2_13_Retrieval_Working_Memory_MEG_Nonsalient_Uncued_DoChange_CuedRetrieval_retrieval_patch_orientation_118_retrieval_position_2	1148265	0	1	30089	2	0	29920
RA72WYU	79	Response	20	1172869	24604	3
RA72WYU	80	Picture	ITI	1178521	0	1	23068	2	0	22920
RA72WYU	81	Picture	CueingCross	1201756	0	2	3009	3	0	2920
RA72WYU	82	Picture	PrepTime	1204932	0	2	3009	3	0	2920
RA72WYU	83	Picture	2_14_Encoding_Working_Memory_MEG_Nonsalient_Uncued_DoChange_CuedRetrieval_300_300_399_2000_3000_2400_gabor_patch_orientation_107_180_001_046_target_position_2_3_retrieval_position_2	1208109	0	1	1337	2	0	1250
RA72WYU	83	Picture	Flicker2	1209446	1337	1	1337	2	1250	1250
RA72WYU	83	Picture	Flicker3	1210783	2674	1	1337	2	2500	1250
RA72WYU	84	Picture	Delay	1212288	0	1	20059	2	0	19920
RA72WYU	85	Picture	2_14_Retrieval_Working_Memory_MEG_Nonsalient_Uncued_DoChange_CuedRetrieval_retrieval_patch_orientation_130_retrieval_position_2	1232514	0	1	30089	2	0	29920
RA72WYU	85	Response	20	1254347	21833	3
RA72WYU	86	Picture	ITI	1262770	0	2	24072	3	0	23920
RA72WYU	87	Picture	CueingCross	1287009	0	1	3009	2	0	2920
RA72WYU	88	Picture	PrepTime	1290185	0	1	3009	2	0	2920
RA72WYU	89	Picture	2_15_Encoding_Working_Memory_MEG_Nonsalient_Uncued_DoChange_UncuedRetriev_300_300_399_2100_3000_2150_gabor_patch_orientation_031_003_171_063_target_position_1_4_retrieval_position_3	1293361	0	1	1337	3	0	1250
RA72WYU	89	Picture	Flicker2	1294698	1337	2	1338	3	1250	1250
RA72WYU	89	Picture	Flicker3	1296036	2675	1	1337	2	2500	1250
RA72WYU	90	Picture	Delay	1297540	0	1	21063	2	0	20920
RA72WYU	91	Picture	2_15_Retrieval_Working_Memory_MEG_Nonsalient_Uncued_DoChange_UncuedRetriev_retrieval_patch_orientation_121_retrieval_position_3	1318770	0	1	30089	2	0	29920
RA72WYU	91	Response	20	1328955	10185	4
RA72WYU	92	Picture	ITI	1349026	0	1	21564	2	0	21420
RA72WYU	93	Picture	CueingCross	1370757	0	1	3009	2	0	2920
RA72WYU	94	Picture	PrepTime	1373933	0	1	3009	2	0	2920
RA72WYU	95	Picture	2_16_Encoding_Working_Memory_MEG_Nonsalient_Uncued_DoChange_CuedRetrieval_300_300_399_1850_3000_2200_gabor_patch_orientation_068_003_092_127_target_position_3_4_retrieval_position_3	1377109	0	1	1338	2	0	1250
RA72WYU	95	Picture	Flicker2	1378447	1338	1	1337	2	1250	1250
RA72WYU	95	Picture	Flicker3	1379784	2675	1	1337	2	2500	1250
RA72WYU	96	Picture	Delay	1381288	0	2	18555	3	0	18420
RA72WYU	97	Picture	2_16_Retrieval_Working_Memory_MEG_Nonsalient_Uncued_DoChange_CuedRetrieval_retrieval_patch_orientation_042_retrieval_position_3	1400010	0	2	30090	3	0	29920
RA72WYU	97	Response	10	1420383	20373	4
RA72WYU	98	Picture	ITI	1430267	0	1	22065	2	0	21920
RA72WYU	99	Picture	CueingCross	1452499	0	2	3009	3	0	2920
RA72WYU	100	Picture	PrepTime	1455675	0	2	3009	3	0	2920
RA72WYU	101	Picture	2_17_Encoding_Working_Memory_MEG_Nonsalient_Uncued_DoChange_CuedRetrieval_300_300_399_1900_3000_2150_gabor_patch_orientation_097_027_082_058_target_position_1_2_retrieval_position_2	1458851	0	2	1338	3	0	1250
RA72WYU	101	Picture	Flicker2	1460189	1338	1	1337	2	1250	1250
RA72WYU	101	Picture	Flicker3	1461526	2675	1	1337	2	2500	1250
RA72WYU	102	Picture	Delay	1463030	0	2	19057	3	0	18920
RA72WYU	103	Picture	2_17_Retrieval_Working_Memory_MEG_Nonsalient_Uncued_DoChange_CuedRetrieval_retrieval_patch_orientation_166_retrieval_position_2	1482254	0	1	30089	2	0	29920
RA72WYU	103	Response	20	1498122	15868	3
RA72WYU	104	Picture	ITI	1512510	0	2	21564	3	0	21420
RA72WYU	105	Picture	CueingCross	1534241	0	2	3009	3	0	2920
RA72WYU	106	Picture	PrepTime	1537418	0	1	3008	3	0	2920
RA72WYU	107	Picture	2_18_Encoding_Working_Memory_MEG_Nonsalient_Uncued_DoChange_CuedRetrieval_300_300_399_1900_3000_2000_gabor_patch_orientation_085_068_015_146_target_position_1_4_retrieval_position_4	1540594	0	2	1337	3	0	1250
RA72WYU	107	Picture	Flicker2	1541931	1337	1	1337	2	1250	1250
RA72WYU	107	Picture	Flicker3	1543268	2674	1	1338	2	2500	1250
RA72WYU	108	Picture	Delay	1544773	0	1	19056	2	0	18920
RA72WYU	109	Picture	2_18_Retrieval_Working_Memory_MEG_Nonsalient_Uncued_DoChange_CuedRetrieval_retrieval_patch_orientation_101_retrieval_position_4	1563996	0	2	30089	4	0	29920
RA72WYU	109	Response	10	1582070	18074	4
RA72WYU	110	Picture	ITI	1594253	0	1	20059	2	0	19920
RA72WYU	111	Picture	CueingCross	1614479	0	1	3009	2	0	2920
RA72WYU	112	Picture	PrepTime	1617655	0	2	3009	3	0	2920
RA72WYU	113	Picture	2_19_Encoding_Working_Memory_MEG_Nonsalient_Uncued_NoChange_CuedRetrieval_300_300_399_2100_3000_2250_gabor_patch_orientation_073_129_011_101_target_position_2_4_retrieval_position_4	1620831	0	2	1338	3	0	1250
RA72WYU	113	Picture	Flicker2	1622169	1338	1	1337	2	1250	1250
RA72WYU	113	Picture	Flicker3	1623506	2675	1	1337	2	2500	1250
RA72WYU	114	Picture	Delay	1625010	0	2	21063	3	0	20920
RA72WYU	115	Picture	2_19_Retrieval_Working_Memory_MEG_Nonsalient_Uncued_NoChange_CuedRetrieval_retrieval_patch_orientation_101_retrieval_position_4	1646240	0	1	30089	2	0	29920
RA72WYU	115	Response	10	1665248	19008	5
RA72WYU	116	Picture	ITI	1676496	0	2	22567	3	0	22420
RA72WYU	117	Picture	CueingCross	1699230	0	2	3009	3	0	2920
RA72WYU	118	Picture	PrepTime	1702406	0	2	3009	3	0	2920
RA72WYU	119	Picture	2_20_Encoding_Working_Memory_MEG_Nonsalient_Uncued_DoChange_CuedRetrieval_300_300_399_2200_3000_2500_gabor_patch_orientation_154_091_025_107_target_position_2_3_retrieval_position_3	1705582	0	2	1337	4	0	1250
RA72WYU	119	Picture	Flicker2	1706919	1337	2	1338	3	1250	1250
RA72WYU	119	Picture	Flicker3	1708257	2675	1	1337	2	2500	1250
RA72WYU	120	Picture	Delay	1709762	0	1	22065	2	0	21920
RA72WYU	121	Picture	2_20_Retrieval_Working_Memory_MEG_Nonsalient_Uncued_DoChange_CuedRetrieval_retrieval_patch_orientation_075_retrieval_position_3	1731994	0	1	30089	2	0	29920
RA72WYU	121	Response	10	1749437	17443	3
RA72WYU	122	Picture	ITI	1762250	0	2	25075	3	0	24920
RA72WYU	123	Picture	CueingCross	1787492	0	1	3009	2	0	2920
RA72WYU	124	Picture	PrepTime	1790668	0	1	3009	2	0	2920
RA72WYU	125	Picture	2_21_Encoding_Working_Memory_MEG_Nonsalient_Uncued_DoChange_CuedRetrieval_300_300_399_1950_3000_2400_gabor_patch_orientation_063_034_151_010_target_position_1_2_retrieval_position_2	1793844	0	1	1337	2	0	1250
RA72WYU	125	Picture	Flicker2	1795181	1337	1	1338	2	1250	1250
RA72WYU	125	Picture	Flicker3	1796519	2675	1	1337	2	2500	1250
RA72WYU	126	Picture	Delay	1798023	0	1	19558	2	0	19420
RA72WYU	127	Picture	2_21_Retrieval_Working_Memory_MEG_Nonsalient_Uncued_DoChange_CuedRetrieval_retrieval_patch_orientation_084_retrieval_position_2	1817748	0	1	30089	2	0	29920
RA72WYU	127	Response	20	1830985	13237	3
RA72WYU	128	Picture	ITI	1848004	0	2	24072	3	0	23920
RA72WYU	129	Picture	CueingCross	1872243	0	1	3009	2	0	2920
RA72WYU	130	Picture	PrepTime	1875419	0	1	3009	2	0	2920
RA72WYU	131	Picture	2_22_Encoding_Working_Memory_MEG_Nonsalient_Uncued_DoChange_UncuedRetriev_300_300_399_1750_3000_2400_gabor_patch_orientation_114_136_046_171_target_position_3_4_retrieval_position_1	1878595	0	1	1337	3	0	1250
RA72WYU	131	Picture	Flicker2	1879932	1337	2	1338	3	1250	1250
RA72WYU	131	Picture	Flicker3	1881270	2675	1	1337	2	2500	1250
RA72WYU	132	Picture	Delay	1882774	0	1	17552	2	0	17420
RA72WYU	133	Picture	2_22_Retrieval_Working_Memory_MEG_Nonsalient_Uncued_DoChange_UncuedRetriev_retrieval_patch_orientation_064_retrieval_position_1	1900493	0	2	30089	4	0	29920
RA72WYU	133	Response	20	1914573	14080	4
RA72WYU	134	Picture	ITI	1930750	0	1	24071	2	0	23920
RA72WYU	135	Picture	CueingCross	1954988	0	1	3009	2	0	2920
RA72WYU	136	Picture	PrepTime	1958164	0	1	3009	2	0	2920
RA72WYU	137	Picture	2_23_Encoding_Working_Memory_MEG_Nonsalient_Uncued_DoChange_CuedRetrieval_300_300_399_2000_3000_2050_gabor_patch_orientation_073_002_179_053_target_position_2_4_retrieval_position_2	1961340	0	2	1338	3	0	1250
RA72WYU	137	Picture	Flicker2	1962678	1338	1	1337	2	1250	1250
RA72WYU	137	Picture	Flicker3	1964015	2675	1	1337	2	2500	1250
RA72WYU	138	Picture	Delay	1965519	0	2	20060	3	0	19920
RA72WYU	139	Picture	2_23_Retrieval_Working_Memory_MEG_Nonsalient_Uncued_DoChange_CuedRetrieval_retrieval_patch_orientation_140_retrieval_position_2	1985746	0	1	30089	2	0	29920
RA72WYU	139	Response	20	1998031	12285	4
RA72WYU	140	Picture	ITI	2016002	0	1	20561	2	0	20420
RA72WYU	141	Picture	CueingCross	2036730	0	2	3009	3	0	2920
RA72WYU	142	Picture	PrepTime	2039906	0	2	3008	4	0	2920
RA72WYU	143	Picture	2_24_Encoding_Working_Memory_MEG_Nonsalient_Uncued_DoChange_UncuedRetriev_300_300_399_1800_3000_2100_gabor_patch_orientation_112_067_022_096_target_position_2_3_retrieval_position_4	2043082	0	2	1338	3	0	1250
RA72WYU	143	Picture	Flicker2	2044420	1338	1	1337	2	1250	1250
RA72WYU	143	Picture	Flicker3	2045757	2675	1	1337	2	2500	1250
RA72WYU	144	Picture	Delay	2047261	0	2	18054	3	0	17920
RA72WYU	145	Picture	2_24_Retrieval_Working_Memory_MEG_Nonsalient_Uncued_DoChange_UncuedRetriev_retrieval_patch_orientation_046_retrieval_position_4	2065482	0	1	30089	2	0	29920
RA72WYU	145	Response	10	2079640	14158	3
RA72WYU	146	Picture	ITI	2095738	0	2	21063	3	0	20920
RA72WYU	147	Picture	CueingCross	2116968	0	1	3009	2	0	2920
RA72WYU	148	Picture	PrepTime	2120144	0	1	3009	2	0	2920
RA72WYU	149	Picture	2_25_Encoding_Working_Memory_MEG_Nonsalient_Uncued_NoChange_CuedRetrieval_300_300_399_2150_3000_2050_gabor_patch_orientation_161_080_121_100_target_position_2_4_retrieval_position_2	2123320	0	1	1337	3	0	1250
RA72WYU	149	Picture	Flicker2	2124657	1337	2	1338	3	1250	1250
RA72WYU	149	Picture	Flicker3	2125995	2675	1	1337	2	2500	1250
RA72WYU	150	Picture	Delay	2127499	0	1	21564	2	0	21420
RA72WYU	151	Picture	2_25_Retrieval_Working_Memory_MEG_Nonsalient_Uncued_NoChange_CuedRetrieval_retrieval_patch_orientation_080_retrieval_position_2	2149230	0	2	30089	4	0	29920
RA72WYU	151	Response	20	2169148	19918	3
RA72WYU	152	Picture	ITI	2179487	0	1	20561	2	0	20420
RA72WYU	153	Picture	CueingCross	2200215	0	1	3009	2	0	2920
RA72WYU	154	Picture	PrepTime	2203391	0	1	3009	2	0	2920
RA72WYU	155	Picture	2_26_Encoding_Working_Memory_MEG_Nonsalient_Uncued_NoChange_CuedRetrieval_300_300_399_2050_3000_2250_gabor_patch_orientation_073_137_154_005_target_position_1_3_retrieval_position_1	2206567	0	1	1337	2	0	1250
RA72WYU	155	Picture	Flicker2	2207904	1337	1	1337	3	1250	1250
RA72WYU	155	Picture	Flicker3	2209241	2674	2	1338	3	2500	1250
RA72WYU	156	Picture	Delay	2210746	0	1	20561	2	0	20420
RA72WYU	157	Picture	2_26_Retrieval_Working_Memory_MEG_Nonsalient_Uncued_NoChange_CuedRetrieval_retrieval_patch_orientation_073_retrieval_position_1	2231474	0	1	30089	2	0	29920
RA72WYU	157	Response	20	2249276	17802	4
RA72WYU	158	Picture	ITI	2261730	0	2	22567	3	0	22420
RA72WYU	159	Picture	CueingCross	2284464	0	2	3009	3	0	2920
RA72WYU	160	Picture	PrepTime	2287640	0	2	3009	3	0	2920
RA72WYU	161	Picture	2_27_Encoding_Working_Memory_MEG_Nonsalient_Uncued_NoChange_CuedRetrieval_300_300_399_2100_3000_2250_gabor_patch_orientation_094_012_138_032_target_position_1_4_retrieval_position_4	2290816	0	2	1338	3	0	1250
RA72WYU	161	Picture	Flicker2	2292154	1338	1	1337	2	1250	1250
RA72WYU	161	Picture	Flicker3	2293491	2675	1	1337	2	2500	1250
RA72WYU	162	Picture	Delay	2294996	0	1	21062	2	0	20920
RA72WYU	163	Picture	2_27_Retrieval_Working_Memory_MEG_Nonsalient_Uncued_NoChange_CuedRetrieval_retrieval_patch_orientation_032_retrieval_position_4	2316225	0	1	30088	3	0	29920
RA72WYU	163	Response	10	2327475	11250	3
RA72WYU	164	Picture	ITI	2346481	0	2	22567	3	0	22420
RA72WYU	165	Picture	CueingCross	2369215	0	2	3009	3	0	2920
RA72WYU	166	Picture	PrepTime	2372392	0	1	3008	3	0	2920
RA72WYU	167	Picture	2_28_Encoding_Working_Memory_MEG_Nonsalient_Uncued_NoChange_CuedRetrieval_300_300_399_1800_3000_2050_gabor_patch_orientation_033_093_061_078_target_position_3_4_retrieval_position_3	2375568	0	1	1337	2	0	1250
RA72WYU	167	Picture	Flicker2	2376905	1337	1	1337	2	1250	1250
RA72WYU	167	Picture	Flicker3	2378242	2674	1	1337	3	2500	1250
RA72WYU	168	Picture	Delay	2379747	0	1	18053	2	0	17920
RA72WYU	169	Picture	2_28_Retrieval_Working_Memory_MEG_Nonsalient_Uncued_NoChange_CuedRetrieval_retrieval_patch_orientation_061_retrieval_position_3	2397967	0	2	30089	4	0	29920
RA72WYU	169	Response	20	2427443	29476	3
RA72WYU	170	Picture	ITI	2428224	0	1	20560	3	0	20420
RA72WYU	171	Picture	CueingCross	2448952	0	1	3009	2	0	2920
RA72WYU	172	Picture	PrepTime	2452128	0	1	3009	2	0	2920
RA72WYU	173	Picture	2_29_Encoding_Working_Memory_MEG_Nonsalient_Uncued_DoChange_CuedRetrieval_300_300_399_1900_3000_2400_gabor_patch_orientation_168_043_059_127_target_position_2_4_retrieval_position_2	2455304	0	1	1337	2	0	1250
RA72WYU	173	Picture	Flicker2	2456641	1337	1	1337	3	1250	1250
RA72WYU	173	Picture	Flicker3	2457978	2674	2	1338	3	2500	1250
RA72WYU	174	Picture	Delay	2459483	0	1	19056	2	0	18920
RA72WYU	175	Picture	2_29_Retrieval_Working_Memory_MEG_Nonsalient_Uncued_DoChange_CuedRetrieval_retrieval_patch_orientation_093_retrieval_position_2	2478706	0	2	30090	3	0	29920
RA72WYU	175	Response	20	2489921	11215	4
RA72WYU	176	Picture	ITI	2508963	0	1	24071	2	0	23920
RA72WYU	177	Picture	CueingCross	2533201	0	2	3009	3	0	2920
RA72WYU	178	Picture	PrepTime	2536377	0	2	3009	3	0	2920
RA72WYU	179	Picture	2_30_Encoding_Working_Memory_MEG_Nonsalient_Uncued_NoChange_CuedRetrieval_300_300_399_2100_3000_2500_gabor_patch_orientation_141_083_003_036_target_position_1_4_retrieval_position_4	2539553	0	2	1338	3	0	1250
RA72WYU	179	Picture	Flicker2	2540891	1338	1	1337	2	1250	1250
RA72WYU	179	Picture	Flicker3	2542228	2675	1	1337	2	2500	1250
RA72WYU	180	Picture	Delay	2543732	0	2	21063	3	0	20920
RA72WYU	181	Picture	2_30_Retrieval_Working_Memory_MEG_Nonsalient_Uncued_NoChange_CuedRetrieval_retrieval_patch_orientation_036_retrieval_position_4	2564962	0	1	30089	2	0	29920
RA72WYU	181	Response	10	2579599	14637	4
RA72WYU	182	Picture	ITI	2595218	0	2	25075	3	0	24920
RA72WYU	183	Picture	CueingCross	2620460	0	1	3009	2	0	2920
RA72WYU	184	Picture	PrepTime	2623635	0	2	3010	3	0	2920
RA72WYU	185	Picture	2_31_Encoding_Working_Memory_MEG_Nonsalient_Uncued_DoChange_CuedRetrieval_300_300_399_1900_3000_2300_gabor_patch_orientation_048_137_009_165_target_position_2_4_retrieval_position_4	2626812	0	1	1337	2	0	1250
RA72WYU	185	Picture	Flicker2	2628149	1337	1	1338	2	1250	1250
RA72WYU	185	Picture	Flicker3	2629487	2675	1	1337	2	2500	1250
RA72WYU	186	Picture	Delay	2630991	0	1	19056	3	0	18920
RA72WYU	187	Picture	2_31_Retrieval_Working_Memory_MEG_Nonsalient_Uncued_DoChange_CuedRetrieval_retrieval_patch_orientation_028_retrieval_position_4	2650215	0	1	30089	2	0	29920
RA72WYU	187	Response	10	2670917	20702	4
RA72WYU	188	Picture	ITI	2680471	0	1	23068	2	0	22920
RA72WYU	189	Picture	CueingCross	2703706	0	2	3009	3	0	2920
RA72WYU	190	Picture	PrepTime	2706883	0	1	3008	3	0	2920
RA72WYU	191	Picture	2_32_Encoding_Working_Memory_MEG_Nonsalient_Uncued_NoChange_CuedRetrieval_300_300_399_1850_3000_2200_gabor_patch_orientation_170_124_040_152_target_position_1_3_retrieval_position_3	2710059	0	1	1337	2	0	1250
RA72WYU	191	Picture	Flicker2	2711396	1337	1	1337	2	1250	1250
RA72WYU	191	Picture	Flicker3	2712733	2674	1	1338	2	2500	1250
RA72WYU	192	Picture	Delay	2714238	0	1	18555	2	0	18420
RA72WYU	193	Picture	2_32_Retrieval_Working_Memory_MEG_Nonsalient_Uncued_NoChange_CuedRetrieval_retrieval_patch_orientation_040_retrieval_position_3	2732960	0	1	30089	2	0	29920
RA72WYU	193	Response	10	2745786	12826	3
RA72WYU	194	Picture	ITI	2763216	0	1	22066	2	0	21920
RA72WYU	195	Picture	CueingCross	2785449	0	1	3009	2	0	2920
RA72WYU	196	Picture	PrepTime	2788625	0	1	3009	2	0	2920
RA72WYU	197	Picture	2_33_Encoding_Working_Memory_MEG_Nonsalient_Uncued_NoChange_UncuedRetriev_300_300_399_1750_3000_2500_gabor_patch_orientation_140_026_008_165_target_position_1_3_retrieval_position_2	2791801	0	1	1337	2	0	1250
RA72WYU	197	Picture	Flicker2	2793138	1337	1	1337	2	1250	1250
RA72WYU	197	Picture	Flicker3	2794475	2674	1	1338	2	2500	1250
RA72WYU	198	Picture	Delay	2795980	0	1	17552	2	0	17420
RA72WYU	199	Picture	2_33_Retrieval_Working_Memory_MEG_Nonsalient_Uncued_NoChange_UncuedRetriev_retrieval_patch_orientation_026_retrieval_position_2	2813699	0	1	30089	2	0	29920
RA72WYU	199	Response	10	2831844	18145	4
RA72WYU	200	Picture	ITI	2843955	0	2	25075	3	0	24920
RA72WYU	201	Picture	CueingCross	2869197	0	1	3009	2	0	2920
RA72WYU	202	Picture	PrepTime	2872373	0	1	3009	2	0	2920
RA72WYU	203	Picture	2_34_Encoding_Working_Memory_MEG_Nonsalient_Uncued_DoChange_CuedRetrieval_300_300_399_1800_3000_2050_gabor_patch_orientation_136_087_167_115_target_position_1_4_retrieval_position_1	2875549	0	1	1337	2	0	1250
RA72WYU	203	Picture	Flicker2	2876886	1337	1	1338	2	1250	1250
RA72WYU	203	Picture	Flicker3	2878224	2675	1	1337	2	2500	1250
RA72WYU	204	Picture	Delay	2879728	0	1	18053	3	0	17920
RA72WYU	205	Picture	2_34_Retrieval_Working_Memory_MEG_Nonsalient_Uncued_DoChange_CuedRetrieval_retrieval_patch_orientation_001_retrieval_position_1	2897949	0	1	30089	2	0	29920
RA72WYU	205	Response	20	2922132	24183	4
RA72WYU	206	Picture	ITI	2928205	0	1	20561	2	0	20420
RA72WYU	207	Picture	CueingCross	2948933	0	1	3009	2	0	2920
RA72WYU	208	Picture	PrepTime	2952109	0	1	3009	2	0	2920
RA72WYU	209	Picture	2_35_Encoding_Working_Memory_MEG_Nonsalient_Uncued_NoChange_UncuedRetriev_300_300_399_2250_3000_2100_gabor_patch_orientation_018_002_074_180_target_position_1_4_retrieval_position_2	2955285	0	1	1337	3	0	1250
RA72WYU	209	Picture	Flicker2	2956622	1337	2	1338	3	1250	1250
RA72WYU	209	Picture	Flicker3	2957960	2675	1	1337	2	2500	1250
RA72WYU	210	Picture	Delay	2959464	0	1	22567	2	0	22420
RA72WYU	211	Picture	2_35_Retrieval_Working_Memory_MEG_Nonsalient_Uncued_NoChange_UncuedRetriev_retrieval_patch_orientation_002_retrieval_position_2	2982198	0	2	30089	4	0	29920
RA72WYU	211	Response	10	2994971	12773	3
RA72WYU	212	Picture	ITI	3012455	0	1	21062	2	0	20920
RA72WYU	213	Picture	CueingCross	3033684	0	1	3009	2	0	2920
RA72WYU	214	Picture	PrepTime	3036860	0	1	3009	2	0	2920
RA72WYU	215	Picture	2_36_Encoding_Working_Memory_MEG_Nonsalient_Uncued_NoChange_CuedRetrieval_300_300_399_2150_3000_2000_gabor_patch_orientation_092_163_009_130_target_position_3_4_retrieval_position_3	3040036	0	2	1338	3	0	1250
RA72WYU	215	Picture	Flicker2	3041374	1338	1	1337	2	1250	1250
RA72WYU	215	Picture	Flicker3	3042711	2675	1	1337	2	2500	1250
RA72WYU	216	Picture	Delay	3044215	0	2	21564	3	0	21420
RA72WYU	217	Picture	2_36_Retrieval_Working_Memory_MEG_Nonsalient_Uncued_NoChange_CuedRetrieval_retrieval_patch_orientation_009_retrieval_position_3	3065946	0	2	30090	3	0	29920
RA72WYU	217	Response	10	3077559	11613	4
RA72WYU	218	Picture	ITI	3096203	0	1	20059	3	0	19920
RA72WYU	219	Picture	CueingCross	3116429	0	2	3009	3	0	2920
RA72WYU	220	Picture	PrepTime	3119605	0	2	3009	3	0	2920
RA72WYU	221	Picture	2_37_Encoding_Working_Memory_MEG_Nonsalient_Uncued_DoChange_CuedRetrieval_300_300_399_2200_3000_2500_gabor_patch_orientation_013_039_075_093_target_position_1_3_retrieval_position_1	3122781	0	2	1338	3	0	1250
RA72WYU	221	Picture	Flicker2	3124119	1338	1	1337	2	1250	1250
RA72WYU	221	Picture	Flicker3	3125456	2675	1	1337	2	2500	1250
RA72WYU	222	Picture	Delay	3126961	0	1	22065	2	0	21920
RA72WYU	223	Picture	2_37_Retrieval_Working_Memory_MEG_Nonsalient_Uncued_DoChange_CuedRetrieval_retrieval_patch_orientation_058_retrieval_position_1	3149193	0	1	30089	2	0	29920
RA72WYU	223	Response	10	3160397	11204	4
RA72WYU	224	Picture	ITI	3179449	0	2	25075	3	0	24920
RA72WYU	225	Picture	CueingCross	3204691	0	1	3009	2	0	2920
RA72WYU	226	Picture	PrepTime	3207867	0	1	3009	3	0	2920
RA72WYU	227	Picture	2_38_Encoding_Working_Memory_MEG_Nonsalient_Uncued_DoChange_CuedRetrieval_300_300_399_2250_3000_2250_gabor_patch_orientation_134_069_151_046_target_position_2_3_retrieval_position_3	3211043	0	1	1337	2	0	1250
RA72WYU	227	Picture	Flicker2	3212380	1337	1	1338	2	1250	1250
RA72WYU	227	Picture	Flicker3	3213718	2675	1	1337	2	2500	1250
RA72WYU	228	Picture	Delay	3215222	0	1	22567	2	0	22420
RA72WYU	229	Picture	2_38_Retrieval_Working_Memory_MEG_Nonsalient_Uncued_DoChange_CuedRetrieval_retrieval_patch_orientation_012_retrieval_position_3	3237956	0	1	30089	2	0	29920
RA72WYU	229	Response	10	3255695	17739	4
RA72WYU	230	Picture	ITI	3268212	0	2	22567	3	0	22420
RA72WYU	231	Picture	CueingCross	3290946	0	2	3009	3	0	2920
RA72WYU	232	Picture	PrepTime	3294122	0	2	3009	3	0	2920
RA72WYU	233	Picture	2_39_Encoding_Working_Memory_MEG_Nonsalient_Uncued_DoChange_CuedRetrieval_300_300_399_2000_3000_2350_gabor_patch_orientation_066_100_174_121_target_position_1_2_retrieval_position_2	3297299	0	1	1337	2	0	1250
RA72WYU	233	Picture	Flicker2	3298636	1337	1	1337	2	1250	1250
RA72WYU	233	Picture	Flicker3	3299973	2674	1	1337	3	2500	1250
RA72WYU	234	Picture	Delay	3301478	0	1	20059	2	0	19920
RA72WYU	235	Picture	2_39_Retrieval_Working_Memory_MEG_Nonsalient_Uncued_DoChange_CuedRetrieval_retrieval_patch_orientation_145_retrieval_position_2	3321704	0	1	30089	2	0	29920
RA72WYU	235	Response	10	3340194	18490	3
RA72WYU	236	Picture	ITI	3351960	0	2	23570	3	0	23420
RA72WYU	237	Picture	CueingCross	3375697	0	2	3009	4	0	2920
RA72WYU	238	Picture	PrepTime	3378874	0	1	3008	3	0	2920
RA72WYU	239	Picture	2_40_Encoding_Working_Memory_MEG_Nonsalient_Uncued_DoChange_CuedRetrieval_300_300_399_1900_3000_2300_gabor_patch_orientation_124_041_089_107_target_position_1_4_retrieval_position_4	3382050	0	1	1337	2	0	1250
RA72WYU	239	Picture	Flicker2	3383387	1337	1	1337	2	1250	1250
RA72WYU	239	Picture	Flicker3	3384724	2674	1	1338	2	2500	1250
RA72WYU	240	Picture	Delay	3386229	0	1	19056	2	0	18920
RA72WYU	241	Picture	2_40_Retrieval_Working_Memory_MEG_Nonsalient_Uncued_DoChange_CuedRetrieval_retrieval_patch_orientation_057_retrieval_position_4	3405452	0	2	30089	4	0	29920
RA72WYU	241	Response	20	3422452	17000	3
RA72WYU	242	Picture	ITI	3435709	0	1	23067	3	0	22920
RA72WYU	243	Picture	CueingCross	3458944	0	1	3009	2	0	2920
RA72WYU	244	Picture	PrepTime	3462120	0	1	3009	2	0	2920
RA72WYU	245	Picture	2_41_Encoding_Working_Memory_MEG_Nonsalient_Uncued_NoChange_CuedRetrieval_300_300_399_2200_3000_2150_gabor_patch_orientation_059_033_122_140_target_position_1_4_retrieval_position_4	3465295	0	3	1339	4	0	1250
RA72WYU	245	Picture	Flicker2	3466634	1339	1	1337	2	1250	1250
RA72WYU	245	Picture	Flicker3	3467971	2676	1	1337	2	2500	1250
RA72WYU	246	Picture	Delay	3469475	0	2	22066	3	0	21920
RA72WYU	247	Picture	2_41_Retrieval_Working_Memory_MEG_Nonsalient_Uncued_NoChange_CuedRetrieval_retrieval_patch_orientation_140_retrieval_position_4	3491708	0	1	30089	2	0	29920
RA72WYU	247	Response	10	3510170	18462	4
RA72WYU	248	Picture	ITI	3521964	0	1	21564	2	0	21420
RA72WYU	249	Picture	CueingCross	3543695	0	2	3009	3	0	2920
RA72WYU	250	Picture	PrepTime	3546871	0	2	3009	3	0	2920
RA72WYU	251	Picture	2_42_Encoding_Working_Memory_MEG_Nonsalient_Uncued_NoChange_UncuedRetriev_300_300_399_2250_3000_2400_gabor_patch_orientation_083_105_168_137_target_position_1_4_retrieval_position_3	3550047	0	2	1338	3	0	1250
RA72WYU	251	Picture	Flicker2	3551385	1338	1	1337	2	1250	1250
RA72WYU	251	Picture	Flicker3	3552722	2675	1	1337	2	2500	1250
RA72WYU	252	Picture	Delay	3554226	0	2	22567	3	0	22420
RA72WYU	253	Picture	2_42_Retrieval_Working_Memory_MEG_Nonsalient_Uncued_NoChange_UncuedRetriev_retrieval_patch_orientation_168_retrieval_position_3	3576960	0	2	30090	3	0	29920
RA72WYU	253	Response	10	3592838	15878	4
RA72WYU	254	Picture	ITI	3607217	0	1	24071	2	0	23920
RA72WYU	255	Picture	CueingCross	3631455	0	2	3009	3	0	2920
RA72WYU	256	Picture	PrepTime	3634631	0	2	3009	3	0	2920
RA72WYU	257	Picture	2_43_Encoding_Working_Memory_MEG_Nonsalient_Uncued_DoChange_CuedRetrieval_300_300_399_1750_3000_2450_gabor_patch_orientation_149_084_120_010_target_position_1_4_retrieval_position_1	3637807	0	2	1338	3	0	1250
RA72WYU	257	Picture	Flicker2	3639145	1338	1	1337	2	1250	1250
RA72WYU	257	Picture	Flicker3	3640482	2675	1	1337	2	2500	1250
RA72WYU	258	Picture	Delay	3641986	0	2	17552	4	0	17420
RA72WYU	259	Picture	2_43_Retrieval_Working_Memory_MEG_Nonsalient_Uncued_DoChange_CuedRetrieval_retrieval_patch_orientation_100_retrieval_position_1	3659706	0	1	30089	2	0	29920
RA72WYU	259	Response	10	3676867	17161	3
RA72WYU	260	Picture	ITI	3689962	0	1	24573	2	0	24420
RA72WYU	261	Picture	CueingCross	3714702	0	1	3009	2	0	2920
RA72WYU	262	Picture	PrepTime	3717878	0	1	3009	2	0	2920
RA72WYU	263	Picture	2_44_Encoding_Working_Memory_MEG_Nonsalient_Uncued_DoChange_CuedRetrieval_300_300_399_2250_3000_2450_gabor_patch_orientation_026_095_114_141_target_position_2_4_retrieval_position_4	3721054	0	1	1337	2	0	1250
RA72WYU	263	Picture	Flicker2	3722391	1337	1	1338	2	1250	1250
RA72WYU	263	Picture	Flicker3	3723729	2675	1	1337	2	2500	1250
RA72WYU	264	Picture	Delay	3725233	0	1	22567	2	0	22420
RA72WYU	265	Picture	2_44_Retrieval_Working_Memory_MEG_Nonsalient_Uncued_DoChange_CuedRetrieval_retrieval_patch_orientation_005_retrieval_position_4	3747967	0	1	30089	2	0	29920
RA72WYU	265	Response	20	3766824	18857	4
RA72WYU	266	Picture	ITI	3778223	0	2	24573	3	0	24420
RA72WYU	267	Picture	CueingCross	3802963	0	2	3009	3	0	2920
RA72WYU	268	Picture	PrepTime	3806139	0	2	3009	4	0	2920
RA72WYU	269	Picture	2_45_Encoding_Working_Memory_MEG_Nonsalient_Uncued_NoChange_CuedRetrieval_300_300_399_2200_3000_2150_gabor_patch_orientation_179_094_010_137_target_position_2_3_retrieval_position_3	3809316	0	1	1337	2	0	1250
RA72WYU	269	Picture	Flicker2	3810653	1337	1	1337	2	1250	1250
RA72WYU	269	Picture	Flicker3	3811990	2674	1	1337	3	2500	1250
RA72WYU	270	Picture	Delay	3813495	0	1	22065	2	0	21920
RA72WYU	271	Picture	2_45_Retrieval_Working_Memory_MEG_Nonsalient_Uncued_NoChange_CuedRetrieval_retrieval_patch_orientation_010_retrieval_position_3	3835727	0	1	30089	2	0	29920
RA72WYU	271	Response	10	3849833	14106	3
RA72WYU	272	Picture	ITI	3865983	0	5	21564	6	0	21420
RA72WYU	273	Picture	CueingCross	3887715	0	1	3008	3	0	2920
RA72WYU	274	Picture	PrepTime	3890891	0	1	3009	2	0	2920
RA72WYU	275	Picture	2_46_Encoding_Working_Memory_MEG_Nonsalient_Uncued_DoChange_CuedRetrieval_300_300_399_2050_3000_2400_gabor_patch_orientation_167_138_056_083_target_position_2_4_retrieval_position_2	3894067	0	1	1337	2	0	1250
RA72WYU	275	Picture	Flicker2	3895404	1337	1	1337	2	1250	1250
RA72WYU	275	Picture	Flicker3	3896741	2674	1	1338	2	2500	1250
RA72WYU	276	Picture	Delay	3898246	0	1	20561	3	0	20420
RA72WYU	277	Picture	2_46_Retrieval_Working_Memory_MEG_Nonsalient_Uncued_DoChange_CuedRetrieval_retrieval_patch_orientation_002_retrieval_position_2	3918974	0	1	30089	2	0	29920
RA72WYU	277	Response	10	3935521	16547	4
RA72WYU	278	Picture	ITI	3949230	0	1	24071	3	0	23920
RA72WYU	279	Picture	CueingCross	3973469	0	1	3009	2	0	2920
RA72WYU	280	Picture	PrepTime	3976645	0	1	3009	2	0	2920
RA72WYU	281	Picture	2_47_Encoding_Working_Memory_MEG_Nonsalient_Uncued_NoChange_UncuedRetriev_300_300_399_1950_3000_2100_gabor_patch_orientation_148_108_171_131_target_position_1_3_retrieval_position_2	3979821	0	1	1337	2	0	1250
RA72WYU	281	Picture	Flicker2	3981158	1337	1	1337	2	1250	1250
RA72WYU	281	Picture	Flicker3	3982495	2674	1	1338	2	2500	1250
RA72WYU	282	Picture	Delay	3984000	0	1	19558	2	0	19420
RA72WYU	283	Picture	2_47_Retrieval_Working_Memory_MEG_Nonsalient_Uncued_NoChange_UncuedRetriev_retrieval_patch_orientation_108_retrieval_position_2	4003725	0	1	30089	2	0	29920
RA72WYU	283	Response	10	4013380	9655	3
RA72WYU	284	Picture	ITI	4033981	0	2	21063	3	0	20920
RA72WYU	285	Picture	CueingCross	4055211	0	1	3009	2	0	2920
RA72WYU	286	Picture	PrepTime	4058387	0	1	3009	2	0	2920
RA72WYU	287	Picture	2_48_Encoding_Working_Memory_MEG_Nonsalient_Uncued_DoChange_CuedRetrieval_300_300_399_1850_3000_2450_gabor_patch_orientation_062_011_152_083_target_position_2_4_retrieval_position_4	4061563	0	1	1337	2	0	1250
RA72WYU	287	Picture	Flicker2	4062900	1337	1	1338	2	1250	1250
RA72WYU	287	Picture	Flicker3	4064238	2675	1	1336	3	2500	1250
RA72WYU	288	Picture	Delay	4065742	0	1	18555	2	0	18420
RA72WYU	289	Picture	2_48_Retrieval_Working_Memory_MEG_Nonsalient_Uncued_DoChange_CuedRetrieval_retrieval_patch_orientation_035_retrieval_position_4	4084464	0	1	30089	2	0	29920
RA72WYU	289	Response	10	4098227	13763	4
RA72WYU	290	Picture	ITI	4114720	0	2	24573	3	0	24420
RA72WYU	291	Picture	CueingCross	4139460	0	2	3009	3	0	2920
RA72WYU	292	Picture	PrepTime	4142636	0	2	3009	4	0	2920
RA72WYU	293	Picture	2_49_Encoding_Working_Memory_MEG_Nonsalient_Uncued_NoChange_CuedRetrieval_300_300_399_1800_3000_2150_gabor_patch_orientation_126_173_067_157_target_position_2_3_retrieval_position_2	4145813	0	1	1337	3	0	1250
RA72WYU	293	Picture	Flicker2	4147150	1337	2	1337	3	1250	1250
RA72WYU	293	Picture	Flicker3	4148487	2674	1	1337	3	2500	1250
RA72WYU	294	Picture	Delay	4149992	0	1	18053	2	0	17920
RA72WYU	295	Picture	2_49_Retrieval_Working_Memory_MEG_Nonsalient_Uncued_NoChange_CuedRetrieval_retrieval_patch_orientation_173_retrieval_position_2	4168212	0	2	30089	4	0	29920
RA72WYU	295	Response	10	4180126	11914	4
RA72WYU	295	Response	10	4187786	19574	3
RA72WYU	295	Response	10	4190516	22304	4
RA72WYU	296	Picture	ITI	4198469	0	1	21563	3	0	21420
RA72WYU	297	Picture	CueingCross	4220200	0	1	3009	2	0	2920
RA72WYU	298	Picture	PrepTime	4223376	0	1	3009	2	0	2920
RA72WYU	299	Picture	2_50_Encoding_Working_Memory_MEG_Nonsalient_Uncued_DoChange_UncuedRetriev_300_300_399_2000_3000_2450_gabor_patch_orientation_132_046_068_086_target_position_1_4_retrieval_position_2	4226552	0	1	1337	2	0	1250
RA72WYU	299	Picture	Flicker2	4227889	1337	1	1337	2	1250	1250
RA72WYU	299	Picture	Flicker3	4229226	2674	1	1338	2	2500	1250
RA72WYU	300	Picture	Delay	4230731	0	1	20059	2	0	19920
RA72WYU	301	Picture	2_50_Retrieval_Working_Memory_MEG_Nonsalient_Uncued_DoChange_UncuedRetriev_retrieval_patch_orientation_001_retrieval_position_2	4250957	0	2	30090	3	0	29920
RA72WYU	301	Response	20	4261404	10447	4
RA72WYU	302	Picture	ITI	4281214	0	1	24573	2	0	24420
RA72WYU	303	Picture	CueingCross	4305954	0	1	3009	2	0	2920
RA72WYU	304	Picture	PrepTime	4309130	0	1	3009	2	0	2920
RA72WYU	305	Picture	2_51_Encoding_Working_Memory_MEG_Nonsalient_Uncued_NoChange_CuedRetrieval_300_300_399_1900_3000_2500_gabor_patch_orientation_082_101_165_057_target_position_2_3_retrieval_position_3	4312306	0	1	1337	2	0	1250
RA72WYU	305	Picture	Flicker2	4313643	1337	1	1337	3	1250	1250
RA72WYU	305	Picture	Flicker3	4314980	2674	2	1338	3	2500	1250
RA72WYU	306	Picture	Delay	4316485	0	1	19056	2	0	18920
RA72WYU	307	Picture	2_51_Retrieval_Working_Memory_MEG_Nonsalient_Uncued_NoChange_CuedRetrieval_retrieval_patch_orientation_165_retrieval_position_3	4335709	0	1	30089	2	0	29920
RA72WYU	307	Response	10	4361312	25603	4
RA72WYU	308	Picture	ITI	4365965	0	1	25074	2	0	24920
RA72WYU	309	Picture	CueingCross	4391206	0	2	3009	3	0	2920
RA72WYU	310	Picture	PrepTime	4394382	0	2	3009	3	0	2920
RA72WYU	311	Picture	2_52_Encoding_Working_Memory_MEG_Nonsalient_Uncued_NoChange_CuedRetrieval_300_300_399_1850_3000_2100_gabor_patch_orientation_028_100_166_060_target_position_2_4_retrieval_position_2	4397558	0	2	1338	3	0	1250
RA72WYU	311	Picture	Flicker2	4398896	1338	1	1337	2	1250	1250
RA72WYU	311	Picture	Flicker3	4400233	2675	1	1337	2	2500	1250
RA72WYU	312	Picture	Delay	4401737	0	2	18555	4	0	18420
RA72WYU	313	Picture	2_52_Retrieval_Working_Memory_MEG_Nonsalient_Uncued_NoChange_CuedRetrieval_retrieval_patch_orientation_100_retrieval_position_2	4420460	0	1	30089	3	0	29920
RA72WYU	313	Response	20	4437501	17041	4
RA72WYU	314	Picture	ITI	4450716	0	1	21062	2	0	20920
RA72WYU	315	Picture	CueingCross	4471946	0	1	3008	3	0	2920
RA72WYU	316	Picture	PrepTime	4475122	0	1	3009	2	0	2920
RA72WYU	317	Picture	2_53_Encoding_Working_Memory_MEG_Nonsalient_Uncued_NoChange_CuedRetrieval_300_300_399_2050_3000_2500_gabor_patch_orientation_173_015_123_064_target_position_1_4_retrieval_position_1	4478298	0	1	1337	2	0	1250
RA72WYU	317	Picture	Flicker2	4479635	1337	1	1337	2	1250	1250
RA72WYU	317	Picture	Flicker3	4480972	2674	1	1338	2	2500	1250
RA72WYU	318	Picture	Delay	4482477	0	1	20561	2	0	20420
RA72WYU	319	Picture	2_53_Retrieval_Working_Memory_MEG_Nonsalient_Uncued_NoChange_CuedRetrieval_retrieval_patch_orientation_173_retrieval_position_1	4503205	0	1	30089	2	0	29920
RA72WYU	319	Response	10	4511919	8714	4
RA72WYU	320	Picture	ITI	4533461	0	1	25074	3	0	24920
RA72WYU	321	Picture	CueingCross	4558703	0	1	3008	3	0	2920
RA72WYU	322	Picture	PrepTime	4561879	0	1	3009	2	0	2920
RA72WYU	323	Picture	2_54_Encoding_Working_Memory_MEG_Nonsalient_Uncued_NoChange_CuedRetrieval_300_300_399_1750_3000_2350_gabor_patch_orientation_075_102_162_138_target_position_3_4_retrieval_position_3	4565055	0	1	1337	2	0	1250
RA72WYU	323	Picture	Flicker2	4566392	1337	1	1337	2	1250	1250
RA72WYU	323	Picture	Flicker3	4567729	2674	1	1338	2	2500	1250
RA72WYU	324	Picture	Delay	4569234	0	1	17552	2	0	17420
RA72WYU	325	Picture	2_54_Retrieval_Working_Memory_MEG_Nonsalient_Uncued_NoChange_CuedRetrieval_retrieval_patch_orientation_162_retrieval_position_3	4586953	0	1	30089	2	0	29920
RA72WYU	325	Response	10	4599067	12114	4
RA72WYU	326	Picture	ITI	4617209	0	2	23570	3	0	23420
RA72WYU	327	Picture	CueingCross	4640946	0	2	3009	3	0	2920
RA72WYU	328	Picture	PrepTime	4644122	0	2	3009	3	0	2920
RA72WYU	329	Picture	2_55_Encoding_Working_Memory_MEG_Nonsalient_Uncued_NoChange_CuedRetrieval_300_300_399_1950_3000_2000_gabor_patch_orientation_087_001_041_117_target_position_2_4_retrieval_position_4	4647298	0	2	1338	3	0	1250
RA72WYU	329	Picture	Flicker2	4648636	1338	1	1337	2	1250	1250
RA72WYU	329	Picture	Flicker3	4649973	2675	1	1337	2	2500	1250
RA72WYU	330	Picture	Delay	4651477	0	2	19558	4	0	19420
RA72WYU	331	Picture	2_55_Retrieval_Working_Memory_MEG_Nonsalient_Uncued_NoChange_CuedRetrieval_retrieval_patch_orientation_117_retrieval_position_4	4671203	0	1	30089	2	0	29920
RA72WYU	331	Response	10	4687326	16123	3
RA72WYU	332	Picture	ITI	4701459	0	1	20059	2	0	19920
RA72WYU	333	Picture	CueingCross	4721685	0	2	3009	4	0	2920
RA72WYU	334	Picture	PrepTime	4724862	0	1	3008	3	0	2920
RA72WYU	335	Picture	2_56_Encoding_Working_Memory_MEG_Nonsalient_Uncued_DoChange_CuedRetrieval_300_300_399_2100_3000_2150_gabor_patch_orientation_093_160_009_073_target_position_2_3_retrieval_position_3	4728038	0	1	1337	2	0	1250
RA72WYU	335	Picture	Flicker2	4729375	1337	1	1337	2	1250	1250
RA72WYU	335	Picture	Flicker3	4730712	2674	1	1338	2	2500	1250
RA72WYU	336	Picture	Delay	4732217	0	1	21062	2	0	20920
RA72WYU	337	Picture	2_56_Retrieval_Working_Memory_MEG_Nonsalient_Uncued_DoChange_CuedRetrieval_retrieval_patch_orientation_144_retrieval_position_3	4753446	0	1	30089	2	0	29920
RA72WYU	337	Response	20	4767784	14338	3
RA72WYU	338	Picture	ITI	4783702	0	2	21564	4	0	21420
RA72WYU	339	Picture	CueingCross	4805434	0	1	3008	3	0	2920
RA72WYU	340	Picture	PrepTime	4808610	0	1	3009	2	0	2920
RA72WYU	341	Picture	2_57_Encoding_Working_Memory_MEG_Nonsalient_Uncued_DoChange_UncuedRetriev_300_300_399_1900_3000_2000_gabor_patch_orientation_148_097_178_038_target_position_2_4_retrieval_position_1	4811786	0	1	1337	2	0	1250
RA72WYU	341	Picture	Flicker2	4813123	1337	1	1337	2	1250	1250
RA72WYU	341	Picture	Flicker3	4814460	2674	1	1338	2	2500	1250
RA72WYU	342	Picture	Delay	4815965	0	1	19056	2	0	18920
RA72WYU	343	Picture	2_57_Retrieval_Working_Memory_MEG_Nonsalient_Uncued_DoChange_UncuedRetriev_retrieval_patch_orientation_012_retrieval_position_1	4835188	0	2	30090	3	0	29920
RA72WYU	343	Response	10	4848972	13784	4
RA72WYU	344	Picture	ITI	4865445	0	1	20059	2	0	19920
RA72WYU	345	Picture	CueingCross	4885671	0	2	3009	3	0	2920
RA72WYU	346	Picture	PrepTime	4888847	0	2	3009	3	0	2920
RA72WYU	347	Picture	2_58_Encoding_Working_Memory_MEG_Nonsalient_Uncued_DoChange_CuedRetrieval_300_300_399_1750_3000_2300_gabor_patch_orientation_067_177_125_089_target_position_2_3_retrieval_position_2	4892023	0	2	1338	3	0	1250
RA72WYU	347	Picture	Flicker2	4893361	1338	1	1337	2	1250	1250
RA72WYU	347	Picture	Flicker3	4894698	2675	1	1337	2	2500	1250
RA72WYU	348	Picture	Delay	4896203	0	1	17552	2	0	17420
RA72WYU	349	Picture	2_58_Retrieval_Working_Memory_MEG_Nonsalient_Uncued_DoChange_CuedRetrieval_retrieval_patch_orientation_037_retrieval_position_2	4913922	0	1	30089	2	0	29920
RA72WYU	349	Response	20	4924571	10649	3
RA72WYU	350	Picture	ITI	4944178	0	1	23068	2	0	22920
RA72WYU	351	Picture	CueingCross	4967413	0	2	3009	4	0	2920
RA72WYU	352	Picture	PrepTime	4970590	0	1	3009	2	0	2920
RA72WYU	353	Picture	2_59_Encoding_Working_Memory_MEG_Nonsalient_Uncued_NoChange_CuedRetrieval_300_300_399_2000_3000_2050_gabor_patch_orientation_150_087_014_168_target_position_2_3_retrieval_position_3	4973766	0	1	1337	2	0	1250
RA72WYU	353	Picture	Flicker2	4975103	1337	1	1337	2	1250	1250
RA72WYU	353	Picture	Flicker3	4976440	2674	1	1338	2	2500	1250
RA72WYU	354	Picture	Delay	4977945	0	1	20059	2	0	19920
RA72WYU	355	Picture	2_59_Retrieval_Working_Memory_MEG_Nonsalient_Uncued_NoChange_CuedRetrieval_retrieval_patch_orientation_014_retrieval_position_3	4998171	0	2	30089	4	0	29920
RA72WYU	355	Response	10	5008239	10068	3
RA72WYU	356	Picture	ITI	5028428	0	1	20561	2	0	20420
RA72WYU	357	Picture	CueingCross	5049156	0	1	3009	2	0	2920
RA72WYU	358	Picture	PrepTime	5052332	0	1	3009	2	0	2920
RA72WYU	359	Picture	2_60_Encoding_Working_Memory_MEG_Nonsalient_Uncued_NoChange_UncuedRetriev_300_300_399_1950_3000_2250_gabor_patch_orientation_178_099_159_119_target_position_2_4_retrieval_position_1	5055508	0	1	1337	2	0	1250
RA72WYU	359	Picture	Flicker2	5056845	1337	1	1337	3	1250	1250
RA72WYU	359	Picture	Flicker3	5058182	2674	2	1338	3	2500	1250
RA72WYU	360	Picture	Delay	5059687	0	1	19558	2	0	19420
RA72WYU	361	Picture	2_60_Retrieval_Working_Memory_MEG_Nonsalient_Uncued_NoChange_UncuedRetriev_retrieval_patch_orientation_178_retrieval_position_1	5079412	0	1	30089	2	0	29920
RA72WYU	361	Response	20	5081007	1595	4
RA72WYU	361	Response	10	5107487	28075	3
RA72WYU	362	Picture	ITI	5109668	0	2	22567	3	0	22420
RA72WYU	363	Picture	CueingCross	5132402	0	2	3009	3	0	2920
RA72WYU	364	Picture	PrepTime	5135578	0	2	3009	3	0	2920
RA72WYU	365	Picture	2_61_Encoding_Working_Memory_MEG_Nonsalient_Uncued_NoChange_CuedRetrieval_300_300_399_1850_3000_2450_gabor_patch_orientation_060_125_143_090_target_position_2_3_retrieval_position_3	5138755	0	1	1337	2	0	1250
RA72WYU	365	Picture	Flicker2	5140092	1337	1	1337	2	1250	1250
RA72WYU	365	Picture	Flicker3	5141429	2674	1	1337	3	2500	1250
RA72WYU	366	Picture	Delay	5142934	0	1	18555	2	0	18420
RA72WYU	367	Picture	2_61_Retrieval_Working_Memory_MEG_Nonsalient_Uncued_NoChange_CuedRetrieval_retrieval_patch_orientation_143_retrieval_position_3	5161656	0	1	30089	2	0	29920
RA72WYU	367	Response	20	5180145	18489	4
RA72WYU	368	Picture	ITI	5191912	0	1	24573	2	0	24420
RA72WYU	369	Picture	CueingCross	5216652	0	1	3009	2	0	2920
RA72WYU	370	Picture	PrepTime	5219828	0	1	3009	2	0	2920
RA72WYU	371	Picture	2_62_Encoding_Working_Memory_MEG_Nonsalient_Uncued_NoChange_CuedRetrieval_300_300_399_1750_3000_2050_gabor_patch_orientation_099_029_012_080_target_position_2_3_retrieval_position_2	5223004	0	1	1337	3	0	1250
RA72WYU	371	Picture	Flicker2	5224341	1337	2	1338	3	1250	1250
RA72WYU	371	Picture	Flicker3	5225679	2675	1	1337	2	2500	1250
RA72WYU	372	Picture	Delay	5227183	0	1	17552	2	0	17420
RA72WYU	373	Picture	2_62_Retrieval_Working_Memory_MEG_Nonsalient_Uncued_NoChange_CuedRetrieval_retrieval_patch_orientation_029_retrieval_position_2	5244902	0	2	30089	4	0	29920
RA72WYU	373	Response	20	5262994	18092	3
RA72WYU	374	Picture	ITI	5275159	0	1	20561	2	0	20420
RA72WYU	375	Picture	CueingCross	5295887	0	1	3009	2	0	2920
RA72WYU	376	Picture	PrepTime	5299063	0	1	3009	2	0	2920
RA72WYU	377	Picture	2_63_Encoding_Working_Memory_MEG_Nonsalient_Uncued_NoChange_CuedRetrieval_300_300_399_2050_3000_2200_gabor_patch_orientation_055_119_177_013_target_position_2_3_retrieval_position_3	5302239	0	1	1337	2	0	1250
RA72WYU	377	Picture	Flicker2	5303576	1337	1	1337	3	1250	1250
RA72WYU	377	Picture	Flicker3	5304913	2674	2	1338	3	2500	1250
RA72WYU	378	Picture	Delay	5306418	0	1	20561	2	0	20420
RA72WYU	379	Picture	2_63_Retrieval_Working_Memory_MEG_Nonsalient_Uncued_NoChange_CuedRetrieval_retrieval_patch_orientation_177_retrieval_position_3	5327146	0	1	30089	2	0	29920
RA72WYU	379	Response	20	5350272	23126	4
RA72WYU	380	Picture	ITI	5357402	0	2	22066	3	0	21920
RA72WYU	381	Picture	CueingCross	5379635	0	1	3009	2	0	2920
RA72WYU	382	Picture	PrepTime	5382811	0	1	3009	2	0	2920
RA72WYU	383	Picture	2_64_Encoding_Working_Memory_MEG_Nonsalient_Uncued_NoChange_CuedRetrieval_300_300_399_1850_3000_2300_gabor_patch_orientation_091_068_006_112_target_position_1_3_retrieval_position_1	5385987	0	1	1337	2	0	1250
RA72WYU	383	Picture	Flicker2	5387324	1337	1	1338	2	1250	1250
RA72WYU	383	Picture	Flicker3	5388662	2675	1	1337	2	2500	1250
RA72WYU	384	Picture	Delay	5390166	0	1	18555	2	0	18420
RA72WYU	385	Picture	2_64_Retrieval_Working_Memory_MEG_Nonsalient_Uncued_NoChange_CuedRetrieval_retrieval_patch_orientation_091_retrieval_position_1	5408888	0	1	30089	2	0	29920
RA72WYU	385	Response	20	5430990	22102	4
RA72WYU	386	Picture	ITI	5439145	0	1	23068	2	0	22920
RA72WYU	387	Picture	CueingCross	5462380	0	1	3009	2	0	2920
RA72WYU	388	Picture	PrepTime	5465556	0	1	3009	2	0	2920
RA72WYU	389	Picture	2_65_Encoding_Working_Memory_MEG_Nonsalient_Uncued_DoChange_CuedRetrieval_300_300_399_1800_3000_2200_gabor_patch_orientation_069_012_125_144_target_position_1_3_retrieval_position_3	5468732	0	1	1337	3	0	1250
RA72WYU	389	Picture	Flicker2	5470069	1337	2	1338	3	1250	1250
RA72WYU	389	Picture	Flicker3	5471407	2675	1	1337	2	2500	1250
RA72WYU	390	Picture	Delay	5472911	0	1	18054	2	0	17920
RA72WYU	391	Picture	2_65_Retrieval_Working_Memory_MEG_Nonsalient_Uncued_DoChange_CuedRetrieval_retrieval_patch_orientation_175_retrieval_position_3	5491132	0	1	30089	2	0	29920
RA72WYU	391	Response	10	5511278	20146	4
RA72WYU	392	Picture	ITI	5521388	0	2	22066	3	0	21920
RA72WYU	393	Picture	CueingCross	5543621	0	1	3009	2	0	2920
RA72WYU	394	Picture	PrepTime	5546797	0	1	3009	2	0	2920
RA72WYU	395	Picture	2_66_Encoding_Working_Memory_MEG_Nonsalient_Uncued_DoChange_CuedRetrieval_300_300_399_2250_3000_2250_gabor_patch_orientation_175_100_125_158_target_position_1_2_retrieval_position_2	5549973	0	1	1337	2	0	1250
RA72WYU	395	Picture	Flicker2	5551310	1337	1	1337	3	1250	1250
RA72WYU	395	Picture	Flicker3	5552647	2674	2	1338	3	2500	1250
RA72WYU	396	Picture	Delay	5554152	0	1	22567	2	0	22420
RA72WYU	397	Picture	2_66_Retrieval_Working_Memory_MEG_Nonsalient_Uncued_DoChange_CuedRetrieval_retrieval_patch_orientation_050_retrieval_position_2	5576886	0	1	30089	2	0	29920
RA72WYU	397	Response	20	5589337	12451	3
RA72WYU	398	Picture	ITI	5607142	0	2	22567	3	0	22420
RA72WYU	399	Picture	CueingCross	5629876	0	2	3009	3	0	2920
RA72WYU	400	Picture	PrepTime	5633052	0	2	3009	3	0	2920
RA72WYU	401	Picture	2_67_Encoding_Working_Memory_MEG_Nonsalient_Uncued_DoChange_UncuedRetriev_300_300_399_2050_3000_2100_gabor_patch_orientation_036_054_094_162_target_position_2_4_retrieval_position_3	5636228	0	2	1338	3	0	1250
RA72WYU	401	Picture	Flicker2	5637566	1338	1	1337	2	1250	1250
RA72WYU	401	Picture	Flicker3	5638903	2675	1	1337	2	2500	1250
RA72WYU	402	Picture	Delay	5640407	0	2	20561	4	0	20420
RA72WYU	403	Picture	2_67_Retrieval_Working_Memory_MEG_Nonsalient_Uncued_DoChange_UncuedRetriev_retrieval_patch_orientation_142_retrieval_position_3	5661136	0	1	30089	2	0	29920
RA72WYU	403	Response	20	5675565	14429	4
RA72WYU	404	Picture	ITI	5691392	0	1	21062	2	0	20920
RA72WYU	405	Picture	CueingCross	5712621	0	2	3009	4	0	2920
RA72WYU	406	Picture	PrepTime	5715798	0	1	3008	3	0	2920
RA72WYU	407	Picture	2_68_Encoding_Working_Memory_MEG_Nonsalient_Uncued_NoChange_CuedRetrieval_300_300_399_2150_3000_2000_gabor_patch_orientation_138_010_095_033_target_position_1_3_retrieval_position_3	5718974	0	1	1337	2	0	1250
RA72WYU	407	Picture	Flicker2	5720311	1337	1	1337	2	1250	1250
RA72WYU	407	Picture	Flicker3	5721648	2674	1	1338	2	2500	1250
RA72WYU	408	Picture	Delay	5723153	0	1	21564	2	0	21420
RA72WYU	409	Picture	2_68_Retrieval_Working_Memory_MEG_Nonsalient_Uncued_NoChange_CuedRetrieval_retrieval_patch_orientation_095_retrieval_position_3	5744884	0	1	30089	2	0	29920
RA72WYU	409	Response	10	5761203	16319	4
RA72WYU	410	Picture	ITI	5775140	0	1	20059	3	0	19920
RA72WYU	411	Picture	CueingCross	5795367	0	1	3009	2	0	2920
RA72WYU	412	Picture	PrepTime	5798543	0	1	3009	2	0	2920
RA72WYU	413	Picture	2_69_Encoding_Working_Memory_MEG_Nonsalient_Uncued_NoChange_CuedRetrieval_300_300_399_1800_3000_2100_gabor_patch_orientation_063_080_142_106_target_position_2_4_retrieval_position_2	5801719	0	1	1337	2	0	1250
RA72WYU	413	Picture	Flicker2	5803056	1337	1	1337	3	1250	1250
RA72WYU	413	Picture	Flicker3	5804393	2674	2	1338	3	2500	1250
RA72WYU	414	Picture	Delay	5805898	0	1	18053	2	0	17920
RA72WYU	415	Picture	2_69_Retrieval_Working_Memory_MEG_Nonsalient_Uncued_NoChange_CuedRetrieval_retrieval_patch_orientation_080_retrieval_position_2	5824118	0	2	30090	3	0	29920
RA72WYU	415	Response	10	5838862	14744	3
RA72WYU	416	Picture	ITI	5854375	0	1	21062	2	0	20920
RA72WYU	417	Picture	CueingCross	5875604	0	2	3009	3	0	2920
RA72WYU	418	Picture	PrepTime	5878780	0	2	3009	3	0	2920
RA72WYU	419	Picture	2_70_Encoding_Working_Memory_MEG_Nonsalient_Uncued_NoChange_UncuedRetriev_300_300_399_2200_3000_2000_gabor_patch_orientation_040_085_009_151_target_position_3_4_retrieval_position_2	5881957	0	1	1337	2	0	1250
RA72WYU	419	Picture	Flicker2	5883294	1337	1	1337	2	1250	1250
RA72WYU	419	Picture	Flicker3	5884631	2674	1	1337	3	2500	1250
RA72WYU	420	Picture	Delay	5886136	0	1	22065	2	0	21920
RA72WYU	421	Picture	2_70_Retrieval_Working_Memory_MEG_Nonsalient_Uncued_NoChange_UncuedRetriev_retrieval_patch_orientation_085_retrieval_position_2	5908368	0	1	30089	2	0	29920
RA72WYU	421	Response	10	5913720	5352	4
RA72WYU	422	Picture	ITI	5938624	0	2	20060	3	0	19920
RA72WYU	423	Picture	BaselinePost	5958851	0	1	50149	2	0	50000
