Scenario - ATWM1_Working_Memory_MEG_salient_uncued_instruction
Logfile written - 02/08/2016 19:47:50

Subject	Trial	Event Type	Code	Time	TTime	Uncertainty	Duration	Uncertainty	ReqTime	ReqDur

RA72WYU	1	Picture	Instruction_S_UC	29	0	1	100130	2	0	100000
RA72WYU	2	Picture	Instruction2	100326	0	1	100130	2	0	100000
RA72WYU	3	Picture	Instruction3	200623	0	2	18722	4	0	resp
RA72WYU	3	Response	10	219258	18635	3
RA72WYU	4	Picture	Instruction4	239405	0	1	4346	2	0	resp
RA72WYU	4	Response	20	243567	4162	4
RA72WYU	5	Picture	Instruction5	263643	0	2	2340	5	0	resp
RA72WYU	5	Response	10	265947	2304	3
RA72WYU	6	Picture	Instruction4	286043	0	1	2508	2	0	resp
RA72WYU	6	Response	20	288526	2483	4
RA72WYU	7	Picture	Instruction3	308610	0	1	3678	2	0	resp
RA72WYU	7	Response	10	312186	3576	4
RA72WYU	8	Picture	Instruction4	332347	0	1	5684	2	0	resp
RA72WYU	8	Response	20	337925	5578	4
RA72WYU	9	Picture	Instruction_S_UC_TestTrials	358090	0	1	100130	2	0	100000
RA72WYU	10	Picture	BaselinePre	458387	0	1	20060	2	0	20000
RA72WYU	11	Picture	CueingCross	478614	0	1	3009	2	0	2920
RA72WYU	12	Picture	PrepTime	481790	0	1	3009	2	0	2920
RA72WYU	13	Picture	1_1_Encoding_Working_Memory_MEG_Salient_Uncued_NoChange_CuedRetrieval_300_300_399_1750_3000_2000_gabor_patch_orientation_148_001_017_034_target_position_3_4_retrieval_position_4	484966	0	1	1337	2	0	1250
RA72WYU	13	Picture	Flicker2	486303	1337	1	1337	3	1250	1250
RA72WYU	13	Picture	Flicker3	487640	2674	2	1338	3	2500	1250
RA72WYU	14	Picture	Delay	489145	0	1	17552	2	0	17420
RA72WYU	15	Picture	1_1_Retrieval_Working_Memory_MEG_Salient_Uncued_NoChange_CuedRetrieval_retrieval_patch_orientation_034_retrieval_position_4	506864	0	1	30089	2	0	29920
RA72WYU	15	Response	20	526421	19557	4
RA72WYU	16	Picture	ITI	557013	0	1	20059	2	0	19920
RA72WYU	17	Picture	CueingCross	577239	0	2	3009	3	0	2920
RA72WYU	18	Picture	PrepTime	580415	0	2	3009	3	0	2920
RA72WYU	19	Picture	1_2_Encoding_Working_Memory_MEG_Salient_Uncued_DoChange_CuedRetrieval_300_300_399_1900_3000_2050_gabor_patch_orientation_166_104_032_119_target_position_1_2_retrieval_position_2	583591	0	2	1338	3	0	1250
RA72WYU	19	Picture	Flicker2	584929	1338	1	1337	2	1250	1250
RA72WYU	19	Picture	Flicker3	586266	2675	1	1337	2	2500	1250
RA72WYU	20	Picture	Delay	587771	0	1	19056	2	0	18920
RA72WYU	21	Picture	1_2_Retrieval_Working_Memory_MEG_Salient_Uncued_DoChange_CuedRetrieval_retrieval_patch_orientation_057_retrieval_position_2	606994	0	1	30089	2	0	29920
RA72WYU	21	Response	10	619699	12705	4
RA72WYU	22	Picture	ITI	657143	0	1	20561	2	0	20420
RA72WYU	23	Picture	CueingCross	677871	0	1	3009	2	0	2920
RA72WYU	24	Picture	PrepTime	681047	0	1	3009	2	0	2920
RA72WYU	25	Picture	1_3_Encoding_Working_Memory_MEG_Salient_Uncued_NoChange_CuedRetrieval_300_300_399_1850_3000_2150_gabor_patch_orientation_106_062_148_179_target_position_2_3_retrieval_position_2	684223	0	1	1337	2	0	1250
RA72WYU	25	Picture	Flicker2	685560	1337	1	1338	2	1250	1250
RA72WYU	25	Picture	Flicker3	686898	2675	1	1337	2	2500	1250
RA72WYU	26	Picture	Delay	688402	0	1	18555	2	0	18420
RA72WYU	27	Picture	1_3_Retrieval_Working_Memory_MEG_Salient_Uncued_NoChange_CuedRetrieval_retrieval_patch_orientation_062_retrieval_position_2	707124	0	1	30089	2	0	29920
RA72WYU	27	Response	10	731627	24503	5
RA72WYU	28	Picture	ITI	757273	0	1	21564	2	0	21420
RA72WYU	29	Picture	CueingCross	779004	0	1	3009	2	0	2920
RA72WYU	30	Picture	PrepTime	782180	0	1	3009	2	0	2920
RA72WYU	31	Picture	1_4_Encoding_Working_Memory_MEG_Salient_Uncued_DoChange_CuedRetrieval_300_300_399_1800_3000_2100_gabor_patch_orientation_088_161_055_025_target_position_2_3_retrieval_position_2	785356	0	1	1337	2	0	1250
RA72WYU	31	Picture	Flicker2	786693	1337	1	1338	2	1250	1250
RA72WYU	31	Picture	Flicker3	788031	2675	1	1337	2	2500	1250
RA72WYU	32	Picture	Delay	789535	0	1	18054	2	0	17920
RA72WYU	33	Picture	1_4_Retrieval_Working_Memory_MEG_Salient_Uncued_DoChange_CuedRetrieval_retrieval_patch_orientation_111_retrieval_position_2	807756	0	1	30089	2	0	29920
RA72WYU	33	Response	10	822645	14889	4
RA72WYU	34	Picture	ITI	857904	0	1	21063	2	0	20920
RA72WYU	35	Picture	BaselinePost	879133	0	2	20060	3	0	20000
RA72WYU	36	Picture	Instruction_S_UC	899360	0	2	150607	3	0	3000000
RA72WYU	36	Quit		1041899	142539	
