Scenario - ATWM1_Working_Memory_MEG_salient_cued_instruction
Logfile written - 04/04/2016 14:14:42

Subject	Trial	Event Type	Code	Time	TTime	Uncertainty	Duration	Uncertainty	ReqTime	ReqDur

JH56CNU	1	Picture	Instruction_S_C	29	0	1	100131	2	0	100000
JH56CNU	2	Picture	Instruction2	100327	0	1	100131	2	0	100000
JH56CNU	3	Picture	Instruction3	200625	0	1	17218	2	0	resp
JH56CNU	3	Response	10	217784	17159	4
JH56CNU	4	Picture	Instruction4	237902	0	1	4513	3	0	resp
JH56CNU	4	Response	20	242344	4442	3
JH56CNU	5	Picture	Instruction5	262475	0	1	5182	2	0	resp
JH56CNU	5	Response	10	267594	5119	3
JH56CNU	6	Picture	Instruction4	287717	0	1	4513	2	0	resp
JH56CNU	6	Response	20	292183	4466	4
JH56CNU	7	Picture	Instruction3	312290	0	1	4346	2	0	resp
JH56CNU	7	Response	10	316553	4263	3
JH56CNU	8	Picture	Instruction4	336696	0	1	7020	2	0	resp
JH56CNU	8	Response	20	343662	6966	4
JH56CNU	9	Picture	Instruction_S_C_TestTrials	363776	0	1	100131	2	0	100000
JH56CNU	10	Picture	BaselinePre	464074	0	1	20059	2	0	20000
JH56CNU	11	Picture	CueingCross	484300	0	2	3009	4	0	2920
JH56CNU	12	Picture	PrepTime	487477	0	1	3009	2	0	2920
JH56CNU	13	Picture	1_1_Encoding_Working_Memory_MEG_P6_LR_Salient_NoChange_CuedRetrieval_300_300_399_1750_3000_2000_gabor_patch_orientation_074_045_112_001_target_position_3_4_retrieval_position_3	490653	0	1	1337	2	0	1250
JH56CNU	13	Picture	Flicker2	491990	1337	1	1337	2	1250	1250
JH56CNU	13	Picture	Flicker3	493327	2674	1	1338	2	2500	1250
JH56CNU	14	Picture	Delay	494832	0	1	17552	2	0	17420
JH56CNU	15	Picture	1_1_Retrieval_Working_Memory_MEG_P6_LR_Salient_NoChange_CuedRetrieval_retrieval_patch_orientation_112_retrieval_position_3	512551	0	1	30089	3	0	29920
JH56CNU	15	Response	10	534470	21919	4
JH56CNU	16	Picture	ITI	562700	0	1	20060	2	0	19920
JH56CNU	17	Picture	CueingCross	582927	0	1	3009	2	0	2920
JH56CNU	18	Picture	PrepTime	586103	0	1	3009	2	0	2920
JH56CNU	19	Picture	1_2_Encoding_Working_Memory_MEG_P6_LR_Salient_DoChange_CuedRetrieval_300_300_399_1850_3000_2050_gabor_patch_orientation_162_010_088_026_target_position_1_3_retrieval_position_3	589279	0	1	1337	2	0	1250
JH56CNU	19	Picture	Flicker2	590616	1337	1	1338	2	1250	1250
JH56CNU	19	Picture	Flicker3	591954	2675	1	1337	2	2500	1250
JH56CNU	20	Picture	Delay	593458	0	1	18555	2	0	18420
JH56CNU	21	Picture	1_2_Retrieval_Working_Memory_MEG_P6_LR_Salient_DoChange_CuedRetrieval_retrieval_patch_orientation_137_retrieval_position_3	612180	0	2	30090	3	0	29920
JH56CNU	21	Response	20	625968	13788	4
JH56CNU	22	Picture	ITI	662329	0	1	20561	2	0	20420
JH56CNU	23	Picture	CueingCross	683057	0	2	3009	3	0	2920
JH56CNU	24	Picture	PrepTime	686233	0	2	3009	4	0	2920
JH56CNU	25	Picture	1_3_Encoding_Working_Memory_MEG_P6_LR_Salient_DoChange_CuedRetrieval_300_300_399_1900_3000_1900_gabor_patch_orientation_097_031_151_069_target_position_2_3_retrieval_position_3	689410	0	1	1337	2	0	1250
JH56CNU	25	Picture	Flicker2	690747	1337	1	1337	2	1250	1250
JH56CNU	25	Picture	Flicker3	692084	2674	1	1338	2	2500	1250
JH56CNU	26	Picture	Delay	693589	0	1	19056	2	0	18920
JH56CNU	27	Picture	1_3_Retrieval_Working_Memory_MEG_P6_LR_Salient_DoChange_CuedRetrieval_retrieval_patch_orientation_014_retrieval_position_3	712812	0	2	30090	3	0	29920
JH56CNU	27	Response	20	725207	12395	4
JH56CNU	28	Picture	ITI	762961	0	2	19057	3	0	18920
JH56CNU	29	Picture	CueingCross	782185	0	1	3009	2	0	2920
JH56CNU	30	Picture	PrepTime	785361	0	1	3009	2	0	2920
JH56CNU	31	Picture	1_4_Encoding_Working_Memory_MEG_P6_LR_Salient_NoChange_CuedRetrieval_300_300_399_1800_3000_1950_gabor_patch_orientation_079_046_151_110_target_position_2_3_retrieval_position_2	788537	0	2	1338	3	0	1250
JH56CNU	31	Picture	Flicker2	789875	1338	1	1337	2	1250	1250
JH56CNU	31	Picture	Flicker3	791212	2675	1	1337	2	2500	1250
JH56CNU	32	Picture	Delay	792716	0	2	18054	3	0	17920
JH56CNU	33	Picture	1_4_Retrieval_Working_Memory_MEG_P6_LR_Salient_NoChange_CuedRetrieval_retrieval_patch_orientation_046_retrieval_position_2	810937	0	1	30089	3	0	29920
JH56CNU	33	Response	20	819486	8549	3
JH56CNU	34	Picture	ITI	861085	0	2	19558	4	0	19420
JH56CNU	35	Picture	BaselinePost	880811	0	2	20060	3	0	20000
JH56CNU	36	Picture	Instruction_S_C	901038	0	1	50149	2	0	50000
