Scenario - ATWM1_Working_Memory_MEG_salient_cued_run1
Logfile written - 04/04/2016 14:37:00

Subject	Trial	Event Type	Code	Time	TTime	Uncertainty	Duration	Uncertainty	ReqTime	ReqDur

JH56CNU	1	Picture	ExpStart	29	0	1	10030	2	0	10000
JH56CNU	2	Picture	BaselinePre	10226	0	1	100131	2	0	100000
JH56CNU	3	Picture	CueingCross	110524	0	1	3009	2	0	2920
JH56CNU	4	Picture	PrepTime	113700	0	1	3009	2	0	2920
JH56CNU	5	Picture	1_1_Encoding_Working_Memory_MEG_P6_LR_Nonsalient_DoChange_CuedRetrieval_300_300_399_1750_3000_1950_gabor_patch_orientation_121_179_100_032_target_position_3_4_retrieval_position_3	116876	0	1	1337	2	0	1250
JH56CNU	5	Picture	Flicker2	118213	1337	1	1338	2	1250	1250
JH56CNU	5	Picture	Flicker3	119551	2675	1	1337	2	2500	1250
JH56CNU	6	Picture	Delay	121055	0	1	17552	2	0	17420
JH56CNU	7	Picture	1_1_Retrieval_Working_Memory_MEG_P6_LR_Nonsalient_DoChange_CuedRetrieval_retrieval_patch_orientation_150_retrieval_position_3	138774	0	2	30090	3	0	29920
JH56CNU	7	Response	20	149137	10363	3
JH56CNU	8	Picture	ITI	168978	0	159	19444	160	0	19420
JH56CNU	9	Picture	CueingCross	188589	0	1	3009	2	0	2920
JH56CNU	10	Picture	PrepTime	191765	0	1	3009	2	0	2920
JH56CNU	11	Picture	1_2_Encoding_Working_Memory_MEG_P6_LR_Nonsalient_NoChange_CuedRetrieval_300_300_399_2200_3000_2250_gabor_patch_orientation_098_178_056_123_target_position_1_2_retrieval_position_2	194941	0	1	1338	2	0	1250
JH56CNU	11	Picture	Flicker2	196279	1338	1	1337	2	1250	1250
JH56CNU	11	Picture	Flicker3	197616	2675	1	1337	2	2500	1250
JH56CNU	12	Picture	Delay	199120	0	2	22066	3	0	21920
JH56CNU	13	Picture	1_2_Retrieval_Working_Memory_MEG_P6_LR_Nonsalient_NoChange_CuedRetrieval_retrieval_patch_orientation_178_retrieval_position_2	221353	0	1	30089	2	0	29920
JH56CNU	13	Response	10	240225	18872	4
JH56CNU	14	Picture	ITI	251609	0	2	22567	4	0	22420
JH56CNU	15	Picture	CueingCross	274344	0	1	3009	2	0	2920
JH56CNU	16	Picture	PrepTime	277520	0	1	3009	2	0	2920
JH56CNU	17	Picture	1_3_Encoding_Working_Memory_MEG_P6_LR_Nonsalient_NoChange_CuedRetrieval_300_300_399_2050_3000_2150_gabor_patch_orientation_087_138_104_169_target_position_1_4_retrieval_position_4	280696	0	1	1337	2	0	1250
JH56CNU	17	Picture	Flicker2	282033	1337	1	1337	3	1250	1250
JH56CNU	17	Picture	Flicker3	283370	2674	2	1338	3	2500	1250
JH56CNU	18	Picture	Delay	284875	0	1	20561	2	0	20420
JH56CNU	19	Picture	1_3_Retrieval_Working_Memory_MEG_P6_LR_Nonsalient_NoChange_CuedRetrieval_retrieval_patch_orientation_169_retrieval_position_4	305603	0	1	30090	2	0	29920
JH56CNU	19	Response	10	316394	10791	4
JH56CNU	20	Picture	ITI	335860	0	1	21564	2	0	21420
JH56CNU	21	Picture	CueingCross	357590	0	3	3010	4	0	2920
JH56CNU	22	Picture	PrepTime	360767	0	1	3009	2	0	2920
JH56CNU	23	Picture	1_4_Encoding_Working_Memory_MEG_P6_LR_Nonsalient_DoChange_CuedRetrieval_300_300_399_1950_3000_2550_gabor_patch_orientation_016_077_037_094_target_position_2_4_retrieval_position_2	363943	0	1	1337	2	0	1250
JH56CNU	23	Picture	Flicker2	365280	1337	1	1338	2	1250	1250
JH56CNU	23	Picture	Flicker3	366618	2675	1	1337	2	2500	1250
JH56CNU	24	Picture	Delay	368122	0	1	19558	2	0	19420
JH56CNU	25	Picture	1_4_Retrieval_Working_Memory_MEG_P6_LR_Nonsalient_DoChange_CuedRetrieval_retrieval_patch_orientation_122_retrieval_position_2	387847	0	2	30090	3	0	29920
JH56CNU	25	Response	20	397383	9536	4
JH56CNU	26	Picture	ITI	418104	0	1	25576	2	0	25420
JH56CNU	27	Picture	CueingCross	443847	0	1	3009	2	0	2920
JH56CNU	28	Picture	PrepTime	447023	0	1	3009	2	0	2920
JH56CNU	29	Picture	1_5_Encoding_Working_Memory_MEG_P6_LR_Nonsalient_DoChange_CuedRetrieval_300_300_399_1800_3000_2200_gabor_patch_orientation_131_001_167_048_target_position_1_2_retrieval_position_1	450199	0	1	1338	2	0	1250
JH56CNU	29	Picture	Flicker2	451537	1338	1	1337	2	1250	1250
JH56CNU	29	Picture	Flicker3	452874	2675	1	1337	2	2500	1250
JH56CNU	30	Picture	Delay	454378	0	2	18054	3	0	17920
JH56CNU	31	Picture	1_5_Retrieval_Working_Memory_MEG_P6_LR_Nonsalient_DoChange_CuedRetrieval_retrieval_patch_orientation_083_retrieval_position_1	472599	0	1	30089	2	0	29920
JH56CNU	31	Response	20	487212	14613	3
JH56CNU	32	Picture	ITI	502855	0	2	22066	3	0	21920
JH56CNU	33	Picture	CueingCross	525088	0	1	3009	2	0	2920
JH56CNU	34	Picture	PrepTime	528264	0	2	3009	3	0	2920
JH56CNU	35	Picture	1_6_Encoding_Working_Memory_MEG_P6_LR_Nonsalient_DoChange_CuedRetrieval_300_300_399_2200_3000_1900_gabor_patch_orientation_110_060_002_166_target_position_3_4_retrieval_position_3	531440	0	2	1338	3	0	1250
JH56CNU	35	Picture	Flicker2	532778	1338	1	1337	2	1250	1250
JH56CNU	35	Picture	Flicker3	534115	2675	1	1337	2	2500	1250
JH56CNU	36	Picture	Delay	535620	0	1	22065	2	0	21920
JH56CNU	37	Picture	1_6_Retrieval_Working_Memory_MEG_P6_LR_Nonsalient_DoChange_CuedRetrieval_retrieval_patch_orientation_139_retrieval_position_3	557852	0	1	30090	2	0	29920
JH56CNU	37	Response	20	569981	12129	3
JH56CNU	38	Picture	ITI	588109	0	1	19056	2	0	18920
JH56CNU	39	Picture	CueingCross	607332	0	2	3009	3	0	2920
JH56CNU	40	Picture	PrepTime	610509	0	1	3008	3	0	2920
JH56CNU	41	Picture	1_7_Encoding_Working_Memory_MEG_P6_LR_Nonsalient_NoChange_UncuedRetriev_300_300_399_2100_3000_2200_gabor_patch_orientation_062_044_023_105_target_position_3_4_retrieval_position_2	613685	0	1	1337	2	0	1250
JH56CNU	41	Picture	Flicker2	615022	1337	1	1337	2	1250	1250
JH56CNU	41	Picture	Flicker3	616359	2674	1	1338	2	2500	1250
JH56CNU	42	Picture	Delay	617864	0	1	21062	2	0	20920
JH56CNU	43	Picture	1_7_Retrieval_Working_Memory_MEG_P6_LR_Nonsalient_NoChange_UncuedRetriev_retrieval_patch_orientation_044_retrieval_position_2	639093	0	2	30090	3	0	29920
JH56CNU	43	Response	20	661080	21987	3
JH56CNU	44	Picture	ITI	669350	0	1	22065	3	0	21920
JH56CNU	45	Picture	CueingCross	691583	0	1	3009	2	0	2920
JH56CNU	46	Picture	PrepTime	694759	0	1	3009	2	0	2920
JH56CNU	47	Picture	1_8_Encoding_Working_Memory_MEG_P6_LR_Nonsalient_NoChange_CuedRetrieval_300_300_399_1950_3000_2100_gabor_patch_orientation_113_030_098_008_target_position_3_4_retrieval_position_4	697935	0	1	1337	2	0	1250
JH56CNU	47	Picture	Flicker2	699272	1337	1	1337	3	1250	1250
JH56CNU	47	Picture	Flicker3	700609	2674	2	1338	3	2500	1250
JH56CNU	48	Picture	Delay	702114	0	1	19558	2	0	19420
JH56CNU	49	Picture	1_8_Retrieval_Working_Memory_MEG_P6_LR_Nonsalient_NoChange_CuedRetrieval_retrieval_patch_orientation_008_retrieval_position_4	721839	0	1	30089	3	0	29920
JH56CNU	49	Response	20	735918	14079	4
JH56CNU	50	Picture	ITI	752096	0	1	21062	2	0	20920
JH56CNU	51	Picture	CueingCross	773325	0	2	3009	3	0	2920
JH56CNU	52	Picture	PrepTime	776501	0	2	3009	3	0	2920
JH56CNU	53	Picture	1_9_Encoding_Working_Memory_MEG_P6_LR_Nonsalient_NoChange_CuedRetrieval_300_300_399_2150_3000_2500_gabor_patch_orientation_149_042_009_116_target_position_1_3_retrieval_position_1	779678	0	1	1337	2	0	1250
JH56CNU	53	Picture	Flicker2	781015	1337	1	1337	2	1250	1250
JH56CNU	53	Picture	Flicker3	782352	2674	1	1338	2	2500	1250
JH56CNU	54	Picture	Delay	783857	0	1	21564	2	0	21420
JH56CNU	55	Picture	1_9_Retrieval_Working_Memory_MEG_P6_LR_Nonsalient_NoChange_CuedRetrieval_retrieval_patch_orientation_149_retrieval_position_1	805588	0	1	30089	2	0	29920
JH56CNU	55	Response	10	814967	9379	4
JH56CNU	56	Picture	ITI	835844	0	2	25075	3	0	24920
JH56CNU	57	Picture	CueingCross	861086	0	1	3009	2	0	2920
JH56CNU	58	Picture	PrepTime	864262	0	1	3009	2	0	2920
JH56CNU	59	Picture	1_10_Encoding_Working_Memory_MEG_P6_LR_Nonsalient_DoChange_CuedRetrieval_300_300_399_1800_3000_2050_gabor_patch_orientation_060_093_040_123_target_position_3_4_retrieval_position_4	867438	0	1	1337	3	0	1250
JH56CNU	59	Picture	Flicker2	868775	1337	2	1338	3	1250	1250
JH56CNU	59	Picture	Flicker3	870113	2675	1	1337	2	2500	1250
JH56CNU	60	Picture	Delay	871617	0	2	18054	3	0	17920
JH56CNU	61	Picture	1_10_Retrieval_Working_Memory_MEG_P6_LR_Nonsalient_DoChange_CuedRetrieval_retrieval_patch_orientation_171_retrieval_position_4	889838	0	1	30089	2	0	29920
JH56CNU	61	Response	20	899086	9248	4
JH56CNU	62	Picture	ITI	920095	0	1	20561	2	0	20420
JH56CNU	63	Picture	CueingCross	940823	0	1	3009	2	0	2920
JH56CNU	64	Picture	PrepTime	943999	0	1	3009	2	0	2920
JH56CNU	65	Picture	1_11_Encoding_Working_Memory_MEG_P6_LR_Nonsalient_DoChange_CuedRetrieval_300_300_399_2100_3000_2200_gabor_patch_orientation_082_143_108_125_target_position_3_4_retrieval_position_3	947175	0	1	1337	2	0	1250
JH56CNU	65	Picture	Flicker2	948512	1337	1	1338	2	1250	1250
JH56CNU	65	Picture	Flicker3	949850	2675	1	1337	2	2500	1250
JH56CNU	66	Picture	Delay	951354	0	2	21063	3	0	20920
JH56CNU	67	Picture	1_11_Retrieval_Working_Memory_MEG_P6_LR_Nonsalient_DoChange_CuedRetrieval_retrieval_patch_orientation_059_retrieval_position_3	972584	0	1	30089	2	0	29920
JH56CNU	67	Response	20	984885	12301	3
JH56CNU	68	Picture	ITI	1002840	0	2	22066	3	0	21920
JH56CNU	69	Picture	CueingCross	1025073	0	1	3009	2	0	2920
JH56CNU	70	Picture	PrepTime	1028249	0	1	3009	2	0	2920
JH56CNU	71	Picture	1_12_Encoding_Working_Memory_MEG_P6_LR_Nonsalient_NoChange_CuedRetrieval_300_300_399_2200_3000_1950_gabor_patch_orientation_033_076_154_018_target_position_1_3_retrieval_position_3	1031425	0	1	1337	3	0	1250
JH56CNU	71	Picture	Flicker2	1032762	1337	2	1338	3	1250	1250
JH56CNU	71	Picture	Flicker3	1034100	2675	1	1337	2	2500	1250
JH56CNU	72	Picture	Delay	1035604	0	1	22066	2	0	21920
JH56CNU	73	Picture	1_12_Retrieval_Working_Memory_MEG_P6_LR_Nonsalient_NoChange_CuedRetrieval_retrieval_patch_orientation_154_retrieval_position_3	1057837	0	1	30089	2	0	29920
JH56CNU	73	Response	10	1067044	9207	3
JH56CNU	74	Picture	ITI	1088093	0	2	19558	4	0	19420
JH56CNU	75	Picture	CueingCross	1107819	0	1	3009	2	0	2920
JH56CNU	76	Picture	PrepTime	1110995	0	1	3009	2	0	2920
JH56CNU	77	Picture	1_13_Encoding_Working_Memory_MEG_P6_LR_Nonsalient_DoChange_UncuedRetriev_300_300_399_1750_3000_2000_gabor_patch_orientation_045_074_091_109_target_position_1_4_retrieval_position_2	1114171	0	1	1337	2	0	1250
JH56CNU	77	Picture	Flicker2	1115508	1337	1	1337	3	1250	1250
JH56CNU	77	Picture	Flicker3	1116845	2674	2	1338	3	2500	1250
JH56CNU	78	Picture	Delay	1118350	0	1	17552	2	0	17420
JH56CNU	79	Picture	1_13_Retrieval_Working_Memory_MEG_P6_LR_Nonsalient_DoChange_UncuedRetriev_retrieval_patch_orientation_029_retrieval_position_2	1136069	0	1	30090	2	0	29920
JH56CNU	79	Response	20	1162142	26073	4
JH56CNU	80	Picture	ITI	1166326	0	1	20059	2	0	19920
JH56CNU	81	Picture	CueingCross	1186552	0	2	3009	3	0	2920
JH56CNU	82	Picture	PrepTime	1189729	0	1	3008	3	0	2920
JH56CNU	83	Picture	1_14_Encoding_Working_Memory_MEG_P6_LR_Nonsalient_DoChange_CuedRetrieval_300_300_399_2050_3000_2250_gabor_patch_orientation_067_052_139_174_target_position_1_3_retrieval_position_1	1192905	0	1	1337	2	0	1250
JH56CNU	83	Picture	Flicker2	1194242	1337	1	1337	2	1250	1250
JH56CNU	83	Picture	Flicker3	1195579	2674	1	1338	2	2500	1250
JH56CNU	84	Picture	Delay	1197084	0	1	20561	2	0	20420
JH56CNU	85	Picture	1_14_Retrieval_Working_Memory_MEG_P6_LR_Nonsalient_DoChange_CuedRetrieval_retrieval_patch_orientation_112_retrieval_position_1	1217812	0	1	30089	2	0	29920
JH56CNU	85	Response	10	1239711	21899	4
JH56CNU	86	Picture	ITI	1248068	0	2	22567	4	0	22420
JH56CNU	87	Picture	CueingCross	1270803	0	1	3009	2	0	2920
JH56CNU	88	Picture	PrepTime	1273979	0	1	3009	2	0	2920
JH56CNU	89	Picture	1_15_Encoding_Working_Memory_MEG_P6_LR_Nonsalient_NoChange_CuedRetrieval_300_300_399_2000_3000_2200_gabor_patch_orientation_162_040_104_128_target_position_1_3_retrieval_position_1	1277155	0	1	1337	2	0	1250
JH56CNU	89	Picture	Flicker2	1278492	1337	1	1337	3	1250	1250
JH56CNU	89	Picture	Flicker3	1279829	2674	2	1338	3	2500	1250
JH56CNU	90	Picture	Delay	1281334	0	1	20059	3	0	19920
JH56CNU	91	Picture	1_15_Retrieval_Working_Memory_MEG_P6_LR_Nonsalient_NoChange_CuedRetrieval_retrieval_patch_orientation_162_retrieval_position_1	1301561	0	1	30089	2	0	29920
JH56CNU	91	Response	10	1312810	11249	4
JH56CNU	92	Picture	ITI	1331817	0	1	22066	2	0	21920
JH56CNU	93	Picture	CueingCross	1354050	0	1	3009	2	0	2920
JH56CNU	94	Picture	PrepTime	1357226	0	1	3009	2	0	2920
JH56CNU	95	Picture	1_16_Encoding_Working_Memory_MEG_P6_LR_Nonsalient_NoChange_CuedRetrieval_300_300_399_1950_3000_2300_gabor_patch_orientation_124_006_042_170_target_position_2_3_retrieval_position_3	1360402	0	1	1337	2	0	1250
JH56CNU	95	Picture	Flicker2	1361739	1337	1	1338	2	1250	1250
JH56CNU	95	Picture	Flicker3	1363077	2675	1	1337	2	2500	1250
JH56CNU	96	Picture	Delay	1364581	0	1	19558	2	0	19420
JH56CNU	97	Picture	1_16_Retrieval_Working_Memory_MEG_P6_LR_Nonsalient_NoChange_CuedRetrieval_retrieval_patch_orientation_042_retrieval_position_3	1384306	0	2	30090	3	0	29920
JH56CNU	97	Response	10	1393829	9523	4
JH56CNU	98	Picture	ITI	1414562	0	2	23069	3	0	22920
JH56CNU	99	Picture	CueingCross	1437799	0	1	3008	3	0	2920
JH56CNU	100	Picture	PrepTime	1440975	0	1	3009	2	0	2920
JH56CNU	101	Picture	1_17_Encoding_Working_Memory_MEG_P6_LR_Nonsalient_DoChange_CuedRetrieval_300_300_399_1800_3000_2600_gabor_patch_orientation_073_003_021_051_target_position_2_3_retrieval_position_3	1444151	0	1	1337	2	0	1250
JH56CNU	101	Picture	Flicker2	1445488	1337	1	1337	2	1250	1250
JH56CNU	101	Picture	Flicker3	1446825	2674	1	1338	2	2500	1250
JH56CNU	102	Picture	Delay	1448330	0	1	18053	3	0	17920
JH56CNU	103	Picture	1_17_Retrieval_Working_Memory_MEG_P6_LR_Nonsalient_DoChange_CuedRetrieval_retrieval_patch_orientation_161_retrieval_position_3	1466551	0	1	30089	2	0	29920
JH56CNU	103	Response	20	1479808	13257	4
JH56CNU	104	Picture	ITI	1496807	0	1	26078	2	0	25920
JH56CNU	105	Picture	CueingCross	1523052	0	1	3009	2	0	2920
JH56CNU	106	Picture	PrepTime	1526228	0	1	3009	2	0	2920
JH56CNU	107	Picture	1_18_Encoding_Working_Memory_MEG_P6_LR_Nonsalient_DoChange_UncuedRetriev_300_300_399_1850_3000_2450_gabor_patch_orientation_052_073_121_158_target_position_2_3_retrieval_position_1	1529404	0	1	1337	2	0	1250
JH56CNU	107	Picture	Flicker2	1530741	1337	1	1337	3	1250	1250
JH56CNU	107	Picture	Flicker3	1532078	2674	2	1338	3	2500	1250
JH56CNU	108	Picture	Delay	1533583	0	1	18555	2	0	18420
JH56CNU	109	Picture	1_18_Retrieval_Working_Memory_MEG_P6_LR_Nonsalient_DoChange_UncuedRetriev_retrieval_patch_orientation_100_retrieval_position_1	1552305	0	1	30090	2	0	29920
JH56CNU	109	Response	10	1568957	16652	3
JH56CNU	110	Picture	ITI	1582562	0	1	24573	2	0	24420
JH56CNU	111	Picture	CueingCross	1607302	0	1	3009	2	0	2920
JH56CNU	112	Picture	PrepTime	1610478	0	1	3009	2	0	2920
JH56CNU	113	Picture	1_19_Encoding_Working_Memory_MEG_P6_LR_Nonsalient_DoChange_CuedRetrieval_300_300_399_1800_3000_2150_gabor_patch_orientation_036_058_090_163_target_position_3_4_retrieval_position_4	1613654	0	1	1337	2	0	1250
JH56CNU	113	Picture	Flicker2	1614991	1337	1	1338	2	1250	1250
JH56CNU	113	Picture	Flicker3	1616329	2675	1	1337	2	2500	1250
JH56CNU	114	Picture	Delay	1617833	0	1	18054	2	0	17920
JH56CNU	115	Picture	1_19_Retrieval_Working_Memory_MEG_P6_LR_Nonsalient_DoChange_CuedRetrieval_retrieval_patch_orientation_116_retrieval_position_4	1636054	0	1	30089	2	0	29920
JH56CNU	115	Response	10	1649425	13371	5
JH56CNU	116	Picture	ITI	1666310	0	2	21564	4	0	21420
JH56CNU	117	Picture	CueingCross	1688042	0	1	3009	2	0	2920
JH56CNU	118	Picture	PrepTime	1691218	0	1	3009	2	0	2920
JH56CNU	119	Picture	1_20_Encoding_Working_Memory_MEG_P6_LR_Nonsalient_NoChange_CuedRetrieval_300_300_399_2100_3000_2400_gabor_patch_orientation_130_113_146_096_target_position_1_4_retrieval_position_1	1694394	0	1	1337	2	0	1250
JH56CNU	119	Picture	Flicker2	1695731	1337	1	1337	3	1250	1250
JH56CNU	119	Picture	Flicker3	1697068	2674	2	1337	4	2500	1250
JH56CNU	120	Picture	Delay	1698573	0	1	21062	3	0	20920
JH56CNU	121	Picture	1_20_Retrieval_Working_Memory_MEG_P6_LR_Nonsalient_NoChange_CuedRetrieval_retrieval_patch_orientation_130_retrieval_position_1	1719803	0	1	30089	2	0	29920
JH56CNU	121	Response	20	1734794	14991	8
JH56CNU	122	Picture	ITI	1750059	0	1	24072	2	0	23920
JH56CNU	123	Picture	CueingCross	1774298	0	1	3009	2	0	2920
JH56CNU	124	Picture	PrepTime	1777474	0	1	3009	2	0	2920
JH56CNU	125	Picture	1_21_Encoding_Working_Memory_MEG_P6_LR_Nonsalient_DoChange_CuedRetrieval_300_300_399_2250_3000_1900_gabor_patch_orientation_132_173_002_116_target_position_2_3_retrieval_position_3	1780650	0	1	1337	2	0	1250
JH56CNU	125	Picture	Flicker2	1781987	1337	1	1338	2	1250	1250
JH56CNU	125	Picture	Flicker3	1783325	2675	1	1337	2	2500	1250
JH56CNU	126	Picture	Delay	1784829	0	1	22567	2	0	22420
JH56CNU	127	Picture	1_21_Retrieval_Working_Memory_MEG_P6_LR_Nonsalient_DoChange_CuedRetrieval_retrieval_patch_orientation_048_retrieval_position_3	1807563	0	1	30090	2	0	29920
JH56CNU	127	Response	20	1822133	14570	4
JH56CNU	128	Picture	ITI	1837820	0	1	19056	2	0	18920
JH56CNU	129	Picture	CueingCross	1857043	0	2	3009	4	0	2920
JH56CNU	130	Picture	PrepTime	1860220	0	1	3008	3	0	2920
JH56CNU	131	Picture	1_22_Encoding_Working_Memory_MEG_P6_LR_Nonsalient_DoChange_UncuedRetriev_300_300_399_1750_3000_2300_gabor_patch_orientation_136_031_052_072_target_position_3_4_retrieval_position_1	1863396	0	1	1337	2	0	1250
JH56CNU	131	Picture	Flicker2	1864733	1337	1	1337	2	1250	1250
JH56CNU	131	Picture	Flicker3	1866070	2674	1	1338	2	2500	1250
JH56CNU	132	Picture	Delay	1867575	0	1	17552	2	0	17420
JH56CNU	133	Picture	1_22_Retrieval_Working_Memory_MEG_P6_LR_Nonsalient_DoChange_UncuedRetriev_retrieval_patch_orientation_090_retrieval_position_1	1885294	0	1	30089	2	0	29920
JH56CNU	133	Response	20	1901162	15868	4
JH56CNU	134	Picture	ITI	1915550	0	2	23069	3	0	22920
JH56CNU	135	Picture	CueingCross	1938786	0	1	3009	2	0	2920
JH56CNU	136	Picture	PrepTime	1941962	0	2	3009	3	0	2920
JH56CNU	137	Picture	1_23_Encoding_Working_Memory_MEG_P6_LR_Nonsalient_NoChange_CuedRetrieval_300_300_399_2100_3000_2450_gabor_patch_orientation_034_177_066_090_target_position_1_3_retrieval_position_3	1945138	0	2	1338	3	0	1250
JH56CNU	137	Picture	Flicker2	1946476	1338	1	1337	2	1250	1250
JH56CNU	137	Picture	Flicker3	1947813	2675	1	1337	2	2500	1250
JH56CNU	138	Picture	Delay	1949317	0	2	21063	3	0	20920
JH56CNU	139	Picture	1_23_Retrieval_Working_Memory_MEG_P6_LR_Nonsalient_NoChange_CuedRetrieval_retrieval_patch_orientation_066_retrieval_position_3	1970547	0	1	30090	2	0	29920
JH56CNU	139	Response	10	1980291	9744	3
JH56CNU	140	Picture	ITI	2000804	0	1	24573	2	0	24420
JH56CNU	141	Picture	CueingCross	2025544	0	1	3009	2	0	2920
JH56CNU	142	Picture	PrepTime	2028720	0	1	3009	2	0	2920
JH56CNU	143	Picture	1_24_Encoding_Working_Memory_MEG_P6_LR_Nonsalient_NoChange_CuedRetrieval_300_300_399_1850_3000_2450_gabor_patch_orientation_101_162_073_011_target_position_2_3_retrieval_position_3	2031896	0	1	1337	2	0	1250
JH56CNU	143	Picture	Flicker2	2033233	1337	1	1338	2	1250	1250
JH56CNU	143	Picture	Flicker3	2034571	2675	1	1337	2	2500	1250
JH56CNU	144	Picture	Delay	2036075	0	1	18555	2	0	18420
JH56CNU	145	Picture	1_24_Retrieval_Working_Memory_MEG_P6_LR_Nonsalient_NoChange_CuedRetrieval_retrieval_patch_orientation_073_retrieval_position_3	2054797	0	2	30090	3	0	29920
JH56CNU	145	Response	10	2063950	9153	3
JH56CNU	146	Picture	ITI	2085054	0	1	24573	2	0	24420
JH56CNU	147	Picture	CueingCross	2109794	0	1	3009	2	0	2920
JH56CNU	148	Picture	PrepTime	2112970	0	1	3009	2	0	2920
JH56CNU	149	Picture	1_25_Encoding_Working_Memory_MEG_P6_LR_Nonsalient_DoChange_CuedRetrieval_300_300_399_1900_3000_2100_gabor_patch_orientation_137_006_158_081_target_position_2_4_retrieval_position_4	2116146	0	1	1337	3	0	1250
JH56CNU	149	Picture	Flicker2	2117483	1337	2	1338	3	1250	1250
JH56CNU	149	Picture	Flicker3	2118821	2675	1	1337	2	2500	1250
JH56CNU	150	Picture	Delay	2120325	0	1	19057	2	0	18920
JH56CNU	151	Picture	1_25_Retrieval_Working_Memory_MEG_P6_LR_Nonsalient_DoChange_CuedRetrieval_retrieval_patch_orientation_031_retrieval_position_4	2139549	0	1	30089	3	0	29920
JH56CNU	151	Response	10	2149399	9850	3
JH56CNU	152	Picture	ITI	2169806	0	1	21062	2	0	20920
JH56CNU	153	Picture	CueingCross	2191035	0	2	3009	3	0	2920
JH56CNU	154	Picture	PrepTime	2194211	0	2	3009	3	0	2920
JH56CNU	155	Picture	1_26_Encoding_Working_Memory_MEG_P6_LR_Nonsalient_NoChange_UncuedRetriev_300_300_399_1850_3000_2400_gabor_patch_orientation_067_123_157_141_target_position_1_3_retrieval_position_2	2197387	0	2	1338	3	0	1250
JH56CNU	155	Picture	Flicker2	2198725	1338	1	1337	2	1250	1250
JH56CNU	155	Picture	Flicker3	2200062	2675	1	1337	2	2500	1250
JH56CNU	156	Picture	Delay	2201566	0	2	18556	3	0	18420
JH56CNU	157	Picture	1_26_Retrieval_Working_Memory_MEG_P6_LR_Nonsalient_NoChange_UncuedRetriev_retrieval_patch_orientation_123_retrieval_position_2	2220289	0	1	30089	2	0	29920
JH56CNU	157	Response	20	2243187	22898	5
JH56CNU	158	Picture	ITI	2250545	0	2	24072	3	0	23920
JH56CNU	159	Picture	CueingCross	2274784	0	1	3009	2	0	2920
JH56CNU	160	Picture	PrepTime	2277960	0	1	3009	2	0	2920
JH56CNU	161	Picture	1_27_Encoding_Working_Memory_MEG_P6_LR_Nonsalient_NoChange_CuedRetrieval_300_300_399_2050_3000_2600_gabor_patch_orientation_006_158_140_122_target_position_2_4_retrieval_position_4	2281136	0	1	1337	3	0	1250
JH56CNU	161	Picture	Flicker2	2282473	1337	2	1338	3	1250	1250
JH56CNU	161	Picture	Flicker3	2283811	2675	1	1337	2	2500	1250
JH56CNU	162	Picture	Delay	2285315	0	1	20561	2	0	20420
JH56CNU	163	Picture	1_27_Retrieval_Working_Memory_MEG_P6_LR_Nonsalient_NoChange_CuedRetrieval_retrieval_patch_orientation_122_retrieval_position_4	2306043	0	2	30090	3	0	29920
JH56CNU	163	Response	10	2316366	10323	4
JH56CNU	164	Picture	ITI	2336300	0	1	26077	3	0	25920
JH56CNU	165	Picture	CueingCross	2362545	0	1	3008	3	0	2920
JH56CNU	166	Picture	PrepTime	2365721	0	1	3009	2	0	2920
JH56CNU	167	Picture	1_28_Encoding_Working_Memory_MEG_P6_LR_Nonsalient_DoChange_CuedRetrieval_300_300_399_2250_3000_2450_gabor_patch_orientation_012_088_137_167_target_position_1_2_retrieval_position_1	2368897	0	1	1337	2	0	1250
JH56CNU	167	Picture	Flicker2	2370234	1337	1	1337	2	1250	1250
JH56CNU	167	Picture	Flicker3	2371571	2674	1	1338	2	2500	1250
JH56CNU	168	Picture	Delay	2373076	0	1	22567	2	0	22420
JH56CNU	169	Picture	1_28_Retrieval_Working_Memory_MEG_P6_LR_Nonsalient_DoChange_CuedRetrieval_retrieval_patch_orientation_058_retrieval_position_1	2395810	0	1	30089	2	0	29920
JH56CNU	169	Response	10	2416925	21115	3
JH56CNU	170	Picture	ITI	2426066	0	2	24573	4	0	24420
JH56CNU	171	Picture	CueingCross	2450807	0	1	3009	2	0	2920
JH56CNU	172	Picture	PrepTime	2453983	0	1	3009	2	0	2920
JH56CNU	173	Picture	1_29_Encoding_Working_Memory_MEG_P6_LR_Nonsalient_NoChange_CuedRetrieval_300_300_399_2050_3000_2350_gabor_patch_orientation_037_124_096_015_target_position_1_2_retrieval_position_1	2457159	0	1	1337	2	0	1250
JH56CNU	173	Picture	Flicker2	2458496	1337	1	1337	3	1250	1250
JH56CNU	173	Picture	Flicker3	2459833	2674	2	1338	3	2500	1250
JH56CNU	174	Picture	Delay	2461338	0	1	20561	2	0	20420
JH56CNU	175	Picture	1_29_Retrieval_Working_Memory_MEG_P6_LR_Nonsalient_NoChange_CuedRetrieval_retrieval_patch_orientation_037_retrieval_position_1	2482066	0	1	30089	3	0	29920
JH56CNU	175	Response	10	2495104	13038	3
JH56CNU	176	Picture	ITI	2512323	0	1	23570	2	0	23420
JH56CNU	177	Picture	CueingCross	2536060	0	1	3009	2	0	2920
JH56CNU	178	Picture	PrepTime	2539236	0	1	3009	2	0	2920
JH56CNU	179	Picture	1_30_Encoding_Working_Memory_MEG_P6_LR_Nonsalient_NoChange_UncuedRetriev_300_300_399_1750_3000_2000_gabor_patch_orientation_056_006_166_135_target_position_2_3_retrieval_position_4	2542412	0	1	1337	2	0	1250
JH56CNU	179	Picture	Flicker2	2543749	1337	1	1338	2	1250	1250
JH56CNU	179	Picture	Flicker3	2545087	2675	1	1337	2	2500	1250
JH56CNU	180	Picture	Delay	2546591	0	1	17552	2	0	17420
JH56CNU	181	Picture	1_30_Retrieval_Working_Memory_MEG_P6_LR_Nonsalient_NoChange_UncuedRetriev_retrieval_patch_orientation_135_retrieval_position_4	2564310	0	2	30090	3	0	29920
JH56CNU	181	Response	20	2578842	14532	4
JH56CNU	182	Picture	ITI	2594567	0	1	20059	3	0	19920
JH56CNU	183	Picture	CueingCross	2614794	0	1	3009	2	0	2920
JH56CNU	184	Picture	PrepTime	2617970	0	1	3009	2	0	2920
JH56CNU	185	Picture	1_31_Encoding_Working_Memory_MEG_P6_LR_Nonsalient_NoChange_CuedRetrieval_300_300_399_2000_3000_2100_gabor_patch_orientation_092_179_152_028_target_position_1_3_retrieval_position_3	2621146	0	1	1337	2	0	1250
JH56CNU	185	Picture	Flicker2	2622483	1337	1	1337	2	1250	1250
JH56CNU	185	Picture	Flicker3	2623820	2674	1	1338	2	2500	1250
JH56CNU	186	Picture	Delay	2625325	0	1	20059	3	0	19920
JH56CNU	187	Picture	1_31_Retrieval_Working_Memory_MEG_P6_LR_Nonsalient_NoChange_CuedRetrieval_retrieval_patch_orientation_152_retrieval_position_3	2645552	0	1	30089	2	0	29920
JH56CNU	187	Response	10	2655791	10239	4
JH56CNU	188	Picture	ITI	2675808	0	1	21063	2	0	20920
JH56CNU	189	Picture	CueingCross	2697038	0	1	3009	2	0	2920
JH56CNU	190	Picture	PrepTime	2700214	0	1	3008	3	0	2920
JH56CNU	191	Picture	1_32_Encoding_Working_Memory_MEG_P6_LR_Nonsalient_NoChange_CuedRetrieval_300_300_399_2000_3000_2250_gabor_patch_orientation_013_168_099_143_target_position_1_3_retrieval_position_1	2703390	0	1	1337	2	0	1250
JH56CNU	191	Picture	Flicker2	2704727	1337	1	1338	2	1250	1250
JH56CNU	191	Picture	Flicker3	2706065	2675	1	1337	2	2500	1250
JH56CNU	192	Picture	Delay	2707569	0	1	20060	2	0	19920
JH56CNU	193	Picture	1_32_Retrieval_Working_Memory_MEG_P6_LR_Nonsalient_NoChange_CuedRetrieval_retrieval_patch_orientation_013_retrieval_position_1	2727796	0	1	30089	2	0	29920
JH56CNU	193	Response	10	2745800	18004	4
JH56CNU	194	Picture	ITI	2758052	0	2	22567	3	0	22420
JH56CNU	195	Picture	CueingCross	2780786	0	2	3009	4	0	2920
JH56CNU	196	Picture	PrepTime	2783963	0	1	3009	2	0	2920
JH56CNU	197	Picture	1_33_Encoding_Working_Memory_MEG_P6_LR_Nonsalient_NoChange_CuedRetrieval_300_300_399_1750_3000_2350_gabor_patch_orientation_098_041_128_162_target_position_2_3_retrieval_position_3	2787139	0	1	1337	2	0	1250
JH56CNU	197	Picture	Flicker2	2788476	1337	1	1337	2	1250	1250
JH56CNU	197	Picture	Flicker3	2789813	2674	1	1338	2	2500	1250
JH56CNU	198	Picture	Delay	2791317	0	2	17553	3	0	17420
JH56CNU	199	Picture	1_33_Retrieval_Working_Memory_MEG_P6_LR_Nonsalient_NoChange_CuedRetrieval_retrieval_patch_orientation_128_retrieval_position_3	2809037	0	1	30089	2	0	29920
JH56CNU	199	Response	10	2822579	13542	4
JH56CNU	200	Picture	ITI	2839293	0	2	23571	3	0	23420
JH56CNU	201	Picture	CueingCross	2863031	0	1	3009	2	0	2920
JH56CNU	202	Picture	PrepTime	2866207	0	1	3009	2	0	2920
JH56CNU	203	Picture	1_34_Encoding_Working_Memory_MEG_P6_LR_Nonsalient_NoChange_CuedRetrieval_300_300_399_2200_3000_2550_gabor_patch_orientation_120_003_154_175_target_position_2_3_retrieval_position_2	2869382	0	2	1338	3	0	1250
JH56CNU	203	Picture	Flicker2	2870720	1338	1	1338	2	1250	1250
JH56CNU	203	Picture	Flicker3	2872058	2676	1	1337	2	2500	1250
JH56CNU	204	Picture	Delay	2873562	0	1	22066	2	0	21920
JH56CNU	205	Picture	1_34_Retrieval_Working_Memory_MEG_P6_LR_Nonsalient_NoChange_CuedRetrieval_retrieval_patch_orientation_003_retrieval_position_2	2895795	0	1	30089	2	0	29920
JH56CNU	205	Response	10	2907468	11673	3
JH56CNU	206	Picture	ITI	2926051	0	2	25576	3	0	25420
JH56CNU	207	Picture	CueingCross	2951794	0	2	3009	3	0	2920
JH56CNU	208	Picture	PrepTime	2954970	0	2	3009	3	0	2920
JH56CNU	209	Picture	1_35_Encoding_Working_Memory_MEG_P6_LR_Nonsalient_NoChange_CuedRetrieval_300_300_399_2250_3000_1950_gabor_patch_orientation_131_014_065_103_target_position_2_4_retrieval_position_2	2958146	0	2	1338	3	0	1250
JH56CNU	209	Picture	Flicker2	2959484	1338	1	1337	2	1250	1250
JH56CNU	209	Picture	Flicker3	2960821	2675	1	1337	2	2500	1250
JH56CNU	210	Picture	Delay	2962326	0	1	22567	2	0	22420
JH56CNU	211	Picture	1_35_Retrieval_Working_Memory_MEG_P6_LR_Nonsalient_NoChange_CuedRetrieval_retrieval_patch_orientation_014_retrieval_position_2	2985060	0	1	30089	2	0	29920
JH56CNU	211	Response	10	3009976	24916	4
JH56CNU	212	Picture	ITI	3015316	0	2	19558	3	0	19420
JH56CNU	213	Picture	CueingCross	3035041	0	2	3009	4	0	2920
JH56CNU	214	Picture	PrepTime	3038218	0	1	3009	2	0	2920
JH56CNU	215	Picture	1_36_Encoding_Working_Memory_MEG_P6_LR_Nonsalient_NoChange_UncuedRetriev_300_300_399_1850_3000_2200_gabor_patch_orientation_133_110_177_048_target_position_2_3_retrieval_position_4	3041394	0	1	1337	2	0	1250
JH56CNU	215	Picture	Flicker2	3042731	1337	1	1337	2	1250	1250
JH56CNU	215	Picture	Flicker3	3044068	2674	1	1338	2	2500	1250
JH56CNU	216	Picture	Delay	3045573	0	1	18555	2	0	18420
JH56CNU	217	Picture	1_36_Retrieval_Working_Memory_MEG_P6_LR_Nonsalient_NoChange_UncuedRetriev_retrieval_patch_orientation_048_retrieval_position_4	3064295	0	1	30089	2	0	29920
JH56CNU	217	Response	20	3083645	19350	4
JH56CNU	218	Picture	ITI	3094551	0	2	22066	3	0	21920
JH56CNU	219	Picture	CueingCross	3116784	0	2	3009	3	0	2920
JH56CNU	220	Picture	PrepTime	3119960	0	2	3009	3	0	2920
JH56CNU	221	Picture	1_37_Encoding_Working_Memory_MEG_P6_LR_Nonsalient_DoChange_CuedRetrieval_300_300_399_1850_3000_2050_gabor_patch_orientation_019_107_075_144_target_position_2_3_retrieval_position_2	3123136	0	2	1338	3	0	1250
JH56CNU	221	Picture	Flicker2	3124474	1338	1	1337	2	1250	1250
JH56CNU	221	Picture	Flicker3	3125811	2675	1	1337	2	2500	1250
JH56CNU	222	Picture	Delay	3127315	0	2	18556	3	0	18420
JH56CNU	223	Picture	1_37_Retrieval_Working_Memory_MEG_P6_LR_Nonsalient_DoChange_CuedRetrieval_retrieval_patch_orientation_057_retrieval_position_2	3146038	0	1	30089	2	0	29920
JH56CNU	223	Response	20	3161334	15296	4
JH56CNU	224	Picture	ITI	3176294	0	2	20561	3	0	20420
JH56CNU	225	Picture	CueingCross	3197022	0	2	3009	4	0	2920
JH56CNU	226	Picture	PrepTime	3200199	0	1	3009	2	0	2920
JH56CNU	227	Picture	1_38_Encoding_Working_Memory_MEG_P6_LR_Nonsalient_DoChange_CuedRetrieval_300_300_399_1900_3000_1950_gabor_patch_orientation_176_024_129_060_target_position_1_2_retrieval_position_1	3203375	0	1	1337	2	0	1250
JH56CNU	227	Picture	Flicker2	3204712	1337	1	1337	2	1250	1250
JH56CNU	227	Picture	Flicker3	3206049	2674	1	1338	2	2500	1250
JH56CNU	228	Picture	Delay	3207554	0	1	19056	2	0	18920
JH56CNU	229	Picture	1_38_Retrieval_Working_Memory_MEG_P6_LR_Nonsalient_DoChange_CuedRetrieval_retrieval_patch_orientation_041_retrieval_position_1	3226778	0	1	30089	2	0	29920
JH56CNU	229	Response	20	3237103	10325	4
JH56CNU	230	Picture	ITI	3257034	0	1	19558	2	0	19420
JH56CNU	231	Picture	CueingCross	3276759	0	1	3009	2	0	2920
JH56CNU	232	Picture	PrepTime	3279935	0	2	3009	3	0	2920
JH56CNU	233	Picture	1_39_Encoding_Working_Memory_MEG_P6_LR_Nonsalient_NoChange_CuedRetrieval_300_300_399_1800_3000_2150_gabor_patch_orientation_045_170_155_119_target_position_1_4_retrieval_position_1	3283111	0	2	1338	3	0	1250
JH56CNU	233	Picture	Flicker2	3284449	1338	1	1337	2	1250	1250
JH56CNU	233	Picture	Flicker3	3285786	2675	1	1337	2	2500	1250
JH56CNU	234	Picture	Delay	3287291	0	1	18053	2	0	17920
JH56CNU	235	Picture	1_39_Retrieval_Working_Memory_MEG_P6_LR_Nonsalient_NoChange_CuedRetrieval_retrieval_patch_orientation_045_retrieval_position_1	3305511	0	2	30090	3	0	29920
JH56CNU	235	Response	10	3319132	13621	4
JH56CNU	236	Picture	ITI	3335768	0	1	21564	2	0	21420
JH56CNU	237	Picture	CueingCross	3357499	0	1	3009	2	0	2920
JH56CNU	238	Picture	PrepTime	3360675	0	1	3009	2	0	2920
JH56CNU	239	Picture	1_40_Encoding_Working_Memory_MEG_P6_LR_Nonsalient_DoChange_CuedRetrieval_300_300_399_2000_3000_2100_gabor_patch_orientation_123_033_168_055_target_position_1_3_retrieval_position_1	3363851	0	1	1337	3	0	1250
JH56CNU	239	Picture	Flicker2	3365188	1337	2	1338	3	1250	1250
JH56CNU	239	Picture	Flicker3	3366526	2675	1	1337	2	2500	1250
JH56CNU	240	Picture	Delay	3368030	0	2	20060	3	0	19920
JH56CNU	241	Picture	1_40_Retrieval_Working_Memory_MEG_P6_LR_Nonsalient_DoChange_CuedRetrieval_retrieval_patch_orientation_078_retrieval_position_1	3388257	0	1	30089	2	0	29920
JH56CNU	241	Response	20	3399941	11684	3
JH56CNU	242	Picture	ITI	3418513	0	2	21063	3	0	20920
JH56CNU	243	Picture	CueingCross	3439743	0	1	3009	2	0	2920
JH56CNU	244	Picture	PrepTime	3442919	0	2	3009	3	0	2920
JH56CNU	245	Picture	1_41_Encoding_Working_Memory_MEG_P6_LR_Nonsalient_DoChange_UncuedRetriev_300_300_399_1800_3000_2550_gabor_patch_orientation_134_115_073_090_target_position_1_4_retrieval_position_2	3446095	0	2	1338	3	0	1250
JH56CNU	245	Picture	Flicker2	3447433	1338	1	1337	2	1250	1250
JH56CNU	245	Picture	Flicker3	3448770	2675	1	1337	2	2500	1250
JH56CNU	246	Picture	Delay	3450274	0	2	18054	3	0	17920
JH56CNU	247	Picture	1_41_Retrieval_Working_Memory_MEG_P6_LR_Nonsalient_DoChange_UncuedRetriev_retrieval_patch_orientation_161_retrieval_position_2	3468495	0	2	30090	3	0	29920
JH56CNU	247	Response	10	3483070	14575	3
JH56CNU	248	Picture	ITI	3498752	0	1	25576	2	0	25420
JH56CNU	249	Picture	CueingCross	3524495	0	1	3009	2	0	2920
JH56CNU	250	Picture	PrepTime	3527671	0	1	3009	2	0	2920
JH56CNU	251	Picture	1_42_Encoding_Working_Memory_MEG_P6_LR_Nonsalient_NoChange_CuedRetrieval_300_300_399_1850_3000_2050_gabor_patch_orientation_047_176_127_152_target_position_2_4_retrieval_position_4	3530847	0	1	1337	3	0	1250
JH56CNU	251	Picture	Flicker2	3532184	1337	2	1338	3	1250	1250
JH56CNU	251	Picture	Flicker3	3533522	2675	1	1337	2	2500	1250
JH56CNU	252	Picture	Delay	3535026	0	1	18555	2	0	18420
JH56CNU	253	Picture	1_42_Retrieval_Working_Memory_MEG_P6_LR_Nonsalient_NoChange_CuedRetrieval_retrieval_patch_orientation_152_retrieval_position_4	3553748	0	2	30090	3	0	29920
JH56CNU	253	Response	10	3563249	9501	3
JH56CNU	254	Picture	ITI	3584005	0	1	20561	2	0	20420
JH56CNU	255	Picture	CueingCross	3604733	0	1	3009	2	0	2920
JH56CNU	256	Picture	PrepTime	3607909	0	2	3009	3	0	2920
JH56CNU	257	Picture	1_43_Encoding_Working_Memory_MEG_P6_LR_Nonsalient_DoChange_CuedRetrieval_300_300_399_1900_3000_2250_gabor_patch_orientation_089_031_162_005_target_position_1_2_retrieval_position_1	3611085	0	2	1338	3	0	1250
JH56CNU	257	Picture	Flicker2	3612423	1338	1	1337	2	1250	1250
JH56CNU	257	Picture	Flicker3	3613760	2675	1	1337	2	2500	1250
JH56CNU	258	Picture	Delay	3615264	0	2	19057	3	0	18920
JH56CNU	259	Picture	1_43_Retrieval_Working_Memory_MEG_P6_LR_Nonsalient_DoChange_CuedRetrieval_retrieval_patch_orientation_137_retrieval_position_1	3634488	0	1	30090	2	0	29920
JH56CNU	259	Response	10	3644397	9909	4
JH56CNU	260	Picture	ITI	3664745	0	1	22567	2	0	22420
JH56CNU	261	Picture	CueingCross	3687479	0	1	3009	2	0	2920
JH56CNU	262	Picture	PrepTime	3690655	0	1	3009	2	0	2920
JH56CNU	263	Picture	1_44_Encoding_Working_Memory_MEG_P6_LR_Nonsalient_DoChange_CuedRetrieval_300_300_399_2250_3000_1950_gabor_patch_orientation_089_123_006_148_target_position_2_3_retrieval_position_2	3693831	0	1	1337	2	0	1250
JH56CNU	263	Picture	Flicker2	3695168	1337	1	1338	2	1250	1250
JH56CNU	263	Picture	Flicker3	3696506	2675	1	1337	2	2500	1250
JH56CNU	264	Picture	Delay	3698010	0	1	22567	2	0	22420
JH56CNU	265	Picture	1_44_Retrieval_Working_Memory_MEG_P6_LR_Nonsalient_DoChange_CuedRetrieval_retrieval_patch_orientation_073_retrieval_position_2	3720744	0	2	30090	3	0	29920
JH56CNU	265	Response	20	3738356	17612	4
JH56CNU	266	Picture	ITI	3751001	0	1	19558	2	0	19420
JH56CNU	267	Picture	CueingCross	3770726	0	1	3009	2	0	2920
JH56CNU	268	Picture	PrepTime	3773902	0	1	3009	2	0	2920
JH56CNU	269	Picture	1_45_Encoding_Working_Memory_MEG_P6_LR_Nonsalient_NoChange_CuedRetrieval_300_300_399_1900_3000_1900_gabor_patch_orientation_075_127_046_015_target_position_1_3_retrieval_position_3	3777078	0	2	1338	3	0	1250
JH56CNU	269	Picture	Flicker2	3778416	1338	1	1337	2	1250	1250
JH56CNU	269	Picture	Flicker3	3779753	2675	1	1337	2	2500	1250
JH56CNU	270	Picture	Delay	3781257	0	2	19057	3	0	18920
JH56CNU	271	Picture	1_45_Retrieval_Working_Memory_MEG_P6_LR_Nonsalient_NoChange_CuedRetrieval_retrieval_patch_orientation_046_retrieval_position_3	3800481	0	1	30089	3	0	29920
JH56CNU	271	Response	10	3825185	24704	3
JH56CNU	272	Picture	ITI	3830738	0	1	19056	2	0	18920
JH56CNU	273	Picture	CueingCross	3849961	0	2	3009	3	0	2920
JH56CNU	274	Picture	PrepTime	3853137	0	2	3009	3	0	2920
JH56CNU	275	Picture	1_46_Encoding_Working_Memory_MEG_P6_LR_Nonsalient_NoChange_CuedRetrieval_300_300_399_1800_3000_2500_gabor_patch_orientation_074_053_005_036_target_position_1_4_retrieval_position_1	3856314	0	1	1337	2	0	1250
JH56CNU	275	Picture	Flicker2	3857651	1337	1	1337	2	1250	1250
JH56CNU	275	Picture	Flicker3	3858988	2674	1	1338	2	2500	1250
JH56CNU	276	Picture	Delay	3860493	0	1	18053	2	0	17920
JH56CNU	277	Picture	1_46_Retrieval_Working_Memory_MEG_P6_LR_Nonsalient_NoChange_CuedRetrieval_retrieval_patch_orientation_074_retrieval_position_1	3878713	0	2	30090	3	0	29920
JH56CNU	277	Response	10	3891424	12711	3
JH56CNU	278	Picture	ITI	3908970	0	1	25074	3	0	24920
JH56CNU	279	Picture	CueingCross	3934212	0	1	3008	3	0	2920
JH56CNU	280	Picture	PrepTime	3937388	0	1	3009	2	0	2920
JH56CNU	281	Picture	1_47_Encoding_Working_Memory_MEG_P6_LR_Nonsalient_NoChange_UncuedRetriev_300_300_399_1900_3000_2350_gabor_patch_orientation_157_128_096_076_target_position_1_2_retrieval_position_3	3940564	0	1	1337	2	0	1250
JH56CNU	281	Picture	Flicker2	3941901	1337	1	1337	2	1250	1250
JH56CNU	281	Picture	Flicker3	3943238	2674	1	1338	2	2500	1250
JH56CNU	282	Picture	Delay	3944743	0	1	19056	3	0	18920
JH56CNU	283	Picture	1_47_Retrieval_Working_Memory_MEG_P6_LR_Nonsalient_NoChange_UncuedRetriev_retrieval_patch_orientation_096_retrieval_position_3	3963967	0	1	30089	2	0	29920
JH56CNU	283	Response	10	3978303	14336	3
JH56CNU	284	Picture	ITI	3994223	0	1	23570	2	0	23420
JH56CNU	285	Picture	CueingCross	4017960	0	2	3009	3	0	2920
JH56CNU	286	Picture	PrepTime	4021136	0	2	3009	3	0	2920
JH56CNU	287	Picture	1_48_Encoding_Working_Memory_MEG_P6_LR_Nonsalient_DoChange_CuedRetrieval_300_300_399_1950_3000_2400_gabor_patch_orientation_085_108_044_161_target_position_1_4_retrieval_position_1	4024312	0	2	1338	3	0	1250
JH56CNU	287	Picture	Flicker2	4025650	1338	1	1337	2	1250	1250
JH56CNU	287	Picture	Flicker3	4026987	2675	1	1337	2	2500	1250
JH56CNU	288	Picture	Delay	4028492	0	1	19558	2	0	19420
JH56CNU	289	Picture	1_48_Retrieval_Working_Memory_MEG_P6_LR_Nonsalient_DoChange_CuedRetrieval_retrieval_patch_orientation_134_retrieval_position_1	4048217	0	1	30089	2	0	29920
JH56CNU	289	Response	20	4064862	16645	3
JH56CNU	290	Picture	ITI	4078473	0	2	24072	3	0	23920
JH56CNU	291	Picture	CueingCross	4102712	0	1	3009	2	0	2920
JH56CNU	292	Picture	PrepTime	4105888	0	1	3009	2	0	2920
JH56CNU	293	Picture	1_49_Encoding_Working_Memory_MEG_P6_LR_Nonsalient_NoChange_CuedRetrieval_300_300_399_2000_3000_2000_gabor_patch_orientation_090_123_036_013_target_position_3_4_retrieval_position_4	4109064	0	1	1337	3	0	1250
JH56CNU	293	Picture	Flicker2	4110401	1337	2	1338	3	1250	1250
JH56CNU	293	Picture	Flicker3	4111739	2675	1	1337	2	2500	1250
JH56CNU	294	Picture	Delay	4113243	0	1	20060	2	0	19920
JH56CNU	295	Picture	1_49_Retrieval_Working_Memory_MEG_P6_LR_Nonsalient_NoChange_CuedRetrieval_retrieval_patch_orientation_013_retrieval_position_4	4133470	0	1	30089	2	0	29920
JH56CNU	295	Response	10	4144320	10850	4
JH56CNU	296	Picture	ITI	4163726	0	2	20060	3	0	19920
JH56CNU	297	Picture	CueingCross	4183953	0	1	3009	2	0	2920
JH56CNU	298	Picture	PrepTime	4187129	0	2	3009	3	0	2920
JH56CNU	299	Picture	1_50_Encoding_Working_Memory_MEG_P6_LR_Nonsalient_DoChange_CuedRetrieval_300_300_399_2100_3000_2300_gabor_patch_orientation_137_097_178_007_target_position_1_2_retrieval_position_2	4190305	0	2	1338	3	0	1250
JH56CNU	299	Picture	Flicker2	4191643	1338	1	1337	2	1250	1250
JH56CNU	299	Picture	Flicker3	4192980	2675	1	1337	2	2500	1250
JH56CNU	300	Picture	Delay	4194484	0	2	21063	3	0	20920
JH56CNU	301	Picture	1_50_Retrieval_Working_Memory_MEG_P6_LR_Nonsalient_DoChange_CuedRetrieval_retrieval_patch_orientation_051_retrieval_position_2	4215714	0	1	30090	2	0	29920
JH56CNU	301	Response	20	4232799	17085	4
JH56CNU	302	Picture	ITI	4245971	0	1	23068	2	0	22920
JH56CNU	303	Picture	CueingCross	4269206	0	2	3009	3	0	2920
JH56CNU	304	Picture	PrepTime	4272382	0	2	3009	3	0	2920
JH56CNU	305	Picture	1_51_Encoding_Working_Memory_MEG_P6_LR_Nonsalient_DoChange_UncuedRetriev_300_300_399_1850_3000_2350_gabor_patch_orientation_017_107_036_141_target_position_2_4_retrieval_position_3	4275559	0	1	1337	2	0	1250
JH56CNU	305	Picture	Flicker2	4276896	1337	1	1337	2	1250	1250
JH56CNU	305	Picture	Flicker3	4278233	2674	1	1337	3	2500	1250
JH56CNU	306	Picture	Delay	4279738	0	1	18555	2	0	18420
JH56CNU	307	Picture	1_51_Retrieval_Working_Memory_MEG_P6_LR_Nonsalient_DoChange_UncuedRetriev_retrieval_patch_orientation_173_retrieval_position_3	4298460	0	1	30089	2	0	29920
JH56CNU	307	Response	20	4314228	15768	4
JH56CNU	308	Picture	ITI	4328716	0	2	23570	3	0	23420
JH56CNU	309	Picture	CueingCross	4352454	0	1	3008	3	0	2920
JH56CNU	310	Picture	PrepTime	4355630	0	1	3009	2	0	2920
JH56CNU	311	Picture	1_52_Encoding_Working_Memory_MEG_P6_LR_Nonsalient_DoChange_CuedRetrieval_300_300_399_1950_3000_2150_gabor_patch_orientation_038_146_064_115_target_position_2_3_retrieval_position_2	4358806	0	1	1337	2	0	1250
JH56CNU	311	Picture	Flicker2	4360143	1337	1	1337	2	1250	1250
JH56CNU	311	Picture	Flicker3	4361480	2674	1	1338	2	2500	1250
JH56CNU	312	Picture	Delay	4362985	0	1	19558	2	0	19420
JH56CNU	313	Picture	1_52_Retrieval_Working_Memory_MEG_P6_LR_Nonsalient_DoChange_CuedRetrieval_retrieval_patch_orientation_006_retrieval_position_2	4382710	0	1	30089	2	0	29920
JH56CNU	313	Response	20	4395627	12917	3
JH56CNU	314	Picture	ITI	4412967	0	1	21564	2	0	21420
JH56CNU	315	Picture	CueingCross	4434698	0	1	3009	2	0	2920
JH56CNU	316	Picture	PrepTime	4437874	0	1	3009	2	0	2920
JH56CNU	317	Picture	1_53_Encoding_Working_Memory_MEG_P6_LR_Nonsalient_NoChange_CuedRetrieval_300_300_399_1750_3000_2600_gabor_patch_orientation_124_061_016_175_target_position_2_3_retrieval_position_3	4441050	0	1	1337	2	0	1250
JH56CNU	317	Picture	Flicker2	4442387	1337	1	1338	2	1250	1250
JH56CNU	317	Picture	Flicker3	4443725	2675	1	1337	2	2500	1250
JH56CNU	318	Picture	Delay	4445229	0	1	17552	2	0	17420
JH56CNU	319	Picture	1_53_Retrieval_Working_Memory_MEG_P6_LR_Nonsalient_NoChange_CuedRetrieval_retrieval_patch_orientation_016_retrieval_position_3	4462948	0	2	30090	3	0	29920
JH56CNU	319	Response	10	4472896	9948	3
JH56CNU	320	Picture	ITI	4493205	0	1	26077	2	0	25920
JH56CNU	321	Picture	CueingCross	4519449	0	2	3009	3	0	2920
JH56CNU	322	Picture	PrepTime	4522626	0	1	3008	3	0	2920
JH56CNU	323	Picture	1_54_Encoding_Working_Memory_MEG_P6_LR_Nonsalient_DoChange_CuedRetrieval_300_300_399_1900_3000_2050_gabor_patch_orientation_018_170_126_053_target_position_2_4_retrieval_position_4	4525802	0	1	1337	2	0	1250
JH56CNU	323	Picture	Flicker2	4527139	1337	1	1337	2	1250	1250
JH56CNU	323	Picture	Flicker3	4528476	2674	1	1337	3	2500	1250
JH56CNU	324	Picture	Delay	4529981	0	1	19056	2	0	18920
JH56CNU	325	Picture	1_54_Retrieval_Working_Memory_MEG_P6_LR_Nonsalient_DoChange_CuedRetrieval_retrieval_patch_orientation_103_retrieval_position_4	4549204	0	2	30090	3	0	29920
JH56CNU	325	Response	20	4558555	9351	3
JH56CNU	326	Picture	ITI	4579461	0	1	20561	2	0	20420
JH56CNU	327	Picture	CueingCross	4600189	0	1	3009	2	0	2920
JH56CNU	328	Picture	PrepTime	4603365	0	1	3009	2	0	2920
JH56CNU	329	Picture	1_55_Encoding_Working_Memory_MEG_P6_LR_Nonsalient_DoChange_CuedRetrieval_300_300_399_2150_3000_2050_gabor_patch_orientation_116_057_007_163_target_position_3_4_retrieval_position_4	4606541	0	2	1338	3	0	1250
JH56CNU	329	Picture	Flicker2	4607879	1338	1	1337	2	1250	1250
JH56CNU	329	Picture	Flicker3	4609216	2675	1	1337	2	2500	1250
JH56CNU	330	Picture	Delay	4610720	0	2	21564	4	0	21420
JH56CNU	331	Picture	1_55_Retrieval_Working_Memory_MEG_P6_LR_Nonsalient_DoChange_CuedRetrieval_retrieval_patch_orientation_028_retrieval_position_4	4632452	0	1	30089	2	0	29920
JH56CNU	331	Response	20	4641943	9491	4
JH56CNU	332	Picture	ITI	4662708	0	1	20561	2	0	20420
JH56CNU	333	Picture	CueingCross	4683436	0	2	3009	3	0	2920
JH56CNU	334	Picture	PrepTime	4686612	0	2	3009	4	0	2920
JH56CNU	335	Picture	1_56_Encoding_Working_Memory_MEG_P6_LR_Nonsalient_DoChange_CuedRetrieval_300_300_399_1750_3000_2150_gabor_patch_orientation_168_153_082_001_target_position_2_3_retrieval_position_3	4689789	0	1	1337	2	0	1250
JH56CNU	335	Picture	Flicker2	4691126	1337	1	1337	3	1250	1250
JH56CNU	335	Picture	Flicker3	4692463	2674	2	1337	4	2500	1250
JH56CNU	336	Picture	Delay	4693968	0	1	17552	2	0	17420
JH56CNU	337	Picture	1_56_Retrieval_Working_Memory_MEG_P6_LR_Nonsalient_DoChange_CuedRetrieval_retrieval_patch_orientation_132_retrieval_position_3	4711687	0	1	30089	2	0	29920
JH56CNU	337	Response	20	4720772	9085	4
JH56CNU	338	Picture	ITI	4741943	0	2	21564	4	0	21420
JH56CNU	339	Picture	CueingCross	4763675	0	1	3009	2	0	2920
JH56CNU	340	Picture	PrepTime	4766851	0	1	3009	2	0	2920
JH56CNU	341	Picture	1_57_Encoding_Working_Memory_MEG_P6_LR_Nonsalient_DoChange_CuedRetrieval_300_300_399_2000_3000_2500_gabor_patch_orientation_084_125_107_149_target_position_3_4_retrieval_position_3	4770027	0	1	1337	2	0	1250
JH56CNU	341	Picture	Flicker2	4771364	1337	1	1337	3	1250	1250
JH56CNU	341	Picture	Flicker3	4772701	2674	2	1338	3	2500	1250
JH56CNU	342	Picture	Delay	4774206	0	1	20059	3	0	19920
JH56CNU	343	Picture	1_57_Retrieval_Working_Memory_MEG_P6_LR_Nonsalient_DoChange_CuedRetrieval_retrieval_patch_orientation_059_retrieval_position_3	4794432	0	2	30090	3	0	29920
JH56CNU	343	Response	20	4816491	22059	3
JH56CNU	344	Picture	ITI	4824689	0	1	25075	2	0	24920
JH56CNU	345	Picture	CueingCross	4849931	0	1	3009	2	0	2920
JH56CNU	346	Picture	PrepTime	4853107	0	1	3009	2	0	2920
JH56CNU	347	Picture	1_58_Encoding_Working_Memory_MEG_P6_LR_Nonsalient_DoChange_UncuedRetriev_300_300_399_2150_3000_2300_gabor_patch_orientation_002_122_050_179_target_position_3_4_retrieval_position_1	4856283	0	1	1337	2	0	1250
JH56CNU	347	Picture	Flicker2	4857620	1337	1	1338	2	1250	1250
JH56CNU	347	Picture	Flicker3	4858958	2675	1	1337	2	2500	1250
JH56CNU	348	Picture	Delay	4860462	0	1	21564	2	0	21420
JH56CNU	349	Picture	1_58_Retrieval_Working_Memory_MEG_P6_LR_Nonsalient_DoChange_UncuedRetriev_retrieval_patch_orientation_140_retrieval_position_1	4882193	0	1	30090	2	0	29920
JH56CNU	349	Response	20	4892260	10067	3
JH56CNU	350	Picture	ITI	4912450	0	1	23068	2	0	22920
JH56CNU	351	Picture	CueingCross	4935685	0	2	3009	3	0	2920
JH56CNU	352	Picture	PrepTime	4938862	0	1	3008	3	0	2920
JH56CNU	353	Picture	1_59_Encoding_Working_Memory_MEG_P6_LR_Nonsalient_NoChange_CuedRetrieval_300_300_399_2200_3000_2000_gabor_patch_orientation_161_029_001_080_target_position_3_4_retrieval_position_3	4942038	0	1	1337	2	0	1250
JH56CNU	353	Picture	Flicker2	4943375	1337	1	1337	2	1250	1250
JH56CNU	353	Picture	Flicker3	4944712	2674	1	1338	2	2500	1250
JH56CNU	354	Picture	Delay	4946217	0	1	22065	2	0	21920
JH56CNU	355	Picture	1_59_Retrieval_Working_Memory_MEG_P6_LR_Nonsalient_NoChange_CuedRetrieval_retrieval_patch_orientation_001_retrieval_position_3	4968449	0	2	30090	3	0	29920
JH56CNU	356	Picture	ITI	4998706	0	1	20059	3	0	19920
JH56CNU	357	Picture	CueingCross	5018933	0	1	3009	2	0	2920
JH56CNU	358	Picture	PrepTime	5022109	0	1	3009	2	0	2920
JH56CNU	359	Picture	1_60_Encoding_Working_Memory_MEG_P6_LR_Nonsalient_NoChange_CuedRetrieval_300_300_399_2250_3000_2300_gabor_patch_orientation_139_113_050_161_target_position_1_3_retrieval_position_3	5025285	0	1	1337	2	0	1250
JH56CNU	359	Picture	Flicker2	5026622	1337	1	1337	3	1250	1250
JH56CNU	359	Picture	Flicker3	5027959	2674	2	1337	4	2500	1250
JH56CNU	360	Picture	Delay	5029464	0	1	22567	2	0	22420
JH56CNU	361	Picture	1_60_Retrieval_Working_Memory_MEG_P6_LR_Nonsalient_NoChange_CuedRetrieval_retrieval_patch_orientation_050_retrieval_position_3	5052198	0	1	30089	3	0	29920
JH56CNU	361	Response	10	5067087	14889	4
JH56CNU	362	Picture	ITI	5082455	0	1	23068	2	0	22920
JH56CNU	363	Picture	CueingCross	5105690	0	2	3009	3	0	2920
JH56CNU	364	Picture	PrepTime	5108866	0	2	3009	3	0	2920
JH56CNU	365	Picture	1_61_Encoding_Working_Memory_MEG_P6_LR_Nonsalient_NoChange_UncuedRetriev_300_300_399_2100_3000_2000_gabor_patch_orientation_179_043_094_121_target_position_1_2_retrieval_position_4	5112042	0	2	1338	3	0	1250
JH56CNU	365	Picture	Flicker2	5113380	1338	1	1337	2	1250	1250
JH56CNU	365	Picture	Flicker3	5114717	2675	1	1337	2	2500	1250
JH56CNU	366	Picture	Delay	5116222	0	1	21062	2	0	20920
JH56CNU	367	Picture	1_61_Retrieval_Working_Memory_MEG_P6_LR_Nonsalient_NoChange_UncuedRetriev_retrieval_patch_orientation_121_retrieval_position_4	5137451	0	1	30090	2	0	29920
JH56CNU	367	Response	20	5152946	15495	4
JH56CNU	368	Picture	ITI	5167708	0	1	20059	2	0	19920
JH56CNU	369	Picture	CueingCross	5187934	0	2	3009	4	0	2920
JH56CNU	370	Picture	PrepTime	5191111	0	1	3009	2	0	2920
JH56CNU	371	Picture	1_62_Encoding_Working_Memory_MEG_P6_LR_Nonsalient_NoChange_CuedRetrieval_300_300_399_2200_3000_2100_gabor_patch_orientation_173_005_093_125_target_position_1_4_retrieval_position_1	5194287	0	1	1337	2	0	1250
JH56CNU	371	Picture	Flicker2	5195624	1337	1	1337	2	1250	1250
JH56CNU	371	Picture	Flicker3	5196961	2674	1	1338	2	2500	1250
JH56CNU	372	Picture	Delay	5198466	0	1	22065	2	0	21920
JH56CNU	373	Picture	1_62_Retrieval_Working_Memory_MEG_P6_LR_Nonsalient_NoChange_CuedRetrieval_retrieval_patch_orientation_173_retrieval_position_1	5220698	0	2	30090	3	0	29920
JH56CNU	373	Response	10	5230545	9847	4
JH56CNU	374	Picture	ITI	5250955	0	1	21062	3	0	20920
JH56CNU	375	Picture	CueingCross	5272185	0	1	3009	2	0	2920
JH56CNU	376	Picture	PrepTime	5275361	0	1	3009	2	0	2920
JH56CNU	377	Picture	1_63_Encoding_Working_Memory_MEG_P6_LR_Nonsalient_DoChange_CuedRetrieval_300_300_399_2150_3000_2250_gabor_patch_orientation_157_046_067_178_target_position_1_2_retrieval_position_1	5278537	0	1	1337	2	0	1250
JH56CNU	377	Picture	Flicker2	5279874	1337	1	1337	3	1250	1250
JH56CNU	377	Picture	Flicker3	5281211	2674	2	1338	3	2500	1250
JH56CNU	378	Picture	Delay	5282716	0	1	21564	2	0	21420
JH56CNU	379	Picture	1_63_Retrieval_Working_Memory_MEG_P6_LR_Nonsalient_DoChange_CuedRetrieval_retrieval_patch_orientation_019_retrieval_position_1	5304447	0	1	30089	3	0	29920
JH56CNU	379	Response	20	5315544	11097	3
JH56CNU	380	Picture	ITI	5334704	0	1	22567	2	0	22420
JH56CNU	381	Picture	CueingCross	5357438	0	1	3009	2	0	2920
JH56CNU	382	Picture	PrepTime	5360614	0	1	3009	2	0	2920
JH56CNU	383	Picture	1_64_Encoding_Working_Memory_MEG_P6_LR_Nonsalient_DoChange_UncuedRetriev_300_300_399_2150_3000_2350_gabor_patch_orientation_134_150_165_117_target_position_1_3_retrieval_position_2	5363790	0	1	1337	2	0	1250
JH56CNU	383	Picture	Flicker2	5365127	1337	1	1338	2	1250	1250
JH56CNU	383	Picture	Flicker3	5366465	2675	1	1337	2	2500	1250
JH56CNU	384	Picture	Delay	5367969	0	1	21564	2	0	21420
JH56CNU	385	Picture	1_64_Retrieval_Working_Memory_MEG_P6_LR_Nonsalient_DoChange_UncuedRetriev_retrieval_patch_orientation_010_retrieval_position_2	5389700	0	2	30089	4	0	29920
JH56CNU	385	Response	10	5405133	15433	3
JH56CNU	386	Picture	ITI	5419957	0	1	23570	2	0	23420
JH56CNU	387	Picture	CueingCross	5443694	0	1	3009	2	0	2920
JH56CNU	388	Picture	PrepTime	5446870	0	1	3009	2	0	2920
JH56CNU	389	Picture	1_65_Encoding_Working_Memory_MEG_P6_LR_Nonsalient_DoChange_CuedRetrieval_300_300_399_2050_3000_2600_gabor_patch_orientation_007_088_173_153_target_position_1_2_retrieval_position_2	5450046	0	1	1337	3	0	1250
JH56CNU	389	Picture	Flicker2	5451383	1337	2	1338	3	1250	1250
JH56CNU	389	Picture	Flicker3	5452721	2675	1	1337	2	2500	1250
JH56CNU	390	Picture	Delay	5454225	0	1	20561	2	0	20420
JH56CNU	391	Picture	1_65_Retrieval_Working_Memory_MEG_P6_LR_Nonsalient_DoChange_CuedRetrieval_retrieval_patch_orientation_040_retrieval_position_2	5474953	0	2	30090	3	0	29920
JH56CNU	391	Response	10	5494571	19618	4
JH56CNU	392	Picture	ITI	5505210	0	1	26077	2	0	25920
JH56CNU	393	Picture	CueingCross	5531455	0	1	3008	3	0	2920
JH56CNU	394	Picture	PrepTime	5534631	0	1	3009	2	0	2920
JH56CNU	395	Picture	1_66_Encoding_Working_Memory_MEG_P6_LR_Nonsalient_DoChange_CuedRetrieval_300_300_399_2150_3000_2500_gabor_patch_orientation_081_138_050_155_target_position_2_4_retrieval_position_4	5537807	0	1	1337	2	0	1250
JH56CNU	395	Picture	Flicker2	5539144	1337	1	1337	2	1250	1250
JH56CNU	395	Picture	Flicker3	5540481	2674	1	1338	2	2500	1250
JH56CNU	396	Picture	Delay	5541986	0	1	21564	2	0	21420
JH56CNU	397	Picture	1_66_Retrieval_Working_Memory_MEG_P6_LR_Nonsalient_DoChange_CuedRetrieval_retrieval_patch_orientation_107_retrieval_position_4	5563717	0	1	30089	2	0	29920
JH56CNU	397	Response	20	5578200	14483	4
JH56CNU	398	Picture	ITI	5593974	0	1	25074	2	0	24920
JH56CNU	399	Picture	CueingCross	5619215	0	1	3009	2	0	2920
JH56CNU	400	Picture	PrepTime	5622391	0	1	3009	2	0	2920
JH56CNU	401	Picture	1_67_Encoding_Working_Memory_MEG_P6_LR_Nonsalient_NoChange_CuedRetrieval_300_300_399_2050_3000_1900_gabor_patch_orientation_006_160_121_144_target_position_3_4_retrieval_position_3	5625567	0	2	1338	3	0	1250
JH56CNU	401	Picture	Flicker2	5626905	1338	1	1337	2	1250	1250
JH56CNU	401	Picture	Flicker3	5628242	2675	1	1336	3	2500	1250
JH56CNU	402	Picture	Delay	5629746	0	2	20561	4	0	20420
JH56CNU	403	Picture	1_67_Retrieval_Working_Memory_MEG_P6_LR_Nonsalient_NoChange_CuedRetrieval_retrieval_patch_orientation_121_retrieval_position_3	5650475	0	1	30089	2	0	29920
JH56CNU	403	Response	10	5667049	16574	4
JH56CNU	404	Picture	ITI	5680731	0	1	19057	2	0	18920
JH56CNU	405	Picture	CueingCross	5699955	0	1	3009	2	0	2920
JH56CNU	406	Picture	PrepTime	5703131	0	1	3009	2	0	2920
JH56CNU	407	Picture	1_68_Encoding_Working_Memory_MEG_P6_LR_Nonsalient_DoChange_CuedRetrieval_300_300_399_1950_3000_1900_gabor_patch_orientation_099_055_035_125_target_position_2_4_retrieval_position_2	5706307	0	1	1337	3	0	1250
JH56CNU	407	Picture	Flicker2	5707644	1337	2	1338	3	1250	1250
JH56CNU	407	Picture	Flicker3	5708982	2675	1	1337	2	2500	1250
JH56CNU	408	Picture	Delay	5710486	0	1	19558	2	0	19420
JH56CNU	409	Picture	1_68_Retrieval_Working_Memory_MEG_P6_LR_Nonsalient_DoChange_CuedRetrieval_retrieval_patch_orientation_009_retrieval_position_2	5730211	0	2	30090	3	0	29920
JH56CNU	409	Response	20	5742428	12217	3
JH56CNU	410	Picture	ITI	5760468	0	1	19056	3	0	18920
JH56CNU	411	Picture	CueingCross	5779692	0	2	3009	3	0	2920
JH56CNU	412	Picture	PrepTime	5782868	0	1	3009	2	0	2920
JH56CNU	413	Picture	1_69_Encoding_Working_Memory_MEG_P6_LR_Nonsalient_NoChange_UncuedRetriev_300_300_399_1900_3000_2550_gabor_patch_orientation_094_056_162_121_target_position_2_3_retrieval_position_4	5786044	0	1	1337	2	0	1250
JH56CNU	413	Picture	Flicker2	5787381	1337	1	1337	3	1250	1250
JH56CNU	413	Picture	Flicker3	5788718	2674	2	1338	3	2500	1250
JH56CNU	414	Picture	Delay	5790223	0	1	19057	2	0	18920
JH56CNU	415	Picture	1_69_Retrieval_Working_Memory_MEG_P6_LR_Nonsalient_NoChange_UncuedRetriev_retrieval_patch_orientation_121_retrieval_position_4	5809447	0	1	30089	2	0	29920
JH56CNU	415	Response	20	5824557	15110	3
JH56CNU	416	Picture	ITI	5839703	0	1	25576	2	0	25420
JH56CNU	417	Picture	CueingCross	5865446	0	2	3009	3	0	2920
JH56CNU	418	Picture	PrepTime	5868622	0	2	3009	3	0	2920
JH56CNU	419	Picture	1_70_Encoding_Working_Memory_MEG_P6_LR_Nonsalient_NoChange_CuedRetrieval_300_300_399_2250_3000_2400_gabor_patch_orientation_082_106_154_041_target_position_1_3_retrieval_position_1	5871799	0	1	1337	2	0	1250
JH56CNU	419	Picture	Flicker2	5873136	1337	1	1337	2	1250	1250
JH56CNU	419	Picture	Flicker3	5874473	2674	1	1337	3	2500	1250
JH56CNU	420	Picture	Delay	5875978	0	1	22567	2	0	22420
JH56CNU	421	Picture	1_70_Retrieval_Working_Memory_MEG_P6_LR_Nonsalient_NoChange_CuedRetrieval_retrieval_patch_orientation_082_retrieval_position_1	5898712	0	1	30089	2	0	29920
JH56CNU	421	Response	10	5914185	15473	4
JH56CNU	422	Picture	ITI	5928968	0	2	24072	3	0	23920
JH56CNU	423	Picture	BaselinePost	5953207	0	1	50149	2	0	50000
