Scenario - ATWM1_Working_Memory_MEG_salient_uncued_run1
Logfile written - 04/04/2016 14:49:22

Subject	Trial	Event Type	Code	Time	TTime	Uncertainty	Duration	Uncertainty	ReqTime	ReqDur

JH56CNU	1	Picture	ExpStart	29	0	1	10030	2	0	10000
JH56CNU	2	Picture	BaselinePre	10226	0	1	100131	2	0	100000
JH56CNU	3	Picture	CueingCross	110524	0	1	3009	2	0	2920
JH56CNU	4	Picture	PrepTime	113700	0	1	3009	2	0	2920
JH56CNU	5	Picture	1_1_Encoding_Working_Memory_MEG_P6_LR_Salient_NoChange_CuedRetrieval_300_300_399_1850_3000_2400_gabor_patch_orientation_170_104_043_148_target_position_1_4_retrieval_position_1	116876	0	1	1337	2	0	1250
JH56CNU	5	Picture	Flicker2	118213	1337	1	1338	2	1250	1250
JH56CNU	5	Picture	Flicker3	119551	2675	1	1337	2	2500	1250
JH56CNU	6	Picture	Delay	121055	0	1	18555	2	0	18420
JH56CNU	7	Picture	1_1_Retrieval_Working_Memory_MEG_P6_LR_Salient_NoChange_CuedRetrieval_retrieval_patch_orientation_170_retrieval_position_1	139777	0	2	30090	3	0	29920
JH56CNU	7	Response	10	163679	23902	4
JH56CNU	8	Picture	ITI	170034	0	1	24071	2	0	23920
JH56CNU	9	Picture	CueingCross	194273	0	1	3008	3	0	2920
JH56CNU	10	Picture	PrepTime	197449	0	1	3009	2	0	2920
JH56CNU	11	Picture	1_2_Encoding_Working_Memory_MEG_P6_LR_Salient_DoChange_CuedRetrieval_300_300_399_2200_3000_2200_gabor_patch_orientation_126_065_037_144_target_position_1_4_retrieval_position_4	200625	0	1	1337	3	0	1250
JH56CNU	11	Picture	Flicker2	201962	1337	2	1337	3	1250	1250
JH56CNU	11	Picture	Flicker3	203299	2674	1	1338	2	2500	1250
JH56CNU	12	Picture	Delay	204804	0	1	22065	2	0	21920
JH56CNU	13	Picture	1_2_Retrieval_Working_Memory_MEG_P6_LR_Salient_DoChange_CuedRetrieval_retrieval_patch_orientation_097_retrieval_position_4	227036	0	2	30090	3	0	29920
JH56CNU	13	Response	20	238468	11432	5
JH56CNU	14	Picture	ITI	257293	0	1	22066	2	0	21920
JH56CNU	15	Picture	CueingCross	279526	0	1	3009	2	0	2920
JH56CNU	16	Picture	PrepTime	282702	0	1	3009	2	0	2920
JH56CNU	17	Picture	1_3_Encoding_Working_Memory_MEG_P6_LR_Salient_DoChange_CuedRetrieval_300_300_399_1800_3000_1950_gabor_patch_orientation_146_063_098_172_target_position_2_3_retrieval_position_2	285878	0	1	1337	2	0	1250
JH56CNU	17	Picture	Flicker2	287215	1337	1	1338	2	1250	1250
JH56CNU	17	Picture	Flicker3	288553	2675	1	1337	2	2500	1250
JH56CNU	18	Picture	Delay	290057	0	2	18054	3	0	17920
JH56CNU	19	Picture	1_3_Retrieval_Working_Memory_MEG_P6_LR_Salient_DoChange_CuedRetrieval_retrieval_patch_orientation_018_retrieval_position_2	308278	0	1	30089	2	0	29920
JH56CNU	19	Response	20	317247	8969	4
JH56CNU	20	Picture	ITI	338534	0	2	19558	3	0	19420
JH56CNU	21	Picture	CueingCross	358259	0	2	3009	4	0	2920
JH56CNU	22	Picture	PrepTime	361436	0	1	3009	2	0	2920
JH56CNU	23	Picture	1_4_Encoding_Working_Memory_MEG_P6_LR_Salient_NoChange_CuedRetrieval_300_300_399_2250_3000_2400_gabor_patch_orientation_034_153_011_075_target_position_2_4_retrieval_position_4	364612	0	1	1337	2	0	1250
JH56CNU	23	Picture	Flicker2	365949	1337	1	1337	2	1250	1250
JH56CNU	23	Picture	Flicker3	367286	2674	1	1338	2	2500	1250
JH56CNU	24	Picture	Delay	368791	0	1	22567	2	0	22420
JH56CNU	25	Picture	1_4_Retrieval_Working_Memory_MEG_P6_LR_Salient_NoChange_CuedRetrieval_retrieval_patch_orientation_075_retrieval_position_4	391525	0	1	30089	2	0	29920
JH56CNU	25	Response	10	402796	11271	3
JH56CNU	26	Picture	ITI	421781	0	2	24072	3	0	23920
JH56CNU	27	Picture	CueingCross	446020	0	1	3009	2	0	2920
JH56CNU	28	Picture	PrepTime	449196	0	1	3009	2	0	2920
JH56CNU	29	Picture	1_5_Encoding_Working_Memory_MEG_P6_LR_Salient_NoChange_CuedRetrieval_300_300_399_2200_3000_1950_gabor_patch_orientation_132_075_164_009_target_position_1_2_retrieval_position_2	452372	0	2	1338	3	0	1250
JH56CNU	29	Picture	Flicker2	453710	1338	1	1337	2	1250	1250
JH56CNU	29	Picture	Flicker3	455047	2675	1	1336	3	2500	1250
JH56CNU	30	Picture	Delay	456551	0	2	22066	3	0	21920
JH56CNU	31	Picture	1_5_Retrieval_Working_Memory_MEG_P6_LR_Salient_NoChange_CuedRetrieval_retrieval_patch_orientation_075_retrieval_position_2	478784	0	1	30089	3	0	29920
JH56CNU	31	Response	10	490215	11431	3
JH56CNU	32	Picture	ITI	509041	0	1	19558	2	0	19420
JH56CNU	33	Picture	CueingCross	528766	0	1	3009	2	0	2920
JH56CNU	34	Picture	PrepTime	531942	0	1	3009	2	0	2920
JH56CNU	35	Picture	1_6_Encoding_Working_Memory_MEG_P6_LR_Salient_NoChange_CuedRetrieval_300_300_399_2150_3000_2200_gabor_patch_orientation_005_084_033_165_target_position_1_4_retrieval_position_4	535118	0	1	1337	2	0	1250
JH56CNU	35	Picture	Flicker2	536455	1337	1	1338	2	1250	1250
JH56CNU	35	Picture	Flicker3	537793	2675	1	1337	2	2500	1250
JH56CNU	36	Picture	Delay	539297	0	1	21564	2	0	21420
JH56CNU	37	Picture	1_6_Retrieval_Working_Memory_MEG_P6_LR_Salient_NoChange_CuedRetrieval_retrieval_patch_orientation_165_retrieval_position_4	561028	0	2	30090	3	0	29920
JH56CNU	37	Response	10	571484	10456	3
JH56CNU	38	Picture	ITI	591285	0	1	22065	2	0	21920
JH56CNU	39	Picture	CueingCross	613517	0	2	3009	4	0	2920
JH56CNU	40	Picture	PrepTime	616694	0	1	3009	2	0	2920
JH56CNU	41	Picture	1_7_Encoding_Working_Memory_MEG_P6_LR_Salient_NoChange_CuedRetrieval_300_300_399_1850_3000_2450_gabor_patch_orientation_128_045_095_011_target_position_1_4_retrieval_position_1	619870	0	1	1337	2	0	1250
JH56CNU	41	Picture	Flicker2	621207	1337	1	1337	2	1250	1250
JH56CNU	41	Picture	Flicker3	622544	2674	1	1338	2	2500	1250
JH56CNU	42	Picture	Delay	624049	0	1	18555	2	0	18420
JH56CNU	43	Picture	1_7_Retrieval_Working_Memory_MEG_P6_LR_Salient_NoChange_CuedRetrieval_retrieval_patch_orientation_128_retrieval_position_1	642771	0	1	30089	2	0	29920
JH56CNU	43	Response	10	652692	9921	4
JH56CNU	44	Picture	ITI	673027	0	2	24573	4	0	24420
JH56CNU	45	Picture	CueingCross	697768	0	1	3009	2	0	2920
JH56CNU	46	Picture	PrepTime	700944	0	1	3009	2	0	2920
JH56CNU	47	Picture	1_8_Encoding_Working_Memory_MEG_P6_LR_Salient_NoChange_UncuedRetriev_300_300_399_2050_3000_1900_gabor_patch_orientation_030_090_110_047_target_position_1_4_retrieval_position_3	704120	0	1	1337	2	0	1250
JH56CNU	47	Picture	Flicker2	705457	1337	1	1337	3	1250	1250
JH56CNU	47	Picture	Flicker3	706794	2674	2	1338	3	2500	1250
JH56CNU	48	Picture	Delay	708299	0	1	20561	2	0	20420
JH56CNU	49	Picture	1_8_Retrieval_Working_Memory_MEG_P6_LR_Salient_NoChange_UncuedRetriev_retrieval_patch_orientation_110_retrieval_position_3	729027	0	1	30089	3	0	29920
JH56CNU	49	Response	10	746571	17544	4
JH56CNU	50	Picture	ITI	759284	0	1	19056	2	0	18920
JH56CNU	51	Picture	CueingCross	778507	0	2	3009	3	0	2920
JH56CNU	52	Picture	PrepTime	781684	0	1	3008	3	0	2920
JH56CNU	53	Picture	1_9_Encoding_Working_Memory_MEG_P6_LR_Salient_DoChange_CuedRetrieval_300_300_399_1950_3000_2200_gabor_patch_orientation_065_093_031_150_target_position_1_2_retrieval_position_1	784860	0	1	1337	2	0	1250
JH56CNU	53	Picture	Flicker2	786197	1337	1	1337	2	1250	1250
JH56CNU	53	Picture	Flicker3	787534	2674	1	1338	2	2500	1250
JH56CNU	54	Picture	Delay	789039	0	1	19558	2	0	19420
JH56CNU	55	Picture	1_9_Retrieval_Working_Memory_MEG_P6_LR_Salient_DoChange_CuedRetrieval_retrieval_patch_orientation_112_retrieval_position_1	808764	0	2	30089	3	0	29920
JH56CNU	55	Response	20	831570	22806	3
JH56CNU	56	Picture	ITI	839020	0	2	22066	3	0	21920
JH56CNU	57	Picture	CueingCross	861253	0	1	3009	2	0	2920
JH56CNU	58	Picture	PrepTime	864429	0	2	3009	3	0	2920
JH56CNU	59	Picture	1_10_Encoding_Working_Memory_MEG_P6_LR_Salient_DoChange_CuedRetrieval_300_300_399_2100_3000_1950_gabor_patch_orientation_126_081_100_155_target_position_1_3_retrieval_position_1	867605	0	2	1338	3	0	1250
JH56CNU	59	Picture	Flicker2	868943	1338	1	1337	2	1250	1250
JH56CNU	59	Picture	Flicker3	870280	2675	1	1337	2	2500	1250
JH56CNU	60	Picture	Delay	871784	0	2	21063	3	0	20920
JH56CNU	61	Picture	1_10_Retrieval_Working_Memory_MEG_P6_LR_Salient_DoChange_CuedRetrieval_retrieval_patch_orientation_171_retrieval_position_1	893014	0	1	30089	3	0	29920
JH56CNU	61	Response	20	901549	8535	3
JH56CNU	62	Picture	ITI	923271	0	1	19558	2	0	19420
JH56CNU	63	Picture	CueingCross	942996	0	1	3009	2	0	2920
JH56CNU	64	Picture	PrepTime	946172	0	1	3009	2	0	2920
JH56CNU	65	Picture	1_11_Encoding_Working_Memory_MEG_P6_LR_Salient_DoChange_CuedRetrieval_300_300_399_1800_3000_2350_gabor_patch_orientation_138_086_157_111_target_position_1_2_retrieval_position_1	949348	0	1	1337	2	0	1250
JH56CNU	65	Picture	Flicker2	950685	1337	1	1338	2	1250	1250
JH56CNU	65	Picture	Flicker3	952023	2675	1	1337	2	2500	1250
JH56CNU	66	Picture	Delay	953527	0	1	18054	2	0	17920
JH56CNU	67	Picture	1_11_Retrieval_Working_Memory_MEG_P6_LR_Salient_DoChange_CuedRetrieval_retrieval_patch_orientation_003_retrieval_position_1	971748	0	1	30089	2	0	29920
JH56CNU	67	Response	20	982218	10470	3
JH56CNU	68	Picture	ITI	1002004	0	2	23570	4	0	23420
JH56CNU	69	Picture	CueingCross	1025742	0	1	3009	2	0	2920
JH56CNU	70	Picture	PrepTime	1028918	0	1	3009	2	0	2920
JH56CNU	71	Picture	1_12_Encoding_Working_Memory_MEG_P6_LR_Salient_NoChange_UncuedRetriev_300_300_399_1900_3000_2550_gabor_patch_orientation_097_008_178_064_target_position_1_2_retrieval_position_3	1032094	0	1	1337	2	0	1250
JH56CNU	71	Picture	Flicker2	1033431	1337	1	1337	2	1250	1250
JH56CNU	71	Picture	Flicker3	1034768	2674	1	1338	2	2500	1250
JH56CNU	72	Picture	Delay	1036273	0	1	19056	3	0	18920
JH56CNU	73	Picture	1_12_Retrieval_Working_Memory_MEG_P6_LR_Salient_NoChange_UncuedRetriev_retrieval_patch_orientation_178_retrieval_position_3	1055497	0	1	30089	2	0	29920
JH56CNU	73	Response	20	1073156	17659	4
JH56CNU	74	Picture	ITI	1085753	0	1	25576	2	0	25420
JH56CNU	75	Picture	CueingCross	1111496	0	1	3009	2	0	2920
JH56CNU	76	Picture	PrepTime	1114672	0	2	3009	3	0	2920
JH56CNU	77	Picture	1_13_Encoding_Working_Memory_MEG_P6_LR_Salient_NoChange_CuedRetrieval_300_300_399_2150_3000_2600_gabor_patch_orientation_168_123_083_012_target_position_1_2_retrieval_position_1	1117848	0	2	1338	3	0	1250
JH56CNU	77	Picture	Flicker2	1119186	1338	1	1337	2	1250	1250
JH56CNU	77	Picture	Flicker3	1120523	2675	1	1337	2	2500	1250
JH56CNU	78	Picture	Delay	1122027	0	2	21564	4	0	21420
JH56CNU	79	Picture	1_13_Retrieval_Working_Memory_MEG_P6_LR_Salient_NoChange_CuedRetrieval_retrieval_patch_orientation_168_retrieval_position_1	1143759	0	1	30089	2	0	29920
JH56CNU	79	Response	10	1152855	9096	4
JH56CNU	80	Picture	ITI	1174015	0	2	26078	3	0	25920
JH56CNU	81	Picture	CueingCross	1200259	0	3	3010	4	0	2920
JH56CNU	82	Picture	PrepTime	1203436	0	1	3009	2	0	2920
JH56CNU	83	Picture	1_14_Encoding_Working_Memory_MEG_P6_LR_Salient_DoChange_CuedRetrieval_300_300_399_1800_3000_1950_gabor_patch_orientation_094_159_054_128_target_position_2_3_retrieval_position_2	1206612	0	1	1337	2	0	1250
JH56CNU	83	Picture	Flicker2	1207949	1337	1	1338	2	1250	1250
JH56CNU	83	Picture	Flicker3	1209287	2675	1	1337	2	2500	1250
JH56CNU	84	Picture	Delay	1210791	0	1	18054	2	0	17920
JH56CNU	85	Picture	1_14_Retrieval_Working_Memory_MEG_P6_LR_Salient_DoChange_CuedRetrieval_retrieval_patch_orientation_020_retrieval_position_2	1229012	0	1	30089	2	0	29920
JH56CNU	85	Response	20	1245474	16462	4
JH56CNU	86	Picture	ITI	1259268	0	2	19558	4	0	19420
JH56CNU	87	Picture	CueingCross	1278994	0	1	3009	2	0	2920
JH56CNU	88	Picture	PrepTime	1282170	0	1	3009	2	0	2920
JH56CNU	89	Picture	1_15_Encoding_Working_Memory_MEG_P6_LR_Salient_DoChange_UncuedRetriev_300_300_399_1750_3000_2500_gabor_patch_orientation_038_071_021_099_target_position_2_4_retrieval_position_1	1285346	0	1	1337	2	0	1250
JH56CNU	89	Picture	Flicker2	1286683	1337	1	1337	3	1250	1250
JH56CNU	89	Picture	Flicker3	1288020	2674	2	1338	3	2500	1250
JH56CNU	90	Picture	Delay	1289525	0	1	17552	2	0	17420
JH56CNU	91	Picture	1_15_Retrieval_Working_Memory_MEG_P6_LR_Salient_DoChange_UncuedRetriev_retrieval_patch_orientation_177_retrieval_position_1	1307244	0	1	30089	3	0	29920
JH56CNU	91	Response	20	1323583	16339	3
JH56CNU	92	Picture	ITI	1337501	0	1	25074	2	0	24920
JH56CNU	93	Picture	CueingCross	1362742	0	2	3009	3	0	2920
JH56CNU	94	Picture	PrepTime	1365918	0	2	3009	3	0	2920
JH56CNU	95	Picture	1_16_Encoding_Working_Memory_MEG_P6_LR_Salient_NoChange_CuedRetrieval_300_300_399_2150_3000_2350_gabor_patch_orientation_122_060_145_082_target_position_1_3_retrieval_position_1	1369094	0	2	1338	3	0	1250
JH56CNU	95	Picture	Flicker2	1370432	1338	1	1337	2	1250	1250
JH56CNU	95	Picture	Flicker3	1371769	2675	1	1337	2	2500	1250
JH56CNU	96	Picture	Delay	1373274	0	1	21564	2	0	21420
JH56CNU	97	Picture	1_16_Retrieval_Working_Memory_MEG_P6_LR_Salient_NoChange_CuedRetrieval_retrieval_patch_orientation_122_retrieval_position_1	1395005	0	1	30089	2	0	29920
JH56CNU	97	Response	10	1405222	10217	3
JH56CNU	98	Picture	ITI	1425261	0	2	23570	3	0	23420
JH56CNU	99	Picture	CueingCross	1448998	0	2	3009	3	0	2920
JH56CNU	100	Picture	PrepTime	1452175	0	1	3008	3	0	2920
JH56CNU	101	Picture	1_17_Encoding_Working_Memory_MEG_P6_LR_Salient_DoChange_CuedRetrieval_300_300_399_1900_3000_2300_gabor_patch_orientation_115_048_095_154_target_position_1_2_retrieval_position_1	1455351	0	1	1337	2	0	1250
JH56CNU	101	Picture	Flicker2	1456688	1337	1	1337	2	1250	1250
JH56CNU	101	Picture	Flicker3	1458025	2674	1	1338	2	2500	1250
JH56CNU	102	Picture	Delay	1459530	0	1	19056	2	0	18920
JH56CNU	103	Picture	1_17_Retrieval_Working_Memory_MEG_P6_LR_Salient_DoChange_CuedRetrieval_retrieval_patch_orientation_069_retrieval_position_1	1478753	0	2	30090	3	0	29920
JH56CNU	103	Response	20	1489471	10718	3
JH56CNU	104	Picture	ITI	1509010	0	1	23068	3	0	22920
JH56CNU	105	Picture	CueingCross	1532246	0	1	3009	2	0	2920
JH56CNU	106	Picture	PrepTime	1535422	0	1	3009	2	0	2920
JH56CNU	107	Picture	1_18_Encoding_Working_Memory_MEG_P6_LR_Salient_NoChange_CuedRetrieval_300_300_399_2250_3000_2150_gabor_patch_orientation_113_160_002_077_target_position_3_4_retrieval_position_3	1538598	0	1	1337	2	0	1250
JH56CNU	107	Picture	Flicker2	1539935	1337	1	1337	3	1250	1250
JH56CNU	107	Picture	Flicker3	1541272	2674	2	1338	3	2500	1250
JH56CNU	108	Picture	Delay	1542776	0	2	22568	3	0	22420
JH56CNU	109	Picture	1_18_Retrieval_Working_Memory_MEG_P6_LR_Salient_NoChange_CuedRetrieval_retrieval_patch_orientation_002_retrieval_position_3	1565511	0	1	30089	3	0	29920
JH56CNU	109	Response	20	1578939	13428	4
JH56CNU	110	Picture	ITI	1595768	0	1	21564	2	0	21420
JH56CNU	111	Picture	CueingCross	1617499	0	1	3009	2	0	2920
JH56CNU	112	Picture	PrepTime	1620675	0	1	3009	2	0	2920
JH56CNU	113	Picture	1_19_Encoding_Working_Memory_MEG_P6_LR_Salient_DoChange_CuedRetrieval_300_300_399_1800_3000_2250_gabor_patch_orientation_120_089_141_156_target_position_2_3_retrieval_position_3	1623851	0	1	1337	2	0	1250
JH56CNU	113	Picture	Flicker2	1625188	1337	1	1338	2	1250	1250
JH56CNU	113	Picture	Flicker3	1626526	2675	1	1337	2	2500	1250
JH56CNU	114	Picture	Delay	1628030	0	1	18054	2	0	17920
JH56CNU	115	Picture	1_19_Retrieval_Working_Memory_MEG_P6_LR_Salient_DoChange_CuedRetrieval_retrieval_patch_orientation_001_retrieval_position_3	1646251	0	1	30089	2	0	29920
JH56CNU	115	Response	20	1659288	13037	4
JH56CNU	116	Picture	ITI	1676507	0	2	22567	3	0	22420
JH56CNU	117	Picture	CueingCross	1699241	0	2	3009	4	0	2920
JH56CNU	118	Picture	PrepTime	1702418	0	1	3008	3	0	2920
JH56CNU	119	Picture	1_20_Encoding_Working_Memory_MEG_P6_LR_Salient_DoChange_CuedRetrieval_300_300_399_2000_3000_2100_gabor_patch_orientation_006_028_068_089_target_position_3_4_retrieval_position_4	1705594	0	1	1337	2	0	1250
JH56CNU	119	Picture	Flicker2	1706931	1337	1	1337	2	1250	1250
JH56CNU	119	Picture	Flicker3	1708268	2674	1	1338	2	2500	1250
JH56CNU	120	Picture	Delay	1709773	0	1	20059	2	0	19920
JH56CNU	121	Picture	1_20_Retrieval_Working_Memory_MEG_P6_LR_Salient_DoChange_CuedRetrieval_retrieval_patch_orientation_139_retrieval_position_4	1729999	0	2	30090	3	0	29920
JH56CNU	121	Response	20	1738127	8128	4
JH56CNU	122	Picture	ITI	1760256	0	1	21063	2	0	20920
JH56CNU	123	Picture	CueingCross	1781486	0	1	3009	2	0	2920
JH56CNU	124	Picture	PrepTime	1784662	0	1	3009	2	0	2920
JH56CNU	125	Picture	1_21_Encoding_Working_Memory_MEG_P6_LR_Salient_DoChange_CuedRetrieval_300_300_399_2250_3000_2000_gabor_patch_orientation_036_160_017_125_target_position_2_4_retrieval_position_4	1787838	0	1	1337	2	0	1250
JH56CNU	125	Picture	Flicker2	1789175	1337	1	1337	3	1250	1250
JH56CNU	125	Picture	Flicker3	1790512	2674	2	1338	3	2500	1250
JH56CNU	126	Picture	Delay	1792017	0	1	22567	2	0	22420
JH56CNU	127	Picture	1_21_Retrieval_Working_Memory_MEG_P6_LR_Salient_DoChange_CuedRetrieval_retrieval_patch_orientation_078_retrieval_position_4	1814751	0	1	30090	2	0	29920
JH56CNU	127	Response	20	1821876	7125	3
JH56CNU	128	Picture	ITI	1845008	0	1	20059	2	0	19920
JH56CNU	129	Picture	CueingCross	1865234	0	2	3009	3	0	2920
JH56CNU	130	Picture	PrepTime	1868411	0	1	3008	3	0	2920
JH56CNU	131	Picture	1_22_Encoding_Working_Memory_MEG_P6_LR_Salient_NoChange_CuedRetrieval_300_300_399_1850_3000_2150_gabor_patch_orientation_164_118_143_009_target_position_2_4_retrieval_position_4	1871587	0	1	1337	2	0	1250
JH56CNU	131	Picture	Flicker2	1872924	1337	1	1337	2	1250	1250
JH56CNU	131	Picture	Flicker3	1874261	2674	1	1338	2	2500	1250
JH56CNU	132	Picture	Delay	1875766	0	1	18555	2	0	18420
JH56CNU	133	Picture	1_22_Retrieval_Working_Memory_MEG_P6_LR_Salient_NoChange_CuedRetrieval_retrieval_patch_orientation_009_retrieval_position_4	1894488	0	1	30089	2	0	29920
JH56CNU	133	Response	20	1914755	20267	3
JH56CNU	134	Picture	ITI	1924744	0	2	21564	4	0	21420
JH56CNU	135	Picture	CueingCross	1946476	0	1	3009	2	0	2920
JH56CNU	136	Picture	PrepTime	1949652	0	1	3009	2	0	2920
JH56CNU	137	Picture	1_23_Encoding_Working_Memory_MEG_P6_LR_Salient_DoChange_UncuedRetriev_300_300_399_1750_3000_2350_gabor_patch_orientation_052_160_096_075_target_position_1_2_retrieval_position_3	1952828	0	1	1337	2	0	1250
JH56CNU	137	Picture	Flicker2	1954165	1337	1	1337	3	1250	1250
JH56CNU	137	Picture	Flicker3	1955502	2674	2	1338	3	2500	1250
JH56CNU	138	Picture	Delay	1957007	0	1	17552	2	0	17420
JH56CNU	139	Picture	1_23_Retrieval_Working_Memory_MEG_P6_LR_Salient_DoChange_UncuedRetriev_retrieval_patch_orientation_141_retrieval_position_3	1974726	0	1	30090	2	0	29920
JH56CNU	139	Response	10	2001023	26297	4
JH56CNU	140	Picture	ITI	2004983	0	1	23570	2	0	23420
JH56CNU	141	Picture	CueingCross	2028720	0	1	3009	2	0	2920
JH56CNU	142	Picture	PrepTime	2031896	0	1	3009	2	0	2920
JH56CNU	143	Picture	1_24_Encoding_Working_Memory_MEG_P6_LR_Salient_DoChange_CuedRetrieval_300_300_399_1900_3000_2000_gabor_patch_orientation_157_045_114_074_target_position_2_4_retrieval_position_4	2035072	0	1	1337	2	0	1250
JH56CNU	143	Picture	Flicker2	2036409	1337	1	1338	2	1250	1250
JH56CNU	143	Picture	Flicker3	2037747	2675	1	1337	2	2500	1250
JH56CNU	144	Picture	Delay	2039251	0	1	19057	2	0	18920
JH56CNU	145	Picture	1_24_Retrieval_Working_Memory_MEG_P6_LR_Salient_DoChange_CuedRetrieval_retrieval_patch_orientation_028_retrieval_position_4	2058475	0	1	30089	2	0	29920
JH56CNU	145	Response	20	2069872	11397	5
JH56CNU	146	Picture	ITI	2088731	0	2	20060	3	0	19920
JH56CNU	147	Picture	CueingCross	2108958	0	1	3009	2	0	2920
JH56CNU	148	Picture	PrepTime	2112134	0	1	3009	2	0	2920
JH56CNU	149	Picture	1_25_Encoding_Working_Memory_MEG_P6_LR_Salient_DoChange_CuedRetrieval_300_300_399_2200_3000_2150_gabor_patch_orientation_045_121_064_082_target_position_1_3_retrieval_position_3	2115310	0	2	1338	3	0	1250
JH56CNU	149	Picture	Flicker2	2116648	1338	1	1337	2	1250	1250
JH56CNU	149	Picture	Flicker3	2117985	2675	1	1337	2	2500	1250
JH56CNU	150	Picture	Delay	2119489	0	2	22066	3	0	21920
JH56CNU	151	Picture	1_25_Retrieval_Working_Memory_MEG_P6_LR_Salient_DoChange_CuedRetrieval_retrieval_patch_orientation_015_retrieval_position_3	2141722	0	1	30089	3	0	29920
JH56CNU	151	Response	20	2152631	10909	4
JH56CNU	152	Picture	ITI	2171979	0	1	21564	2	0	21420
JH56CNU	153	Picture	CueingCross	2193710	0	1	3009	2	0	2920
JH56CNU	154	Picture	PrepTime	2196886	0	1	3009	2	0	2920
JH56CNU	155	Picture	1_26_Encoding_Working_Memory_MEG_P6_LR_Salient_NoChange_CuedRetrieval_300_300_399_2100_3000_2550_gabor_patch_orientation_177_158_125_043_target_position_2_3_retrieval_position_2	2200062	0	1	1337	2	0	1250
JH56CNU	155	Picture	Flicker2	2201399	1337	1	1338	2	1250	1250
JH56CNU	155	Picture	Flicker3	2202737	2675	1	1337	2	2500	1250
JH56CNU	156	Picture	Delay	2204241	0	1	21063	2	0	20920
JH56CNU	157	Picture	1_26_Retrieval_Working_Memory_MEG_P6_LR_Salient_NoChange_CuedRetrieval_retrieval_patch_orientation_158_retrieval_position_2	2225471	0	1	30089	2	0	29920
JH56CNU	157	Response	10	2246200	20729	3
JH56CNU	158	Picture	ITI	2255727	0	2	25576	3	0	25420
JH56CNU	159	Picture	CueingCross	2281470	0	2	3009	3	0	2920
JH56CNU	160	Picture	PrepTime	2284647	0	1	3008	3	0	2920
JH56CNU	161	Picture	1_27_Encoding_Working_Memory_MEG_P6_LR_Salient_NoChange_CuedRetrieval_300_300_399_1900_3000_2450_gabor_patch_orientation_117_034_149_100_target_position_1_4_retrieval_position_1	2287823	0	1	1337	2	0	1250
JH56CNU	161	Picture	Flicker2	2289160	1337	1	1337	2	1250	1250
JH56CNU	161	Picture	Flicker3	2290497	2674	1	1338	2	2500	1250
JH56CNU	162	Picture	Delay	2292002	0	1	19056	2	0	18920
JH56CNU	163	Picture	1_27_Retrieval_Working_Memory_MEG_P6_LR_Salient_NoChange_CuedRetrieval_retrieval_patch_orientation_117_retrieval_position_1	2311225	0	2	30090	3	0	29920
JH56CNU	163	Response	10	2324929	13704	3
JH56CNU	164	Picture	ITI	2341482	0	1	24573	2	0	24420
JH56CNU	165	Picture	CueingCross	2366222	0	1	3009	2	0	2920
JH56CNU	166	Picture	PrepTime	2369398	0	1	3009	2	0	2920
JH56CNU	167	Picture	1_28_Encoding_Working_Memory_MEG_P6_LR_Salient_DoChange_UncuedRetriev_300_300_399_1950_3000_2600_gabor_patch_orientation_129_172_099_063_target_position_1_4_retrieval_position_3	2372574	0	2	1338	3	0	1250
JH56CNU	167	Picture	Flicker2	2373912	1338	1	1337	2	1250	1250
JH56CNU	167	Picture	Flicker3	2375249	2675	1	1337	2	2500	1250
JH56CNU	168	Picture	Delay	2376753	0	2	19558	4	0	19420
JH56CNU	169	Picture	1_28_Retrieval_Working_Memory_MEG_P6_LR_Salient_DoChange_UncuedRetriev_retrieval_patch_orientation_149_retrieval_position_3	2396479	0	1	30089	2	0	29920
JH56CNU	169	Response	10	2419917	23438	4
JH56CNU	170	Picture	ITI	2426735	0	1	26078	2	0	25920
JH56CNU	171	Picture	CueingCross	2452979	0	2	3010	3	0	2920
JH56CNU	172	Picture	PrepTime	2456156	0	1	3009	2	0	2920
JH56CNU	173	Picture	1_29_Encoding_Working_Memory_MEG_P6_LR_Salient_NoChange_CuedRetrieval_300_300_399_2050_3000_2550_gabor_patch_orientation_050_034_068_173_target_position_1_2_retrieval_position_2	2459332	0	1	1337	2	0	1250
JH56CNU	173	Picture	Flicker2	2460669	1337	1	1337	3	1250	1250
JH56CNU	173	Picture	Flicker3	2462006	2674	2	1338	3	2500	1250
JH56CNU	174	Picture	Delay	2463511	0	1	20561	2	0	20420
JH56CNU	175	Picture	1_29_Retrieval_Working_Memory_MEG_P6_LR_Salient_NoChange_CuedRetrieval_retrieval_patch_orientation_034_retrieval_position_2	2484239	0	1	30090	2	0	29920
JH56CNU	175	Response	10	2507756	23517	4
JH56CNU	176	Picture	ITI	2514496	0	1	25576	2	0	25420
JH56CNU	177	Picture	CueingCross	2540239	0	1	3009	2	0	2920
JH56CNU	178	Picture	PrepTime	2543415	0	1	3009	2	0	2920
JH56CNU	179	Picture	1_30_Encoding_Working_Memory_MEG_P6_LR_Salient_NoChange_CuedRetrieval_300_300_399_1850_3000_2450_gabor_patch_orientation_167_083_135_047_target_position_1_3_retrieval_position_1	2546591	0	1	1337	2	0	1250
JH56CNU	179	Picture	Flicker2	2547928	1337	1	1338	2	1250	1250
JH56CNU	179	Picture	Flicker3	2549266	2675	1	1337	2	2500	1250
JH56CNU	180	Picture	Delay	2550770	0	1	18555	2	0	18420
JH56CNU	181	Picture	1_30_Retrieval_Working_Memory_MEG_P6_LR_Salient_NoChange_CuedRetrieval_retrieval_patch_orientation_167_retrieval_position_1	2569492	0	2	30090	3	0	29920
JH56CNU	181	Response	10	2579705	10213	4
JH56CNU	182	Picture	ITI	2599749	0	1	24573	2	0	24420
JH56CNU	183	Picture	CueingCross	2624489	0	1	3009	2	0	2920
JH56CNU	184	Picture	PrepTime	2627665	0	1	3009	2	0	2920
JH56CNU	185	Picture	1_31_Encoding_Working_Memory_MEG_P6_LR_Salient_DoChange_CuedRetrieval_300_300_399_1950_3000_2050_gabor_patch_orientation_121_139_034_162_target_position_2_3_retrieval_position_2	2630841	0	1	1337	3	0	1250
JH56CNU	185	Picture	Flicker2	2632178	1337	2	1338	3	1250	1250
JH56CNU	185	Picture	Flicker3	2633516	2675	1	1337	2	2500	1250
JH56CNU	186	Picture	Delay	2635020	0	2	19558	3	0	19420
JH56CNU	187	Picture	1_31_Retrieval_Working_Memory_MEG_P6_LR_Salient_DoChange_CuedRetrieval_retrieval_patch_orientation_089_retrieval_position_2	2654746	0	1	30089	2	0	29920
JH56CNU	187	Response	20	2663554	8808	4
JH56CNU	188	Picture	ITI	2685002	0	1	20561	2	0	20420
JH56CNU	189	Picture	CueingCross	2705730	0	1	3009	2	0	2920
JH56CNU	190	Picture	PrepTime	2708906	0	2	3009	3	0	2920
JH56CNU	191	Picture	1_32_Encoding_Working_Memory_MEG_P6_LR_Salient_NoChange_CuedRetrieval_300_300_399_2000_3000_2450_gabor_patch_orientation_112_128_070_179_target_position_1_4_retrieval_position_4	2712082	0	2	1338	3	0	1250
JH56CNU	191	Picture	Flicker2	2713420	1338	1	1337	2	1250	1250
JH56CNU	191	Picture	Flicker3	2714757	2675	1	1337	2	2500	1250
JH56CNU	192	Picture	Delay	2716262	0	1	20059	2	0	19920
JH56CNU	193	Picture	1_32_Retrieval_Working_Memory_MEG_P6_LR_Salient_NoChange_CuedRetrieval_retrieval_patch_orientation_179_retrieval_position_4	2736488	0	1	30090	2	0	29920
JH56CNU	193	Response	20	2754553	18065	3
JH56CNU	194	Picture	ITI	2766745	0	1	24573	2	0	24420
JH56CNU	195	Picture	CueingCross	2791485	0	1	3009	2	0	2920
JH56CNU	196	Picture	PrepTime	2794661	0	1	3009	2	0	2920
JH56CNU	197	Picture	1_33_Encoding_Working_Memory_MEG_P6_LR_Salient_NoChange_UncuedRetriev_300_300_399_2100_3000_2500_gabor_patch_orientation_013_035_055_080_target_position_1_4_retrieval_position_3	2797837	0	1	1337	2	0	1250
JH56CNU	197	Picture	Flicker2	2799174	1337	1	1338	2	1250	1250
JH56CNU	197	Picture	Flicker3	2800512	2675	1	1337	2	2500	1250
JH56CNU	198	Picture	Delay	2802016	0	1	21063	2	0	20920
JH56CNU	199	Picture	1_33_Retrieval_Working_Memory_MEG_P6_LR_Salient_NoChange_UncuedRetriev_retrieval_patch_orientation_055_retrieval_position_3	2823246	0	1	30089	2	0	29920
JH56CNU	199	Response	20	2844042	20796	3
JH56CNU	200	Picture	ITI	2853502	0	2	25075	3	0	24920
JH56CNU	201	Picture	CueingCross	2878744	0	1	3009	2	0	2920
JH56CNU	202	Picture	PrepTime	2881920	0	1	3009	2	0	2920
JH56CNU	203	Picture	1_34_Encoding_Working_Memory_MEG_P6_LR_Salient_NoChange_CuedRetrieval_300_300_399_2150_3000_2200_gabor_patch_orientation_108_031_003_136_target_position_2_3_retrieval_position_2	2885096	0	1	1337	3	0	1250
JH56CNU	203	Picture	Flicker2	2886433	1337	2	1338	3	1250	1250
JH56CNU	203	Picture	Flicker3	2887771	2675	1	1337	2	2500	1250
JH56CNU	204	Picture	Delay	2889275	0	2	21564	3	0	21420
JH56CNU	205	Picture	1_34_Retrieval_Working_Memory_MEG_P6_LR_Salient_NoChange_CuedRetrieval_retrieval_patch_orientation_031_retrieval_position_2	2911006	0	2	30090	3	0	29920
JH56CNU	205	Response	10	2922330	11324	4
JH56CNU	206	Picture	ITI	2941263	0	1	22066	2	0	21920
JH56CNU	207	Picture	CueingCross	2963496	0	1	3009	2	0	2920
JH56CNU	208	Picture	PrepTime	2966672	0	1	3009	2	0	2920
JH56CNU	209	Picture	1_35_Encoding_Working_Memory_MEG_P6_LR_Salient_DoChange_CuedRetrieval_300_300_399_2250_3000_2500_gabor_patch_orientation_039_065_145_180_target_position_1_2_retrieval_position_2	2969848	0	1	1337	2	0	1250
JH56CNU	209	Picture	Flicker2	2971185	1337	1	1337	3	1250	1250
JH56CNU	209	Picture	Flicker3	2972522	2674	2	1338	3	2500	1250
JH56CNU	210	Picture	Delay	2974027	0	1	22567	2	0	22420
JH56CNU	211	Picture	1_35_Retrieval_Working_Memory_MEG_P6_LR_Salient_DoChange_CuedRetrieval_retrieval_patch_orientation_112_retrieval_position_2	2996761	0	1	30089	3	0	29920
JH56CNU	211	Response	20	3007669	10908	4
JH56CNU	212	Picture	ITI	3027018	0	1	25074	2	0	24920
JH56CNU	213	Picture	CueingCross	3052259	0	1	3009	2	0	2920
JH56CNU	214	Picture	PrepTime	3055435	0	2	3009	3	0	2920
JH56CNU	215	Picture	1_36_Encoding_Working_Memory_MEG_P6_LR_Salient_DoChange_UncuedRetriev_300_300_399_2050_3000_2600_gabor_patch_orientation_031_002_070_179_target_position_2_4_retrieval_position_3	3058611	0	2	1338	3	0	1250
JH56CNU	215	Picture	Flicker2	3059949	1338	1	1337	2	1250	1250
JH56CNU	215	Picture	Flicker3	3061286	2675	1	1337	2	2500	1250
JH56CNU	216	Picture	Delay	3062790	0	2	20562	3	0	20420
JH56CNU	217	Picture	1_36_Retrieval_Working_Memory_MEG_P6_LR_Salient_DoChange_UncuedRetriev_retrieval_patch_orientation_117_retrieval_position_3	3083519	0	1	30089	2	0	29920
JH56CNU	217	Response	10	3102708	19189	3
JH56CNU	218	Picture	ITI	3113775	0	1	26078	2	0	25920
JH56CNU	219	Picture	CueingCross	3140020	0	1	3009	2	0	2920
JH56CNU	220	Picture	PrepTime	3143196	0	1	3009	2	0	2920
JH56CNU	221	Picture	1_37_Encoding_Working_Memory_MEG_P6_LR_Salient_NoChange_CuedRetrieval_300_300_399_1800_3000_2350_gabor_patch_orientation_004_132_046_177_target_position_2_4_retrieval_position_2	3146372	0	1	1337	2	0	1250
JH56CNU	221	Picture	Flicker2	3147709	1337	1	1338	2	1250	1250
JH56CNU	221	Picture	Flicker3	3149047	2675	1	1337	2	2500	1250
JH56CNU	222	Picture	Delay	3150551	0	1	18054	2	0	17920
JH56CNU	223	Picture	1_37_Retrieval_Working_Memory_MEG_P6_LR_Salient_NoChange_CuedRetrieval_retrieval_patch_orientation_132_retrieval_position_2	3168772	0	1	30089	2	0	29920
JH56CNU	223	Response	10	3185347	16575	4
JH56CNU	224	Picture	ITI	3199028	0	2	23570	3	0	23420
JH56CNU	225	Picture	CueingCross	3222766	0	1	3008	3	0	2920
JH56CNU	226	Picture	PrepTime	3225942	0	1	3009	2	0	2920
JH56CNU	227	Picture	1_38_Encoding_Working_Memory_MEG_P6_LR_Salient_DoChange_CuedRetrieval_300_300_399_2000_3000_2300_gabor_patch_orientation_009_127_046_076_target_position_1_3_retrieval_position_3	3229118	0	1	1337	2	0	1250
JH56CNU	227	Picture	Flicker2	3230455	1337	1	1337	2	1250	1250
JH56CNU	227	Picture	Flicker3	3231792	2674	1	1338	2	2500	1250
JH56CNU	228	Picture	Delay	3233297	0	1	20059	2	0	19920
JH56CNU	229	Picture	1_38_Retrieval_Working_Memory_MEG_P6_LR_Salient_DoChange_CuedRetrieval_retrieval_patch_orientation_093_retrieval_position_3	3253524	0	1	30089	2	0	29920
JH56CNU	229	Response	20	3262486	8962	3
JH56CNU	230	Picture	ITI	3283780	0	1	23069	2	0	22920
JH56CNU	231	Picture	CueingCross	3307016	0	1	3009	2	0	2920
JH56CNU	232	Picture	PrepTime	3310192	0	1	3009	2	0	2920
JH56CNU	233	Picture	1_39_Encoding_Working_Memory_MEG_P6_LR_Salient_DoChange_CuedRetrieval_300_300_399_1850_3000_2300_gabor_patch_orientation_046_063_097_169_target_position_1_2_retrieval_position_2	3313368	0	1	1337	2	0	1250
JH56CNU	233	Picture	Flicker2	3314705	1337	1	1338	2	1250	1250
JH56CNU	233	Picture	Flicker3	3316043	2675	1	1337	2	2500	1250
JH56CNU	234	Picture	Delay	3317547	0	2	18555	3	0	18420
JH56CNU	235	Picture	1_39_Retrieval_Working_Memory_MEG_P6_LR_Salient_DoChange_CuedRetrieval_retrieval_patch_orientation_018_retrieval_position_2	3336269	0	2	30090	3	0	29920
JH56CNU	235	Response	20	3346264	9995	4
JH56CNU	236	Picture	ITI	3366526	0	1	23068	2	0	22920
JH56CNU	237	Picture	CueingCross	3389761	0	2	3009	3	0	2920
JH56CNU	238	Picture	PrepTime	3392938	0	1	3008	3	0	2920
JH56CNU	239	Picture	1_40_Encoding_Working_Memory_MEG_P6_LR_Salient_NoChange_CuedRetrieval_300_300_399_2200_3000_2500_gabor_patch_orientation_009_118_039_145_target_position_1_2_retrieval_position_2	3396114	0	1	1337	2	0	1250
JH56CNU	239	Picture	Flicker2	3397451	1337	1	1337	2	1250	1250
JH56CNU	239	Picture	Flicker3	3398788	2674	1	1338	2	2500	1250
JH56CNU	240	Picture	Delay	3400293	0	1	22065	2	0	21920
JH56CNU	241	Picture	1_40_Retrieval_Working_Memory_MEG_P6_LR_Salient_NoChange_CuedRetrieval_retrieval_patch_orientation_118_retrieval_position_2	3422525	0	2	30090	3	0	29920
JH56CNU	241	Response	10	3432873	10348	4
JH56CNU	242	Picture	ITI	3452782	0	1	25074	2	0	24920
JH56CNU	243	Picture	CueingCross	3478024	0	1	3008	3	0	2920
JH56CNU	244	Picture	PrepTime	3481200	0	1	3009	2	0	2920
JH56CNU	245	Picture	1_41_Encoding_Working_Memory_MEG_P6_LR_Salient_NoChange_CuedRetrieval_300_300_399_2050_3000_2100_gabor_patch_orientation_027_058_073_101_target_position_1_2_retrieval_position_2	3484376	0	1	1337	2	0	1250
JH56CNU	245	Picture	Flicker2	3485713	1337	1	1337	2	1250	1250
JH56CNU	245	Picture	Flicker3	3487050	2674	1	1338	2	2500	1250
JH56CNU	246	Picture	Delay	3488555	0	1	20561	2	0	20420
JH56CNU	247	Picture	1_41_Retrieval_Working_Memory_MEG_P6_LR_Salient_NoChange_CuedRetrieval_retrieval_patch_orientation_058_retrieval_position_2	3509283	0	1	30089	3	0	29920
JH56CNU	247	Response	10	3521622	12339	4
JH56CNU	248	Picture	ITI	3539539	0	2	21063	3	0	20920
JH56CNU	249	Picture	CueingCross	3560769	0	1	3009	2	0	2920
JH56CNU	250	Picture	PrepTime	3563945	0	2	3009	3	0	2920
JH56CNU	251	Picture	1_42_Encoding_Working_Memory_MEG_P6_LR_Salient_NoChange_UncuedRetriev_300_300_399_2100_3000_2050_gabor_patch_orientation_009_090_025_165_target_position_2_3_retrieval_position_4	3567121	0	2	1338	3	0	1250
JH56CNU	251	Picture	Flicker2	3568459	1338	1	1337	2	1250	1250
JH56CNU	251	Picture	Flicker3	3569796	2675	1	1337	2	2500	1250
JH56CNU	252	Picture	Delay	3571300	0	2	21063	3	0	20920
JH56CNU	253	Picture	1_42_Retrieval_Working_Memory_MEG_P6_LR_Salient_NoChange_UncuedRetriev_retrieval_patch_orientation_165_retrieval_position_4	3592530	0	1	30090	2	0	29920
JH56CNU	253	Response	20	3613481	20951	3
JH56CNU	254	Picture	ITI	3622787	0	1	20561	2	0	20420
JH56CNU	255	Picture	CueingCross	3643515	0	1	3009	2	0	2920
JH56CNU	256	Picture	PrepTime	3646691	0	1	3009	2	0	2920
JH56CNU	257	Picture	1_43_Encoding_Working_Memory_MEG_P6_LR_Salient_NoChange_CuedRetrieval_300_300_399_1900_3000_2300_gabor_patch_orientation_103_178_120_032_target_position_1_4_retrieval_position_1	3649867	0	1	1337	3	0	1250
JH56CNU	257	Picture	Flicker2	3651204	1337	2	1338	3	1250	1250
JH56CNU	257	Picture	Flicker3	3652542	2675	1	1337	2	2500	1250
JH56CNU	258	Picture	Delay	3654046	0	1	19057	2	0	18920
JH56CNU	259	Picture	1_43_Retrieval_Working_Memory_MEG_P6_LR_Salient_NoChange_CuedRetrieval_retrieval_patch_orientation_103_retrieval_position_1	3673270	0	1	30089	2	0	29920
JH56CNU	259	Response	10	3686300	13030	3
JH56CNU	260	Picture	ITI	3703526	0	2	23069	3	0	22920
JH56CNU	261	Picture	CueingCross	3726762	0	1	3009	2	0	2920
JH56CNU	262	Picture	PrepTime	3729938	0	1	3009	2	0	2920
JH56CNU	263	Picture	1_44_Encoding_Working_Memory_MEG_P6_LR_Salient_DoChange_CuedRetrieval_300_300_399_1950_3000_2400_gabor_patch_orientation_040_086_013_170_target_position_3_4_retrieval_position_3	3733114	0	2	1338	3	0	1250
JH56CNU	263	Picture	Flicker2	3734452	1338	1	1337	2	1250	1250
JH56CNU	263	Picture	Flicker3	3735789	2675	1	1337	2	2500	1250
JH56CNU	264	Picture	Delay	3737293	0	2	19559	3	0	19420
JH56CNU	265	Picture	1_44_Retrieval_Working_Memory_MEG_P6_LR_Salient_DoChange_CuedRetrieval_retrieval_patch_orientation_152_retrieval_position_3	3757019	0	1	30089	2	0	29920
JH56CNU	265	Response	20	3772178	15159	4
JH56CNU	266	Picture	ITI	3787275	0	1	24072	2	0	23920
JH56CNU	267	Picture	CueingCross	3811514	0	1	3009	2	0	2920
JH56CNU	268	Picture	PrepTime	3814690	0	1	3009	2	0	2920
JH56CNU	269	Picture	1_45_Encoding_Working_Memory_MEG_P6_LR_Salient_NoChange_CuedRetrieval_300_300_399_2200_3000_1900_gabor_patch_orientation_073_162_140_014_target_position_1_3_retrieval_position_1	3817866	0	1	1337	2	0	1250
JH56CNU	269	Picture	Flicker2	3819203	1337	1	1338	2	1250	1250
JH56CNU	269	Picture	Flicker3	3820541	2675	1	1337	2	2500	1250
JH56CNU	270	Picture	Delay	3822045	0	1	22066	2	0	21920
JH56CNU	271	Picture	1_45_Retrieval_Working_Memory_MEG_P6_LR_Salient_NoChange_CuedRetrieval_retrieval_patch_orientation_073_retrieval_position_1	3844278	0	1	30089	2	0	29920
JH56CNU	271	Response	10	3859337	15059	4
JH56CNU	271	Response	10	3872847	28569	3
JH56CNU	272	Picture	ITI	3874534	0	2	19057	3	0	18920
JH56CNU	273	Picture	CueingCross	3893758	0	1	3009	2	0	2920
JH56CNU	274	Picture	PrepTime	3896934	0	1	3009	2	0	2920
JH56CNU	275	Picture	1_46_Encoding_Working_Memory_MEG_P6_LR_Salient_DoChange_CuedRetrieval_300_300_399_2100_3000_2050_gabor_patch_orientation_037_059_084_014_target_position_2_4_retrieval_position_2	3900110	0	2	1338	3	0	1250
JH56CNU	275	Picture	Flicker2	3901448	1338	1	1337	2	1250	1250
JH56CNU	275	Picture	Flicker3	3902785	2675	1	1337	2	2500	1250
JH56CNU	276	Picture	Delay	3904289	0	2	21063	3	0	20920
JH56CNU	277	Picture	1_46_Retrieval_Working_Memory_MEG_P6_LR_Salient_DoChange_CuedRetrieval_retrieval_patch_orientation_104_retrieval_position_2	3925519	0	1	30089	2	0	29920
JH56CNU	277	Response	10	3943236	17717	4
JH56CNU	278	Picture	ITI	3955776	0	1	20561	2	0	20420
JH56CNU	279	Picture	CueingCross	3976504	0	1	3009	2	0	2920
JH56CNU	280	Picture	PrepTime	3979680	0	1	3009	2	0	2920
JH56CNU	281	Picture	1_47_Encoding_Working_Memory_MEG_P6_LR_Salient_NoChange_UncuedRetriev_300_300_399_2150_3000_2400_gabor_patch_orientation_067_135_027_176_target_position_2_4_retrieval_position_1	3982856	0	1	1337	2	0	1250
JH56CNU	281	Picture	Flicker2	3984193	1337	1	1338	2	1250	1250
JH56CNU	281	Picture	Flicker3	3985531	2675	1	1337	2	2500	1250
JH56CNU	282	Picture	Delay	3987035	0	1	21564	2	0	21420
JH56CNU	283	Picture	1_47_Retrieval_Working_Memory_MEG_P6_LR_Salient_NoChange_UncuedRetriev_retrieval_patch_orientation_067_retrieval_position_1	4008766	0	1	30090	2	0	29920
JH56CNU	283	Response	10	4021385	12619	3
JH56CNU	284	Picture	ITI	4039023	0	1	24071	2	0	23920
JH56CNU	285	Picture	CueingCross	4063261	0	2	3009	3	0	2920
JH56CNU	286	Picture	PrepTime	4066437	0	2	3009	3	0	2920
JH56CNU	287	Picture	1_48_Encoding_Working_Memory_MEG_P6_LR_Salient_DoChange_CuedRetrieval_300_300_399_1750_3000_2250_gabor_patch_orientation_154_115_096_077_target_position_3_4_retrieval_position_4	4069614	0	1	1337	2	0	1250
JH56CNU	287	Picture	Flicker2	4070951	1337	1	1337	2	1250	1250
JH56CNU	287	Picture	Flicker3	4072288	2674	1	1337	3	2500	1250
JH56CNU	288	Picture	Delay	4073793	0	1	17552	2	0	17420
JH56CNU	289	Picture	1_48_Retrieval_Working_Memory_MEG_P6_LR_Salient_DoChange_CuedRetrieval_retrieval_patch_orientation_027_retrieval_position_4	4091512	0	1	30089	2	0	29920
JH56CNU	289	Response	20	4105214	13702	3
JH56CNU	290	Picture	ITI	4121768	0	2	22567	4	0	22420
JH56CNU	291	Picture	CueingCross	4144503	0	1	3009	2	0	2920
JH56CNU	292	Picture	PrepTime	4147679	0	1	3009	2	0	2920
JH56CNU	293	Picture	1_49_Encoding_Working_Memory_MEG_P6_LR_Salient_DoChange_CuedRetrieval_300_300_399_2100_3000_2100_gabor_patch_orientation_157_022_105_043_target_position_1_2_retrieval_position_2	4150855	0	1	1337	2	0	1250
JH56CNU	293	Picture	Flicker2	4152192	1337	1	1337	3	1250	1250
JH56CNU	293	Picture	Flicker3	4153529	2674	2	1338	3	2500	1250
JH56CNU	294	Picture	Delay	4155034	0	1	21062	3	0	20920
JH56CNU	295	Picture	1_49_Retrieval_Working_Memory_MEG_P6_LR_Salient_DoChange_CuedRetrieval_retrieval_patch_orientation_068_retrieval_position_2	4176264	0	1	30089	2	0	29920
JH56CNU	295	Response	10	4203642	27378	4
JH56CNU	296	Picture	ITI	4206520	0	1	21063	2	0	20920
JH56CNU	297	Picture	CueingCross	4227749	0	3	3010	4	0	2920
JH56CNU	298	Picture	PrepTime	4230926	0	1	3009	2	0	2920
JH56CNU	299	Picture	1_50_Encoding_Working_Memory_MEG_P6_LR_Salient_DoChange_CuedRetrieval_300_300_399_1900_3000_1900_gabor_patch_orientation_036_088_003_159_target_position_1_4_retrieval_position_1	4234102	0	1	1337	2	0	1250
JH56CNU	299	Picture	Flicker2	4235439	1337	1	1338	2	1250	1250
JH56CNU	299	Picture	Flicker3	4236777	2675	1	1337	2	2500	1250
JH56CNU	300	Picture	Delay	4238281	0	1	19057	2	0	18920
JH56CNU	301	Picture	1_50_Retrieval_Working_Memory_MEG_P6_LR_Salient_DoChange_CuedRetrieval_retrieval_patch_orientation_175_retrieval_position_1	4257505	0	1	30089	2	0	29920
JH56CNU	301	Response	20	4265161	7656	4
JH56CNU	302	Picture	ITI	4287761	0	2	19057	3	0	18920
JH56CNU	303	Picture	CueingCross	4306985	0	1	3009	2	0	2920
JH56CNU	304	Picture	PrepTime	4310161	0	1	3009	2	0	2920
JH56CNU	305	Picture	1_51_Encoding_Working_Memory_MEG_P6_LR_Salient_NoChange_CuedRetrieval_300_300_399_1800_3000_1900_gabor_patch_orientation_174_141_097_120_target_position_1_3_retrieval_position_1	4313337	0	2	1338	3	0	1250
JH56CNU	305	Picture	Flicker2	4314675	1338	1	1337	2	1250	1250
JH56CNU	305	Picture	Flicker3	4316012	2675	1	1337	2	2500	1250
JH56CNU	306	Picture	Delay	4317516	0	2	18054	3	0	17920
JH56CNU	307	Picture	1_51_Retrieval_Working_Memory_MEG_P6_LR_Salient_NoChange_CuedRetrieval_retrieval_patch_orientation_174_retrieval_position_1	4335737	0	1	30089	3	0	29920
JH56CNU	307	Response	10	4356250	20513	4
JH56CNU	308	Picture	ITI	4365994	0	1	19056	2	0	18920
JH56CNU	309	Picture	CueingCross	4385217	0	2	3009	3	0	2920
JH56CNU	310	Picture	PrepTime	4388393	0	2	3009	4	0	2920
JH56CNU	311	Picture	1_52_Encoding_Working_Memory_MEG_P6_LR_Salient_DoChange_CuedRetrieval_300_300_399_2000_3000_2250_gabor_patch_orientation_158_122_015_052_target_position_2_4_retrieval_position_4	4391570	0	1	1337	2	0	1250
JH56CNU	311	Picture	Flicker2	4392907	1337	1	1337	2	1250	1250
JH56CNU	311	Picture	Flicker3	4394244	2674	1	1337	3	2500	1250
JH56CNU	312	Picture	Delay	4395749	0	1	20059	2	0	19920
JH56CNU	313	Picture	1_52_Retrieval_Working_Memory_MEG_P6_LR_Salient_DoChange_CuedRetrieval_retrieval_patch_orientation_098_retrieval_position_4	4415975	0	2	30090	3	0	29920
JH56CNU	313	Response	20	4434149	18174	4
JH56CNU	314	Picture	ITI	4446232	0	1	22567	2	0	22420
JH56CNU	315	Picture	CueingCross	4468966	0	1	3009	2	0	2920
JH56CNU	316	Picture	PrepTime	4472142	0	1	3009	2	0	2920
JH56CNU	317	Picture	1_53_Encoding_Working_Memory_MEG_P6_LR_Salient_NoChange_UncuedRetriev_300_300_399_1850_3000_2200_gabor_patch_orientation_048_171_093_066_target_position_1_4_retrieval_position_3	4475318	0	2	1338	3	0	1250
JH56CNU	317	Picture	Flicker2	4476656	1338	1	1337	2	1250	1250
JH56CNU	317	Picture	Flicker3	4477993	2675	1	1337	2	2500	1250
JH56CNU	318	Picture	Delay	4479497	0	2	18555	4	0	18420
JH56CNU	319	Picture	1_53_Retrieval_Working_Memory_MEG_P6_LR_Salient_NoChange_UncuedRetriev_retrieval_patch_orientation_093_retrieval_position_3	4498220	0	1	30089	2	0	29920
JH56CNU	319	Response	10	4519818	21598	3
JH56CNU	320	Picture	ITI	4528476	0	1	22066	2	0	21920
JH56CNU	321	Picture	CueingCross	4550708	0	3	3010	4	0	2920
JH56CNU	322	Picture	PrepTime	4553885	0	1	3009	2	0	2920
JH56CNU	323	Picture	1_54_Encoding_Working_Memory_MEG_P6_LR_Salient_NoChange_CuedRetrieval_300_300_399_1750_3000_2600_gabor_patch_orientation_175_006_029_095_target_position_2_4_retrieval_position_4	4557061	0	1	1337	2	0	1250
JH56CNU	323	Picture	Flicker2	4558398	1337	1	1338	2	1250	1250
JH56CNU	323	Picture	Flicker3	4559736	2675	1	1337	2	2500	1250
JH56CNU	324	Picture	Delay	4561240	0	1	17552	2	0	17420
JH56CNU	325	Picture	1_54_Retrieval_Working_Memory_MEG_P6_LR_Salient_NoChange_CuedRetrieval_retrieval_patch_orientation_095_retrieval_position_4	4578959	0	2	30090	3	0	29920
JH56CNU	325	Response	10	4590567	11608	4
JH56CNU	326	Picture	ITI	4609216	0	1	26077	2	0	25920
JH56CNU	327	Picture	CueingCross	4635460	0	2	3009	4	0	2920
JH56CNU	328	Picture	PrepTime	4638637	0	1	3009	2	0	2920
JH56CNU	329	Picture	1_55_Encoding_Working_Memory_MEG_P6_LR_Salient_DoChange_CuedRetrieval_300_300_399_2200_3000_2550_gabor_patch_orientation_151_082_036_121_target_position_3_4_retrieval_position_4	4641813	0	1	1337	2	0	1250
JH56CNU	329	Picture	Flicker2	4643150	1337	1	1337	2	1250	1250
JH56CNU	329	Picture	Flicker3	4644487	2674	1	1338	2	2500	1250
JH56CNU	330	Picture	Delay	4645992	0	1	22065	2	0	21920
JH56CNU	331	Picture	1_55_Retrieval_Working_Memory_MEG_P6_LR_Salient_DoChange_CuedRetrieval_retrieval_patch_orientation_169_retrieval_position_4	4668224	0	2	30090	3	0	29920
JH56CNU	331	Response	20	4688746	20522	4
JH56CNU	332	Picture	ITI	4698481	0	1	25576	2	0	25420
JH56CNU	333	Picture	CueingCross	4724224	0	1	3009	2	0	2920
JH56CNU	334	Picture	PrepTime	4727400	0	1	3009	2	0	2920
JH56CNU	335	Picture	1_56_Encoding_Working_Memory_MEG_P6_LR_Salient_NoChange_CuedRetrieval_300_300_399_1900_3000_1900_gabor_patch_orientation_086_122_015_067_target_position_2_3_retrieval_position_3	4730576	0	1	1338	2	0	1250
JH56CNU	335	Picture	Flicker2	4731914	1338	1	1337	2	1250	1250
JH56CNU	335	Picture	Flicker3	4733251	2675	1	1337	2	2500	1250
JH56CNU	336	Picture	Delay	4734755	0	2	19057	3	0	18920
JH56CNU	337	Picture	1_56_Retrieval_Working_Memory_MEG_P6_LR_Salient_NoChange_CuedRetrieval_retrieval_patch_orientation_015_retrieval_position_3	4753979	0	1	30089	3	0	29920
JH56CNU	337	Response	10	4765204	11225	4
JH56CNU	338	Picture	ITI	4784236	0	1	19056	2	0	18920
JH56CNU	339	Picture	CueingCross	4803459	0	2	3009	3	0	2920
JH56CNU	340	Picture	PrepTime	4806635	0	2	3009	3	0	2920
JH56CNU	341	Picture	1_57_Encoding_Working_Memory_MEG_P6_LR_Salient_DoChange_UncuedRetriev_300_300_399_1950_3000_2250_gabor_patch_orientation_091_139_026_176_target_position_1_4_retrieval_position_2	4809812	0	1	1337	2	0	1250
JH56CNU	341	Picture	Flicker2	4811149	1337	1	1337	2	1250	1250
JH56CNU	341	Picture	Flicker3	4812486	2674	1	1337	3	2500	1250
JH56CNU	342	Picture	Delay	4813991	0	1	19558	2	0	19420
JH56CNU	343	Picture	1_57_Retrieval_Working_Memory_MEG_P6_LR_Salient_DoChange_UncuedRetriev_retrieval_patch_orientation_002_retrieval_position_2	4833716	0	1	30089	2	0	29920
JH56CNU	343	Response	20	4840963	7247	4
JH56CNU	344	Picture	ITI	4863972	0	2	22567	4	0	22420
JH56CNU	345	Picture	CueingCross	4886705	0	3	3010	5	0	2920
JH56CNU	346	Picture	PrepTime	4889883	0	1	3009	2	0	2920
JH56CNU	347	Picture	1_58_Encoding_Working_Memory_MEG_P6_LR_Salient_DoChange_CuedRetrieval_300_300_399_1950_3000_2150_gabor_patch_orientation_003_049_085_169_target_position_1_2_retrieval_position_1	4893059	0	1	1337	2	0	1250
JH56CNU	347	Picture	Flicker2	4894396	1337	1	1337	2	1250	1250
JH56CNU	347	Picture	Flicker3	4895733	2674	1	1338	2	2500	1250
JH56CNU	348	Picture	Delay	4897238	0	1	19558	2	0	19420
JH56CNU	349	Picture	1_58_Retrieval_Working_Memory_MEG_P6_LR_Salient_DoChange_CuedRetrieval_retrieval_patch_orientation_139_retrieval_position_1	4916963	0	1	30089	3	0	29920
JH56CNU	349	Response	10	4932412	15449	4
JH56CNU	350	Picture	ITI	4947220	0	1	21564	2	0	21420
JH56CNU	351	Picture	CueingCross	4968951	0	1	3009	2	0	2920
JH56CNU	352	Picture	PrepTime	4972127	0	1	3009	2	0	2920
JH56CNU	353	Picture	1_59_Encoding_Working_Memory_MEG_P6_LR_Salient_NoChange_CuedRetrieval_300_300_399_2000_3000_2050_gabor_patch_orientation_055_126_092_008_target_position_1_4_retrieval_position_4	4975303	0	1	1337	2	0	1250
JH56CNU	353	Picture	Flicker2	4976640	1337	1	1338	2	1250	1250
JH56CNU	353	Picture	Flicker3	4977978	2675	1	1337	2	2500	1250
JH56CNU	354	Picture	Delay	4979482	0	1	20060	2	0	19920
JH56CNU	355	Picture	1_59_Retrieval_Working_Memory_MEG_P6_LR_Salient_NoChange_CuedRetrieval_retrieval_patch_orientation_008_retrieval_position_4	4999709	0	1	30089	2	0	29920
JH56CNU	355	Response	20	5019961	20252	3
JH56CNU	355	Response	10	5027611	27902	3
JH56CNU	356	Picture	ITI	5029965	0	1	20561	2	0	20420
JH56CNU	357	Picture	CueingCross	5050693	0	2	3009	4	0	2920
JH56CNU	358	Picture	PrepTime	5053870	0	1	3009	2	0	2920
JH56CNU	359	Picture	1_60_Encoding_Working_Memory_MEG_P6_LR_Salient_NoChange_CuedRetrieval_300_300_399_2250_3000_2050_gabor_patch_orientation_177_149_003_114_target_position_2_4_retrieval_position_4	5057046	0	1	1337	2	0	1250
JH56CNU	359	Picture	Flicker2	5058383	1337	1	1337	2	1250	1250
JH56CNU	359	Picture	Flicker3	5059720	2674	1	1338	2	2500	1250
JH56CNU	360	Picture	Delay	5061225	0	1	22567	2	0	22420
JH56CNU	361	Picture	1_60_Retrieval_Working_Memory_MEG_P6_LR_Salient_NoChange_CuedRetrieval_retrieval_patch_orientation_114_retrieval_position_4	5083959	0	1	30089	2	0	29920
JH56CNU	361	Response	10	5098480	14521	3
JH56CNU	362	Picture	ITI	5114215	0	2	20561	4	0	20420
JH56CNU	363	Picture	CueingCross	5134944	0	1	3008	4	0	2920
JH56CNU	364	Picture	PrepTime	5138120	0	1	3009	2	0	2920
JH56CNU	365	Picture	1_61_Encoding_Working_Memory_MEG_P6_LR_Salient_NoChange_CuedRetrieval_300_300_399_1750_3000_2150_gabor_patch_orientation_164_097_059_120_target_position_2_3_retrieval_position_2	5141296	0	1	1337	2	0	1250
JH56CNU	365	Picture	Flicker2	5142633	1337	1	1337	3	1250	1250
JH56CNU	365	Picture	Flicker3	5143970	2674	2	1338	3	2500	1250
JH56CNU	366	Picture	Delay	5145475	0	1	17552	2	0	17420
JH56CNU	367	Picture	1_61_Retrieval_Working_Memory_MEG_P6_LR_Salient_NoChange_CuedRetrieval_retrieval_patch_orientation_097_retrieval_position_2	5163194	0	1	30090	2	0	29920
JH56CNU	367	Response	10	5177379	14185	3
JH56CNU	368	Picture	ITI	5193451	0	1	21564	2	0	21420
JH56CNU	369	Picture	CueingCross	5215182	0	1	3009	2	0	2920
JH56CNU	370	Picture	PrepTime	5218358	0	1	3009	2	0	2920
JH56CNU	371	Picture	1_62_Encoding_Working_Memory_MEG_P6_LR_Salient_DoChange_UncuedRetriev_300_300_399_2250_3000_2000_gabor_patch_orientation_138_074_119_032_target_position_2_4_retrieval_position_1	5221534	0	1	1337	3	0	1250
JH56CNU	371	Picture	Flicker2	5222871	1337	2	1338	3	1250	1250
JH56CNU	371	Picture	Flicker3	5224209	2675	1	1337	2	2500	1250
JH56CNU	372	Picture	Delay	5225713	0	1	22567	2	0	22420
JH56CNU	373	Picture	1_62_Retrieval_Working_Memory_MEG_P6_LR_Salient_DoChange_UncuedRetriev_retrieval_patch_orientation_090_retrieval_position_1	5248447	0	2	30090	3	0	29920
JH56CNU	373	Response	20	5258737	10290	4
JH56CNU	374	Picture	ITI	5278704	0	1	20059	3	0	19920
JH56CNU	375	Picture	CueingCross	5298931	0	1	3009	2	0	2920
JH56CNU	376	Picture	PrepTime	5302107	0	1	3009	2	0	2920
JH56CNU	377	Picture	1_63_Encoding_Working_Memory_MEG_P6_LR_Salient_DoChange_CuedRetrieval_300_300_399_1750_3000_2000_gabor_patch_orientation_098_171_009_038_target_position_1_4_retrieval_position_1	5305283	0	1	1337	2	0	1250
JH56CNU	377	Picture	Flicker2	5306620	1337	1	1337	3	1250	1250
JH56CNU	377	Picture	Flicker3	5307957	2674	2	1338	3	2500	1250
JH56CNU	378	Picture	Delay	5309462	0	1	17552	2	0	17420
JH56CNU	379	Picture	1_63_Retrieval_Working_Memory_MEG_P6_LR_Salient_DoChange_CuedRetrieval_retrieval_patch_orientation_145_retrieval_position_1	5327181	0	2	30090	3	0	29920
JH56CNU	379	Response	10	5341616	14435	4
JH56CNU	380	Picture	ITI	5357438	0	1	20059	2	0	19920
JH56CNU	381	Picture	CueingCross	5377664	0	2	3009	3	0	2920
JH56CNU	382	Picture	PrepTime	5380841	0	1	3008	3	0	2920
JH56CNU	383	Picture	1_64_Encoding_Working_Memory_MEG_P6_LR_Salient_DoChange_CuedRetrieval_300_300_399_1850_3000_2250_gabor_patch_orientation_149_084_028_059_target_position_1_3_retrieval_position_3	5384017	0	1	1337	2	0	1250
JH56CNU	383	Picture	Flicker2	5385354	1337	1	1337	2	1250	1250
JH56CNU	383	Picture	Flicker3	5386691	2674	1	1338	2	2500	1250
JH56CNU	384	Picture	Delay	5388196	0	1	18555	2	0	18420
JH56CNU	385	Picture	1_64_Retrieval_Working_Memory_MEG_P6_LR_Salient_DoChange_CuedRetrieval_retrieval_patch_orientation_167_retrieval_position_3	5406918	0	1	30089	2	0	29920
JH56CNU	385	Response	20	5424865	17947	4
JH56CNU	386	Picture	ITI	5437174	0	2	22567	4	0	22420
JH56CNU	387	Picture	CueingCross	5459909	0	1	3009	2	0	2920
JH56CNU	388	Picture	PrepTime	5463085	0	1	3009	2	0	2920
JH56CNU	389	Picture	1_65_Encoding_Working_Memory_MEG_P6_LR_Salient_DoChange_CuedRetrieval_300_300_399_1750_3000_2350_gabor_patch_orientation_014_039_097_127_target_position_2_4_retrieval_position_4	5466261	0	1	1337	2	0	1250
JH56CNU	389	Picture	Flicker2	5467598	1337	1	1337	3	1250	1250
JH56CNU	389	Picture	Flicker3	5468935	2674	2	1338	3	2500	1250
JH56CNU	390	Picture	Delay	5470440	0	1	17552	2	0	17420
JH56CNU	391	Picture	1_65_Retrieval_Working_Memory_MEG_P6_LR_Salient_DoChange_CuedRetrieval_retrieval_patch_orientation_080_retrieval_position_4	5488159	0	1	30090	2	0	29920
JH56CNU	391	Response	10	5500994	12835	4
JH56CNU	392	Picture	ITI	5518416	0	1	23570	2	0	23420
JH56CNU	393	Picture	CueingCross	5542153	0	1	3009	2	0	2920
JH56CNU	394	Picture	PrepTime	5545329	0	1	3009	2	0	2920
JH56CNU	395	Picture	1_66_Encoding_Working_Memory_MEG_P6_LR_Salient_NoChange_CuedRetrieval_300_300_399_1800_3000_2100_gabor_patch_orientation_013_080_165_095_target_position_2_3_retrieval_position_2	5548505	0	1	1337	2	0	1250
JH56CNU	395	Picture	Flicker2	5549842	1337	1	1338	2	1250	1250
JH56CNU	395	Picture	Flicker3	5551180	2675	1	1337	2	2500	1250
JH56CNU	396	Picture	Delay	5552684	0	1	18054	2	0	17920
JH56CNU	397	Picture	1_66_Retrieval_Working_Memory_MEG_P6_LR_Salient_NoChange_CuedRetrieval_retrieval_patch_orientation_080_retrieval_position_2	5570905	0	1	30089	2	0	29920
JH56CNU	397	Response	10	5581233	10328	3
JH56CNU	398	Picture	ITI	5601161	0	2	21063	3	0	20920
JH56CNU	399	Picture	CueingCross	5622391	0	1	3009	2	0	2920
JH56CNU	400	Picture	PrepTime	5625567	0	1	3009	2	0	2920
JH56CNU	401	Picture	1_67_Encoding_Working_Memory_MEG_P6_LR_Salient_DoChange_UncuedRetriev_300_300_399_2050_3000_1950_gabor_patch_orientation_159_044_007_095_target_position_2_4_retrieval_position_1	5628743	0	2	1338	3	0	1250
JH56CNU	401	Picture	Flicker2	5630081	1338	1	1337	2	1250	1250
JH56CNU	401	Picture	Flicker3	5631418	2675	1	1337	2	2500	1250
JH56CNU	402	Picture	Delay	5632922	0	2	20561	4	0	20420
JH56CNU	403	Picture	1_67_Retrieval_Working_Memory_MEG_P6_LR_Salient_DoChange_UncuedRetriev_retrieval_patch_orientation_114_retrieval_position_1	5653651	0	1	30089	2	0	29920
JH56CNU	403	Response	10	5672802	19151	3
JH56CNU	404	Picture	ITI	5683907	0	1	19558	2	0	19420
JH56CNU	405	Picture	CueingCross	5703632	0	2	3009	3	0	2920
JH56CNU	406	Picture	PrepTime	5706808	0	2	3009	4	0	2920
JH56CNU	407	Picture	1_68_Encoding_Working_Memory_MEG_P6_LR_Salient_DoChange_CuedRetrieval_300_300_399_2000_3000_2300_gabor_patch_orientation_136_015_050_030_target_position_3_4_retrieval_position_3	5709985	0	1	1337	2	0	1250
JH56CNU	407	Picture	Flicker2	5711322	1337	1	1337	2	1250	1250
JH56CNU	407	Picture	Flicker3	5712659	2674	1	1337	3	2500	1250
JH56CNU	408	Picture	Delay	5714164	0	1	20059	2	0	19920
JH56CNU	409	Picture	1_68_Retrieval_Working_Memory_MEG_P6_LR_Salient_DoChange_CuedRetrieval_retrieval_patch_orientation_100_retrieval_position_3	5734390	0	2	30090	3	0	29920
JH56CNU	409	Response	20	5745761	11371	3
JH56CNU	410	Picture	ITI	5764647	0	1	23068	2	0	22920
JH56CNU	411	Picture	CueingCross	5787883	0	1	3008	3	0	2920
JH56CNU	412	Picture	PrepTime	5791059	0	1	3009	2	0	2920
JH56CNU	413	Picture	1_69_Encoding_Working_Memory_MEG_P6_LR_Salient_NoChange_CuedRetrieval_300_300_399_2050_3000_2100_gabor_patch_orientation_145_162_085_117_target_position_2_4_retrieval_position_2	5794235	0	1	1337	2	0	1250
JH56CNU	413	Picture	Flicker2	5795572	1337	1	1336	3	1250	1250
JH56CNU	413	Picture	Flicker3	5796908	2673	2	1339	3	2500	1250
JH56CNU	414	Picture	Delay	5798414	0	1	20561	2	0	20420
JH56CNU	415	Picture	1_69_Retrieval_Working_Memory_MEG_P6_LR_Salient_NoChange_CuedRetrieval_retrieval_patch_orientation_162_retrieval_position_2	5819142	0	1	30089	2	0	29920
JH56CNU	415	Response	10	5829149	10007	4
JH56CNU	416	Picture	ITI	5849398	0	2	21063	3	0	20920
JH56CNU	417	Picture	CueingCross	5870628	0	2	3009	3	0	2920
JH56CNU	418	Picture	PrepTime	5873804	0	2	3009	3	0	2920
JH56CNU	419	Picture	1_70_Encoding_Working_Memory_MEG_P6_LR_Salient_NoChange_UncuedRetriev_300_300_399_2150_3000_2000_gabor_patch_orientation_095_028_173_147_target_position_2_3_retrieval_position_4	5876980	0	2	1338	3	0	1250
JH56CNU	419	Picture	Flicker2	5878318	1338	1	1337	2	1250	1250
JH56CNU	419	Picture	Flicker3	5879655	2675	1	1337	2	2500	1250
JH56CNU	420	Picture	Delay	5881160	0	1	21564	2	0	21420
JH56CNU	421	Picture	1_70_Retrieval_Working_Memory_MEG_P6_LR_Salient_NoChange_UncuedRetriev_retrieval_patch_orientation_147_retrieval_position_4	5902891	0	1	30089	2	0	29920
JH56CNU	421	Response	20	5926868	23977	4
JH56CNU	422	Picture	ITI	5933147	0	2	20060	3	0	19920
JH56CNU	423	Picture	BaselinePost	5953374	0	1	50149	2	0	50000
