Scenario - ATWM1_Working_Memory_MEG_salient_uncued_instruction
Logfile written - 02/18/2016 17:03:37

Subject	Trial	Event Type	Code	Time	TTime	Uncertainty	Duration	Uncertainty	ReqTime	ReqDur

AV98LHJ	1	Picture	Instruction_S_UC	29	0	1	100131	2	0	100000
AV98LHJ	2	Picture	Instruction2	100327	0	1	100131	2	0	100000
AV98LHJ	3	Picture	Instruction3	200625	0	1	13707	2	0	resp
AV98LHJ	3	Response	10	214170	13545	3
AV98LHJ	4	Picture	Instruction4	234225	0	1	4680	2	0	resp
AV98LHJ	4	Response	20	238839	4614	4
AV98LHJ	5	Picture	Instruction5	258965	0	1	2340	2	0	resp
AV98LHJ	5	Response	10	261239	2274	4
AV98LHJ	6	Picture	Instruction4	281365	0	1	2340	2	0	resp
AV98LHJ	6	Response	20	283589	2224	3
AV98LHJ	7	Picture	Instruction3	303764	0	1	2842	2	0	resp
AV98LHJ	7	Response	10	306538	2774	4
AV98LHJ	8	Picture	Instruction4	326666	0	1	4012	2	0	resp
AV98LHJ	8	Response	20	330508	3842	3
AV98LHJ	9	Picture	Instruction_S_UC_TestTrials	350570	0	1	100131	2	0	100000
AV98LHJ	10	Picture	BaselinePre	450868	0	1	20059	3	0	20000
AV98LHJ	11	Picture	CueingCross	471095	0	1	3009	2	0	2920
AV98LHJ	12	Picture	PrepTime	474271	0	1	3009	2	0	2920
AV98LHJ	13	Picture	2_1_Encoding_Working_Memory_MEG_P5_LR_Salient_NoChange_CuedRetrieval_300_300_399_1800_3000_2050_gabor_patch_orientation_037_078_061_019_target_position_2_4_retrieval_position_2	477447	0	1	1337	2	0	1250
AV98LHJ	13	Picture	Flicker2	478784	1337	1	1337	3	1250	1250
AV98LHJ	13	Picture	Flicker3	480121	2674	2	1338	3	2500	1250
AV98LHJ	14	Picture	Delay	481626	0	1	18054	2	0	17920
AV98LHJ	15	Picture	2_1_Retrieval_Working_Memory_MEG_P5_LR_Salient_NoChange_CuedRetrieval_retrieval_patch_orientation_078_retrieval_position_2	499847	0	1	30089	2	0	29920
AV98LHJ	15	Response	10	515565	15718	4
AV98LHJ	16	Picture	ITI	549996	0	1	20561	2	0	20420
AV98LHJ	17	Picture	CueingCross	570724	0	1	3009	2	0	2920
AV98LHJ	18	Picture	PrepTime	573900	0	1	3009	2	0	2920
AV98LHJ	19	Picture	2_2_Encoding_Working_Memory_MEG_P5_LR_Salient_DoChange_CuedRetrieval_300_300_399_1750_3000_1950_gabor_patch_orientation_165_033_100_010_target_position_1_3_retrieval_position_1	577076	0	1	1337	2	0	1250
AV98LHJ	19	Picture	Flicker2	578413	1337	1	1338	2	1250	1250
AV98LHJ	19	Picture	Flicker3	579751	2675	1	1337	2	2500	1250
AV98LHJ	20	Picture	Delay	581255	0	1	17552	2	0	17420
AV98LHJ	21	Picture	2_2_Retrieval_Working_Memory_MEG_P5_LR_Salient_DoChange_CuedRetrieval_retrieval_patch_orientation_119_retrieval_position_1	598974	0	2	30090	3	0	29920
AV98LHJ	21	Response	20	612934	13960	4
AV98LHJ	22	Picture	ITI	649123	0	2	19558	3	0	19420
AV98LHJ	23	Picture	CueingCross	668849	0	1	3009	2	0	2920
AV98LHJ	24	Picture	PrepTime	672025	0	1	3009	2	0	2920
AV98LHJ	25	Picture	2_3_Encoding_Working_Memory_MEG_P5_LR_Salient_NoChange_CuedRetrieval_300_300_399_1850_3000_1900_gabor_patch_orientation_003_120_144_175_target_position_1_4_retrieval_position_4	675201	0	1	1337	2	0	1250
AV98LHJ	25	Picture	Flicker2	676538	1337	1	1337	2	1250	1250
AV98LHJ	25	Picture	Flicker3	677875	2674	1	1338	2	2500	1250
AV98LHJ	26	Picture	Delay	679380	0	1	18555	2	0	18420
AV98LHJ	27	Picture	2_3_Retrieval_Working_Memory_MEG_P5_LR_Salient_NoChange_CuedRetrieval_retrieval_patch_orientation_175_retrieval_position_4	698102	0	1	30089	3	0	29920
AV98LHJ	27	Response	10	708613	10511	3
AV98LHJ	28	Picture	ITI	748251	0	1	19057	2	0	18920
AV98LHJ	29	Picture	CueingCross	767475	0	1	3009	2	0	2920
AV98LHJ	30	Picture	PrepTime	770651	0	1	3009	2	0	2920
AV98LHJ	31	Picture	2_4_Encoding_Working_Memory_MEG_P5_LR_Salient_DoChange_CuedRetrieval_300_300_399_1900_3000_2000_gabor_patch_orientation_170_147_112_088_target_position_1_2_retrieval_position_1	773827	0	1	1337	2	0	1250
AV98LHJ	31	Picture	Flicker2	775164	1337	1	1338	2	1250	1250
AV98LHJ	31	Picture	Flicker3	776502	2675	1	1337	2	2500	1250
AV98LHJ	32	Picture	Delay	778006	0	1	19057	2	0	18920
AV98LHJ	33	Picture	2_4_Retrieval_Working_Memory_MEG_P5_LR_Salient_DoChange_CuedRetrieval_retrieval_patch_orientation_032_retrieval_position_1	797230	0	1	30089	2	0	29920
AV98LHJ	33	Response	20	813111	15881	4
AV98LHJ	34	Picture	ITI	847379	0	1	20059	2	0	19920
AV98LHJ	35	Picture	BaselinePost	867605	0	2	20060	3	0	20000
AV98LHJ	36	Picture	Instruction_S_UC	887832	0	1	50149	2	0	50000
