Scenario - ATWM1_Working_Memory_MEG_salient_cued_run2
Logfile written - 02/18/2016 16:58:54

Subject	Trial	Event Type	Code	Time	TTime	Uncertainty	Duration	Uncertainty	ReqTime	ReqDur

AV98LHJ	1	Picture	ExpStart	29	0	1	10030	2	0	10000
AV98LHJ	2	Picture	BaselinePre	10226	0	1	100131	2	0	100000
AV98LHJ	3	Picture	CueingCross	110524	0	1	3009	2	0	2920
AV98LHJ	4	Picture	PrepTime	113700	0	1	3009	2	0	2920
AV98LHJ	5	Picture	2_1_Encoding_Working_Memory_MEG_P5_LR_Nonsalient_NoChange_CuedRetrieval_300_300_399_1900_3000_2450_gabor_patch_orientation_086_128_058_102_target_position_2_4_retrieval_position_2	116876	0	1	1337	2	0	1250
AV98LHJ	5	Picture	Flicker2	118213	1337	1	1337	3	1250	1250
AV98LHJ	5	Picture	Flicker3	119550	2674	2	1338	3	2500	1250
AV98LHJ	6	Picture	Delay	121055	0	1	19057	2	0	18920
AV98LHJ	7	Picture	2_1_Retrieval_Working_Memory_MEG_P5_LR_Nonsalient_NoChange_CuedRetrieval_retrieval_patch_orientation_128_retrieval_position_2	140279	0	1	30089	2	0	29920
AV98LHJ	7	Response	10	150130	9851	4
AV98LHJ	8	Picture	ITI	170535	0	2	24573	4	0	24420
AV98LHJ	9	Picture	CueingCross	195276	0	1	3009	2	0	2920
AV98LHJ	10	Picture	PrepTime	198452	0	1	3009	2	0	2920
AV98LHJ	11	Picture	2_2_Encoding_Working_Memory_MEG_P5_LR_Nonsalient_DoChange_CuedRetrieval_300_300_399_2200_3000_2300_gabor_patch_orientation_005_173_061_127_target_position_2_3_retrieval_position_2	201628	0	1	1337	2	0	1250
AV98LHJ	11	Picture	Flicker2	202965	1337	1	1337	2	1250	1250
AV98LHJ	11	Picture	Flicker3	204302	2674	1	1338	2	2500	1250
AV98LHJ	12	Picture	Delay	205807	0	1	22065	3	0	21920
AV98LHJ	13	Picture	2_2_Retrieval_Working_Memory_MEG_P5_LR_Nonsalient_DoChange_CuedRetrieval_retrieval_patch_orientation_038_retrieval_position_2	228040	0	1	30089	2	0	29920
AV98LHJ	13	Response	20	236939	8899	4
AV98LHJ	14	Picture	ITI	258296	0	1	23069	2	0	22920
AV98LHJ	15	Picture	CueingCross	281532	0	1	3009	2	0	2920
AV98LHJ	16	Picture	PrepTime	284708	0	1	3009	2	0	2920
AV98LHJ	17	Picture	2_3_Encoding_Working_Memory_MEG_P5_LR_Nonsalient_NoChange_CuedRetrieval_300_300_399_1750_3000_1900_gabor_patch_orientation_087_157_123_006_target_position_1_4_retrieval_position_4	287884	0	1	1337	3	0	1250
AV98LHJ	17	Picture	Flicker2	289221	1337	2	1338	3	1250	1250
AV98LHJ	17	Picture	Flicker3	290559	2675	1	1337	2	2500	1250
AV98LHJ	18	Picture	Delay	292063	0	1	17552	2	0	17420
AV98LHJ	19	Picture	2_3_Retrieval_Working_Memory_MEG_P5_LR_Nonsalient_NoChange_CuedRetrieval_retrieval_patch_orientation_006_retrieval_position_4	309782	0	2	30090	3	0	29920
AV98LHJ	19	Response	20	322248	12466	3
AV98LHJ	20	Picture	ITI	340039	0	1	19056	3	0	18920
AV98LHJ	21	Picture	CueingCross	359263	0	1	3009	2	0	2920
AV98LHJ	22	Picture	PrepTime	362439	0	1	3009	2	0	2920
AV98LHJ	23	Picture	2_4_Encoding_Working_Memory_MEG_P5_LR_Nonsalient_NoChange_UncuedRetriev_300_300_399_1800_3000_2500_gabor_patch_orientation_129_101_069_015_target_position_1_2_retrieval_position_4	365615	0	1	1337	2	0	1250
AV98LHJ	23	Picture	Flicker2	366952	1337	1	1337	3	1250	1250
AV98LHJ	23	Picture	Flicker3	368289	2674	2	1338	3	2500	1250
AV98LHJ	24	Picture	Delay	369794	0	1	18053	3	0	17920
AV98LHJ	25	Picture	2_4_Retrieval_Working_Memory_MEG_P5_LR_Nonsalient_NoChange_UncuedRetriev_retrieval_patch_orientation_015_retrieval_position_4	388015	0	1	30089	2	0	29920
AV98LHJ	25	Response	20	403237	15222	3
AV98LHJ	26	Picture	ITI	418271	0	1	25075	2	0	24920
AV98LHJ	27	Picture	CueingCross	443513	0	1	3009	2	0	2920
AV98LHJ	28	Picture	PrepTime	446689	0	1	3009	2	0	2920
AV98LHJ	29	Picture	2_5_Encoding_Working_Memory_MEG_P5_LR_Nonsalient_NoChange_CuedRetrieval_300_300_399_1750_3000_2250_gabor_patch_orientation_165_098_140_031_target_position_1_4_retrieval_position_4	449865	0	1	1337	2	0	1250
AV98LHJ	29	Picture	Flicker2	451202	1337	1	1338	2	1250	1250
AV98LHJ	29	Picture	Flicker3	452540	2675	1	1337	2	2500	1250
AV98LHJ	30	Picture	Delay	454044	0	1	17552	2	0	17420
AV98LHJ	31	Picture	2_5_Retrieval_Working_Memory_MEG_P5_LR_Nonsalient_NoChange_CuedRetrieval_retrieval_patch_orientation_031_retrieval_position_4	471763	0	2	30090	3	0	29920
AV98LHJ	31	Response	10	496935	25172	4
AV98LHJ	32	Picture	ITI	502020	0	1	22567	2	0	22420
AV98LHJ	33	Picture	CueingCross	524754	0	1	3009	2	0	2920
AV98LHJ	34	Picture	PrepTime	527930	0	1	3009	2	0	2920
AV98LHJ	35	Picture	2_6_Encoding_Working_Memory_MEG_P5_LR_Nonsalient_NoChange_CuedRetrieval_300_300_399_2050_3000_2450_gabor_patch_orientation_068_007_175_030_target_position_1_3_retrieval_position_1	531106	0	1	1338	2	0	1250
AV98LHJ	35	Picture	Flicker2	532444	1338	1	1337	2	1250	1250
AV98LHJ	35	Picture	Flicker3	533781	2675	1	1337	2	2500	1250
AV98LHJ	36	Picture	Delay	535285	0	2	20561	3	0	20420
AV98LHJ	37	Picture	2_6_Retrieval_Working_Memory_MEG_P5_LR_Nonsalient_NoChange_CuedRetrieval_retrieval_patch_orientation_068_retrieval_position_1	556014	0	1	30089	2	0	29920
AV98LHJ	37	Response	10	572874	16860	4
AV98LHJ	38	Picture	ITI	586270	0	1	24573	2	0	24420
AV98LHJ	39	Picture	CueingCross	611010	0	2	3009	3	0	2920
AV98LHJ	40	Picture	PrepTime	614186	0	2	3009	3	0	2920
AV98LHJ	41	Picture	2_7_Encoding_Working_Memory_MEG_P5_LR_Nonsalient_DoChange_CuedRetrieval_300_300_399_1950_3000_2250_gabor_patch_orientation_137_154_120_076_target_position_1_4_retrieval_position_1	617362	0	2	1337	4	0	1250
AV98LHJ	41	Picture	Flicker2	618699	1337	2	1338	3	1250	1250
AV98LHJ	41	Picture	Flicker3	620037	2675	1	1337	2	2500	1250
AV98LHJ	42	Picture	Delay	621541	0	2	19559	3	0	19420
AV98LHJ	43	Picture	2_7_Retrieval_Working_Memory_MEG_P5_LR_Nonsalient_DoChange_CuedRetrieval_retrieval_patch_orientation_002_retrieval_position_1	641267	0	1	30089	2	0	29920
AV98LHJ	43	Response	20	651913	10646	4
AV98LHJ	44	Picture	ITI	671523	0	2	22567	3	0	22420
AV98LHJ	45	Picture	CueingCross	694257	0	2	3009	4	0	2920
AV98LHJ	46	Picture	PrepTime	697434	0	1	3008	3	0	2920
AV98LHJ	47	Picture	2_8_Encoding_Working_Memory_MEG_P5_LR_Nonsalient_NoChange_CuedRetrieval_300_300_399_2200_3000_2100_gabor_patch_orientation_094_004_147_120_target_position_2_4_retrieval_position_4	700610	0	1	1337	2	0	1250
AV98LHJ	47	Picture	Flicker2	701947	1337	1	1337	2	1250	1250
AV98LHJ	47	Picture	Flicker3	703284	2674	1	1338	2	2500	1250
AV98LHJ	48	Picture	Delay	704789	0	1	22065	2	0	21920
AV98LHJ	49	Picture	2_8_Retrieval_Working_Memory_MEG_P5_LR_Nonsalient_NoChange_CuedRetrieval_retrieval_patch_orientation_120_retrieval_position_4	727021	0	2	30090	3	0	29920
AV98LHJ	49	Response	20	752712	25691	4
AV98LHJ	50	Picture	ITI	757278	0	1	21062	3	0	20920
AV98LHJ	51	Picture	CueingCross	778506	0	3	3011	4	0	2920
AV98LHJ	52	Picture	PrepTime	781684	0	1	3009	2	0	2920
AV98LHJ	53	Picture	2_9_Encoding_Working_Memory_MEG_P5_LR_Nonsalient_NoChange_CuedRetrieval_300_300_399_2000_3000_2150_gabor_patch_orientation_108_152_176_133_target_position_1_2_retrieval_position_1	784860	0	1	1337	2	0	1250
AV98LHJ	53	Picture	Flicker2	786197	1337	1	1337	3	1250	1250
AV98LHJ	53	Picture	Flicker3	787534	2674	2	1338	3	2500	1250
AV98LHJ	54	Picture	Delay	789039	0	1	20059	3	0	19920
AV98LHJ	55	Picture	2_9_Retrieval_Working_Memory_MEG_P5_LR_Nonsalient_NoChange_CuedRetrieval_retrieval_patch_orientation_108_retrieval_position_1	809266	0	1	30089	2	0	29920
AV98LHJ	55	Response	10	824801	15535	3
AV98LHJ	56	Picture	ITI	839522	0	1	21564	2	0	21420
AV98LHJ	57	Picture	CueingCross	861253	0	2	3009	3	0	2920
AV98LHJ	58	Picture	PrepTime	864429	0	2	3009	4	0	2920
AV98LHJ	59	Picture	2_10_Encoding_Working_Memory_MEG_P5_LR_Nonsalient_NoChange_CuedRetrieval_300_300_399_2150_3000_2400_gabor_patch_orientation_179_010_094_144_target_position_2_3_retrieval_position_2	867606	0	1	1337	2	0	1250
AV98LHJ	59	Picture	Flicker2	868943	1337	1	1337	2	1250	1250
AV98LHJ	59	Picture	Flicker3	870280	2674	1	1337	3	2500	1250
AV98LHJ	60	Picture	Delay	871785	0	1	21564	2	0	21420
AV98LHJ	61	Picture	2_10_Retrieval_Working_Memory_MEG_P5_LR_Nonsalient_NoChange_CuedRetrieval_retrieval_patch_orientation_010_retrieval_position_2	893516	0	1	30089	2	0	29920
AV98LHJ	61	Response	20	910860	17344	3
AV98LHJ	62	Picture	ITI	923772	0	2	24072	3	0	23920
AV98LHJ	63	Picture	CueingCross	948011	0	1	3009	2	0	2920
AV98LHJ	64	Picture	PrepTime	951187	0	1	3009	2	0	2920
AV98LHJ	65	Picture	2_11_Encoding_Working_Memory_MEG_P5_LR_Nonsalient_NoChange_CuedRetrieval_300_300_399_2000_3000_1900_gabor_patch_orientation_004_070_049_033_target_position_2_3_retrieval_position_3	954363	0	1	1338	2	0	1250
AV98LHJ	65	Picture	Flicker2	955701	1338	1	1337	2	1250	1250
AV98LHJ	65	Picture	Flicker3	957038	2675	1	1337	2	2500	1250
AV98LHJ	66	Picture	Delay	958542	0	2	20060	3	0	19920
AV98LHJ	67	Picture	2_11_Retrieval_Working_Memory_MEG_P5_LR_Nonsalient_NoChange_CuedRetrieval_retrieval_patch_orientation_049_retrieval_position_3	978769	0	1	30089	3	0	29920
AV98LHJ	67	Response	10	992598	13829	4
AV98LHJ	68	Picture	ITI	1009026	0	1	19056	2	0	18920
AV98LHJ	69	Picture	CueingCross	1028249	0	2	3009	3	0	2920
AV98LHJ	70	Picture	PrepTime	1031425	0	2	3009	3	0	2920
AV98LHJ	71	Picture	2_12_Encoding_Working_Memory_MEG_P5_LR_Nonsalient_NoChange_CuedRetrieval_300_300_399_1750_3000_1900_gabor_patch_orientation_157_179_129_051_target_position_1_4_retrieval_position_4	1034601	0	2	1338	3	0	1250
AV98LHJ	71	Picture	Flicker2	1035939	1338	1	1337	2	1250	1250
AV98LHJ	71	Picture	Flicker3	1037276	2675	1	1337	3	2500	1250
AV98LHJ	72	Picture	Delay	1038781	0	1	17552	2	0	17420
AV98LHJ	73	Picture	2_12_Retrieval_Working_Memory_MEG_P5_LR_Nonsalient_NoChange_CuedRetrieval_retrieval_patch_orientation_051_retrieval_position_4	1056500	0	1	30089	2	0	29920
AV98LHJ	73	Response	10	1069917	13417	4
AV98LHJ	74	Picture	ITI	1086756	0	2	19057	3	0	18920
AV98LHJ	75	Picture	CueingCross	1105980	0	1	3009	2	0	2920
AV98LHJ	76	Picture	PrepTime	1109156	0	1	3009	2	0	2920
AV98LHJ	77	Picture	2_13_Encoding_Working_Memory_MEG_P5_LR_Nonsalient_DoChange_UncuedRetriev_300_300_399_1900_3000_2600_gabor_patch_orientation_079_011_059_095_target_position_1_3_retrieval_position_4	1112332	0	2	1338	3	0	1250
AV98LHJ	77	Picture	Flicker2	1113670	1338	1	1337	2	1250	1250
AV98LHJ	77	Picture	Flicker3	1115007	2675	1	1337	2	2500	1250
AV98LHJ	78	Picture	Delay	1116511	0	2	19057	3	0	18920
AV98LHJ	79	Picture	2_13_Retrieval_Working_Memory_MEG_P5_LR_Nonsalient_DoChange_UncuedRetriev_retrieval_patch_orientation_141_retrieval_position_4	1135735	0	1	30090	2	0	29920
AV98LHJ	79	Response	10	1158216	22481	4
AV98LHJ	80	Picture	ITI	1165992	0	1	26077	2	0	25920
AV98LHJ	81	Picture	CueingCross	1192236	0	2	3009	3	0	2920
AV98LHJ	82	Picture	PrepTime	1195412	0	2	3009	3	0	2920
AV98LHJ	83	Picture	2_14_Encoding_Working_Memory_MEG_P5_LR_Nonsalient_NoChange_CuedRetrieval_300_300_399_2000_3000_2300_gabor_patch_orientation_068_095_129_005_target_position_2_4_retrieval_position_4	1198589	0	1	1337	2	0	1250
AV98LHJ	83	Picture	Flicker2	1199926	1337	1	1337	2	1250	1250
AV98LHJ	83	Picture	Flicker3	1201263	2674	1	1337	3	2500	1250
AV98LHJ	84	Picture	Delay	1202768	0	1	20059	2	0	19920
AV98LHJ	85	Picture	2_14_Retrieval_Working_Memory_MEG_P5_LR_Nonsalient_NoChange_CuedRetrieval_retrieval_patch_orientation_005_retrieval_position_4	1222994	0	2	30090	3	0	29920
AV98LHJ	85	Response	10	1237245	14251	3
AV98LHJ	86	Picture	ITI	1253251	0	1	23068	2	0	22920
AV98LHJ	87	Picture	CueingCross	1276487	0	1	3008	3	0	2920
AV98LHJ	88	Picture	PrepTime	1279663	0	1	3009	2	0	2920
AV98LHJ	89	Picture	2_15_Encoding_Working_Memory_MEG_P5_LR_Nonsalient_NoChange_CuedRetrieval_300_300_399_2050_3000_2050_gabor_patch_orientation_063_121_146_096_target_position_1_3_retrieval_position_3	1282839	0	1	1337	2	0	1250
AV98LHJ	89	Picture	Flicker2	1284176	1337	1	1337	2	1250	1250
AV98LHJ	89	Picture	Flicker3	1285513	2674	1	1338	2	2500	1250
AV98LHJ	90	Picture	Delay	1287018	0	1	20561	2	0	20420
AV98LHJ	91	Picture	2_15_Retrieval_Working_Memory_MEG_P5_LR_Nonsalient_NoChange_CuedRetrieval_retrieval_patch_orientation_146_retrieval_position_3	1307746	0	1	30089	2	0	29920
AV98LHJ	91	Response	10	1322043	14297	5
AV98LHJ	92	Picture	ITI	1338003	0	1	20561	2	0	20420
AV98LHJ	93	Picture	CueingCross	1358731	0	1	3009	2	0	2920
AV98LHJ	94	Picture	PrepTime	1361907	0	1	3009	2	0	2920
AV98LHJ	95	Picture	2_16_Encoding_Working_Memory_MEG_P5_LR_Nonsalient_DoChange_UncuedRetriev_300_300_399_1750_3000_2400_gabor_patch_orientation_134_091_019_002_target_position_2_3_retrieval_position_1	1365083	0	1	1337	2	0	1250
AV98LHJ	95	Picture	Flicker2	1366420	1337	1	1338	2	1250	1250
AV98LHJ	95	Picture	Flicker3	1367758	2675	1	1337	2	2500	1250
AV98LHJ	96	Picture	Delay	1369262	0	1	17552	2	0	17420
AV98LHJ	97	Picture	2_16_Retrieval_Working_Memory_MEG_P5_LR_Nonsalient_DoChange_UncuedRetriev_retrieval_patch_orientation_179_retrieval_position_1	1386981	0	2	30090	3	0	29920
AV98LHJ	97	Response	20	1404543	17562	3
AV98LHJ	98	Picture	ITI	1417238	0	1	24071	2	0	23920
AV98LHJ	99	Picture	CueingCross	1441476	0	2	3009	4	0	2920
AV98LHJ	100	Picture	PrepTime	1444653	0	1	3009	2	0	2920
AV98LHJ	101	Picture	2_17_Encoding_Working_Memory_MEG_P5_LR_Nonsalient_DoChange_CuedRetrieval_300_300_399_1850_3000_2600_gabor_patch_orientation_035_144_069_005_target_position_3_4_retrieval_position_3	1447829	0	1	1337	2	0	1250
AV98LHJ	101	Picture	Flicker2	1449166	1337	1	1337	2	1250	1250
AV98LHJ	101	Picture	Flicker3	1450503	2674	1	1338	2	2500	1250
AV98LHJ	102	Picture	Delay	1452008	0	1	18555	2	0	18420
AV98LHJ	103	Picture	2_17_Retrieval_Working_Memory_MEG_P5_LR_Nonsalient_DoChange_CuedRetrieval_retrieval_patch_orientation_118_retrieval_position_3	1470730	0	1	30089	2	0	29920
AV98LHJ	103	Response	20	1484241	13511	4
AV98LHJ	104	Picture	ITI	1500986	0	2	26078	3	0	25920
AV98LHJ	105	Picture	CueingCross	1527231	0	1	3009	2	0	2920
AV98LHJ	106	Picture	PrepTime	1530407	0	1	3009	2	0	2920
AV98LHJ	107	Picture	2_18_Encoding_Working_Memory_MEG_P5_LR_Nonsalient_DoChange_CuedRetrieval_300_300_399_2150_3000_2250_gabor_patch_orientation_091_072_003_157_target_position_2_3_retrieval_position_2	1533583	0	2	1338	3	0	1250
AV98LHJ	107	Picture	Flicker2	1534921	1338	1	1337	2	1250	1250
AV98LHJ	107	Picture	Flicker3	1536258	2675	1	1337	2	2500	1250
AV98LHJ	108	Picture	Delay	1537762	0	2	21564	4	0	21420
AV98LHJ	109	Picture	2_18_Retrieval_Working_Memory_MEG_P5_LR_Nonsalient_DoChange_CuedRetrieval_retrieval_patch_orientation_122_retrieval_position_2	1559494	0	1	30089	2	0	29920
AV98LHJ	109	Response	10	1580240	20746	4
AV98LHJ	110	Picture	ITI	1589750	0	1	22567	2	0	22420
AV98LHJ	111	Picture	CueingCross	1612484	0	2	3009	3	0	2920
AV98LHJ	112	Picture	PrepTime	1615660	0	2	3009	3	0	2920
AV98LHJ	113	Picture	2_19_Encoding_Working_Memory_MEG_P5_LR_Nonsalient_DoChange_UncuedRetriev_300_300_399_1750_3000_2200_gabor_patch_orientation_043_004_178_119_target_position_1_3_retrieval_position_4	1618836	0	2	1338	3	0	1250
AV98LHJ	113	Picture	Flicker2	1620174	1338	1	1337	2	1250	1250
AV98LHJ	113	Picture	Flicker3	1621511	2675	1	1337	3	2500	1250
AV98LHJ	114	Picture	Delay	1623016	0	1	17552	2	0	17420
AV98LHJ	115	Picture	2_19_Retrieval_Working_Memory_MEG_P5_LR_Nonsalient_DoChange_UncuedRetriev_retrieval_patch_orientation_071_retrieval_position_4	1640735	0	1	30089	2	0	29920
AV98LHJ	115	Response	10	1656059	15324	4
AV98LHJ	116	Picture	ITI	1670991	0	2	22066	3	0	21920
AV98LHJ	117	Picture	CueingCross	1693224	0	1	3009	2	0	2920
AV98LHJ	118	Picture	PrepTime	1696400	0	1	3009	2	0	2920
AV98LHJ	119	Picture	2_20_Encoding_Working_Memory_MEG_P5_LR_Nonsalient_DoChange_CuedRetrieval_300_300_399_1850_3000_2050_gabor_patch_orientation_175_012_144_093_target_position_1_2_retrieval_position_2	1699576	0	2	1338	3	0	1250
AV98LHJ	119	Picture	Flicker2	1700914	1338	1	1337	2	1250	1250
AV98LHJ	119	Picture	Flicker3	1702251	2675	1	1337	2	2500	1250
AV98LHJ	120	Picture	Delay	1703755	0	2	18555	4	0	18420
AV98LHJ	121	Picture	2_20_Retrieval_Working_Memory_MEG_P5_LR_Nonsalient_DoChange_CuedRetrieval_retrieval_patch_orientation_062_retrieval_position_2	1722478	0	1	30089	2	0	29920
AV98LHJ	121	Response	10	1737718	15240	3
AV98LHJ	122	Picture	ITI	1752734	0	1	20561	2	0	20420
AV98LHJ	123	Picture	CueingCross	1773462	0	2	3009	3	0	2920
AV98LHJ	124	Picture	PrepTime	1776638	0	2	3009	4	0	2920
AV98LHJ	125	Picture	2_21_Encoding_Working_Memory_MEG_P5_LR_Nonsalient_DoChange_CuedRetrieval_300_300_399_2050_3000_2050_gabor_patch_orientation_093_050_137_029_target_position_1_2_retrieval_position_2	1779815	0	1	1337	2	0	1250
AV98LHJ	125	Picture	Flicker2	1781152	1337	1	1337	2	1250	1250
AV98LHJ	125	Picture	Flicker3	1782489	2674	1	1338	2	2500	1250
AV98LHJ	126	Picture	Delay	1783994	0	1	20561	2	0	20420
AV98LHJ	127	Picture	2_21_Retrieval_Working_Memory_MEG_P5_LR_Nonsalient_DoChange_CuedRetrieval_retrieval_patch_orientation_004_retrieval_position_2	1804722	0	1	30089	2	0	29920
AV98LHJ	127	Response	20	1820917	16195	3
AV98LHJ	128	Picture	ITI	1834978	0	2	20561	4	0	20420
AV98LHJ	129	Picture	CueingCross	1855707	0	1	3009	2	0	2920
AV98LHJ	130	Picture	PrepTime	1858883	0	1	3009	2	0	2920
AV98LHJ	131	Picture	2_22_Encoding_Working_Memory_MEG_P5_LR_Nonsalient_NoChange_CuedRetrieval_300_300_399_2050_3000_2000_gabor_patch_orientation_092_004_033_155_target_position_1_4_retrieval_position_4	1862059	0	1	1337	2	0	1250
AV98LHJ	131	Picture	Flicker2	1863396	1337	1	1337	3	1250	1250
AV98LHJ	131	Picture	Flicker3	1864733	2674	2	1338	3	2500	1250
AV98LHJ	132	Picture	Delay	1866238	0	1	20561	2	0	20420
AV98LHJ	133	Picture	2_22_Retrieval_Working_Memory_MEG_P5_LR_Nonsalient_NoChange_CuedRetrieval_retrieval_patch_orientation_155_retrieval_position_4	1886966	0	1	30089	3	0	29920
AV98LHJ	133	Response	10	1904395	17429	4
AV98LHJ	134	Picture	ITI	1917223	0	1	20059	2	0	19920
AV98LHJ	135	Picture	CueingCross	1937449	0	2	3009	3	0	2920
AV98LHJ	136	Picture	PrepTime	1940625	0	2	3009	3	0	2920
AV98LHJ	137	Picture	2_23_Encoding_Working_Memory_MEG_P5_LR_Nonsalient_DoChange_CuedRetrieval_300_300_399_2250_3000_1950_gabor_patch_orientation_115_144_058_163_target_position_1_4_retrieval_position_4	1943802	0	1	1337	2	0	1250
AV98LHJ	137	Picture	Flicker2	1945139	1337	1	1337	3	1250	1250
AV98LHJ	137	Picture	Flicker3	1946476	2674	2	1337	4	2500	1250
AV98LHJ	138	Picture	Delay	1947981	0	1	22567	2	0	22420
AV98LHJ	139	Picture	2_23_Retrieval_Working_Memory_MEG_P5_LR_Nonsalient_DoChange_CuedRetrieval_retrieval_patch_orientation_027_retrieval_position_4	1970715	0	1	30089	2	0	29920
AV98LHJ	139	Response	20	1981984	11269	4
AV98LHJ	140	Picture	ITI	2000971	0	2	19558	4	0	19420
AV98LHJ	141	Picture	CueingCross	2020697	0	1	3008	3	0	2920
AV98LHJ	142	Picture	PrepTime	2023873	0	1	3009	2	0	2920
AV98LHJ	143	Picture	2_24_Encoding_Working_Memory_MEG_P5_LR_Nonsalient_NoChange_CuedRetrieval_300_300_399_2100_3000_2050_gabor_patch_orientation_069_090_033_012_target_position_2_4_retrieval_position_2	2027049	0	1	1337	2	0	1250
AV98LHJ	143	Picture	Flicker2	2028386	1337	1	1337	3	1250	1250
AV98LHJ	143	Picture	Flicker3	2029723	2674	2	1338	3	2500	1250
AV98LHJ	144	Picture	Delay	2031228	0	1	21062	3	0	20920
AV98LHJ	145	Picture	2_24_Retrieval_Working_Memory_MEG_P5_LR_Nonsalient_NoChange_CuedRetrieval_retrieval_patch_orientation_090_retrieval_position_2	2052458	0	1	30089	2	0	29920
AV98LHJ	145	Response	10	2068313	15855	4
AV98LHJ	146	Picture	ITI	2082714	0	1	20561	2	0	20420
AV98LHJ	147	Picture	CueingCross	2103442	0	2	3009	3	0	2920
AV98LHJ	148	Picture	PrepTime	2106618	0	2	3009	3	0	2920
AV98LHJ	149	Picture	2_25_Encoding_Working_Memory_MEG_P5_LR_Nonsalient_DoChange_CuedRetrieval_300_300_399_1850_3000_2350_gabor_patch_orientation_119_135_092_179_target_position_3_4_retrieval_position_3	2109794	0	2	1338	3	0	1250
AV98LHJ	149	Picture	Flicker2	2111132	1338	1	1337	2	1250	1250
AV98LHJ	149	Picture	Flicker3	2112469	2675	1	1337	3	2500	1250
AV98LHJ	150	Picture	Delay	2113974	0	1	18555	2	0	18420
AV98LHJ	151	Picture	2_25_Retrieval_Working_Memory_MEG_P5_LR_Nonsalient_DoChange_CuedRetrieval_retrieval_patch_orientation_047_retrieval_position_3	2132696	0	1	30089	2	0	29920
AV98LHJ	151	Response	20	2151792	19096	4
AV98LHJ	152	Picture	ITI	2162952	0	2	23570	3	0	23420
AV98LHJ	153	Picture	CueingCross	2186690	0	1	3008	3	0	2920
AV98LHJ	154	Picture	PrepTime	2189866	0	1	3009	2	0	2920
AV98LHJ	155	Picture	2_26_Encoding_Working_Memory_MEG_P5_LR_Nonsalient_DoChange_UncuedRetriev_300_300_399_2250_3000_2550_gabor_patch_orientation_086_109_142_166_target_position_1_3_retrieval_position_2	2193042	0	1	1336	3	0	1250
AV98LHJ	155	Picture	Flicker2	2194378	1336	2	1338	3	1250	1250
AV98LHJ	155	Picture	Flicker3	2195716	2674	1	1338	2	2500	1250
AV98LHJ	156	Picture	Delay	2197221	0	1	22567	2	0	22420
AV98LHJ	157	Picture	2_26_Retrieval_Working_Memory_MEG_P5_LR_Nonsalient_DoChange_UncuedRetriev_retrieval_patch_orientation_060_retrieval_position_2	2219955	0	1	30089	2	0	29920
AV98LHJ	157	Response	20	2235591	15636	4
AV98LHJ	158	Picture	ITI	2250211	0	2	25576	4	0	25420
AV98LHJ	159	Picture	CueingCross	2275954	0	2	3010	3	0	2920
AV98LHJ	160	Picture	PrepTime	2279131	0	1	3009	2	0	2920
AV98LHJ	161	Picture	2_27_Encoding_Working_Memory_MEG_P5_LR_Nonsalient_DoChange_CuedRetrieval_300_300_399_2250_3000_2600_gabor_patch_orientation_139_032_115_053_target_position_2_4_retrieval_position_2	2282307	0	1	1337	2	0	1250
AV98LHJ	161	Picture	Flicker2	2283644	1337	1	1337	3	1250	1250
AV98LHJ	161	Picture	Flicker3	2284981	2674	2	1338	3	2500	1250
AV98LHJ	162	Picture	Delay	2286486	0	1	22567	2	0	22420
AV98LHJ	163	Picture	2_27_Retrieval_Working_Memory_MEG_P5_LR_Nonsalient_DoChange_CuedRetrieval_retrieval_patch_orientation_167_retrieval_position_2	2309220	0	1	30089	3	0	29920
AV98LHJ	163	Response	20	2327740	18520	3
AV98LHJ	164	Picture	ITI	2339477	0	1	26077	2	0	25920
AV98LHJ	165	Picture	CueingCross	2365721	0	1	3009	2	0	2920
AV98LHJ	166	Picture	PrepTime	2368897	0	2	3009	3	0	2920
AV98LHJ	167	Picture	2_28_Encoding_Working_Memory_MEG_P5_LR_Nonsalient_NoChange_CuedRetrieval_300_300_399_1800_3000_2100_gabor_patch_orientation_155_067_135_018_target_position_1_4_retrieval_position_1	2372073	0	2	1338	3	0	1250
AV98LHJ	167	Picture	Flicker2	2373411	1338	1	1337	2	1250	1250
AV98LHJ	167	Picture	Flicker3	2374748	2675	1	1337	2	2500	1250
AV98LHJ	168	Picture	Delay	2376252	0	2	18054	3	0	17920
AV98LHJ	169	Picture	2_28_Retrieval_Working_Memory_MEG_P5_LR_Nonsalient_NoChange_CuedRetrieval_retrieval_patch_orientation_155_retrieval_position_1	2394473	0	1	30090	2	0	29920
AV98LHJ	169	Response	10	2407488	13015	4
AV98LHJ	170	Picture	ITI	2424730	0	1	21062	2	0	20920
AV98LHJ	171	Picture	CueingCross	2445959	0	2	3009	4	0	2920
AV98LHJ	172	Picture	PrepTime	2449136	0	1	3008	3	0	2920
AV98LHJ	173	Picture	2_29_Encoding_Working_Memory_MEG_P5_LR_Nonsalient_DoChange_UncuedRetriev_300_300_399_1950_3000_2150_gabor_patch_orientation_020_057_142_080_target_position_1_2_retrieval_position_4	2452312	0	1	1337	2	0	1250
AV98LHJ	173	Picture	Flicker2	2453649	1337	1	1337	2	1250	1250
AV98LHJ	173	Picture	Flicker3	2454986	2674	1	1338	2	2500	1250
AV98LHJ	174	Picture	Delay	2456491	0	1	19558	2	0	19420
AV98LHJ	175	Picture	2_29_Retrieval_Working_Memory_MEG_P5_LR_Nonsalient_DoChange_UncuedRetriev_retrieval_patch_orientation_126_retrieval_position_4	2476216	0	1	30089	2	0	29920
AV98LHJ	175	Response	20	2488827	12611	4
AV98LHJ	176	Picture	ITI	2506472	0	2	21565	3	0	21420
AV98LHJ	177	Picture	CueingCross	2528204	0	1	3009	2	0	2920
AV98LHJ	178	Picture	PrepTime	2531380	0	1	3009	2	0	2920
AV98LHJ	179	Picture	2_30_Encoding_Working_Memory_MEG_P5_LR_Nonsalient_DoChange_CuedRetrieval_300_300_399_2150_3000_2200_gabor_patch_orientation_049_093_004_156_target_position_3_4_retrieval_position_3	2534556	0	1	1337	2	0	1250
AV98LHJ	179	Picture	Flicker2	2535893	1337	1	1338	2	1250	1250
AV98LHJ	179	Picture	Flicker3	2537231	2675	1	1337	2	2500	1250
AV98LHJ	180	Picture	Delay	2538735	0	1	21564	2	0	21420
AV98LHJ	181	Picture	2_30_Retrieval_Working_Memory_MEG_P5_LR_Nonsalient_DoChange_CuedRetrieval_retrieval_patch_orientation_139_retrieval_position_3	2560466	0	1	30090	2	0	29920
AV98LHJ	181	Response	20	2577086	16620	4
AV98LHJ	182	Picture	ITI	2590723	0	1	22065	2	0	21920
AV98LHJ	183	Picture	CueingCross	2612955	0	2	3009	3	0	2920
AV98LHJ	184	Picture	PrepTime	2616132	0	1	3008	3	0	2920
AV98LHJ	185	Picture	2_31_Encoding_Working_Memory_MEG_P5_LR_Nonsalient_DoChange_CuedRetrieval_300_300_399_2250_3000_2350_gabor_patch_orientation_174_016_153_036_target_position_3_4_retrieval_position_3	2619308	0	1	1337	2	0	1250
AV98LHJ	185	Picture	Flicker2	2620645	1337	1	1337	2	1250	1250
AV98LHJ	185	Picture	Flicker3	2621982	2674	1	1337	3	2500	1250
AV98LHJ	186	Picture	Delay	2623487	0	1	22567	2	0	22420
AV98LHJ	187	Picture	2_31_Retrieval_Working_Memory_MEG_P5_LR_Nonsalient_DoChange_CuedRetrieval_retrieval_patch_orientation_106_retrieval_position_3	2646221	0	1	30089	2	0	29920
AV98LHJ	187	Response	20	2668645	22424	3
AV98LHJ	188	Picture	ITI	2676477	0	2	23570	4	0	23420
AV98LHJ	189	Picture	CueingCross	2700215	0	1	3008	3	0	2920
AV98LHJ	190	Picture	PrepTime	2703391	0	1	3009	2	0	2920
AV98LHJ	191	Picture	2_32_Encoding_Working_Memory_MEG_P5_LR_Nonsalient_DoChange_CuedRetrieval_300_300_399_1850_3000_2200_gabor_patch_orientation_172_112_132_067_target_position_2_4_retrieval_position_4	2706566	0	2	1338	3	0	1250
AV98LHJ	191	Picture	Flicker2	2707904	1338	1	1337	2	1250	1250
AV98LHJ	191	Picture	Flicker3	2709241	2675	1	1338	2	2500	1250
AV98LHJ	192	Picture	Delay	2710746	0	1	18555	2	0	18420
AV98LHJ	193	Picture	2_32_Retrieval_Working_Memory_MEG_P5_LR_Nonsalient_DoChange_CuedRetrieval_retrieval_patch_orientation_022_retrieval_position_4	2729468	0	1	30089	3	0	29920
AV98LHJ	193	Response	10	2746124	16656	3
AV98LHJ	194	Picture	ITI	2759725	0	1	22065	2	0	21920
AV98LHJ	195	Picture	CueingCross	2781957	0	2	3009	3	0	2920
AV98LHJ	196	Picture	PrepTime	2785133	0	2	3009	4	0	2920
AV98LHJ	197	Picture	2_33_Encoding_Working_Memory_MEG_P5_LR_Nonsalient_DoChange_CuedRetrieval_300_300_399_2100_3000_2100_gabor_patch_orientation_017_101_172_141_target_position_1_3_retrieval_position_3	2788309	0	2	1338	3	0	1250
AV98LHJ	197	Picture	Flicker2	2789647	1338	1	1337	2	1250	1250
AV98LHJ	197	Picture	Flicker3	2790984	2675	1	1337	3	2500	1250
AV98LHJ	198	Picture	Delay	2792489	0	1	21062	2	0	20920
AV98LHJ	199	Picture	2_33_Retrieval_Working_Memory_MEG_P5_LR_Nonsalient_DoChange_CuedRetrieval_retrieval_patch_orientation_034_retrieval_position_3	2813718	0	2	30090	3	0	29920
AV98LHJ	199	Response	20	2825073	11355	3
AV98LHJ	200	Picture	ITI	2843975	0	1	21062	2	0	20920
AV98LHJ	201	Picture	CueingCross	2865205	0	1	3008	3	0	2920
AV98LHJ	202	Picture	PrepTime	2868381	0	1	3009	2	0	2920
AV98LHJ	203	Picture	2_34_Encoding_Working_Memory_MEG_P5_LR_Nonsalient_NoChange_CuedRetrieval_300_300_399_2200_3000_2550_gabor_patch_orientation_070_102_031_015_target_position_2_3_retrieval_position_2	2871557	0	1	1337	2	0	1250
AV98LHJ	203	Picture	Flicker2	2872894	1337	1	1337	2	1250	1250
AV98LHJ	203	Picture	Flicker3	2874231	2674	1	1338	2	2500	1250
AV98LHJ	204	Picture	Delay	2875736	0	1	22065	2	0	21920
AV98LHJ	205	Picture	2_34_Retrieval_Working_Memory_MEG_P5_LR_Nonsalient_NoChange_CuedRetrieval_retrieval_patch_orientation_102_retrieval_position_2	2897968	0	2	30090	3	0	29920
AV98LHJ	205	Response	20	2914891	16923	4
AV98LHJ	206	Picture	ITI	2928225	0	1	25576	2	0	25420
AV98LHJ	207	Picture	CueingCross	2953968	0	1	3009	2	0	2920
AV98LHJ	208	Picture	PrepTime	2957144	0	1	3009	2	0	2920
AV98LHJ	209	Picture	2_35_Encoding_Working_Memory_MEG_P5_LR_Nonsalient_NoChange_UncuedRetriev_300_300_399_1950_3000_2100_gabor_patch_orientation_178_045_066_135_target_position_2_3_retrieval_position_4	2960320	0	2	1338	3	0	1250
AV98LHJ	209	Picture	Flicker2	2961658	1338	1	1337	2	1250	1250
AV98LHJ	209	Picture	Flicker3	2962995	2675	1	1337	3	2500	1250
AV98LHJ	210	Picture	Delay	2964499	0	2	19558	4	0	19420
AV98LHJ	211	Picture	2_35_Retrieval_Working_Memory_MEG_P5_LR_Nonsalient_NoChange_UncuedRetriev_retrieval_patch_orientation_135_retrieval_position_4	2984225	0	1	30089	2	0	29920
AV98LHJ	211	Response	20	2992820	8595	4
AV98LHJ	212	Picture	ITI	3014481	0	1	21063	2	0	20920
AV98LHJ	213	Picture	CueingCross	3035711	0	1	3009	2	0	2920
AV98LHJ	214	Picture	PrepTime	3038887	0	1	3009	2	0	2920
AV98LHJ	215	Picture	2_36_Encoding_Working_Memory_MEG_P5_LR_Nonsalient_DoChange_CuedRetrieval_300_300_399_1800_3000_1900_gabor_patch_orientation_146_019_037_106_target_position_2_4_retrieval_position_4	3042063	0	1	1337	2	0	1250
AV98LHJ	215	Picture	Flicker2	3043400	1337	1	1338	2	1250	1250
AV98LHJ	215	Picture	Flicker3	3044738	2675	1	1337	2	2500	1250
AV98LHJ	216	Picture	Delay	3046242	0	1	18054	2	0	17920
AV98LHJ	217	Picture	2_36_Retrieval_Working_Memory_MEG_P5_LR_Nonsalient_DoChange_CuedRetrieval_retrieval_patch_orientation_061_retrieval_position_4	3064463	0	1	30089	2	0	29920
AV98LHJ	217	Response	10	3077499	13036	4
AV98LHJ	218	Picture	ITI	3094719	0	2	19057	3	0	18920
AV98LHJ	219	Picture	CueingCross	3113943	0	1	3009	2	0	2920
AV98LHJ	220	Picture	PrepTime	3117119	0	2	3009	3	0	2920
AV98LHJ	221	Picture	2_37_Encoding_Working_Memory_MEG_P5_LR_Nonsalient_DoChange_CuedRetrieval_300_300_399_1800_3000_2250_gabor_patch_orientation_061_177_110_129_target_position_1_2_retrieval_position_2	3120295	0	2	1338	3	0	1250
AV98LHJ	221	Picture	Flicker2	3121633	1338	1	1337	2	1250	1250
AV98LHJ	221	Picture	Flicker3	3122970	2675	1	1337	2	2500	1250
AV98LHJ	222	Picture	Delay	3124474	0	2	18054	3	0	17920
AV98LHJ	223	Picture	2_37_Retrieval_Working_Memory_MEG_P5_LR_Nonsalient_DoChange_CuedRetrieval_retrieval_patch_orientation_041_retrieval_position_2	3142695	0	1	30090	2	0	29920
AV98LHJ	223	Response	20	3152767	10072	5
AV98LHJ	224	Picture	ITI	3172952	0	1	22567	2	0	22420
AV98LHJ	225	Picture	CueingCross	3195686	0	1	3009	2	0	2920
AV98LHJ	226	Picture	PrepTime	3198862	0	1	3009	2	0	2920
AV98LHJ	227	Picture	2_38_Encoding_Working_Memory_MEG_P5_LR_Nonsalient_NoChange_CuedRetrieval_300_300_399_2250_3000_1900_gabor_patch_orientation_109_003_075_026_target_position_2_4_retrieval_position_4	3202038	0	1	1337	3	0	1250
AV98LHJ	227	Picture	Flicker2	3203375	1337	2	1338	3	1250	1250
AV98LHJ	227	Picture	Flicker3	3204713	2675	1	1337	2	2500	1250
AV98LHJ	228	Picture	Delay	3206217	0	1	22567	2	0	22420
AV98LHJ	229	Picture	2_38_Retrieval_Working_Memory_MEG_P5_LR_Nonsalient_NoChange_CuedRetrieval_retrieval_patch_orientation_026_retrieval_position_4	3228951	0	2	30090	3	0	29920
AV98LHJ	229	Response	10	3241497	12546	3
AV98LHJ	230	Picture	ITI	3259208	0	1	19056	3	0	18920
AV98LHJ	231	Picture	CueingCross	3278432	0	1	3009	2	0	2920
AV98LHJ	232	Picture	PrepTime	3281608	0	1	3009	2	0	2920
AV98LHJ	233	Picture	2_39_Encoding_Working_Memory_MEG_P5_LR_Nonsalient_DoChange_CuedRetrieval_300_300_399_1900_3000_2450_gabor_patch_orientation_174_131_049_111_target_position_3_4_retrieval_position_3	3284784	0	1	1337	2	0	1250
AV98LHJ	233	Picture	Flicker2	3286121	1337	1	1337	3	1250	1250
AV98LHJ	233	Picture	Flicker3	3287458	2674	2	1338	3	2500	1250
AV98LHJ	234	Picture	Delay	3288963	0	1	19057	2	0	18920
AV98LHJ	235	Picture	2_39_Retrieval_Working_Memory_MEG_P5_LR_Nonsalient_DoChange_CuedRetrieval_retrieval_patch_orientation_003_retrieval_position_3	3308187	0	1	30089	2	0	29920
AV98LHJ	235	Response	20	3319056	10869	3
AV98LHJ	236	Picture	ITI	3338443	0	1	24573	2	0	24420
AV98LHJ	237	Picture	CueingCross	3363183	0	2	3009	3	0	2920
AV98LHJ	238	Picture	PrepTime	3366359	0	2	3009	4	0	2920
AV98LHJ	239	Picture	2_40_Encoding_Working_Memory_MEG_P5_LR_Nonsalient_DoChange_CuedRetrieval_300_300_399_1950_3000_2350_gabor_patch_orientation_021_004_081_038_target_position_2_3_retrieval_position_3	3369536	0	1	1337	2	0	1250
AV98LHJ	239	Picture	Flicker2	3370873	1337	1	1337	2	1250	1250
AV98LHJ	239	Picture	Flicker3	3372210	2674	1	1337	3	2500	1250
AV98LHJ	240	Picture	Delay	3373715	0	1	19558	2	0	19420
AV98LHJ	241	Picture	2_40_Retrieval_Working_Memory_MEG_P5_LR_Nonsalient_DoChange_CuedRetrieval_retrieval_patch_orientation_128_retrieval_position_3	3393440	0	1	30089	2	0	29920
AV98LHJ	241	Response	20	3401564	8124	4
AV98LHJ	242	Picture	ITI	3423696	0	2	23570	3	0	23420
AV98LHJ	243	Picture	CueingCross	3447434	0	1	3008	3	0	2920
AV98LHJ	244	Picture	PrepTime	3450610	0	1	3009	2	0	2920
AV98LHJ	245	Picture	2_41_Encoding_Working_Memory_MEG_P5_LR_Nonsalient_DoChange_CuedRetrieval_300_300_399_1750_3000_2450_gabor_patch_orientation_099_177_144_120_target_position_2_3_retrieval_position_3	3453786	0	1	1337	2	0	1250
AV98LHJ	245	Picture	Flicker2	3455123	1337	1	1337	2	1250	1250
AV98LHJ	245	Picture	Flicker3	3456460	2674	1	1338	2	2500	1250
AV98LHJ	246	Picture	Delay	3457965	0	1	17552	2	0	17420
AV98LHJ	247	Picture	2_41_Retrieval_Working_Memory_MEG_P5_LR_Nonsalient_DoChange_CuedRetrieval_retrieval_patch_orientation_009_retrieval_position_3	3475684	0	1	30089	3	0	29920
AV98LHJ	247	Response	20	3495383	19699	4
AV98LHJ	248	Picture	ITI	3505941	0	1	24573	2	0	24420
AV98LHJ	249	Picture	CueingCross	3530681	0	1	3009	2	0	2920
AV98LHJ	250	Picture	PrepTime	3533857	0	1	3009	2	0	2920
AV98LHJ	251	Picture	2_42_Encoding_Working_Memory_MEG_P5_LR_Nonsalient_DoChange_CuedRetrieval_300_300_399_2150_3000_2300_gabor_patch_orientation_066_083_045_154_target_position_1_4_retrieval_position_4	3537033	0	1	1337	2	0	1250
AV98LHJ	251	Picture	Flicker2	3538370	1337	1	1338	2	1250	1250
AV98LHJ	251	Picture	Flicker3	3539708	2675	1	1337	2	2500	1250
AV98LHJ	252	Picture	Delay	3541212	0	1	21564	2	0	21420
AV98LHJ	253	Picture	2_42_Retrieval_Working_Memory_MEG_P5_LR_Nonsalient_DoChange_CuedRetrieval_retrieval_patch_orientation_105_retrieval_position_4	3562943	0	1	30090	2	0	29920
AV98LHJ	253	Response	20	3575462	12519	3
AV98LHJ	254	Picture	ITI	3593200	0	1	23068	2	0	22920
AV98LHJ	255	Picture	CueingCross	3616435	0	2	3009	3	0	2920
AV98LHJ	256	Picture	PrepTime	3619612	0	1	3008	3	0	2920
AV98LHJ	257	Picture	2_43_Encoding_Working_Memory_MEG_P5_LR_Nonsalient_NoChange_UncuedRetriev_300_300_399_1900_3000_2500_gabor_patch_orientation_174_061_036_020_target_position_3_4_retrieval_position_1	3622788	0	1	1337	2	0	1250
AV98LHJ	257	Picture	Flicker2	3624125	1337	1	1337	2	1250	1250
AV98LHJ	257	Picture	Flicker3	3625462	2674	1	1337	3	2500	1250
AV98LHJ	258	Picture	Delay	3626967	0	1	19056	2	0	18920
AV98LHJ	259	Picture	2_43_Retrieval_Working_Memory_MEG_P5_LR_Nonsalient_NoChange_UncuedRetriev_retrieval_patch_orientation_174_retrieval_position_1	3646190	0	2	30090	3	0	29920
AV98LHJ	259	Response	20	3657791	11601	3
AV98LHJ	260	Picture	ITI	3676447	0	1	25074	3	0	24920
AV98LHJ	261	Picture	CueingCross	3701689	0	1	3009	2	0	2920
AV98LHJ	262	Picture	PrepTime	3704864	0	2	3010	3	0	2920
AV98LHJ	263	Picture	2_44_Encoding_Working_Memory_MEG_P5_LR_Nonsalient_NoChange_CuedRetrieval_300_300_399_2100_3000_2550_gabor_patch_orientation_131_100_057_012_target_position_2_4_retrieval_position_4	3708041	0	1	1337	2	0	1250
AV98LHJ	263	Picture	Flicker2	3709378	1337	1	1337	3	1250	1250
AV98LHJ	263	Picture	Flicker3	3710715	2674	2	1338	3	2500	1250
AV98LHJ	264	Picture	Delay	3712220	0	1	21062	3	0	20920
AV98LHJ	265	Picture	2_44_Retrieval_Working_Memory_MEG_P5_LR_Nonsalient_NoChange_CuedRetrieval_retrieval_patch_orientation_012_retrieval_position_4	3733450	0	1	30089	2	0	29920
AV98LHJ	265	Response	10	3758549	25099	4
AV98LHJ	266	Picture	ITI	3763706	0	1	25576	2	0	25420
AV98LHJ	267	Picture	CueingCross	3789449	0	1	3009	2	0	2920
AV98LHJ	268	Picture	PrepTime	3792625	0	2	3009	3	0	2920
AV98LHJ	269	Picture	2_45_Encoding_Working_Memory_MEG_P5_LR_Nonsalient_NoChange_CuedRetrieval_300_300_399_1800_3000_1950_gabor_patch_orientation_129_110_057_020_target_position_1_4_retrieval_position_1	3795801	0	2	1338	3	0	1250
AV98LHJ	269	Picture	Flicker2	3797139	1338	1	1337	2	1250	1250
AV98LHJ	269	Picture	Flicker3	3798476	2675	1	1337	2	2500	1250
AV98LHJ	270	Picture	Delay	3799980	0	2	18054	3	0	17920
AV98LHJ	271	Picture	2_45_Retrieval_Working_Memory_MEG_P5_LR_Nonsalient_NoChange_CuedRetrieval_retrieval_patch_orientation_129_retrieval_position_1	3818201	0	2	30090	3	0	29920
AV98LHJ	271	Response	10	3836878	18677	4
AV98LHJ	272	Picture	ITI	3848458	0	1	19558	2	0	19420
AV98LHJ	273	Picture	CueingCross	3868183	0	1	3009	2	0	2920
AV98LHJ	274	Picture	PrepTime	3871359	0	1	3009	2	0	2920
AV98LHJ	275	Picture	2_46_Encoding_Working_Memory_MEG_P5_LR_Nonsalient_NoChange_CuedRetrieval_300_300_399_2200_3000_2200_gabor_patch_orientation_030_089_146_176_target_position_2_3_retrieval_position_3	3874535	0	1	1337	3	0	1250
AV98LHJ	275	Picture	Flicker2	3875872	1337	2	1338	3	1250	1250
AV98LHJ	275	Picture	Flicker3	3877210	2675	1	1337	2	2500	1250
AV98LHJ	276	Picture	Delay	3878714	0	2	22066	3	0	21920
AV98LHJ	277	Picture	2_46_Retrieval_Working_Memory_MEG_P5_LR_Nonsalient_NoChange_CuedRetrieval_retrieval_patch_orientation_146_retrieval_position_3	3900947	0	1	30089	2	0	29920
AV98LHJ	277	Response	20	3921827	20880	4
AV98LHJ	278	Picture	ITI	3931203	0	2	22066	3	0	21920
AV98LHJ	279	Picture	CueingCross	3953436	0	1	3009	2	0	2920
AV98LHJ	280	Picture	PrepTime	3956612	0	2	3009	3	0	2920
AV98LHJ	281	Picture	2_47_Encoding_Working_Memory_MEG_P5_LR_Nonsalient_NoChange_CuedRetrieval_300_300_399_1900_3000_1950_gabor_patch_orientation_001_089_050_028_target_position_1_4_retrieval_position_1	3959788	0	2	1338	3	0	1250
AV98LHJ	281	Picture	Flicker2	3961126	1338	1	1337	2	1250	1250
AV98LHJ	281	Picture	Flicker3	3962463	2675	1	1337	2	2500	1250
AV98LHJ	282	Picture	Delay	3963967	0	2	19057	3	0	18920
AV98LHJ	283	Picture	2_47_Retrieval_Working_Memory_MEG_P5_LR_Nonsalient_NoChange_CuedRetrieval_retrieval_patch_orientation_001_retrieval_position_1	3983191	0	1	30090	2	0	29920
AV98LHJ	283	Response	20	4001556	18365	3
AV98LHJ	284	Picture	ITI	4013448	0	1	19558	2	0	19420
AV98LHJ	285	Picture	CueingCross	4033173	0	1	3009	2	0	2920
AV98LHJ	286	Picture	PrepTime	4036349	0	1	3009	2	0	2920
AV98LHJ	287	Picture	2_48_Encoding_Working_Memory_MEG_P5_LR_Nonsalient_NoChange_UncuedRetriev_300_300_399_2000_3000_2200_gabor_patch_orientation_002_109_172_139_target_position_2_3_retrieval_position_4	4039525	0	1	1337	3	0	1250
AV98LHJ	287	Picture	Flicker2	4040862	1337	2	1338	3	1250	1250
AV98LHJ	287	Picture	Flicker3	4042200	2675	1	1337	2	2500	1250
AV98LHJ	288	Picture	Delay	4043704	0	1	20060	2	0	19920
AV98LHJ	289	Picture	2_48_Retrieval_Working_Memory_MEG_P5_LR_Nonsalient_NoChange_UncuedRetriev_retrieval_patch_orientation_139_retrieval_position_4	4063931	0	1	30089	2	0	29920
AV98LHJ	289	Response	10	4084915	20984	3
AV98LHJ	290	Picture	ITI	4094188	0	1	22065	2	0	21920
AV98LHJ	291	Picture	CueingCross	4116420	0	1	3009	2	0	2920
AV98LHJ	292	Picture	PrepTime	4119596	0	1	3009	2	0	2920
AV98LHJ	293	Picture	2_49_Encoding_Working_Memory_MEG_P5_LR_Nonsalient_DoChange_CuedRetrieval_300_300_399_1950_3000_2000_gabor_patch_orientation_108_063_126_083_target_position_3_4_retrieval_position_3	4122772	0	2	1338	3	0	1250
AV98LHJ	293	Picture	Flicker2	4124110	1338	1	1337	2	1250	1250
AV98LHJ	293	Picture	Flicker3	4125447	2675	1	1337	2	2500	1250
AV98LHJ	294	Picture	Delay	4126951	0	2	19559	3	0	19420
AV98LHJ	295	Picture	2_49_Retrieval_Working_Memory_MEG_P5_LR_Nonsalient_DoChange_CuedRetrieval_retrieval_patch_orientation_172_retrieval_position_3	4146677	0	1	30089	2	0	29920
AV98LHJ	295	Response	20	4166294	19617	3
AV98LHJ	296	Picture	ITI	4176933	0	1	20060	2	0	19920
AV98LHJ	297	Picture	CueingCross	4197160	0	1	3009	2	0	2920
AV98LHJ	298	Picture	PrepTime	4200336	0	1	3009	2	0	2920
AV98LHJ	299	Picture	2_50_Encoding_Working_Memory_MEG_P5_LR_Nonsalient_DoChange_CuedRetrieval_300_300_399_1850_3000_2000_gabor_patch_orientation_099_084_115_032_target_position_3_4_retrieval_position_4	4203512	0	1	1337	3	0	1250
AV98LHJ	299	Picture	Flicker2	4204849	1337	2	1338	3	1250	1250
AV98LHJ	299	Picture	Flicker3	4206187	2675	1	1337	2	2500	1250
AV98LHJ	300	Picture	Delay	4207691	0	1	18555	2	0	18420
AV98LHJ	301	Picture	2_50_Retrieval_Working_Memory_MEG_P5_LR_Nonsalient_DoChange_CuedRetrieval_retrieval_patch_orientation_172_retrieval_position_4	4226413	0	2	30090	3	0	29920
AV98LHJ	301	Response	20	4236233	9820	3
AV98LHJ	302	Picture	ITI	4256670	0	1	20060	2	0	19920
AV98LHJ	303	Picture	CueingCross	4276897	0	1	3009	2	0	2920
AV98LHJ	304	Picture	PrepTime	4280073	0	1	3009	2	0	2920
AV98LHJ	305	Picture	2_51_Encoding_Working_Memory_MEG_P5_LR_Nonsalient_NoChange_CuedRetrieval_300_300_399_2150_3000_1950_gabor_patch_orientation_057_107_090_124_target_position_1_3_retrieval_position_3	4283249	0	1	1337	2	0	1250
AV98LHJ	305	Picture	Flicker2	4284586	1337	1	1338	2	1250	1250
AV98LHJ	305	Picture	Flicker3	4285924	2675	1	1337	2	2500	1250
AV98LHJ	306	Picture	Delay	4287428	0	1	21564	2	0	21420
AV98LHJ	307	Picture	2_51_Retrieval_Working_Memory_MEG_P5_LR_Nonsalient_NoChange_CuedRetrieval_retrieval_patch_orientation_090_retrieval_position_3	4309159	0	1	30090	2	0	29920
AV98LHJ	307	Response	10	4319421	10262	4
AV98LHJ	308	Picture	ITI	4339416	0	1	19558	2	0	19420
AV98LHJ	309	Picture	CueingCross	4359141	0	1	3009	2	0	2920
AV98LHJ	310	Picture	PrepTime	4362317	0	1	3009	2	0	2920
AV98LHJ	311	Picture	2_52_Encoding_Working_Memory_MEG_P5_LR_Nonsalient_DoChange_CuedRetrieval_300_300_399_2200_3000_2150_gabor_patch_orientation_130_152_082_016_target_position_2_4_retrieval_position_2	4365493	0	1	1337	3	0	1250
AV98LHJ	311	Picture	Flicker2	4366830	1337	2	1338	3	1250	1250
AV98LHJ	311	Picture	Flicker3	4368168	2675	1	1337	2	2500	1250
AV98LHJ	312	Picture	Delay	4369672	0	2	22066	3	0	21920
AV98LHJ	313	Picture	2_52_Retrieval_Working_Memory_MEG_P5_LR_Nonsalient_DoChange_CuedRetrieval_retrieval_patch_orientation_105_retrieval_position_2	4391905	0	1	30089	2	0	29920
AV98LHJ	313	Response	10	4410170	18265	4
AV98LHJ	314	Picture	ITI	4422161	0	2	21564	4	0	21420
AV98LHJ	315	Picture	CueingCross	4443893	0	1	3009	2	0	2920
AV98LHJ	316	Picture	PrepTime	4447069	0	1	3009	2	0	2920
AV98LHJ	317	Picture	2_53_Encoding_Working_Memory_MEG_P5_LR_Nonsalient_NoChange_UncuedRetriev_300_300_399_1800_3000_2050_gabor_patch_orientation_055_013_082_029_target_position_2_4_retrieval_position_1	4450245	0	1	1337	2	0	1250
AV98LHJ	317	Picture	Flicker2	4451582	1337	1	1337	3	1250	1250
AV98LHJ	317	Picture	Flicker3	4452919	2674	2	1338	3	2500	1250
AV98LHJ	318	Picture	Delay	4454424	0	1	18054	2	0	17920
AV98LHJ	319	Picture	2_53_Retrieval_Working_Memory_MEG_P5_LR_Nonsalient_NoChange_UncuedRetriev_retrieval_patch_orientation_055_retrieval_position_1	4472645	0	1	30089	2	0	29920
AV98LHJ	319	Response	20	4486079	13434	4
AV98LHJ	320	Picture	ITI	4502901	0	2	20561	3	0	20420
AV98LHJ	321	Picture	CueingCross	4523629	0	2	3009	4	0	2920
AV98LHJ	322	Picture	PrepTime	4526806	0	1	3009	2	0	2920
AV98LHJ	323	Picture	2_54_Encoding_Working_Memory_MEG_P5_LR_Nonsalient_NoChange_CuedRetrieval_300_300_399_1900_3000_2350_gabor_patch_orientation_004_092_171_120_target_position_1_2_retrieval_position_2	4529982	0	1	1337	2	0	1250
AV98LHJ	323	Picture	Flicker2	4531319	1337	1	1337	2	1250	1250
AV98LHJ	323	Picture	Flicker3	4532656	2674	1	1338	2	2500	1250
AV98LHJ	324	Picture	Delay	4534161	0	1	19056	2	0	18920
AV98LHJ	325	Picture	2_54_Retrieval_Working_Memory_MEG_P5_LR_Nonsalient_NoChange_CuedRetrieval_retrieval_patch_orientation_092_retrieval_position_2	4553384	0	2	30090	3	0	29920
AV98LHJ	325	Response	10	4565488	12104	3
AV98LHJ	326	Picture	ITI	4583641	0	1	23570	2	0	23420
AV98LHJ	327	Picture	CueingCross	4607378	0	1	3009	2	0	2920
AV98LHJ	328	Picture	PrepTime	4610554	0	2	3009	3	0	2920
AV98LHJ	329	Picture	2_55_Encoding_Working_Memory_MEG_P5_LR_Nonsalient_NoChange_CuedRetrieval_300_300_399_1800_3000_2400_gabor_patch_orientation_127_040_092_008_target_position_1_3_retrieval_position_1	4613730	0	2	1338	4	0	1250
AV98LHJ	329	Picture	Flicker2	4615068	1338	2	1337	3	1250	1250
AV98LHJ	329	Picture	Flicker3	4616405	2675	1	1337	2	2500	1250
AV98LHJ	330	Picture	Delay	4617909	0	2	18054	3	0	17920
AV98LHJ	331	Picture	2_55_Retrieval_Working_Memory_MEG_P5_LR_Nonsalient_NoChange_CuedRetrieval_retrieval_patch_orientation_127_retrieval_position_1	4636130	0	1	30090	2	0	29920
AV98LHJ	331	Response	10	4646817	10687	3
AV98LHJ	332	Picture	ITI	4666387	0	1	24071	2	0	23920
AV98LHJ	333	Picture	CueingCross	4690625	0	2	3009	3	0	2920
AV98LHJ	334	Picture	PrepTime	4693801	0	2	3009	4	0	2920
AV98LHJ	335	Picture	2_56_Encoding_Working_Memory_MEG_P5_LR_Nonsalient_DoChange_UncuedRetriev_300_300_399_2000_3000_2500_gabor_patch_orientation_136_020_152_079_target_position_1_4_retrieval_position_3	4696978	0	1	1337	2	0	1250
AV98LHJ	335	Picture	Flicker2	4698315	1337	1	1337	2	1250	1250
AV98LHJ	335	Picture	Flicker3	4699652	2674	1	1338	2	2500	1250
AV98LHJ	336	Picture	Delay	4701157	0	1	20059	2	0	19920
AV98LHJ	337	Picture	2_56_Retrieval_Working_Memory_MEG_P5_LR_Nonsalient_DoChange_UncuedRetriev_retrieval_patch_orientation_103_retrieval_position_3	4721383	0	2	30090	3	0	29920
AV98LHJ	337	Response	20	4739416	18033	3
AV98LHJ	338	Picture	ITI	4751640	0	1	25074	2	0	24920
AV98LHJ	339	Picture	CueingCross	4776882	0	1	3008	3	0	2920
AV98LHJ	340	Picture	PrepTime	4780058	0	1	3009	2	0	2920
AV98LHJ	341	Picture	2_57_Encoding_Working_Memory_MEG_P5_LR_Nonsalient_DoChange_CuedRetrieval_300_300_399_1950_3000_2100_gabor_patch_orientation_092_125_061_036_target_position_2_4_retrieval_position_2	4783234	0	1	1337	2	0	1250
AV98LHJ	341	Picture	Flicker2	4784571	1337	1	1337	2	1250	1250
AV98LHJ	341	Picture	Flicker3	4785908	2674	1	1338	2	2500	1250
AV98LHJ	342	Picture	Delay	4787413	0	1	19558	2	0	19420
AV98LHJ	343	Picture	2_57_Retrieval_Working_Memory_MEG_P5_LR_Nonsalient_DoChange_CuedRetrieval_retrieval_patch_orientation_174_retrieval_position_2	4807138	0	1	30089	3	0	29920
AV98LHJ	343	Response	20	4815674	8536	4
AV98LHJ	344	Picture	ITI	4837395	0	1	21062	2	0	20920
AV98LHJ	345	Picture	CueingCross	4858624	0	2	3009	3	0	2920
AV98LHJ	346	Picture	PrepTime	4861800	0	2	3009	3	0	2920
AV98LHJ	347	Picture	2_58_Encoding_Working_Memory_MEG_P5_LR_Nonsalient_DoChange_CuedRetrieval_300_300_399_2050_3000_2500_gabor_patch_orientation_173_061_115_092_target_position_3_4_retrieval_position_4	4864976	0	2	1338	3	0	1250
AV98LHJ	347	Picture	Flicker2	4866314	1338	1	1337	2	1250	1250
AV98LHJ	347	Picture	Flicker3	4867651	2675	1	1337	2	2500	1250
AV98LHJ	348	Picture	Delay	4869156	0	1	20561	2	0	20420
AV98LHJ	349	Picture	2_58_Retrieval_Working_Memory_MEG_P5_LR_Nonsalient_DoChange_CuedRetrieval_retrieval_patch_orientation_140_retrieval_position_4	4889884	0	1	30089	2	0	29920
AV98LHJ	349	Response	20	4898193	8309	4
AV98LHJ	350	Picture	ITI	4920140	0	2	25075	3	0	24920
AV98LHJ	351	Picture	CueingCross	4945382	0	1	3009	2	0	2920
AV98LHJ	352	Picture	PrepTime	4948558	0	1	3009	2	0	2920
AV98LHJ	353	Picture	2_59_Encoding_Working_Memory_MEG_P5_LR_Nonsalient_NoChange_CuedRetrieval_300_300_399_2200_3000_2300_gabor_patch_orientation_176_018_098_138_target_position_1_3_retrieval_position_3	4951734	0	1	1337	3	0	1250
AV98LHJ	353	Picture	Flicker2	4953071	1337	2	1338	3	1250	1250
AV98LHJ	353	Picture	Flicker3	4954409	2675	1	1337	2	2500	1250
AV98LHJ	354	Picture	Delay	4955913	0	1	22066	2	0	21920
AV98LHJ	355	Picture	2_59_Retrieval_Working_Memory_MEG_P5_LR_Nonsalient_NoChange_CuedRetrieval_retrieval_patch_orientation_098_retrieval_position_3	4978146	0	1	30089	2	0	29920
AV98LHJ	355	Response	10	4991062	12916	4
AV98LHJ	356	Picture	ITI	5008402	0	2	23069	3	0	22920
AV98LHJ	357	Picture	CueingCross	5031638	0	1	3009	2	0	2920
AV98LHJ	358	Picture	PrepTime	5034814	0	1	3009	2	0	2920
AV98LHJ	359	Picture	2_60_Encoding_Working_Memory_MEG_P5_LR_Nonsalient_NoChange_CuedRetrieval_300_300_399_2050_3000_2000_gabor_patch_orientation_056_171_032_097_target_position_2_4_retrieval_position_2	5037990	0	2	1338	3	0	1250
AV98LHJ	359	Picture	Flicker2	5039328	1338	1	1337	2	1250	1250
AV98LHJ	359	Picture	Flicker3	5040665	2675	1	1337	2	2500	1250
AV98LHJ	360	Picture	Delay	5042169	0	2	20561	4	0	20420
AV98LHJ	361	Picture	2_60_Retrieval_Working_Memory_MEG_P5_LR_Nonsalient_NoChange_CuedRetrieval_retrieval_patch_orientation_171_retrieval_position_2	5062898	0	1	30089	2	0	29920
AV98LHJ	361	Response	10	5079621	16723	3
AV98LHJ	362	Picture	ITI	5093154	0	1	20060	2	0	19920
AV98LHJ	363	Picture	CueingCross	5113381	0	1	3009	2	0	2920
AV98LHJ	364	Picture	PrepTime	5116557	0	1	3009	2	0	2920
AV98LHJ	365	Picture	2_61_Encoding_Working_Memory_MEG_P5_LR_Nonsalient_NoChange_CuedRetrieval_300_300_399_2250_3000_2300_gabor_patch_orientation_061_035_148_083_target_position_2_4_retrieval_position_2	5119733	0	1	1337	2	0	1250
AV98LHJ	365	Picture	Flicker2	5121070	1337	1	1338	2	1250	1250
AV98LHJ	365	Picture	Flicker3	5122408	2675	1	1337	2	2500	1250
AV98LHJ	366	Picture	Delay	5123912	0	1	22567	2	0	22420
AV98LHJ	367	Picture	2_61_Retrieval_Working_Memory_MEG_P5_LR_Nonsalient_NoChange_CuedRetrieval_retrieval_patch_orientation_035_retrieval_position_2	5146646	0	2	30090	3	0	29920
AV98LHJ	367	Response	10	5164080	17434	3
AV98LHJ	368	Picture	ITI	5176903	0	1	23068	2	0	22920
AV98LHJ	369	Picture	CueingCross	5200138	0	2	3009	3	0	2920
AV98LHJ	370	Picture	PrepTime	5203315	0	1	3008	3	0	2920
AV98LHJ	371	Picture	2_62_Encoding_Working_Memory_MEG_P5_LR_Nonsalient_NoChange_UncuedRetriev_300_300_399_1750_3000_2150_gabor_patch_orientation_124_053_083_068_target_position_3_4_retrieval_position_2	5206491	0	1	1337	2	0	1250
AV98LHJ	371	Picture	Flicker2	5207828	1337	1	1337	2	1250	1250
AV98LHJ	371	Picture	Flicker3	5209165	2674	1	1338	2	2500	1250
AV98LHJ	372	Picture	Delay	5210670	0	1	17552	2	0	17420
AV98LHJ	373	Picture	2_62_Retrieval_Working_Memory_MEG_P5_LR_Nonsalient_NoChange_UncuedRetriev_retrieval_patch_orientation_053_retrieval_position_2	5228389	0	1	30089	2	0	29920
AV98LHJ	373	Response	10	5246368	17979	4
AV98LHJ	374	Picture	ITI	5258645	0	2	21565	3	0	21420
AV98LHJ	375	Picture	CueingCross	5280377	0	1	3009	2	0	2920
AV98LHJ	376	Picture	PrepTime	5283553	0	1	3009	2	0	2920
AV98LHJ	377	Picture	2_63_Encoding_Working_Memory_MEG_P5_LR_Nonsalient_DoChange_CuedRetrieval_300_300_399_1900_3000_2600_gabor_patch_orientation_048_094_066_155_target_position_2_4_retrieval_position_4	5286729	0	1	1337	2	0	1250
AV98LHJ	377	Picture	Flicker2	5288066	1337	1	1338	2	1250	1250
AV98LHJ	377	Picture	Flicker3	5289404	2675	1	1337	2	2500	1250
AV98LHJ	378	Picture	Delay	5290908	0	1	19057	2	0	18920
AV98LHJ	379	Picture	2_63_Retrieval_Working_Memory_MEG_P5_LR_Nonsalient_DoChange_CuedRetrieval_retrieval_patch_orientation_016_retrieval_position_4	5310132	0	1	30089	2	0	29920
AV98LHJ	379	Response	20	5326317	16185	4
AV98LHJ	380	Picture	ITI	5340388	0	2	26078	3	0	25920
AV98LHJ	381	Picture	CueingCross	5366633	0	1	3009	2	0	2920
AV98LHJ	382	Picture	PrepTime	5369809	0	1	3009	2	0	2920
AV98LHJ	383	Picture	2_64_Encoding_Working_Memory_MEG_P5_LR_Nonsalient_DoChange_CuedRetrieval_300_300_399_1850_3000_2350_gabor_patch_orientation_081_159_098_135_target_position_2_4_retrieval_position_2	5372985	0	1	1337	2	0	1250
AV98LHJ	383	Picture	Flicker2	5374322	1337	1	1338	2	1250	1250
AV98LHJ	383	Picture	Flicker3	5375660	2675	1	1337	2	2500	1250
AV98LHJ	384	Picture	Delay	5377164	0	1	18555	2	0	18420
AV98LHJ	385	Picture	2_64_Retrieval_Working_Memory_MEG_P5_LR_Nonsalient_DoChange_CuedRetrieval_retrieval_patch_orientation_022_retrieval_position_2	5395886	0	2	30090	3	0	29920
AV98LHJ	385	Response	20	5416726	20840	3
AV98LHJ	386	Picture	ITI	5426143	0	1	23570	2	0	23420
AV98LHJ	387	Picture	CueingCross	5449880	0	1	3009	2	0	2920
AV98LHJ	388	Picture	PrepTime	5453056	0	1	3009	2	0	2920
AV98LHJ	389	Picture	2_65_Encoding_Working_Memory_MEG_P5_LR_Nonsalient_DoChange_UncuedRetriev_300_300_399_2100_3000_2550_gabor_patch_orientation_014_149_086_164_target_position_1_2_retrieval_position_3	5456232	0	2	1338	3	0	1250
AV98LHJ	389	Picture	Flicker2	5457570	1338	1	1337	2	1250	1250
AV98LHJ	389	Picture	Flicker3	5458907	2675	1	1337	2	2500	1250
AV98LHJ	390	Picture	Delay	5460411	0	2	21063	3	0	20920
AV98LHJ	391	Picture	2_65_Retrieval_Working_Memory_MEG_P5_LR_Nonsalient_DoChange_UncuedRetriev_retrieval_patch_orientation_041_retrieval_position_3	5481641	0	1	30089	3	0	29920
AV98LHJ	391	Response	20	5492095	10454	3
AV98LHJ	392	Picture	ITI	5511898	0	1	25576	2	0	25420
AV98LHJ	393	Picture	CueingCross	5537641	0	1	3009	2	0	2920
AV98LHJ	394	Picture	PrepTime	5540817	0	1	3009	2	0	2920
AV98LHJ	395	Picture	2_66_Encoding_Working_Memory_MEG_P5_LR_Nonsalient_NoChange_CuedRetrieval_300_300_399_2000_3000_2250_gabor_patch_orientation_135_179_161_120_target_position_1_2_retrieval_position_1	5543993	0	1	1337	2	0	1250
AV98LHJ	395	Picture	Flicker2	5545330	1337	1	1338	2	1250	1250
AV98LHJ	395	Picture	Flicker3	5546668	2675	1	1337	2	2500	1250
AV98LHJ	396	Picture	Delay	5548172	0	1	20060	2	0	19920
AV98LHJ	397	Picture	2_66_Retrieval_Working_Memory_MEG_P5_LR_Nonsalient_NoChange_CuedRetrieval_retrieval_patch_orientation_135_retrieval_position_1	5568399	0	1	30089	2	0	29920
AV98LHJ	397	Response	20	5582214	13815	3
AV98LHJ	398	Picture	ITI	5598655	0	2	22567	3	0	22420
AV98LHJ	399	Picture	CueingCross	5621389	0	2	3009	3	0	2920
AV98LHJ	400	Picture	PrepTime	5624566	0	1	3008	3	0	2920
AV98LHJ	401	Picture	2_67_Encoding_Working_Memory_MEG_P5_LR_Nonsalient_NoChange_CuedRetrieval_300_300_399_1850_3000_2400_gabor_patch_orientation_058_031_078_136_target_position_2_4_retrieval_position_4	5627742	0	1	1337	2	0	1250
AV98LHJ	401	Picture	Flicker2	5629079	1337	1	1337	2	1250	1250
AV98LHJ	401	Picture	Flicker3	5630416	2674	1	1337	3	2500	1250
AV98LHJ	402	Picture	Delay	5631921	0	1	18555	2	0	18420
AV98LHJ	403	Picture	2_67_Retrieval_Working_Memory_MEG_P5_LR_Nonsalient_NoChange_CuedRetrieval_retrieval_patch_orientation_136_retrieval_position_4	5650643	0	1	30089	2	0	29920
AV98LHJ	403	Response	10	5659103	8460	3
AV98LHJ	404	Picture	ITI	5680899	0	2	24072	3	0	23920
AV98LHJ	405	Picture	CueingCross	5705138	0	1	3009	2	0	2920
AV98LHJ	406	Picture	PrepTime	5708314	0	1	3009	2	0	2920
AV98LHJ	407	Picture	2_68_Encoding_Working_Memory_MEG_P5_LR_Nonsalient_DoChange_CuedRetrieval_300_300_399_2150_3000_1950_gabor_patch_orientation_156_129_088_046_target_position_2_4_retrieval_position_2	5711490	0	2	1338	3	0	1250
AV98LHJ	407	Picture	Flicker2	5712828	1338	1	1337	2	1250	1250
AV98LHJ	407	Picture	Flicker3	5714165	2675	1	1337	2	2500	1250
AV98LHJ	408	Picture	Delay	5715669	0	2	21564	4	0	21420
AV98LHJ	409	Picture	2_68_Retrieval_Working_Memory_MEG_P5_LR_Nonsalient_DoChange_CuedRetrieval_retrieval_patch_orientation_176_retrieval_position_2	5737401	0	1	30089	2	0	29920
AV98LHJ	409	Response	20	5758031	20630	4
AV98LHJ	410	Picture	ITI	5767657	0	1	19558	2	0	19420
AV98LHJ	411	Picture	CueingCross	5787382	0	2	3009	3	0	2920
AV98LHJ	412	Picture	PrepTime	5790558	0	2	3009	3	0	2920
AV98LHJ	413	Picture	2_69_Encoding_Working_Memory_MEG_P5_LR_Nonsalient_NoChange_UncuedRetriev_300_300_399_2100_3000_2000_gabor_patch_orientation_080_118_095_012_target_position_1_3_retrieval_position_2	5793735	0	1	1337	2	0	1250
AV98LHJ	413	Picture	Flicker2	5795072	1337	1	1337	2	1250	1250
AV98LHJ	413	Picture	Flicker3	5796409	2674	1	1337	3	2500	1250
AV98LHJ	414	Picture	Delay	5797914	0	1	21062	2	0	20920
AV98LHJ	415	Picture	2_69_Retrieval_Working_Memory_MEG_P5_LR_Nonsalient_NoChange_UncuedRetriev_retrieval_patch_orientation_118_retrieval_position_2	5819143	0	2	30090	3	0	29920
AV98LHJ	415	Response	20	5828200	9057	4
AV98LHJ	416	Picture	ITI	5849400	0	1	20059	3	0	19920
AV98LHJ	417	Picture	CueingCross	5869627	0	1	3009	2	0	2920
AV98LHJ	418	Picture	PrepTime	5872803	0	1	3009	2	0	2920
AV98LHJ	419	Picture	2_70_Encoding_Working_Memory_MEG_P5_LR_Nonsalient_DoChange_CuedRetrieval_300_300_399_2100_3000_2150_gabor_patch_orientation_061_143_175_036_target_position_2_4_retrieval_position_4	5875979	0	1	1337	2	0	1250
AV98LHJ	419	Picture	Flicker2	5877316	1337	1	1337	3	1250	1250
AV98LHJ	419	Picture	Flicker3	5878653	2674	2	1338	3	2500	1250
AV98LHJ	420	Picture	Delay	5880158	0	1	21062	3	0	20920
AV98LHJ	421	Picture	2_70_Retrieval_Working_Memory_MEG_P5_LR_Nonsalient_DoChange_CuedRetrieval_retrieval_patch_orientation_085_retrieval_position_4	5901388	0	1	30089	2	0	29920
AV98LHJ	421	Response	10	5913599	12211	3
AV98LHJ	422	Picture	ITI	5931644	0	1	21564	2	0	21420
AV98LHJ	423	Picture	BaselinePost	5953375	0	2	50149	3	0	50000
