Scenario - ATWM1_Working_Memory_MEG_nonsalient_cued_instruction
Logfile written - 02/18/2016 16:48:41

Subject	Trial	Event Type	Code	Time	TTime	Uncertainty	Duration	Uncertainty	ReqTime	ReqDur

AV98LHJ	1	Picture	Instruction_NS_C	29	0	2	100131	3	0	100000
AV98LHJ	2	Picture	Instruction2	100327	0	1	100131	2	0	100000
AV98LHJ	3	Picture	Instruction3	200625	0	1	24239	2	0	resp
AV98LHJ	3	Response	10	224798	24173	4
AV98LHJ	4	Picture	Instruction4	244923	0	1	5182	2	0	resp
AV98LHJ	4	Response	20	250048	5125	4
AV98LHJ	5	Picture	Instruction5	270165	0	1	5850	3	0	resp
AV98LHJ	5	Response	10	275898	5733	3
AV98LHJ	6	Picture	Instruction4	296075	0	1	6686	3	0	resp
AV98LHJ	6	Response	20	302617	6542	4
AV98LHJ	7	Picture	Instruction3	322654	0	1	6185	2	0	resp
AV98LHJ	7	Response	10	328817	6163	3
AV98LHJ	8	Picture	Instruction4	348899	0	1	5683	2	0	resp
AV98LHJ	8	Response	20	354536	5637	4
AV98LHJ	9	Picture	Instruction_NS_C_TestTrials	374642	0	1	100130	2	0	100000
AV98LHJ	10	Picture	BaselinePre	474940	0	1	20059	2	0	20000
AV98LHJ	11	Picture	CueingCross	495166	0	1	3009	2	0	2920
AV98LHJ	12	Picture	PrepTime	498342	0	2	3009	3	0	2920
AV98LHJ	13	Picture	2_1_Encoding_Working_Memory_MEG_P5_LR_Nonsalient_DoChange_CuedRetrieval_300_300_399_1750_3000_1900_gabor_patch_orientation_045_113_030_094_target_position_3_4_retrieval_position_3	501518	0	2	1338	3	0	1250
AV98LHJ	13	Picture	Flicker2	502856	1338	1	1337	2	1250	1250
AV98LHJ	13	Picture	Flicker3	504193	2675	1	1337	3	2500	1250
AV98LHJ	14	Picture	Delay	505698	0	1	17552	2	0	17420
AV98LHJ	15	Picture	2_1_Retrieval_Working_Memory_MEG_P5_LR_Nonsalient_DoChange_CuedRetrieval_retrieval_patch_orientation_077_retrieval_position_3	523417	0	1	30089	2	0	29920
AV98LHJ	15	Response	20	534124	10707	3
AV98LHJ	16	Picture	ITI	573566	0	1	19056	2	0	18920
AV98LHJ	17	Picture	CueingCross	592790	0	1	3008	3	0	2920
AV98LHJ	18	Picture	PrepTime	595966	0	1	3009	2	0	2920
AV98LHJ	19	Picture	2_2_Encoding_Working_Memory_MEG_P5_LR_Nonsalient_NoChange_CuedRetrieval_300_300_399_1850_3000_2050_gabor_patch_orientation_179_064_146_008_target_position_1_2_retrieval_position_1	599142	0	1	1337	2	0	1250
AV98LHJ	19	Picture	Flicker2	600479	1337	1	1337	2	1250	1250
AV98LHJ	19	Picture	Flicker3	601816	2674	1	1338	2	2500	1250
AV98LHJ	20	Picture	Delay	603321	0	1	18555	2	0	18420
AV98LHJ	21	Picture	2_2_Retrieval_Working_Memory_MEG_P5_LR_Nonsalient_NoChange_CuedRetrieval_retrieval_patch_orientation_179_retrieval_position_1	622043	0	1	30089	3	0	29920
AV98LHJ	21	Response	10	647302	25259	4
AV98LHJ	22	Picture	ITI	672192	0	1	20561	2	0	20420
AV98LHJ	23	Picture	CueingCross	692920	0	1	3009	2	0	2920
AV98LHJ	24	Picture	PrepTime	696096	0	2	3009	4	0	2920
AV98LHJ	25	Picture	2_3_Encoding_Working_Memory_MEG_P5_LR_Nonsalient_NoChange_CuedRetrieval_300_300_399_1900_3000_2000_gabor_patch_orientation_108_048_091_001_target_position_3_4_retrieval_position_3	699272	0	2	1338	3	0	1250
AV98LHJ	25	Picture	Flicker2	700610	1338	1	1337	2	1250	1250
AV98LHJ	25	Picture	Flicker3	701947	2675	1	1337	2	2500	1250
AV98LHJ	26	Picture	Delay	703452	0	1	19056	2	0	18920
AV98LHJ	27	Picture	2_3_Retrieval_Working_Memory_MEG_P5_LR_Nonsalient_NoChange_CuedRetrieval_retrieval_patch_orientation_091_retrieval_position_3	722675	0	2	30090	3	0	29920
AV98LHJ	27	Response	10	746901	24226	3
AV98LHJ	28	Picture	ITI	772824	0	1	20060	2	0	19920
AV98LHJ	29	Picture	CueingCross	793051	0	1	3009	2	0	2920
AV98LHJ	30	Picture	PrepTime	796227	0	1	3009	2	0	2920
AV98LHJ	31	Picture	2_4_Encoding_Working_Memory_MEG_P5_LR_Nonsalient_DoChange_CuedRetrieval_300_300_399_1800_3000_1950_gabor_patch_orientation_161_139_016_054_target_position_1_2_retrieval_position_2	799403	0	1	1337	3	0	1250
AV98LHJ	31	Picture	Flicker2	800740	1337	2	1338	3	1250	1250
AV98LHJ	31	Picture	Flicker3	802078	2675	1	1337	2	2500	1250
AV98LHJ	32	Picture	Delay	803582	0	1	18054	2	0	17920
AV98LHJ	33	Picture	2_4_Retrieval_Working_Memory_MEG_P5_LR_Nonsalient_DoChange_CuedRetrieval_retrieval_patch_orientation_091_retrieval_position_2	821803	0	1	30089	2	0	29920
AV98LHJ	33	Response	20	827120	5317	3
AV98LHJ	34	Picture	ITI	871952	0	1	19558	2	0	19420
AV98LHJ	35	Picture	BaselinePost	891677	0	1	20060	2	0	20000
AV98LHJ	36	Picture	Instruction_NS_C	911904	0	1	50149	2	0	50000
