Scenario - ATWM1_Working_Memory_MEG_nonsalient_uncued_instruction
Logfile written - 02/10/2016 09:34:52

Subject	Trial	Event Type	Code	Time	TTime	Uncertainty	Duration	Uncertainty	ReqTime	ReqDur

HK61CTP	1	Picture	Instruction_NS_UC	29	0	1	100129	2	0	100000
HK61CTP	2	Picture	Instruction2	100325	0	1	100129	2	0	100000
HK61CTP	2	Response	10	172562	72237	3
HK61CTP	3	Picture	Instruction3	200621	0	2	12537	4	0	resp
HK61CTP	3	Response	10	213011	12390	3
HK61CTP	4	Picture	Instruction4	233051	0	1	3677	2	0	resp
HK61CTP	4	Response	20	236690	3639	4
HK61CTP	4A	Response	10	255749	19055	4
HK61CTP	5	Picture	Instruction5	256787	0	1	5015	2	0	resp
HK61CTP	5	Response	10	261629	4842	3
HK61CTP	6	Picture	Instruction4	281694	0	1	1839	3	0	resp
HK61CTP	6	Response	20	283438	1744	4
HK61CTP	7	Picture	Instruction3	303592	0	1	836	2	0	resp
HK61CTP	7	Response	10	304398	806	4
HK61CTP	7A	Response	20	323477	19075	4
HK61CTP	8	Picture	Instruction4	324487	0	1	4514	2	0	resp
HK61CTP	8	Response	20	328867	4380	3
HK61CTP	9	Picture	Instruction_NS_UC_TestTrials	348893	0	1	100129	2	0	100000
HK61CTP	10	Picture	BaselinePre	449189	0	1	20059	2	0	20000
HK61CTP	11	Picture	CueingCross	469415	0	2	3009	4	0	2920
HK61CTP	12	Picture	PrepTime	472591	0	2	3009	3	0	2920
HK61CTP	13	Picture	2_1_Encoding_Working_Memory_MEG_P3_LR_Nonsalient_NoChange_CuedRetrieval_300_300_399_1900_3000_2000_gabor_patch_orientation_177_046_157_124_target_position_1_2_retrieval_position_2	475767	0	2	1338	3	0	1250
HK61CTP	13	Picture	Flicker2	477105	1338	1	1337	2	1250	1250
HK61CTP	13	Picture	Flicker3	478442	2675	1	1337	2	2500	1250
HK61CTP	14	Picture	Delay	479946	0	2	19057	3	0	18920
HK61CTP	15	Picture	2_1_Retrieval_Working_Memory_MEG_P3_LR_Nonsalient_NoChange_CuedRetrieval_retrieval_patch_orientation_046_retrieval_position_2	499170	0	1	30089	2	0	29920
HK61CTP	15	Response	10	508681	9511	4
HK61CTP	15	Response	10	518641	19471	3
HK61CTP	16	Picture	ITI	549318	0	1	20059	2	0	19920
HK61CTP	17	Picture	CueingCross	569544	0	2	3009	3	0	2920
HK61CTP	18	Picture	PrepTime	572720	0	2	3009	3	0	2920
HK61CTP	19	Picture	2_2_Encoding_Working_Memory_MEG_P3_LR_Nonsalient_NoChange_CuedRetrieval_300_300_399_1750_3000_1950_gabor_patch_orientation_086_163_053_121_target_position_2_3_retrieval_position_3	575896	0	2	1338	3	0	1250
HK61CTP	19	Picture	Flicker2	577234	1338	1	1337	2	1250	1250
HK61CTP	19	Picture	Flicker3	578571	2675	1	1337	2	2500	1250
HK61CTP	20	Picture	Delay	580075	0	2	17552	3	0	17420
HK61CTP	21	Picture	2_2_Retrieval_Working_Memory_MEG_P3_LR_Nonsalient_NoChange_CuedRetrieval_retrieval_patch_orientation_053_retrieval_position_3	597794	0	2	30089	3	0	29920
HK61CTP	21	Response	20	612828	15034	4
HK61CTP	22	Picture	ITI	647943	0	1	19557	2	0	19420
HK61CTP	23	Picture	CueingCross	667668	0	1	3008	3	0	2920
HK61CTP	24	Picture	PrepTime	670844	0	1	3008	3	0	2920
HK61CTP	25	Picture	2_3_Encoding_Working_Memory_MEG_P3_LR_Nonsalient_DoChange_CuedRetrieval_300_300_399_1850_3000_2050_gabor_patch_orientation_142_080_117_033_target_position_3_4_retrieval_position_3	674020	0	1	1337	2	0	1250
HK61CTP	25	Picture	Flicker2	675357	1337	1	1337	2	1250	1250
HK61CTP	25	Picture	Flicker3	676694	2674	1	1337	3	2500	1250
HK61CTP	26	Picture	Delay	678199	0	1	18554	3	0	18420
HK61CTP	27	Picture	2_3_Retrieval_Working_Memory_MEG_P3_LR_Nonsalient_DoChange_CuedRetrieval_retrieval_patch_orientation_165_retrieval_position_3	696921	0	1	30088	3	0	29920
HK61CTP	27	Response	20	706985	10064	4
HK61CTP	28	Picture	ITI	747069	0	1	20560	3	0	20420
HK61CTP	29	Picture	CueingCross	767797	0	1	3008	3	0	2920
HK61CTP	30	Picture	PrepTime	770973	0	1	3009	2	0	2920
HK61CTP	31	Picture	2_4_Encoding_Working_Memory_MEG_P3_LR_Nonsalient_DoChange_CuedRetrieval_300_300_399_1800_3000_1900_gabor_patch_orientation_109_176_087_004_target_position_1_2_retrieval_position_2	774149	0	1	1337	2	0	1250
HK61CTP	31	Picture	Flicker2	775486	1337	1	1337	2	1250	1250
HK61CTP	31	Picture	Flicker3	776823	2674	1	1338	2	2500	1250
HK61CTP	32	Picture	Delay	778328	0	1	18053	2	0	17920
HK61CTP	33	Picture	2_4_Retrieval_Working_Memory_MEG_P3_LR_Nonsalient_DoChange_CuedRetrieval_retrieval_patch_orientation_037_retrieval_position_2	796548	0	1	30089	2	0	29920
HK61CTP	33	Response	20	809442	12894	4
HK61CTP	34	Picture	ITI	846696	0	2	19057	3	0	18920
HK61CTP	35	Picture	BaselinePost	865920	0	1	20059	2	0	20000
HK61CTP	36	Picture	Instruction_NS_UC	886146	0	1	50148	2	0	50000
