Scenario - ATWM1_Working_Memory_MEG_salient_cued_instruction
Logfile written - 02/10/2016 10:13:26

Subject	Trial	Event Type	Code	Time	TTime	Uncertainty	Duration	Uncertainty	ReqTime	ReqDur

HK61CTP	1	Picture	Instruction_S_C	29	0	1	100129	2	0	100000
HK61CTP	1	Response	20	98676	98647	4
HK61CTP	2	Picture	Instruction2	100325	0	1	100129	2	0	100000
HK61CTP	2	Response	20	173274	72949	4
HK61CTP	3	Picture	Instruction3	200621	0	1	37110	2	0	resp
HK61CTP	3	Response	10	237592	36971	4
HK61CTP	4	Picture	Instruction4	257623	0	1	3677	2	0	resp
HK61CTP	4	Response	20	261161	3538	4
HK61CTP	5	Picture	Instruction5	281192	0	1	2173	2	0	resp
HK61CTP	5	Response	10	283181	1989	3
HK61CTP	5A	Response	20	302670	19486	3
HK61CTP	6	Picture	Instruction4	303257	0	2	6687	3	0	resp
HK61CTP	6	Response	20	309910	6653	3
HK61CTP	7	Picture	Instruction3	330003	0	1	10364	2	0	resp
HK61CTP	7	Response	10	340229	10226	3
HK61CTP	8	Picture	Instruction4	360259	0	1	6185	2	0	resp
HK61CTP	8	Response	20	366348	6089	4
HK61CTP	9	Picture	Instruction_S_C_TestTrials	386503	0	1	100129	2	0	100000
HK61CTP	10	Picture	BaselinePre	486799	0	2	20060	3	0	20000
HK61CTP	11	Picture	CueingCross	507026	0	1	3009	2	0	2920
HK61CTP	12	Picture	PrepTime	510202	0	1	3009	2	0	2920
HK61CTP	13	Picture	2_1_Encoding_Working_Memory_MEG_P3_LR_Salient_DoChange_CuedRetrieval_300_300_399_1850_3000_1950_gabor_patch_orientation_054_089_005_163_target_position_3_4_retrieval_position_4	513378	0	1	1337	2	0	1250
HK61CTP	13	Picture	Flicker2	514715	1337	1	1338	2	1250	1250
HK61CTP	13	Picture	Flicker3	516053	2675	1	1337	2	2500	1250
HK61CTP	14	Picture	Delay	517557	0	1	18555	2	0	18420
HK61CTP	15	Picture	2_1_Retrieval_Working_Memory_MEG_P3_LR_Salient_DoChange_CuedRetrieval_retrieval_patch_orientation_023_retrieval_position_4	536279	0	1	30089	2	0	29920
HK61CTP	15	Response	20	549023	12744	3
HK61CTP	16	Picture	ITI	586427	0	1	19558	2	0	19420
HK61CTP	17	Picture	CueingCross	606152	0	1	3009	2	0	2920
HK61CTP	18	Picture	PrepTime	609328	0	1	3009	2	0	2920
HK61CTP	19	Picture	2_2_Encoding_Working_Memory_MEG_P3_LR_Salient_NoChange_CuedRetrieval_300_300_399_1900_3000_2000_gabor_patch_orientation_020_076_003_163_target_position_1_2_retrieval_position_2	612504	0	1	1337	2	0	1250
HK61CTP	19	Picture	Flicker2	613841	1337	1	1338	2	1250	1250
HK61CTP	19	Picture	Flicker3	615179	2675	1	1337	2	2500	1250
HK61CTP	20	Picture	Delay	616683	0	1	19056	2	0	18920
HK61CTP	21	Picture	2_2_Retrieval_Working_Memory_MEG_P3_LR_Salient_NoChange_CuedRetrieval_retrieval_patch_orientation_076_retrieval_position_2	635906	0	2	30089	3	0	29920
HK61CTP	21	Response	10	643750	7844	3
HK61CTP	22	Picture	ITI	686055	0	1	20059	2	0	19920
HK61CTP	23	Picture	CueingCross	706281	0	1	3009	2	0	2920
HK61CTP	24	Picture	PrepTime	709457	0	1	3009	2	0	2920
HK61CTP	25	Picture	2_3_Encoding_Working_Memory_MEG_P3_LR_Salient_NoChange_CuedRetrieval_300_300_399_1750_3000_2050_gabor_patch_orientation_083_122_066_102_target_position_2_4_retrieval_position_4	712633	0	1	1337	2	0	1250
HK61CTP	25	Picture	Flicker2	713970	1337	1	1338	2	1250	1250
HK61CTP	25	Picture	Flicker3	715308	2675	1	1337	2	2500	1250
HK61CTP	26	Picture	Delay	716812	0	1	17552	2	0	17420
HK61CTP	27	Picture	2_3_Retrieval_Working_Memory_MEG_P3_LR_Salient_NoChange_CuedRetrieval_retrieval_patch_orientation_102_retrieval_position_4	734531	0	1	30089	2	0	29920
HK61CTP	27	Response	10	743257	8726	3
HK61CTP	28	Picture	ITI	784679	0	1	20561	2	0	20420
HK61CTP	29	Picture	CueingCross	805407	0	1	3009	2	0	2920
HK61CTP	30	Picture	PrepTime	808583	0	1	3009	2	0	2920
HK61CTP	31	Picture	2_4_Encoding_Working_Memory_MEG_P3_LR_Salient_DoChange_CuedRetrieval_300_300_399_1800_3000_1900_gabor_patch_orientation_155_090_027_174_target_position_2_4_retrieval_position_2	811759	0	1	1337	2	0	1250
HK61CTP	31	Picture	Flicker2	813096	1337	1	1338	2	1250	1250
HK61CTP	31	Picture	Flicker3	814434	2675	1	1337	2	2500	1250
HK61CTP	32	Picture	Delay	815938	0	1	18053	3	0	17920
HK61CTP	33	Picture	2_4_Retrieval_Working_Memory_MEG_P3_LR_Salient_DoChange_CuedRetrieval_retrieval_patch_orientation_136_retrieval_position_2	834159	0	1	30088	3	0	29920
HK61CTP	33	Response	20	840834	6675	4
HK61CTP	34	Picture	ITI	884307	0	1	19056	2	0	18920
HK61CTP	35	Picture	BaselinePost	903530	0	1	20059	2	0	20000
HK61CTP	36	Picture	Instruction_S_C	923756	0	2	50149	3	0	50000
