Scenario - ATWM1_Working_Memory_MEG_salient_uncued_instruction
Logfile written - 02/10/2016 09:48:04

Subject	Trial	Event Type	Code	Time	TTime	Uncertainty	Duration	Uncertainty	ReqTime	ReqDur

HK61CTP	1	Picture	Instruction_S_UC	29	0	1	100129	2	0	100000
HK61CTP	2	Picture	Instruction2	100325	0	1	100129	2	0	100000
HK61CTP	3	Picture	Instruction3	200621	0	1	23068	3	0	resp
HK61CTP	3	Response	10	223651	23030	4
HK61CTP	4	Picture	Instruction4	243749	0	1	4346	2	0	resp
HK61CTP	4	Response	20	247911	4162	3
HK61CTP	5	Picture	Instruction5	267987	0	1	2340	2	0	resp
HK61CTP	5	Response	10	270160	2173	4
HK61CTP	6	Picture	Instruction4	290219	0	1	1839	2	0	resp
HK61CTP	6	Response	20	291899	1680	4
HK61CTP	7	Picture	Instruction3	311950	0	1	2842	2	0	resp
HK61CTP	7	Response	10	314689	2739	3
HK61CTP	8	Picture	Instruction4	334851	0	2	2842	3	0	resp
HK61CTP	8	Response	20	337618	2767	3
HK61CTP	9	Picture	Instruction_S_UC_TestTrials	357752	0	1	100129	2	0	100000
HK61CTP	10	Picture	BaselinePre	458048	0	1	20059	3	0	20000
HK61CTP	11	Picture	CueingCross	478275	0	1	3009	2	0	2920
HK61CTP	12	Picture	PrepTime	481451	0	1	3009	2	0	2920
HK61CTP	13	Picture	2_1_Encoding_Working_Memory_MEG_P3_LR_Salient_NoChange_CuedRetrieval_300_300_399_1800_3000_2050_gabor_patch_orientation_037_078_061_019_target_position_2_4_retrieval_position_2	484627	0	1	1337	2	0	1250
HK61CTP	13	Picture	Flicker2	485964	1337	1	1337	2	1250	1250
HK61CTP	13	Picture	Flicker3	487301	2674	1	1338	2	2500	1250
HK61CTP	14	Picture	Delay	488806	0	1	18053	2	0	17920
HK61CTP	15	Picture	2_1_Retrieval_Working_Memory_MEG_P3_LR_Salient_NoChange_CuedRetrieval_retrieval_patch_orientation_078_retrieval_position_2	507026	0	1	30089	2	0	29920
HK61CTP	15	Response	10	514662	7636	4
HK61CTP	16	Picture	ITI	557174	0	2	20561	3	0	20420
HK61CTP	17	Picture	CueingCross	577902	0	1	3009	2	0	2920
HK61CTP	18	Picture	PrepTime	581078	0	1	3009	2	0	2920
HK61CTP	19	Picture	2_2_Encoding_Working_Memory_MEG_P3_LR_Salient_DoChange_CuedRetrieval_300_300_399_1750_3000_1950_gabor_patch_orientation_165_033_100_010_target_position_1_3_retrieval_position_1	584254	0	2	1338	3	0	1250
HK61CTP	19	Picture	Flicker2	585592	1338	1	1337	2	1250	1250
HK61CTP	19	Picture	Flicker3	586929	2675	1	1337	2	2500	1250
HK61CTP	20	Picture	Delay	588433	0	2	17552	3	0	17420
HK61CTP	21	Picture	2_2_Retrieval_Working_Memory_MEG_P3_LR_Salient_DoChange_CuedRetrieval_retrieval_patch_orientation_119_retrieval_position_1	606152	0	2	30089	3	0	29920
HK61CTP	21	Response	20	612809	6657	4
HK61CTP	22	Picture	ITI	656300	0	2	19558	3	0	19420
HK61CTP	23	Picture	CueingCross	676025	0	2	3009	3	0	2920
HK61CTP	24	Picture	PrepTime	679201	0	2	3009	3	0	2920
HK61CTP	25	Picture	2_3_Encoding_Working_Memory_MEG_P3_LR_Salient_NoChange_CuedRetrieval_300_300_399_1850_3000_1900_gabor_patch_orientation_003_120_144_175_target_position_1_4_retrieval_position_4	682377	0	2	1338	3	0	1250
HK61CTP	25	Picture	Flicker2	683715	1338	1	1337	2	1250	1250
HK61CTP	25	Picture	Flicker3	685052	2675	1	1337	2	2500	1250
HK61CTP	26	Picture	Delay	686556	0	2	18555	3	0	18420
HK61CTP	27	Picture	2_3_Retrieval_Working_Memory_MEG_P3_LR_Salient_NoChange_CuedRetrieval_retrieval_patch_orientation_175_retrieval_position_4	705278	0	2	30089	3	0	29920
HK61CTP	27	Response	10	717416	12138	4
HK61CTP	28	Picture	ITI	755426	0	2	19057	3	0	18920
HK61CTP	29	Picture	CueingCross	774650	0	1	3009	2	0	2920
HK61CTP	30	Picture	PrepTime	777826	0	1	3009	2	0	2920
HK61CTP	31	Picture	2_4_Encoding_Working_Memory_MEG_P3_LR_Salient_DoChange_CuedRetrieval_300_300_399_1900_3000_2000_gabor_patch_orientation_170_147_112_088_target_position_1_2_retrieval_position_1	781002	0	1	1337	2	0	1250
HK61CTP	31	Picture	Flicker2	782339	1337	1	1338	2	1250	1250
HK61CTP	31	Picture	Flicker3	783677	2675	1	1336	3	2500	1250
HK61CTP	32	Picture	Delay	785181	0	1	19056	2	0	18920
HK61CTP	33	Picture	2_4_Retrieval_Working_Memory_MEG_P3_LR_Salient_DoChange_CuedRetrieval_retrieval_patch_orientation_032_retrieval_position_1	804404	0	2	30089	3	0	29920
HK61CTP	33	Response	20	812503	8099	4
HK61CTP	34	Picture	ITI	854553	0	1	20059	2	0	19920
HK61CTP	35	Picture	BaselinePost	874779	0	1	20059	2	0	20000
HK61CTP	36	Picture	Instruction_S_UC	895005	0	1	50148	3	0	50000
