Scenario - ATWM1_Working_Memory_MEG_salient_cued_run2
Logfile written - 02/10/2016 09:44:57

Subject	Trial	Event Type	Code	Time	TTime	Uncertainty	Duration	Uncertainty	ReqTime	ReqDur

HK61CTP	1	Picture	ExpStart	29	0	1	10030	2	0	10000
HK61CTP	2	Picture	BaselinePre	10225	0	2	100130	3	0	100000
HK61CTP	3	Picture	CueingCross	110522	0	1	3009	2	0	2920
HK61CTP	4	Picture	PrepTime	113698	0	1	3009	2	0	2920
HK61CTP	5	Picture	2_1_Encoding_Working_Memory_MEG_P3_LR_Nonsalient_NoChange_CuedRetrieval_300_300_399_1800_3000_2300_gabor_patch_orientation_171_058_144_033_target_position_2_3_retrieval_position_3	116874	0	1	1337	2	0	1250
HK61CTP	5	Picture	Flicker2	118211	1337	1	1338	2	1250	1250
HK61CTP	5	Picture	Flicker3	119549	2675	1	1337	2	2500	1250
HK61CTP	6	Picture	Delay	121053	0	1	18053	2	0	17920
HK61CTP	7	Picture	2_1_Retrieval_Working_Memory_MEG_P3_LR_Nonsalient_NoChange_CuedRetrieval_retrieval_patch_orientation_144_retrieval_position_3	139273	0	2	30089	3	0	29920
HK61CTP	7	Response	10	150020	10747	4
HK61CTP	8	Picture	ITI	169847	0	46	23085	47	0	22920
HK61CTP	9	Picture	CueingCross	193099	0	1	3009	2	0	2920
HK61CTP	10	Picture	PrepTime	196275	0	1	3009	2	0	2920
HK61CTP	11	Picture	2_2_Encoding_Working_Memory_MEG_P3_LR_Nonsalient_DoChange_CuedRetrieval_300_300_399_1750_3000_1900_gabor_patch_orientation_176_131_065_093_target_position_3_4_retrieval_position_4	199451	0	2	1338	3	0	1250
HK61CTP	11	Picture	Flicker2	200789	1338	1	1337	2	1250	1250
HK61CTP	11	Picture	Flicker3	202126	2675	1	1337	2	2500	1250
HK61CTP	12	Picture	Delay	203630	0	1	17552	2	0	17420
HK61CTP	13	Picture	2_2_Retrieval_Working_Memory_MEG_P3_LR_Nonsalient_DoChange_CuedRetrieval_retrieval_patch_orientation_045_retrieval_position_4	221349	0	2	30089	3	0	29920
HK61CTP	13	Response	20	229538	8189	4
HK61CTP	14	Picture	ITI	251605	0	2	19056	4	0	18920
HK61CTP	15	Picture	CueingCross	270829	0	1	3009	2	0	2920
HK61CTP	16	Picture	PrepTime	274005	0	1	3009	2	0	2920
HK61CTP	17	Picture	2_3_Encoding_Working_Memory_MEG_P3_LR_Nonsalient_NoChange_CuedRetrieval_300_300_399_1900_3000_2200_gabor_patch_orientation_006_058_120_096_target_position_1_2_retrieval_position_1	277181	0	1	1337	2	0	1250
HK61CTP	17	Picture	Flicker2	278518	1337	1	1337	2	1250	1250
HK61CTP	17	Picture	Flicker3	279855	2674	1	1338	2	2500	1250
HK61CTP	18	Picture	Delay	281360	0	1	19056	2	0	18920
HK61CTP	19	Picture	2_3_Retrieval_Working_Memory_MEG_P3_LR_Nonsalient_NoChange_CuedRetrieval_retrieval_patch_orientation_006_retrieval_position_1	300583	0	2	30089	3	0	29920
HK61CTP	19	Response	20	310096	9513	3
HK61CTP	20	Picture	ITI	330839	0	2	22065	4	0	21920
HK61CTP	21	Picture	CueingCross	353072	0	1	3009	2	0	2920
HK61CTP	22	Picture	PrepTime	356248	0	1	3009	2	0	2920
HK61CTP	23	Picture	2_4_Encoding_Working_Memory_MEG_P3_LR_Nonsalient_DoChange_CuedRetrieval_300_300_399_1800_3000_2550_gabor_patch_orientation_176_001_024_160_target_position_1_2_retrieval_position_2	359422	0	3	1339	4	0	1250
HK61CTP	23	Picture	Flicker2	360761	1339	1	1337	2	1250	1250
HK61CTP	23	Picture	Flicker3	362098	2676	1	1338	2	2500	1250
HK61CTP	24	Picture	Delay	363603	0	1	18053	2	0	17920
HK61CTP	25	Picture	2_4_Retrieval_Working_Memory_MEG_P3_LR_Nonsalient_DoChange_CuedRetrieval_retrieval_patch_orientation_141_retrieval_position_2	381823	0	1	30089	2	0	29920
HK61CTP	25	Response	20	388613	6790	4
HK61CTP	26	Picture	ITI	412079	0	2	25576	3	0	25420
HK61CTP	27	Picture	CueingCross	437822	0	1	3009	2	0	2920
HK61CTP	28	Picture	PrepTime	440998	0	1	3009	2	0	2920
HK61CTP	29	Picture	2_5_Encoding_Working_Memory_MEG_P3_LR_Nonsalient_NoChange_CuedRetrieval_300_300_399_2150_3000_1950_gabor_patch_orientation_180_060_096_030_target_position_1_3_retrieval_position_3	444174	0	1	1337	2	0	1250
HK61CTP	29	Picture	Flicker2	445511	1337	1	1337	3	1250	1250
HK61CTP	29	Picture	Flicker3	446848	2674	2	1338	3	2500	1250
HK61CTP	30	Picture	Delay	448353	0	1	21564	2	0	21420
HK61CTP	31	Picture	2_5_Retrieval_Working_Memory_MEG_P3_LR_Nonsalient_NoChange_CuedRetrieval_retrieval_patch_orientation_096_retrieval_position_3	470084	0	1	30089	2	0	29920
HK61CTP	31	Response	20	491100	21016	3
HK61CTP	32	Picture	ITI	500340	0	1	19558	2	0	19420
HK61CTP	33	Picture	CueingCross	520065	0	1	3009	2	0	2920
HK61CTP	34	Picture	PrepTime	523241	0	1	3009	2	0	2920
HK61CTP	35	Picture	2_6_Encoding_Working_Memory_MEG_P3_LR_Nonsalient_NoChange_CuedRetrieval_300_300_399_2000_3000_1950_gabor_patch_orientation_058_040_168_004_target_position_1_3_retrieval_position_3	526417	0	1	1337	2	0	1250
HK61CTP	35	Picture	Flicker2	527754	1337	1	1338	2	1250	1250
HK61CTP	35	Picture	Flicker3	529092	2675	1	1337	2	2500	1250
HK61CTP	36	Picture	Delay	530596	0	1	20059	2	0	19920
HK61CTP	37	Picture	2_6_Retrieval_Working_Memory_MEG_P3_LR_Nonsalient_NoChange_CuedRetrieval_retrieval_patch_orientation_168_retrieval_position_3	550822	0	2	30089	3	0	29920
HK61CTP	37	Response	10	561988	11166	3
HK61CTP	38	Picture	ITI	581078	0	2	19558	3	0	19420
HK61CTP	39	Picture	CueingCross	600803	0	2	3009	3	0	2920
HK61CTP	40	Picture	PrepTime	603979	0	2	3009	3	0	2920
HK61CTP	41	Picture	2_7_Encoding_Working_Memory_MEG_P3_LR_Nonsalient_NoChange_CuedRetrieval_300_300_399_2150_3000_2500_gabor_patch_orientation_036_096_009_115_target_position_2_3_retrieval_position_2	607155	0	2	1338	3	0	1250
HK61CTP	41	Picture	Flicker2	608493	1338	1	1337	2	1250	1250
HK61CTP	41	Picture	Flicker3	609830	2675	1	1337	2	2500	1250
HK61CTP	42	Picture	Delay	611334	0	2	21564	3	0	21420
HK61CTP	43	Picture	2_7_Retrieval_Working_Memory_MEG_P3_LR_Nonsalient_NoChange_CuedRetrieval_retrieval_patch_orientation_096_retrieval_position_2	633065	0	1	30089	2	0	29920
HK61CTP	43	Response	20	642085	9020	4
HK61CTP	44	Picture	ITI	663321	0	2	25074	3	0	24920
HK61CTP	45	Picture	CueingCross	688563	0	1	3008	2	0	2920
HK61CTP	46	Picture	PrepTime	691739	0	1	3008	3	0	2920
HK61CTP	47	Picture	2_8_Encoding_Working_Memory_MEG_P3_LR_Nonsalient_DoChange_UncuedRetriev_300_300_399_2250_3000_2250_gabor_patch_orientation_058_145_035_019_target_position_2_4_retrieval_position_1	694915	0	1	1337	2	0	1250
HK61CTP	47	Picture	Flicker2	696252	1337	1	1337	2	1250	1250
HK61CTP	47	Picture	Flicker3	697589	2674	1	1337	3	2500	1250
HK61CTP	48	Picture	Delay	699094	0	1	22566	2	0	22420
HK61CTP	49	Picture	2_8_Retrieval_Working_Memory_MEG_P3_LR_Nonsalient_DoChange_UncuedRetriev_retrieval_patch_orientation_103_retrieval_position_1	721827	0	2	30089	3	0	29920
HK61CTP	49	Response	10	741542	19715	4
HK61CTP	50	Picture	ITI	752083	0	2	22567	3	0	22420
HK61CTP	51	Picture	CueingCross	774817	0	2	3009	3	0	2920
HK61CTP	52	Picture	PrepTime	777993	0	2	3009	3	0	2920
HK61CTP	53	Picture	2_9_Encoding_Working_Memory_MEG_P3_LR_Nonsalient_DoChange_CuedRetrieval_300_300_399_1850_3000_2250_gabor_patch_orientation_007_094_173_120_target_position_2_4_retrieval_position_2	781169	0	2	1338	3	0	1250
HK61CTP	53	Picture	Flicker2	782507	1338	1	1337	2	1250	1250
HK61CTP	53	Picture	Flicker3	783844	2675	1	1337	2	2500	1250
HK61CTP	54	Picture	Delay	785348	0	2	18555	3	0	18420
HK61CTP	55	Picture	2_9_Retrieval_Working_Memory_MEG_P3_LR_Nonsalient_DoChange_CuedRetrieval_retrieval_patch_orientation_049_retrieval_position_2	804070	0	2	30089	3	0	29920
HK61CTP	55	Response	20	811320	7250	4
HK61CTP	56	Picture	ITI	834326	0	2	22567	3	0	22420
HK61CTP	57	Picture	CueingCross	857060	0	1	3009	2	0	2920
HK61CTP	58	Picture	PrepTime	860236	0	1	3009	2	0	2920
HK61CTP	59	Picture	2_10_Encoding_Working_Memory_MEG_P3_LR_Nonsalient_NoChange_CuedRetrieval_300_300_399_2100_3000_2150_gabor_patch_orientation_140_034_011_056_target_position_3_4_retrieval_position_4	863412	0	1	1338	2	0	1250
HK61CTP	59	Picture	Flicker2	864750	1338	1	1337	2	1250	1250
HK61CTP	59	Picture	Flicker3	866087	2675	1	1337	2	2500	1250
HK61CTP	60	Picture	Delay	867591	0	1	21062	3	0	20920
HK61CTP	61	Picture	2_10_Retrieval_Working_Memory_MEG_P3_LR_Nonsalient_NoChange_CuedRetrieval_retrieval_patch_orientation_056_retrieval_position_4	888821	0	1	30088	3	0	29920
HK61CTP	61	Response	10	904457	15636	4
HK61CTP	61	Response	10	917247	28426	4
HK61CTP	62	Picture	ITI	919077	0	1	21563	2	0	21420
HK61CTP	63	Picture	CueingCross	940807	0	2	3009	3	0	2920
HK61CTP	64	Picture	PrepTime	943984	0	1	3008	3	0	2920
HK61CTP	65	Picture	2_11_Encoding_Working_Memory_MEG_P3_LR_Nonsalient_NoChange_CuedRetrieval_300_300_399_2000_3000_2200_gabor_patch_orientation_013_091_030_070_target_position_2_4_retrieval_position_2	947160	0	1	1337	2	0	1250
HK61CTP	65	Picture	Flicker2	948497	1337	1	1337	2	1250	1250
HK61CTP	65	Picture	Flicker3	949834	2674	1	1337	3	2500	1250
HK61CTP	66	Picture	Delay	951339	0	1	20059	2	0	19920
HK61CTP	67	Picture	2_11_Retrieval_Working_Memory_MEG_P3_LR_Nonsalient_NoChange_CuedRetrieval_retrieval_patch_orientation_091_retrieval_position_2	971565	0	1	30089	2	0	29920
HK61CTP	67	Response	20	990625	19060	3
HK61CTP	68	Picture	ITI	1001821	0	1	22065	2	0	21920
HK61CTP	69	Picture	CueingCross	1024053	0	2	3009	3	0	2920
HK61CTP	70	Picture	PrepTime	1027229	0	2	3009	3	0	2920
HK61CTP	71	Picture	2_12_Encoding_Working_Memory_MEG_P3_LR_Nonsalient_NoChange_UncuedRetriev_300_300_399_2050_3000_2250_gabor_patch_orientation_129_076_145_161_target_position_1_3_retrieval_position_4	1030405	0	2	1338	3	0	1250
HK61CTP	71	Picture	Flicker2	1031743	1338	1	1337	2	1250	1250
HK61CTP	71	Picture	Flicker3	1033080	2675	1	1337	2	2500	1250
HK61CTP	72	Picture	Delay	1034584	0	2	20561	3	0	20420
HK61CTP	73	Picture	2_12_Retrieval_Working_Memory_MEG_P3_LR_Nonsalient_NoChange_UncuedRetriev_retrieval_patch_orientation_161_retrieval_position_4	1055312	0	2	30089	3	0	29920
HK61CTP	73	Response	10	1081352	26040	3
HK61CTP	74	Picture	ITI	1085568	0	2	22567	3	0	22420
HK61CTP	75	Picture	CueingCross	1108302	0	1	3009	2	0	2920
HK61CTP	76	Picture	PrepTime	1111478	0	1	3009	2	0	2920
HK61CTP	77	Picture	2_13_Encoding_Working_Memory_MEG_P3_LR_Nonsalient_NoChange_CuedRetrieval_300_300_399_2200_3000_2000_gabor_patch_orientation_085_024_059_130_target_position_1_4_retrieval_position_4	1114654	0	2	1338	3	0	1250
HK61CTP	77	Picture	Flicker2	1115992	1338	1	1337	2	1250	1250
HK61CTP	77	Picture	Flicker3	1117329	2675	1	1337	2	2500	1250
HK61CTP	78	Picture	Delay	1118833	0	2	22065	4	0	21920
HK61CTP	79	Picture	2_13_Retrieval_Working_Memory_MEG_P3_LR_Nonsalient_NoChange_CuedRetrieval_retrieval_patch_orientation_130_retrieval_position_4	1141066	0	1	30088	3	0	29920
HK61CTP	79	Response	20	1153500	12434	3
HK61CTP	80	Picture	ITI	1171322	0	1	20059	2	0	19920
HK61CTP	81	Picture	CueingCross	1191548	0	1	3009	2	0	2920
HK61CTP	82	Picture	PrepTime	1194724	0	1	3009	2	0	2920
HK61CTP	83	Picture	2_14_Encoding_Working_Memory_MEG_P3_LR_Nonsalient_DoChange_CuedRetrieval_300_300_399_1950_3000_2550_gabor_patch_orientation_165_044_132_114_target_position_1_3_retrieval_position_1	1197900	0	1	1337	3	0	1250
HK61CTP	83	Picture	Flicker2	1199237	1337	2	1338	3	1250	1250
HK61CTP	83	Picture	Flicker3	1200575	2675	1	1337	2	2500	1250
HK61CTP	84	Picture	Delay	1202079	0	1	19558	2	0	19420
HK61CTP	85	Picture	2_14_Retrieval_Working_Memory_MEG_P3_LR_Nonsalient_DoChange_CuedRetrieval_retrieval_patch_orientation_026_retrieval_position_1	1221804	0	1	30089	2	0	29920
HK61CTP	85	Response	20	1229527	7723	4
HK61CTP	86	Picture	ITI	1252060	0	1	25576	2	0	25420
HK61CTP	87	Picture	CueingCross	1277803	0	1	3009	2	0	2920
HK61CTP	88	Picture	PrepTime	1280979	0	1	3009	2	0	2920
HK61CTP	89	Picture	2_15_Encoding_Working_Memory_MEG_P3_LR_Nonsalient_DoChange_CuedRetrieval_300_300_399_2000_3000_2250_gabor_patch_orientation_152_129_063_078_target_position_3_4_retrieval_position_3	1284155	0	1	1337	2	0	1250
HK61CTP	89	Picture	Flicker2	1285492	1337	1	1337	3	1250	1250
HK61CTP	89	Picture	Flicker3	1286829	2674	2	1338	3	2500	1250
HK61CTP	90	Picture	Delay	1288334	0	1	20059	2	0	19920
HK61CTP	91	Picture	2_15_Retrieval_Working_Memory_MEG_P3_LR_Nonsalient_DoChange_CuedRetrieval_retrieval_patch_orientation_015_retrieval_position_3	1308560	0	2	30089	3	0	29920
HK61CTP	91	Response	20	1330524	21964	4
HK61CTP	92	Picture	ITI	1338816	0	2	22567	3	0	22420
HK61CTP	93	Picture	CueingCross	1361550	0	1	3009	2	0	2920
HK61CTP	94	Picture	PrepTime	1364726	0	1	3009	2	0	2920
HK61CTP	95	Picture	2_16_Encoding_Working_Memory_MEG_P3_LR_Nonsalient_NoChange_UncuedRetriev_300_300_399_1750_3000_2050_gabor_patch_orientation_087_120_056_105_target_position_2_3_retrieval_position_1	1367902	0	1	1337	3	0	1250
HK61CTP	95	Picture	Flicker2	1369239	1337	2	1338	3	1250	1250
HK61CTP	95	Picture	Flicker3	1370577	2675	1	1337	2	2500	1250
HK61CTP	96	Picture	Delay	1372081	0	2	17551	4	0	17420
HK61CTP	97	Picture	2_16_Retrieval_Working_Memory_MEG_P3_LR_Nonsalient_NoChange_UncuedRetriev_retrieval_patch_orientation_087_retrieval_position_1	1389800	0	2	30089	3	0	29920
HK61CTP	97	Response	10	1412052	22252	3
HK61CTP	98	Picture	ITI	1420056	0	2	20561	3	0	20420
HK61CTP	99	Picture	CueingCross	1440784	0	1	3009	2	0	2920
HK61CTP	100	Picture	PrepTime	1443960	0	1	3009	2	0	2920
HK61CTP	101	Picture	2_17_Encoding_Working_Memory_MEG_P3_LR_Nonsalient_DoChange_CuedRetrieval_300_300_399_2050_3000_2100_gabor_patch_orientation_099_126_151_046_target_position_2_4_retrieval_position_2	1447136	0	1	1338	2	0	1250
HK61CTP	101	Picture	Flicker2	1448474	1338	1	1337	2	1250	1250
HK61CTP	101	Picture	Flicker3	1449811	2675	1	1337	2	2500	1250
HK61CTP	102	Picture	Delay	1451315	0	2	20561	3	0	20420
HK61CTP	103	Picture	2_17_Retrieval_Working_Memory_MEG_P3_LR_Nonsalient_DoChange_CuedRetrieval_retrieval_patch_orientation_078_retrieval_position_2	1472043	0	1	30089	2	0	29920
HK61CTP	103	Response	10	1493979	21936	4
HK61CTP	104	Picture	ITI	1502299	0	1	21062	2	0	20920
HK61CTP	105	Picture	CueingCross	1523529	0	1	3008	3	0	2920
HK61CTP	106	Picture	PrepTime	1526705	0	1	3008	3	0	2920
HK61CTP	107	Picture	2_18_Encoding_Working_Memory_MEG_P3_LR_Nonsalient_NoChange_CuedRetrieval_300_300_399_2200_3000_2050_gabor_patch_orientation_131_104_063_042_target_position_1_2_retrieval_position_2	1529881	0	1	1337	2	0	1250
HK61CTP	107	Picture	Flicker2	1531218	1337	1	1337	2	1250	1250
HK61CTP	107	Picture	Flicker3	1532555	2674	1	1337	3	2500	1250
HK61CTP	108	Picture	Delay	1534060	0	1	22065	2	0	21920
HK61CTP	109	Picture	2_18_Retrieval_Working_Memory_MEG_P3_LR_Nonsalient_NoChange_CuedRetrieval_retrieval_patch_orientation_104_retrieval_position_2	1556292	0	1	30089	2	0	29920
HK61CTP	109	Response	10	1564047	7755	3
HK61CTP	109	Response	10	1584096	27804	4
HK61CTP	110	Picture	ITI	1586548	0	1	20561	2	0	20420
HK61CTP	111	Picture	CueingCross	1607276	0	1	3009	2	0	2920
HK61CTP	112	Picture	PrepTime	1610452	0	1	3009	2	0	2920
HK61CTP	113	Picture	2_19_Encoding_Working_Memory_MEG_P3_LR_Nonsalient_NoChange_UncuedRetriev_300_300_399_1950_3000_1900_gabor_patch_orientation_119_009_053_141_target_position_2_4_retrieval_position_3	1613628	0	1	1337	2	0	1250
HK61CTP	113	Picture	Flicker2	1614965	1337	1	1338	2	1250	1250
HK61CTP	113	Picture	Flicker3	1616303	2675	1	1337	2	2500	1250
HK61CTP	114	Picture	Delay	1617807	0	1	19558	2	0	19420
HK61CTP	115	Picture	2_19_Retrieval_Working_Memory_MEG_P3_LR_Nonsalient_NoChange_UncuedRetriev_retrieval_patch_orientation_053_retrieval_position_3	1637532	0	1	30089	2	0	29920
HK61CTP	115	Response	20	1653854	16322	4
HK61CTP	116	Picture	ITI	1667788	0	1	19056	2	0	18920
HK61CTP	117	Picture	CueingCross	1687011	0	2	3009	3	0	2920
HK61CTP	118	Picture	PrepTime	1690187	0	2	3009	3	0	2920
HK61CTP	119	Picture	2_20_Encoding_Working_Memory_MEG_P3_LR_Nonsalient_DoChange_CuedRetrieval_300_300_399_1750_3000_2300_gabor_patch_orientation_112_176_133_159_target_position_2_4_retrieval_position_4	1693363	0	2	1338	3	0	1250
HK61CTP	119	Picture	Flicker2	1694701	1338	1	1337	2	1250	1250
HK61CTP	119	Picture	Flicker3	1696038	2675	1	1337	2	2500	1250
HK61CTP	120	Picture	Delay	1697542	0	2	17552	3	0	17420
HK61CTP	121	Picture	2_20_Retrieval_Working_Memory_MEG_P3_LR_Nonsalient_DoChange_CuedRetrieval_retrieval_patch_orientation_022_retrieval_position_4	1715261	0	2	30089	3	0	29920
HK61CTP	121	Response	20	1734022	18761	3
HK61CTP	122	Picture	ITI	1745517	0	2	23069	3	0	22920
HK61CTP	123	Picture	CueingCross	1768753	0	1	3009	2	0	2920
HK61CTP	124	Picture	PrepTime	1771929	0	1	3009	2	0	2920
HK61CTP	125	Picture	2_21_Encoding_Working_Memory_MEG_P3_LR_Nonsalient_DoChange_CuedRetrieval_300_300_399_1850_3000_2150_gabor_patch_orientation_110_020_039_054_target_position_2_4_retrieval_position_2	1775105	0	1	1337	2	0	1250
HK61CTP	125	Picture	Flicker2	1776442	1337	1	1337	3	1250	1250
HK61CTP	125	Picture	Flicker3	1777779	2674	2	1338	3	2500	1250
HK61CTP	126	Picture	Delay	1779284	0	1	18555	2	0	18420
HK61CTP	127	Picture	2_21_Retrieval_Working_Memory_MEG_P3_LR_Nonsalient_DoChange_CuedRetrieval_retrieval_patch_orientation_070_retrieval_position_2	1798006	0	1	30089	2	0	29920
HK61CTP	127	Response	20	1804909	6903	4
HK61CTP	128	Picture	ITI	1828262	0	1	21564	2	0	21420
HK61CTP	129	Picture	CueingCross	1849993	0	1	3009	2	0	2920
HK61CTP	130	Picture	PrepTime	1853169	0	1	3009	3	0	2920
HK61CTP	131	Picture	2_22_Encoding_Working_Memory_MEG_P3_LR_Nonsalient_NoChange_CuedRetrieval_300_300_399_2250_3000_2150_gabor_patch_orientation_004_110_157_172_target_position_3_4_retrieval_position_4	1856345	0	1	1337	2	0	1250
HK61CTP	131	Picture	Flicker2	1857682	1337	1	1337	2	1250	1250
HK61CTP	131	Picture	Flicker3	1859019	2674	1	1338	2	2500	1250
HK61CTP	132	Picture	Delay	1860524	0	1	22566	3	0	22420
HK61CTP	133	Picture	2_22_Retrieval_Working_Memory_MEG_P3_LR_Nonsalient_NoChange_CuedRetrieval_retrieval_patch_orientation_172_retrieval_position_4	1883258	0	1	30088	3	0	29920
HK61CTP	134	Picture	ITI	1913514	0	1	21563	2	0	21420
HK61CTP	134	Response	20	1913576	62	4
HK61CTP	135	Picture	CueingCross	1935244	0	2	3009	3	0	2920
HK61CTP	136	Picture	PrepTime	1938421	0	1	3008	3	0	2920
HK61CTP	137	Picture	2_23_Encoding_Working_Memory_MEG_P3_LR_Nonsalient_NoChange_CuedRetrieval_300_300_399_2150_3000_2100_gabor_patch_orientation_073_004_128_109_target_position_2_4_retrieval_position_2	1941597	0	1	1337	2	0	1250
HK61CTP	137	Picture	Flicker2	1942934	1337	1	1337	2	1250	1250
HK61CTP	137	Picture	Flicker3	1944271	2674	1	1337	3	2500	1250
HK61CTP	138	Picture	Delay	1945776	0	1	21563	2	0	21420
HK61CTP	139	Picture	2_23_Retrieval_Working_Memory_MEG_P3_LR_Nonsalient_NoChange_CuedRetrieval_retrieval_patch_orientation_004_retrieval_position_2	1967506	0	2	30089	3	0	29920
HK61CTP	139	Response	20	1983834	16328	3
HK61CTP	140	Picture	ITI	1997762	0	2	21063	3	0	20920
HK61CTP	141	Picture	CueingCross	2018992	0	1	3009	2	0	2920
HK61CTP	142	Picture	PrepTime	2022168	0	1	3009	2	0	2920
HK61CTP	143	Picture	2_24_Encoding_Working_Memory_MEG_P3_LR_Nonsalient_DoChange_CuedRetrieval_300_300_399_2250_3000_2450_gabor_patch_orientation_098_066_008_125_target_position_1_3_retrieval_position_1	2025344	0	1	1337	2	0	1250
HK61CTP	143	Picture	Flicker2	2026681	1337	1	1338	2	1250	1250
HK61CTP	143	Picture	Flicker3	2028019	2675	1	1337	2	2500	1250
HK61CTP	144	Picture	Delay	2029523	0	1	22567	2	0	22420
HK61CTP	145	Picture	2_24_Retrieval_Working_Memory_MEG_P3_LR_Nonsalient_DoChange_CuedRetrieval_retrieval_patch_orientation_049_retrieval_position_1	2052257	0	1	30089	2	0	29920
HK61CTP	145	Response	10	2068651	16394	4
HK61CTP	146	Picture	ITI	2082513	0	1	24572	2	0	24420
HK61CTP	147	Picture	CueingCross	2107252	0	2	3009	3	0	2920
HK61CTP	148	Picture	PrepTime	2110429	0	1	3008	3	0	2920
HK61CTP	149	Picture	2_25_Encoding_Working_Memory_MEG_P3_LR_Nonsalient_NoChange_CuedRetrieval_300_300_399_2150_3000_2150_gabor_patch_orientation_149_079_060_027_target_position_3_4_retrieval_position_4	2113605	0	1	1337	2	0	1250
HK61CTP	149	Picture	Flicker2	2114942	1337	1	1337	2	1250	1250
HK61CTP	149	Picture	Flicker3	2116279	2674	1	1337	3	2500	1250
HK61CTP	150	Picture	Delay	2117784	0	1	21563	2	0	21420
HK61CTP	151	Picture	2_25_Retrieval_Working_Memory_MEG_P3_LR_Nonsalient_NoChange_CuedRetrieval_retrieval_patch_orientation_027_retrieval_position_4	2139514	0	2	30089	3	0	29920
HK61CTP	151	Response	20	2159049	19535	3
HK61CTP	152	Picture	ITI	2169770	0	2	21564	3	0	21420
HK61CTP	153	Picture	CueingCross	2191501	0	2	3009	3	0	2920
HK61CTP	154	Picture	PrepTime	2194677	0	2	3009	3	0	2920
HK61CTP	155	Picture	2_26_Encoding_Working_Memory_MEG_P3_LR_Nonsalient_DoChange_CuedRetrieval_300_300_399_2050_3000_2600_gabor_patch_orientation_142_093_023_157_target_position_1_3_retrieval_position_3	2197853	0	2	1338	3	0	1250
HK61CTP	155	Picture	Flicker2	2199191	1338	1	1337	2	1250	1250
HK61CTP	155	Picture	Flicker3	2200528	2675	1	1337	2	2500	1250
HK61CTP	156	Picture	Delay	2202032	0	2	20561	3	0	20420
HK61CTP	157	Picture	2_26_Retrieval_Working_Memory_MEG_P3_LR_Nonsalient_DoChange_CuedRetrieval_retrieval_patch_orientation_071_retrieval_position_3	2222760	0	2	30089	3	0	29920
HK61CTP	157	Response	20	2245836	23076	3
HK61CTP	158	Picture	ITI	2253016	0	2	26077	3	0	25920
HK61CTP	159	Picture	CueingCross	2279261	0	1	3008	2	0	2920
HK61CTP	160	Picture	PrepTime	2282437	0	1	3008	3	0	2920
HK61CTP	161	Picture	2_27_Encoding_Working_Memory_MEG_P3_LR_Nonsalient_NoChange_UncuedRetriev_300_300_399_1750_3000_2200_gabor_patch_orientation_084_165_020_060_target_position_1_2_retrieval_position_4	2285613	0	1	1337	2	0	1250
HK61CTP	161	Picture	Flicker2	2286950	1337	1	1337	2	1250	1250
HK61CTP	161	Picture	Flicker3	2288287	2674	1	1337	3	2500	1250
HK61CTP	162	Picture	Delay	2289792	0	1	17551	3	0	17420
HK61CTP	163	Picture	2_27_Retrieval_Working_Memory_MEG_P3_LR_Nonsalient_NoChange_UncuedRetriev_retrieval_patch_orientation_060_retrieval_position_4	2307511	0	1	30088	3	0	29920
HK61CTP	163	Response	20	2332943	25432	4
HK61CTP	164	Picture	ITI	2337767	0	1	22065	2	0	21920
HK61CTP	165	Picture	CueingCross	2359999	0	1	3009	2	0	2920
HK61CTP	166	Picture	PrepTime	2363175	0	1	3009	2	0	2920
HK61CTP	167	Picture	2_28_Encoding_Working_Memory_MEG_P3_LR_Nonsalient_NoChange_CuedRetrieval_300_300_399_1850_3000_2200_gabor_patch_orientation_054_002_024_092_target_position_1_3_retrieval_position_3	2366351	0	1	1337	2	0	1250
HK61CTP	167	Picture	Flicker2	2367688	1337	1	1338	2	1250	1250
HK61CTP	167	Picture	Flicker3	2369026	2675	1	1337	2	2500	1250
HK61CTP	168	Picture	Delay	2370530	0	1	18555	2	0	18420
HK61CTP	169	Picture	2_28_Retrieval_Working_Memory_MEG_P3_LR_Nonsalient_NoChange_CuedRetrieval_retrieval_patch_orientation_024_retrieval_position_3	2389252	0	1	30089	2	0	29920
HK61CTP	169	Response	10	2416911	27659	3
HK61CTP	170	Picture	ITI	2419508	0	1	22065	2	0	21920
HK61CTP	171	Picture	CueingCross	2441740	0	2	3009	3	0	2920
HK61CTP	172	Picture	PrepTime	2444916	0	2	3009	3	0	2920
HK61CTP	173	Picture	2_29_Encoding_Working_Memory_MEG_P3_LR_Nonsalient_DoChange_CuedRetrieval_300_300_399_2100_3000_2000_gabor_patch_orientation_007_173_068_128_target_position_2_3_retrieval_position_2	2448092	0	2	1338	3	0	1250
HK61CTP	173	Picture	Flicker2	2449430	1338	1	1337	2	1250	1250
HK61CTP	173	Picture	Flicker3	2450767	2675	1	1337	2	2500	1250
HK61CTP	174	Picture	Delay	2452271	0	2	21063	3	0	20920
HK61CTP	175	Picture	2_29_Retrieval_Working_Memory_MEG_P3_LR_Nonsalient_DoChange_CuedRetrieval_retrieval_patch_orientation_038_retrieval_position_2	2473501	0	1	30089	2	0	29920
HK61CTP	175	Response	20	2489338	15837	4
HK61CTP	176	Picture	ITI	2503757	0	1	20059	2	0	19920
HK61CTP	177	Picture	CueingCross	2523983	0	2	3009	3	0	2920
HK61CTP	178	Picture	PrepTime	2527159	0	2	3009	3	0	2920
HK61CTP	179	Picture	2_30_Encoding_Working_Memory_MEG_P3_LR_Nonsalient_DoChange_CuedRetrieval_300_300_399_2250_3000_2400_gabor_patch_orientation_004_032_061_180_target_position_1_4_retrieval_position_1	2530335	0	2	1338	3	0	1250
HK61CTP	179	Picture	Flicker2	2531673	1338	1	1337	2	1250	1250
HK61CTP	179	Picture	Flicker3	2533010	2675	1	1337	2	2500	1250
HK61CTP	180	Picture	Delay	2534514	0	2	22567	3	0	22420
HK61CTP	181	Picture	2_30_Retrieval_Working_Memory_MEG_P3_LR_Nonsalient_DoChange_CuedRetrieval_retrieval_patch_orientation_143_retrieval_position_1	2557248	0	1	30089	2	0	29920
HK61CTP	181	Response	20	2565936	8688	3
HK61CTP	182	Picture	ITI	2587504	0	1	24071	2	0	23920
HK61CTP	183	Picture	CueingCross	2611742	0	2	3009	3	0	2920
HK61CTP	184	Picture	PrepTime	2614919	0	1	3008	2	0	2920
HK61CTP	185	Picture	2_31_Encoding_Working_Memory_MEG_P3_LR_Nonsalient_DoChange_CuedRetrieval_300_300_399_1900_3000_2150_gabor_patch_orientation_147_041_020_110_target_position_2_4_retrieval_position_2	2618095	0	1	1337	2	0	1250
HK61CTP	185	Picture	Flicker2	2619432	1337	1	1337	2	1250	1250
HK61CTP	185	Picture	Flicker3	2620769	2674	1	1337	2	2500	1250
HK61CTP	186	Picture	Delay	2622274	0	1	19056	2	0	18920
HK61CTP	187	Picture	2_31_Retrieval_Working_Memory_MEG_P3_LR_Nonsalient_DoChange_CuedRetrieval_retrieval_patch_orientation_178_retrieval_position_2	2641497	0	1	30089	2	0	29920
HK61CTP	187	Response	20	2648154	6657	3
HK61CTP	188	Picture	ITI	2671753	0	2	21564	3	0	21420
HK61CTP	189	Picture	CueingCross	2693484	0	1	3009	2	0	2920
HK61CTP	190	Picture	PrepTime	2696660	0	1	3009	2	0	2920
HK61CTP	191	Picture	2_32_Encoding_Working_Memory_MEG_P3_LR_Nonsalient_NoChange_UncuedRetriev_300_300_399_1900_3000_1950_gabor_patch_orientation_032_163_106_049_target_position_3_4_retrieval_position_1	2699836	0	1	1337	2	0	1250
HK61CTP	191	Picture	Flicker2	2701173	1337	1	1337	3	1250	1250
HK61CTP	191	Picture	Flicker3	2702510	2674	2	1338	3	2500	1250
HK61CTP	192	Picture	Delay	2704015	0	1	19056	2	0	18920
HK61CTP	193	Picture	2_32_Retrieval_Working_Memory_MEG_P3_LR_Nonsalient_NoChange_UncuedRetriev_retrieval_patch_orientation_032_retrieval_position_1	2723238	0	2	30089	3	0	29920
HK61CTP	193	Response	20	2738551	15313	3
HK61CTP	194	Picture	ITI	2753494	0	2	19558	3	0	19420
HK61CTP	195	Picture	CueingCross	2773219	0	2	3009	3	0	2920
HK61CTP	196	Picture	PrepTime	2776395	0	2	3009	4	0	2920
HK61CTP	197	Picture	2_33_Encoding_Working_Memory_MEG_P3_LR_Nonsalient_NoChange_CuedRetrieval_300_300_399_2100_3000_2050_gabor_patch_orientation_059_124_008_170_target_position_2_4_retrieval_position_4	2779571	0	2	1338	3	0	1250
HK61CTP	197	Picture	Flicker2	2780909	1338	1	1337	2	1250	1250
HK61CTP	197	Picture	Flicker3	2782246	2675	1	1337	2	2500	1250
HK61CTP	198	Picture	Delay	2783750	0	2	21063	3	0	20920
HK61CTP	199	Picture	2_33_Retrieval_Working_Memory_MEG_P3_LR_Nonsalient_NoChange_CuedRetrieval_retrieval_patch_orientation_170_retrieval_position_4	2804980	0	1	30089	2	0	29920
HK61CTP	199	Response	10	2818698	13718	4
HK61CTP	200	Picture	ITI	2835236	0	1	20561	2	0	20420
HK61CTP	201	Picture	CueingCross	2855964	0	1	3009	2	0	2920
HK61CTP	202	Picture	PrepTime	2859140	0	1	3009	2	0	2920
HK61CTP	203	Picture	2_34_Encoding_Working_Memory_MEG_P3_LR_Nonsalient_NoChange_CuedRetrieval_300_300_399_1850_3000_2600_gabor_patch_orientation_140_031_156_002_target_position_2_4_retrieval_position_4	2862316	0	1	1337	2	0	1250
HK61CTP	203	Picture	Flicker2	2863653	1337	1	1337	2	1250	1250
HK61CTP	203	Picture	Flicker3	2864990	2674	1	1338	2	2500	1250
HK61CTP	204	Picture	Delay	2866495	0	1	18555	2	0	18420
HK61CTP	205	Picture	2_34_Retrieval_Working_Memory_MEG_P3_LR_Nonsalient_NoChange_CuedRetrieval_retrieval_patch_orientation_002_retrieval_position_4	2885217	0	1	30089	2	0	29920
HK61CTP	205	Response	10	2902036	16819	3
HK61CTP	206	Picture	ITI	2915473	0	1	26077	2	0	25920
HK61CTP	207	Picture	CueingCross	2941717	0	1	3009	2	0	2920
HK61CTP	208	Picture	PrepTime	2944893	0	1	3009	2	0	2920
HK61CTP	209	Picture	2_35_Encoding_Working_Memory_MEG_P3_LR_Nonsalient_NoChange_CuedRetrieval_300_300_399_1850_3000_1900_gabor_patch_orientation_084_173_038_103_target_position_1_2_retrieval_position_2	2948069	0	1	1337	2	0	1250
HK61CTP	209	Picture	Flicker2	2949406	1337	1	1338	2	1250	1250
HK61CTP	209	Picture	Flicker3	2950744	2675	1	1337	2	2500	1250
HK61CTP	210	Picture	Delay	2952248	0	1	18555	2	0	18420
HK61CTP	211	Picture	2_35_Retrieval_Working_Memory_MEG_P3_LR_Nonsalient_NoChange_CuedRetrieval_retrieval_patch_orientation_173_retrieval_position_2	2970970	0	1	30089	2	0	29920
HK61CTP	211	Response	10	2983093	12123	4
HK61CTP	212	Picture	ITI	3001226	0	2	19056	3	0	18920
HK61CTP	213	Picture	CueingCross	3020449	0	2	3009	3	0	2920
HK61CTP	214	Picture	PrepTime	3023626	0	1	3008	3	0	2920
HK61CTP	215	Picture	2_36_Encoding_Working_Memory_MEG_P3_LR_Nonsalient_NoChange_CuedRetrieval_300_300_399_2150_3000_2400_gabor_patch_orientation_160_026_140_095_target_position_1_4_retrieval_position_4	3026802	0	1	1337	2	0	1250
HK61CTP	215	Picture	Flicker2	3028139	1337	1	1337	2	1250	1250
HK61CTP	215	Picture	Flicker3	3029476	2674	1	1337	3	2500	1250
HK61CTP	216	Picture	Delay	3030981	0	1	21563	2	0	21420
HK61CTP	217	Picture	2_36_Retrieval_Working_Memory_MEG_P3_LR_Nonsalient_NoChange_CuedRetrieval_retrieval_patch_orientation_095_retrieval_position_4	3052711	0	2	30089	4	0	29920
HK61CTP	217	Response	10	3066141	13430	3
HK61CTP	218	Picture	ITI	3082967	0	2	24072	3	0	23920
HK61CTP	219	Picture	CueingCross	3107206	0	1	3009	2	0	2920
HK61CTP	220	Picture	PrepTime	3110382	0	1	3009	2	0	2920
HK61CTP	221	Picture	2_37_Encoding_Working_Memory_MEG_P3_LR_Nonsalient_NoChange_CuedRetrieval_300_300_399_2100_3000_2100_gabor_patch_orientation_130_095_059_074_target_position_3_4_retrieval_position_4	3113558	0	1	1337	2	0	1250
HK61CTP	221	Picture	Flicker2	3114895	1337	1	1337	2	1250	1250
HK61CTP	221	Picture	Flicker3	3116232	2674	1	1338	2	2500	1250
HK61CTP	222	Picture	Delay	3117737	0	1	21062	2	0	20920
HK61CTP	223	Picture	2_37_Retrieval_Working_Memory_MEG_P3_LR_Nonsalient_NoChange_CuedRetrieval_retrieval_patch_orientation_074_retrieval_position_4	3138966	0	1	30089	2	0	29920
HK61CTP	223	Response	10	3148698	9732	4
HK61CTP	224	Picture	ITI	3169222	0	1	21062	2	0	20920
HK61CTP	225	Picture	CueingCross	3190451	0	2	3009	4	0	2920
HK61CTP	226	Picture	PrepTime	3193628	0	1	3008	3	0	2920
HK61CTP	227	Picture	2_38_Encoding_Working_Memory_MEG_P3_LR_Nonsalient_DoChange_UncuedRetriev_300_300_399_1800_3000_2000_gabor_patch_orientation_001_016_121_139_target_position_1_3_retrieval_position_4	3196804	0	1	1337	2	0	1250
HK61CTP	227	Picture	Flicker2	3198141	1337	1	1337	2	1250	1250
HK61CTP	227	Picture	Flicker3	3199478	2674	1	1337	3	2500	1250
HK61CTP	228	Picture	Delay	3200983	0	1	18053	2	0	17920
HK61CTP	229	Picture	2_38_Retrieval_Working_Memory_MEG_P3_LR_Nonsalient_DoChange_UncuedRetriev_retrieval_patch_orientation_089_retrieval_position_4	3219203	0	1	30089	2	0	29920
HK61CTP	229	Response	20	3229896	10693	3
HK61CTP	230	Picture	ITI	3249459	0	1	20059	3	0	19920
HK61CTP	231	Picture	CueingCross	3269686	0	1	3008	3	0	2920
HK61CTP	232	Picture	PrepTime	3272862	0	1	3008	3	0	2920
HK61CTP	233	Picture	2_39_Encoding_Working_Memory_MEG_P3_LR_Nonsalient_NoChange_CuedRetrieval_300_300_399_1950_3000_1900_gabor_patch_orientation_160_035_019_053_target_position_1_2_retrieval_position_2	3276038	0	1	1337	2	0	1250
HK61CTP	233	Picture	Flicker2	3277375	1337	1	1337	2	1250	1250
HK61CTP	233	Picture	Flicker3	3278712	2674	1	1338	2	2500	1250
HK61CTP	234	Picture	Delay	3280217	0	1	19557	3	0	19420
HK61CTP	235	Picture	2_39_Retrieval_Working_Memory_MEG_P3_LR_Nonsalient_NoChange_CuedRetrieval_retrieval_patch_orientation_035_retrieval_position_2	3299942	0	1	30088	3	0	29920
HK61CTP	235	Response	10	3311043	11101	4
HK61CTP	236	Picture	ITI	3330198	0	1	19056	2	0	18920
HK61CTP	237	Picture	CueingCross	3349421	0	1	3009	2	0	2920
HK61CTP	238	Picture	PrepTime	3352597	0	1	3009	2	0	2920
HK61CTP	239	Picture	2_40_Encoding_Working_Memory_MEG_P3_LR_Nonsalient_NoChange_CuedRetrieval_300_300_399_1950_3000_2000_gabor_patch_orientation_149_124_169_015_target_position_3_4_retrieval_position_3	3355773	0	1	1337	3	0	1250
HK61CTP	239	Picture	Flicker2	3357110	1337	2	1338	3	1250	1250
HK61CTP	239	Picture	Flicker3	3358448	2675	1	1337	2	2500	1250
HK61CTP	240	Picture	Delay	3359952	0	1	19558	2	0	19420
HK61CTP	241	Picture	2_40_Retrieval_Working_Memory_MEG_P3_LR_Nonsalient_NoChange_CuedRetrieval_retrieval_patch_orientation_169_retrieval_position_3	3379677	0	2	30089	3	0	29920
HK61CTP	241	Response	10	3392431	12754	4
HK61CTP	242	Picture	ITI	3409933	0	1	20059	2	0	19920
HK61CTP	243	Picture	CueingCross	3430160	0	1	3008	3	0	2920
HK61CTP	244	Picture	PrepTime	3433336	0	1	3008	3	0	2920
HK61CTP	245	Picture	2_41_Encoding_Working_Memory_MEG_P3_LR_Nonsalient_DoChange_UncuedRetriev_300_300_399_1750_3000_2300_gabor_patch_orientation_121_177_042_161_target_position_1_4_retrieval_position_3	3436512	0	1	1337	2	0	1250
HK61CTP	245	Picture	Flicker2	3437849	1337	1	1337	2	1250	1250
HK61CTP	245	Picture	Flicker3	3439186	2674	1	1337	3	2500	1250
HK61CTP	246	Picture	Delay	3440691	0	1	17551	3	0	17420
HK61CTP	247	Picture	2_41_Retrieval_Working_Memory_MEG_P3_LR_Nonsalient_DoChange_UncuedRetriev_retrieval_patch_orientation_087_retrieval_position_3	3458410	0	1	30088	3	0	29920
HK61CTP	247	Response	20	3470738	12328	4
HK61CTP	248	Picture	ITI	3488666	0	1	23068	2	0	22920
HK61CTP	249	Picture	CueingCross	3511901	0	1	3009	2	0	2920
HK61CTP	250	Picture	PrepTime	3515077	0	1	3009	2	0	2920
HK61CTP	251	Picture	2_42_Encoding_Working_Memory_MEG_P3_LR_Nonsalient_NoChange_CuedRetrieval_300_300_399_1950_3000_2400_gabor_patch_orientation_048_073_004_026_target_position_2_4_retrieval_position_4	3518253	0	1	1337	2	0	1250
HK61CTP	251	Picture	Flicker2	3519590	1337	1	1338	2	1250	1250
HK61CTP	251	Picture	Flicker3	3520928	2675	1	1337	2	2500	1250
HK61CTP	252	Picture	Delay	3522432	0	1	19558	2	0	19420
HK61CTP	253	Picture	2_42_Retrieval_Working_Memory_MEG_P3_LR_Nonsalient_NoChange_CuedRetrieval_retrieval_patch_orientation_026_retrieval_position_4	3542157	0	1	30089	2	0	29920
HK61CTP	253	Response	10	3557485	15328	4
HK61CTP	253	Response	20	3563105	20948	3
HK61CTP	254	Picture	ITI	3572413	0	1	24071	2	0	23920
HK61CTP	255	Picture	CueingCross	3596651	0	1	3009	2	0	2920
HK61CTP	256	Picture	PrepTime	3599827	0	1	3009	2	0	2920
HK61CTP	257	Picture	2_43_Encoding_Working_Memory_MEG_P3_LR_Nonsalient_DoChange_CuedRetrieval_300_300_399_2200_3000_2500_gabor_patch_orientation_109_175_021_149_target_position_1_2_retrieval_position_1	3603003	0	2	1338	3	0	1250
HK61CTP	257	Picture	Flicker2	3604341	1338	1	1337	2	1250	1250
HK61CTP	257	Picture	Flicker3	3605678	2675	1	1337	2	2500	1250
HK61CTP	258	Picture	Delay	3607182	0	2	22065	4	0	21920
HK61CTP	259	Picture	2_43_Retrieval_Working_Memory_MEG_P3_LR_Nonsalient_DoChange_CuedRetrieval_retrieval_patch_orientation_061_retrieval_position_1	3629415	0	1	30088	3	0	29920
HK61CTP	260	Picture	ITI	3659671	0	1	25074	2	0	24920
HK61CTP	260	Response	20	3661332	1661	4
HK61CTP	261	Picture	CueingCross	3684912	0	2	3009	3	0	2920
HK61CTP	262	Picture	PrepTime	3688088	0	1	3009	2	0	2920
HK61CTP	263	Picture	2_44_Encoding_Working_Memory_MEG_P3_LR_Nonsalient_NoChange_CuedRetrieval_300_300_399_1900_3000_2450_gabor_patch_orientation_010_147_040_083_target_position_1_4_retrieval_position_4	3691264	0	1	1337	2	0	1250
HK61CTP	263	Picture	Flicker2	3692601	1337	1	1338	2	1250	1250
HK61CTP	263	Picture	Flicker3	3693939	2675	1	1337	2	2500	1250
HK61CTP	264	Picture	Delay	3695443	0	1	19056	2	0	18920
HK61CTP	265	Picture	2_44_Retrieval_Working_Memory_MEG_P3_LR_Nonsalient_NoChange_CuedRetrieval_retrieval_patch_orientation_083_retrieval_position_4	3714666	0	2	30089	3	0	29920
HK61CTP	265	Response	20	3726210	11544	4
HK61CTP	266	Picture	ITI	3744922	0	2	24573	3	0	24420
HK61CTP	267	Picture	CueingCross	3769662	0	1	3009	2	0	2920
HK61CTP	268	Picture	PrepTime	3772838	0	1	3009	2	0	2920
HK61CTP	269	Picture	2_45_Encoding_Working_Memory_MEG_P3_LR_Nonsalient_NoChange_CuedRetrieval_300_300_399_2100_3000_2550_gabor_patch_orientation_135_172_008_064_target_position_1_4_retrieval_position_1	3776014	0	1	1337	3	0	1250
HK61CTP	269	Picture	Flicker2	3777351	1337	2	1338	3	1250	1250
HK61CTP	269	Picture	Flicker3	3778689	2675	1	1337	2	2500	1250
HK61CTP	270	Picture	Delay	3780193	0	1	21062	3	0	20920
HK61CTP	271	Picture	2_45_Retrieval_Working_Memory_MEG_P3_LR_Nonsalient_NoChange_CuedRetrieval_retrieval_patch_orientation_135_retrieval_position_1	3801423	0	1	30088	3	0	29920
HK61CTP	271	Response	10	3830057	28634	4
HK61CTP	272	Picture	ITI	3831679	0	1	25575	2	0	25420
HK61CTP	273	Picture	CueingCross	3857421	0	2	3009	3	0	2920
HK61CTP	274	Picture	PrepTime	3860597	0	2	3009	3	0	2920
HK61CTP	275	Picture	2_46_Encoding_Working_Memory_MEG_P3_LR_Nonsalient_DoChange_CuedRetrieval_300_300_399_1800_3000_2250_gabor_patch_orientation_073_133_158_096_target_position_1_2_retrieval_position_1	3863773	0	2	1338	3	0	1250
HK61CTP	275	Picture	Flicker2	3865111	1338	1	1337	2	1250	1250
HK61CTP	275	Picture	Flicker3	3866448	2675	1	1337	2	2500	1250
HK61CTP	276	Picture	Delay	3867952	0	2	18054	3	0	17920
HK61CTP	277	Picture	2_46_Retrieval_Working_Memory_MEG_P3_LR_Nonsalient_DoChange_CuedRetrieval_retrieval_patch_orientation_026_retrieval_position_1	3886173	0	1	30089	2	0	29920
HK61CTP	277	Response	20	3892155	5982	4
HK61CTP	278	Picture	ITI	3916429	0	1	22567	2	0	22420
HK61CTP	279	Picture	CueingCross	3939163	0	1	3009	2	0	2920
HK61CTP	280	Picture	PrepTime	3942339	0	1	3009	2	0	2920
HK61CTP	281	Picture	2_47_Encoding_Working_Memory_MEG_P3_LR_Nonsalient_DoChange_UncuedRetriev_300_300_399_1850_3000_2550_gabor_patch_orientation_070_136_095_008_target_position_2_3_retrieval_position_4	3945515	0	1	1337	2	0	1250
HK61CTP	281	Picture	Flicker2	3946852	1337	1	1337	2	1250	1250
HK61CTP	281	Picture	Flicker3	3948189	2674	1	1338	2	2500	1250
HK61CTP	282	Picture	Delay	3949694	0	1	18555	2	0	18420
HK61CTP	283	Picture	2_47_Retrieval_Working_Memory_MEG_P3_LR_Nonsalient_DoChange_UncuedRetriev_retrieval_patch_orientation_053_retrieval_position_4	3968416	0	1	30089	2	0	29920
HK61CTP	283	Response	20	3981542	13126	4
HK61CTP	284	Picture	ITI	3998672	0	1	25575	2	0	25420
HK61CTP	285	Picture	CueingCross	4024414	0	2	3009	4	0	2920
HK61CTP	286	Picture	PrepTime	4027591	0	1	3008	3	0	2920
HK61CTP	287	Picture	2_48_Encoding_Working_Memory_MEG_P3_LR_Nonsalient_DoChange_CuedRetrieval_300_300_399_2250_3000_2350_gabor_patch_orientation_062_103_170_151_target_position_3_4_retrieval_position_4	4030767	0	1	1337	2	0	1250
HK61CTP	287	Picture	Flicker2	4032104	1337	1	1337	2	1250	1250
HK61CTP	287	Picture	Flicker3	4033441	2674	1	1337	3	2500	1250
HK61CTP	288	Picture	Delay	4034946	0	1	22566	2	0	22420
HK61CTP	289	Picture	2_48_Retrieval_Working_Memory_MEG_P3_LR_Nonsalient_DoChange_CuedRetrieval_retrieval_patch_orientation_016_retrieval_position_4	4057679	0	2	30089	3	0	29920
HK61CTP	289	Response	20	4065560	7881	3
HK61CTP	290	Picture	ITI	4087935	0	2	23570	3	0	23420
HK61CTP	291	Picture	CueingCross	4111672	0	1	3009	2	0	2920
HK61CTP	292	Picture	PrepTime	4114848	0	1	3009	2	0	2920
HK61CTP	293	Picture	2_49_Encoding_Working_Memory_MEG_P3_LR_Nonsalient_DoChange_CuedRetrieval_300_300_399_1900_3000_2450_gabor_patch_orientation_154_068_048_015_target_position_1_3_retrieval_position_3	4118024	0	2	1338	3	0	1250
HK61CTP	293	Picture	Flicker2	4119362	1338	1	1337	2	1250	1250
HK61CTP	293	Picture	Flicker3	4120699	2675	1	1337	2	2500	1250
HK61CTP	294	Picture	Delay	4122203	0	2	19057	3	0	18920
HK61CTP	295	Picture	2_49_Retrieval_Working_Memory_MEG_P3_LR_Nonsalient_DoChange_CuedRetrieval_retrieval_patch_orientation_094_retrieval_position_3	4141427	0	1	30089	2	0	29920
HK61CTP	295	Response	20	4149327	7900	4
HK61CTP	296	Picture	ITI	4171683	0	1	24572	2	0	24420
HK61CTP	297	Picture	CueingCross	4196422	0	2	3009	3	0	2920
HK61CTP	298	Picture	PrepTime	4199598	0	2	3009	4	0	2920
HK61CTP	299	Picture	2_50_Encoding_Working_Memory_MEG_P3_LR_Nonsalient_NoChange_CuedRetrieval_300_300_399_1800_3000_2450_gabor_patch_orientation_006_121_038_086_target_position_3_4_retrieval_position_3	4202775	0	1	1337	2	0	1250
HK61CTP	299	Picture	Flicker2	4204112	1337	1	1337	2	1250	1250
HK61CTP	299	Picture	Flicker3	4205449	2674	1	1337	3	2500	1250
HK61CTP	300	Picture	Delay	4206954	0	1	18053	2	0	17920
HK61CTP	301	Picture	2_50_Retrieval_Working_Memory_MEG_P3_LR_Nonsalient_NoChange_CuedRetrieval_retrieval_patch_orientation_038_retrieval_position_3	4225174	0	1	30089	2	0	29920
HK61CTP	301	Response	10	4233515	8341	4
HK61CTP	302	Picture	ITI	4255430	0	1	24573	2	0	24420
HK61CTP	303	Picture	CueingCross	4280170	0	1	3009	2	0	2920
HK61CTP	304	Picture	PrepTime	4283346	0	1	3009	2	0	2920
HK61CTP	305	Picture	2_51_Encoding_Working_Memory_MEG_P3_LR_Nonsalient_DoChange_CuedRetrieval_300_300_399_2000_3000_2500_gabor_patch_orientation_117_175_089_038_target_position_1_2_retrieval_position_1	4286521	0	2	1338	3	0	1250
HK61CTP	305	Picture	Flicker2	4287859	1338	1	1337	3	1250	1250
HK61CTP	305	Picture	Flicker3	4289196	2675	2	1338	3	2500	1250
HK61CTP	306	Picture	Delay	4290701	0	1	20059	2	0	19920
HK61CTP	307	Picture	2_51_Retrieval_Working_Memory_MEG_P3_LR_Nonsalient_DoChange_CuedRetrieval_retrieval_patch_orientation_068_retrieval_position_1	4310927	0	2	30089	3	0	29920
HK61CTP	307	Response	20	4333672	22745	3
HK61CTP	308	Picture	ITI	4341183	0	2	25074	3	0	24920
HK61CTP	309	Picture	CueingCross	4366425	0	1	3008	3	0	2920
HK61CTP	310	Picture	PrepTime	4369601	0	1	3008	3	0	2920
HK61CTP	311	Picture	2_52_Encoding_Working_Memory_MEG_P3_LR_Nonsalient_DoChange_UncuedRetriev_300_300_399_1950_3000_2050_gabor_patch_orientation_142_092_068_028_target_position_2_4_retrieval_position_1	4372777	0	1	1337	2	0	1250
HK61CTP	311	Picture	Flicker2	4374114	1337	1	1337	2	1250	1250
HK61CTP	311	Picture	Flicker3	4375451	2674	1	1337	3	2500	1250
HK61CTP	312	Picture	Delay	4376956	0	1	19557	2	0	19420
HK61CTP	313	Picture	2_52_Retrieval_Working_Memory_MEG_P3_LR_Nonsalient_DoChange_UncuedRetriev_retrieval_patch_orientation_007_retrieval_position_1	4396681	0	1	30088	3	0	29920
HK61CTP	313	Response	20	4414539	17858	4
HK61CTP	314	Picture	ITI	4426937	0	1	20560	2	0	20420
HK61CTP	315	Picture	CueingCross	4447664	0	2	3009	3	0	2920
HK61CTP	316	Picture	PrepTime	4450841	0	1	3008	3	0	2920
HK61CTP	317	Picture	2_53_Encoding_Working_Memory_MEG_P3_LR_Nonsalient_NoChange_CuedRetrieval_300_300_399_1800_3000_2350_gabor_patch_orientation_162_128_039_144_target_position_2_4_retrieval_position_4	4454017	0	1	1337	2	0	1250
HK61CTP	317	Picture	Flicker2	4455354	1337	1	1337	2	1250	1250
HK61CTP	317	Picture	Flicker3	4456691	2674	1	1337	3	2500	1250
HK61CTP	318	Picture	Delay	4458196	0	1	18053	2	0	17920
HK61CTP	319	Picture	2_53_Retrieval_Working_Memory_MEG_P3_LR_Nonsalient_NoChange_CuedRetrieval_retrieval_patch_orientation_144_retrieval_position_4	4476416	0	1	30089	2	0	29920
HK61CTP	319	Response	10	4485377	8961	3
HK61CTP	320	Picture	ITI	4506672	0	1	23570	2	0	23420
HK61CTP	321	Picture	CueingCross	4530409	0	1	3009	2	0	2920
HK61CTP	322	Picture	PrepTime	4533585	0	1	3009	2	0	2920
HK61CTP	323	Picture	2_54_Encoding_Working_Memory_MEG_P3_LR_Nonsalient_DoChange_CuedRetrieval_300_300_399_1800_3000_1950_gabor_patch_orientation_177_133_025_007_target_position_2_4_retrieval_position_2	4536761	0	1	1337	2	0	1250
HK61CTP	323	Picture	Flicker2	4538098	1337	1	1337	3	1250	1250
HK61CTP	323	Picture	Flicker3	4539435	2674	2	1338	3	2500	1250
HK61CTP	324	Picture	Delay	4540940	0	1	18053	2	0	17920
HK61CTP	325	Picture	2_54_Retrieval_Working_Memory_MEG_P3_LR_Nonsalient_DoChange_CuedRetrieval_retrieval_patch_orientation_087_retrieval_position_2	4559160	0	2	30089	3	0	29920
HK61CTP	325	Response	20	4567654	8494	4
HK61CTP	326	Picture	ITI	4589416	0	2	19558	3	0	19420
HK61CTP	327	Picture	CueingCross	4609141	0	2	3009	3	0	2920
HK61CTP	328	Picture	PrepTime	4612317	0	2	3009	3	0	2920
HK61CTP	329	Picture	2_55_Encoding_Working_Memory_MEG_P3_LR_Nonsalient_NoChange_UncuedRetriev_300_300_399_2150_3000_2100_gabor_patch_orientation_153_131_096_116_target_position_3_4_retrieval_position_2	4615493	0	2	1338	3	0	1250
HK61CTP	329	Picture	Flicker2	4616831	1338	1	1337	2	1250	1250
HK61CTP	329	Picture	Flicker3	4618168	2675	1	1337	2	2500	1250
HK61CTP	330	Picture	Delay	4619672	0	2	21564	3	0	21420
HK61CTP	331	Picture	2_55_Retrieval_Working_Memory_MEG_P3_LR_Nonsalient_NoChange_UncuedRetriev_retrieval_patch_orientation_131_retrieval_position_2	4641403	0	2	30089	3	0	29920
HK61CTP	331	Response	20	4663181	21778	4
HK61CTP	332	Picture	ITI	4671659	0	2	21063	3	0	20920
HK61CTP	333	Picture	CueingCross	4692889	0	1	3009	2	0	2920
HK61CTP	334	Picture	PrepTime	4696065	0	1	3009	2	0	2920
HK61CTP	335	Picture	2_56_Encoding_Working_Memory_MEG_P3_LR_Nonsalient_DoChange_CuedRetrieval_300_300_399_1900_3000_2350_gabor_patch_orientation_101_081_155_040_target_position_1_2_retrieval_position_2	4699241	0	1	1337	2	0	1250
HK61CTP	335	Picture	Flicker2	4700578	1337	1	1337	2	1250	1250
HK61CTP	335	Picture	Flicker3	4701915	2674	1	1338	2	2500	1250
HK61CTP	336	Picture	Delay	4703420	0	1	19056	2	0	18920
HK61CTP	337	Picture	2_56_Retrieval_Working_Memory_MEG_P3_LR_Nonsalient_DoChange_CuedRetrieval_retrieval_patch_orientation_126_retrieval_position_2	4722643	0	1	30089	2	0	29920
HK61CTP	337	Response	20	4730629	7986	4
HK61CTP	338	Picture	ITI	4752899	0	2	23570	3	0	23420
HK61CTP	339	Picture	CueingCross	4776636	0	1	3009	2	0	2920
HK61CTP	340	Picture	PrepTime	4779812	0	1	3009	2	0	2920
HK61CTP	341	Picture	2_57_Encoding_Working_Memory_MEG_P3_LR_Nonsalient_NoChange_CuedRetrieval_300_300_399_2250_3000_2300_gabor_patch_orientation_100_154_085_125_target_position_1_3_retrieval_position_3	4782988	0	1	1337	2	0	1250
HK61CTP	341	Picture	Flicker2	4784325	1337	1	1338	2	1250	1250
HK61CTP	341	Picture	Flicker3	4785663	2675	1	1337	2	2500	1250
HK61CTP	342	Picture	Delay	4787167	0	1	22567	2	0	22420
HK61CTP	343	Picture	2_57_Retrieval_Working_Memory_MEG_P3_LR_Nonsalient_NoChange_CuedRetrieval_retrieval_patch_orientation_085_retrieval_position_3	4809901	0	1	30089	2	0	29920
HK61CTP	343	Response	20	4833176	23275	4
HK61CTP	344	Picture	ITI	4840157	0	1	23068	2	0	22920
HK61CTP	345	Picture	CueingCross	4863392	0	1	3009	2	0	2920
HK61CTP	346	Picture	PrepTime	4866568	0	2	3009	3	0	2920
HK61CTP	347	Picture	2_58_Encoding_Working_Memory_MEG_P3_LR_Nonsalient_DoChange_CuedRetrieval_300_300_399_2050_3000_2050_gabor_patch_orientation_064_179_091_037_target_position_1_3_retrieval_position_1	4869744	0	2	1338	3	0	1250
HK61CTP	347	Picture	Flicker2	4871082	1338	1	1337	2	1250	1250
HK61CTP	347	Picture	Flicker3	4872419	2675	1	1336	3	2500	1250
HK61CTP	348	Picture	Delay	4873923	0	2	20561	3	0	20420
HK61CTP	349	Picture	2_58_Retrieval_Working_Memory_MEG_P3_LR_Nonsalient_DoChange_CuedRetrieval_retrieval_patch_orientation_112_retrieval_position_1	4894651	0	1	30089	2	0	29920
HK61CTP	349	Response	10	4916274	21623	3
HK61CTP	350	Picture	ITI	4924907	0	1	20561	2	0	20420
HK61CTP	351	Picture	CueingCross	4945635	0	1	3009	2	0	2920
HK61CTP	352	Picture	PrepTime	4948811	0	2	3009	3	0	2920
HK61CTP	353	Picture	2_59_Encoding_Working_Memory_MEG_P3_LR_Nonsalient_DoChange_UncuedRetriev_300_300_399_1750_3000_2000_gabor_patch_orientation_001_117_085_037_target_position_1_4_retrieval_position_2	4951987	0	1	1337	3	0	1250
HK61CTP	353	Picture	Flicker2	4953324	1337	2	1338	3	1250	1250
HK61CTP	353	Picture	Flicker3	4954662	2675	1	1337	2	2500	1250
HK61CTP	354	Picture	Delay	4956166	0	1	17552	2	0	17420
HK61CTP	355	Picture	2_59_Retrieval_Working_Memory_MEG_P3_LR_Nonsalient_DoChange_UncuedRetriev_retrieval_patch_orientation_162_retrieval_position_2	4973885	0	1	30089	2	0	29920
HK61CTP	355	Response	20	4986771	12886	4
HK61CTP	356	Picture	ITI	5004141	0	2	20059	4	0	19920
HK61CTP	357	Picture	CueingCross	5024368	0	1	3009	2	0	2920
HK61CTP	358	Picture	PrepTime	5027544	0	1	3009	2	0	2920
HK61CTP	359	Picture	2_60_Encoding_Working_Memory_MEG_P3_LR_Nonsalient_NoChange_CuedRetrieval_300_300_399_1850_3000_2500_gabor_patch_orientation_006_143_062_175_target_position_1_2_retrieval_position_2	5030720	0	1	1337	2	0	1250
HK61CTP	359	Picture	Flicker2	5032057	1337	1	1337	2	1250	1250
HK61CTP	359	Picture	Flicker3	5033394	2674	1	1338	2	2500	1250
HK61CTP	360	Picture	Delay	5034899	0	1	18555	2	0	18420
HK61CTP	361	Picture	2_60_Retrieval_Working_Memory_MEG_P3_LR_Nonsalient_NoChange_CuedRetrieval_retrieval_patch_orientation_143_retrieval_position_2	5053621	0	1	30089	2	0	29920
HK61CTP	361	Response	10	5073989	20368	3
HK61CTP	362	Picture	ITI	5083877	0	1	25074	2	0	24920
HK61CTP	363	Picture	CueingCross	5109118	0	1	3009	2	0	2920
HK61CTP	364	Picture	PrepTime	5112294	0	1	3009	2	0	2920
HK61CTP	365	Picture	2_61_Encoding_Working_Memory_MEG_P3_LR_Nonsalient_DoChange_CuedRetrieval_300_300_399_2200_3000_2350_gabor_patch_orientation_058_178_099_034_target_position_1_4_retrieval_position_1	5115470	0	1	1337	2	0	1250
HK61CTP	365	Picture	Flicker2	5116807	1337	1	1338	2	1250	1250
HK61CTP	365	Picture	Flicker3	5118145	2675	1	1337	2	2500	1250
HK61CTP	366	Picture	Delay	5119649	0	1	22065	2	0	21920
HK61CTP	367	Picture	2_61_Retrieval_Working_Memory_MEG_P3_LR_Nonsalient_DoChange_CuedRetrieval_retrieval_patch_orientation_012_retrieval_position_1	5141881	0	2	30089	3	0	29920
HK61CTP	367	Response	20	5159596	17715	4
HK61CTP	368	Picture	ITI	5172137	0	2	23570	3	0	23420
HK61CTP	369	Picture	CueingCross	5195874	0	1	3009	2	0	2920
HK61CTP	370	Picture	PrepTime	5199050	0	1	3009	2	0	2920
HK61CTP	371	Picture	2_62_Encoding_Working_Memory_MEG_P3_LR_Nonsalient_DoChange_CuedRetrieval_300_300_399_2050_3000_1900_gabor_patch_orientation_066_109_046_002_target_position_1_2_retrieval_position_2	5202226	0	1	1338	2	0	1250
HK61CTP	371	Picture	Flicker2	5203564	1338	1	1337	2	1250	1250
HK61CTP	371	Picture	Flicker3	5204901	2675	1	1337	2	2500	1250
HK61CTP	372	Picture	Delay	5206405	0	2	20561	3	0	20420
HK61CTP	373	Picture	2_62_Retrieval_Working_Memory_MEG_P3_LR_Nonsalient_DoChange_CuedRetrieval_retrieval_patch_orientation_155_retrieval_position_2	5227133	0	1	30089	2	0	29920
HK61CTP	373	Response	20	5240134	13001	3
HK61CTP	374	Picture	ITI	5257389	0	1	19056	3	0	18920
HK61CTP	375	Picture	CueingCross	5276613	0	1	3008	3	0	2920
HK61CTP	376	Picture	PrepTime	5279789	0	1	3008	3	0	2920
HK61CTP	377	Picture	2_63_Encoding_Working_Memory_MEG_P3_LR_Nonsalient_DoChange_CuedRetrieval_300_300_399_2000_3000_2600_gabor_patch_orientation_098_035_150_175_target_position_1_3_retrieval_position_3	5282965	0	1	1337	2	0	1250
HK61CTP	377	Picture	Flicker2	5284302	1337	1	1337	2	1250	1250
HK61CTP	377	Picture	Flicker3	5285639	2674	1	1338	2	2500	1250
HK61CTP	378	Picture	Delay	5287144	0	1	20059	2	0	19920
HK61CTP	379	Picture	2_63_Retrieval_Working_Memory_MEG_P3_LR_Nonsalient_DoChange_CuedRetrieval_retrieval_patch_orientation_011_retrieval_position_3	5307370	0	1	30089	2	0	29920
HK61CTP	379	Response	20	5329591	22221	3
HK61CTP	380	Picture	ITI	5337626	0	1	26077	2	0	25920
HK61CTP	381	Picture	CueingCross	5363870	0	2	3009	3	0	2920
HK61CTP	382	Picture	PrepTime	5367046	0	2	3009	3	0	2920
HK61CTP	383	Picture	2_64_Encoding_Working_Memory_MEG_P3_LR_Nonsalient_DoChange_UncuedRetriev_300_300_399_2100_3000_1950_gabor_patch_orientation_132_109_003_049_target_position_2_4_retrieval_position_1	5370222	0	2	1338	3	0	1250
HK61CTP	383	Picture	Flicker2	5371560	1338	1	1336	3	1250	1250
HK61CTP	383	Picture	Flicker3	5372896	2674	2	1338	3	2500	1250
HK61CTP	384	Picture	Delay	5374401	0	2	21063	3	0	20920
HK61CTP	385	Picture	2_64_Retrieval_Working_Memory_MEG_P3_LR_Nonsalient_DoChange_UncuedRetriev_retrieval_patch_orientation_180_retrieval_position_1	5395631	0	1	30089	2	0	29920
HK61CTP	385	Response	10	5423948	28317	4
HK61CTP	385	Response	20	5425538	29907	3
HK61CTP	386	Picture	ITI	5425887	0	1	19558	2	0	19420
HK61CTP	387	Picture	CueingCross	5445612	0	1	3009	2	0	2920
HK61CTP	388	Picture	PrepTime	5448788	0	1	3009	2	0	2920
HK61CTP	389	Picture	2_65_Encoding_Working_Memory_MEG_P3_LR_Nonsalient_NoChange_CuedRetrieval_300_300_399_2200_3000_2300_gabor_patch_orientation_170_128_085_147_target_position_1_4_retrieval_position_4	5451964	0	1	1337	2	0	1250
HK61CTP	389	Picture	Flicker2	5453301	1337	1	1337	2	1250	1250
HK61CTP	389	Picture	Flicker3	5454638	2674	1	1338	2	2500	1250
HK61CTP	390	Picture	Delay	5456143	0	1	22065	2	0	21920
HK61CTP	391	Picture	2_65_Retrieval_Working_Memory_MEG_P3_LR_Nonsalient_NoChange_CuedRetrieval_retrieval_patch_orientation_147_retrieval_position_4	5478375	0	1	30089	2	0	29920
HK61CTP	391	Response	20	5491476	13101	3
HK61CTP	392	Picture	ITI	5508631	0	1	23068	2	0	22920
HK61CTP	393	Picture	CueingCross	5531866	0	2	3009	3	0	2920
HK61CTP	394	Picture	PrepTime	5535042	0	2	3009	3	0	2920
HK61CTP	395	Picture	2_66_Encoding_Working_Memory_MEG_P3_LR_Nonsalient_DoChange_CuedRetrieval_300_300_399_1750_3000_2350_gabor_patch_orientation_116_131_172_001_target_position_1_2_retrieval_position_2	5538218	0	2	1338	3	0	1250
HK61CTP	395	Picture	Flicker2	5539556	1338	1	1337	2	1250	1250
HK61CTP	395	Picture	Flicker3	5540893	2675	1	1337	2	2500	1250
HK61CTP	396	Picture	Delay	5542398	0	1	17551	2	0	17420
HK61CTP	397	Picture	2_66_Retrieval_Working_Memory_MEG_P3_LR_Nonsalient_DoChange_CuedRetrieval_retrieval_patch_orientation_082_retrieval_position_2	5560116	0	2	30089	3	0	29920
HK61CTP	397	Response	10	5581163	21047	4
HK61CTP	398	Picture	ITI	5590372	0	2	23570	3	0	23420
HK61CTP	399	Picture	CueingCross	5614109	0	2	3009	3	0	2920
HK61CTP	400	Picture	PrepTime	5617285	0	2	3009	3	0	2920
HK61CTP	401	Picture	2_67_Encoding_Working_Memory_MEG_P3_LR_Nonsalient_DoChange_CuedRetrieval_300_300_399_1900_3000_2100_gabor_patch_orientation_159_136_114_099_target_position_1_3_retrieval_position_3	5620461	0	2	1338	3	0	1250
HK61CTP	401	Picture	Flicker2	5621799	1338	1	1337	2	1250	1250
HK61CTP	401	Picture	Flicker3	5623136	2675	1	1337	2	2500	1250
HK61CTP	402	Picture	Delay	5624640	0	2	19057	3	0	18920
HK61CTP	403	Picture	2_67_Retrieval_Working_Memory_MEG_P3_LR_Nonsalient_DoChange_CuedRetrieval_retrieval_patch_orientation_069_retrieval_position_3	5643864	0	1	30089	2	0	29920
HK61CTP	403	Response	20	5662971	19107	4
HK61CTP	404	Picture	ITI	5674120	0	1	21062	2	0	20920
HK61CTP	405	Picture	CueingCross	5695349	0	1	3009	2	0	2920
HK61CTP	406	Picture	PrepTime	5698525	0	2	3009	3	0	2920
HK61CTP	407	Picture	2_68_Encoding_Working_Memory_MEG_P3_LR_Nonsalient_DoChange_CuedRetrieval_300_300_399_2200_3000_2200_gabor_patch_orientation_143_029_053_073_target_position_2_4_retrieval_position_4	5701701	0	2	1338	3	0	1250
HK61CTP	407	Picture	Flicker2	5703039	1338	1	1337	2	1250	1250
HK61CTP	407	Picture	Flicker3	5704376	2675	1	1337	2	2500	1250
HK61CTP	408	Picture	Delay	5705880	0	2	22065	4	0	21920
HK61CTP	409	Picture	2_68_Retrieval_Working_Memory_MEG_P3_LR_Nonsalient_DoChange_CuedRetrieval_retrieval_patch_orientation_118_retrieval_position_4	5728113	0	1	30088	3	0	29920
HK61CTP	409	Response	20	5744828	16715	4
HK61CTP	410	Picture	ITI	5758369	0	1	22065	2	0	21920
HK61CTP	411	Picture	CueingCross	5780601	0	1	3009	2	0	2920
HK61CTP	412	Picture	PrepTime	5783777	0	1	3009	2	0	2920
HK61CTP	413	Picture	2_69_Encoding_Working_Memory_MEG_P3_LR_Nonsalient_NoChange_UncuedRetriev_300_300_399_2000_3000_2600_gabor_patch_orientation_031_004_110_160_target_position_2_4_retrieval_position_1	5786953	0	1	1337	2	0	1250
HK61CTP	413	Picture	Flicker2	5788290	1337	1	1338	2	1250	1250
HK61CTP	413	Picture	Flicker3	5789628	2675	1	1337	2	2500	1250
HK61CTP	414	Picture	Delay	5791132	0	1	20059	2	0	19920
HK61CTP	415	Picture	2_69_Retrieval_Working_Memory_MEG_P3_LR_Nonsalient_NoChange_UncuedRetriev_retrieval_patch_orientation_031_retrieval_position_1	5811358	0	2	30089	3	0	29920
HK61CTP	415	Response	10	5832915	21557	4
HK61CTP	416	Picture	ITI	5841614	0	2	26077	4	0	25920
HK61CTP	417	Picture	CueingCross	5867859	0	1	3009	2	0	2920
HK61CTP	418	Picture	PrepTime	5871035	0	1	3009	2	0	2920
HK61CTP	419	Picture	2_70_Encoding_Working_Memory_MEG_P3_LR_Nonsalient_DoChange_CuedRetrieval_300_300_399_2050_3000_2400_gabor_patch_orientation_157_042_094_069_target_position_1_4_retrieval_position_1	5874211	0	1	1337	2	0	1250
HK61CTP	419	Picture	Flicker2	5875548	1337	1	1337	2	1250	1250
HK61CTP	419	Picture	Flicker3	5876885	2674	1	1338	2	2500	1250
HK61CTP	420	Picture	Delay	5878390	0	1	20560	3	0	20420
HK61CTP	421	Picture	2_70_Retrieval_Working_Memory_MEG_P3_LR_Nonsalient_DoChange_CuedRetrieval_retrieval_patch_orientation_112_retrieval_position_1	5899118	0	1	30088	3	0	29920
HK61CTP	421	Response	20	5911913	12795	3
HK61CTP	422	Picture	ITI	5929374	0	1	24071	2	0	23920
HK61CTP	423	Picture	BaselinePost	5953612	0	2	50148	3	0	50000
