Scenario - ATWM1_Working_Memory_MEG_salient_cued_run1
Logfile written - 02/03/2016 19:06:45

Subject	Trial	Event Type	Code	Time	TTime	Uncertainty	Duration	Uncertainty	ReqTime	ReqDur

RA72WYU	1	Picture	ExpStart	162	0	1	10163	2	0	10000
RA72WYU	2	Picture	BaselinePre	10491	0	2	100128	4	0	100000
RA72WYU	3	Picture	CueingCross	110786	0	1	2999	2	0	2920
RA72WYU	4	Picture	PrepTime	113951	0	2	2999	3	0	2920
RA72WYU	5	Picture	1_1_Encoding_Working_Memory_MEG_Nonsalient_Cued_DoChange_CuedRetrieval_300_300_399_1750_3000_2000_gabor_patch_orientation_176_058_116_005_target_position_1_4_retrieval_position_1	117117	0	1	1333	2	0	1250
RA72WYU	5	Picture	Flicker2	118450	1333	1	1333	2	1250	1250
RA72WYU	5	Picture	Flicker3	119783	2666	1	1332	2	2500	1250
RA72WYU	6	Picture	Delay	121282	0	1	17493	2	0	17420
RA72WYU	7	Picture	1_1_Retrieval_Working_Memory_MEG_Nonsalient_Cued_DoChange_CuedRetrieval_retrieval_patch_orientation_039_retrieval_position_1	138942	0	1	29988	2	0	29920
RA72WYU	7	Response	20	157871	18929	4
RA72WYU	8	Picture	ITI	169097	0	1	19992	2	0	19920
RA72WYU	9	Picture	CueingCross	189256	0	1	2999	2	0	2920
RA72WYU	10	Picture	PrepTime	192421	0	1	2999	2	0	2920
RA72WYU	11	Picture	1_2_Encoding_Working_Memory_MEG_Nonsalient_Cued_DoChange_CuedRetrieval_300_300_399_1750_3000_2350_gabor_patch_orientation_076_038_098_166_target_position_1_3_retrieval_position_3	195587	0	1	1332	3	0	1250
RA72WYU	11	Picture	Flicker2	196919	1332	2	1333	3	1250	1250
RA72WYU	11	Picture	Flicker3	198252	2665	1	1333	2	2500	1250
RA72WYU	12	Picture	Delay	199752	0	1	17493	2	0	17420
RA72WYU	13	Picture	1_2_Retrieval_Working_Memory_MEG_Nonsalient_Cued_DoChange_CuedRetrieval_retrieval_patch_orientation_148_retrieval_position_3	217412	0	1	29988	2	0	29920
RA72WYU	13	Response	10	239399	21987	3
RA72WYU	14	Picture	ITI	247566	0	2	23491	4	0	23420
RA72WYU	15	Picture	CueingCross	271224	0	1	2999	2	0	2920
RA72WYU	16	Picture	PrepTime	274390	0	1	2998	2	0	2920
RA72WYU	17	Picture	1_3_Encoding_Working_Memory_MEG_Nonsalient_Cued_DoChange_CuedRetrieval_300_300_399_1750_3000_2300_gabor_patch_orientation_158_013_048_081_target_position_1_4_retrieval_position_4	277555	0	1	1333	2	0	1250
RA72WYU	17	Picture	Flicker2	278888	1333	1	1333	2	1250	1250
RA72WYU	17	Picture	Flicker3	280221	2666	1	1332	3	2500	1250
RA72WYU	18	Picture	Delay	281720	0	1	17493	2	0	17420
RA72WYU	19	Picture	1_3_Retrieval_Working_Memory_MEG_Nonsalient_Cued_DoChange_CuedRetrieval_retrieval_patch_orientation_130_retrieval_position_4	299380	0	1	29988	2	0	29920
RA72WYU	19	Response	20	317157	17777	3
RA72WYU	20	Picture	ITI	329535	0	1	22991	2	0	22920
RA72WYU	21	Picture	CueingCross	352693	0	1	2998	3	0	2920
RA72WYU	22	Picture	PrepTime	355858	0	1	2999	2	0	2920
RA72WYU	23	Picture	1_4_Encoding_Working_Memory_MEG_Nonsalient_Cued_DoChange_CuedRetrieval_300_300_399_2250_3000_2150_gabor_patch_orientation_020_145_070_127_target_position_2_4_retrieval_position_4	359024	0	1	1332	2	0	1250
RA72WYU	23	Picture	Flicker2	360356	1332	1	1333	2	1250	1250
RA72WYU	23	Picture	Flicker3	361689	2665	1	1333	2	2500	1250
RA72WYU	24	Picture	Delay	363189	0	1	22491	2	0	22420
RA72WYU	25	Picture	1_4_Retrieval_Working_Memory_MEG_Nonsalient_Cued_DoChange_CuedRetrieval_retrieval_patch_orientation_176_retrieval_position_4	385847	0	1	29988	2	0	29920
RA72WYU	25	Response	20	400964	15117	4
RA72WYU	26	Picture	ITI	416001	0	2	21492	3	0	21420
RA72WYU	27	Picture	CueingCross	437660	0	1	2999	2	0	2920
RA72WYU	28	Picture	PrepTime	440825	0	2	2999	3	0	2920
RA72WYU	29	Picture	1_5_Encoding_Working_Memory_MEG_Nonsalient_Cued_NoChange_CuedRetrieval_300_300_399_1750_3000_2400_gabor_patch_orientation_133_044_065_082_target_position_3_4_retrieval_position_3	443991	0	1	1332	3	0	1250
RA72WYU	29	Picture	Flicker2	445323	1332	2	1333	3	1250	1250
RA72WYU	29	Picture	Flicker3	446656	2665	1	1333	2	2500	1250
RA72WYU	30	Picture	Delay	448156	0	1	17493	2	0	17420
RA72WYU	31	Picture	1_5_Retrieval_Working_Memory_MEG_Nonsalient_Cued_NoChange_CuedRetrieval_retrieval_patch_orientation_065_retrieval_position_3	465816	0	1	29988	2	0	29920
RA72WYU	31	Response	20	493062	27246	3
RA72WYU	32	Picture	ITI	495971	0	1	23990	2	0	23920
RA72WYU	33	Picture	CueingCross	520128	0	1	2999	2	0	2920
RA72WYU	34	Picture	PrepTime	523293	0	2	2999	3	0	2920
RA72WYU	35	Picture	1_6_Encoding_Working_Memory_MEG_Nonsalient_Cued_NoChange_CuedRetrieval_300_300_399_1900_3000_2300_gabor_patch_orientation_087_112_005_175_target_position_1_3_retrieval_position_1	526459	0	1	1333	2	0	1250
RA72WYU	35	Picture	Flicker2	527792	1333	1	1333	2	1250	1250
RA72WYU	35	Picture	Flicker3	529125	2666	1	1332	2	2500	1250
RA72WYU	36	Picture	Delay	530624	0	1	18993	2	0	18920
RA72WYU	37	Picture	1_6_Retrieval_Working_Memory_MEG_Nonsalient_Cued_NoChange_CuedRetrieval_retrieval_patch_orientation_087_retrieval_position_1	549783	0	1	29989	2	0	29920
RA72WYU	37	Response	10	564640	14857	3
RA72WYU	38	Picture	ITI	579938	0	2	22991	3	0	22920
RA72WYU	39	Picture	CueingCross	603096	0	1	2999	2	0	2920
RA72WYU	40	Picture	PrepTime	606261	0	2	2999	3	0	2920
RA72WYU	41	Picture	1_7_Encoding_Working_Memory_MEG_Nonsalient_Cued_DoChange_CuedRetrieval_300_300_399_1900_3000_2200_gabor_patch_orientation_067_090_021_004_target_position_1_4_retrieval_position_4	609427	0	1	1333	2	0	1250
RA72WYU	41	Picture	Flicker2	610760	1333	1	1332	3	1250	1250
RA72WYU	41	Picture	Flicker3	612092	2665	2	1333	3	2500	1250
RA72WYU	42	Picture	Delay	613592	0	1	18993	2	0	18920
RA72WYU	43	Picture	1_7_Retrieval_Working_Memory_MEG_Nonsalient_Cued_DoChange_CuedRetrieval_retrieval_patch_orientation_140_retrieval_position_4	632751	0	1	29989	2	0	29920
RA72WYU	43	Response	20	649048	16297	3
RA72WYU	44	Picture	ITI	662906	0	1	21992	2	0	21920
RA72WYU	45	Picture	CueingCross	685064	0	2	2999	3	0	2920
RA72WYU	46	Picture	PrepTime	688230	0	1	2999	2	0	2920
RA72WYU	47	Picture	1_8_Encoding_Working_Memory_MEG_Nonsalient_Cued_DoChange_UncuedRetriev_300_300_399_1900_3000_2450_gabor_patch_orientation_020_060_168_004_target_position_1_2_retrieval_position_4	691395	0	1	1333	2	0	1250
RA72WYU	47	Picture	Flicker2	692728	1333	1	1333	2	1250	1250
RA72WYU	47	Picture	Flicker3	694061	2666	1	1333	2	2500	1250
RA72WYU	48	Picture	Delay	695560	0	1	18993	2	0	18920
RA72WYU	49	Picture	1_8_Retrieval_Working_Memory_MEG_Nonsalient_Cued_DoChange_UncuedRetriev_retrieval_patch_orientation_139_retrieval_position_4	714719	0	2	29989	3	0	29920
RA72WYU	50	Picture	ITI	744874	0	2	24491	3	0	24420
RA72WYU	50	Response	10	747235	2361	3
RA72WYU	51	Picture	CueingCross	769532	0	1	2999	2	0	2920
RA72WYU	52	Picture	PrepTime	772697	0	1	2999	2	0	2920
RA72WYU	53	Picture	1_9_Encoding_Working_Memory_MEG_Nonsalient_Cued_NoChange_CuedRetrieval_300_300_399_1900_3000_2450_gabor_patch_orientation_013_148_168_034_target_position_1_3_retrieval_position_3	775863	0	1	1332	3	0	1250
RA72WYU	53	Picture	Flicker2	777195	1332	2	1333	3	1250	1250
RA72WYU	53	Picture	Flicker3	778528	2665	1	1333	2	2500	1250
RA72WYU	54	Picture	Delay	780028	0	1	18992	2	0	18920
RA72WYU	55	Picture	1_9_Retrieval_Working_Memory_MEG_Nonsalient_Cued_NoChange_CuedRetrieval_retrieval_patch_orientation_168_retrieval_position_3	799187	0	1	29988	2	0	29920
RA72WYU	55	Response	10	827263	28076	3
RA72WYU	56	Picture	ITI	829342	0	1	24490	3	0	24420
RA72WYU	57	Picture	CueingCross	853999	0	1	2999	2	0	2920
RA72WYU	58	Picture	PrepTime	857165	0	1	2998	2	0	2920
RA72WYU	59	Picture	1_10_Encoding_Working_Memory_MEG_Nonsalient_Cued_NoChange_CuedRetrieval_300_300_399_1850_3000_2400_gabor_patch_orientation_021_137_156_087_target_position_2_3_retrieval_position_3	860330	0	1	1333	2	0	1250
RA72WYU	59	Picture	Flicker2	861663	1333	1	1333	2	1250	1250
RA72WYU	59	Picture	Flicker3	862996	2666	1	1332	3	2500	1250
RA72WYU	60	Picture	Delay	864495	0	1	18493	2	0	18420
RA72WYU	61	Picture	1_10_Retrieval_Working_Memory_MEG_Nonsalient_Cued_NoChange_CuedRetrieval_retrieval_patch_orientation_156_retrieval_position_3	883154	0	2	29989	3	0	29920
RA72WYU	61	Response	20	910840	27686	4
RA72WYU	62	Picture	ITI	913309	0	2	23991	3	0	23920
RA72WYU	63	Picture	CueingCross	937467	0	1	2999	2	0	2920
RA72WYU	64	Picture	PrepTime	940632	0	1	2999	2	0	2920
RA72WYU	65	Picture	1_11_Encoding_Working_Memory_MEG_Nonsalient_Cued_DoChange_CuedRetrieval_300_300_399_1800_3000_2500_gabor_patch_orientation_147_087_006_029_target_position_1_4_retrieval_position_4	943798	0	1	1333	2	0	1250
RA72WYU	65	Picture	Flicker2	945131	1333	1	1332	2	1250	1250
RA72WYU	65	Picture	Flicker3	946463	2665	1	1333	2	2500	1250
RA72WYU	66	Picture	Delay	947963	0	1	17993	2	0	17920
RA72WYU	67	Picture	1_11_Retrieval_Working_Memory_MEG_Nonsalient_Cued_DoChange_CuedRetrieval_retrieval_patch_orientation_165_retrieval_position_4	966122	0	2	29989	3	0	29920
RA72WYU	67	Response	10	984398	18276	4
RA72WYU	68	Picture	ITI	996277	0	2	24991	3	0	24920
RA72WYU	69	Picture	CueingCross	1021434	0	2	2999	3	0	2920
RA72WYU	70	Picture	PrepTime	1024600	0	1	2999	2	0	2920
RA72WYU	71	Picture	1_12_Encoding_Working_Memory_MEG_Nonsalient_Cued_NoChange_CuedRetrieval_300_300_399_1900_3000_2350_gabor_patch_orientation_025_143_164_008_target_position_1_2_retrieval_position_1	1027765	0	2	1333	3	0	1250
RA72WYU	71	Picture	Flicker2	1029098	1333	1	1333	2	1250	1250
RA72WYU	71	Picture	Flicker3	1030431	2666	1	1333	2	2500	1250
RA72WYU	72	Picture	Delay	1031930	0	2	18993	3	0	18920
RA72WYU	73	Picture	1_12_Retrieval_Working_Memory_MEG_Nonsalient_Cued_NoChange_CuedRetrieval_retrieval_patch_orientation_025_retrieval_position_1	1051090	0	1	29988	2	0	29920
RA72WYU	73	Response	10	1072926	21836	3
RA72WYU	74	Picture	ITI	1081245	0	1	23491	2	0	23420
RA72WYU	75	Picture	CueingCross	1104902	0	1	2999	2	0	2920
RA72WYU	76	Picture	PrepTime	1108068	0	1	2998	3	0	2920
RA72WYU	77	Picture	1_13_Encoding_Working_Memory_MEG_Nonsalient_Cued_NoChange_UncuedRetriev_300_300_399_2150_3000_2350_gabor_patch_orientation_007_076_135_046_target_position_1_3_retrieval_position_2	1111233	0	1	1333	2	0	1250
RA72WYU	77	Picture	Flicker2	1112566	1333	1	1333	2	1250	1250
RA72WYU	77	Picture	Flicker3	1113899	2666	1	1333	2	2500	1250
RA72WYU	78	Picture	Delay	1115398	0	1	21492	2	0	21420
RA72WYU	79	Picture	1_13_Retrieval_Working_Memory_MEG_Nonsalient_Cued_NoChange_UncuedRetriev_retrieval_patch_orientation_076_retrieval_position_2	1137056	0	2	29989	3	0	29920
RA72WYU	79	Response	10	1159334	22278	3
RA72WYU	80	Picture	ITI	1167211	0	2	23491	3	0	23420
RA72WYU	81	Picture	CueingCross	1190869	0	1	2999	2	0	2920
RA72WYU	82	Picture	PrepTime	1194034	0	2	2999	3	0	2920
RA72WYU	83	Picture	1_14_Encoding_Working_Memory_MEG_Nonsalient_Cued_DoChange_CuedRetrieval_300_300_399_1950_3000_2200_gabor_patch_orientation_100_148_167_080_target_position_2_4_retrieval_position_2	1197200	0	1	1333	2	0	1250
RA72WYU	83	Picture	Flicker2	1198533	1333	1	1333	2	1250	1250
RA72WYU	83	Picture	Flicker3	1199866	2666	1	1332	2	2500	1250
RA72WYU	84	Picture	Delay	1201365	0	1	19492	3	0	19420
RA72WYU	85	Picture	1_14_Retrieval_Working_Memory_MEG_Nonsalient_Cued_DoChange_CuedRetrieval_retrieval_patch_orientation_012_retrieval_position_2	1221024	0	1	29988	3	0	29920
RA72WYU	85	Response	20	1244521	23497	4
RA72WYU	86	Picture	ITI	1251179	0	1	21992	2	0	21920
RA72WYU	87	Picture	CueingCross	1273337	0	1	2999	2	0	2920
RA72WYU	88	Picture	PrepTime	1276503	0	1	2998	3	0	2920
RA72WYU	89	Picture	1_15_Encoding_Working_Memory_MEG_Nonsalient_Cued_DoChange_CuedRetrieval_300_300_399_2050_3000_2000_gabor_patch_orientation_159_128_003_019_target_position_2_3_retrieval_position_3	1279668	0	1	1333	2	0	1250
RA72WYU	89	Picture	Flicker2	1281001	1333	1	1333	2	1250	1250
RA72WYU	89	Picture	Flicker3	1282334	2666	1	1332	3	2500	1250
RA72WYU	90	Picture	Delay	1283833	0	1	20492	2	0	20420
RA72WYU	91	Picture	1_15_Retrieval_Working_Memory_MEG_Nonsalient_Cued_DoChange_CuedRetrieval_retrieval_patch_orientation_050_retrieval_position_3	1304492	0	1	29988	2	0	29920
RA72WYU	92	Picture	ITI	1334647	0	1	19992	2	0	19920
RA72WYU	92	Response	20	1337239	2592	3
RA72WYU	93	Picture	CueingCross	1354806	0	1	2998	3	0	2920
RA72WYU	94	Picture	PrepTime	1357971	0	1	2999	2	0	2920
RA72WYU	95	Picture	1_16_Encoding_Working_Memory_MEG_Nonsalient_Cued_DoChange_UncuedRetriev_300_300_399_2100_3000_2500_gabor_patch_orientation_076_013_040_102_target_position_3_4_retrieval_position_1	1361137	0	1	1332	3	0	1250
RA72WYU	95	Picture	Flicker2	1362469	1332	2	1333	3	1250	1250
RA72WYU	95	Picture	Flicker3	1363802	2665	1	1333	2	2500	1250
RA72WYU	96	Picture	Delay	1365302	0	1	20992	2	0	20920
RA72WYU	97	Picture	1_16_Retrieval_Working_Memory_MEG_Nonsalient_Cued_DoChange_UncuedRetriev_retrieval_patch_orientation_125_retrieval_position_1	1386460	0	1	29989	2	0	29920
RA72WYU	97	Response	10	1409047	22587	3
RA72WYU	98	Picture	ITI	1416615	0	1	24991	2	0	24920
RA72WYU	99	Picture	CueingCross	1441772	0	1	2999	2	0	2920
RA72WYU	100	Picture	PrepTime	1444937	0	2	2999	3	0	2920
RA72WYU	101	Picture	1_17_Encoding_Working_Memory_MEG_Nonsalient_Cued_NoChange_CuedRetrieval_300_300_399_1950_3000_2100_gabor_patch_orientation_170_023_008_095_target_position_1_3_retrieval_position_3	1448103	0	1	1333	2	0	1250
RA72WYU	101	Picture	Flicker2	1449436	1333	1	1333	2	1250	1250
RA72WYU	101	Picture	Flicker3	1450769	2666	1	1332	3	2500	1250
RA72WYU	102	Picture	Delay	1452268	0	1	19493	2	0	19420
RA72WYU	103	Picture	1_17_Retrieval_Working_Memory_MEG_Nonsalient_Cued_NoChange_CuedRetrieval_retrieval_patch_orientation_008_retrieval_position_3	1471927	0	1	29989	2	0	29920
RA72WYU	103	Response	10	1496894	24967	4
RA72WYU	104	Picture	ITI	1502082	0	1	20992	2	0	20920
RA72WYU	105	Picture	CueingCross	1523241	0	1	2999	2	0	2920
RA72WYU	106	Picture	PrepTime	1526406	0	1	2999	2	0	2920
RA72WYU	107	Picture	1_18_Encoding_Working_Memory_MEG_Nonsalient_Cued_DoChange_CuedRetrieval_300_300_399_1850_3000_2050_gabor_patch_orientation_177_019_108_136_target_position_3_4_retrieval_position_3	1529572	0	1	1332	2	0	1250
RA72WYU	107	Picture	Flicker2	1530904	1332	1	1333	2	1250	1250
RA72WYU	107	Picture	Flicker3	1532237	2665	1	1333	2	2500	1250
RA72WYU	108	Picture	Delay	1533737	0	1	18492	3	0	18420
RA72WYU	109	Picture	1_18_Retrieval_Working_Memory_MEG_Nonsalient_Cued_DoChange_CuedRetrieval_retrieval_patch_orientation_060_retrieval_position_3	1552396	0	1	29988	3	0	29920
RA72WYU	109	Response	20	1576192	23796	4
RA72WYU	110	Picture	ITI	1582551	0	1	20492	2	0	20420
RA72WYU	111	Picture	CueingCross	1603210	0	1	2999	2	0	2920
RA72WYU	112	Picture	PrepTime	1606375	0	1	2999	2	0	2920
RA72WYU	113	Picture	1_19_Encoding_Working_Memory_MEG_Nonsalient_Cued_NoChange_UncuedRetriev_300_300_399_2250_3000_2150_gabor_patch_orientation_099_180_147_040_target_position_2_4_retrieval_position_3	1609541	0	1	1332	3	0	1250
RA72WYU	113	Picture	Flicker2	1610873	1332	2	1333	3	1250	1250
RA72WYU	113	Picture	Flicker3	1612206	2665	1	1333	2	2500	1250
RA72WYU	114	Picture	Delay	1613706	0	1	22491	2	0	22420
RA72WYU	115	Picture	1_19_Retrieval_Working_Memory_MEG_Nonsalient_Cued_NoChange_UncuedRetriev_retrieval_patch_orientation_147_retrieval_position_3	1636364	0	1	29988	2	0	29920
RA72WYU	115	Response	10	1652780	16416	3
RA72WYU	116	Picture	ITI	1666519	0	1	21491	2	0	21420
RA72WYU	117	Picture	CueingCross	1688177	0	1	2999	2	0	2920
RA72WYU	118	Picture	PrepTime	1691342	0	2	2999	3	0	2920
RA72WYU	119	Picture	1_20_Encoding_Working_Memory_MEG_Nonsalient_Cued_NoChange_CuedRetrieval_300_300_399_2200_3000_2450_gabor_patch_orientation_064_172_082_007_target_position_1_3_retrieval_position_3	1694508	0	1	1333	2	0	1250
RA72WYU	119	Picture	Flicker2	1695841	1333	1	1332	3	1250	1250
RA72WYU	119	Picture	Flicker3	1697173	2665	2	1333	3	2500	1250
RA72WYU	120	Picture	Delay	1698672	0	2	21992	4	0	21920
RA72WYU	121	Picture	1_20_Retrieval_Working_Memory_MEG_Nonsalient_Cued_NoChange_CuedRetrieval_retrieval_patch_orientation_082_retrieval_position_3	1720831	0	1	29988	3	0	29920
RA72WYU	121	Response	10	1742488	21657	3
RA72WYU	122	Picture	ITI	1750986	0	1	24491	2	0	24420
RA72WYU	123	Picture	CueingCross	1775643	0	1	2999	2	0	2920
RA72WYU	124	Picture	PrepTime	1778809	0	1	2998	3	0	2920
RA72WYU	125	Picture	1_21_Encoding_Working_Memory_MEG_Nonsalient_Cued_NoChange_CuedRetrieval_300_300_399_2100_3000_2350_gabor_patch_orientation_144_095_022_178_target_position_1_3_retrieval_position_1	1781974	0	1	1333	2	0	1250
RA72WYU	125	Picture	Flicker2	1783307	1333	1	1333	2	1250	1250
RA72WYU	125	Picture	Flicker3	1784640	2666	1	1332	3	2500	1250
RA72WYU	126	Picture	Delay	1786139	0	1	20992	2	0	20920
RA72WYU	127	Picture	1_21_Retrieval_Working_Memory_MEG_Nonsalient_Cued_NoChange_CuedRetrieval_retrieval_patch_orientation_144_retrieval_position_1	1807298	0	1	29988	2	0	29920
RA72WYU	128	Picture	ITI	1837453	0	1	23491	2	0	23420
RA72WYU	128	Response	10	1838845	1392	3
RA72WYU	129	Picture	CueingCross	1861110	0	1	2999	2	0	2920
RA72WYU	130	Picture	PrepTime	1864276	0	1	2998	3	0	2920
RA72WYU	131	Picture	1_22_Encoding_Working_Memory_MEG_Nonsalient_Cued_DoChange_CuedRetrieval_300_300_399_2150_3000_2000_gabor_patch_orientation_128_011_101_170_target_position_1_2_retrieval_position_1	1867441	0	1	1333	2	0	1250
RA72WYU	131	Picture	Flicker2	1868774	1333	1	1333	2	1250	1250
RA72WYU	131	Picture	Flicker3	1870107	2666	1	1333	2	2500	1250
RA72WYU	132	Picture	Delay	1871606	0	1	21492	2	0	21420
RA72WYU	133	Picture	1_22_Retrieval_Working_Memory_MEG_Nonsalient_Cued_DoChange_CuedRetrieval_retrieval_patch_orientation_082_retrieval_position_1	1893264	0	2	29989	3	0	29920
RA72WYU	133	Response	10	1906523	13259	3
RA72WYU	134	Picture	ITI	1923419	0	2	19993	3	0	19920
RA72WYU	135	Picture	CueingCross	1943578	0	2	2999	3	0	2920
RA72WYU	136	Picture	PrepTime	1946744	0	1	2999	2	0	2920
RA72WYU	137	Picture	1_23_Encoding_Working_Memory_MEG_Nonsalient_Cued_DoChange_CuedRetrieval_300_300_399_2250_3000_2400_gabor_patch_orientation_050_180_005_116_target_position_1_4_retrieval_position_4	1949909	0	1	1333	2	0	1250
RA72WYU	137	Picture	Flicker2	1951242	1333	1	1333	2	1250	1250
RA72WYU	137	Picture	Flicker3	1952575	2666	1	1333	2	2500	1250
RA72WYU	138	Picture	Delay	1954074	0	2	22492	3	0	22420
RA72WYU	139	Picture	1_23_Retrieval_Working_Memory_MEG_Nonsalient_Cued_DoChange_CuedRetrieval_retrieval_patch_orientation_071_retrieval_position_4	1976732	0	1	29989	2	0	29920
RA72WYU	139	Response	10	1993961	17229	4
RA72WYU	140	Picture	ITI	2006887	0	1	23991	2	0	23920
RA72WYU	141	Picture	CueingCross	2031045	0	1	2998	3	0	2920
RA72WYU	142	Picture	PrepTime	2034210	0	1	2999	2	0	2920
RA72WYU	143	Picture	1_24_Encoding_Working_Memory_MEG_Nonsalient_Cued_DoChange_CuedRetrieval_300_300_399_2000_3000_2000_gabor_patch_orientation_054_090_069_113_target_position_1_2_retrieval_position_1	2037375	0	2	1333	3	0	1250
RA72WYU	143	Picture	Flicker2	2038708	1333	1	1333	2	1250	1250
RA72WYU	143	Picture	Flicker3	2040041	2666	1	1333	2	2500	1250
RA72WYU	144	Picture	Delay	2041540	0	2	19993	3	0	19920
RA72WYU	145	Picture	1_24_Retrieval_Working_Memory_MEG_Nonsalient_Cued_DoChange_CuedRetrieval_retrieval_patch_orientation_007_retrieval_position_1	2061699	0	2	29989	3	0	29920
RA72WYU	145	Response	20	2080348	18649	4
RA72WYU	146	Picture	ITI	2091854	0	2	19993	3	0	19920
RA72WYU	147	Picture	CueingCross	2112013	0	2	2999	3	0	2920
RA72WYU	148	Picture	PrepTime	2115179	0	1	2999	2	0	2920
RA72WYU	149	Picture	1_25_Encoding_Working_Memory_MEG_Nonsalient_Cued_NoChange_CuedRetrieval_300_300_399_2050_3000_2000_gabor_patch_orientation_157_138_050_017_target_position_1_3_retrieval_position_3	2118344	0	1	1333	2	0	1250
RA72WYU	149	Picture	Flicker2	2119677	1333	1	1333	2	1250	1250
RA72WYU	149	Picture	Flicker3	2121010	2666	1	1333	2	2500	1250
RA72WYU	150	Picture	Delay	2122509	0	1	20492	2	0	20420
RA72WYU	151	Picture	1_25_Retrieval_Working_Memory_MEG_Nonsalient_Cued_NoChange_CuedRetrieval_retrieval_patch_orientation_050_retrieval_position_3	2143168	0	1	29988	2	0	29920
RA72WYU	151	Response	10	2161206	18038	3
RA72WYU	152	Picture	ITI	2173323	0	1	19992	2	0	19920
RA72WYU	153	Picture	CueingCross	2193482	0	1	2999	2	0	2920
RA72WYU	154	Picture	PrepTime	2196647	0	2	2999	3	0	2920
RA72WYU	155	Picture	1_26_Encoding_Working_Memory_MEG_Nonsalient_Cued_DoChange_UncuedRetriev_300_300_399_2100_3000_2200_gabor_patch_orientation_128_007_042_180_target_position_1_2_retrieval_position_3	2199813	0	1	1333	2	0	1250
RA72WYU	155	Picture	Flicker2	2201146	1333	1	1332	2	1250	1250
RA72WYU	155	Picture	Flicker3	2202478	2665	1	1333	2	2500	1250
RA72WYU	156	Picture	Delay	2203978	0	1	20992	2	0	20920
RA72WYU	157	Picture	1_26_Retrieval_Working_Memory_MEG_Nonsalient_Cued_DoChange_UncuedRetriev_retrieval_patch_orientation_090_retrieval_position_3	2225136	0	2	29989	3	0	29920
RA72WYU	157	Response	20	2246444	21308	3
RA72WYU	158	Picture	ITI	2255291	0	2	21992	3	0	21920
RA72WYU	159	Picture	CueingCross	2277449	0	2	2999	3	0	2920
RA72WYU	160	Picture	PrepTime	2280615	0	1	2999	2	0	2920
RA72WYU	161	Picture	1_27_Encoding_Working_Memory_MEG_Nonsalient_Cued_NoChange_CuedRetrieval_300_300_399_2050_3000_2000_gabor_patch_orientation_042_018_065_096_target_position_1_2_retrieval_position_2	2283780	0	2	1333	3	0	1250
RA72WYU	161	Picture	Flicker2	2285113	1333	1	1333	2	1250	1250
RA72WYU	161	Picture	Flicker3	2286446	2666	1	1333	2	2500	1250
RA72WYU	162	Picture	Delay	2287945	0	2	20492	4	0	20420
RA72WYU	163	Picture	1_27_Retrieval_Working_Memory_MEG_Nonsalient_Cued_NoChange_CuedRetrieval_retrieval_patch_orientation_018_retrieval_position_2	2308604	0	1	29988	3	0	29920
RA72WYU	163	Response	10	2327081	18477	9
RA72WYU	164	Picture	ITI	2338759	0	1	19992	2	0	19920
RA72WYU	165	Picture	CueingCross	2358918	0	1	2999	2	0	2920
RA72WYU	166	Picture	PrepTime	2362083	0	2	2999	3	0	2920
RA72WYU	167	Picture	1_28_Encoding_Working_Memory_MEG_Nonsalient_Cued_NoChange_CuedRetrieval_300_300_399_2200_3000_2500_gabor_patch_orientation_082_147_099_059_target_position_1_4_retrieval_position_4	2365249	0	1	1333	2	0	1250
RA72WYU	167	Picture	Flicker2	2366582	1333	1	1332	3	1250	1250
RA72WYU	167	Picture	Flicker3	2367914	2665	2	1333	3	2500	1250
RA72WYU	168	Picture	Delay	2369414	0	1	21991	3	0	21920
RA72WYU	169	Picture	1_28_Retrieval_Working_Memory_MEG_Nonsalient_Cued_NoChange_CuedRetrieval_retrieval_patch_orientation_059_retrieval_position_4	2391572	0	1	29988	3	0	29920
RA72WYU	169	Response	10	2416279	24707	3
RA72WYU	170	Picture	ITI	2421727	0	1	24990	2	0	24920
RA72WYU	171	Picture	CueingCross	2446884	0	1	2999	2	0	2920
RA72WYU	172	Picture	PrepTime	2450049	0	2	2999	3	0	2920
RA72WYU	173	Picture	1_29_Encoding_Working_Memory_MEG_Nonsalient_Cued_NoChange_CuedRetrieval_300_300_399_1850_3000_2100_gabor_patch_orientation_127_059_167_106_target_position_1_4_retrieval_position_1	2453215	0	1	1333	2	0	1250
RA72WYU	173	Picture	Flicker2	2454548	1333	1	1332	3	1250	1250
RA72WYU	173	Picture	Flicker3	2455880	2665	2	1333	3	2500	1250
RA72WYU	174	Picture	Delay	2457380	0	1	18493	2	0	18420
RA72WYU	175	Picture	1_29_Retrieval_Working_Memory_MEG_Nonsalient_Cued_NoChange_CuedRetrieval_retrieval_patch_orientation_127_retrieval_position_1	2476039	0	2	29989	3	0	29920
RA72WYU	175	Response	20	2495017	18978	4
RA72WYU	176	Picture	ITI	2506194	0	2	20992	3	0	20920
RA72WYU	177	Picture	CueingCross	2527353	0	1	2999	2	0	2920
RA72WYU	178	Picture	PrepTime	2530518	0	2	2999	3	0	2920
RA72WYU	179	Picture	1_30_Encoding_Working_Memory_MEG_Nonsalient_Cued_NoChange_UncuedRetriev_300_300_399_2100_3000_2150_gabor_patch_orientation_065_146_041_097_target_position_1_4_retrieval_position_3	2533684	0	1	1333	2	0	1250
RA72WYU	179	Picture	Flicker2	2535017	1333	1	1332	3	1250	1250
RA72WYU	179	Picture	Flicker3	2536349	2665	2	1333	3	2500	1250
RA72WYU	180	Picture	Delay	2537849	0	1	20992	2	0	20920
RA72WYU	181	Picture	1_30_Retrieval_Working_Memory_MEG_Nonsalient_Cued_NoChange_UncuedRetriev_retrieval_patch_orientation_041_retrieval_position_3	2559007	0	2	29989	3	0	29920
RA72WYU	181	Response	10	2579835	20828	3
RA72WYU	182	Picture	ITI	2589162	0	2	21492	3	0	21420
RA72WYU	183	Picture	CueingCross	2610821	0	1	2998	3	0	2920
RA72WYU	184	Picture	PrepTime	2613986	0	1	2999	2	0	2920
RA72WYU	185	Picture	1_31_Encoding_Working_Memory_MEG_Nonsalient_Cued_NoChange_CuedRetrieval_300_300_399_1800_3000_2450_gabor_patch_orientation_026_092_131_148_target_position_1_2_retrieval_position_1	2617152	0	1	1332	3	0	1250
RA72WYU	185	Picture	Flicker2	2618484	1332	2	1333	3	1250	1250
RA72WYU	185	Picture	Flicker3	2619817	2665	1	1333	2	2500	1250
RA72WYU	186	Picture	Delay	2621317	0	1	17993	2	0	17920
RA72WYU	187	Picture	1_31_Retrieval_Working_Memory_MEG_Nonsalient_Cued_NoChange_CuedRetrieval_retrieval_patch_orientation_026_retrieval_position_1	2639476	0	2	29989	3	0	29920
RA72WYU	187	Response	10	2665202	25726	4
RA72WYU	188	Picture	ITI	2669631	0	2	24491	3	0	24420
RA72WYU	189	Picture	CueingCross	2694288	0	2	2999	3	0	2920
RA72WYU	190	Picture	PrepTime	2697454	0	1	2999	2	0	2920
RA72WYU	191	Picture	1_32_Encoding_Working_Memory_MEG_Nonsalient_Cued_DoChange_CuedRetrieval_300_300_399_2050_3000_2100_gabor_patch_orientation_116_149_030_067_target_position_2_3_retrieval_position_2	2700619	0	2	1333	3	0	1250
RA72WYU	191	Picture	Flicker2	2701952	1333	1	1333	2	1250	1250
RA72WYU	191	Picture	Flicker3	2703285	2666	1	1333	2	2500	1250
RA72WYU	192	Picture	Delay	2704784	0	2	20492	4	0	20420
RA72WYU	193	Picture	1_32_Retrieval_Working_Memory_MEG_Nonsalient_Cued_DoChange_CuedRetrieval_retrieval_patch_orientation_099_retrieval_position_2	2725443	0	1	29988	3	0	29920
RA72WYU	193	Response	10	2742110	16667	4
RA72WYU	194	Picture	ITI	2755598	0	1	20992	2	0	20920
RA72WYU	195	Picture	CueingCross	2776757	0	1	2998	3	0	2920
RA72WYU	196	Picture	PrepTime	2779922	0	1	2999	2	0	2920
RA72WYU	197	Picture	1_33_Encoding_Working_Memory_MEG_Nonsalient_Cued_DoChange_CuedRetrieval_300_300_399_2250_3000_2250_gabor_patch_orientation_159_102_027_134_target_position_2_4_retrieval_position_2	2783087	0	2	1333	3	0	1250
RA72WYU	197	Picture	Flicker2	2784420	1333	1	1333	2	1250	1250
RA72WYU	197	Picture	Flicker3	2785753	2666	1	1333	2	2500	1250
RA72WYU	198	Picture	Delay	2787253	0	1	22491	2	0	22420
RA72WYU	199	Picture	1_33_Retrieval_Working_Memory_MEG_Nonsalient_Cued_DoChange_CuedRetrieval_retrieval_patch_orientation_053_retrieval_position_2	2809910	0	2	29989	3	0	29920
RA72WYU	199	Response	20	2829738	19828	8
RA72WYU	200	Picture	ITI	2840065	0	2	22492	3	0	22420
RA72WYU	201	Picture	CueingCross	2862723	0	2	2999	3	0	2920
RA72WYU	202	Picture	PrepTime	2865889	0	2	2999	3	0	2920
RA72WYU	203	Picture	1_34_Encoding_Working_Memory_MEG_Nonsalient_Cued_NoChange_CuedRetrieval_300_300_399_2100_3000_2250_gabor_patch_orientation_127_070_050_093_target_position_1_2_retrieval_position_2	2869054	0	2	1333	3	0	1250
RA72WYU	203	Picture	Flicker2	2870387	1333	1	1333	2	1250	1250
RA72WYU	203	Picture	Flicker3	2871720	2666	1	1333	2	2500	1250
RA72WYU	204	Picture	Delay	2873219	0	2	20992	3	0	20920
RA72WYU	205	Picture	1_34_Retrieval_Working_Memory_MEG_Nonsalient_Cued_NoChange_CuedRetrieval_retrieval_patch_orientation_070_retrieval_position_2	2894378	0	1	29988	2	0	29920
RA72WYU	205	Response	10	2917405	23027	4
RA72WYU	206	Picture	ITI	2924533	0	1	22491	2	0	22420
RA72WYU	207	Picture	CueingCross	2947191	0	1	2999	2	0	2920
RA72WYU	208	Picture	PrepTime	2950356	0	1	2999	2	0	2920
RA72WYU	209	Picture	1_35_Encoding_Working_Memory_MEG_Nonsalient_Cued_DoChange_CuedRetrieval_300_300_399_1750_3000_2150_gabor_patch_orientation_142_180_059_111_target_position_1_2_retrieval_position_1	2953522	0	1	1332	3	0	1250
RA72WYU	209	Picture	Flicker2	2954854	1332	2	1333	3	1250	1250
RA72WYU	209	Picture	Flicker3	2956187	2665	1	1333	2	2500	1250
RA72WYU	210	Picture	Delay	2957687	0	1	17493	2	0	17420
RA72WYU	211	Picture	1_35_Retrieval_Working_Memory_MEG_Nonsalient_Cued_DoChange_CuedRetrieval_retrieval_patch_orientation_093_retrieval_position_1	2975347	0	1	29988	2	0	29920
RA72WYU	211	Response	10	2992953	17606	4
RA72WYU	212	Picture	ITI	3005502	0	1	21491	2	0	21420
RA72WYU	213	Picture	CueingCross	3027160	0	1	2999	2	0	2920
RA72WYU	214	Picture	PrepTime	3030325	0	2	2999	3	0	2920
RA72WYU	215	Picture	1_36_Encoding_Working_Memory_MEG_Nonsalient_Cued_NoChange_CuedRetrieval_300_300_399_1800_3000_2250_gabor_patch_orientation_073_158_114_096_target_position_3_4_retrieval_position_4	3033491	0	1	1333	2	0	1250
RA72WYU	215	Picture	Flicker2	3034824	1333	1	1332	2	1250	1250
RA72WYU	215	Picture	Flicker3	3036156	2665	1	1333	2	2500	1250
RA72WYU	216	Picture	Delay	3037655	0	2	17994	3	0	17920
RA72WYU	217	Picture	1_36_Retrieval_Working_Memory_MEG_Nonsalient_Cued_NoChange_CuedRetrieval_retrieval_patch_orientation_096_retrieval_position_4	3055816	0	1	29988	2	0	29920
RA72WYU	217	Response	10	3070651	14835	4
RA72WYU	218	Picture	ITI	3085970	0	2	22492	3	0	22420
RA72WYU	219	Picture	CueingCross	3108628	0	2	2999	3	0	2920
RA72WYU	220	Picture	PrepTime	3111794	0	1	2999	2	0	2920
RA72WYU	221	Picture	1_37_Encoding_Working_Memory_MEG_Nonsalient_Cued_NoChange_CuedRetrieval_300_300_399_2100_3000_2100_gabor_patch_orientation_108_173_001_040_target_position_2_4_retrieval_position_2	3114959	0	2	1333	3	0	1250
RA72WYU	221	Picture	Flicker2	3116292	1333	1	1333	2	1250	1250
RA72WYU	221	Picture	Flicker3	3117625	2666	1	1333	2	2500	1250
RA72WYU	222	Picture	Delay	3119124	0	2	20992	3	0	20920
RA72WYU	223	Picture	1_37_Retrieval_Working_Memory_MEG_Nonsalient_Cued_NoChange_CuedRetrieval_retrieval_patch_orientation_173_retrieval_position_2	3140283	0	1	29988	2	0	29920
RA72WYU	223	Response	10	3152609	12326	3
RA72WYU	224	Picture	ITI	3170438	0	1	20992	2	0	20920
RA72WYU	225	Picture	CueingCross	3191596	0	2	2999	3	0	2920
RA72WYU	226	Picture	PrepTime	3194762	0	1	2999	2	0	2920
RA72WYU	227	Picture	1_38_Encoding_Working_Memory_MEG_Nonsalient_Cued_NoChange_UncuedRetriev_300_300_399_1950_3000_2050_gabor_patch_orientation_085_036_143_171_target_position_2_3_retrieval_position_4	3197927	0	2	1333	3	0	1250
RA72WYU	227	Picture	Flicker2	3199260	1333	1	1333	2	1250	1250
RA72WYU	227	Picture	Flicker3	3200593	2666	1	1333	2	2500	1250
RA72WYU	228	Picture	Delay	3202092	0	2	19493	3	0	19420
RA72WYU	229	Picture	1_38_Retrieval_Working_Memory_MEG_Nonsalient_Cued_NoChange_UncuedRetriev_retrieval_patch_orientation_171_retrieval_position_4	3221751	0	2	29989	3	0	29920
RA72WYU	229	Response	10	3236446	14695	4
RA72WYU	230	Picture	ITI	3251906	0	2	20493	3	0	20420
RA72WYU	231	Picture	CueingCross	3272565	0	1	2999	2	0	2920
RA72WYU	232	Picture	PrepTime	3275731	0	1	2998	3	0	2920
RA72WYU	233	Picture	1_39_Encoding_Working_Memory_MEG_Nonsalient_Cued_NoChange_CuedRetrieval_300_300_399_1850_3000_2450_gabor_patch_orientation_136_178_153_026_target_position_3_4_retrieval_position_4	3278896	0	1	1333	2	0	1250
RA72WYU	233	Picture	Flicker2	3280229	1333	1	1333	2	1250	1250
RA72WYU	233	Picture	Flicker3	3281562	2666	1	1332	3	2500	1250
RA72WYU	234	Picture	Delay	3283061	0	1	18493	2	0	18420
RA72WYU	235	Picture	1_39_Retrieval_Working_Memory_MEG_Nonsalient_Cued_NoChange_CuedRetrieval_retrieval_patch_orientation_026_retrieval_position_4	3301721	0	1	29988	2	0	29920
RA72WYU	235	Response	20	3319714	17993	4
RA72WYU	236	Picture	ITI	3331876	0	1	24490	2	0	24420
RA72WYU	237	Picture	CueingCross	3356533	0	1	2999	2	0	2920
RA72WYU	238	Picture	PrepTime	3359698	0	1	2999	2	0	2920
RA72WYU	239	Picture	1_40_Encoding_Working_Memory_MEG_Nonsalient_Cued_NoChange_UncuedRetriev_300_300_399_2000_3000_2200_gabor_patch_orientation_095_174_011_152_target_position_1_3_retrieval_position_2	3362864	0	1	1332	3	0	1250
RA72WYU	239	Picture	Flicker2	3364196	1332	2	1333	3	1250	1250
RA72WYU	239	Picture	Flicker3	3365529	2665	1	1333	2	2500	1250
RA72WYU	240	Picture	Delay	3367029	0	1	19992	2	0	19920
RA72WYU	241	Picture	1_40_Retrieval_Working_Memory_MEG_Nonsalient_Cued_NoChange_UncuedRetriev_retrieval_patch_orientation_174_retrieval_position_2	3387188	0	1	29988	2	0	29920
RA72WYU	241	Response	10	3397322	10134	4
RA72WYU	242	Picture	ITI	3417342	0	2	21992	3	0	21920
RA72WYU	243	Picture	CueingCross	3439501	0	1	2998	3	0	2920
RA72WYU	244	Picture	PrepTime	3442666	0	1	2999	2	0	2920
RA72WYU	245	Picture	1_41_Encoding_Working_Memory_MEG_Nonsalient_Cued_NoChange_CuedRetrieval_300_300_399_1950_3000_2050_gabor_patch_orientation_053_166_127_037_target_position_3_4_retrieval_position_4	3445831	0	2	1333	3	0	1250
RA72WYU	245	Picture	Flicker2	3447164	1333	1	1333	2	1250	1250
RA72WYU	245	Picture	Flicker3	3448497	2666	1	1333	2	2500	1250
RA72WYU	246	Picture	Delay	3449997	0	1	19492	2	0	19420
RA72WYU	247	Picture	1_41_Retrieval_Working_Memory_MEG_Nonsalient_Cued_NoChange_CuedRetrieval_retrieval_patch_orientation_037_retrieval_position_4	3469656	0	1	29988	2	0	29920
RA72WYU	247	Response	10	3481950	12294	3
RA72WYU	248	Picture	ITI	3499811	0	1	20492	2	0	20420
RA72WYU	249	Picture	CueingCross	3520469	0	2	2999	3	0	2920
RA72WYU	250	Picture	PrepTime	3523635	0	1	2999	2	0	2920
RA72WYU	251	Picture	1_42_Encoding_Working_Memory_MEG_Nonsalient_Cued_DoChange_CuedRetrieval_300_300_399_2200_3000_2150_gabor_patch_orientation_163_047_029_135_target_position_1_3_retrieval_position_3	3526800	0	2	1333	3	0	1250
RA72WYU	251	Picture	Flicker2	3528133	1333	1	1333	2	1250	1250
RA72WYU	251	Picture	Flicker3	3529466	2666	1	1333	2	2500	1250
RA72WYU	252	Picture	Delay	3530965	0	2	21992	3	0	21920
RA72WYU	253	Picture	1_42_Retrieval_Working_Memory_MEG_Nonsalient_Cued_DoChange_CuedRetrieval_retrieval_patch_orientation_076_retrieval_position_3	3553123	0	2	29989	3	0	29920
RA72WYU	253	Response	20	3582887	29764	4
RA72WYU	254	Picture	ITI	3583278	0	2	21492	3	0	21420
RA72WYU	255	Picture	CueingCross	3604937	0	1	2999	2	0	2920
RA72WYU	256	Picture	PrepTime	3608102	0	1	2999	2	0	2920
RA72WYU	257	Picture	1_43_Encoding_Working_Memory_MEG_Nonsalient_Cued_NoChange_CuedRetrieval_300_300_399_2250_3000_2300_gabor_patch_orientation_025_074_144_111_target_position_1_2_retrieval_position_1	3611268	0	1	1332	3	0	1250
RA72WYU	257	Picture	Flicker2	3612600	1332	2	1333	3	1250	1250
RA72WYU	257	Picture	Flicker3	3613933	2665	1	1333	2	2500	1250
RA72WYU	258	Picture	Delay	3615433	0	1	22491	2	0	22420
RA72WYU	259	Picture	1_43_Retrieval_Working_Memory_MEG_Nonsalient_Cued_NoChange_CuedRetrieval_retrieval_patch_orientation_025_retrieval_position_1	3638091	0	1	29988	2	0	29920
RA72WYU	259	Response	10	3641205	3114	4
RA72WYU	259	Response	10	3664905	26814	3
RA72WYU	260	Picture	ITI	3668246	0	1	22991	2	0	22920
RA72WYU	261	Picture	CueingCross	3691403	0	2	2999	3	0	2920
RA72WYU	262	Picture	PrepTime	3694569	0	1	2999	2	0	2920
RA72WYU	263	Picture	1_44_Encoding_Working_Memory_MEG_Nonsalient_Cued_DoChange_UncuedRetriev_300_300_399_2000_3000_2500_gabor_patch_orientation_071_096_007_158_target_position_2_4_retrieval_position_3	3697734	0	1	1333	2	0	1250
RA72WYU	263	Picture	Flicker2	3699067	1333	1	1333	2	1250	1250
RA72WYU	263	Picture	Flicker3	3700400	2666	1	1333	2	2500	1250
RA72WYU	264	Picture	Delay	3701899	0	2	19993	3	0	19920
RA72WYU	265	Picture	1_44_Retrieval_Working_Memory_MEG_Nonsalient_Cued_DoChange_UncuedRetriev_retrieval_patch_orientation_052_retrieval_position_3	3722058	0	1	29989	2	0	29920
RA72WYU	265	Response	10	3743463	21405	3
RA72WYU	266	Picture	ITI	3752213	0	2	24991	3	0	24920
RA72WYU	267	Picture	CueingCross	3777370	0	1	2999	2	0	2920
RA72WYU	268	Picture	PrepTime	3780536	0	1	2998	3	0	2920
RA72WYU	269	Picture	1_45_Encoding_Working_Memory_MEG_Nonsalient_Cued_DoChange_CuedRetrieval_300_300_399_2000_3000_2150_gabor_patch_orientation_163_030_088_050_target_position_3_4_retrieval_position_4	3783701	0	1	1333	2	0	1250
RA72WYU	269	Picture	Flicker2	3785034	1333	1	1333	2	1250	1250
RA72WYU	269	Picture	Flicker3	3786367	2666	1	1332	3	2500	1250
RA72WYU	270	Picture	Delay	3787866	0	1	19992	3	0	19920
RA72WYU	271	Picture	1_45_Retrieval_Working_Memory_MEG_Nonsalient_Cued_DoChange_CuedRetrieval_retrieval_patch_orientation_001_retrieval_position_4	3808025	0	1	29988	3	0	29920
RA72WYU	271	Response	10	3830840	22815	5
RA72WYU	272	Picture	ITI	3838180	0	1	21492	2	0	21420
RA72WYU	273	Picture	CueingCross	3859838	0	2	2999	3	0	2920
RA72WYU	274	Picture	PrepTime	3863004	0	1	2999	2	0	2920
RA72WYU	275	Picture	1_46_Encoding_Working_Memory_MEG_Nonsalient_Cued_DoChange_CuedRetrieval_300_300_399_1900_3000_2300_gabor_patch_orientation_039_100_177_154_target_position_1_3_retrieval_position_3	3866169	0	1	1333	2	0	1250
RA72WYU	275	Picture	Flicker2	3867502	1333	1	1333	2	1250	1250
RA72WYU	275	Picture	Flicker3	3868835	2666	1	1333	2	2500	1250
RA72WYU	276	Picture	Delay	3870334	0	2	18993	3	0	18920
RA72WYU	277	Picture	1_46_Retrieval_Working_Memory_MEG_Nonsalient_Cued_DoChange_CuedRetrieval_retrieval_patch_orientation_128_retrieval_position_3	3889494	0	1	29988	2	0	29920
RA72WYU	277	Response	10	3911968	22474	3
RA72WYU	278	Picture	ITI	3919649	0	1	22991	2	0	22920
RA72WYU	279	Picture	CueingCross	3942806	0	2	2999	3	0	2920
RA72WYU	280	Picture	PrepTime	3945972	0	1	2999	2	0	2920
RA72WYU	281	Picture	1_47_Encoding_Working_Memory_MEG_Nonsalient_Cued_NoChange_CuedRetrieval_300_300_399_2150_3000_2500_gabor_patch_orientation_107_002_046_021_target_position_2_3_retrieval_position_3	3949137	0	1	1333	2	0	1250
RA72WYU	281	Picture	Flicker2	3950470	1333	1	1333	2	1250	1250
RA72WYU	281	Picture	Flicker3	3951803	2666	1	1333	2	2500	1250
RA72WYU	282	Picture	Delay	3953302	0	1	21492	2	0	21420
RA72WYU	283	Picture	1_47_Retrieval_Working_Memory_MEG_Nonsalient_Cued_NoChange_CuedRetrieval_retrieval_patch_orientation_046_retrieval_position_3	3974961	0	1	29988	2	0	29920
RA72WYU	283	Response	10	3987516	12555	3
RA72WYU	284	Picture	ITI	4005115	0	2	24991	3	0	24920
RA72WYU	285	Picture	CueingCross	4030273	0	1	2998	2	0	2920
RA72WYU	286	Picture	PrepTime	4033438	0	1	2999	2	0	2920
RA72WYU	287	Picture	1_48_Encoding_Working_Memory_MEG_Nonsalient_Cued_NoChange_CuedRetrieval_300_300_399_2250_3000_2250_gabor_patch_orientation_025_163_133_093_target_position_1_4_retrieval_position_1	4036603	0	2	1333	3	0	1250
RA72WYU	287	Picture	Flicker2	4037936	1333	1	1333	2	1250	1250
RA72WYU	287	Picture	Flicker3	4039269	2666	1	1333	2	2500	1250
RA72WYU	288	Picture	Delay	4040768	0	2	22492	3	0	22420
RA72WYU	289	Picture	1_48_Retrieval_Working_Memory_MEG_Nonsalient_Cued_NoChange_CuedRetrieval_retrieval_patch_orientation_025_retrieval_position_1	4063426	0	2	29989	3	0	29920
RA72WYU	289	Response	10	4077033	13607	4
RA72WYU	290	Picture	ITI	4093581	0	2	22492	3	0	22420
RA72WYU	291	Picture	CueingCross	4116239	0	2	2999	3	0	2920
RA72WYU	292	Picture	PrepTime	4119405	0	1	2999	2	0	2920
RA72WYU	293	Picture	1_49_Encoding_Working_Memory_MEG_Nonsalient_Cued_DoChange_CuedRetrieval_300_300_399_2000_3000_2050_gabor_patch_orientation_026_141_056_005_target_position_1_2_retrieval_position_1	4122570	0	1	1333	2	0	1250
RA72WYU	293	Picture	Flicker2	4123903	1333	1	1333	2	1250	1250
RA72WYU	293	Picture	Flicker3	4125236	2666	1	1333	2	2500	1250
RA72WYU	294	Picture	Delay	4126735	0	1	19993	2	0	19920
RA72WYU	295	Picture	1_49_Retrieval_Working_Memory_MEG_Nonsalient_Cued_DoChange_CuedRetrieval_retrieval_patch_orientation_166_retrieval_position_1	4146894	0	1	29989	2	0	29920
RA72WYU	295	Response	20	4168771	21877	4
RA72WYU	296	Picture	ITI	4177049	0	1	20492	2	0	20420
RA72WYU	297	Picture	CueingCross	4197708	0	1	2999	2	0	2920
RA72WYU	298	Picture	PrepTime	4200873	0	2	2999	3	0	2920
RA72WYU	299	Picture	1_50_Encoding_Working_Memory_MEG_Nonsalient_Cued_DoChange_CuedRetrieval_300_300_399_2000_3000_2450_gabor_patch_orientation_022_067_044_177_target_position_2_3_retrieval_position_3	4204039	0	1	1333	2	0	1250
RA72WYU	299	Picture	Flicker2	4205372	1333	1	1332	2	1250	1250
RA72WYU	299	Picture	Flicker3	4206704	2665	1	1333	2	2500	1250
RA72WYU	300	Picture	Delay	4208204	0	1	19992	2	0	19920
RA72WYU	301	Picture	1_50_Retrieval_Working_Memory_MEG_Nonsalient_Cued_DoChange_CuedRetrieval_retrieval_patch_orientation_090_retrieval_position_3	4228363	0	1	29988	2	0	29920
RA72WYU	301	Response	20	4244709	16346	3
RA72WYU	302	Picture	ITI	4258518	0	1	24490	2	0	24420
RA72WYU	303	Picture	CueingCross	4283175	0	1	2999	2	0	2920
RA72WYU	304	Picture	PrepTime	4286340	0	2	2999	3	0	2920
RA72WYU	305	Picture	1_51_Encoding_Working_Memory_MEG_Nonsalient_Cued_DoChange_CuedRetrieval_300_300_399_1850_3000_2300_gabor_patch_orientation_174_127_059_004_target_position_1_2_retrieval_position_1	4289506	0	1	1333	2	0	1250
RA72WYU	305	Picture	Flicker2	4290839	1333	1	1332	2	1250	1250
RA72WYU	305	Picture	Flicker3	4292171	2665	1	1333	2	2500	1250
RA72WYU	306	Picture	Delay	4293671	0	1	18493	2	0	18420
RA72WYU	307	Picture	1_51_Retrieval_Working_Memory_MEG_Nonsalient_Cued_DoChange_CuedRetrieval_retrieval_patch_orientation_039_retrieval_position_1	4312330	0	1	29989	2	0	29920
RA72WYU	307	Response	20	4329496	17166	4
RA72WYU	308	Picture	ITI	4342485	0	2	22991	4	0	22920
RA72WYU	309	Picture	CueingCross	4365643	0	1	2999	2	0	2920
RA72WYU	310	Picture	PrepTime	4368808	0	2	2999	3	0	2920
RA72WYU	311	Picture	1_52_Encoding_Working_Memory_MEG_Nonsalient_Cued_NoChange_UncuedRetriev_300_300_399_2150_3000_2350_gabor_patch_orientation_003_085_130_175_target_position_1_3_retrieval_position_4	4371974	0	1	1333	2	0	1250
RA72WYU	311	Picture	Flicker2	4373307	1333	1	1332	3	1250	1250
RA72WYU	311	Picture	Flicker3	4374639	2665	2	1333	3	2500	1250
RA72WYU	312	Picture	Delay	4376139	0	1	21492	2	0	21420
RA72WYU	313	Picture	1_52_Retrieval_Working_Memory_MEG_Nonsalient_Cued_NoChange_UncuedRetriev_retrieval_patch_orientation_175_retrieval_position_4	4397797	0	2	29989	3	0	29920
RA72WYU	313	Response	10	4412584	14787	4
RA72WYU	314	Picture	ITI	4427952	0	2	23491	3	0	23420
RA72WYU	315	Picture	CueingCross	4451610	0	1	2999	2	0	2920
RA72WYU	316	Picture	PrepTime	4454775	0	1	2999	2	0	2920
RA72WYU	317	Picture	1_53_Encoding_Working_Memory_MEG_Nonsalient_Cued_DoChange_CuedRetrieval_300_300_399_2200_3000_2150_gabor_patch_orientation_033_110_142_172_target_position_1_2_retrieval_position_2	4457941	0	1	1333	2	0	1250
RA72WYU	317	Picture	Flicker2	4459274	1333	1	1332	2	1250	1250
RA72WYU	317	Picture	Flicker3	4460606	2665	1	1333	2	2500	1250
RA72WYU	318	Picture	Delay	4462106	0	1	21991	2	0	21920
RA72WYU	319	Picture	1_53_Retrieval_Working_Memory_MEG_Nonsalient_Cued_DoChange_CuedRetrieval_retrieval_patch_orientation_062_retrieval_position_2	4484264	0	1	29988	2	0	29920
RA72WYU	319	Response	10	4504802	20538	3
RA72WYU	320	Picture	ITI	4514419	0	1	21492	2	0	21420
RA72WYU	321	Picture	CueingCross	4536077	0	1	2999	2	0	2920
RA72WYU	322	Picture	PrepTime	4539243	0	1	2998	3	0	2920
RA72WYU	323	Picture	1_54_Encoding_Working_Memory_MEG_Nonsalient_Cued_DoChange_CuedRetrieval_300_300_399_2050_3000_2100_gabor_patch_orientation_038_148_058_112_target_position_1_4_retrieval_position_1	4542408	0	1	1333	2	0	1250
RA72WYU	323	Picture	Flicker2	4543741	1333	1	1333	2	1250	1250
RA72WYU	323	Picture	Flicker3	4545074	2666	1	1333	2	2500	1250
RA72WYU	324	Picture	Delay	4546573	0	2	20492	3	0	20420
RA72WYU	325	Picture	1_54_Retrieval_Working_Memory_MEG_Nonsalient_Cued_DoChange_CuedRetrieval_retrieval_patch_orientation_175_retrieval_position_1	4567232	0	1	29988	2	0	29920
RA72WYU	325	Response	20	4584419	17187	4
RA72WYU	326	Picture	ITI	4597387	0	1	20992	2	0	20920
RA72WYU	327	Picture	CueingCross	4618545	0	2	2999	3	0	2920
RA72WYU	328	Picture	PrepTime	4621711	0	1	2999	2	0	2920
RA72WYU	329	Picture	1_55_Encoding_Working_Memory_MEG_Nonsalient_Cued_DoChange_UncuedRetriev_300_300_399_1750_3000_2200_gabor_patch_orientation_159_107_138_051_target_position_3_4_retrieval_position_1	4624876	0	1	1333	2	0	1250
RA72WYU	329	Picture	Flicker2	4626209	1333	1	1333	2	1250	1250
RA72WYU	329	Picture	Flicker3	4627542	2666	1	1333	2	2500	1250
RA72WYU	330	Picture	Delay	4629041	0	2	17493	4	0	17420
RA72WYU	331	Picture	1_55_Retrieval_Working_Memory_MEG_Nonsalient_Cued_DoChange_UncuedRetriev_retrieval_patch_orientation_019_retrieval_position_1	4646701	0	1	29989	2	0	29920
RA72WYU	331	Response	20	4660317	13616	4
RA72WYU	332	Picture	ITI	4676856	0	1	21992	2	0	21920
RA72WYU	333	Picture	CueingCross	4699014	0	2	2999	3	0	2920
RA72WYU	334	Picture	PrepTime	4702180	0	1	2999	2	0	2920
RA72WYU	335	Picture	1_56_Encoding_Working_Memory_MEG_Nonsalient_Cued_DoChange_CuedRetrieval_300_300_399_1950_3000_2500_gabor_patch_orientation_180_019_124_102_target_position_3_4_retrieval_position_3	4705345	0	1	1333	2	0	1250
RA72WYU	335	Picture	Flicker2	4706678	1333	1	1333	2	1250	1250
RA72WYU	335	Picture	Flicker3	4708011	2666	1	1332	3	2500	1250
RA72WYU	336	Picture	Delay	4709510	0	1	19493	2	0	19420
RA72WYU	337	Picture	1_56_Retrieval_Working_Memory_MEG_Nonsalient_Cued_DoChange_CuedRetrieval_retrieval_patch_orientation_074_retrieval_position_3	4729169	0	1	29989	2	0	29920
RA72WYU	337	Response	10	4750705	21536	3
RA72WYU	338	Picture	ITI	4759324	0	2	24991	3	0	24920
RA72WYU	339	Picture	CueingCross	4784481	0	2	2999	3	0	2920
RA72WYU	340	Picture	PrepTime	4787647	0	1	2999	2	0	2920
RA72WYU	341	Picture	1_57_Encoding_Working_Memory_MEG_Nonsalient_Cued_NoChange_CuedRetrieval_300_300_399_1900_3000_2100_gabor_patch_orientation_032_092_139_108_target_position_1_2_retrieval_position_1	4790812	0	1	1333	2	0	1250
RA72WYU	341	Picture	Flicker2	4792145	1333	1	1333	2	1250	1250
RA72WYU	341	Picture	Flicker3	4793478	2666	1	1333	2	2500	1250
RA72WYU	342	Picture	Delay	4794977	0	1	18993	2	0	18920
RA72WYU	343	Picture	1_57_Retrieval_Working_Memory_MEG_Nonsalient_Cued_NoChange_CuedRetrieval_retrieval_patch_orientation_032_retrieval_position_1	4814136	0	2	29989	3	0	29920
RA72WYU	343	Response	10	4830053	15917	3
RA72WYU	344	Picture	ITI	4844292	0	1	20991	3	0	20920
RA72WYU	345	Picture	CueingCross	4865450	0	1	2999	2	0	2920
RA72WYU	346	Picture	PrepTime	4868615	0	2	2999	3	0	2920
RA72WYU	347	Picture	1_58_Encoding_Working_Memory_MEG_Nonsalient_Cued_DoChange_CuedRetrieval_300_300_399_1750_3000_2400_gabor_patch_orientation_130_149_115_088_target_position_1_4_retrieval_position_4	4871781	0	1	1333	2	0	1250
RA72WYU	347	Picture	Flicker2	4873114	1333	1	1333	2	1250	1250
RA72WYU	347	Picture	Flicker3	4874447	2666	1	1332	2	2500	1250
RA72WYU	348	Picture	Delay	4875946	0	1	17493	2	0	17420
RA72WYU	349	Picture	1_58_Retrieval_Working_Memory_MEG_Nonsalient_Cued_DoChange_CuedRetrieval_retrieval_patch_orientation_042_retrieval_position_4	4893606	0	1	29988	2	0	29920
RA72WYU	349	Response	10	4905451	11845	3
RA72WYU	350	Picture	ITI	4923761	0	1	23991	2	0	23920
RA72WYU	351	Picture	CueingCross	4947918	0	1	2999	2	0	2920
RA72WYU	352	Picture	PrepTime	4951084	0	1	2998	3	0	2920
RA72WYU	353	Picture	1_59_Encoding_Working_Memory_MEG_Nonsalient_Cued_NoChange_CuedRetrieval_300_300_399_1950_3000_2250_gabor_patch_orientation_012_120_155_035_target_position_1_2_retrieval_position_2	4954249	0	1	1333	2	0	1250
RA72WYU	353	Picture	Flicker2	4955582	1333	1	1333	2	1250	1250
RA72WYU	353	Picture	Flicker3	4956915	2666	1	1332	3	2500	1250
RA72WYU	354	Picture	Delay	4958414	0	1	19493	2	0	19420
RA72WYU	355	Picture	1_59_Retrieval_Working_Memory_MEG_Nonsalient_Cued_NoChange_CuedRetrieval_retrieval_patch_orientation_120_retrieval_position_2	4978073	0	1	29989	2	0	29920
RA72WYU	355	Response	10	4999908	21835	4
RA72WYU	356	Picture	ITI	5008228	0	1	22491	3	0	22420
RA72WYU	357	Picture	CueingCross	5030886	0	1	2999	3	0	2920
RA72WYU	358	Picture	PrepTime	5034052	0	1	2998	2	0	2920
RA72WYU	359	Picture	1_60_Encoding_Working_Memory_MEG_Nonsalient_Cued_NoChange_UncuedRetriev_300_300_399_2050_3000_2050_gabor_patch_orientation_039_086_149_171_target_position_2_4_retrieval_position_3	5037217	0	1	1333	2	0	1250
RA72WYU	359	Picture	Flicker2	5038550	1333	1	1333	2	1250	1250
RA72WYU	359	Picture	Flicker3	5039883	2666	1	1332	3	2500	1250
RA72WYU	360	Picture	Delay	5041382	0	1	20492	2	0	20420
RA72WYU	361	Picture	1_60_Retrieval_Working_Memory_MEG_Nonsalient_Cued_NoChange_UncuedRetriev_retrieval_patch_orientation_149_retrieval_position_3	5062041	0	1	29988	2	0	29920
RA72WYU	361	Response	10	5080576	18535	3
RA72WYU	362	Picture	ITI	5092196	0	1	20492	2	0	20420
RA72WYU	363	Picture	CueingCross	5112854	0	2	2999	3	0	2920
RA72WYU	364	Picture	PrepTime	5116020	0	1	2999	2	0	2920
RA72WYU	365	Picture	1_61_Encoding_Working_Memory_MEG_Nonsalient_Cued_NoChange_CuedRetrieval_300_300_399_1800_3000_2050_gabor_patch_orientation_121_061_014_036_target_position_1_3_retrieval_position_3	5119185	0	2	1333	3	0	1250
RA72WYU	365	Picture	Flicker2	5120518	1333	1	1333	2	1250	1250
RA72WYU	365	Picture	Flicker3	5121851	2666	1	1333	2	2500	1250
RA72WYU	366	Picture	Delay	5123350	0	2	17993	4	0	17920
RA72WYU	367	Picture	1_61_Retrieval_Working_Memory_MEG_Nonsalient_Cued_NoChange_CuedRetrieval_retrieval_patch_orientation_014_retrieval_position_3	5141510	0	1	29988	3	0	29920
RA72WYU	367	Response	10	5152014	10504	3
RA72WYU	368	Picture	ITI	5171665	0	1	20492	2	0	20420
RA72WYU	369	Picture	CueingCross	5192324	0	1	2999	2	0	2920
RA72WYU	370	Picture	PrepTime	5195489	0	1	2999	2	0	2920
RA72WYU	371	Picture	1_62_Encoding_Working_Memory_MEG_Nonsalient_Cued_NoChange_CuedRetrieval_300_300_399_2200_3000_2400_gabor_patch_orientation_097_169_123_057_target_position_1_2_retrieval_position_2	5198655	0	1	1332	3	0	1250
RA72WYU	371	Picture	Flicker2	5199987	1332	2	1333	3	1250	1250
RA72WYU	371	Picture	Flicker3	5201320	2665	1	1333	2	2500	1250
RA72WYU	372	Picture	Delay	5202820	0	1	21991	2	0	21920
RA72WYU	373	Picture	1_62_Retrieval_Working_Memory_MEG_Nonsalient_Cued_NoChange_CuedRetrieval_retrieval_patch_orientation_169_retrieval_position_2	5224978	0	1	29988	2	0	29920
RA72WYU	373	Response	10	5247371	22393	4
RA72WYU	374	Picture	ITI	5255133	0	1	23991	2	0	23920
RA72WYU	375	Picture	CueingCross	5279289	0	2	3000	3	0	2920
RA72WYU	376	Picture	PrepTime	5282456	0	1	2998	3	0	2920
RA72WYU	377	Picture	1_63_Encoding_Working_Memory_MEG_Nonsalient_Cued_DoChange_CuedRetrieval_300_300_399_2200_3000_2100_gabor_patch_orientation_141_001_068_025_target_position_1_2_retrieval_position_1	5285621	0	1	1333	2	0	1250
RA72WYU	377	Picture	Flicker2	5286954	1333	1	1333	2	1250	1250
RA72WYU	377	Picture	Flicker3	5288287	2666	1	1333	2	2500	1250
RA72WYU	378	Picture	Delay	5289786	0	1	21992	2	0	21920
RA72WYU	379	Picture	1_63_Retrieval_Working_Memory_MEG_Nonsalient_Cued_DoChange_CuedRetrieval_retrieval_patch_orientation_091_retrieval_position_1	5311944	0	1	29989	2	0	29920
RA72WYU	379	Response	20	5326989	15045	4
RA72WYU	380	Picture	ITI	5342099	0	2	20992	3	0	20920
RA72WYU	381	Picture	CueingCross	5363258	0	1	2999	2	0	2920
RA72WYU	382	Picture	PrepTime	5366423	0	1	2999	2	0	2920
RA72WYU	383	Picture	1_64_Encoding_Working_Memory_MEG_Nonsalient_Cued_DoChange_UncuedRetriev_300_300_399_1850_3000_2350_gabor_patch_orientation_074_157_111_179_target_position_2_3_retrieval_position_4	5369589	0	1	1332	3	0	1250
RA72WYU	383	Picture	Flicker2	5370921	1332	2	1333	3	1250	1250
RA72WYU	383	Picture	Flicker3	5372254	2665	1	1333	2	2500	1250
RA72WYU	384	Picture	Delay	5373754	0	1	18493	2	0	18420
RA72WYU	385	Picture	1_64_Retrieval_Working_Memory_MEG_Nonsalient_Cued_DoChange_UncuedRetriev_retrieval_patch_orientation_043_retrieval_position_4	5392413	0	1	29989	2	0	29920
RA72WYU	385	Response	10	5406297	13884	3
RA72WYU	386	Picture	ITI	5422568	0	1	23491	2	0	23420
RA72WYU	387	Picture	CueingCross	5446226	0	1	2999	2	0	2920
RA72WYU	388	Picture	PrepTime	5449391	0	1	2999	2	0	2920
RA72WYU	389	Picture	1_65_Encoding_Working_Memory_MEG_Nonsalient_Cued_DoChange_CuedRetrieval_300_300_399_1800_3000_2400_gabor_patch_orientation_163_090_005_135_target_position_2_3_retrieval_position_3	5452557	0	1	1332	3	0	1250
RA72WYU	389	Picture	Flicker2	5453889	1332	2	1333	3	1250	1250
RA72WYU	389	Picture	Flicker3	5455222	2665	1	1332	3	2500	1250
RA72WYU	390	Picture	Delay	5456722	0	1	17993	2	0	17920
RA72WYU	391	Picture	1_65_Retrieval_Working_Memory_MEG_Nonsalient_Cued_DoChange_CuedRetrieval_retrieval_patch_orientation_055_retrieval_position_3	5474881	0	2	29989	3	0	29920
RA72WYU	391	Response	20	5493864	18983	4
RA72WYU	392	Picture	ITI	5505036	0	2	23991	3	0	23920
RA72WYU	393	Picture	CueingCross	5529194	0	1	2999	2	0	2920
RA72WYU	394	Picture	PrepTime	5532359	0	1	2999	2	0	2920
RA72WYU	395	Picture	1_66_Encoding_Working_Memory_MEG_Nonsalient_Cued_NoChange_CuedRetrieval_300_300_399_1800_3000_2300_gabor_patch_orientation_068_144_111_089_target_position_1_3_retrieval_position_1	5535525	0	1	1332	2	0	1250
RA72WYU	395	Picture	Flicker2	5536857	1332	1	1333	2	1250	1250
RA72WYU	395	Picture	Flicker3	5538190	2665	1	1333	2	2500	1250
RA72WYU	396	Picture	Delay	5539690	0	1	17993	2	0	17920
RA72WYU	397	Picture	1_66_Retrieval_Working_Memory_MEG_Nonsalient_Cued_NoChange_CuedRetrieval_retrieval_patch_orientation_068_retrieval_position_1	5557849	0	1	29989	2	0	29920
RA72WYU	397	Response	10	5577592	19743	4
RA72WYU	398	Picture	ITI	5588004	0	2	22991	4	0	22920
RA72WYU	399	Picture	CueingCross	5611162	0	1	2999	2	0	2920
RA72WYU	400	Picture	PrepTime	5614327	0	2	2999	3	0	2920
RA72WYU	401	Picture	1_67_Encoding_Working_Memory_MEG_Nonsalient_Cued_NoChange_CuedRetrieval_300_300_399_2150_3000_2050_gabor_patch_orientation_106_076_129_163_target_position_1_3_retrieval_position_1	5617493	0	2	1333	3	0	1250
RA72WYU	401	Picture	Flicker2	5618826	1333	1	1333	2	1250	1250
RA72WYU	401	Picture	Flicker3	5620159	2666	1	1332	2	2500	1250
RA72WYU	402	Picture	Delay	5621658	0	1	21492	2	0	21420
RA72WYU	403	Picture	1_67_Retrieval_Working_Memory_MEG_Nonsalient_Cued_NoChange_CuedRetrieval_retrieval_patch_orientation_106_retrieval_position_1	5643316	0	2	29989	3	0	29920
RA72WYU	403	Response	10	5661300	17984	3
RA72WYU	404	Picture	ITI	5673471	0	1	20492	2	0	20420
RA72WYU	405	Picture	CueingCross	5694130	0	1	2999	2	0	2920
RA72WYU	406	Picture	PrepTime	5697295	0	2	2999	3	0	2920
RA72WYU	407	Picture	1_68_Encoding_Working_Memory_MEG_Nonsalient_Cued_DoChange_CuedRetrieval_300_300_399_2150_3000_2000_gabor_patch_orientation_125_065_082_038_target_position_1_2_retrieval_position_1	5700461	0	1	1333	2	0	1250
RA72WYU	407	Picture	Flicker2	5701794	1333	1	1333	2	1250	1250
RA72WYU	407	Picture	Flicker3	5703127	2666	1	1332	2	2500	1250
RA72WYU	408	Picture	Delay	5704626	0	1	21492	2	0	21420
RA72WYU	409	Picture	1_68_Retrieval_Working_Memory_MEG_Nonsalient_Cued_DoChange_CuedRetrieval_retrieval_patch_orientation_172_retrieval_position_1	5726284	0	1	29989	2	0	29920
RA72WYU	409	Response	20	5741358	15074	4
RA72WYU	410	Picture	ITI	5756439	0	1	19992	3	0	19920
RA72WYU	411	Picture	CueingCross	5776598	0	1	2999	2	0	2920
RA72WYU	412	Picture	PrepTime	5779764	0	1	2998	2	0	2920
RA72WYU	413	Picture	1_69_Encoding_Working_Memory_MEG_Nonsalient_Cued_DoChange_UncuedRetriev_300_300_399_1800_3000_2200_gabor_patch_orientation_102_131_016_167_target_position_1_4_retrieval_position_3	5782929	0	1	1333	2	0	1250
RA72WYU	413	Picture	Flicker2	5784262	1333	1	1333	2	1250	1250
RA72WYU	413	Picture	Flicker3	5785595	2666	1	1332	3	2500	1250
RA72WYU	414	Picture	Delay	5787094	0	1	17993	2	0	17920
RA72WYU	415	Picture	1_69_Retrieval_Working_Memory_MEG_Nonsalient_Cued_DoChange_UncuedRetriev_retrieval_patch_orientation_151_retrieval_position_3	5805254	0	1	29988	2	0	29920
RA72WYU	415	Response	20	5818636	13382	3
RA72WYU	416	Picture	ITI	5835409	0	1	21991	2	0	21920
RA72WYU	417	Picture	CueingCross	5857567	0	1	2999	2	0	2920
RA72WYU	418	Picture	PrepTime	5860732	0	2	2999	3	0	2920
RA72WYU	419	Picture	1_70_Encoding_Working_Memory_MEG_Nonsalient_Cued_NoChange_CuedRetrieval_300_300_399_1850_3000_2250_gabor_patch_orientation_179_025_007_072_target_position_2_3_retrieval_position_2	5863898	0	1	1333	2	0	1250
RA72WYU	419	Picture	Flicker2	5865231	1333	1	1332	2	1250	1250
RA72WYU	419	Picture	Flicker3	5866563	2665	1	1333	2	2500	1250
RA72WYU	420	Picture	Delay	5868063	0	1	18493	2	0	18420
RA72WYU	421	Picture	1_70_Retrieval_Working_Memory_MEG_Nonsalient_Cued_NoChange_CuedRetrieval_retrieval_patch_orientation_025_retrieval_position_2	5886722	0	1	29989	2	0	29920
RA72WYU	421	Response	10	5908883	22161	4
RA72WYU	422	Picture	ITI	5916877	0	2	22492	3	0	22420
RA72WYU	423	Picture	BaselinePost	5939535	0	1	50147	3	0	50000
