Scenario - ATWM1_Working_Memory_MEG_salient_cued_run2
Logfile written - 04/06/2016 14:51:41

Subject	Trial	Event Type	Code	Time	TTime	Uncertainty	Duration	Uncertainty	ReqTime	ReqDur

JH56CNU	1	Picture	ExpStart	29	0	1	10030	2	0	10000
JH56CNU	2	Picture	BaselinePre	10226	0	1	100129	2	0	100000
JH56CNU	3	Picture	CueingCross	110522	0	2	3009	3	0	2920
JH56CNU	4	Picture	PrepTime	113698	0	2	3009	3	0	2920
JH56CNU	5	Picture	2_1_Encoding_Working_Memory_MEG_P6_LR_Salient_DoChange_CuedRetrieval_300_300_399_2050_3000_2000_gabor_patch_orientation_102_078_038_016_target_position_2_3_retrieval_position_2	116874	0	2	1338	3	0	1250
JH56CNU	5	Picture	Flicker2	118212	1338	1	1337	2	1250	1250
JH56CNU	5	Picture	Flicker3	119549	2675	1	1337	2	2500	1250
JH56CNU	6	Picture	Delay	121053	0	2	20561	3	0	20420
JH56CNU	7	Picture	2_1_Retrieval_Working_Memory_MEG_P6_LR_Salient_DoChange_CuedRetrieval_retrieval_patch_orientation_124_retrieval_position_2	141781	0	2	30089	3	0	29920
JH56CNU	7	Response	20	156205	14424	4
JH56CNU	8	Picture	ITI	172037	0	2	20060	3	0	19920
JH56CNU	9	Picture	CueingCross	192264	0	1	3009	2	0	2920
JH56CNU	10	Picture	PrepTime	195440	0	1	3009	2	0	2920
JH56CNU	11	Picture	2_2_Encoding_Working_Memory_MEG_P6_LR_Salient_NoChange_CuedRetrieval_300_300_399_1900_3000_2050_gabor_patch_orientation_024_154_103_180_target_position_1_4_retrieval_position_4	198616	0	1	1337	2	0	1250
JH56CNU	11	Picture	Flicker2	199953	1337	1	1338	2	1250	1250
JH56CNU	11	Picture	Flicker3	201291	2675	1	1337	2	2500	1250
JH56CNU	12	Picture	Delay	202795	0	1	19056	3	0	18920
JH56CNU	13	Picture	2_2_Retrieval_Working_Memory_MEG_P6_LR_Salient_NoChange_CuedRetrieval_retrieval_patch_orientation_180_retrieval_position_4	222019	0	1	30089	2	0	29920
JH56CNU	13	Response	10	232883	10864	4
JH56CNU	14	Picture	ITI	252275	0	1	20560	3	0	20420
JH56CNU	15	Picture	CueingCross	273003	0	1	3009	2	0	2920
JH56CNU	16	Picture	PrepTime	276179	0	1	3009	2	0	2920
JH56CNU	17	Picture	2_3_Encoding_Working_Memory_MEG_P6_LR_Salient_NoChange_CuedRetrieval_300_300_399_2150_3000_1950_gabor_patch_orientation_061_140_108_027_target_position_2_4_retrieval_position_2	279355	0	1	1337	2	0	1250
JH56CNU	17	Picture	Flicker2	280692	1337	1	1337	2	1250	1250
JH56CNU	17	Picture	Flicker3	282029	2674	1	1338	2	2500	1250
JH56CNU	18	Picture	Delay	283534	0	1	21564	2	0	21420
JH56CNU	19	Picture	2_3_Retrieval_Working_Memory_MEG_P6_LR_Salient_NoChange_CuedRetrieval_retrieval_patch_orientation_140_retrieval_position_2	305265	0	1	30089	2	0	29920
JH56CNU	19	Response	10	313631	8366	4
JH56CNU	20	Picture	ITI	335521	0	1	19558	2	0	19420
JH56CNU	21	Picture	CueingCross	355246	0	1	3009	2	0	2920
JH56CNU	22	Picture	PrepTime	358422	0	1	3009	2	0	2920
JH56CNU	23	Picture	2_4_Encoding_Working_Memory_MEG_P6_LR_Salient_NoChange_UncuedRetriev_300_300_399_2150_3000_2150_gabor_patch_orientation_042_081_002_025_target_position_1_4_retrieval_position_2	361598	0	1	1337	2	0	1250
JH56CNU	23	Picture	Flicker2	362935	1337	1	1337	3	1250	1250
JH56CNU	23	Picture	Flicker3	364272	2674	2	1338	3	2500	1250
JH56CNU	24	Picture	Delay	365777	0	1	21564	2	0	21420
JH56CNU	25	Picture	2_4_Retrieval_Working_Memory_MEG_P6_LR_Salient_NoChange_UncuedRetriev_retrieval_patch_orientation_081_retrieval_position_2	387508	0	1	30089	2	0	29920
JH56CNU	25	Response	10	414388	26880	4
JH56CNU	26	Picture	ITI	417764	0	1	21564	2	0	21420
JH56CNU	27	Picture	CueingCross	439495	0	1	3009	2	0	2920
JH56CNU	28	Picture	PrepTime	442671	0	1	3009	2	0	2920
JH56CNU	29	Picture	2_5_Encoding_Working_Memory_MEG_P6_LR_Salient_NoChange_CuedRetrieval_300_300_399_1800_3000_2150_gabor_patch_orientation_136_031_121_154_target_position_1_3_retrieval_position_1	445847	0	1	1337	2	0	1250
JH56CNU	29	Picture	Flicker2	447184	1337	1	1338	2	1250	1250
JH56CNU	29	Picture	Flicker3	448522	2675	1	1337	2	2500	1250
JH56CNU	30	Picture	Delay	450026	0	1	18053	2	0	17920
JH56CNU	31	Picture	2_5_Retrieval_Working_Memory_MEG_P6_LR_Salient_NoChange_CuedRetrieval_retrieval_patch_orientation_136_retrieval_position_1	468247	0	1	30088	3	0	29920
JH56CNU	31	Response	10	480717	12470	3
JH56CNU	32	Picture	ITI	498503	0	1	21563	3	0	21420
JH56CNU	33	Picture	CueingCross	520234	0	1	3008	3	0	2920
JH56CNU	34	Picture	PrepTime	523410	0	2	3009	3	0	2920
JH56CNU	35	Picture	2_6_Encoding_Working_Memory_MEG_P6_LR_Salient_NoChange_CuedRetrieval_300_300_399_1850_3000_2600_gabor_patch_orientation_013_045_084_155_target_position_2_3_retrieval_position_3	526586	0	1	1337	2	0	1250
JH56CNU	35	Picture	Flicker2	527923	1337	1	1337	2	1250	1250
JH56CNU	35	Picture	Flicker3	529260	2674	1	1338	2	2500	1250
JH56CNU	36	Picture	Delay	530765	0	1	18555	2	0	18420
JH56CNU	37	Picture	2_6_Retrieval_Working_Memory_MEG_P6_LR_Salient_NoChange_CuedRetrieval_retrieval_patch_orientation_084_retrieval_position_3	549486	0	3	30090	4	0	29920
JH56CNU	37	Response	10	561674	12188	5
JH56CNU	38	Picture	ITI	579743	0	1	26077	2	0	25920
JH56CNU	39	Picture	CueingCross	605987	0	1	3009	2	0	2920
JH56CNU	40	Picture	PrepTime	609163	0	1	3009	2	0	2920
JH56CNU	41	Picture	2_7_Encoding_Working_Memory_MEG_P6_LR_Salient_DoChange_CuedRetrieval_300_300_399_1950_3000_2550_gabor_patch_orientation_130_070_022_042_target_position_3_4_retrieval_position_3	612339	0	1	1337	3	0	1250
JH56CNU	41	Picture	Flicker2	613676	1337	2	1338	3	1250	1250
JH56CNU	41	Picture	Flicker3	615014	2675	1	1337	2	2500	1250
JH56CNU	42	Picture	Delay	616518	0	1	19558	2	0	19420
JH56CNU	43	Picture	2_7_Retrieval_Working_Memory_MEG_P6_LR_Salient_DoChange_CuedRetrieval_retrieval_patch_orientation_158_retrieval_position_3	636243	0	1	30089	2	0	29920
JH56CNU	43	Response	20	647652	11409	4
JH56CNU	44	Picture	ITI	666499	0	2	25576	3	0	25420
JH56CNU	45	Picture	CueingCross	692242	0	1	3009	2	0	2920
JH56CNU	46	Picture	PrepTime	695418	0	1	3009	2	0	2920
JH56CNU	47	Picture	2_8_Encoding_Working_Memory_MEG_P6_LR_Salient_NoChange_CuedRetrieval_300_300_399_2100_3000_2150_gabor_patch_orientation_068_112_090_050_target_position_1_3_retrieval_position_3	698594	0	1	1337	3	0	1250
JH56CNU	47	Picture	Flicker2	699931	1337	2	1338	3	1250	1250
JH56CNU	47	Picture	Flicker3	701269	2675	1	1337	2	2500	1250
JH56CNU	48	Picture	Delay	702773	0	1	21062	3	0	20920
JH56CNU	49	Picture	2_8_Retrieval_Working_Memory_MEG_P6_LR_Salient_NoChange_CuedRetrieval_retrieval_patch_orientation_090_retrieval_position_3	724003	0	1	30089	2	0	29920
JH56CNU	49	Response	10	736530	12527	3
JH56CNU	50	Picture	ITI	754259	0	1	21564	2	0	21420
JH56CNU	51	Picture	CueingCross	775990	0	1	3009	2	0	2920
JH56CNU	52	Picture	PrepTime	779166	0	1	3009	2	0	2920
JH56CNU	53	Picture	2_9_Encoding_Working_Memory_MEG_P6_LR_Salient_NoChange_CuedRetrieval_300_300_399_2100_3000_1900_gabor_patch_orientation_003_126_020_082_target_position_2_3_retrieval_position_2	782342	0	1	1337	2	0	1250
JH56CNU	53	Picture	Flicker2	783679	1337	1	1337	2	1250	1250
JH56CNU	53	Picture	Flicker3	785016	2674	1	1338	2	2500	1250
JH56CNU	54	Picture	Delay	786521	0	1	21062	2	0	20920
JH56CNU	55	Picture	2_9_Retrieval_Working_Memory_MEG_P6_LR_Salient_NoChange_CuedRetrieval_retrieval_patch_orientation_126_retrieval_position_2	807750	0	1	30089	2	0	29920
JH56CNU	55	Response	10	817887	10137	4
JH56CNU	56	Picture	ITI	838006	0	2	19057	3	0	18920
JH56CNU	57	Picture	CueingCross	857230	0	1	3009	2	0	2920
JH56CNU	58	Picture	PrepTime	860406	0	1	3009	2	0	2920
JH56CNU	59	Picture	2_10_Encoding_Working_Memory_MEG_P6_LR_Salient_DoChange_UncuedRetriev_300_300_399_1750_3000_2400_gabor_patch_orientation_016_156_124_051_target_position_2_4_retrieval_position_3	863582	0	1	1337	2	0	1250
JH56CNU	59	Picture	Flicker2	864919	1337	1	1338	2	1250	1250
JH56CNU	59	Picture	Flicker3	866257	2675	1	1337	2	2500	1250
JH56CNU	60	Picture	Delay	867761	0	1	17552	2	0	17420
JH56CNU	61	Picture	2_10_Retrieval_Working_Memory_MEG_P6_LR_Salient_DoChange_UncuedRetriev_retrieval_patch_orientation_074_retrieval_position_3	885480	0	1	30089	2	0	29920
JH56CNU	61	Response	10	900545	15065	4
JH56CNU	62	Picture	ITI	915736	0	1	24071	2	0	23920
JH56CNU	63	Picture	CueingCross	939974	0	2	3009	4	0	2920
JH56CNU	64	Picture	PrepTime	943151	0	1	3008	3	0	2920
JH56CNU	65	Picture	2_11_Encoding_Working_Memory_MEG_P6_LR_Salient_DoChange_CuedRetrieval_300_300_399_2050_3000_2100_gabor_patch_orientation_116_099_082_037_target_position_3_4_retrieval_position_4	946327	0	1	1337	2	0	1250
JH56CNU	65	Picture	Flicker2	947664	1337	1	1337	2	1250	1250
JH56CNU	65	Picture	Flicker3	949001	2674	1	1337	3	2500	1250
JH56CNU	66	Picture	Delay	950506	0	1	20560	3	0	20420
JH56CNU	67	Picture	2_11_Retrieval_Working_Memory_MEG_P6_LR_Salient_DoChange_CuedRetrieval_retrieval_patch_orientation_172_retrieval_position_4	971234	0	1	30089	2	0	29920
JH56CNU	67	Response	20	983523	12289	3
JH56CNU	68	Picture	ITI	1001490	0	1	21062	3	0	20920
JH56CNU	69	Picture	CueingCross	1022719	0	1	3009	2	0	2920
JH56CNU	70	Picture	PrepTime	1025895	0	1	3009	2	0	2920
JH56CNU	71	Picture	2_12_Encoding_Working_Memory_MEG_P6_LR_Salient_NoChange_CuedRetrieval_300_300_399_2200_3000_2450_gabor_patch_orientation_152_016_071_122_target_position_1_2_retrieval_position_1	1029071	0	2	1338	3	0	1250
JH56CNU	71	Picture	Flicker2	1030409	1338	1	1337	2	1250	1250
JH56CNU	71	Picture	Flicker3	1031746	2675	1	1337	2	2500	1250
JH56CNU	72	Picture	Delay	1033250	0	1	22065	3	0	21920
JH56CNU	73	Picture	2_12_Retrieval_Working_Memory_MEG_P6_LR_Salient_NoChange_CuedRetrieval_retrieval_patch_orientation_152_retrieval_position_1	1055483	0	1	30089	2	0	29920
JH56CNU	73	Response	10	1068440	12957	4
JH56CNU	74	Picture	ITI	1085739	0	1	24572	3	0	24420
JH56CNU	75	Picture	CueingCross	1110479	0	1	3008	3	0	2920
JH56CNU	76	Picture	PrepTime	1113655	0	1	3009	2	0	2920
JH56CNU	77	Picture	2_13_Encoding_Working_Memory_MEG_P6_LR_Salient_DoChange_CuedRetrieval_300_300_399_2050_3000_2350_gabor_patch_orientation_164_075_149_006_target_position_2_3_retrieval_position_2	1116831	0	1	1337	2	0	1250
JH56CNU	77	Picture	Flicker2	1118168	1337	1	1337	2	1250	1250
JH56CNU	77	Picture	Flicker3	1119505	2674	1	1338	2	2500	1250
JH56CNU	78	Picture	Delay	1121010	0	1	20561	2	0	20420
JH56CNU	79	Picture	2_13_Retrieval_Working_Memory_MEG_P6_LR_Salient_DoChange_CuedRetrieval_retrieval_patch_orientation_027_retrieval_position_2	1141738	0	1	30089	2	0	29920
JH56CNU	79	Response	20	1150658	8920	4
JH56CNU	80	Picture	ITI	1171994	0	1	23569	3	0	23420
JH56CNU	81	Picture	CueingCross	1195731	0	1	3009	2	0	2920
JH56CNU	82	Picture	PrepTime	1198907	0	1	3009	2	0	2920
JH56CNU	83	Picture	2_14_Encoding_Working_Memory_MEG_P6_LR_Salient_DoChange_CuedRetrieval_300_300_399_2100_3000_2150_gabor_patch_orientation_061_166_090_012_target_position_2_4_retrieval_position_4	1202083	0	1	1337	2	0	1250
JH56CNU	83	Picture	Flicker2	1203420	1337	1	1337	2	1250	1250
JH56CNU	83	Picture	Flicker3	1204757	2674	1	1338	2	2500	1250
JH56CNU	84	Picture	Delay	1206262	0	1	21062	2	0	20920
JH56CNU	85	Picture	2_14_Retrieval_Working_Memory_MEG_P6_LR_Salient_DoChange_CuedRetrieval_retrieval_patch_orientation_147_retrieval_position_4	1227491	0	1	30089	2	0	29920
JH56CNU	85	Response	20	1236856	9365	3
JH56CNU	86	Picture	ITI	1257747	0	2	21564	3	0	21420
JH56CNU	87	Picture	CueingCross	1279478	0	1	3009	2	0	2920
JH56CNU	88	Picture	PrepTime	1282654	0	2	3009	3	0	2920
JH56CNU	89	Picture	2_15_Encoding_Working_Memory_MEG_P6_LR_Salient_NoChange_CuedRetrieval_300_300_399_1750_3000_2400_gabor_patch_orientation_045_126_069_158_target_position_2_4_retrieval_position_4	1285830	0	2	1338	3	0	1250
JH56CNU	89	Picture	Flicker2	1287168	1338	1	1337	2	1250	1250
JH56CNU	89	Picture	Flicker3	1288505	2675	1	1337	2	2500	1250
JH56CNU	90	Picture	Delay	1290009	0	2	17552	3	0	17420
JH56CNU	91	Picture	2_15_Retrieval_Working_Memory_MEG_P6_LR_Salient_NoChange_CuedRetrieval_retrieval_patch_orientation_158_retrieval_position_4	1307728	0	2	30089	3	0	29920
JH56CNU	91	Response	10	1319144	11416	3
JH56CNU	92	Picture	ITI	1337984	0	2	24072	3	0	23920
JH56CNU	93	Picture	CueingCross	1362223	0	1	3009	2	0	2920
JH56CNU	94	Picture	PrepTime	1365399	0	1	3009	2	0	2920
JH56CNU	95	Picture	2_16_Encoding_Working_Memory_MEG_P6_LR_Salient_NoChange_CuedRetrieval_300_300_399_2100_3000_2250_gabor_patch_orientation_098_020_177_064_target_position_3_4_retrieval_position_3	1368575	0	1	1337	2	0	1250
JH56CNU	95	Picture	Flicker2	1369912	1337	1	1338	2	1250	1250
JH56CNU	95	Picture	Flicker3	1371250	2675	1	1337	2	2500	1250
JH56CNU	96	Picture	Delay	1372754	0	1	21062	2	0	20920
JH56CNU	97	Picture	2_16_Retrieval_Working_Memory_MEG_P6_LR_Salient_NoChange_CuedRetrieval_retrieval_patch_orientation_177_retrieval_position_3	1393983	0	2	30089	3	0	29920
JH56CNU	97	Response	10	1403531	9548	4
JH56CNU	98	Picture	ITI	1424239	0	2	22567	3	0	22420
JH56CNU	99	Picture	CueingCross	1446973	0	2	3009	3	0	2920
JH56CNU	100	Picture	PrepTime	1450149	0	2	3009	4	0	2920
JH56CNU	101	Picture	2_17_Encoding_Working_Memory_MEG_P6_LR_Salient_NoChange_UncuedRetriev_300_300_399_1950_3000_2050_gabor_patch_orientation_018_062_178_107_target_position_1_3_retrieval_position_4	1453325	0	2	1338	3	0	1250
JH56CNU	101	Picture	Flicker2	1454663	1338	1	1337	2	1250	1250
JH56CNU	101	Picture	Flicker3	1456000	2675	1	1337	2	2500	1250
JH56CNU	102	Picture	Delay	1457505	0	1	19557	2	0	19420
JH56CNU	103	Picture	2_17_Retrieval_Working_Memory_MEG_P6_LR_Salient_NoChange_UncuedRetriev_retrieval_patch_orientation_107_retrieval_position_4	1477230	0	1	30088	3	0	29920
JH56CNU	103	Response	20	1499739	22509	3
JH56CNU	104	Picture	ITI	1507486	0	1	20560	3	0	20420
JH56CNU	105	Picture	CueingCross	1528213	0	2	3009	4	0	2920
JH56CNU	106	Picture	PrepTime	1531390	0	1	3008	3	0	2920
JH56CNU	107	Picture	2_18_Encoding_Working_Memory_MEG_P6_LR_Salient_DoChange_CuedRetrieval_300_300_399_2150_3000_2250_gabor_patch_orientation_088_159_052_022_target_position_2_4_retrieval_position_4	1534566	0	1	1337	2	0	1250
JH56CNU	107	Picture	Flicker2	1535903	1337	1	1337	2	1250	1250
JH56CNU	107	Picture	Flicker3	1537240	2674	1	1338	2	2500	1250
JH56CNU	108	Picture	Delay	1538745	0	1	21563	3	0	21420
JH56CNU	109	Picture	2_18_Retrieval_Working_Memory_MEG_P6_LR_Salient_DoChange_CuedRetrieval_retrieval_patch_orientation_070_retrieval_position_4	1560476	0	1	30089	2	0	29920
JH56CNU	109	Response	20	1569587	9111	3
JH56CNU	110	Picture	ITI	1590732	0	1	22566	3	0	22420
JH56CNU	111	Picture	CueingCross	1613466	0	1	3009	2	0	2920
JH56CNU	112	Picture	PrepTime	1616642	0	1	3009	2	0	2920
JH56CNU	113	Picture	2_19_Encoding_Working_Memory_MEG_P6_LR_Salient_NoChange_CuedRetrieval_300_300_399_1900_3000_2300_gabor_patch_orientation_015_032_177_155_target_position_1_4_retrieval_position_1	1619818	0	1	1337	2	0	1250
JH56CNU	113	Picture	Flicker2	1621155	1337	1	1337	2	1250	1250
JH56CNU	113	Picture	Flicker3	1622492	2674	1	1338	2	2500	1250
JH56CNU	114	Picture	Delay	1623997	0	1	19056	2	0	18920
JH56CNU	115	Picture	2_19_Retrieval_Working_Memory_MEG_P6_LR_Salient_NoChange_CuedRetrieval_retrieval_patch_orientation_015_retrieval_position_1	1643220	0	2	30089	3	0	29920
JH56CNU	115	Response	10	1655464	12244	4
JH56CNU	116	Picture	ITI	1673476	0	2	23069	3	0	22920
JH56CNU	117	Picture	CueingCross	1696712	0	1	3009	2	0	2920
JH56CNU	118	Picture	PrepTime	1699888	0	1	3009	2	0	2920
JH56CNU	119	Picture	2_20_Encoding_Working_Memory_MEG_P6_LR_Salient_DoChange_UncuedRetriev_300_300_399_2000_3000_2250_gabor_patch_orientation_080_118_054_164_target_position_1_2_retrieval_position_4	1703064	0	1	1337	2	0	1250
JH56CNU	119	Picture	Flicker2	1704401	1337	1	1337	3	1250	1250
JH56CNU	119	Picture	Flicker3	1705738	2674	2	1338	3	2500	1250
JH56CNU	120	Picture	Delay	1707243	0	1	20059	2	0	19920
JH56CNU	121	Picture	2_20_Retrieval_Working_Memory_MEG_P6_LR_Salient_DoChange_UncuedRetriev_retrieval_patch_orientation_028_retrieval_position_4	1727469	0	2	30089	3	0	29920
JH56CNU	121	Response	20	1746902	19433	3
JH56CNU	122	Picture	ITI	1757725	0	2	22567	3	0	22420
JH56CNU	123	Picture	CueingCross	1780459	0	2	3009	3	0	2920
JH56CNU	124	Picture	PrepTime	1783635	0	2	3009	3	0	2920
JH56CNU	125	Picture	2_21_Encoding_Working_Memory_MEG_P6_LR_Salient_NoChange_CuedRetrieval_300_300_399_2050_3000_2050_gabor_patch_orientation_104_037_170_125_target_position_2_4_retrieval_position_4	1786811	0	2	1338	3	0	1250
JH56CNU	125	Picture	Flicker2	1788149	1338	1	1337	2	1250	1250
JH56CNU	125	Picture	Flicker3	1789486	2675	1	1337	2	2500	1250
JH56CNU	126	Picture	Delay	1790990	0	2	20561	3	0	20420
JH56CNU	127	Picture	2_21_Retrieval_Working_Memory_MEG_P6_LR_Salient_NoChange_CuedRetrieval_retrieval_patch_orientation_125_retrieval_position_4	1811718	0	2	30089	3	0	29920
JH56CNU	127	Response	10	1829899	18181	4
JH56CNU	128	Picture	ITI	1841974	0	2	20561	3	0	20420
JH56CNU	129	Picture	CueingCross	1862702	0	2	3009	3	0	2920
JH56CNU	130	Picture	PrepTime	1865879	0	1	3008	3	0	2920
JH56CNU	131	Picture	2_22_Encoding_Working_Memory_MEG_P6_LR_Salient_DoChange_CuedRetrieval_300_300_399_1800_3000_2250_gabor_patch_orientation_129_048_112_180_target_position_2_3_retrieval_position_2	1869055	0	1	1337	2	0	1250
JH56CNU	131	Picture	Flicker2	1870392	1337	1	1337	2	1250	1250
JH56CNU	131	Picture	Flicker3	1871729	2674	1	1337	3	2500	1250
JH56CNU	132	Picture	Delay	1873234	0	1	18053	2	0	17920
JH56CNU	133	Picture	2_22_Retrieval_Working_Memory_MEG_P6_LR_Salient_DoChange_CuedRetrieval_retrieval_patch_orientation_001_retrieval_position_2	1891454	0	1	30089	2	0	29920
JH56CNU	133	Response	20	1900487	9033	6
JH56CNU	134	Picture	ITI	1921710	0	2	22567	3	0	22420
JH56CNU	135	Picture	CueingCross	1944444	0	1	3009	2	0	2920
JH56CNU	136	Picture	PrepTime	1947620	0	1	3009	2	0	2920
JH56CNU	137	Picture	2_23_Encoding_Working_Memory_MEG_P6_LR_Salient_DoChange_CuedRetrieval_300_300_399_1800_3000_2450_gabor_patch_orientation_056_163_007_077_target_position_2_4_retrieval_position_2	1950796	0	2	1338	3	0	1250
JH56CNU	137	Picture	Flicker2	1952134	1338	1	1337	2	1250	1250
JH56CNU	137	Picture	Flicker3	1953471	2675	1	1337	2	2500	1250
JH56CNU	138	Picture	Delay	1954975	0	2	18054	3	0	17920
JH56CNU	139	Picture	2_23_Retrieval_Working_Memory_MEG_P6_LR_Salient_DoChange_CuedRetrieval_retrieval_patch_orientation_116_retrieval_position_2	1973196	0	1	30089	2	0	29920
JH56CNU	139	Response	20	1984085	10889	4
JH56CNU	140	Picture	ITI	2003452	0	1	24573	2	0	24420
JH56CNU	141	Picture	CueingCross	2028192	0	1	3009	2	0	2920
JH56CNU	142	Picture	PrepTime	2031368	0	1	3009	2	0	2920
JH56CNU	143	Picture	2_24_Encoding_Working_Memory_MEG_P6_LR_Salient_DoChange_UncuedRetriev_300_300_399_1850_3000_2100_gabor_patch_orientation_015_088_165_144_target_position_3_4_retrieval_position_2	2034544	0	1	1337	2	0	1250
JH56CNU	143	Picture	Flicker2	2035881	1337	1	1337	3	1250	1250
JH56CNU	143	Picture	Flicker3	2037218	2674	2	1338	3	2500	1250
JH56CNU	144	Picture	Delay	2038723	0	1	18555	2	0	18420
JH56CNU	145	Picture	2_24_Retrieval_Working_Memory_MEG_P6_LR_Salient_DoChange_UncuedRetriev_retrieval_patch_orientation_038_retrieval_position_2	2057445	0	1	30089	2	0	29920
JH56CNU	145	Response	10	2078033	20588	3
JH56CNU	146	Picture	ITI	2087701	0	1	21062	2	0	20920
JH56CNU	147	Picture	CueingCross	2108930	0	2	3009	3	0	2920
JH56CNU	148	Picture	PrepTime	2112106	0	2	3009	3	0	2920
JH56CNU	149	Picture	2_25_Encoding_Working_Memory_MEG_P6_LR_Salient_NoChange_CuedRetrieval_300_300_399_2050_3000_2500_gabor_patch_orientation_129_073_039_149_target_position_1_4_retrieval_position_1	2115283	0	1	1337	2	0	1250
JH56CNU	149	Picture	Flicker2	2116620	1337	1	1337	2	1250	1250
JH56CNU	149	Picture	Flicker3	2117957	2674	1	1337	3	2500	1250
JH56CNU	150	Picture	Delay	2119462	0	1	20560	2	0	20420
JH56CNU	151	Picture	2_25_Retrieval_Working_Memory_MEG_P6_LR_Salient_NoChange_CuedRetrieval_retrieval_patch_orientation_129_retrieval_position_1	2140190	0	1	30088	3	0	29920
JH56CNU	151	Response	10	2150901	10711	3
JH56CNU	152	Picture	ITI	2170446	0	1	25074	2	0	24920
JH56CNU	153	Picture	CueingCross	2195687	0	1	3009	2	0	2920
JH56CNU	154	Picture	PrepTime	2198863	0	1	3009	2	0	2920
JH56CNU	155	Picture	2_26_Encoding_Working_Memory_MEG_P6_LR_Salient_DoChange_CuedRetrieval_300_300_399_1950_3000_2200_gabor_patch_orientation_086_154_044_105_target_position_1_2_retrieval_position_1	2202039	0	1	1337	2	0	1250
JH56CNU	155	Picture	Flicker2	2203376	1337	1	1338	2	1250	1250
JH56CNU	155	Picture	Flicker3	2204714	2675	1	1337	2	2500	1250
JH56CNU	156	Picture	Delay	2206218	0	1	19558	2	0	19420
JH56CNU	157	Picture	2_26_Retrieval_Working_Memory_MEG_P6_LR_Salient_DoChange_CuedRetrieval_retrieval_patch_orientation_133_retrieval_position_1	2225943	0	1	30089	2	0	29920
JH56CNU	157	Response	20	2248208	22265	4
JH56CNU	158	Picture	ITI	2256199	0	1	22065	2	0	21920
JH56CNU	159	Picture	CueingCross	2278432	0	1	3008	3	0	2920
JH56CNU	160	Picture	PrepTime	2281608	0	1	3008	3	0	2920
JH56CNU	161	Picture	2_27_Encoding_Working_Memory_MEG_P6_LR_Salient_NoChange_CuedRetrieval_300_300_399_1900_3000_2500_gabor_patch_orientation_171_090_145_039_target_position_2_3_retrieval_position_3	2284784	0	1	1337	2	0	1250
JH56CNU	161	Picture	Flicker2	2286121	1337	1	1337	2	1250	1250
JH56CNU	161	Picture	Flicker3	2287458	2674	1	1338	2	2500	1250
JH56CNU	162	Picture	Delay	2288963	0	1	19056	2	0	18920
JH56CNU	163	Picture	2_27_Retrieval_Working_Memory_MEG_P6_LR_Salient_NoChange_CuedRetrieval_retrieval_patch_orientation_145_retrieval_position_3	2308186	0	1	30089	2	0	29920
JH56CNU	163	Response	10	2319026	10840	4
JH56CNU	164	Picture	ITI	2338442	0	2	25074	4	0	24920
JH56CNU	165	Picture	CueingCross	2363684	0	1	3008	3	0	2920
JH56CNU	166	Picture	PrepTime	2366860	0	1	3008	3	0	2920
JH56CNU	167	Picture	2_28_Encoding_Working_Memory_MEG_P6_LR_Salient_DoChange_CuedRetrieval_300_300_399_1900_3000_2100_gabor_patch_orientation_149_123_037_010_target_position_2_3_retrieval_position_3	2370036	0	1	1337	2	0	1250
JH56CNU	167	Picture	Flicker2	2371373	1337	1	1337	2	1250	1250
JH56CNU	167	Picture	Flicker3	2372710	2674	1	1338	2	2500	1250
JH56CNU	168	Picture	Delay	2374215	0	1	19056	2	0	18920
JH56CNU	169	Picture	2_28_Retrieval_Working_Memory_MEG_P6_LR_Salient_DoChange_CuedRetrieval_retrieval_patch_orientation_174_retrieval_position_3	2393438	0	1	30089	2	0	29920
JH56CNU	169	Response	20	2403184	9746	3
JH56CNU	170	Picture	ITI	2423694	0	2	21063	3	0	20920
JH56CNU	171	Picture	CueingCross	2444923	0	2	3010	3	0	2920
JH56CNU	172	Picture	PrepTime	2448100	0	1	3009	2	0	2920
JH56CNU	173	Picture	2_29_Encoding_Working_Memory_MEG_P6_LR_Salient_NoChange_CuedRetrieval_300_300_399_2000_3000_2350_gabor_patch_orientation_098_037_064_144_target_position_2_4_retrieval_position_2	2451276	0	1	1337	3	0	1250
JH56CNU	173	Picture	Flicker2	2452613	1337	2	1337	4	1250	1250
JH56CNU	173	Picture	Flicker3	2453950	2674	2	1338	3	2500	1250
JH56CNU	174	Picture	Delay	2455455	0	1	20059	2	0	19920
JH56CNU	175	Picture	2_29_Retrieval_Working_Memory_MEG_P6_LR_Salient_NoChange_CuedRetrieval_retrieval_patch_orientation_037_retrieval_position_2	2475681	0	2	30089	3	0	29920
JH56CNU	175	Response	10	2484812	9131	3
JH56CNU	176	Picture	ITI	2505937	0	2	23570	3	0	23420
JH56CNU	177	Picture	CueingCross	2529674	0	2	3009	3	0	2920
JH56CNU	178	Picture	PrepTime	2532850	0	2	3009	3	0	2920
JH56CNU	179	Picture	2_30_Encoding_Working_Memory_MEG_P6_LR_Salient_DoChange_CuedRetrieval_300_300_399_2250_3000_1900_gabor_patch_orientation_024_081_046_152_target_position_1_4_retrieval_position_4	2536026	0	2	1338	3	0	1250
JH56CNU	179	Picture	Flicker2	2537364	1338	1	1337	2	1250	1250
JH56CNU	179	Picture	Flicker3	2538701	2675	1	1337	2	2500	1250
JH56CNU	180	Picture	Delay	2540205	0	2	22567	3	0	22420
JH56CNU	181	Picture	2_30_Retrieval_Working_Memory_MEG_P6_LR_Salient_DoChange_CuedRetrieval_retrieval_patch_orientation_102_retrieval_position_4	2562939	0	2	30089	3	0	29920
JH56CNU	181	Response	20	2572389	9450	4
JH56CNU	181	Response	20	2592469	29530	3
JH56CNU	182	Picture	ITI	2593195	0	2	19057	3	0	18920
JH56CNU	183	Picture	CueingCross	2612419	0	1	3009	2	0	2920
JH56CNU	184	Picture	PrepTime	2615595	0	1	3009	2	0	2920
JH56CNU	185	Picture	2_31_Encoding_Working_Memory_MEG_P6_LR_Salient_DoChange_CuedRetrieval_300_300_399_2100_3000_2350_gabor_patch_orientation_017_099_142_123_target_position_3_4_retrieval_position_4	2618771	0	1	1337	3	0	1250
JH56CNU	185	Picture	Flicker2	2620108	1337	2	1338	3	1250	1250
JH56CNU	185	Picture	Flicker3	2621446	2675	1	1337	2	2500	1250
JH56CNU	186	Picture	Delay	2622950	0	1	21062	2	0	20920
JH56CNU	187	Picture	2_31_Retrieval_Working_Memory_MEG_P6_LR_Salient_DoChange_CuedRetrieval_retrieval_patch_orientation_170_retrieval_position_4	2644180	0	1	30088	3	0	29920
JH56CNU	187	Response	20	2652857	8677	4
JH56CNU	188	Picture	ITI	2674436	0	1	23569	2	0	23420
JH56CNU	189	Picture	CueingCross	2698172	0	2	3009	3	0	2920
JH56CNU	190	Picture	PrepTime	2701349	0	1	3008	3	0	2920
JH56CNU	191	Picture	2_32_Encoding_Working_Memory_MEG_P6_LR_Salient_NoChange_CuedRetrieval_300_300_399_2000_3000_1950_gabor_patch_orientation_040_001_017_163_target_position_1_4_retrieval_position_1	2704525	0	1	1337	2	0	1250
JH56CNU	191	Picture	Flicker2	2705862	1337	1	1337	2	1250	1250
JH56CNU	191	Picture	Flicker3	2707199	2674	1	1337	3	2500	1250
JH56CNU	192	Picture	Delay	2708704	0	1	20058	3	0	19920
JH56CNU	193	Picture	2_32_Retrieval_Working_Memory_MEG_P6_LR_Salient_NoChange_CuedRetrieval_retrieval_patch_orientation_040_retrieval_position_1	2728930	0	1	30089	2	0	29920
JH56CNU	193	Response	10	2742134	13204	4
JH56CNU	194	Picture	ITI	2759186	0	1	19558	2	0	19420
JH56CNU	195	Picture	CueingCross	2778911	0	1	3009	2	0	2920
JH56CNU	196	Picture	PrepTime	2782087	0	1	3009	2	0	2920
JH56CNU	197	Picture	2_33_Encoding_Working_Memory_MEG_P6_LR_Salient_NoChange_UncuedRetriev_300_300_399_1750_3000_2350_gabor_patch_orientation_078_131_155_020_target_position_1_4_retrieval_position_3	2785263	0	2	1338	3	0	1250
JH56CNU	197	Picture	Flicker2	2786601	1338	1	1337	2	1250	1250
JH56CNU	197	Picture	Flicker3	2787938	2675	1	1337	2	2500	1250
JH56CNU	198	Picture	Delay	2789442	0	2	17552	3	0	17420
JH56CNU	199	Picture	2_33_Retrieval_Working_Memory_MEG_P6_LR_Salient_NoChange_UncuedRetriev_retrieval_patch_orientation_155_retrieval_position_3	2807161	0	2	30089	3	0	29920
JH56CNU	199	Response	10	2830112	22951	4
JH56CNU	200	Picture	ITI	2837417	0	2	23570	3	0	23420
JH56CNU	201	Picture	CueingCross	2861154	0	2	3009	3	0	2920
JH56CNU	202	Picture	PrepTime	2864330	0	2	3009	3	0	2920
JH56CNU	203	Picture	2_34_Encoding_Working_Memory_MEG_P6_LR_Salient_NoChange_CuedRetrieval_300_300_399_2200_3000_2600_gabor_patch_orientation_180_095_070_130_target_position_2_3_retrieval_position_2	2867506	0	2	1338	3	0	1250
JH56CNU	203	Picture	Flicker2	2868844	1338	1	1337	2	1250	1250
JH56CNU	203	Picture	Flicker3	2870181	2675	1	1337	2	2500	1250
JH56CNU	204	Picture	Delay	2871685	0	2	22066	3	0	21920
JH56CNU	205	Picture	2_34_Retrieval_Working_Memory_MEG_P6_LR_Salient_NoChange_CuedRetrieval_retrieval_patch_orientation_095_retrieval_position_2	2893918	0	1	30089	2	0	29920
JH56CNU	205	Response	10	2917640	23722	3
JH56CNU	206	Picture	ITI	2924174	0	1	26077	2	0	25920
JH56CNU	207	Picture	CueingCross	2950418	0	1	3009	2	0	2920
JH56CNU	208	Picture	PrepTime	2953594	0	2	3009	3	0	2920
JH56CNU	209	Picture	2_35_Encoding_Working_Memory_MEG_P6_LR_Salient_DoChange_CuedRetrieval_300_300_399_1800_3000_1900_gabor_patch_orientation_163_040_077_102_target_position_3_4_retrieval_position_3	2956770	0	2	1338	3	0	1250
JH56CNU	209	Picture	Flicker2	2958108	1338	1	1337	2	1250	1250
JH56CNU	209	Picture	Flicker3	2959445	2675	1	1337	2	2500	1250
JH56CNU	210	Picture	Delay	2960949	0	2	18054	3	0	17920
JH56CNU	211	Picture	2_35_Retrieval_Working_Memory_MEG_P6_LR_Salient_DoChange_CuedRetrieval_retrieval_patch_orientation_126_retrieval_position_3	2979170	0	1	30089	2	0	29920
JH56CNU	211	Response	20	2989458	10288	6
JH56CNU	212	Picture	ITI	3009426	0	1	19056	2	0	18920
JH56CNU	213	Picture	CueingCross	3028649	0	2	3009	4	0	2920
JH56CNU	214	Picture	PrepTime	3031826	0	1	3008	3	0	2920
JH56CNU	215	Picture	2_36_Encoding_Working_Memory_MEG_P6_LR_Salient_NoChange_CuedRetrieval_300_300_399_2200_3000_2450_gabor_patch_orientation_122_140_056_080_target_position_3_4_retrieval_position_3	3035002	0	1	1337	2	0	1250
JH56CNU	215	Picture	Flicker2	3036339	1337	1	1337	2	1250	1250
JH56CNU	215	Picture	Flicker3	3037676	2674	1	1337	3	2500	1250
JH56CNU	216	Picture	Delay	3039181	0	1	22065	2	0	21920
JH56CNU	217	Picture	2_36_Retrieval_Working_Memory_MEG_P6_LR_Salient_NoChange_CuedRetrieval_retrieval_patch_orientation_056_retrieval_position_3	3061413	0	1	30089	2	0	29920
JH56CNU	217	Response	10	3071075	9662	4
JH56CNU	218	Picture	ITI	3091669	0	1	24573	2	0	24420
JH56CNU	219	Picture	CueingCross	3116409	0	1	3009	2	0	2920
JH56CNU	220	Picture	PrepTime	3119585	0	1	3009	2	0	2920
JH56CNU	221	Picture	2_37_Encoding_Working_Memory_MEG_P6_LR_Salient_NoChange_UncuedRetriev_300_300_399_1850_3000_1900_gabor_patch_orientation_172_059_020_043_target_position_2_3_retrieval_position_1	3122761	0	1	1337	2	0	1250
JH56CNU	221	Picture	Flicker2	3124098	1337	1	1338	2	1250	1250
JH56CNU	221	Picture	Flicker3	3125436	2675	1	1336	3	2500	1250
JH56CNU	222	Picture	Delay	3126940	0	1	18555	2	0	18420
JH56CNU	223	Picture	2_37_Retrieval_Working_Memory_MEG_P6_LR_Salient_NoChange_UncuedRetriev_retrieval_patch_orientation_172_retrieval_position_1	3145662	0	1	30089	2	0	29920
JH56CNU	223	Response	10	3163873	18211	4
JH56CNU	224	Picture	ITI	3175918	0	1	19057	2	0	18920
JH56CNU	225	Picture	CueingCross	3195142	0	1	3009	2	0	2920
JH56CNU	226	Picture	PrepTime	3198318	0	1	3009	2	0	2920
JH56CNU	227	Picture	2_38_Encoding_Working_Memory_MEG_P6_LR_Salient_NoChange_CuedRetrieval_300_300_399_1800_3000_2300_gabor_patch_orientation_017_035_143_072_target_position_1_3_retrieval_position_3	3201494	0	1	1337	2	0	1250
JH56CNU	227	Picture	Flicker2	3202831	1337	1	1337	3	1250	1250
JH56CNU	227	Picture	Flicker3	3204168	2674	2	1338	3	2500	1250
JH56CNU	228	Picture	Delay	3205673	0	1	18053	2	0	17920
JH56CNU	229	Picture	2_38_Retrieval_Working_Memory_MEG_P6_LR_Salient_NoChange_CuedRetrieval_retrieval_patch_orientation_143_retrieval_position_3	3223893	0	2	30089	3	0	29920
JH56CNU	229	Response	10	3231611	7718	3
JH56CNU	230	Picture	ITI	3254149	0	2	23069	3	0	22920
JH56CNU	231	Picture	CueingCross	3277385	0	1	3008	3	0	2920
JH56CNU	232	Picture	PrepTime	3280561	0	1	3009	2	0	2920
JH56CNU	233	Picture	2_39_Encoding_Working_Memory_MEG_P6_LR_Salient_NoChange_UncuedRetriev_300_300_399_2150_3000_2600_gabor_patch_orientation_090_066_176_112_target_position_3_4_retrieval_position_1	3283737	0	1	1337	2	0	1250
JH56CNU	233	Picture	Flicker2	3285074	1337	1	1338	2	1250	1250
JH56CNU	233	Picture	Flicker3	3286412	2675	1	1337	2	2500	1250
JH56CNU	234	Picture	Delay	3287916	0	1	21563	3	0	21420
JH56CNU	235	Picture	2_39_Retrieval_Working_Memory_MEG_P6_LR_Salient_NoChange_UncuedRetriev_retrieval_patch_orientation_090_retrieval_position_1	3309647	0	1	30089	2	0	29920
JH56CNU	235	Response	20	3332308	22661	7
JH56CNU	236	Picture	ITI	3339903	0	1	26077	2	0	25920
JH56CNU	237	Picture	CueingCross	3366147	0	2	3009	3	0	2920
JH56CNU	238	Picture	PrepTime	3369323	0	2	3009	3	0	2920
JH56CNU	239	Picture	2_40_Encoding_Working_Memory_MEG_P6_LR_Salient_DoChange_CuedRetrieval_300_300_399_2150_3000_2200_gabor_patch_orientation_152_112_023_096_target_position_3_4_retrieval_position_4	3372499	0	2	1338	3	0	1250
JH56CNU	239	Picture	Flicker2	3373837	1338	1	1337	2	1250	1250
JH56CNU	239	Picture	Flicker3	3375174	2675	1	1337	2	2500	1250
JH56CNU	240	Picture	Delay	3376678	0	2	21564	3	0	21420
JH56CNU	241	Picture	2_40_Retrieval_Working_Memory_MEG_P6_LR_Salient_DoChange_CuedRetrieval_retrieval_patch_orientation_046_retrieval_position_4	3398409	0	2	30089	3	0	29920
JH56CNU	241	Response	20	3408666	10257	4
JH56CNU	242	Picture	ITI	3428665	0	2	22066	3	0	21920
JH56CNU	243	Picture	CueingCross	3450898	0	1	3009	2	0	2920
JH56CNU	244	Picture	PrepTime	3454074	0	1	3009	2	0	2920
JH56CNU	245	Picture	2_41_Encoding_Working_Memory_MEG_P6_LR_Salient_DoChange_CuedRetrieval_300_300_399_1850_3000_2250_gabor_patch_orientation_098_171_064_154_target_position_1_4_retrieval_position_1	3457250	0	1	1337	2	0	1250
JH56CNU	245	Picture	Flicker2	3458587	1337	1	1338	2	1250	1250
JH56CNU	245	Picture	Flicker3	3459925	2675	1	1337	2	2500	1250
JH56CNU	246	Picture	Delay	3461429	0	1	18555	2	0	18420
JH56CNU	247	Picture	2_41_Retrieval_Working_Memory_MEG_P6_LR_Salient_DoChange_CuedRetrieval_retrieval_patch_orientation_048_retrieval_position_1	3480151	0	1	30089	2	0	29920
JH56CNU	247	Response	20	3489194	9043	3
JH56CNU	248	Picture	ITI	3510407	0	1	22567	2	0	22420
JH56CNU	249	Picture	CueingCross	3533141	0	1	3009	2	0	2920
JH56CNU	250	Picture	PrepTime	3536317	0	1	3009	2	0	2920
JH56CNU	251	Picture	2_42_Encoding_Working_Memory_MEG_P6_LR_Salient_DoChange_CuedRetrieval_300_300_399_1750_3000_2550_gabor_patch_orientation_057_167_139_018_target_position_1_3_retrieval_position_1	3539493	0	1	1337	2	0	1250
JH56CNU	251	Picture	Flicker2	3540830	1337	1	1338	2	1250	1250
JH56CNU	251	Picture	Flicker3	3542168	2675	1	1337	2	2500	1250
JH56CNU	252	Picture	Delay	3543672	0	1	17552	2	0	17420
JH56CNU	253	Picture	2_42_Retrieval_Working_Memory_MEG_P6_LR_Salient_DoChange_CuedRetrieval_retrieval_patch_orientation_102_retrieval_position_1	3561391	0	1	30089	2	0	29920
JH56CNU	253	Response	20	3568382	6991	3
JH56CNU	254	Picture	ITI	3591647	0	2	25576	3	0	25420
JH56CNU	255	Picture	CueingCross	3617390	0	1	3009	2	0	2920
JH56CNU	256	Picture	PrepTime	3620566	0	1	3009	2	0	2920
JH56CNU	257	Picture	2_43_Encoding_Working_Memory_MEG_P6_LR_Salient_NoChange_CuedRetrieval_300_300_399_1950_3000_1950_gabor_patch_orientation_043_127_020_171_target_position_2_4_retrieval_position_2	3623742	0	1	1337	3	0	1250
JH56CNU	257	Picture	Flicker2	3625079	1337	2	1338	3	1250	1250
JH56CNU	257	Picture	Flicker3	3626417	2675	1	1337	2	2500	1250
JH56CNU	258	Picture	Delay	3627921	0	1	19558	2	0	19420
JH56CNU	259	Picture	2_43_Retrieval_Working_Memory_MEG_P6_LR_Salient_NoChange_CuedRetrieval_retrieval_patch_orientation_127_retrieval_position_2	3647646	0	1	30089	2	0	29920
JH56CNU	259	Response	10	3666619	18973	4
JH56CNU	260	Picture	ITI	3677902	0	2	19558	3	0	19420
JH56CNU	261	Picture	CueingCross	3697627	0	1	3009	2	0	2920
JH56CNU	262	Picture	PrepTime	3700803	0	2	3009	3	0	2920
JH56CNU	263	Picture	2_44_Encoding_Working_Memory_MEG_P6_LR_Salient_NoChange_CuedRetrieval_300_300_399_1750_3000_2150_gabor_patch_orientation_006_068_112_029_target_position_1_4_retrieval_position_1	3703979	0	2	1338	3	0	1250
JH56CNU	263	Picture	Flicker2	3705317	1338	1	1337	2	1250	1250
JH56CNU	263	Picture	Flicker3	3706654	2675	1	1337	2	2500	1250
JH56CNU	264	Picture	Delay	3708158	0	2	17552	3	0	17420
JH56CNU	265	Picture	2_44_Retrieval_Working_Memory_MEG_P6_LR_Salient_NoChange_CuedRetrieval_retrieval_patch_orientation_006_retrieval_position_1	3725877	0	2	30089	3	0	29920
JH56CNU	265	Response	10	3734847	8970	4
JH56CNU	266	Picture	ITI	3756134	0	1	21563	2	0	21420
JH56CNU	267	Picture	CueingCross	3777864	0	2	3009	3	0	2920
JH56CNU	268	Picture	PrepTime	3781041	0	1	3008	3	0	2920
JH56CNU	269	Picture	2_45_Encoding_Working_Memory_MEG_P6_LR_Salient_DoChange_CuedRetrieval_300_300_399_2100_3000_2050_gabor_patch_orientation_002_066_107_030_target_position_3_4_retrieval_position_3	3784217	0	1	1337	2	0	1250
JH56CNU	269	Picture	Flicker2	3785554	1337	1	1337	2	1250	1250
JH56CNU	269	Picture	Flicker3	3786891	2674	1	1337	3	2500	1250
JH56CNU	270	Picture	Delay	3788396	0	1	21062	2	0	20920
JH56CNU	271	Picture	2_45_Retrieval_Working_Memory_MEG_P6_LR_Salient_DoChange_CuedRetrieval_retrieval_patch_orientation_152_retrieval_position_3	3809625	0	1	30089	2	0	29920
JH56CNU	271	Response	10	3828545	18920	3
JH56CNU	272	Picture	ITI	3839881	0	2	20561	3	0	20420
JH56CNU	273	Picture	CueingCross	3860609	0	1	3009	2	0	2920
JH56CNU	274	Picture	PrepTime	3863785	0	1	3009	2	0	2920
JH56CNU	275	Picture	2_46_Encoding_Working_Memory_MEG_P6_LR_Salient_DoChange_CuedRetrieval_300_300_399_2000_3000_2450_gabor_patch_orientation_026_086_154_131_target_position_3_4_retrieval_position_3	3866961	0	1	1337	3	0	1250
JH56CNU	275	Picture	Flicker2	3868298	1337	2	1338	3	1250	1250
JH56CNU	275	Picture	Flicker3	3869636	2675	1	1337	2	2500	1250
JH56CNU	276	Picture	Delay	3871140	0	2	20060	3	0	19920
JH56CNU	277	Picture	2_46_Retrieval_Working_Memory_MEG_P6_LR_Salient_DoChange_CuedRetrieval_retrieval_patch_orientation_104_retrieval_position_3	3891367	0	1	30089	2	0	29920
JH56CNU	277	Response	20	3904173	12806	3
JH56CNU	278	Picture	ITI	3921623	0	1	24572	3	0	24420
JH56CNU	279	Picture	CueingCross	3946363	0	1	3009	2	0	2920
JH56CNU	280	Picture	PrepTime	3949539	0	1	3009	2	0	2920
JH56CNU	281	Picture	2_47_Encoding_Working_Memory_MEG_P6_LR_Salient_NoChange_UncuedRetriev_300_300_399_1950_3000_1950_gabor_patch_orientation_151_071_134_018_target_position_2_4_retrieval_position_3	3952715	0	1	1337	2	0	1250
JH56CNU	281	Picture	Flicker2	3954052	1337	1	1337	2	1250	1250
JH56CNU	281	Picture	Flicker3	3955389	2674	1	1338	2	2500	1250
JH56CNU	282	Picture	Delay	3956894	0	1	19558	2	0	19420
JH56CNU	283	Picture	2_47_Retrieval_Working_Memory_MEG_P6_LR_Salient_NoChange_UncuedRetriev_retrieval_patch_orientation_134_retrieval_position_3	3976619	0	1	30089	2	0	29920
JH56CNU	283	Response	10	3991630	15011	4
JH56CNU	284	Picture	ITI	4006875	0	1	19558	2	0	19420
JH56CNU	285	Picture	CueingCross	4026600	0	1	3009	2	0	2920
JH56CNU	286	Picture	PrepTime	4029776	0	1	3009	2	0	2920
JH56CNU	287	Picture	2_48_Encoding_Working_Memory_MEG_P6_LR_Salient_DoChange_CuedRetrieval_300_300_399_1750_3000_2550_gabor_patch_orientation_097_145_112_170_target_position_1_3_retrieval_position_3	4032952	0	1	1337	2	0	1250
JH56CNU	287	Picture	Flicker2	4034289	1337	1	1338	2	1250	1250
JH56CNU	287	Picture	Flicker3	4035627	2675	1	1337	2	2500	1250
JH56CNU	288	Picture	Delay	4037131	0	1	17552	2	0	17420
JH56CNU	289	Picture	2_48_Retrieval_Working_Memory_MEG_P6_LR_Salient_DoChange_CuedRetrieval_retrieval_patch_orientation_063_retrieval_position_3	4054850	0	1	30089	2	0	29920
JH56CNU	289	Response	20	4066658	11808	4
JH56CNU	290	Picture	ITI	4085106	0	1	25576	2	0	25420
JH56CNU	291	Picture	CueingCross	4110849	0	1	3009	2	0	2920
JH56CNU	292	Picture	PrepTime	4114025	0	1	3009	2	0	2920
JH56CNU	293	Picture	2_49_Encoding_Working_Memory_MEG_P6_LR_Salient_NoChange_CuedRetrieval_300_300_399_2250_3000_1950_gabor_patch_orientation_149_174_134_015_target_position_1_4_retrieval_position_4	4117201	0	1	1337	3	0	1250
JH56CNU	293	Picture	Flicker2	4118538	1337	2	1338	3	1250	1250
JH56CNU	293	Picture	Flicker3	4119876	2675	1	1337	2	2500	1250
JH56CNU	294	Picture	Delay	4121380	0	1	22567	2	0	22420
JH56CNU	295	Picture	2_49_Retrieval_Working_Memory_MEG_P6_LR_Salient_NoChange_CuedRetrieval_retrieval_patch_orientation_015_retrieval_position_4	4144114	0	1	30089	2	0	29920
JH56CNU	295	Response	10	4158276	14162	4
JH56CNU	296	Picture	ITI	4174370	0	1	19558	2	0	19420
JH56CNU	297	Picture	CueingCross	4194095	0	1	3009	2	0	2920
JH56CNU	298	Picture	PrepTime	4197271	0	1	3009	2	0	2920
JH56CNU	299	Picture	2_50_Encoding_Working_Memory_MEG_P6_LR_Salient_DoChange_CuedRetrieval_300_300_399_2200_3000_2100_gabor_patch_orientation_092_015_040_154_target_position_1_2_retrieval_position_2	4200447	0	1	1337	3	0	1250
JH56CNU	299	Picture	Flicker2	4201784	1337	2	1338	3	1250	1250
JH56CNU	299	Picture	Flicker3	4203122	2675	1	1337	2	2500	1250
JH56CNU	300	Picture	Delay	4204626	0	1	22065	3	0	21920
JH56CNU	301	Picture	2_50_Retrieval_Working_Memory_MEG_P6_LR_Salient_DoChange_CuedRetrieval_retrieval_patch_orientation_064_retrieval_position_2	4226859	0	1	30089	2	0	29920
JH56CNU	301	Response	10	4235803	8944	4
JH56CNU	302	Picture	ITI	4257115	0	1	21062	2	0	20920
JH56CNU	303	Picture	CueingCross	4278344	0	1	3009	2	0	2920
JH56CNU	304	Picture	PrepTime	4281520	0	1	3009	2	0	2920
JH56CNU	305	Picture	2_51_Encoding_Working_Memory_MEG_P6_LR_Salient_DoChange_CuedRetrieval_300_300_399_2150_3000_2300_gabor_patch_orientation_028_114_086_002_target_position_3_4_retrieval_position_4	4284696	0	1	1338	2	0	1250
JH56CNU	305	Picture	Flicker2	4286034	1338	1	1337	2	1250	1250
JH56CNU	305	Picture	Flicker3	4287371	2675	1	1337	2	2500	1250
JH56CNU	306	Picture	Delay	4288875	0	2	21564	3	0	21420
JH56CNU	307	Picture	2_51_Retrieval_Working_Memory_MEG_P6_LR_Salient_DoChange_CuedRetrieval_retrieval_patch_orientation_138_retrieval_position_4	4310606	0	1	30089	2	0	29920
JH56CNU	307	Response	20	4319051	8445	4
JH56CNU	308	Picture	ITI	4340862	0	2	23068	4	0	22920
JH56CNU	309	Picture	CueingCross	4364098	0	1	3009	2	0	2920
JH56CNU	310	Picture	PrepTime	4367274	0	1	3009	2	0	2920
JH56CNU	311	Picture	2_52_Encoding_Working_Memory_MEG_P6_LR_Salient_DoChange_CuedRetrieval_300_300_399_2250_3000_2100_gabor_patch_orientation_088_178_159_051_target_position_3_4_retrieval_position_4	4370450	0	1	1337	2	0	1250
JH56CNU	311	Picture	Flicker2	4371787	1337	1	1337	2	1250	1250
JH56CNU	311	Picture	Flicker3	4373124	2674	1	1338	2	2500	1250
JH56CNU	312	Picture	Delay	4374629	0	1	22567	2	0	22420
JH56CNU	313	Picture	2_52_Retrieval_Working_Memory_MEG_P6_LR_Salient_DoChange_CuedRetrieval_retrieval_patch_orientation_004_retrieval_position_4	4397363	0	1	30089	2	0	29920
JH56CNU	313	Response	20	4411389	14026	4
JH56CNU	314	Picture	ITI	4427619	0	1	21062	2	0	20920
JH56CNU	315	Picture	CueingCross	4448848	0	2	3009	3	0	2920
JH56CNU	316	Picture	PrepTime	4452024	0	1	3009	2	0	2920
JH56CNU	317	Picture	2_53_Encoding_Working_Memory_MEG_P6_LR_Salient_NoChange_UncuedRetriev_300_300_399_1900_3000_2000_gabor_patch_orientation_089_024_046_160_target_position_2_4_retrieval_position_3	4455200	0	2	1338	3	0	1250
JH56CNU	317	Picture	Flicker2	4456538	1338	1	1337	2	1250	1250
JH56CNU	317	Picture	Flicker3	4457875	2675	1	1337	2	2500	1250
JH56CNU	318	Picture	Delay	4459379	0	2	19057	3	0	18920
JH56CNU	319	Picture	2_53_Retrieval_Working_Memory_MEG_P6_LR_Salient_NoChange_UncuedRetriev_retrieval_patch_orientation_046_retrieval_position_3	4478603	0	1	30089	2	0	29920
JH56CNU	319	Response	20	4499256	20653	4
JH56CNU	320	Picture	ITI	4508859	0	1	20059	2	0	19920
JH56CNU	321	Picture	CueingCross	4529085	0	2	3009	3	0	2920
JH56CNU	322	Picture	PrepTime	4532261	0	2	3009	3	0	2920
JH56CNU	323	Picture	2_54_Encoding_Working_Memory_MEG_P6_LR_Salient_DoChange_CuedRetrieval_300_300_399_1900_3000_2200_gabor_patch_orientation_143_166_036_076_target_position_3_4_retrieval_position_4	4535437	0	2	1338	3	0	1250
JH56CNU	323	Picture	Flicker2	4536775	1338	1	1337	2	1250	1250
JH56CNU	323	Picture	Flicker3	4538112	2675	1	1337	3	2500	1250
JH56CNU	324	Picture	Delay	4539617	0	1	19056	2	0	18920
JH56CNU	325	Picture	2_54_Retrieval_Working_Memory_MEG_P6_LR_Salient_DoChange_CuedRetrieval_retrieval_patch_orientation_124_retrieval_position_4	4558840	0	1	30089	2	0	29920
JH56CNU	325	Response	20	4569654	10814	4
JH56CNU	326	Picture	ITI	4589096	0	1	22065	3	0	21920
JH56CNU	327	Picture	CueingCross	4611329	0	1	3008	3	0	2920
JH56CNU	328	Picture	PrepTime	4614505	0	1	3009	2	0	2920
JH56CNU	329	Picture	2_55_Encoding_Working_Memory_MEG_P6_LR_Salient_DoChange_CuedRetrieval_300_300_399_2000_3000_2400_gabor_patch_orientation_019_045_176_107_target_position_2_4_retrieval_position_2	4617680	0	2	1338	3	0	1250
JH56CNU	329	Picture	Flicker2	4619018	1338	1	1337	2	1250	1250
JH56CNU	329	Picture	Flicker3	4620355	2675	1	1338	2	2500	1250
JH56CNU	330	Picture	Delay	4621860	0	1	20059	2	0	19920
JH56CNU	331	Picture	2_55_Retrieval_Working_Memory_MEG_P6_LR_Salient_DoChange_CuedRetrieval_retrieval_patch_orientation_090_retrieval_position_2	4642086	0	1	30089	2	0	29920
JH56CNU	331	Response	20	4656562	14476	3
JH56CNU	332	Picture	ITI	4672342	0	2	24071	4	0	23920
JH56CNU	333	Picture	CueingCross	4696581	0	1	3009	2	0	2920
JH56CNU	334	Picture	PrepTime	4699757	0	1	3009	2	0	2920
JH56CNU	335	Picture	2_56_Encoding_Working_Memory_MEG_P6_LR_Salient_DoChange_CuedRetrieval_300_300_399_2200_3000_2600_gabor_patch_orientation_030_149_118_061_target_position_1_2_retrieval_position_2	4702933	0	1	1337	2	0	1250
JH56CNU	335	Picture	Flicker2	4704270	1337	1	1337	2	1250	1250
JH56CNU	335	Picture	Flicker3	4705607	2674	1	1338	2	2500	1250
JH56CNU	336	Picture	Delay	4707112	0	1	22065	2	0	21920
JH56CNU	337	Picture	2_56_Retrieval_Working_Memory_MEG_P6_LR_Salient_DoChange_CuedRetrieval_retrieval_patch_orientation_010_retrieval_position_2	4729344	0	1	30089	2	0	29920
JH56CNU	337	Response	10	4744989	15645	4
JH56CNU	338	Picture	ITI	4759600	0	2	26077	3	0	25920
JH56CNU	339	Picture	CueingCross	4785845	0	1	3008	2	0	2920
JH56CNU	340	Picture	PrepTime	4789021	0	1	3008	3	0	2920
JH56CNU	341	Picture	2_57_Encoding_Working_Memory_MEG_P6_LR_Salient_DoChange_UncuedRetriev_300_300_399_1900_3000_1900_gabor_patch_orientation_084_064_030_146_target_position_1_2_retrieval_position_3	4792197	0	1	1337	2	0	1250
JH56CNU	341	Picture	Flicker2	4793534	1337	1	1337	2	1250	1250
JH56CNU	341	Picture	Flicker3	4794871	2674	1	1337	3	2500	1250
JH56CNU	342	Picture	Delay	4796376	0	1	19056	2	0	18920
JH56CNU	343	Picture	2_57_Retrieval_Working_Memory_MEG_P6_LR_Salient_DoChange_UncuedRetriev_retrieval_patch_orientation_170_retrieval_position_3	4815599	0	1	30089	2	0	29920
JH56CNU	343	Response	10	4833697	18098	3
JH56CNU	344	Picture	ITI	4845855	0	1	19057	2	0	18920
JH56CNU	345	Picture	CueingCross	4865079	0	1	3009	2	0	2920
JH56CNU	346	Picture	PrepTime	4868255	0	1	3009	2	0	2920
JH56CNU	347	Picture	2_58_Encoding_Working_Memory_MEG_P6_LR_Salient_DoChange_CuedRetrieval_300_300_399_1850_3000_2000_gabor_patch_orientation_092_175_120_036_target_position_1_3_retrieval_position_1	4871431	0	1	1337	2	0	1250
JH56CNU	347	Picture	Flicker2	4872768	1337	1	1337	3	1250	1250
JH56CNU	347	Picture	Flicker3	4874105	2674	2	1338	4	2500	1250
JH56CNU	348	Picture	Delay	4875610	0	1	18555	2	0	18420
JH56CNU	349	Picture	2_58_Retrieval_Working_Memory_MEG_P6_LR_Salient_DoChange_CuedRetrieval_retrieval_patch_orientation_142_retrieval_position_1	4894332	0	1	30089	2	0	29920
JH56CNU	349	Response	20	4905285	10953	4
JH56CNU	350	Picture	ITI	4924588	0	1	20059	2	0	19920
JH56CNU	351	Picture	CueingCross	4944814	0	2	3009	3	0	2920
JH56CNU	352	Picture	PrepTime	4947991	0	1	3008	3	0	2920
JH56CNU	353	Picture	2_59_Encoding_Working_Memory_MEG_P6_LR_Salient_DoChange_UncuedRetriev_300_300_399_2250_3000_2500_gabor_patch_orientation_160_028_114_096_target_position_1_3_retrieval_position_2	4951167	0	1	1337	2	0	1250
JH56CNU	353	Picture	Flicker2	4952504	1337	1	1337	2	1250	1250
JH56CNU	353	Picture	Flicker3	4953841	2674	1	1337	3	2500	1250
JH56CNU	354	Picture	Delay	4955346	0	1	22566	2	0	22420
JH56CNU	355	Picture	2_59_Retrieval_Working_Memory_MEG_P6_LR_Salient_DoChange_UncuedRetriev_retrieval_patch_orientation_074_retrieval_position_2	4978079	0	2	30089	4	0	29920
JH56CNU	355	Response	10	4996913	18834	3
JH56CNU	356	Picture	ITI	5008336	0	1	25074	2	0	24920
JH56CNU	357	Picture	CueingCross	5033577	0	1	3009	2	0	2920
JH56CNU	358	Picture	PrepTime	5036753	0	1	3009	2	0	2920
JH56CNU	359	Picture	2_60_Encoding_Working_Memory_MEG_P6_LR_Salient_NoChange_CuedRetrieval_300_300_399_2050_3000_2200_gabor_patch_orientation_003_114_170_030_target_position_2_4_retrieval_position_2	5039929	0	1	1337	2	0	1250
JH56CNU	359	Picture	Flicker2	5041266	1337	1	1338	2	1250	1250
JH56CNU	359	Picture	Flicker3	5042604	2675	1	1337	2	2500	1250
JH56CNU	360	Picture	Delay	5044108	0	1	20561	3	0	20420
JH56CNU	361	Picture	2_60_Retrieval_Working_Memory_MEG_P6_LR_Salient_NoChange_CuedRetrieval_retrieval_patch_orientation_114_retrieval_position_2	5064836	0	1	30089	2	0	29920
JH56CNU	361	Response	10	5075600	10764	4
JH56CNU	362	Picture	ITI	5095092	0	1	22065	2	0	21920
JH56CNU	363	Picture	CueingCross	5117324	0	2	3009	3	0	2920
JH56CNU	364	Picture	PrepTime	5120501	0	1	3008	3	0	2920
JH56CNU	365	Picture	2_61_Encoding_Working_Memory_MEG_P6_LR_Salient_NoChange_CuedRetrieval_300_300_399_2250_3000_2400_gabor_patch_orientation_125_062_045_003_target_position_1_3_retrieval_position_3	5123677	0	1	1337	2	0	1250
JH56CNU	365	Picture	Flicker2	5125014	1337	1	1337	2	1250	1250
JH56CNU	365	Picture	Flicker3	5126351	2674	1	1337	3	2500	1250
JH56CNU	366	Picture	Delay	5127856	0	1	22566	2	0	22420
JH56CNU	367	Picture	2_61_Retrieval_Working_Memory_MEG_P6_LR_Salient_NoChange_CuedRetrieval_retrieval_patch_orientation_045_retrieval_position_3	5150590	0	1	30088	3	0	29920
JH56CNU	367	Response	10	5159088	8498	4
JH56CNU	368	Picture	ITI	5180846	0	1	24070	3	0	23920
JH56CNU	369	Picture	CueingCross	5205084	0	1	3009	2	0	2920
JH56CNU	370	Picture	PrepTime	5208260	0	1	3009	2	0	2920
JH56CNU	371	Picture	2_62_Encoding_Working_Memory_MEG_P6_LR_Salient_NoChange_CuedRetrieval_300_300_399_1800_3000_2000_gabor_patch_orientation_065_042_180_017_target_position_3_4_retrieval_position_4	5211435	0	2	1338	3	0	1250
JH56CNU	371	Picture	Flicker2	5212773	1338	1	1338	2	1250	1250
JH56CNU	371	Picture	Flicker3	5214111	2676	1	1337	2	2500	1250
JH56CNU	372	Picture	Delay	5215615	0	1	18053	3	0	17920
JH56CNU	373	Picture	2_62_Retrieval_Working_Memory_MEG_P6_LR_Salient_NoChange_CuedRetrieval_retrieval_patch_orientation_017_retrieval_position_4	5233836	0	1	30089	2	0	29920
JH56CNU	373	Response	10	5242816	8980	4
JH56CNU	374	Picture	ITI	5264092	0	1	20059	2	0	19920
JH56CNU	375	Picture	CueingCross	5284318	0	1	3009	2	0	2920
JH56CNU	376	Picture	PrepTime	5287494	0	1	3009	2	0	2920
JH56CNU	377	Picture	2_63_Encoding_Working_Memory_MEG_P6_LR_Salient_DoChange_CuedRetrieval_300_300_399_2000_3000_2300_gabor_patch_orientation_090_165_142_117_target_position_3_4_retrieval_position_3	5290670	0	2	1338	3	0	1250
JH56CNU	377	Picture	Flicker2	5292008	1338	1	1337	2	1250	1250
JH56CNU	377	Picture	Flicker3	5293345	2675	1	1337	2	2500	1250
JH56CNU	378	Picture	Delay	5294849	0	2	20060	3	0	19920
JH56CNU	379	Picture	2_63_Retrieval_Working_Memory_MEG_P6_LR_Salient_DoChange_CuedRetrieval_retrieval_patch_orientation_004_retrieval_position_3	5315076	0	1	30089	2	0	29920
JH56CNU	379	Response	20	5323124	8048	3
JH56CNU	380	Picture	ITI	5345332	0	1	23068	2	0	22920
JH56CNU	381	Picture	CueingCross	5368567	0	2	3009	3	0	2920
JH56CNU	382	Picture	PrepTime	5371743	0	2	3009	3	0	2920
JH56CNU	383	Picture	2_64_Encoding_Working_Memory_MEG_P6_LR_Salient_NoChange_CuedRetrieval_300_300_399_1750_3000_2000_gabor_patch_orientation_044_133_073_110_target_position_3_4_retrieval_position_3	5374919	0	2	1338	3	0	1250
JH56CNU	383	Picture	Flicker2	5376257	1338	1	1337	2	1250	1250
JH56CNU	383	Picture	Flicker3	5377594	2675	1	1337	2	2500	1250
JH56CNU	384	Picture	Delay	5379098	0	2	17552	3	0	17420
JH56CNU	385	Picture	2_64_Retrieval_Working_Memory_MEG_P6_LR_Salient_NoChange_CuedRetrieval_retrieval_patch_orientation_073_retrieval_position_3	5396817	0	2	30089	4	0	29920
JH56CNU	385	Response	10	5405731	8914	4
JH56CNU	386	Picture	ITI	5427074	0	1	20059	2	0	19920
JH56CNU	387	Picture	CueingCross	5447300	0	1	3009	2	0	2920
JH56CNU	388	Picture	PrepTime	5450476	0	1	3009	2	0	2920
JH56CNU	389	Picture	2_65_Encoding_Working_Memory_MEG_P6_LR_Salient_DoChange_UncuedRetriev_300_300_399_2250_3000_2300_gabor_patch_orientation_175_041_061_094_target_position_2_4_retrieval_position_3	5453652	0	1	1337	3	0	1250
JH56CNU	389	Picture	Flicker2	5454989	1337	2	1338	3	1250	1250
JH56CNU	389	Picture	Flicker3	5456327	2675	1	1337	2	2500	1250
JH56CNU	390	Picture	Delay	5457831	0	1	22567	2	0	22420
JH56CNU	391	Picture	2_65_Retrieval_Working_Memory_MEG_P6_LR_Salient_DoChange_UncuedRetriev_retrieval_patch_orientation_015_retrieval_position_3	5480565	0	1	30089	2	0	29920
JH56CNU	391	Response	20	5499149	18584	3
JH56CNU	392	Picture	ITI	5510821	0	1	23068	2	0	22920
JH56CNU	393	Picture	CueingCross	5534057	0	1	3008	3	0	2920
JH56CNU	394	Picture	PrepTime	5537233	0	1	3008	3	0	2920
JH56CNU	395	Picture	2_66_Encoding_Working_Memory_MEG_P6_LR_Salient_DoChange_CuedRetrieval_300_300_399_1800_3000_2050_gabor_patch_orientation_004_174_143_109_target_position_3_4_retrieval_position_4	5540409	0	1	1337	2	0	1250
JH56CNU	395	Picture	Flicker2	5541746	1337	1	1337	2	1250	1250
JH56CNU	395	Picture	Flicker3	5543083	2674	1	1337	3	2500	1250
JH56CNU	396	Picture	Delay	5544588	0	1	18053	2	0	17920
JH56CNU	397	Picture	2_66_Retrieval_Working_Memory_MEG_P6_LR_Salient_DoChange_CuedRetrieval_retrieval_patch_orientation_059_retrieval_position_4	5562808	0	1	30089	2	0	29920
JH56CNU	397	Response	20	5575397	12589	3
JH56CNU	398	Picture	ITI	5593064	0	2	20561	3	0	20420
JH56CNU	399	Picture	CueingCross	5613792	0	2	3009	3	0	2920
JH56CNU	400	Picture	PrepTime	5616968	0	2	3009	3	0	2920
JH56CNU	401	Picture	2_67_Encoding_Working_Memory_MEG_P6_LR_Salient_NoChange_CuedRetrieval_300_300_399_1850_3000_2550_gabor_patch_orientation_091_165_031_113_target_position_1_2_retrieval_position_1	5620144	0	2	1338	3	0	1250
JH56CNU	401	Picture	Flicker2	5621482	1338	1	1337	2	1250	1250
JH56CNU	401	Picture	Flicker3	5622819	2675	1	1337	2	2500	1250
JH56CNU	402	Picture	Delay	5624323	0	2	18555	3	0	18420
JH56CNU	403	Picture	2_67_Retrieval_Working_Memory_MEG_P6_LR_Salient_NoChange_CuedRetrieval_retrieval_patch_orientation_091_retrieval_position_1	5643045	0	2	30089	3	0	29920
JH56CNU	403	Response	10	5652894	9849	4
JH56CNU	404	Picture	ITI	5673301	0	2	25576	3	0	25420
JH56CNU	405	Picture	CueingCross	5699044	0	2	3009	3	0	2920
JH56CNU	406	Picture	PrepTime	5702220	0	2	3009	3	0	2920
JH56CNU	407	Picture	2_68_Encoding_Working_Memory_MEG_P6_LR_Salient_NoChange_CuedRetrieval_300_300_399_1950_3000_2500_gabor_patch_orientation_100_076_041_018_target_position_3_4_retrieval_position_4	5705396	0	2	1338	3	0	1250
JH56CNU	407	Picture	Flicker2	5706734	1338	1	1337	2	1250	1250
JH56CNU	407	Picture	Flicker3	5708071	2675	1	1337	2	2500	1250
JH56CNU	408	Picture	Delay	5709575	0	2	19558	3	0	19420
JH56CNU	409	Picture	2_68_Retrieval_Working_Memory_MEG_P6_LR_Salient_NoChange_CuedRetrieval_retrieval_patch_orientation_018_retrieval_position_4	5729300	0	2	30089	3	0	29920
JH56CNU	409	Response	10	5737122	7822	4
JH56CNU	410	Picture	ITI	5759556	0	3	25075	4	0	24920
JH56CNU	411	Picture	CueingCross	5784798	0	1	3009	2	0	2920
JH56CNU	412	Picture	PrepTime	5787974	0	1	3009	2	0	2920
JH56CNU	413	Picture	2_69_Encoding_Working_Memory_MEG_P6_LR_Salient_DoChange_UncuedRetriev_300_300_399_2200_3000_2350_gabor_patch_orientation_076_092_137_156_target_position_1_2_retrieval_position_3	5791150	0	1	1337	2	0	1250
JH56CNU	413	Picture	Flicker2	5792487	1337	1	1337	3	1250	1250
JH56CNU	413	Picture	Flicker3	5793824	2674	2	1338	3	2500	1250
JH56CNU	414	Picture	Delay	5795329	0	1	22065	2	0	21920
JH56CNU	415	Picture	2_69_Retrieval_Working_Memory_MEG_P6_LR_Salient_DoChange_UncuedRetriev_retrieval_patch_orientation_002_retrieval_position_3	5817561	0	2	30089	4	0	29920
JH56CNU	415	Response	10	5832730	15169	3
JH56CNU	416	Picture	ITI	5847817	0	2	23570	3	0	23420
JH56CNU	417	Picture	CueingCross	5871554	0	2	3009	3	0	2920
JH56CNU	418	Picture	PrepTime	5874730	0	2	3009	3	0	2920
JH56CNU	419	Picture	2_70_Encoding_Working_Memory_MEG_P6_LR_Salient_NoChange_CuedRetrieval_300_300_399_1850_3000_2200_gabor_patch_orientation_083_116_058_001_target_position_2_4_retrieval_position_4	5877906	0	2	1338	3	0	1250
JH56CNU	419	Picture	Flicker2	5879244	1338	1	1337	2	1250	1250
JH56CNU	419	Picture	Flicker3	5880581	2675	1	1337	2	2500	1250
JH56CNU	420	Picture	Delay	5882085	0	2	18555	3	0	18420
JH56CNU	421	Picture	2_70_Retrieval_Working_Memory_MEG_P6_LR_Salient_NoChange_CuedRetrieval_retrieval_patch_orientation_001_retrieval_position_4	5900807	0	2	30089	4	0	29920
JH56CNU	421	Response	10	5909277	8470	4
JH56CNU	422	Picture	ITI	5931064	0	1	22065	2	0	21920
JH56CNU	423	Picture	BaselinePost	5953296	0	1	50148	2	0	50000
