Scenario - ATWM1_Working_Memory_MEG_salient_cued_run2
Logfile written - 04/06/2016 15:03:54

Subject	Trial	Event Type	Code	Time	TTime	Uncertainty	Duration	Uncertainty	ReqTime	ReqDur

JH56CNU	1	Picture	ExpStart	29	0	1	10029	2	0	10000
JH56CNU	2	Picture	BaselinePre	10225	0	2	100130	3	0	100000
JH56CNU	3	Picture	CueingCross	110522	0	1	3009	2	0	2920
JH56CNU	4	Picture	PrepTime	113698	0	1	3009	2	0	2920
JH56CNU	5	Picture	2_1_Encoding_Working_Memory_MEG_P6_LR_Nonsalient_NoChange_CuedRetrieval_300_300_399_1900_3000_2450_gabor_patch_orientation_086_128_058_102_target_position_2_4_retrieval_position_2	116874	0	1	1337	3	0	1250
JH56CNU	5	Picture	Flicker2	118211	1337	2	1338	3	1250	1250
JH56CNU	5	Picture	Flicker3	119549	2675	1	1337	2	2500	1250
JH56CNU	6	Picture	Delay	121053	0	1	19057	2	0	18920
JH56CNU	7	Picture	2_1_Retrieval_Working_Memory_MEG_P6_LR_Nonsalient_NoChange_CuedRetrieval_retrieval_patch_orientation_128_retrieval_position_2	140277	0	1	30089	2	0	29920
JH56CNU	7	Response	10	149584	9307	4
JH56CNU	8	Picture	ITI	170700	0	1	24573	2	0	24420
JH56CNU	9	Picture	CueingCross	195440	0	1	3009	2	0	2920
JH56CNU	10	Picture	PrepTime	198616	0	1	3009	2	0	2920
JH56CNU	11	Picture	2_2_Encoding_Working_Memory_MEG_P6_LR_Nonsalient_DoChange_CuedRetrieval_300_300_399_2200_3000_2300_gabor_patch_orientation_005_173_061_127_target_position_2_3_retrieval_position_2	201792	0	1	1337	2	0	1250
JH56CNU	11	Picture	Flicker2	203129	1337	1	1337	2	1250	1250
JH56CNU	11	Picture	Flicker3	204466	2674	1	1338	2	2500	1250
JH56CNU	12	Picture	Delay	205971	0	2	22065	3	0	21920
JH56CNU	13	Picture	2_2_Retrieval_Working_Memory_MEG_P6_LR_Nonsalient_DoChange_CuedRetrieval_retrieval_patch_orientation_038_retrieval_position_2	228203	0	1	30089	2	0	29920
JH56CNU	13	Response	20	236892	8689	3
JH56CNU	14	Picture	ITI	258459	0	2	23069	3	0	22920
JH56CNU	15	Picture	CueingCross	281695	0	1	3009	2	0	2920
JH56CNU	16	Picture	PrepTime	284871	0	1	3009	2	0	2920
JH56CNU	17	Picture	2_3_Encoding_Working_Memory_MEG_P6_LR_Nonsalient_NoChange_CuedRetrieval_300_300_399_1750_3000_1900_gabor_patch_orientation_087_157_123_006_target_position_1_4_retrieval_position_4	288047	0	1	1337	2	0	1250
JH56CNU	17	Picture	Flicker2	289384	1337	1	1337	3	1250	1250
JH56CNU	17	Picture	Flicker3	290721	2674	2	1338	3	2500	1250
JH56CNU	18	Picture	Delay	292226	0	1	17552	2	0	17420
JH56CNU	19	Picture	2_3_Retrieval_Working_Memory_MEG_P6_LR_Nonsalient_NoChange_CuedRetrieval_retrieval_patch_orientation_006_retrieval_position_4	309945	0	1	30089	2	0	29920
JH56CNU	19	Response	10	321270	11325	3
JH56CNU	20	Picture	ITI	340201	0	1	19056	3	0	18920
JH56CNU	21	Picture	CueingCross	359425	0	1	3008	3	0	2920
JH56CNU	22	Picture	PrepTime	362601	0	1	3008	3	0	2920
JH56CNU	23	Picture	2_4_Encoding_Working_Memory_MEG_P6_LR_Nonsalient_NoChange_UncuedRetriev_300_300_399_1800_3000_2500_gabor_patch_orientation_129_101_069_015_target_position_1_2_retrieval_position_4	365777	0	1	1337	2	0	1250
JH56CNU	23	Picture	Flicker2	367114	1337	1	1337	2	1250	1250
JH56CNU	23	Picture	Flicker3	368451	2674	1	1337	3	2500	1250
JH56CNU	24	Picture	Delay	369956	0	1	18053	2	0	17920
JH56CNU	25	Picture	2_4_Retrieval_Working_Memory_MEG_P6_LR_Nonsalient_NoChange_UncuedRetriev_retrieval_patch_orientation_015_retrieval_position_4	388176	0	1	30089	2	0	29920
JH56CNU	25	Response	10	410807	22631	4
JH56CNU	26	Picture	ITI	418432	0	2	25074	4	0	24920
JH56CNU	27	Picture	CueingCross	443674	0	1	3008	3	0	2920
JH56CNU	28	Picture	PrepTime	446850	0	1	3009	2	0	2920
JH56CNU	29	Picture	2_5_Encoding_Working_Memory_MEG_P6_LR_Nonsalient_NoChange_CuedRetrieval_300_300_399_1750_3000_2250_gabor_patch_orientation_165_098_140_031_target_position_1_4_retrieval_position_4	450026	0	1	1337	2	0	1250
JH56CNU	29	Picture	Flicker2	451363	1337	1	1337	2	1250	1250
JH56CNU	29	Picture	Flicker3	452700	2674	1	1338	2	2500	1250
JH56CNU	30	Picture	Delay	454205	0	1	17552	2	0	17420
JH56CNU	31	Picture	2_5_Retrieval_Working_Memory_MEG_P6_LR_Nonsalient_NoChange_CuedRetrieval_retrieval_patch_orientation_031_retrieval_position_4	471924	0	1	30089	2	0	29920
JH56CNU	31	Response	10	482615	10691	4
JH56CNU	32	Picture	ITI	502180	0	1	22567	2	0	22420
JH56CNU	33	Picture	CueingCross	524914	0	1	3009	2	0	2920
JH56CNU	34	Picture	PrepTime	528090	0	1	3009	2	0	2920
JH56CNU	35	Picture	2_6_Encoding_Working_Memory_MEG_P6_LR_Nonsalient_NoChange_CuedRetrieval_300_300_399_2050_3000_2450_gabor_patch_orientation_068_007_175_030_target_position_1_3_retrieval_position_1	531266	0	1	1337	2	0	1250
JH56CNU	35	Picture	Flicker2	532603	1337	1	1337	3	1250	1250
JH56CNU	35	Picture	Flicker3	533940	2674	2	1338	3	2500	1250
JH56CNU	36	Picture	Delay	535444	0	2	20562	3	0	20420
JH56CNU	37	Picture	2_6_Retrieval_Working_Memory_MEG_P6_LR_Nonsalient_NoChange_CuedRetrieval_retrieval_patch_orientation_068_retrieval_position_1	556173	0	1	30089	2	0	29920
JH56CNU	37	Response	10	567743	11570	4
JH56CNU	38	Picture	ITI	586429	0	1	24573	2	0	24420
JH56CNU	39	Picture	CueingCross	611169	0	1	3009	2	0	2920
JH56CNU	40	Picture	PrepTime	614345	0	1	3009	2	0	2920
JH56CNU	41	Picture	2_7_Encoding_Working_Memory_MEG_P6_LR_Nonsalient_DoChange_CuedRetrieval_300_300_399_1950_3000_2250_gabor_patch_orientation_137_154_120_076_target_position_1_4_retrieval_position_1	617521	0	1	1337	2	0	1250
JH56CNU	41	Picture	Flicker2	618858	1337	1	1337	3	1250	1250
JH56CNU	41	Picture	Flicker3	620195	2674	2	1338	3	2500	1250
JH56CNU	42	Picture	Delay	621700	0	1	19558	2	0	19420
JH56CNU	43	Picture	2_7_Retrieval_Working_Memory_MEG_P6_LR_Nonsalient_DoChange_CuedRetrieval_retrieval_patch_orientation_002_retrieval_position_1	641425	0	1	30089	2	0	29920
JH56CNU	43	Response	20	660550	19125	4
JH56CNU	44	Picture	ITI	671681	0	1	22567	2	0	22420
JH56CNU	45	Picture	CueingCross	694415	0	1	3009	2	0	2920
JH56CNU	46	Picture	PrepTime	697591	0	1	3009	2	0	2920
JH56CNU	47	Picture	2_8_Encoding_Working_Memory_MEG_P6_LR_Nonsalient_NoChange_CuedRetrieval_300_300_399_2200_3000_2100_gabor_patch_orientation_094_004_147_120_target_position_2_4_retrieval_position_4	700767	0	1	1337	2	0	1250
JH56CNU	47	Picture	Flicker2	702104	1337	1	1338	2	1250	1250
JH56CNU	47	Picture	Flicker3	703442	2675	1	1337	2	2500	1250
JH56CNU	48	Picture	Delay	704946	0	1	22065	2	0	21920
JH56CNU	49	Picture	2_8_Retrieval_Working_Memory_MEG_P6_LR_Nonsalient_NoChange_CuedRetrieval_retrieval_patch_orientation_120_retrieval_position_4	727178	0	2	30089	3	0	29920
JH56CNU	49	Response	10	738548	11370	4
JH56CNU	50	Picture	ITI	757434	0	2	21063	3	0	20920
JH56CNU	51	Picture	CueingCross	778664	0	1	3009	2	0	2920
JH56CNU	52	Picture	PrepTime	781840	0	1	3009	2	0	2920
JH56CNU	53	Picture	2_9_Encoding_Working_Memory_MEG_P6_LR_Nonsalient_NoChange_CuedRetrieval_300_300_399_2000_3000_2150_gabor_patch_orientation_108_152_176_133_target_position_1_2_retrieval_position_1	785016	0	1	1337	2	0	1250
JH56CNU	53	Picture	Flicker2	786353	1337	1	1338	2	1250	1250
JH56CNU	53	Picture	Flicker3	787691	2675	1	1337	2	2500	1250
JH56CNU	54	Picture	Delay	789195	0	1	20059	2	0	19920
JH56CNU	55	Picture	2_9_Retrieval_Working_Memory_MEG_P6_LR_Nonsalient_NoChange_CuedRetrieval_retrieval_patch_orientation_108_retrieval_position_1	809422	0	1	30089	2	0	29920
JH56CNU	55	Response	10	819136	9714	3
JH56CNU	56	Picture	ITI	839678	0	1	21563	3	0	21420
JH56CNU	57	Picture	CueingCross	861409	0	1	3009	2	0	2920
JH56CNU	58	Picture	PrepTime	864585	0	1	3009	2	0	2920
JH56CNU	59	Picture	2_10_Encoding_Working_Memory_MEG_P6_LR_Nonsalient_NoChange_CuedRetrieval_300_300_399_2150_3000_2400_gabor_patch_orientation_179_010_094_144_target_position_2_3_retrieval_position_2	867761	0	1	1337	2	0	1250
JH56CNU	59	Picture	Flicker2	869098	1337	1	1337	2	1250	1250
JH56CNU	59	Picture	Flicker3	870435	2674	1	1338	2	2500	1250
JH56CNU	60	Picture	Delay	871940	0	1	21563	3	0	21420
JH56CNU	61	Picture	2_10_Retrieval_Working_Memory_MEG_P6_LR_Nonsalient_NoChange_CuedRetrieval_retrieval_patch_orientation_010_retrieval_position_2	893671	0	1	30089	2	0	29920
JH56CNU	61	Response	10	914393	20722	4
JH56CNU	62	Picture	ITI	923927	0	1	24071	2	0	23920
JH56CNU	63	Picture	CueingCross	948165	0	1	3009	2	0	2920
JH56CNU	64	Picture	PrepTime	951341	0	1	3009	2	0	2920
JH56CNU	65	Picture	2_11_Encoding_Working_Memory_MEG_P6_LR_Nonsalient_NoChange_CuedRetrieval_300_300_399_2000_3000_1900_gabor_patch_orientation_004_070_049_033_target_position_2_3_retrieval_position_3	954517	0	1	1337	3	0	1250
JH56CNU	65	Picture	Flicker2	955854	1337	2	1338	3	1250	1250
JH56CNU	65	Picture	Flicker3	957192	2675	1	1337	2	2500	1250
JH56CNU	66	Picture	Delay	958696	0	1	20060	2	0	19920
JH56CNU	67	Picture	2_11_Retrieval_Working_Memory_MEG_P6_LR_Nonsalient_NoChange_CuedRetrieval_retrieval_patch_orientation_049_retrieval_position_3	978923	0	1	30089	2	0	29920
JH56CNU	67	Response	10	991331	12408	5
JH56CNU	68	Picture	ITI	1009179	0	1	19056	2	0	18920
JH56CNU	69	Picture	CueingCross	1028402	0	2	3009	3	0	2920
JH56CNU	70	Picture	PrepTime	1031578	0	2	3009	3	0	2920
JH56CNU	71	Picture	2_12_Encoding_Working_Memory_MEG_P6_LR_Nonsalient_NoChange_CuedRetrieval_300_300_399_1750_3000_1900_gabor_patch_orientation_157_179_129_051_target_position_1_4_retrieval_position_4	1034754	0	2	1338	3	0	1250
JH56CNU	71	Picture	Flicker2	1036092	1338	1	1337	2	1250	1250
JH56CNU	71	Picture	Flicker3	1037429	2675	1	1337	2	2500	1250
JH56CNU	72	Picture	Delay	1038933	0	2	17552	3	0	17420
JH56CNU	73	Picture	2_12_Retrieval_Working_Memory_MEG_P6_LR_Nonsalient_NoChange_CuedRetrieval_retrieval_patch_orientation_051_retrieval_position_4	1056652	0	2	30089	4	0	29920
JH56CNU	73	Response	10	1068939	12287	4
JH56CNU	73	Response	20	1076769	20117	3
JH56CNU	74	Picture	ITI	1086909	0	1	19056	2	0	18920
JH56CNU	74	Response	20	1087568	659	4
JH56CNU	75	Picture	CueingCross	1106132	0	1	3009	2	0	2920
JH56CNU	76	Picture	PrepTime	1109308	0	1	3009	2	0	2920
JH56CNU	77	Picture	2_13_Encoding_Working_Memory_MEG_P6_LR_Nonsalient_DoChange_UncuedRetriev_300_300_399_1900_3000_2600_gabor_patch_orientation_079_011_059_095_target_position_1_3_retrieval_position_4	1112484	0	1	1337	3	0	1250
JH56CNU	77	Picture	Flicker2	1113821	1337	2	1338	3	1250	1250
JH56CNU	77	Picture	Flicker3	1115159	2675	1	1337	2	2500	1250
JH56CNU	78	Picture	Delay	1116663	0	1	19056	3	0	18920
JH56CNU	79	Picture	2_13_Retrieval_Working_Memory_MEG_P6_LR_Nonsalient_DoChange_UncuedRetriev_retrieval_patch_orientation_141_retrieval_position_4	1135887	0	1	30089	2	0	29920
JH56CNU	79	Response	10	1151847	15960	3
JH56CNU	80	Picture	ITI	1166143	0	1	26077	2	0	25920
JH56CNU	81	Picture	CueingCross	1192387	0	1	3009	2	0	2920
JH56CNU	82	Picture	PrepTime	1195563	0	1	3009	2	0	2920
JH56CNU	83	Picture	2_14_Encoding_Working_Memory_MEG_P6_LR_Nonsalient_NoChange_CuedRetrieval_300_300_399_2000_3000_2300_gabor_patch_orientation_068_095_129_005_target_position_2_4_retrieval_position_4	1198739	0	1	1338	2	0	1250
JH56CNU	83	Picture	Flicker2	1200077	1338	1	1337	2	1250	1250
JH56CNU	83	Picture	Flicker3	1201414	2675	1	1337	2	2500	1250
JH56CNU	84	Picture	Delay	1202918	0	1	20060	2	0	19920
JH56CNU	85	Picture	2_14_Retrieval_Working_Memory_MEG_P6_LR_Nonsalient_NoChange_CuedRetrieval_retrieval_patch_orientation_005_retrieval_position_4	1223145	0	1	30089	2	0	29920
JH56CNU	85	Response	10	1232674	9529	4
JH56CNU	86	Picture	ITI	1253401	0	1	23068	2	0	22920
JH56CNU	87	Picture	CueingCross	1276636	0	1	3009	2	0	2920
JH56CNU	88	Picture	PrepTime	1279812	0	1	3009	2	0	2920
JH56CNU	89	Picture	2_15_Encoding_Working_Memory_MEG_P6_LR_Nonsalient_NoChange_CuedRetrieval_300_300_399_2050_3000_2050_gabor_patch_orientation_063_121_146_096_target_position_1_3_retrieval_position_3	1282988	0	1	1338	2	0	1250
JH56CNU	89	Picture	Flicker2	1284326	1338	1	1337	2	1250	1250
JH56CNU	89	Picture	Flicker3	1285663	2675	1	1337	2	2500	1250
JH56CNU	90	Picture	Delay	1287167	0	2	20561	3	0	20420
JH56CNU	91	Picture	2_15_Retrieval_Working_Memory_MEG_P6_LR_Nonsalient_NoChange_CuedRetrieval_retrieval_patch_orientation_146_retrieval_position_3	1307895	0	1	30088	3	0	29920
JH56CNU	91	Response	10	1314852	6957	5
JH56CNU	91	Response	10	1322782	14887	3
JH56CNU	92	Picture	ITI	1338151	0	2	20561	3	0	20420
JH56CNU	93	Picture	CueingCross	1358879	0	2	3009	3	0	2920
JH56CNU	94	Picture	PrepTime	1362055	0	2	3009	3	0	2920
JH56CNU	95	Picture	2_16_Encoding_Working_Memory_MEG_P6_LR_Nonsalient_DoChange_UncuedRetriev_300_300_399_1750_3000_2400_gabor_patch_orientation_134_091_019_002_target_position_2_3_retrieval_position_1	1365231	0	2	1338	3	0	1250
JH56CNU	95	Picture	Flicker2	1366569	1338	1	1337	2	1250	1250
JH56CNU	95	Picture	Flicker3	1367906	2675	1	1337	2	2500	1250
JH56CNU	96	Picture	Delay	1369410	0	2	17552	4	0	17420
JH56CNU	97	Picture	2_16_Retrieval_Working_Memory_MEG_P6_LR_Nonsalient_DoChange_UncuedRetriev_retrieval_patch_orientation_179_retrieval_position_1	1387130	0	1	30088	3	0	29920
JH56CNU	97	Response	10	1404670	17540	3
JH56CNU	98	Picture	ITI	1417386	0	1	24071	2	0	23920
JH56CNU	99	Picture	CueingCross	1441624	0	1	3009	2	0	2920
JH56CNU	100	Picture	PrepTime	1444800	0	1	3009	2	0	2920
JH56CNU	101	Picture	2_17_Encoding_Working_Memory_MEG_P6_LR_Nonsalient_DoChange_CuedRetrieval_300_300_399_1850_3000_2600_gabor_patch_orientation_035_144_069_005_target_position_3_4_retrieval_position_3	1447976	0	1	1337	2	0	1250
JH56CNU	101	Picture	Flicker2	1449313	1337	1	1338	2	1250	1250
JH56CNU	101	Picture	Flicker3	1450651	2675	1	1337	2	2500	1250
JH56CNU	102	Picture	Delay	1452155	0	1	18555	2	0	18420
JH56CNU	103	Picture	2_17_Retrieval_Working_Memory_MEG_P6_LR_Nonsalient_DoChange_CuedRetrieval_retrieval_patch_orientation_118_retrieval_position_3	1470877	0	1	30089	2	0	29920
JH56CNU	103	Response	10	1492667	21790	4
JH56CNU	104	Picture	ITI	1501133	0	2	26077	4	0	25920
JH56CNU	105	Picture	CueingCross	1527377	0	2	3009	3	0	2920
JH56CNU	106	Picture	PrepTime	1530554	0	1	3008	2	0	2920
JH56CNU	107	Picture	2_18_Encoding_Working_Memory_MEG_P6_LR_Nonsalient_DoChange_CuedRetrieval_300_300_399_2150_3000_2250_gabor_patch_orientation_091_072_003_157_target_position_2_3_retrieval_position_2	1533729	0	2	1338	3	0	1250
JH56CNU	107	Picture	Flicker2	1535067	1338	1	1337	2	1250	1250
JH56CNU	107	Picture	Flicker3	1536404	2675	1	1337	3	2500	1250
JH56CNU	108	Picture	Delay	1537909	0	1	21563	2	0	21420
JH56CNU	109	Picture	2_18_Retrieval_Working_Memory_MEG_P6_LR_Nonsalient_DoChange_CuedRetrieval_retrieval_patch_orientation_122_retrieval_position_2	1559639	0	2	30089	4	0	29920
JH56CNU	109	Response	20	1578765	19126	3
JH56CNU	110	Picture	ITI	1589896	0	1	22566	2	0	22420
JH56CNU	111	Picture	CueingCross	1612629	0	2	3009	3	0	2920
JH56CNU	112	Picture	PrepTime	1615806	0	1	3008	3	0	2920
JH56CNU	113	Picture	2_19_Encoding_Working_Memory_MEG_P6_LR_Nonsalient_DoChange_UncuedRetriev_300_300_399_1750_3000_2200_gabor_patch_orientation_043_004_178_119_target_position_1_3_retrieval_position_4	1618982	0	1	1337	2	0	1250
JH56CNU	113	Picture	Flicker2	1620319	1337	1	1337	2	1250	1250
JH56CNU	113	Picture	Flicker3	1621656	2674	1	1337	3	2500	1250
JH56CNU	114	Picture	Delay	1623161	0	1	17551	3	0	17420
JH56CNU	115	Picture	2_19_Retrieval_Working_Memory_MEG_P6_LR_Nonsalient_DoChange_UncuedRetriev_retrieval_patch_orientation_071_retrieval_position_4	1640880	0	1	30089	2	0	29920
JH56CNU	115	Response	20	1661773	20893	3
JH56CNU	116	Picture	ITI	1671136	0	1	22065	2	0	21920
JH56CNU	117	Picture	CueingCross	1693368	0	1	3009	2	0	2920
JH56CNU	118	Picture	PrepTime	1696544	0	1	3009	2	0	2920
JH56CNU	119	Picture	2_20_Encoding_Working_Memory_MEG_P6_LR_Nonsalient_DoChange_CuedRetrieval_300_300_399_1850_3000_2050_gabor_patch_orientation_175_012_144_093_target_position_1_2_retrieval_position_2	1699720	0	2	1338	3	0	1250
JH56CNU	119	Picture	Flicker2	1701058	1338	1	1337	2	1250	1250
JH56CNU	119	Picture	Flicker3	1702395	2675	1	1337	2	2500	1250
JH56CNU	120	Picture	Delay	1703899	0	2	18555	3	0	18420
JH56CNU	121	Picture	2_20_Retrieval_Working_Memory_MEG_P6_LR_Nonsalient_DoChange_CuedRetrieval_retrieval_patch_orientation_062_retrieval_position_2	1722621	0	2	30089	3	0	29920
JH56CNU	121	Response	10	1741641	19020	3
JH56CNU	122	Picture	ITI	1752877	0	2	20561	3	0	20420
JH56CNU	123	Picture	CueingCross	1773605	0	2	3009	3	0	2920
JH56CNU	124	Picture	PrepTime	1776781	0	2	3009	3	0	2920
JH56CNU	125	Picture	2_21_Encoding_Working_Memory_MEG_P6_LR_Nonsalient_DoChange_CuedRetrieval_300_300_399_2050_3000_2050_gabor_patch_orientation_093_050_137_029_target_position_1_2_retrieval_position_2	1779957	0	2	1338	3	0	1250
JH56CNU	125	Picture	Flicker2	1781295	1338	1	1337	2	1250	1250
JH56CNU	125	Picture	Flicker3	1782632	2675	1	1337	2	2500	1250
JH56CNU	126	Picture	Delay	1784136	0	2	20561	3	0	20420
JH56CNU	127	Picture	2_21_Retrieval_Working_Memory_MEG_P6_LR_Nonsalient_DoChange_CuedRetrieval_retrieval_patch_orientation_004_retrieval_position_2	1804864	0	2	30089	4	0	29920
JH56CNU	127	Response	20	1817688	12824	4
JH56CNU	128	Picture	ITI	1835121	0	1	20560	2	0	20420
JH56CNU	129	Picture	CueingCross	1855849	0	1	3008	3	0	2920
JH56CNU	130	Picture	PrepTime	1859025	0	1	3008	3	0	2920
JH56CNU	131	Picture	2_22_Encoding_Working_Memory_MEG_P6_LR_Nonsalient_NoChange_CuedRetrieval_300_300_399_2050_3000_2000_gabor_patch_orientation_092_004_033_155_target_position_1_4_retrieval_position_4	1862201	0	1	1337	2	0	1250
JH56CNU	131	Picture	Flicker2	1863538	1337	1	1337	2	1250	1250
JH56CNU	131	Picture	Flicker3	1864875	2674	1	1337	3	2500	1250
JH56CNU	132	Picture	Delay	1866380	0	1	20560	3	0	20420
JH56CNU	133	Picture	2_22_Retrieval_Working_Memory_MEG_P6_LR_Nonsalient_NoChange_CuedRetrieval_retrieval_patch_orientation_155_retrieval_position_4	1887108	0	1	30089	2	0	29920
JH56CNU	133	Response	10	1902736	15628	4
JH56CNU	134	Picture	ITI	1917364	0	1	20059	2	0	19920
JH56CNU	135	Picture	CueingCross	1937590	0	1	3009	2	0	2920
JH56CNU	136	Picture	PrepTime	1940766	0	1	3009	2	0	2920
JH56CNU	137	Picture	2_23_Encoding_Working_Memory_MEG_P6_LR_Nonsalient_DoChange_CuedRetrieval_300_300_399_2250_3000_1950_gabor_patch_orientation_115_144_058_163_target_position_1_4_retrieval_position_4	1943942	0	2	1338	3	0	1250
JH56CNU	137	Picture	Flicker2	1945280	1338	1	1337	2	1250	1250
JH56CNU	137	Picture	Flicker3	1946617	2675	1	1337	2	2500	1250
JH56CNU	138	Picture	Delay	1948121	0	2	22567	3	0	22420
JH56CNU	139	Picture	2_23_Retrieval_Working_Memory_MEG_P6_LR_Nonsalient_DoChange_CuedRetrieval_retrieval_patch_orientation_027_retrieval_position_4	1970855	0	1	30089	2	0	29920
JH56CNU	139	Response	20	1981024	10169	3
JH56CNU	140	Picture	ITI	2001111	0	2	19558	3	0	19420
JH56CNU	141	Picture	CueingCross	2020836	0	2	3009	3	0	2920
JH56CNU	142	Picture	PrepTime	2024012	0	2	3009	3	0	2920
JH56CNU	143	Picture	2_24_Encoding_Working_Memory_MEG_P6_LR_Nonsalient_NoChange_CuedRetrieval_300_300_399_2100_3000_2050_gabor_patch_orientation_069_090_033_012_target_position_2_4_retrieval_position_2	2027188	0	2	1338	3	0	1250
JH56CNU	143	Picture	Flicker2	2028526	1338	1	1337	2	1250	1250
JH56CNU	143	Picture	Flicker3	2029863	2675	1	1337	2	2500	1250
JH56CNU	144	Picture	Delay	2031367	0	2	21063	3	0	20920
JH56CNU	145	Picture	2_24_Retrieval_Working_Memory_MEG_P6_LR_Nonsalient_NoChange_CuedRetrieval_retrieval_patch_orientation_090_retrieval_position_2	2052597	0	1	30089	2	0	29920
JH56CNU	145	Response	10	2067052	14455	3
JH56CNU	146	Picture	ITI	2082853	0	1	20561	2	0	20420
JH56CNU	147	Picture	CueingCross	2103581	0	1	3009	2	0	2920
JH56CNU	148	Picture	PrepTime	2106757	0	1	3009	2	0	2920
JH56CNU	149	Picture	2_25_Encoding_Working_Memory_MEG_P6_LR_Nonsalient_DoChange_CuedRetrieval_300_300_399_1850_3000_2350_gabor_patch_orientation_119_135_092_179_target_position_3_4_retrieval_position_3	2109933	0	1	1337	2	0	1250
JH56CNU	149	Picture	Flicker2	2111270	1337	1	1338	2	1250	1250
JH56CNU	149	Picture	Flicker3	2112608	2675	1	1337	2	2500	1250
JH56CNU	150	Picture	Delay	2114112	0	1	18555	2	0	18420
JH56CNU	151	Picture	2_25_Retrieval_Working_Memory_MEG_P6_LR_Nonsalient_DoChange_CuedRetrieval_retrieval_patch_orientation_047_retrieval_position_3	2132834	0	1	30089	2	0	29920
JH56CNU	151	Response	20	2140480	7646	3
JH56CNU	152	Picture	ITI	2163090	0	1	23570	2	0	23420
JH56CNU	153	Picture	CueingCross	2186827	0	1	3009	2	0	2920
JH56CNU	154	Picture	PrepTime	2190003	0	1	3009	2	0	2920
JH56CNU	155	Picture	2_26_Encoding_Working_Memory_MEG_P6_LR_Nonsalient_DoChange_UncuedRetriev_300_300_399_2250_3000_2550_gabor_patch_orientation_086_109_142_166_target_position_1_3_retrieval_position_2	2193179	0	1	1337	3	0	1250
JH56CNU	155	Picture	Flicker2	2194516	1337	2	1337	4	1250	1250
JH56CNU	155	Picture	Flicker3	2195853	2674	2	1338	3	2500	1250
JH56CNU	156	Picture	Delay	2197358	0	1	22567	2	0	22420
JH56CNU	157	Picture	2_26_Retrieval_Working_Memory_MEG_P6_LR_Nonsalient_DoChange_UncuedRetriev_retrieval_patch_orientation_060_retrieval_position_2	2220092	0	1	30089	2	0	29920
JH56CNU	157	Response	20	2236057	15965	3
JH56CNU	158	Picture	ITI	2250348	0	1	25576	2	0	25420
JH56CNU	159	Picture	CueingCross	2276091	0	1	3009	2	0	2920
JH56CNU	160	Picture	PrepTime	2279267	0	1	3009	2	0	2920
JH56CNU	161	Picture	2_27_Encoding_Working_Memory_MEG_P6_LR_Nonsalient_DoChange_CuedRetrieval_300_300_399_2250_3000_2600_gabor_patch_orientation_139_032_115_053_target_position_2_4_retrieval_position_2	2282443	0	1	1337	2	0	1250
JH56CNU	161	Picture	Flicker2	2283780	1337	1	1338	2	1250	1250
JH56CNU	161	Picture	Flicker3	2285118	2675	1	1337	2	2500	1250
JH56CNU	162	Picture	Delay	2286622	0	1	22567	2	0	22420
JH56CNU	163	Picture	2_27_Retrieval_Working_Memory_MEG_P6_LR_Nonsalient_DoChange_CuedRetrieval_retrieval_patch_orientation_167_retrieval_position_2	2309356	0	1	30089	2	0	29920
JH56CNU	163	Response	20	2317125	7769	3
JH56CNU	164	Picture	ITI	2339612	0	1	26077	2	0	25920
JH56CNU	165	Picture	CueingCross	2365856	0	2	3009	3	0	2920
JH56CNU	166	Picture	PrepTime	2369032	0	2	3009	3	0	2920
JH56CNU	167	Picture	2_28_Encoding_Working_Memory_MEG_P6_LR_Nonsalient_NoChange_CuedRetrieval_300_300_399_1800_3000_2100_gabor_patch_orientation_155_067_135_018_target_position_1_4_retrieval_position_1	2372208	0	2	1338	3	0	1250
JH56CNU	167	Picture	Flicker2	2373546	1338	1	1337	2	1250	1250
JH56CNU	167	Picture	Flicker3	2374883	2675	1	1337	2	2500	1250
JH56CNU	168	Picture	Delay	2376387	0	2	18054	3	0	17920
JH56CNU	169	Picture	2_28_Retrieval_Working_Memory_MEG_P6_LR_Nonsalient_NoChange_CuedRetrieval_retrieval_patch_orientation_155_retrieval_position_1	2394608	0	1	30089	2	0	29920
JH56CNU	169	Response	10	2405812	11204	4
JH56CNU	170	Picture	ITI	2424864	0	1	21062	2	0	20920
JH56CNU	171	Picture	CueingCross	2446093	0	2	3009	4	0	2920
JH56CNU	172	Picture	PrepTime	2449270	0	1	3008	3	0	2920
JH56CNU	173	Picture	2_29_Encoding_Working_Memory_MEG_P6_LR_Nonsalient_DoChange_UncuedRetriev_300_300_399_1950_3000_2150_gabor_patch_orientation_020_057_142_080_target_position_1_2_retrieval_position_4	2452446	0	1	1337	2	0	1250
JH56CNU	173	Picture	Flicker2	2453783	1337	1	1337	2	1250	1250
JH56CNU	173	Picture	Flicker3	2455120	2674	1	1337	3	2500	1250
JH56CNU	174	Picture	Delay	2456625	0	1	19557	3	0	19420
JH56CNU	175	Picture	2_29_Retrieval_Working_Memory_MEG_P6_LR_Nonsalient_DoChange_UncuedRetriev_retrieval_patch_orientation_126_retrieval_position_4	2476350	0	1	30089	2	0	29920
JH56CNU	175	Response	20	2489960	13610	3
JH56CNU	176	Picture	ITI	2506606	0	1	21563	3	0	21420
JH56CNU	177	Picture	CueingCross	2528337	0	1	3009	2	0	2920
JH56CNU	178	Picture	PrepTime	2531513	0	1	3009	2	0	2920
JH56CNU	179	Picture	2_30_Encoding_Working_Memory_MEG_P6_LR_Nonsalient_DoChange_CuedRetrieval_300_300_399_2150_3000_2200_gabor_patch_orientation_049_093_004_156_target_position_3_4_retrieval_position_3	2534689	0	1	1337	2	0	1250
JH56CNU	179	Picture	Flicker2	2536026	1337	1	1337	2	1250	1250
JH56CNU	179	Picture	Flicker3	2537363	2674	1	1338	2	2500	1250
JH56CNU	180	Picture	Delay	2538868	0	1	21564	2	0	21420
JH56CNU	181	Picture	2_30_Retrieval_Working_Memory_MEG_P6_LR_Nonsalient_DoChange_CuedRetrieval_retrieval_patch_orientation_139_retrieval_position_3	2560599	0	1	30089	2	0	29920
JH56CNU	181	Response	20	2568398	7799	3
JH56CNU	182	Picture	ITI	2590855	0	1	22065	2	0	21920
JH56CNU	183	Picture	CueingCross	2613087	0	1	3009	2	0	2920
JH56CNU	184	Picture	PrepTime	2616263	0	1	3009	2	0	2920
JH56CNU	185	Picture	2_31_Encoding_Working_Memory_MEG_P6_LR_Nonsalient_DoChange_CuedRetrieval_300_300_399_2250_3000_2350_gabor_patch_orientation_174_016_153_036_target_position_3_4_retrieval_position_3	2619439	0	2	1338	3	0	1250
JH56CNU	185	Picture	Flicker2	2620777	1338	1	1337	2	1250	1250
JH56CNU	185	Picture	Flicker3	2622114	2675	1	1337	2	2500	1250
JH56CNU	186	Picture	Delay	2623618	0	2	22567	3	0	22420
JH56CNU	187	Picture	2_31_Retrieval_Working_Memory_MEG_P6_LR_Nonsalient_DoChange_CuedRetrieval_retrieval_patch_orientation_106_retrieval_position_3	2646352	0	1	30089	2	0	29920
JH56CNU	187	Response	20	2665315	18963	4
JH56CNU	188	Picture	ITI	2676608	0	2	23570	3	0	23420
JH56CNU	189	Picture	CueingCross	2700345	0	1	3009	2	0	2920
JH56CNU	190	Picture	PrepTime	2703521	0	1	3009	2	0	2920
JH56CNU	191	Picture	2_32_Encoding_Working_Memory_MEG_P6_LR_Nonsalient_DoChange_CuedRetrieval_300_300_399_1850_3000_2200_gabor_patch_orientation_172_112_132_067_target_position_2_4_retrieval_position_4	2706697	0	2	1338	3	0	1250
JH56CNU	191	Picture	Flicker2	2708035	1338	1	1337	2	1250	1250
JH56CNU	191	Picture	Flicker3	2709372	2675	1	1337	2	2500	1250
JH56CNU	192	Picture	Delay	2710876	0	2	18555	3	0	18420
JH56CNU	193	Picture	2_32_Retrieval_Working_Memory_MEG_P6_LR_Nonsalient_DoChange_CuedRetrieval_retrieval_patch_orientation_022_retrieval_position_4	2729598	0	2	30089	3	0	29920
JH56CNU	193	Response	20	2740863	11265	4
JH56CNU	194	Picture	ITI	2759854	0	2	22066	3	0	21920
JH56CNU	195	Picture	CueingCross	2782087	0	1	3009	2	0	2920
JH56CNU	196	Picture	PrepTime	2785263	0	1	3009	2	0	2920
JH56CNU	197	Picture	2_33_Encoding_Working_Memory_MEG_P6_LR_Nonsalient_DoChange_CuedRetrieval_300_300_399_2100_3000_2100_gabor_patch_orientation_017_101_172_141_target_position_1_3_retrieval_position_3	2788439	0	1	1337	3	0	1250
JH56CNU	197	Picture	Flicker2	2789776	1337	2	1338	3	1250	1250
JH56CNU	197	Picture	Flicker3	2791114	2675	1	1337	2	2500	1250
JH56CNU	198	Picture	Delay	2792618	0	1	21062	2	0	20920
JH56CNU	199	Picture	2_33_Retrieval_Working_Memory_MEG_P6_LR_Nonsalient_DoChange_CuedRetrieval_retrieval_patch_orientation_034_retrieval_position_3	2813847	0	2	30089	3	0	29920
JH56CNU	199	Response	20	2822031	8184	4
JH56CNU	200	Picture	ITI	2844103	0	2	21063	3	0	20920
JH56CNU	201	Picture	CueingCross	2865333	0	1	3009	2	0	2920
JH56CNU	202	Picture	PrepTime	2868509	0	1	3009	2	0	2920
JH56CNU	203	Picture	2_34_Encoding_Working_Memory_MEG_P6_LR_Nonsalient_NoChange_CuedRetrieval_300_300_399_2200_3000_2550_gabor_patch_orientation_070_102_031_015_target_position_2_3_retrieval_position_2	2871685	0	1	1337	2	0	1250
JH56CNU	203	Picture	Flicker2	2873022	1337	1	1338	2	1250	1250
JH56CNU	203	Picture	Flicker3	2874360	2675	1	1337	2	2500	1250
JH56CNU	204	Picture	Delay	2875864	0	1	22065	2	0	21920
JH56CNU	205	Picture	2_34_Retrieval_Working_Memory_MEG_P6_LR_Nonsalient_NoChange_CuedRetrieval_retrieval_patch_orientation_102_retrieval_position_2	2898096	0	2	30089	4	0	29920
JH56CNU	205	Response	10	2918798	20702	4
JH56CNU	206	Picture	ITI	2928353	0	1	25575	2	0	25420
JH56CNU	207	Picture	CueingCross	2954095	0	2	3009	3	0	2920
JH56CNU	208	Picture	PrepTime	2957271	0	2	3009	3	0	2920
JH56CNU	209	Picture	2_35_Encoding_Working_Memory_MEG_P6_LR_Nonsalient_NoChange_UncuedRetriev_300_300_399_1950_3000_2100_gabor_patch_orientation_178_045_066_135_target_position_2_3_retrieval_position_4	2960447	0	2	1338	3	0	1250
JH56CNU	209	Picture	Flicker2	2961785	1338	1	1337	2	1250	1250
JH56CNU	209	Picture	Flicker3	2963122	2675	1	1337	2	2500	1250
JH56CNU	210	Picture	Delay	2964626	0	2	19558	3	0	19420
JH56CNU	211	Picture	2_35_Retrieval_Working_Memory_MEG_P6_LR_Nonsalient_NoChange_UncuedRetriev_retrieval_patch_orientation_135_retrieval_position_4	2984351	0	2	30089	4	0	29920
JH56CNU	211	Response	20	3001036	16685	3
JH56CNU	212	Picture	ITI	3014608	0	1	21062	2	0	20920
JH56CNU	213	Picture	CueingCross	3035837	0	1	3009	2	0	2920
JH56CNU	214	Picture	PrepTime	3039013	0	1	3009	2	0	2920
JH56CNU	215	Picture	2_36_Encoding_Working_Memory_MEG_P6_LR_Nonsalient_DoChange_CuedRetrieval_300_300_399_1800_3000_1900_gabor_patch_orientation_146_019_037_106_target_position_2_4_retrieval_position_4	3042189	0	1	1337	3	0	1250
JH56CNU	215	Picture	Flicker2	3043526	1337	2	1338	3	1250	1250
JH56CNU	215	Picture	Flicker3	3044864	2675	1	1337	2	2500	1250
JH56CNU	216	Picture	Delay	3046368	0	1	18054	2	0	17920
JH56CNU	217	Picture	2_36_Retrieval_Working_Memory_MEG_P6_LR_Nonsalient_DoChange_CuedRetrieval_retrieval_patch_orientation_061_retrieval_position_4	3064589	0	1	30089	2	0	29920
JH56CNU	217	Response	20	3073874	9285	3
JH56CNU	218	Picture	ITI	3094845	0	1	19056	2	0	18920
JH56CNU	219	Picture	CueingCross	3114068	0	2	3009	3	0	2920
JH56CNU	220	Picture	PrepTime	3117244	0	2	3009	3	0	2920
JH56CNU	221	Picture	2_37_Encoding_Working_Memory_MEG_P6_LR_Nonsalient_DoChange_CuedRetrieval_300_300_399_1800_3000_2250_gabor_patch_orientation_061_177_110_129_target_position_1_2_retrieval_position_2	3120420	0	2	1338	3	0	1250
JH56CNU	221	Picture	Flicker2	3121758	1338	1	1337	2	1250	1250
JH56CNU	221	Picture	Flicker3	3123095	2675	1	1337	2	2500	1250
JH56CNU	222	Picture	Delay	3124599	0	2	18054	3	0	17920
JH56CNU	223	Picture	2_37_Retrieval_Working_Memory_MEG_P6_LR_Nonsalient_DoChange_CuedRetrieval_retrieval_patch_orientation_041_retrieval_position_2	3142820	0	1	30089	2	0	29920
JH56CNU	223	Response	10	3161102	18282	3
JH56CNU	224	Picture	ITI	3173076	0	1	22567	2	0	22420
JH56CNU	225	Picture	CueingCross	3195810	0	1	3009	2	0	2920
JH56CNU	226	Picture	PrepTime	3198986	0	1	3009	2	0	2920
JH56CNU	227	Picture	2_38_Encoding_Working_Memory_MEG_P6_LR_Nonsalient_NoChange_CuedRetrieval_300_300_399_2250_3000_1900_gabor_patch_orientation_109_003_075_026_target_position_2_4_retrieval_position_4	3202162	0	1	1337	2	0	1250
JH56CNU	227	Picture	Flicker2	3203499	1337	1	1338	2	1250	1250
JH56CNU	227	Picture	Flicker3	3204837	2675	1	1337	2	2500	1250
JH56CNU	228	Picture	Delay	3206341	0	1	22567	2	0	22420
JH56CNU	229	Picture	2_38_Retrieval_Working_Memory_MEG_P6_LR_Nonsalient_NoChange_CuedRetrieval_retrieval_patch_orientation_026_retrieval_position_4	3229075	0	1	30089	2	0	29920
JH56CNU	229	Response	10	3244649	15574	4
JH56CNU	230	Picture	ITI	3259331	0	1	19056	3	0	18920
JH56CNU	231	Picture	CueingCross	3278555	0	1	3008	3	0	2920
JH56CNU	232	Picture	PrepTime	3281731	0	1	3009	2	0	2920
JH56CNU	233	Picture	2_39_Encoding_Working_Memory_MEG_P6_LR_Nonsalient_DoChange_CuedRetrieval_300_300_399_1900_3000_2450_gabor_patch_orientation_174_131_049_111_target_position_3_4_retrieval_position_3	3284907	0	1	1337	2	0	1250
JH56CNU	233	Picture	Flicker2	3286244	1337	1	1337	2	1250	1250
JH56CNU	233	Picture	Flicker3	3287581	2674	1	1337	3	2500	1250
JH56CNU	234	Picture	Delay	3289086	0	1	19056	2	0	18920
JH56CNU	235	Picture	2_39_Retrieval_Working_Memory_MEG_P6_LR_Nonsalient_DoChange_CuedRetrieval_retrieval_patch_orientation_003_retrieval_position_3	3308309	0	1	30089	2	0	29920
JH56CNU	235	Response	20	3318827	10518	4
JH56CNU	236	Picture	ITI	3338565	0	2	24573	3	0	24420
JH56CNU	237	Picture	CueingCross	3363305	0	1	3009	2	0	2920
JH56CNU	238	Picture	PrepTime	3366481	0	1	3009	2	0	2920
JH56CNU	239	Picture	2_40_Encoding_Working_Memory_MEG_P6_LR_Nonsalient_DoChange_CuedRetrieval_300_300_399_1950_3000_2350_gabor_patch_orientation_021_004_081_038_target_position_2_3_retrieval_position_3	3369657	0	2	1338	3	0	1250
JH56CNU	239	Picture	Flicker2	3370995	1338	1	1337	2	1250	1250
JH56CNU	239	Picture	Flicker3	3372332	2675	1	1337	2	2500	1250
JH56CNU	240	Picture	Delay	3373836	0	2	19558	3	0	19420
JH56CNU	241	Picture	2_40_Retrieval_Working_Memory_MEG_P6_LR_Nonsalient_DoChange_CuedRetrieval_retrieval_patch_orientation_128_retrieval_position_3	3393561	0	2	30089	3	0	29920
JH56CNU	241	Response	20	3406125	12564	3
JH56CNU	242	Picture	ITI	3423817	0	2	23570	3	0	23420
JH56CNU	243	Picture	CueingCross	3447554	0	1	3009	2	0	2920
JH56CNU	244	Picture	PrepTime	3450730	0	2	3009	3	0	2920
JH56CNU	245	Picture	2_41_Encoding_Working_Memory_MEG_P6_LR_Nonsalient_DoChange_CuedRetrieval_300_300_399_1750_3000_2450_gabor_patch_orientation_099_177_144_120_target_position_2_3_retrieval_position_3	3453906	0	2	1338	3	0	1250
JH56CNU	245	Picture	Flicker2	3455244	1338	1	1337	2	1250	1250
JH56CNU	245	Picture	Flicker3	3456581	2675	1	1337	2	2500	1250
JH56CNU	246	Picture	Delay	3458085	0	2	17552	3	0	17420
JH56CNU	247	Picture	2_41_Retrieval_Working_Memory_MEG_P6_LR_Nonsalient_DoChange_CuedRetrieval_retrieval_patch_orientation_009_retrieval_position_3	3475804	0	2	30089	3	0	29920
JH56CNU	247	Response	20	3486333	10529	3
JH56CNU	248	Picture	ITI	3506061	0	1	24572	2	0	24420
JH56CNU	249	Picture	CueingCross	3530800	0	2	3009	3	0	2920
JH56CNU	250	Picture	PrepTime	3533976	0	2	3009	3	0	2920
JH56CNU	251	Picture	2_42_Encoding_Working_Memory_MEG_P6_LR_Nonsalient_DoChange_CuedRetrieval_300_300_399_2150_3000_2300_gabor_patch_orientation_066_083_045_154_target_position_1_4_retrieval_position_4	3537152	0	2	1338	3	0	1250
JH56CNU	251	Picture	Flicker2	3538490	1338	1	1337	2	1250	1250
JH56CNU	251	Picture	Flicker3	3539827	2675	1	1337	2	2500	1250
JH56CNU	252	Picture	Delay	3541331	0	2	21564	3	0	21420
JH56CNU	253	Picture	2_42_Retrieval_Working_Memory_MEG_P6_LR_Nonsalient_DoChange_CuedRetrieval_retrieval_patch_orientation_105_retrieval_position_4	3563062	0	2	30089	3	0	29920
JH56CNU	253	Response	20	3583290	20228	3
JH56CNU	254	Picture	ITI	3593318	0	2	23069	3	0	22920
JH56CNU	255	Picture	CueingCross	3616554	0	1	3009	2	0	2920
JH56CNU	256	Picture	PrepTime	3619730	0	1	3009	2	0	2920
JH56CNU	257	Picture	2_43_Encoding_Working_Memory_MEG_P6_LR_Nonsalient_NoChange_UncuedRetriev_300_300_399_1900_3000_2500_gabor_patch_orientation_174_061_036_020_target_position_3_4_retrieval_position_1	3622906	0	1	1337	2	0	1250
JH56CNU	257	Picture	Flicker2	3624243	1337	1	1338	2	1250	1250
JH56CNU	257	Picture	Flicker3	3625581	2675	1	1337	2	2500	1250
JH56CNU	258	Picture	Delay	3627085	0	1	19056	2	0	18920
JH56CNU	259	Picture	2_43_Retrieval_Working_Memory_MEG_P6_LR_Nonsalient_NoChange_UncuedRetriev_retrieval_patch_orientation_174_retrieval_position_1	3646308	0	2	30089	4	0	29920
JH56CNU	259	Response	20	3665178	18870	3
JH56CNU	260	Picture	ITI	3676565	0	1	25074	2	0	24920
JH56CNU	261	Picture	CueingCross	3701806	0	1	3009	2	0	2920
JH56CNU	262	Picture	PrepTime	3704982	0	1	3009	2	0	2920
JH56CNU	263	Picture	2_44_Encoding_Working_Memory_MEG_P6_LR_Nonsalient_NoChange_CuedRetrieval_300_300_399_2100_3000_2550_gabor_patch_orientation_131_100_057_012_target_position_2_4_retrieval_position_4	3708158	0	1	1337	2	0	1250
JH56CNU	263	Picture	Flicker2	3709495	1337	1	1338	2	1250	1250
JH56CNU	263	Picture	Flicker3	3710833	2675	1	1337	2	2500	1250
JH56CNU	264	Picture	Delay	3712337	0	1	21062	2	0	20920
JH56CNU	265	Picture	2_44_Retrieval_Working_Memory_MEG_P6_LR_Nonsalient_NoChange_CuedRetrieval_retrieval_patch_orientation_012_retrieval_position_4	3733566	0	2	30089	4	0	29920
JH56CNU	265	Response	10	3743686	10120	3
JH56CNU	266	Picture	ITI	3763823	0	1	25575	2	0	25420
JH56CNU	267	Picture	CueingCross	3789565	0	2	3009	3	0	2920
JH56CNU	268	Picture	PrepTime	3792741	0	2	3009	3	0	2920
JH56CNU	269	Picture	2_45_Encoding_Working_Memory_MEG_P6_LR_Nonsalient_NoChange_CuedRetrieval_300_300_399_1800_3000_1950_gabor_patch_orientation_129_110_057_020_target_position_1_4_retrieval_position_1	3795917	0	2	1338	3	0	1250
JH56CNU	269	Picture	Flicker2	3797255	1338	1	1337	2	1250	1250
JH56CNU	269	Picture	Flicker3	3798592	2675	1	1337	2	2500	1250
JH56CNU	270	Picture	Delay	3800096	0	2	18054	3	0	17920
JH56CNU	271	Picture	2_45_Retrieval_Working_Memory_MEG_P6_LR_Nonsalient_NoChange_CuedRetrieval_retrieval_patch_orientation_129_retrieval_position_1	3818317	0	1	30089	2	0	29920
JH56CNU	271	Response	10	3828603	10286	4
JH56CNU	272	Picture	ITI	3848573	0	1	19558	2	0	19420
JH56CNU	273	Picture	CueingCross	3868298	0	1	3009	2	0	2920
JH56CNU	274	Picture	PrepTime	3871474	0	1	3009	2	0	2920
JH56CNU	275	Picture	2_46_Encoding_Working_Memory_MEG_P6_LR_Nonsalient_NoChange_CuedRetrieval_300_300_399_2200_3000_2200_gabor_patch_orientation_030_089_146_176_target_position_2_3_retrieval_position_3	3874650	0	1	1337	3	0	1250
JH56CNU	275	Picture	Flicker2	3875987	1337	2	1338	3	1250	1250
JH56CNU	275	Picture	Flicker3	3877325	2675	1	1337	2	2500	1250
JH56CNU	276	Picture	Delay	3878829	0	1	22065	3	0	21920
JH56CNU	277	Picture	2_46_Retrieval_Working_Memory_MEG_P6_LR_Nonsalient_NoChange_CuedRetrieval_retrieval_patch_orientation_146_retrieval_position_3	3901062	0	1	30089	2	0	29920
JH56CNU	277	Response	10	3914291	13229	3
JH56CNU	278	Picture	ITI	3931318	0	1	22065	2	0	21920
JH56CNU	279	Picture	CueingCross	3953550	0	1	3009	2	0	2920
JH56CNU	280	Picture	PrepTime	3956726	0	1	3009	2	0	2920
JH56CNU	281	Picture	2_47_Encoding_Working_Memory_MEG_P6_LR_Nonsalient_NoChange_CuedRetrieval_300_300_399_1900_3000_1950_gabor_patch_orientation_001_089_050_028_target_position_1_4_retrieval_position_1	3959902	0	1	1338	2	0	1250
JH56CNU	281	Picture	Flicker2	3961240	1338	1	1337	2	1250	1250
JH56CNU	281	Picture	Flicker3	3962577	2675	1	1337	2	2500	1250
JH56CNU	282	Picture	Delay	3964081	0	1	19057	2	0	18920
JH56CNU	283	Picture	2_47_Retrieval_Working_Memory_MEG_P6_LR_Nonsalient_NoChange_CuedRetrieval_retrieval_patch_orientation_001_retrieval_position_1	3983305	0	1	30089	2	0	29920
JH56CNU	283	Response	10	3992789	9484	3
JH56CNU	284	Picture	ITI	4013561	0	1	19558	2	0	19420
JH56CNU	285	Picture	CueingCross	4033286	0	1	3009	2	0	2920
JH56CNU	286	Picture	PrepTime	4036462	0	1	3009	2	0	2920
JH56CNU	287	Picture	2_48_Encoding_Working_Memory_MEG_P6_LR_Nonsalient_NoChange_UncuedRetriev_300_300_399_2000_3000_2200_gabor_patch_orientation_002_109_172_139_target_position_2_3_retrieval_position_4	4039638	0	1	1337	2	0	1250
JH56CNU	287	Picture	Flicker2	4040975	1337	1	1338	2	1250	1250
JH56CNU	287	Picture	Flicker3	4042313	2675	1	1337	2	2500	1250
JH56CNU	288	Picture	Delay	4043817	0	1	20059	2	0	19920
JH56CNU	289	Picture	2_48_Retrieval_Working_Memory_MEG_P6_LR_Nonsalient_NoChange_UncuedRetriev_retrieval_patch_orientation_139_retrieval_position_4	4064043	0	2	30089	4	0	29920
JH56CNU	289	Response	20	4081006	16963	4
JH56CNU	290	Picture	ITI	4094300	0	1	22065	2	0	21920
JH56CNU	291	Picture	CueingCross	4116532	0	1	3009	2	0	2920
JH56CNU	292	Picture	PrepTime	4119708	0	1	3009	2	0	2920
JH56CNU	293	Picture	2_49_Encoding_Working_Memory_MEG_P6_LR_Nonsalient_DoChange_CuedRetrieval_300_300_399_1950_3000_2000_gabor_patch_orientation_108_063_126_083_target_position_3_4_retrieval_position_3	4122884	0	1	1337	2	0	1250
JH56CNU	293	Picture	Flicker2	4124221	1337	1	1338	2	1250	1250
JH56CNU	293	Picture	Flicker3	4125559	2675	1	1337	2	2500	1250
JH56CNU	294	Picture	Delay	4127063	0	1	19558	2	0	19420
JH56CNU	295	Picture	2_49_Retrieval_Working_Memory_MEG_P6_LR_Nonsalient_DoChange_CuedRetrieval_retrieval_patch_orientation_172_retrieval_position_3	4146788	0	1	30089	2	0	29920
JH56CNU	295	Response	20	4158554	11766	4
JH56CNU	296	Picture	ITI	4177044	0	1	20059	3	0	19920
JH56CNU	297	Picture	CueingCross	4197271	0	1	3009	2	0	2920
JH56CNU	298	Picture	PrepTime	4200447	0	1	3009	2	0	2920
JH56CNU	299	Picture	2_50_Encoding_Working_Memory_MEG_P6_LR_Nonsalient_DoChange_CuedRetrieval_300_300_399_1850_3000_2000_gabor_patch_orientation_099_084_115_032_target_position_3_4_retrieval_position_4	4203623	0	1	1337	2	0	1250
JH56CNU	299	Picture	Flicker2	4204960	1337	1	1337	2	1250	1250
JH56CNU	299	Picture	Flicker3	4206297	2674	1	1338	2	2500	1250
JH56CNU	300	Picture	Delay	4207802	0	1	18555	2	0	18420
JH56CNU	301	Picture	2_50_Retrieval_Working_Memory_MEG_P6_LR_Nonsalient_DoChange_CuedRetrieval_retrieval_patch_orientation_172_retrieval_position_4	4226524	0	1	30089	2	0	29920
JH56CNU	301	Response	20	4236162	9638	3
JH56CNU	302	Picture	ITI	4256780	0	1	20059	2	0	19920
JH56CNU	303	Picture	CueingCross	4277006	0	2	3009	3	0	2920
JH56CNU	304	Picture	PrepTime	4280182	0	2	3009	3	0	2920
JH56CNU	305	Picture	2_51_Encoding_Working_Memory_MEG_P6_LR_Nonsalient_NoChange_CuedRetrieval_300_300_399_2150_3000_1950_gabor_patch_orientation_057_107_090_124_target_position_1_3_retrieval_position_3	4283358	0	2	1338	3	0	1250
JH56CNU	305	Picture	Flicker2	4284696	1338	1	1337	2	1250	1250
JH56CNU	305	Picture	Flicker3	4286033	2675	1	1337	2	2500	1250
JH56CNU	306	Picture	Delay	4287537	0	2	21564	3	0	21420
JH56CNU	307	Picture	2_51_Retrieval_Working_Memory_MEG_P6_LR_Nonsalient_NoChange_CuedRetrieval_retrieval_patch_orientation_090_retrieval_position_3	4309268	0	2	30089	4	0	29920
JH56CNU	307	Response	10	4319780	10512	3
JH56CNU	308	Picture	ITI	4339525	0	1	19557	2	0	19420
JH56CNU	309	Picture	CueingCross	4359250	0	1	3008	3	0	2920
JH56CNU	310	Picture	PrepTime	4362426	0	1	3008	3	0	2920
JH56CNU	311	Picture	2_52_Encoding_Working_Memory_MEG_P6_LR_Nonsalient_DoChange_CuedRetrieval_300_300_399_2200_3000_2150_gabor_patch_orientation_130_152_082_016_target_position_2_4_retrieval_position_2	4365602	0	1	1337	2	0	1250
JH56CNU	311	Picture	Flicker2	4366939	1337	1	1337	2	1250	1250
JH56CNU	311	Picture	Flicker3	4368276	2674	1	1337	3	2500	1250
JH56CNU	312	Picture	Delay	4369781	0	1	22065	2	0	21920
JH56CNU	313	Picture	2_52_Retrieval_Working_Memory_MEG_P6_LR_Nonsalient_DoChange_CuedRetrieval_retrieval_patch_orientation_105_retrieval_position_2	4392013	0	1	30089	2	0	29920
JH56CNU	313	Response	20	4408017	16004	4
JH56CNU	314	Picture	ITI	4422269	0	1	21564	3	0	21420
JH56CNU	315	Picture	CueingCross	4444000	0	1	3009	2	0	2920
JH56CNU	316	Picture	PrepTime	4447176	0	1	3009	2	0	2920
JH56CNU	317	Picture	2_53_Encoding_Working_Memory_MEG_P6_LR_Nonsalient_NoChange_UncuedRetriev_300_300_399_1800_3000_2050_gabor_patch_orientation_055_013_082_029_target_position_2_4_retrieval_position_1	4450352	0	2	1337	4	0	1250
JH56CNU	317	Picture	Flicker2	4451689	1337	2	1338	3	1250	1250
JH56CNU	317	Picture	Flicker3	4453027	2675	1	1337	2	2500	1250
JH56CNU	318	Picture	Delay	4454531	0	1	18054	2	0	17920
JH56CNU	319	Picture	2_53_Retrieval_Working_Memory_MEG_P6_LR_Nonsalient_NoChange_UncuedRetriev_retrieval_patch_orientation_055_retrieval_position_1	4472752	0	1	30089	2	0	29920
JH56CNU	319	Response	20	4490335	17583	3
JH56CNU	320	Picture	ITI	4503008	0	1	20561	2	0	20420
JH56CNU	321	Picture	CueingCross	4523736	0	1	3009	2	0	2920
JH56CNU	322	Picture	PrepTime	4526912	0	1	3009	2	0	2920
JH56CNU	323	Picture	2_54_Encoding_Working_Memory_MEG_P6_LR_Nonsalient_NoChange_CuedRetrieval_300_300_399_1900_3000_2350_gabor_patch_orientation_004_092_171_120_target_position_1_2_retrieval_position_2	4530088	0	1	1337	2	0	1250
JH56CNU	323	Picture	Flicker2	4531425	1337	1	1337	3	1250	1250
JH56CNU	323	Picture	Flicker3	4532762	2674	2	1338	3	2500	1250
JH56CNU	324	Picture	Delay	4534267	0	1	19056	2	0	18920
JH56CNU	325	Picture	2_54_Retrieval_Working_Memory_MEG_P6_LR_Nonsalient_NoChange_CuedRetrieval_retrieval_patch_orientation_092_retrieval_position_2	4553490	0	2	30089	4	0	29920
JH56CNU	325	Response	10	4567653	14163	3
JH56CNU	326	Picture	ITI	4583746	0	2	23570	3	0	23420
JH56CNU	327	Picture	CueingCross	4607483	0	2	3009	3	0	2920
JH56CNU	328	Picture	PrepTime	4610659	0	2	3009	3	0	2920
JH56CNU	329	Picture	2_55_Encoding_Working_Memory_MEG_P6_LR_Nonsalient_NoChange_CuedRetrieval_300_300_399_1800_3000_2400_gabor_patch_orientation_127_040_092_008_target_position_1_3_retrieval_position_1	4613835	0	2	1338	3	0	1250
JH56CNU	329	Picture	Flicker2	4615173	1338	1	1337	2	1250	1250
JH56CNU	329	Picture	Flicker3	4616510	2675	1	1337	2	2500	1250
JH56CNU	330	Picture	Delay	4618015	0	1	18053	2	0	17920
JH56CNU	331	Picture	2_55_Retrieval_Working_Memory_MEG_P6_LR_Nonsalient_NoChange_CuedRetrieval_retrieval_patch_orientation_127_retrieval_position_1	4636235	0	1	30089	2	0	29920
JH56CNU	331	Response	10	4647991	11756	3
JH56CNU	332	Picture	ITI	4666491	0	2	24071	3	0	23920
JH56CNU	333	Picture	CueingCross	4690730	0	1	3008	3	0	2920
JH56CNU	334	Picture	PrepTime	4693906	0	1	3008	3	0	2920
JH56CNU	335	Picture	2_56_Encoding_Working_Memory_MEG_P6_LR_Nonsalient_DoChange_UncuedRetriev_300_300_399_2000_3000_2500_gabor_patch_orientation_136_020_152_079_target_position_1_4_retrieval_position_3	4697082	0	1	1337	2	0	1250
JH56CNU	335	Picture	Flicker2	4698419	1337	1	1337	2	1250	1250
JH56CNU	335	Picture	Flicker3	4699756	2674	1	1337	3	2500	1250
JH56CNU	336	Picture	Delay	4701261	0	1	20059	2	0	19920
JH56CNU	337	Picture	2_56_Retrieval_Working_Memory_MEG_P6_LR_Nonsalient_DoChange_UncuedRetriev_retrieval_patch_orientation_103_retrieval_position_3	4721487	0	1	30089	2	0	29920
JH56CNU	337	Response	20	4729928	8441	4
JH56CNU	338	Picture	ITI	4751743	0	2	25074	3	0	24920
JH56CNU	339	Picture	CueingCross	4776985	0	1	3008	2	0	2920
JH56CNU	340	Picture	PrepTime	4780161	0	1	3008	3	0	2920
JH56CNU	341	Picture	2_57_Encoding_Working_Memory_MEG_P6_LR_Nonsalient_DoChange_CuedRetrieval_300_300_399_1950_3000_2100_gabor_patch_orientation_092_125_061_036_target_position_2_4_retrieval_position_2	4783337	0	1	1337	2	0	1250
JH56CNU	341	Picture	Flicker2	4784674	1337	1	1337	2	1250	1250
JH56CNU	341	Picture	Flicker3	4786011	2674	1	1337	3	2500	1250
JH56CNU	342	Picture	Delay	4787516	0	1	19557	3	0	19420
JH56CNU	343	Picture	2_57_Retrieval_Working_Memory_MEG_P6_LR_Nonsalient_DoChange_CuedRetrieval_retrieval_patch_orientation_174_retrieval_position_2	4807241	0	1	30089	2	0	29920
JH56CNU	343	Response	20	4815476	8235	4
JH56CNU	344	Picture	ITI	4837497	0	1	21062	2	0	20920
JH56CNU	345	Picture	CueingCross	4858726	0	1	3009	2	0	2920
JH56CNU	346	Picture	PrepTime	4861902	0	1	3009	2	0	2920
JH56CNU	347	Picture	2_58_Encoding_Working_Memory_MEG_P6_LR_Nonsalient_DoChange_CuedRetrieval_300_300_399_2050_3000_2500_gabor_patch_orientation_173_061_115_092_target_position_3_4_retrieval_position_4	4865078	0	1	1338	2	0	1250
JH56CNU	347	Picture	Flicker2	4866416	1338	1	1337	2	1250	1250
JH56CNU	347	Picture	Flicker3	4867753	2675	1	1337	2	2500	1250
JH56CNU	348	Picture	Delay	4869257	0	2	20561	3	0	20420
JH56CNU	349	Picture	2_58_Retrieval_Working_Memory_MEG_P6_LR_Nonsalient_DoChange_CuedRetrieval_retrieval_patch_orientation_140_retrieval_position_4	4889985	0	1	30089	2	0	29920
JH56CNU	349	Response	20	4902074	12089	3
JH56CNU	350	Picture	ITI	4920241	0	2	25074	4	0	24920
JH56CNU	351	Picture	CueingCross	4945483	0	1	3009	2	0	2920
JH56CNU	352	Picture	PrepTime	4948659	0	1	3009	2	0	2920
JH56CNU	353	Picture	2_59_Encoding_Working_Memory_MEG_P6_LR_Nonsalient_NoChange_CuedRetrieval_300_300_399_2200_3000_2300_gabor_patch_orientation_176_018_098_138_target_position_1_3_retrieval_position_3	4951835	0	1	1337	2	0	1250
JH56CNU	353	Picture	Flicker2	4953172	1337	1	1337	2	1250	1250
JH56CNU	353	Picture	Flicker3	4954509	2674	1	1338	2	2500	1250
JH56CNU	354	Picture	Delay	4956014	0	2	22065	3	0	21920
JH56CNU	355	Picture	2_59_Retrieval_Working_Memory_MEG_P6_LR_Nonsalient_NoChange_CuedRetrieval_retrieval_patch_orientation_098_retrieval_position_3	4978246	0	1	30089	2	0	29920
JH56CNU	355	Response	10	4987961	9715	4
JH56CNU	356	Picture	ITI	5008502	0	2	23069	3	0	22920
JH56CNU	357	Picture	CueingCross	5031738	0	1	3009	2	0	2920
JH56CNU	358	Picture	PrepTime	5034914	0	1	3009	2	0	2920
JH56CNU	359	Picture	2_60_Encoding_Working_Memory_MEG_P6_LR_Nonsalient_NoChange_CuedRetrieval_300_300_399_2050_3000_2000_gabor_patch_orientation_056_171_032_097_target_position_2_4_retrieval_position_2	5038090	0	1	1337	2	0	1250
JH56CNU	359	Picture	Flicker2	5039427	1337	1	1337	2	1250	1250
JH56CNU	359	Picture	Flicker3	5040764	2674	1	1338	2	2500	1250
JH56CNU	360	Picture	Delay	5042269	0	1	20561	2	0	20420
JH56CNU	361	Picture	2_60_Retrieval_Working_Memory_MEG_P6_LR_Nonsalient_NoChange_CuedRetrieval_retrieval_patch_orientation_171_retrieval_position_2	5062997	0	1	30089	2	0	29920
JH56CNU	361	Response	10	5080979	17982	3
JH56CNU	362	Picture	ITI	5093253	0	1	20059	2	0	19920
JH56CNU	363	Picture	CueingCross	5113479	0	2	3009	3	0	2920
JH56CNU	364	Picture	PrepTime	5116655	0	2	3009	3	0	2920
JH56CNU	365	Picture	2_61_Encoding_Working_Memory_MEG_P6_LR_Nonsalient_NoChange_CuedRetrieval_300_300_399_2250_3000_2300_gabor_patch_orientation_061_035_148_083_target_position_2_4_retrieval_position_2	5119831	0	2	1338	3	0	1250
JH56CNU	365	Picture	Flicker2	5121169	1338	1	1337	2	1250	1250
JH56CNU	365	Picture	Flicker3	5122506	2675	1	1337	2	2500	1250
JH56CNU	366	Picture	Delay	5124010	0	2	22567	3	0	22420
JH56CNU	367	Picture	2_61_Retrieval_Working_Memory_MEG_P6_LR_Nonsalient_NoChange_CuedRetrieval_retrieval_patch_orientation_035_retrieval_position_2	5146744	0	2	30089	3	0	29920
JH56CNU	367	Response	10	5159487	12743	3
JH56CNU	368	Picture	ITI	5177000	0	2	23069	3	0	22920
JH56CNU	369	Picture	CueingCross	5200236	0	1	3009	2	0	2920
JH56CNU	370	Picture	PrepTime	5203412	0	1	3009	2	0	2920
JH56CNU	371	Picture	2_62_Encoding_Working_Memory_MEG_P6_LR_Nonsalient_NoChange_UncuedRetriev_300_300_399_1750_3000_2150_gabor_patch_orientation_124_053_083_068_target_position_3_4_retrieval_position_2	5206588	0	1	1337	2	0	1250
JH56CNU	371	Picture	Flicker2	5207925	1337	1	1337	3	1250	1250
JH56CNU	371	Picture	Flicker3	5209262	2674	2	1338	3	2500	1250
JH56CNU	372	Picture	Delay	5210767	0	1	17552	2	0	17420
JH56CNU	373	Picture	2_62_Retrieval_Working_Memory_MEG_P6_LR_Nonsalient_NoChange_UncuedRetriev_retrieval_patch_orientation_053_retrieval_position_2	5228486	0	1	30089	2	0	29920
JH56CNU	373	Response	10	5248644	20158	4
JH56CNU	373	Response	20	5258424	29938	4
JH56CNU	374	Picture	ITI	5258742	0	1	21564	2	0	21420
JH56CNU	375	Picture	CueingCross	5280473	0	1	3009	2	0	2920
JH56CNU	376	Picture	PrepTime	5283649	0	1	3009	2	0	2920
JH56CNU	377	Picture	2_63_Encoding_Working_Memory_MEG_P6_LR_Nonsalient_DoChange_CuedRetrieval_300_300_399_1900_3000_2600_gabor_patch_orientation_048_094_066_155_target_position_2_4_retrieval_position_4	5286825	0	1	1337	3	0	1250
JH56CNU	377	Picture	Flicker2	5288162	1337	2	1338	3	1250	1250
JH56CNU	377	Picture	Flicker3	5289500	2675	1	1337	2	2500	1250
JH56CNU	378	Picture	Delay	5291004	0	1	19056	3	0	18920
JH56CNU	379	Picture	2_63_Retrieval_Working_Memory_MEG_P6_LR_Nonsalient_DoChange_CuedRetrieval_retrieval_patch_orientation_016_retrieval_position_4	5310228	0	1	30089	2	0	29920
JH56CNU	379	Response	10	5334392	24164	3
JH56CNU	379	Response	20	5338742	28514	3
JH56CNU	380	Picture	ITI	5340484	0	1	26077	2	0	25920
JH56CNU	381	Picture	CueingCross	5366728	0	1	3009	2	0	2920
JH56CNU	382	Picture	PrepTime	5369904	0	1	3009	2	0	2920
JH56CNU	383	Picture	2_64_Encoding_Working_Memory_MEG_P6_LR_Nonsalient_DoChange_CuedRetrieval_300_300_399_1850_3000_2350_gabor_patch_orientation_081_159_098_135_target_position_2_4_retrieval_position_2	5373080	0	1	1337	3	0	1250
JH56CNU	383	Picture	Flicker2	5374417	1337	2	1338	3	1250	1250
JH56CNU	383	Picture	Flicker3	5375755	2675	1	1337	2	2500	1250
JH56CNU	384	Picture	Delay	5377259	0	1	18555	2	0	18420
JH56CNU	385	Picture	2_64_Retrieval_Working_Memory_MEG_P6_LR_Nonsalient_DoChange_CuedRetrieval_retrieval_patch_orientation_022_retrieval_position_2	5395981	0	1	30089	2	0	29920
JH56CNU	385	Response	20	5406160	10179	3
JH56CNU	386	Picture	ITI	5426237	0	2	23570	3	0	23420
JH56CNU	387	Picture	CueingCross	5449974	0	1	3009	2	0	2920
JH56CNU	388	Picture	PrepTime	5453150	0	1	3009	2	0	2920
JH56CNU	389	Picture	2_65_Encoding_Working_Memory_MEG_P6_LR_Nonsalient_DoChange_UncuedRetriev_300_300_399_2100_3000_2550_gabor_patch_orientation_014_149_086_164_target_position_1_2_retrieval_position_3	5456326	0	2	1338	3	0	1250
JH56CNU	389	Picture	Flicker2	5457664	1338	1	1337	2	1250	1250
JH56CNU	389	Picture	Flicker3	5459001	2675	1	1337	2	2500	1250
JH56CNU	390	Picture	Delay	5460505	0	2	21063	3	0	20920
JH56CNU	391	Picture	2_65_Retrieval_Working_Memory_MEG_P6_LR_Nonsalient_DoChange_UncuedRetriev_retrieval_patch_orientation_041_retrieval_position_3	5481735	0	1	30089	2	0	29920
JH56CNU	391	Response	10	5501967	20232	4
JH56CNU	392	Picture	ITI	5511991	0	1	25575	3	0	25420
JH56CNU	393	Picture	CueingCross	5537734	0	1	3008	3	0	2920
JH56CNU	394	Picture	PrepTime	5540910	0	1	3009	2	0	2920
JH56CNU	395	Picture	2_66_Encoding_Working_Memory_MEG_P6_LR_Nonsalient_NoChange_CuedRetrieval_300_300_399_2000_3000_2250_gabor_patch_orientation_135_179_161_120_target_position_1_2_retrieval_position_1	5544086	0	1	1337	2	0	1250
JH56CNU	395	Picture	Flicker2	5545423	1337	1	1337	2	1250	1250
JH56CNU	395	Picture	Flicker3	5546760	2674	1	1338	2	2500	1250
JH56CNU	396	Picture	Delay	5548265	0	1	20059	2	0	19920
JH56CNU	397	Picture	2_66_Retrieval_Working_Memory_MEG_P6_LR_Nonsalient_NoChange_CuedRetrieval_retrieval_patch_orientation_135_retrieval_position_1	5568491	0	1	30089	2	0	29920
JH56CNU	397	Response	10	5581075	12584	4
JH56CNU	398	Picture	ITI	5598747	0	2	22567	3	0	22420
JH56CNU	399	Picture	CueingCross	5621481	0	1	3009	2	0	2920
JH56CNU	400	Picture	PrepTime	5624657	0	1	3009	2	0	2920
JH56CNU	401	Picture	2_67_Encoding_Working_Memory_MEG_P6_LR_Nonsalient_NoChange_CuedRetrieval_300_300_399_1850_3000_2400_gabor_patch_orientation_058_031_078_136_target_position_2_4_retrieval_position_4	5627833	0	1	1338	2	0	1250
JH56CNU	401	Picture	Flicker2	5629171	1338	1	1337	2	1250	1250
JH56CNU	401	Picture	Flicker3	5630508	2675	1	1337	2	2500	1250
JH56CNU	402	Picture	Delay	5632012	0	2	18555	3	0	18420
JH56CNU	403	Picture	2_67_Retrieval_Working_Memory_MEG_P6_LR_Nonsalient_NoChange_CuedRetrieval_retrieval_patch_orientation_136_retrieval_position_4	5650734	0	2	30089	3	0	29920
JH56CNU	403	Response	10	5662423	11689	8
JH56CNU	404	Picture	ITI	5680990	0	2	24072	3	0	23920
JH56CNU	405	Picture	CueingCross	5705229	0	1	3009	2	0	2920
JH56CNU	406	Picture	PrepTime	5708405	0	1	3009	2	0	2920
JH56CNU	407	Picture	2_68_Encoding_Working_Memory_MEG_P6_LR_Nonsalient_DoChange_CuedRetrieval_300_300_399_2150_3000_1950_gabor_patch_orientation_156_129_088_046_target_position_2_4_retrieval_position_2	5711581	0	1	1337	2	0	1250
JH56CNU	407	Picture	Flicker2	5712918	1337	1	1337	3	1250	1250
JH56CNU	407	Picture	Flicker3	5714255	2674	2	1338	3	2500	1250
JH56CNU	408	Picture	Delay	5715760	0	1	21564	2	0	21420
JH56CNU	409	Picture	2_68_Retrieval_Working_Memory_MEG_P6_LR_Nonsalient_DoChange_CuedRetrieval_retrieval_patch_orientation_176_retrieval_position_2	5737491	0	1	30089	2	0	29920
JH56CNU	409	Response	20	5751370	13879	4
JH56CNU	410	Picture	ITI	5767747	0	1	19558	2	0	19420
JH56CNU	411	Picture	CueingCross	5787472	0	1	3009	2	0	2920
JH56CNU	412	Picture	PrepTime	5790648	0	1	3009	2	0	2920
JH56CNU	413	Picture	2_69_Encoding_Working_Memory_MEG_P6_LR_Nonsalient_NoChange_UncuedRetriev_300_300_399_2100_3000_2000_gabor_patch_orientation_080_118_095_012_target_position_1_3_retrieval_position_2	5793824	0	1	1337	2	0	1250
JH56CNU	413	Picture	Flicker2	5795161	1337	1	1338	2	1250	1250
JH56CNU	413	Picture	Flicker3	5796499	2675	1	1337	2	2500	1250
JH56CNU	414	Picture	Delay	5798003	0	1	21062	2	0	20920
JH56CNU	415	Picture	2_69_Retrieval_Working_Memory_MEG_P6_LR_Nonsalient_NoChange_UncuedRetriev_retrieval_patch_orientation_118_retrieval_position_2	5819232	0	2	30089	4	0	29920
JH56CNU	415	Response	20	5831368	12136	4
JH56CNU	416	Picture	ITI	5849489	0	1	20059	2	0	19920
JH56CNU	417	Picture	CueingCross	5869715	0	1	3008	3	0	2920
JH56CNU	418	Picture	PrepTime	5872891	0	1	3009	2	0	2920
JH56CNU	419	Picture	2_70_Encoding_Working_Memory_MEG_P6_LR_Nonsalient_DoChange_CuedRetrieval_300_300_399_2100_3000_2150_gabor_patch_orientation_061_143_175_036_target_position_2_4_retrieval_position_4	5876067	0	1	1337	3	0	1250
JH56CNU	419	Picture	Flicker2	5877404	1337	2	1338	3	1250	1250
JH56CNU	419	Picture	Flicker3	5878742	2675	1	1337	2	2500	1250
JH56CNU	420	Picture	Delay	5880246	0	2	21062	4	0	20920
JH56CNU	421	Picture	2_70_Retrieval_Working_Memory_MEG_P6_LR_Nonsalient_DoChange_CuedRetrieval_retrieval_patch_orientation_085_retrieval_position_4	5901476	0	1	30089	2	0	29920
JH56CNU	421	Response	10	5912606	11130	3
JH56CNU	422	Picture	ITI	5931732	0	1	21563	3	0	21420
JH56CNU	423	Picture	BaselinePost	5953463	0	1	50148	2	0	50000
