Scenario - ATWM1_Working_Memory_MEG_nonsalient_uncued_instruction
Logfile written - 04/06/2016 14:29:20

Subject	Trial	Event Type	Code	Time	TTime	Uncertainty	Duration	Uncertainty	ReqTime	ReqDur

JH56CNU	1	Picture	Instruction_NS_UC	28	0	2	100130	3	0	100000
JH56CNU	2	Picture	Instruction2	100325	0	2	100130	3	0	100000
JH56CNU	3	Picture	Instruction3	200622	0	1	16215	2	0	resp
JH56CNU	3	Response	10	216717	16095	3
JH56CNU	4	Picture	Instruction4	236896	0	1	3176	2	0	resp
JH56CNU	4	Response	20	239916	3020	4
JH56CNU	5	Picture	Instruction5	259964	0	1	3176	2	0	resp
JH56CNU	5	Response	10	263115	3151	4
JH56CNU	6	Picture	Instruction4	283200	0	1	3008	2	0	resp
JH56CNU	6	Response	20	286045	2845	4
JH56CNU	7	Picture	Instruction3	306101	0	1	5349	2	0	resp
JH56CNU	7	Response	10	311324	5223	4
JH56CNU	8	Picture	Instruction4	331342	0	1	5349	2	0	resp
JH56CNU	8	Response	20	336513	5171	4
JH56CNU	9	Picture	Instruction_NS_UC_TestTrials	356583	0	1	100130	2	0	100000
JH56CNU	10	Picture	BaselinePre	456880	0	1	20059	2	0	20000
JH56CNU	11	Picture	CueingCross	477106	0	1	3009	2	0	2920
JH56CNU	12	Picture	PrepTime	480282	0	1	3009	2	0	2920
JH56CNU	13	Picture	2_1_Encoding_Working_Memory_MEG_P6_LR_Nonsalient_NoChange_CuedRetrieval_300_300_399_1900_3000_2000_gabor_patch_orientation_177_046_157_124_target_position_1_2_retrieval_position_2	483458	0	1	1338	2	0	1250
JH56CNU	13	Picture	Flicker2	484796	1338	1	1337	2	1250	1250
JH56CNU	13	Picture	Flicker3	486133	2675	1	1337	2	2500	1250
JH56CNU	14	Picture	Delay	487637	0	1	19057	2	0	18920
JH56CNU	15	Picture	2_1_Retrieval_Working_Memory_MEG_P6_LR_Nonsalient_NoChange_CuedRetrieval_retrieval_patch_orientation_046_retrieval_position_2	506861	0	1	30089	2	0	29920
JH56CNU	15	Response	10	520218	13357	4
JH56CNU	16	Picture	ITI	557009	0	1	20059	2	0	19920
JH56CNU	17	Picture	CueingCross	577235	0	2	3009	4	0	2920
JH56CNU	18	Picture	PrepTime	580412	0	1	3008	3	0	2920
JH56CNU	19	Picture	2_2_Encoding_Working_Memory_MEG_P6_LR_Nonsalient_NoChange_CuedRetrieval_300_300_399_1750_3000_1950_gabor_patch_orientation_086_163_053_121_target_position_2_3_retrieval_position_3	583588	0	1	1337	2	0	1250
JH56CNU	19	Picture	Flicker2	584925	1337	1	1337	2	1250	1250
JH56CNU	19	Picture	Flicker3	586262	2674	1	1337	3	2500	1250
JH56CNU	20	Picture	Delay	587767	0	1	17552	2	0	17420
JH56CNU	21	Picture	2_2_Retrieval_Working_Memory_MEG_P6_LR_Nonsalient_NoChange_CuedRetrieval_retrieval_patch_orientation_053_retrieval_position_3	605486	0	1	30089	2	0	29920
JH56CNU	21	Response	10	615896	10410	3
JH56CNU	22	Picture	ITI	655634	0	1	19558	2	0	19420
JH56CNU	23	Picture	CueingCross	675358	0	2	3010	3	0	2920
JH56CNU	24	Picture	PrepTime	678535	0	1	3009	2	0	2920
JH56CNU	25	Picture	2_3_Encoding_Working_Memory_MEG_P6_LR_Nonsalient_DoChange_CuedRetrieval_300_300_399_1850_3000_2050_gabor_patch_orientation_142_080_117_033_target_position_3_4_retrieval_position_3	681711	0	1	1337	2	0	1250
JH56CNU	25	Picture	Flicker2	683048	1337	1	1338	2	1250	1250
JH56CNU	25	Picture	Flicker3	684386	2675	1	1337	2	2500	1250
JH56CNU	26	Picture	Delay	685890	0	1	18555	2	0	18420
JH56CNU	27	Picture	2_3_Retrieval_Working_Memory_MEG_P6_LR_Nonsalient_DoChange_CuedRetrieval_retrieval_patch_orientation_165_retrieval_position_3	704612	0	1	30089	2	0	29920
JH56CNU	27	Response	20	714933	10321	4
JH56CNU	28	Picture	ITI	754760	0	2	20561	3	0	20420
JH56CNU	29	Picture	CueingCross	775488	0	2	3009	3	0	2920
JH56CNU	30	Picture	PrepTime	778664	0	2	3009	3	0	2920
JH56CNU	31	Picture	2_4_Encoding_Working_Memory_MEG_P6_LR_Nonsalient_DoChange_CuedRetrieval_300_300_399_1800_3000_1900_gabor_patch_orientation_109_176_087_004_target_position_1_2_retrieval_position_2	781840	0	2	1338	3	0	1250
JH56CNU	31	Picture	Flicker2	783178	1338	1	1337	2	1250	1250
JH56CNU	31	Picture	Flicker3	784515	2675	1	1337	2	2500	1250
JH56CNU	32	Picture	Delay	786019	0	2	18054	3	0	17920
JH56CNU	33	Picture	2_4_Retrieval_Working_Memory_MEG_P6_LR_Nonsalient_DoChange_CuedRetrieval_retrieval_patch_orientation_037_retrieval_position_2	804240	0	1	30089	2	0	29920
JH56CNU	33	Response	20	815480	11240	4
JH56CNU	34	Picture	ITI	854388	0	2	19057	3	0	18920
JH56CNU	35	Picture	BaselinePost	873612	0	1	20059	2	0	20000
JH56CNU	36	Picture	Instruction_NS_UC	893838	0	1	50148	3	0	50000
