Scenario - ATWM1_Working_Memory_MEG_salient_cued_run2
Logfile written - 04/06/2016 14:39:26

Subject	Trial	Event Type	Code	Time	TTime	Uncertainty	Duration	Uncertainty	ReqTime	ReqDur

JH56CNU	1	Picture	ExpStart	29	0	1	10030	2	0	10000
JH56CNU	2	Picture	BaselinePre	10226	0	1	100129	2	0	100000
JH56CNU	3	Picture	CueingCross	110522	0	2	3009	3	0	2920
JH56CNU	4	Picture	PrepTime	113698	0	2	3009	3	0	2920
JH56CNU	5	Picture	2_1_Encoding_Working_Memory_MEG_P6_LR_Nonsalient_NoChange_CuedRetrieval_300_300_399_1800_3000_2300_gabor_patch_orientation_171_058_144_033_target_position_2_3_retrieval_position_3	116874	0	2	1338	3	0	1250
JH56CNU	5	Picture	Flicker2	118212	1338	1	1337	2	1250	1250
JH56CNU	5	Picture	Flicker3	119549	2675	1	1337	2	2500	1250
JH56CNU	6	Picture	Delay	121053	0	2	18054	3	0	17920
JH56CNU	7	Picture	2_1_Retrieval_Working_Memory_MEG_P6_LR_Nonsalient_NoChange_CuedRetrieval_retrieval_patch_orientation_144_retrieval_position_3	139274	0	1	30089	3	0	29920
JH56CNU	7	Response	10	159351	20077	4
JH56CNU	8	Picture	ITI	169530	0	1	23068	2	0	22920
JH56CNU	9	Picture	CueingCross	192765	0	2	3009	3	0	2920
JH56CNU	10	Picture	PrepTime	195942	0	1	3008	3	0	2920
JH56CNU	11	Picture	2_2_Encoding_Working_Memory_MEG_P6_LR_Nonsalient_DoChange_CuedRetrieval_300_300_399_1750_3000_1900_gabor_patch_orientation_176_131_065_093_target_position_3_4_retrieval_position_4	199118	0	1	1337	2	0	1250
JH56CNU	11	Picture	Flicker2	200455	1337	1	1337	2	1250	1250
JH56CNU	11	Picture	Flicker3	201792	2674	1	1337	3	2500	1250
JH56CNU	12	Picture	Delay	203297	0	1	17551	3	0	17420
JH56CNU	13	Picture	2_2_Retrieval_Working_Memory_MEG_P6_LR_Nonsalient_DoChange_CuedRetrieval_retrieval_patch_orientation_045_retrieval_position_4	221016	0	1	30089	2	0	29920
JH56CNU	13	Response	20	229829	8813	4
JH56CNU	14	Picture	ITI	251272	0	1	19056	2	0	18920
JH56CNU	15	Picture	CueingCross	270495	0	2	3009	3	0	2920
JH56CNU	16	Picture	PrepTime	273671	0	2	3009	3	0	2920
JH56CNU	17	Picture	2_3_Encoding_Working_Memory_MEG_P6_LR_Nonsalient_NoChange_CuedRetrieval_300_300_399_1900_3000_2200_gabor_patch_orientation_006_058_120_096_target_position_1_2_retrieval_position_1	276847	0	2	1338	3	0	1250
JH56CNU	17	Picture	Flicker2	278185	1338	1	1337	2	1250	1250
JH56CNU	17	Picture	Flicker3	279522	2675	1	1337	2	2500	1250
JH56CNU	18	Picture	Delay	281026	0	2	19057	3	0	18920
JH56CNU	19	Picture	2_3_Retrieval_Working_Memory_MEG_P6_LR_Nonsalient_NoChange_CuedRetrieval_retrieval_patch_orientation_006_retrieval_position_1	300250	0	1	30089	2	0	29920
JH56CNU	20	Picture	ITI	330506	0	1	22065	2	0	21920
JH56CNU	20	Response	10	332416	1910	4
JH56CNU	21	Picture	CueingCross	352738	0	2	3009	3	0	2920
JH56CNU	22	Picture	PrepTime	355914	0	2	3009	3	0	2920
JH56CNU	23	Picture	2_4_Encoding_Working_Memory_MEG_P6_LR_Nonsalient_DoChange_CuedRetrieval_300_300_399_1800_3000_2550_gabor_patch_orientation_176_001_024_160_target_position_1_2_retrieval_position_2	359091	0	1	1337	2	0	1250
JH56CNU	23	Picture	Flicker2	360428	1337	1	1337	2	1250	1250
JH56CNU	23	Picture	Flicker3	361765	2674	1	1337	2	2500	1250
JH56CNU	24	Picture	Delay	363269	0	2	18054	3	0	17920
JH56CNU	25	Picture	2_4_Retrieval_Working_Memory_MEG_P6_LR_Nonsalient_DoChange_CuedRetrieval_retrieval_patch_orientation_141_retrieval_position_2	381490	0	1	30089	2	0	29920
JH56CNU	25	Response	20	389505	8015	4
JH56CNU	26	Picture	ITI	411746	0	1	25576	2	0	25420
JH56CNU	27	Picture	CueingCross	437489	0	1	3009	2	0	2920
JH56CNU	28	Picture	PrepTime	440665	0	1	3009	2	0	2920
JH56CNU	29	Picture	2_5_Encoding_Working_Memory_MEG_P6_LR_Nonsalient_NoChange_CuedRetrieval_300_300_399_2150_3000_1950_gabor_patch_orientation_180_060_096_030_target_position_1_3_retrieval_position_3	443841	0	1	1337	2	0	1250
JH56CNU	29	Picture	Flicker2	445178	1337	1	1338	2	1250	1250
JH56CNU	29	Picture	Flicker3	446516	2675	1	1337	2	2500	1250
JH56CNU	30	Picture	Delay	448020	0	1	21564	2	0	21420
JH56CNU	31	Picture	2_5_Retrieval_Working_Memory_MEG_P6_LR_Nonsalient_NoChange_CuedRetrieval_retrieval_patch_orientation_096_retrieval_position_3	469751	0	1	30089	2	0	29920
JH56CNU	31	Response	10	481372	11621	4
JH56CNU	32	Picture	ITI	500007	0	1	19558	2	0	19420
JH56CNU	33	Picture	CueingCross	519732	0	1	3009	2	0	2920
JH56CNU	34	Picture	PrepTime	522908	0	1	3009	2	0	2920
JH56CNU	35	Picture	2_6_Encoding_Working_Memory_MEG_P6_LR_Nonsalient_NoChange_CuedRetrieval_300_300_399_2000_3000_1950_gabor_patch_orientation_058_040_168_004_target_position_1_3_retrieval_position_3	526084	0	1	1338	2	0	1250
JH56CNU	35	Picture	Flicker2	527422	1338	1	1337	2	1250	1250
JH56CNU	35	Picture	Flicker3	528759	2675	1	1337	2	2500	1250
JH56CNU	36	Picture	Delay	530263	0	1	20060	2	0	19920
JH56CNU	37	Picture	2_6_Retrieval_Working_Memory_MEG_P6_LR_Nonsalient_NoChange_CuedRetrieval_retrieval_patch_orientation_168_retrieval_position_3	550490	0	1	30089	2	0	29920
JH56CNU	37	Response	10	565360	14870	3
JH56CNU	38	Picture	ITI	580746	0	1	19558	2	0	19420
JH56CNU	39	Picture	CueingCross	600471	0	1	3009	2	0	2920
JH56CNU	40	Picture	PrepTime	603647	0	1	3009	2	0	2920
JH56CNU	41	Picture	2_7_Encoding_Working_Memory_MEG_P6_LR_Nonsalient_NoChange_CuedRetrieval_300_300_399_2150_3000_2500_gabor_patch_orientation_036_096_009_115_target_position_2_3_retrieval_position_2	606823	0	1	1337	2	0	1250
JH56CNU	41	Picture	Flicker2	608160	1337	1	1337	3	1250	1250
JH56CNU	41	Picture	Flicker3	609497	2674	2	1338	3	2500	1250
JH56CNU	42	Picture	Delay	611002	0	1	21564	2	0	21420
JH56CNU	43	Picture	2_7_Retrieval_Working_Memory_MEG_P6_LR_Nonsalient_NoChange_CuedRetrieval_retrieval_patch_orientation_096_retrieval_position_2	632733	0	1	30089	2	0	29920
JH56CNU	43	Response	10	642158	9425	3
JH56CNU	44	Picture	ITI	662989	0	1	25074	3	0	24920
JH56CNU	45	Picture	CueingCross	688230	0	2	3009	3	0	2920
JH56CNU	46	Picture	PrepTime	691406	0	2	3009	3	0	2920
JH56CNU	47	Picture	2_8_Encoding_Working_Memory_MEG_P6_LR_Nonsalient_DoChange_UncuedRetriev_300_300_399_2250_3000_2250_gabor_patch_orientation_058_145_035_019_target_position_2_4_retrieval_position_1	694582	0	2	1338	3	0	1250
JH56CNU	47	Picture	Flicker2	695920	1338	1	1337	2	1250	1250
JH56CNU	47	Picture	Flicker3	697257	2675	1	1337	2	2500	1250
JH56CNU	48	Picture	Delay	698761	0	2	22567	3	0	22420
JH56CNU	49	Picture	2_8_Retrieval_Working_Memory_MEG_P6_LR_Nonsalient_DoChange_UncuedRetriev_retrieval_patch_orientation_103_retrieval_position_1	721495	0	2	30089	3	0	29920
JH56CNU	49	Response	10	749145	27650	3
JH56CNU	50	Picture	ITI	751751	0	2	22567	3	0	22420
JH56CNU	51	Picture	CueingCross	774485	0	2	3009	3	0	2920
JH56CNU	52	Picture	PrepTime	777661	0	2	3009	3	0	2920
JH56CNU	53	Picture	2_9_Encoding_Working_Memory_MEG_P6_LR_Nonsalient_DoChange_CuedRetrieval_300_300_399_1850_3000_2250_gabor_patch_orientation_007_094_173_120_target_position_2_4_retrieval_position_2	780837	0	2	1338	3	0	1250
JH56CNU	53	Picture	Flicker2	782175	1338	1	1337	2	1250	1250
JH56CNU	53	Picture	Flicker3	783512	2675	1	1337	2	2500	1250
JH56CNU	54	Picture	Delay	785016	0	2	18555	3	0	18420
JH56CNU	55	Picture	2_9_Retrieval_Working_Memory_MEG_P6_LR_Nonsalient_DoChange_CuedRetrieval_retrieval_patch_orientation_049_retrieval_position_2	803738	0	2	30089	4	0	29920
JH56CNU	55	Response	20	812783	9045	4
JH56CNU	56	Picture	ITI	833995	0	1	22566	2	0	22420
JH56CNU	57	Picture	CueingCross	856728	0	2	3009	3	0	2920
JH56CNU	58	Picture	PrepTime	859904	0	2	3009	3	0	2920
JH56CNU	59	Picture	2_10_Encoding_Working_Memory_MEG_P6_LR_Nonsalient_NoChange_CuedRetrieval_300_300_399_2100_3000_2150_gabor_patch_orientation_140_034_011_056_target_position_3_4_retrieval_position_4	863081	0	1	1337	2	0	1250
JH56CNU	59	Picture	Flicker2	864418	1337	1	1337	2	1250	1250
JH56CNU	59	Picture	Flicker3	865755	2674	1	1337	3	2500	1250
JH56CNU	60	Picture	Delay	867260	0	1	21062	2	0	20920
JH56CNU	61	Picture	2_10_Retrieval_Working_Memory_MEG_P6_LR_Nonsalient_NoChange_CuedRetrieval_retrieval_patch_orientation_056_retrieval_position_4	888489	0	1	30089	2	0	29920
JH56CNU	61	Response	10	898581	10092	3
JH56CNU	62	Picture	ITI	918745	0	1	21564	2	0	21420
JH56CNU	63	Picture	CueingCross	940476	0	1	3009	2	0	2920
JH56CNU	64	Picture	PrepTime	943652	0	1	3009	2	0	2920
JH56CNU	65	Picture	2_11_Encoding_Working_Memory_MEG_P6_LR_Nonsalient_NoChange_CuedRetrieval_300_300_399_2000_3000_2200_gabor_patch_orientation_013_091_030_070_target_position_2_4_retrieval_position_2	946828	0	1	1337	3	0	1250
JH56CNU	65	Picture	Flicker2	948165	1337	2	1338	3	1250	1250
JH56CNU	65	Picture	Flicker3	949503	2675	1	1337	2	2500	1250
JH56CNU	66	Picture	Delay	951007	0	1	20059	3	0	19920
JH56CNU	67	Picture	2_11_Retrieval_Working_Memory_MEG_P6_LR_Nonsalient_NoChange_CuedRetrieval_retrieval_patch_orientation_091_retrieval_position_2	971234	0	1	30089	2	0	29920
JH56CNU	67	Response	10	982568	11334	4
JH56CNU	68	Picture	ITI	1001490	0	1	22065	2	0	21920
JH56CNU	69	Picture	CueingCross	1023722	0	1	3009	2	0	2920
JH56CNU	70	Picture	PrepTime	1026898	0	1	3009	2	0	2920
JH56CNU	71	Picture	2_12_Encoding_Working_Memory_MEG_P6_LR_Nonsalient_NoChange_UncuedRetriev_300_300_399_2050_3000_2250_gabor_patch_orientation_129_076_145_161_target_position_1_3_retrieval_position_4	1030074	0	1	1338	2	0	1250
JH56CNU	71	Picture	Flicker2	1031412	1338	1	1337	2	1250	1250
JH56CNU	71	Picture	Flicker3	1032749	2675	1	1337	2	2500	1250
JH56CNU	72	Picture	Delay	1034253	0	2	20561	3	0	20420
JH56CNU	73	Picture	2_12_Retrieval_Working_Memory_MEG_P6_LR_Nonsalient_NoChange_UncuedRetriev_retrieval_patch_orientation_161_retrieval_position_4	1054981	0	1	30089	2	0	29920
JH56CNU	73	Response	10	1077606	22625	3
JH56CNU	74	Picture	ITI	1085237	0	2	22567	3	0	22420
JH56CNU	75	Picture	CueingCross	1107971	0	1	3009	2	0	2920
JH56CNU	76	Picture	PrepTime	1111147	0	2	3009	3	0	2920
JH56CNU	77	Picture	2_13_Encoding_Working_Memory_MEG_P6_LR_Nonsalient_NoChange_CuedRetrieval_300_300_399_2200_3000_2000_gabor_patch_orientation_085_024_059_130_target_position_1_4_retrieval_position_4	1114323	0	2	1338	3	0	1250
JH56CNU	77	Picture	Flicker2	1115661	1338	1	1337	2	1250	1250
JH56CNU	77	Picture	Flicker3	1116998	2675	1	1337	2	2500	1250
JH56CNU	78	Picture	Delay	1118502	0	2	22066	3	0	21920
JH56CNU	79	Picture	2_13_Retrieval_Working_Memory_MEG_P6_LR_Nonsalient_NoChange_CuedRetrieval_retrieval_patch_orientation_130_retrieval_position_4	1140735	0	1	30089	2	0	29920
JH56CNU	80	Picture	ITI	1170991	0	1	20059	2	0	19920
JH56CNU	81	Picture	CueingCross	1191217	0	2	3009	3	0	2920
JH56CNU	82	Picture	PrepTime	1194393	0	2	3009	3	0	2920
JH56CNU	83	Picture	2_14_Encoding_Working_Memory_MEG_P6_LR_Nonsalient_DoChange_CuedRetrieval_300_300_399_1950_3000_2550_gabor_patch_orientation_165_044_132_114_target_position_1_3_retrieval_position_1	1197569	0	2	1338	3	0	1250
JH56CNU	83	Picture	Flicker2	1198907	1338	1	1337	2	1250	1250
JH56CNU	83	Picture	Flicker3	1200244	2675	1	1337	2	2500	1250
JH56CNU	84	Picture	Delay	1201748	0	2	19558	3	0	19420
JH56CNU	85	Picture	2_14_Retrieval_Working_Memory_MEG_P6_LR_Nonsalient_DoChange_CuedRetrieval_retrieval_patch_orientation_026_retrieval_position_1	1221473	0	2	30089	4	0	29920
JH56CNU	85	Response	10	1231252	9779	4
JH56CNU	85	Response	20	1235602	14129	3
JH56CNU	85	Response	20	1242761	21288	4
JH56CNU	85	Response	20	1245081	23608	3
JH56CNU	86	Picture	ITI	1251730	0	1	25575	2	0	25420
JH56CNU	87	Picture	CueingCross	1277472	0	2	3009	3	0	2920
JH56CNU	88	Picture	PrepTime	1280648	0	2	3009	3	0	2920
JH56CNU	89	Picture	2_15_Encoding_Working_Memory_MEG_P6_LR_Nonsalient_DoChange_CuedRetrieval_300_300_399_2000_3000_2250_gabor_patch_orientation_152_129_063_078_target_position_3_4_retrieval_position_3	1283824	0	2	1338	3	0	1250
JH56CNU	89	Picture	Flicker2	1285162	1338	1	1337	2	1250	1250
JH56CNU	89	Picture	Flicker3	1286499	2675	1	1337	2	2500	1250
JH56CNU	90	Picture	Delay	1288003	0	2	20060	3	0	19920
JH56CNU	91	Picture	2_15_Retrieval_Working_Memory_MEG_P6_LR_Nonsalient_DoChange_CuedRetrieval_retrieval_patch_orientation_015_retrieval_position_3	1308230	0	1	30089	2	0	29920
JH56CNU	91	Response	20	1316449	8219	4
JH56CNU	92	Picture	ITI	1338486	0	1	22567	2	0	22420
JH56CNU	93	Picture	CueingCross	1361220	0	1	3009	2	0	2920
JH56CNU	94	Picture	PrepTime	1364396	0	1	3009	2	0	2920
JH56CNU	95	Picture	2_16_Encoding_Working_Memory_MEG_P6_LR_Nonsalient_NoChange_UncuedRetriev_300_300_399_1750_3000_2050_gabor_patch_orientation_087_120_056_105_target_position_2_3_retrieval_position_1	1367572	0	1	1337	2	0	1250
JH56CNU	95	Picture	Flicker2	1368909	1337	1	1338	2	1250	1250
JH56CNU	95	Picture	Flicker3	1370247	2675	1	1337	2	2500	1250
JH56CNU	96	Picture	Delay	1371751	0	1	17552	2	0	17420
JH56CNU	97	Picture	2_16_Retrieval_Working_Memory_MEG_P6_LR_Nonsalient_NoChange_UncuedRetriev_retrieval_patch_orientation_087_retrieval_position_1	1389469	0	3	30090	4	0	29920
JH56CNU	97	Response	10	1418227	28758	3
JH56CNU	98	Picture	ITI	1419726	0	1	20561	2	0	20420
JH56CNU	99	Picture	CueingCross	1440454	0	1	3009	2	0	2920
JH56CNU	100	Picture	PrepTime	1443630	0	1	3009	2	0	2920
JH56CNU	101	Picture	2_17_Encoding_Working_Memory_MEG_P6_LR_Nonsalient_DoChange_CuedRetrieval_300_300_399_2050_3000_2100_gabor_patch_orientation_099_126_151_046_target_position_2_4_retrieval_position_2	1446806	0	2	1338	3	0	1250
JH56CNU	101	Picture	Flicker2	1448144	1338	1	1337	2	1250	1250
JH56CNU	101	Picture	Flicker3	1449481	2675	1	1337	2	2500	1250
JH56CNU	102	Picture	Delay	1450985	0	2	20561	3	0	20420
JH56CNU	103	Picture	2_17_Retrieval_Working_Memory_MEG_P6_LR_Nonsalient_DoChange_CuedRetrieval_retrieval_patch_orientation_078_retrieval_position_2	1471713	0	2	30089	3	0	29920
JH56CNU	103	Response	20	1495434	23721	4
JH56CNU	104	Picture	ITI	1501969	0	2	21062	4	0	20920
JH56CNU	105	Picture	CueingCross	1523199	0	1	3009	2	0	2920
JH56CNU	106	Picture	PrepTime	1526375	0	1	3009	2	0	2920
JH56CNU	107	Picture	2_18_Encoding_Working_Memory_MEG_P6_LR_Nonsalient_NoChange_CuedRetrieval_300_300_399_2200_3000_2050_gabor_patch_orientation_131_104_063_042_target_position_1_2_retrieval_position_2	1529551	0	1	1337	2	0	1250
JH56CNU	107	Picture	Flicker2	1530888	1337	1	1338	2	1250	1250
JH56CNU	107	Picture	Flicker3	1532226	2675	1	1337	2	2500	1250
JH56CNU	108	Picture	Delay	1533730	0	1	22065	2	0	21920
JH56CNU	109	Picture	2_18_Retrieval_Working_Memory_MEG_P6_LR_Nonsalient_NoChange_CuedRetrieval_retrieval_patch_orientation_104_retrieval_position_2	1555962	0	2	30089	3	0	29920
JH56CNU	109	Response	10	1566402	10440	4
JH56CNU	110	Picture	ITI	1586218	0	2	20561	3	0	20420
JH56CNU	111	Picture	CueingCross	1606946	0	2	3009	3	0	2920
JH56CNU	112	Picture	PrepTime	1610123	0	1	3008	2	0	2920
JH56CNU	113	Picture	2_19_Encoding_Working_Memory_MEG_P6_LR_Nonsalient_NoChange_UncuedRetriev_300_300_399_1950_3000_1900_gabor_patch_orientation_119_009_053_141_target_position_2_4_retrieval_position_3	1613299	0	1	1337	2	0	1250
JH56CNU	113	Picture	Flicker2	1614636	1337	1	1337	2	1250	1250
JH56CNU	113	Picture	Flicker3	1615973	2674	1	1337	3	2500	1250
JH56CNU	114	Picture	Delay	1617478	0	1	19557	2	0	19420
JH56CNU	115	Picture	2_19_Retrieval_Working_Memory_MEG_P6_LR_Nonsalient_NoChange_UncuedRetriev_retrieval_patch_orientation_053_retrieval_position_3	1637203	0	1	30089	2	0	29920
JH56CNU	115	Response	10	1660870	23667	3
JH56CNU	116	Picture	ITI	1667459	0	1	19056	2	0	18920
JH56CNU	117	Picture	CueingCross	1686682	0	1	3009	2	0	2920
JH56CNU	118	Picture	PrepTime	1689858	0	1	3009	2	0	2920
JH56CNU	119	Picture	2_20_Encoding_Working_Memory_MEG_P6_LR_Nonsalient_DoChange_CuedRetrieval_300_300_399_1750_3000_2300_gabor_patch_orientation_112_176_133_159_target_position_2_4_retrieval_position_4	1693034	0	2	1338	3	0	1250
JH56CNU	119	Picture	Flicker2	1694372	1338	1	1337	2	1250	1250
JH56CNU	119	Picture	Flicker3	1695709	2675	1	1337	2	2500	1250
JH56CNU	120	Picture	Delay	1697213	0	2	17552	3	0	17420
JH56CNU	121	Picture	2_20_Retrieval_Working_Memory_MEG_P6_LR_Nonsalient_DoChange_CuedRetrieval_retrieval_patch_orientation_022_retrieval_position_4	1714932	0	2	30089	3	0	29920
JH56CNU	121	Response	20	1727948	13016	3
JH56CNU	122	Picture	ITI	1745189	0	1	23068	2	0	22920
JH56CNU	123	Picture	CueingCross	1768424	0	1	3009	2	0	2920
JH56CNU	124	Picture	PrepTime	1771600	0	1	3009	2	0	2920
JH56CNU	125	Picture	2_21_Encoding_Working_Memory_MEG_P6_LR_Nonsalient_DoChange_CuedRetrieval_300_300_399_1850_3000_2150_gabor_patch_orientation_110_020_039_054_target_position_2_4_retrieval_position_2	1774776	0	1	1337	2	0	1250
JH56CNU	125	Picture	Flicker2	1776113	1337	1	1338	2	1250	1250
JH56CNU	125	Picture	Flicker3	1777451	2675	1	1337	2	2500	1250
JH56CNU	126	Picture	Delay	1778955	0	1	18555	2	0	18420
JH56CNU	127	Picture	2_21_Retrieval_Working_Memory_MEG_P6_LR_Nonsalient_DoChange_CuedRetrieval_retrieval_patch_orientation_070_retrieval_position_2	1797677	0	1	30089	2	0	29920
JH56CNU	127	Response	20	1807416	9739	3
JH56CNU	128	Picture	ITI	1827933	0	1	21564	3	0	21420
JH56CNU	129	Picture	CueingCross	1849664	0	1	3009	2	0	2920
JH56CNU	130	Picture	PrepTime	1852840	0	1	3009	2	0	2920
JH56CNU	131	Picture	2_22_Encoding_Working_Memory_MEG_P6_LR_Nonsalient_NoChange_CuedRetrieval_300_300_399_2250_3000_2150_gabor_patch_orientation_004_110_157_172_target_position_3_4_retrieval_position_4	1856016	0	2	1337	4	0	1250
JH56CNU	131	Picture	Flicker2	1857353	1337	2	1338	3	1250	1250
JH56CNU	131	Picture	Flicker3	1858691	2675	1	1337	2	2500	1250
JH56CNU	132	Picture	Delay	1860195	0	1	22567	2	0	22420
JH56CNU	133	Picture	2_22_Retrieval_Working_Memory_MEG_P6_LR_Nonsalient_NoChange_CuedRetrieval_retrieval_patch_orientation_172_retrieval_position_4	1882929	0	1	30089	2	0	29920
JH56CNU	133	Response	10	1893883	10954	5
JH56CNU	134	Picture	ITI	1913185	0	1	21564	2	0	21420
JH56CNU	135	Picture	CueingCross	1934916	0	1	3009	2	0	2920
JH56CNU	136	Picture	PrepTime	1938092	0	1	3009	2	0	2920
JH56CNU	137	Picture	2_23_Encoding_Working_Memory_MEG_P6_LR_Nonsalient_NoChange_CuedRetrieval_300_300_399_2150_3000_2100_gabor_patch_orientation_073_004_128_109_target_position_2_4_retrieval_position_2	1941268	0	1	1337	3	0	1250
JH56CNU	137	Picture	Flicker2	1942605	1337	2	1338	3	1250	1250
JH56CNU	137	Picture	Flicker3	1943943	2675	1	1337	2	2500	1250
JH56CNU	138	Picture	Delay	1945447	0	1	21564	2	0	21420
JH56CNU	139	Picture	2_23_Retrieval_Working_Memory_MEG_P6_LR_Nonsalient_NoChange_CuedRetrieval_retrieval_patch_orientation_004_retrieval_position_2	1967178	0	1	30089	2	0	29920
JH56CNU	139	Response	10	1978661	11483	4
JH56CNU	140	Picture	ITI	1997434	0	2	21062	4	0	20920
JH56CNU	141	Picture	CueingCross	2018664	0	1	3009	2	0	2920
JH56CNU	142	Picture	PrepTime	2021840	0	1	3009	2	0	2920
JH56CNU	143	Picture	2_24_Encoding_Working_Memory_MEG_P6_LR_Nonsalient_DoChange_CuedRetrieval_300_300_399_2250_3000_2450_gabor_patch_orientation_098_066_008_125_target_position_1_3_retrieval_position_1	2025016	0	1	1337	2	0	1250
JH56CNU	143	Picture	Flicker2	2026353	1337	1	1337	2	1250	1250
JH56CNU	143	Picture	Flicker3	2027690	2674	1	1338	2	2500	1250
JH56CNU	144	Picture	Delay	2029195	0	1	22566	3	0	22420
JH56CNU	145	Picture	2_24_Retrieval_Working_Memory_MEG_P6_LR_Nonsalient_DoChange_CuedRetrieval_retrieval_patch_orientation_049_retrieval_position_1	2051929	0	1	30089	2	0	29920
JH56CNU	145	Response	20	2063069	11140	4
JH56CNU	146	Picture	ITI	2082185	0	1	24572	3	0	24420
JH56CNU	147	Picture	CueingCross	2106925	0	1	3009	2	0	2920
JH56CNU	148	Picture	PrepTime	2110101	0	1	3009	2	0	2920
JH56CNU	149	Picture	2_25_Encoding_Working_Memory_MEG_P6_LR_Nonsalient_NoChange_CuedRetrieval_300_300_399_2150_3000_2150_gabor_patch_orientation_149_079_060_027_target_position_3_4_retrieval_position_4	2113277	0	1	1337	2	0	1250
JH56CNU	149	Picture	Flicker2	2114614	1337	1	1337	2	1250	1250
JH56CNU	149	Picture	Flicker3	2115951	2674	1	1338	2	2500	1250
JH56CNU	150	Picture	Delay	2117456	0	1	21563	3	0	21420
JH56CNU	151	Picture	2_25_Retrieval_Working_Memory_MEG_P6_LR_Nonsalient_NoChange_CuedRetrieval_retrieval_patch_orientation_027_retrieval_position_4	2139187	0	1	30089	2	0	29920
JH56CNU	151	Response	10	2148576	9389	4
JH56CNU	152	Picture	ITI	2169443	0	1	21564	2	0	21420
JH56CNU	153	Picture	CueingCross	2191174	0	1	3009	2	0	2920
JH56CNU	154	Picture	PrepTime	2194350	0	1	3009	2	0	2920
JH56CNU	155	Picture	2_26_Encoding_Working_Memory_MEG_P6_LR_Nonsalient_DoChange_CuedRetrieval_300_300_399_2050_3000_2600_gabor_patch_orientation_142_093_023_157_target_position_1_3_retrieval_position_3	2197526	0	1	1337	2	0	1250
JH56CNU	155	Picture	Flicker2	2198863	1337	1	1337	2	1250	1250
JH56CNU	155	Picture	Flicker3	2200200	2674	1	1338	2	2500	1250
JH56CNU	156	Picture	Delay	2201705	0	1	20561	2	0	20420
JH56CNU	157	Picture	2_26_Retrieval_Working_Memory_MEG_P6_LR_Nonsalient_DoChange_CuedRetrieval_retrieval_patch_orientation_071_retrieval_position_3	2222433	0	1	30089	2	0	29920
JH56CNU	157	Response	20	2237414	14981	4
JH56CNU	158	Picture	ITI	2252689	0	1	26077	2	0	25920
JH56CNU	159	Picture	CueingCross	2278933	0	1	3009	2	0	2920
JH56CNU	160	Picture	PrepTime	2282109	0	1	3009	2	0	2920
JH56CNU	161	Picture	2_27_Encoding_Working_Memory_MEG_P6_LR_Nonsalient_NoChange_UncuedRetriev_300_300_399_1750_3000_2200_gabor_patch_orientation_084_165_020_060_target_position_1_2_retrieval_position_4	2285285	0	2	1338	3	0	1250
JH56CNU	161	Picture	Flicker2	2286623	1338	1	1337	2	1250	1250
JH56CNU	161	Picture	Flicker3	2287960	2675	1	1337	2	2500	1250
JH56CNU	162	Picture	Delay	2289464	0	2	17552	3	0	17420
JH56CNU	163	Picture	2_27_Retrieval_Working_Memory_MEG_P6_LR_Nonsalient_NoChange_UncuedRetriev_retrieval_patch_orientation_060_retrieval_position_4	2307183	0	2	30089	3	0	29920
JH56CNU	163	Response	10	2332281	25098	4
JH56CNU	164	Picture	ITI	2337439	0	2	22066	3	0	21920
JH56CNU	165	Picture	CueingCross	2359672	0	1	3009	2	0	2920
JH56CNU	166	Picture	PrepTime	2362848	0	1	3009	2	0	2920
JH56CNU	167	Picture	2_28_Encoding_Working_Memory_MEG_P6_LR_Nonsalient_NoChange_CuedRetrieval_300_300_399_1850_3000_2200_gabor_patch_orientation_054_002_024_092_target_position_1_3_retrieval_position_3	2366024	0	1	1337	2	0	1250
JH56CNU	167	Picture	Flicker2	2367361	1337	1	1338	2	1250	1250
JH56CNU	167	Picture	Flicker3	2368699	2675	1	1337	2	2500	1250
JH56CNU	168	Picture	Delay	2370203	0	1	18555	2	0	18420
JH56CNU	169	Picture	2_28_Retrieval_Working_Memory_MEG_P6_LR_Nonsalient_NoChange_CuedRetrieval_retrieval_patch_orientation_024_retrieval_position_3	2388925	0	1	30089	2	0	29920
JH56CNU	169	Response	10	2398230	9305	3
JH56CNU	170	Picture	ITI	2419181	0	1	22065	2	0	21920
JH56CNU	171	Picture	CueingCross	2441414	0	1	3008	3	0	2920
JH56CNU	172	Picture	PrepTime	2444590	0	1	3008	3	0	2920
JH56CNU	173	Picture	2_29_Encoding_Working_Memory_MEG_P6_LR_Nonsalient_DoChange_CuedRetrieval_300_300_399_2100_3000_2000_gabor_patch_orientation_007_173_068_128_target_position_2_3_retrieval_position_2	2447766	0	1	1337	2	0	1250
JH56CNU	173	Picture	Flicker2	2449103	1337	1	1337	2	1250	1250
JH56CNU	173	Picture	Flicker3	2450440	2674	1	1337	3	2500	1250
JH56CNU	174	Picture	Delay	2451945	0	1	21062	2	0	20920
JH56CNU	175	Picture	2_29_Retrieval_Working_Memory_MEG_P6_LR_Nonsalient_DoChange_CuedRetrieval_retrieval_patch_orientation_038_retrieval_position_2	2473174	0	1	30089	2	0	29920
JH56CNU	175	Response	20	2482247	9073	4
JH56CNU	176	Picture	ITI	2503430	0	2	20060	3	0	19920
JH56CNU	177	Picture	CueingCross	2523657	0	1	3009	2	0	2920
JH56CNU	178	Picture	PrepTime	2526833	0	1	3009	2	0	2920
JH56CNU	179	Picture	2_30_Encoding_Working_Memory_MEG_P6_LR_Nonsalient_DoChange_CuedRetrieval_300_300_399_2250_3000_2400_gabor_patch_orientation_004_032_061_180_target_position_1_4_retrieval_position_1	2530009	0	1	1337	3	0	1250
JH56CNU	179	Picture	Flicker2	2531346	1337	2	1337	3	1250	1250
JH56CNU	179	Picture	Flicker3	2532683	2674	1	1338	2	2500	1250
JH56CNU	180	Picture	Delay	2534188	0	1	22567	2	0	22420
JH56CNU	181	Picture	2_30_Retrieval_Working_Memory_MEG_P6_LR_Nonsalient_DoChange_CuedRetrieval_retrieval_patch_orientation_143_retrieval_position_1	2556922	0	1	30089	2	0	29920
JH56CNU	181	Response	20	2566535	9613	4
JH56CNU	182	Picture	ITI	2587178	0	1	24071	2	0	23920
JH56CNU	183	Picture	CueingCross	2611416	0	1	3009	2	0	2920
JH56CNU	184	Picture	PrepTime	2614592	0	1	3009	2	0	2920
JH56CNU	185	Picture	2_31_Encoding_Working_Memory_MEG_P6_LR_Nonsalient_DoChange_CuedRetrieval_300_300_399_1900_3000_2150_gabor_patch_orientation_147_041_020_110_target_position_2_4_retrieval_position_2	2617768	0	1	1338	2	0	1250
JH56CNU	185	Picture	Flicker2	2619106	1338	1	1337	2	1250	1250
JH56CNU	185	Picture	Flicker3	2620443	2675	1	1337	2	2500	1250
JH56CNU	186	Picture	Delay	2621947	0	2	19057	3	0	18920
JH56CNU	187	Picture	2_31_Retrieval_Working_Memory_MEG_P6_LR_Nonsalient_DoChange_CuedRetrieval_retrieval_patch_orientation_178_retrieval_position_2	2641171	0	1	30089	2	0	29920
JH56CNU	187	Response	20	2652643	11472	3
JH56CNU	188	Picture	ITI	2671427	0	1	21564	2	0	21420
JH56CNU	189	Picture	CueingCross	2693158	0	1	3009	2	0	2920
JH56CNU	190	Picture	PrepTime	2696334	0	1	3009	2	0	2920
JH56CNU	191	Picture	2_32_Encoding_Working_Memory_MEG_P6_LR_Nonsalient_NoChange_UncuedRetriev_300_300_399_1900_3000_1950_gabor_patch_orientation_032_163_106_049_target_position_3_4_retrieval_position_1	2699510	0	1	1337	2	0	1250
JH56CNU	191	Picture	Flicker2	2700847	1337	1	1338	2	1250	1250
JH56CNU	191	Picture	Flicker3	2702185	2675	1	1337	2	2500	1250
JH56CNU	192	Picture	Delay	2703689	0	1	19056	2	0	18920
JH56CNU	193	Picture	2_32_Retrieval_Working_Memory_MEG_P6_LR_Nonsalient_NoChange_UncuedRetriev_retrieval_patch_orientation_032_retrieval_position_1	2722912	0	2	30089	4	0	29920
JH56CNU	193	Response	20	2738560	15648	4
JH56CNU	194	Picture	ITI	2753168	0	2	19558	4	0	19420
JH56CNU	195	Picture	CueingCross	2772894	0	1	3008	3	0	2920
JH56CNU	196	Picture	PrepTime	2776070	0	1	3008	3	0	2920
JH56CNU	197	Picture	2_33_Encoding_Working_Memory_MEG_P6_LR_Nonsalient_NoChange_CuedRetrieval_300_300_399_2100_3000_2050_gabor_patch_orientation_059_124_008_170_target_position_2_4_retrieval_position_4	2779246	0	1	1337	2	0	1250
JH56CNU	197	Picture	Flicker2	2780583	1337	1	1337	2	1250	1250
JH56CNU	197	Picture	Flicker3	2781920	2674	1	1338	2	2500	1250
JH56CNU	198	Picture	Delay	2783425	0	1	21062	2	0	20920
JH56CNU	199	Picture	2_33_Retrieval_Working_Memory_MEG_P6_LR_Nonsalient_NoChange_CuedRetrieval_retrieval_patch_orientation_170_retrieval_position_4	2804654	0	1	30089	3	0	29920
JH56CNU	199	Response	10	2824018	19364	3
JH56CNU	200	Picture	ITI	2834910	0	1	20561	2	0	20420
JH56CNU	201	Picture	CueingCross	2855638	0	1	3009	2	0	2920
JH56CNU	202	Picture	PrepTime	2858814	0	1	3009	2	0	2920
JH56CNU	203	Picture	2_34_Encoding_Working_Memory_MEG_P6_LR_Nonsalient_NoChange_CuedRetrieval_300_300_399_1850_3000_2600_gabor_patch_orientation_140_031_156_002_target_position_2_4_retrieval_position_4	2861990	0	2	1338	3	0	1250
JH56CNU	203	Picture	Flicker2	2863328	1338	1	1337	2	1250	1250
JH56CNU	203	Picture	Flicker3	2864665	2675	1	1337	2	2500	1250
JH56CNU	204	Picture	Delay	2866169	0	2	18555	3	0	18420
JH56CNU	205	Picture	2_34_Retrieval_Working_Memory_MEG_P6_LR_Nonsalient_NoChange_CuedRetrieval_retrieval_patch_orientation_002_retrieval_position_4	2884891	0	2	30089	3	0	29920
JH56CNU	205	Response	10	2894036	9145	3
JH56CNU	206	Picture	ITI	2915147	0	2	26078	3	0	25920
JH56CNU	207	Picture	CueingCross	2941392	0	1	3009	2	0	2920
JH56CNU	208	Picture	PrepTime	2944568	0	1	3009	2	0	2920
JH56CNU	209	Picture	2_35_Encoding_Working_Memory_MEG_P6_LR_Nonsalient_NoChange_CuedRetrieval_300_300_399_1850_3000_1900_gabor_patch_orientation_084_173_038_103_target_position_1_2_retrieval_position_2	2947744	0	1	1337	2	0	1250
JH56CNU	209	Picture	Flicker2	2949081	1337	1	1337	3	1250	1250
JH56CNU	209	Picture	Flicker3	2950418	2674	2	1338	3	2500	1250
JH56CNU	210	Picture	Delay	2951923	0	1	18555	2	0	18420
JH56CNU	211	Picture	2_35_Retrieval_Working_Memory_MEG_P6_LR_Nonsalient_NoChange_CuedRetrieval_retrieval_patch_orientation_173_retrieval_position_2	2970645	0	1	30089	2	0	29920
JH56CNU	211	Response	10	2996133	25488	5
JH56CNU	212	Picture	ITI	3000901	0	1	19056	2	0	18920
JH56CNU	213	Picture	CueingCross	3020124	0	2	3009	3	0	2920
JH56CNU	214	Picture	PrepTime	3023301	0	1	3008	3	0	2920
JH56CNU	215	Picture	2_36_Encoding_Working_Memory_MEG_P6_LR_Nonsalient_NoChange_CuedRetrieval_300_300_399_2150_3000_2400_gabor_patch_orientation_160_026_140_095_target_position_1_4_retrieval_position_4	3026477	0	1	1337	2	0	1250
JH56CNU	215	Picture	Flicker2	3027814	1337	1	1337	2	1250	1250
JH56CNU	215	Picture	Flicker3	3029151	2674	1	1337	3	2500	1250
JH56CNU	216	Picture	Delay	3030656	0	1	21563	2	0	21420
JH56CNU	217	Picture	2_36_Retrieval_Working_Memory_MEG_P6_LR_Nonsalient_NoChange_CuedRetrieval_retrieval_patch_orientation_095_retrieval_position_4	3052387	0	1	30088	3	0	29920
JH56CNU	217	Response	10	3063051	10664	4
JH56CNU	218	Picture	ITI	3082643	0	1	24071	2	0	23920
JH56CNU	219	Picture	CueingCross	3106881	0	1	3009	2	0	2920
JH56CNU	220	Picture	PrepTime	3110057	0	1	3009	2	0	2920
JH56CNU	221	Picture	2_37_Encoding_Working_Memory_MEG_P6_LR_Nonsalient_NoChange_CuedRetrieval_300_300_399_2100_3000_2100_gabor_patch_orientation_130_095_059_074_target_position_3_4_retrieval_position_4	3113233	0	1	1337	2	0	1250
JH56CNU	221	Picture	Flicker2	3114570	1337	1	1338	2	1250	1250
JH56CNU	221	Picture	Flicker3	3115908	2675	1	1337	2	2500	1250
JH56CNU	222	Picture	Delay	3117412	0	1	21062	2	0	20920
JH56CNU	223	Picture	2_37_Retrieval_Working_Memory_MEG_P6_LR_Nonsalient_NoChange_CuedRetrieval_retrieval_patch_orientation_074_retrieval_position_4	3138642	0	1	30088	3	0	29920
JH56CNU	223	Response	10	3146859	8217	4
JH56CNU	224	Picture	ITI	3168898	0	1	21062	2	0	20920
JH56CNU	225	Picture	CueingCross	3190127	0	1	3009	2	0	2920
JH56CNU	226	Picture	PrepTime	3193303	0	1	3009	2	0	2920
JH56CNU	227	Picture	2_38_Encoding_Working_Memory_MEG_P6_LR_Nonsalient_DoChange_UncuedRetriev_300_300_399_1800_3000_2000_gabor_patch_orientation_001_016_121_139_target_position_1_3_retrieval_position_4	3196479	0	1	1337	3	0	1250
JH56CNU	227	Picture	Flicker2	3197816	1337	2	1338	3	1250	1250
JH56CNU	227	Picture	Flicker3	3199154	2675	1	1337	2	2500	1250
JH56CNU	228	Picture	Delay	3200658	0	1	18054	2	0	17920
JH56CNU	229	Picture	2_38_Retrieval_Working_Memory_MEG_P6_LR_Nonsalient_DoChange_UncuedRetriev_retrieval_patch_orientation_089_retrieval_position_4	3218879	0	1	30089	2	0	29920
JH56CNU	229	Response	20	3232387	13508	3
JH56CNU	230	Picture	ITI	3249135	0	1	20059	2	0	19920
JH56CNU	231	Picture	CueingCross	3269361	0	2	3009	3	0	2920
JH56CNU	232	Picture	PrepTime	3272537	0	2	3009	3	0	2920
JH56CNU	233	Picture	2_39_Encoding_Working_Memory_MEG_P6_LR_Nonsalient_NoChange_CuedRetrieval_300_300_399_1950_3000_1900_gabor_patch_orientation_160_035_019_053_target_position_1_2_retrieval_position_2	3275713	0	2	1338	3	0	1250
JH56CNU	233	Picture	Flicker2	3277051	1338	1	1337	2	1250	1250
JH56CNU	233	Picture	Flicker3	3278388	2675	1	1337	2	2500	1250
JH56CNU	234	Picture	Delay	3279892	0	2	19558	3	0	19420
JH56CNU	235	Picture	2_39_Retrieval_Working_Memory_MEG_P6_LR_Nonsalient_NoChange_CuedRetrieval_retrieval_patch_orientation_035_retrieval_position_2	3299617	0	2	30089	4	0	29920
JH56CNU	235	Response	10	3309595	9978	3
JH56CNU	236	Picture	ITI	3329874	0	1	19056	2	0	18920
JH56CNU	237	Picture	CueingCross	3349097	0	1	3009	2	0	2920
JH56CNU	238	Picture	PrepTime	3352273	0	1	3009	2	0	2920
JH56CNU	239	Picture	2_40_Encoding_Working_Memory_MEG_P6_LR_Nonsalient_NoChange_CuedRetrieval_300_300_399_1950_3000_2000_gabor_patch_orientation_149_124_169_015_target_position_3_4_retrieval_position_3	3355449	0	1	1337	3	0	1250
JH56CNU	239	Picture	Flicker2	3356786	1337	2	1338	3	1250	1250
JH56CNU	239	Picture	Flicker3	3358124	2675	1	1337	2	2500	1250
JH56CNU	240	Picture	Delay	3359628	0	1	19558	2	0	19420
JH56CNU	241	Picture	2_40_Retrieval_Working_Memory_MEG_P6_LR_Nonsalient_NoChange_CuedRetrieval_retrieval_patch_orientation_169_retrieval_position_3	3379353	0	1	30089	2	0	29920
JH56CNU	241	Response	10	3389732	10379	4
JH56CNU	242	Picture	ITI	3409609	0	2	20060	3	0	19920
JH56CNU	243	Picture	CueingCross	3429836	0	1	3009	2	0	2920
JH56CNU	244	Picture	PrepTime	3433012	0	1	3009	2	0	2920
JH56CNU	245	Picture	2_41_Encoding_Working_Memory_MEG_P6_LR_Nonsalient_DoChange_UncuedRetriev_300_300_399_1750_3000_2300_gabor_patch_orientation_121_177_042_161_target_position_1_4_retrieval_position_3	3436188	0	1	1337	2	0	1250
JH56CNU	245	Picture	Flicker2	3437525	1337	1	1337	3	1250	1250
JH56CNU	245	Picture	Flicker3	3438862	2674	2	1338	3	2500	1250
JH56CNU	246	Picture	Delay	3440367	0	1	17552	2	0	17420
JH56CNU	247	Picture	2_41_Retrieval_Working_Memory_MEG_P6_LR_Nonsalient_DoChange_UncuedRetriev_retrieval_patch_orientation_087_retrieval_position_3	3458086	0	1	30089	2	0	29920
JH56CNU	247	Response	20	3485480	27394	3
JH56CNU	248	Picture	ITI	3488342	0	1	23068	2	0	22920
JH56CNU	249	Picture	CueingCross	3511577	0	2	3009	3	0	2920
JH56CNU	250	Picture	PrepTime	3514753	0	2	3009	4	0	2920
JH56CNU	251	Picture	2_42_Encoding_Working_Memory_MEG_P6_LR_Nonsalient_NoChange_CuedRetrieval_300_300_399_1950_3000_2400_gabor_patch_orientation_048_073_004_026_target_position_2_4_retrieval_position_4	3517930	0	1	1337	2	0	1250
JH56CNU	251	Picture	Flicker2	3519267	1337	1	1337	2	1250	1250
JH56CNU	251	Picture	Flicker3	3520604	2674	1	1337	3	2500	1250
JH56CNU	252	Picture	Delay	3522109	0	1	19557	3	0	19420
JH56CNU	253	Picture	2_42_Retrieval_Working_Memory_MEG_P6_LR_Nonsalient_NoChange_CuedRetrieval_retrieval_patch_orientation_026_retrieval_position_4	3541834	0	1	30089	2	0	29920
JH56CNU	253	Response	10	3549868	8034	4
JH56CNU	254	Picture	ITI	3572090	0	1	24071	2	0	23920
JH56CNU	255	Picture	CueingCross	3596328	0	1	3009	2	0	2920
JH56CNU	256	Picture	PrepTime	3599504	0	1	3009	2	0	2920
JH56CNU	257	Picture	2_43_Encoding_Working_Memory_MEG_P6_LR_Nonsalient_DoChange_CuedRetrieval_300_300_399_2200_3000_2500_gabor_patch_orientation_109_175_021_149_target_position_1_2_retrieval_position_1	3602680	0	1	1337	3	0	1250
JH56CNU	257	Picture	Flicker2	3604017	1337	2	1338	3	1250	1250
JH56CNU	257	Picture	Flicker3	3605355	2675	1	1337	2	2500	1250
JH56CNU	258	Picture	Delay	3606859	0	1	22065	2	0	21920
JH56CNU	259	Picture	2_43_Retrieval_Working_Memory_MEG_P6_LR_Nonsalient_DoChange_CuedRetrieval_retrieval_patch_orientation_061_retrieval_position_1	3629092	0	1	30088	3	0	29920
JH56CNU	260	Picture	ITI	3659348	0	1	25074	2	0	24920
JH56CNU	260	Response	20	3659615	267	4
JH56CNU	261	Picture	CueingCross	3684589	0	1	3009	2	0	2920
JH56CNU	262	Picture	PrepTime	3687765	0	1	3009	2	0	2920
JH56CNU	263	Picture	2_44_Encoding_Working_Memory_MEG_P6_LR_Nonsalient_NoChange_CuedRetrieval_300_300_399_1900_3000_2450_gabor_patch_orientation_010_147_040_083_target_position_1_4_retrieval_position_4	3690941	0	1	1337	2	0	1250
JH56CNU	263	Picture	Flicker2	3692278	1337	1	1338	2	1250	1250
JH56CNU	263	Picture	Flicker3	3693616	2675	1	1337	2	2500	1250
JH56CNU	264	Picture	Delay	3695120	0	1	19056	2	0	18920
JH56CNU	265	Picture	2_44_Retrieval_Working_Memory_MEG_P6_LR_Nonsalient_NoChange_CuedRetrieval_retrieval_patch_orientation_083_retrieval_position_4	3714344	0	1	30089	2	0	29920
JH56CNU	265	Response	10	3723273	8929	4
JH56CNU	266	Picture	ITI	3744600	0	1	24572	2	0	24420
JH56CNU	267	Picture	CueingCross	3769339	0	2	3009	4	0	2920
JH56CNU	268	Picture	PrepTime	3772516	0	1	3008	3	0	2920
JH56CNU	269	Picture	2_45_Encoding_Working_Memory_MEG_P6_LR_Nonsalient_NoChange_CuedRetrieval_300_300_399_2100_3000_2550_gabor_patch_orientation_135_172_008_064_target_position_1_4_retrieval_position_1	3775692	0	1	1337	2	0	1250
JH56CNU	269	Picture	Flicker2	3777029	1337	1	1337	2	1250	1250
JH56CNU	269	Picture	Flicker3	3778366	2674	1	1337	3	2500	1250
JH56CNU	270	Picture	Delay	3779871	0	1	21062	2	0	20920
JH56CNU	271	Picture	2_45_Retrieval_Working_Memory_MEG_P6_LR_Nonsalient_NoChange_CuedRetrieval_retrieval_patch_orientation_135_retrieval_position_1	3801100	0	1	30089	2	0	29920
JH56CNU	271	Response	10	3818121	17021	3
JH56CNU	272	Picture	ITI	3831356	0	1	25576	2	0	25420
JH56CNU	273	Picture	CueingCross	3857099	0	1	3009	2	0	2920
JH56CNU	274	Picture	PrepTime	3860275	0	1	3009	2	0	2920
JH56CNU	275	Picture	2_46_Encoding_Working_Memory_MEG_P6_LR_Nonsalient_DoChange_CuedRetrieval_300_300_399_1800_3000_2250_gabor_patch_orientation_073_133_158_096_target_position_1_2_retrieval_position_1	3863451	0	1	1337	2	0	1250
JH56CNU	275	Picture	Flicker2	3864788	1337	1	1338	2	1250	1250
JH56CNU	275	Picture	Flicker3	3866126	2675	1	1337	2	2500	1250
JH56CNU	276	Picture	Delay	3867630	0	1	18053	3	0	17920
JH56CNU	277	Picture	2_46_Retrieval_Working_Memory_MEG_P6_LR_Nonsalient_DoChange_CuedRetrieval_retrieval_patch_orientation_026_retrieval_position_1	3885851	0	1	30089	2	0	29920
JH56CNU	277	Response	20	3894509	8658	3
JH56CNU	278	Picture	ITI	3916107	0	1	22566	3	0	22420
JH56CNU	279	Picture	CueingCross	3938841	0	1	3008	3	0	2920
JH56CNU	280	Picture	PrepTime	3942017	0	1	3009	2	0	2920
JH56CNU	281	Picture	2_47_Encoding_Working_Memory_MEG_P6_LR_Nonsalient_DoChange_UncuedRetriev_300_300_399_1850_3000_2550_gabor_patch_orientation_070_136_095_008_target_position_2_3_retrieval_position_4	3945193	0	1	1337	2	0	1250
JH56CNU	281	Picture	Flicker2	3946530	1337	1	1337	2	1250	1250
JH56CNU	281	Picture	Flicker3	3947867	2674	1	1338	2	2500	1250
JH56CNU	282	Picture	Delay	3949372	0	1	18555	2	0	18420
JH56CNU	283	Picture	2_47_Retrieval_Working_Memory_MEG_P6_LR_Nonsalient_DoChange_UncuedRetriev_retrieval_patch_orientation_053_retrieval_position_4	3968094	0	1	30089	2	0	29920
JH56CNU	283	Response	20	3983116	15022	4
JH56CNU	284	Picture	ITI	3998350	0	1	25576	2	0	25420
JH56CNU	285	Picture	CueingCross	4024093	0	1	3009	2	0	2920
JH56CNU	286	Picture	PrepTime	4027269	0	1	3009	2	0	2920
JH56CNU	287	Picture	2_48_Encoding_Working_Memory_MEG_P6_LR_Nonsalient_DoChange_CuedRetrieval_300_300_399_2250_3000_2350_gabor_patch_orientation_062_103_170_151_target_position_3_4_retrieval_position_4	4030445	0	1	1337	2	0	1250
JH56CNU	287	Picture	Flicker2	4031782	1337	1	1337	2	1250	1250
JH56CNU	287	Picture	Flicker3	4033119	2674	1	1338	2	2500	1250
JH56CNU	288	Picture	Delay	4034624	0	1	22567	2	0	22420
JH56CNU	289	Picture	2_48_Retrieval_Working_Memory_MEG_P6_LR_Nonsalient_DoChange_CuedRetrieval_retrieval_patch_orientation_016_retrieval_position_4	4057358	0	1	30089	2	0	29920
JH56CNU	289	Response	20	4066604	9246	3
JH56CNU	290	Picture	ITI	4087614	0	1	23569	3	0	23420
JH56CNU	291	Picture	CueingCross	4111351	0	1	3009	2	0	2920
JH56CNU	292	Picture	PrepTime	4114527	0	1	3009	2	0	2920
JH56CNU	293	Picture	2_49_Encoding_Working_Memory_MEG_P6_LR_Nonsalient_DoChange_CuedRetrieval_300_300_399_1900_3000_2450_gabor_patch_orientation_154_068_048_015_target_position_1_3_retrieval_position_3	4117703	0	1	1337	2	0	1250
JH56CNU	293	Picture	Flicker2	4119040	1337	1	1337	2	1250	1250
JH56CNU	293	Picture	Flicker3	4120377	2674	1	1338	2	2500	1250
JH56CNU	294	Picture	Delay	4121882	0	1	19056	2	0	18920
JH56CNU	295	Picture	2_49_Retrieval_Working_Memory_MEG_P6_LR_Nonsalient_DoChange_CuedRetrieval_retrieval_patch_orientation_094_retrieval_position_3	4141105	0	2	30089	3	0	29920
JH56CNU	295	Response	20	4151001	9896	4
JH56CNU	296	Picture	ITI	4171361	0	2	24573	3	0	24420
JH56CNU	297	Picture	CueingCross	4196101	0	1	3009	2	0	2920
JH56CNU	298	Picture	PrepTime	4199277	0	2	3009	3	0	2920
JH56CNU	299	Picture	2_50_Encoding_Working_Memory_MEG_P6_LR_Nonsalient_NoChange_CuedRetrieval_300_300_399_1800_3000_2450_gabor_patch_orientation_006_121_038_086_target_position_3_4_retrieval_position_3	4202453	0	2	1338	3	0	1250
JH56CNU	299	Picture	Flicker2	4203791	1338	1	1337	2	1250	1250
JH56CNU	299	Picture	Flicker3	4205128	2675	1	1337	2	2500	1250
JH56CNU	300	Picture	Delay	4206632	0	2	18054	3	0	17920
JH56CNU	301	Picture	2_50_Retrieval_Working_Memory_MEG_P6_LR_Nonsalient_NoChange_CuedRetrieval_retrieval_patch_orientation_038_retrieval_position_3	4224853	0	1	30089	2	0	29920
JH56CNU	301	Response	10	4238249	13396	4
JH56CNU	302	Picture	ITI	4255109	0	1	24573	2	0	24420
JH56CNU	303	Picture	CueingCross	4279849	0	1	3009	2	0	2920
JH56CNU	304	Picture	PrepTime	4283025	0	1	3009	2	0	2920
JH56CNU	305	Picture	2_51_Encoding_Working_Memory_MEG_P6_LR_Nonsalient_DoChange_CuedRetrieval_300_300_399_2000_3000_2500_gabor_patch_orientation_117_175_089_038_target_position_1_2_retrieval_position_1	4286201	0	1	1337	2	0	1250
JH56CNU	305	Picture	Flicker2	4287538	1337	1	1338	2	1250	1250
JH56CNU	305	Picture	Flicker3	4288876	2675	1	1337	2	2500	1250
JH56CNU	306	Picture	Delay	4290380	0	1	20059	2	0	19920
JH56CNU	307	Picture	2_51_Retrieval_Working_Memory_MEG_P6_LR_Nonsalient_DoChange_CuedRetrieval_retrieval_patch_orientation_068_retrieval_position_1	4310606	0	2	30089	3	0	29920
JH56CNU	307	Response	20	4320337	9731	3
JH56CNU	308	Picture	ITI	4340862	0	2	25075	3	0	24920
JH56CNU	309	Picture	CueingCross	4366104	0	1	3009	2	0	2920
JH56CNU	310	Picture	PrepTime	4369280	0	1	3009	2	0	2920
JH56CNU	311	Picture	2_52_Encoding_Working_Memory_MEG_P6_LR_Nonsalient_DoChange_UncuedRetriev_300_300_399_1950_3000_2050_gabor_patch_orientation_142_092_068_028_target_position_2_4_retrieval_position_1	4372456	0	1	1337	2	0	1250
JH56CNU	311	Picture	Flicker2	4373793	1337	1	1338	2	1250	1250
JH56CNU	311	Picture	Flicker3	4375131	2675	1	1337	2	2500	1250
JH56CNU	312	Picture	Delay	4376635	0	1	19558	2	0	19420
JH56CNU	313	Picture	2_52_Retrieval_Working_Memory_MEG_P6_LR_Nonsalient_DoChange_UncuedRetriev_retrieval_patch_orientation_007_retrieval_position_1	4396360	0	1	30089	2	0	29920
JH56CNU	313	Response	20	4412434	16074	4
JH56CNU	314	Picture	ITI	4426616	0	1	20561	2	0	20420
JH56CNU	315	Picture	CueingCross	4447344	0	1	3009	2	0	2920
JH56CNU	316	Picture	PrepTime	4450520	0	1	3009	2	0	2920
JH56CNU	317	Picture	2_53_Encoding_Working_Memory_MEG_P6_LR_Nonsalient_NoChange_CuedRetrieval_300_300_399_1800_3000_2350_gabor_patch_orientation_162_128_039_144_target_position_2_4_retrieval_position_4	4453696	0	1	1337	3	0	1250
JH56CNU	317	Picture	Flicker2	4455033	1337	2	1338	3	1250	1250
JH56CNU	317	Picture	Flicker3	4456371	2675	1	1337	2	2500	1250
JH56CNU	318	Picture	Delay	4457875	0	1	18054	2	0	17920
JH56CNU	319	Picture	2_53_Retrieval_Working_Memory_MEG_P6_LR_Nonsalient_NoChange_CuedRetrieval_retrieval_patch_orientation_144_retrieval_position_4	4476096	0	1	30089	2	0	29920
JH56CNU	319	Response	10	4484382	8286	4
JH56CNU	320	Picture	ITI	4506352	0	1	23569	3	0	23420
JH56CNU	321	Picture	CueingCross	4530089	0	1	3009	2	0	2920
JH56CNU	322	Picture	PrepTime	4533265	0	1	3009	2	0	2920
JH56CNU	323	Picture	2_54_Encoding_Working_Memory_MEG_P6_LR_Nonsalient_DoChange_CuedRetrieval_300_300_399_1800_3000_1950_gabor_patch_orientation_177_133_025_007_target_position_2_4_retrieval_position_2	4536441	0	1	1337	2	0	1250
JH56CNU	323	Picture	Flicker2	4537778	1337	1	1337	2	1250	1250
JH56CNU	323	Picture	Flicker3	4539115	2674	1	1338	2	2500	1250
JH56CNU	324	Picture	Delay	4540620	0	1	18053	2	0	17920
JH56CNU	325	Picture	2_54_Retrieval_Working_Memory_MEG_P6_LR_Nonsalient_DoChange_CuedRetrieval_retrieval_patch_orientation_087_retrieval_position_2	4558840	0	2	30089	3	0	29920
JH56CNU	325	Response	20	4568880	10040	4
JH56CNU	326	Picture	ITI	4589096	0	2	19558	3	0	19420
JH56CNU	327	Picture	CueingCross	4608821	0	2	3009	3	0	2920
JH56CNU	328	Picture	PrepTime	4611997	0	2	3009	3	0	2920
JH56CNU	329	Picture	2_55_Encoding_Working_Memory_MEG_P6_LR_Nonsalient_NoChange_UncuedRetriev_300_300_399_2150_3000_2100_gabor_patch_orientation_153_131_096_116_target_position_3_4_retrieval_position_2	4615173	0	2	1338	3	0	1250
JH56CNU	329	Picture	Flicker2	4616511	1338	1	1337	2	1250	1250
JH56CNU	329	Picture	Flicker3	4617848	2675	1	1337	2	2500	1250
JH56CNU	330	Picture	Delay	4619353	0	1	21563	2	0	21420
JH56CNU	331	Picture	2_55_Retrieval_Working_Memory_MEG_P6_LR_Nonsalient_NoChange_UncuedRetriev_retrieval_patch_orientation_131_retrieval_position_2	4641083	0	2	30089	3	0	29920
JH56CNU	331	Response	10	4657048	15965	3
JH56CNU	332	Picture	ITI	4671340	0	1	21062	2	0	20920
JH56CNU	333	Picture	CueingCross	4692569	0	1	3009	2	0	2920
JH56CNU	334	Picture	PrepTime	4695745	0	1	3009	2	0	2920
JH56CNU	335	Picture	2_56_Encoding_Working_Memory_MEG_P6_LR_Nonsalient_DoChange_CuedRetrieval_300_300_399_1900_3000_2350_gabor_patch_orientation_101_081_155_040_target_position_1_2_retrieval_position_2	4698921	0	1	1337	3	0	1250
JH56CNU	335	Picture	Flicker2	4700258	1337	2	1338	3	1250	1250
JH56CNU	335	Picture	Flicker3	4701596	2675	1	1337	2	2500	1250
JH56CNU	336	Picture	Delay	4703100	0	1	19056	3	0	18920
JH56CNU	337	Picture	2_56_Retrieval_Working_Memory_MEG_P6_LR_Nonsalient_DoChange_CuedRetrieval_retrieval_patch_orientation_126_retrieval_position_2	4722324	0	1	30089	2	0	29920
JH56CNU	337	Response	20	4733615	11291	4
JH56CNU	338	Picture	ITI	4752580	0	1	23569	3	0	23420
JH56CNU	339	Picture	CueingCross	4776317	0	1	3008	3	0	2920
JH56CNU	340	Picture	PrepTime	4779493	0	1	3009	2	0	2920
JH56CNU	341	Picture	2_57_Encoding_Working_Memory_MEG_P6_LR_Nonsalient_NoChange_CuedRetrieval_300_300_399_2250_3000_2300_gabor_patch_orientation_100_154_085_125_target_position_1_3_retrieval_position_3	4782669	0	1	1337	2	0	1250
JH56CNU	341	Picture	Flicker2	4784006	1337	1	1337	2	1250	1250
JH56CNU	341	Picture	Flicker3	4785343	2674	1	1338	2	2500	1250
JH56CNU	342	Picture	Delay	4786848	0	1	22566	3	0	22420
JH56CNU	343	Picture	2_57_Retrieval_Working_Memory_MEG_P6_LR_Nonsalient_NoChange_CuedRetrieval_retrieval_patch_orientation_085_retrieval_position_3	4809582	0	1	30089	2	0	29920
JH56CNU	343	Response	10	4817873	8291	4
JH56CNU	344	Picture	ITI	4839838	0	1	23068	2	0	22920
JH56CNU	345	Picture	CueingCross	4863073	0	1	3009	2	0	2920
JH56CNU	346	Picture	PrepTime	4866249	0	1	3009	2	0	2920
JH56CNU	347	Picture	2_58_Encoding_Working_Memory_MEG_P6_LR_Nonsalient_DoChange_CuedRetrieval_300_300_399_2050_3000_2050_gabor_patch_orientation_064_179_091_037_target_position_1_3_retrieval_position_1	4869425	0	1	1337	3	0	1250
JH56CNU	347	Picture	Flicker2	4870762	1337	2	1338	3	1250	1250
JH56CNU	347	Picture	Flicker3	4872100	2675	1	1337	2	2500	1250
JH56CNU	348	Picture	Delay	4873604	0	1	20561	2	0	20420
JH56CNU	349	Picture	2_58_Retrieval_Working_Memory_MEG_P6_LR_Nonsalient_DoChange_CuedRetrieval_retrieval_patch_orientation_112_retrieval_position_1	4894332	0	1	30089	2	0	29920
JH56CNU	349	Response	20	4910361	16029	3
JH56CNU	350	Picture	ITI	4924588	0	2	20561	3	0	20420
JH56CNU	351	Picture	CueingCross	4945316	0	1	3009	2	0	2920
JH56CNU	352	Picture	PrepTime	4948492	0	2	3009	3	0	2920
JH56CNU	353	Picture	2_59_Encoding_Working_Memory_MEG_P6_LR_Nonsalient_DoChange_UncuedRetriev_300_300_399_1750_3000_2000_gabor_patch_orientation_001_117_085_037_target_position_1_4_retrieval_position_2	4951668	0	2	1338	3	0	1250
JH56CNU	353	Picture	Flicker2	4953006	1338	1	1337	2	1250	1250
JH56CNU	353	Picture	Flicker3	4954343	2675	1	1337	2	2500	1250
JH56CNU	354	Picture	Delay	4955847	0	2	17552	3	0	17420
JH56CNU	355	Picture	2_59_Retrieval_Working_Memory_MEG_P6_LR_Nonsalient_DoChange_UncuedRetriev_retrieval_patch_orientation_162_retrieval_position_2	4973566	0	2	30089	3	0	29920
JH56CNU	355	Response	20	4991298	17732	4
JH56CNU	356	Picture	ITI	5003822	0	2	20060	3	0	19920
JH56CNU	357	Picture	CueingCross	5024049	0	1	3008	3	0	2920
JH56CNU	358	Picture	PrepTime	5027225	0	1	3009	2	0	2920
JH56CNU	359	Picture	2_60_Encoding_Working_Memory_MEG_P6_LR_Nonsalient_NoChange_CuedRetrieval_300_300_399_1850_3000_2500_gabor_patch_orientation_006_143_062_175_target_position_1_2_retrieval_position_2	5030401	0	1	1337	2	0	1250
JH56CNU	359	Picture	Flicker2	5031738	1337	1	1338	2	1250	1250
JH56CNU	359	Picture	Flicker3	5033076	2675	1	1337	2	2500	1250
JH56CNU	360	Picture	Delay	5034580	0	1	18555	2	0	18420
JH56CNU	361	Picture	2_60_Retrieval_Working_Memory_MEG_P6_LR_Nonsalient_NoChange_CuedRetrieval_retrieval_patch_orientation_143_retrieval_position_2	5053302	0	1	30089	2	0	29920
JH56CNU	361	Response	10	5065316	12014	4
JH56CNU	362	Picture	ITI	5083558	0	2	25074	4	0	24920
JH56CNU	363	Picture	CueingCross	5108800	0	1	3008	3	0	2920
JH56CNU	364	Picture	PrepTime	5111976	0	1	3009	2	0	2920
JH56CNU	365	Picture	2_61_Encoding_Working_Memory_MEG_P6_LR_Nonsalient_DoChange_CuedRetrieval_300_300_399_2200_3000_2350_gabor_patch_orientation_058_178_099_034_target_position_1_4_retrieval_position_1	5115151	0	2	1338	3	0	1250
JH56CNU	365	Picture	Flicker2	5116489	1338	1	1337	2	1250	1250
JH56CNU	365	Picture	Flicker3	5117826	2675	1	1338	2	2500	1250
JH56CNU	366	Picture	Delay	5119331	0	1	22065	2	0	21920
JH56CNU	367	Picture	2_61_Retrieval_Working_Memory_MEG_P6_LR_Nonsalient_DoChange_CuedRetrieval_retrieval_patch_orientation_012_retrieval_position_1	5141563	0	1	30089	2	0	29920
JH56CNU	367	Response	20	5165834	24271	3
JH56CNU	368	Picture	ITI	5171819	0	1	23570	2	0	23420
JH56CNU	369	Picture	CueingCross	5195556	0	1	3009	2	0	2920
JH56CNU	370	Picture	PrepTime	5198732	0	1	3009	2	0	2920
JH56CNU	371	Picture	2_62_Encoding_Working_Memory_MEG_P6_LR_Nonsalient_DoChange_CuedRetrieval_300_300_399_2050_3000_1900_gabor_patch_orientation_066_109_046_002_target_position_1_2_retrieval_position_2	5201908	0	1	1337	3	0	1250
JH56CNU	371	Picture	Flicker2	5203245	1337	2	1338	3	1250	1250
JH56CNU	371	Picture	Flicker3	5204583	2675	1	1337	2	2500	1250
JH56CNU	372	Picture	Delay	5206087	0	1	20561	2	0	20420
JH56CNU	373	Picture	2_62_Retrieval_Working_Memory_MEG_P6_LR_Nonsalient_DoChange_CuedRetrieval_retrieval_patch_orientation_155_retrieval_position_2	5226815	0	1	30089	2	0	29920
JH56CNU	373	Response	20	5236852	10037	3
JH56CNU	374	Picture	ITI	5257071	0	2	19057	3	0	18920
JH56CNU	375	Picture	CueingCross	5276295	0	1	3009	2	0	2920
JH56CNU	376	Picture	PrepTime	5279471	0	1	3009	2	0	2920
JH56CNU	377	Picture	2_63_Encoding_Working_Memory_MEG_P6_LR_Nonsalient_DoChange_CuedRetrieval_300_300_399_2000_3000_2600_gabor_patch_orientation_098_035_150_175_target_position_1_3_retrieval_position_3	5282647	0	1	1337	2	0	1250
JH56CNU	377	Picture	Flicker2	5283984	1337	1	1337	3	1250	1250
JH56CNU	377	Picture	Flicker3	5285321	2674	2	1338	3	2500	1250
JH56CNU	378	Picture	Delay	5286826	0	1	20059	2	0	19920
JH56CNU	379	Picture	2_63_Retrieval_Working_Memory_MEG_P6_LR_Nonsalient_DoChange_CuedRetrieval_retrieval_patch_orientation_011_retrieval_position_3	5307052	0	2	30089	3	0	29920
JH56CNU	379	Response	20	5315569	8517	4
JH56CNU	380	Picture	ITI	5337308	0	2	26078	3	0	25920
JH56CNU	381	Picture	CueingCross	5363553	0	1	3009	2	0	2920
JH56CNU	382	Picture	PrepTime	5366729	0	1	3009	2	0	2920
JH56CNU	383	Picture	2_64_Encoding_Working_Memory_MEG_P6_LR_Nonsalient_DoChange_UncuedRetriev_300_300_399_2100_3000_1950_gabor_patch_orientation_132_109_003_049_target_position_2_4_retrieval_position_1	5369905	0	1	1337	2	0	1250
JH56CNU	383	Picture	Flicker2	5371242	1337	1	1337	3	1250	1250
JH56CNU	383	Picture	Flicker3	5372579	2674	2	1338	3	2500	1250
JH56CNU	384	Picture	Delay	5374084	0	1	21062	2	0	20920
JH56CNU	385	Picture	2_64_Retrieval_Working_Memory_MEG_P6_LR_Nonsalient_DoChange_UncuedRetriev_retrieval_patch_orientation_180_retrieval_position_1	5395313	0	2	30089	3	0	29920
JH56CNU	385	Response	20	5410727	15414	3
JH56CNU	386	Picture	ITI	5425569	0	2	19558	3	0	19420
JH56CNU	387	Picture	CueingCross	5445294	0	2	3009	3	0	2920
JH56CNU	388	Picture	PrepTime	5448470	0	2	3009	3	0	2920
JH56CNU	389	Picture	2_65_Encoding_Working_Memory_MEG_P6_LR_Nonsalient_NoChange_CuedRetrieval_300_300_399_2200_3000_2300_gabor_patch_orientation_170_128_085_147_target_position_1_4_retrieval_position_4	5451646	0	2	1338	3	0	1250
JH56CNU	389	Picture	Flicker2	5452984	1338	1	1337	2	1250	1250
JH56CNU	389	Picture	Flicker3	5454321	2675	1	1337	2	2500	1250
JH56CNU	390	Picture	Delay	5455826	0	1	22065	2	0	21920
JH56CNU	391	Picture	2_65_Retrieval_Working_Memory_MEG_P6_LR_Nonsalient_NoChange_CuedRetrieval_retrieval_patch_orientation_147_retrieval_position_4	5478058	0	1	30089	2	0	29920
JH56CNU	391	Response	10	5490845	12787	3
JH56CNU	392	Picture	ITI	5508314	0	1	23068	2	0	22920
JH56CNU	393	Picture	CueingCross	5531549	0	2	3009	3	0	2920
JH56CNU	394	Picture	PrepTime	5534725	0	2	3009	3	0	2920
JH56CNU	395	Picture	2_66_Encoding_Working_Memory_MEG_P6_LR_Nonsalient_DoChange_CuedRetrieval_300_300_399_1750_3000_2350_gabor_patch_orientation_116_131_172_001_target_position_1_2_retrieval_position_2	5537901	0	2	1338	3	0	1250
JH56CNU	395	Picture	Flicker2	5539239	1338	1	1337	2	1250	1250
JH56CNU	395	Picture	Flicker3	5540576	2675	1	1337	2	2500	1250
JH56CNU	396	Picture	Delay	5542081	0	1	17551	3	0	17420
JH56CNU	397	Picture	2_66_Retrieval_Working_Memory_MEG_P6_LR_Nonsalient_DoChange_CuedRetrieval_retrieval_patch_orientation_082_retrieval_position_2	5559800	0	1	30089	2	0	29920
JH56CNU	397	Response	20	5570362	10562	4
JH56CNU	398	Picture	ITI	5590056	0	1	23569	2	0	23420
JH56CNU	399	Picture	CueingCross	5613793	0	1	3008	3	0	2920
JH56CNU	400	Picture	PrepTime	5616969	0	1	3009	2	0	2920
JH56CNU	401	Picture	2_67_Encoding_Working_Memory_MEG_P6_LR_Nonsalient_DoChange_CuedRetrieval_300_300_399_1900_3000_2100_gabor_patch_orientation_159_136_114_099_target_position_1_3_retrieval_position_3	5620145	0	1	1337	2	0	1250
JH56CNU	401	Picture	Flicker2	5621482	1337	1	1337	2	1250	1250
JH56CNU	401	Picture	Flicker3	5622819	2674	1	1338	2	2500	1250
JH56CNU	402	Picture	Delay	5624324	0	1	19056	2	0	18920
JH56CNU	403	Picture	2_67_Retrieval_Working_Memory_MEG_P6_LR_Nonsalient_DoChange_CuedRetrieval_retrieval_patch_orientation_069_retrieval_position_3	5643547	0	1	30089	2	0	29920
JH56CNU	403	Response	20	5651770	8223	4
JH56CNU	404	Picture	ITI	5673803	0	2	21063	3	0	20920
JH56CNU	405	Picture	CueingCross	5695033	0	1	3009	2	0	2920
JH56CNU	406	Picture	PrepTime	5698209	0	1	3009	2	0	2920
JH56CNU	407	Picture	2_68_Encoding_Working_Memory_MEG_P6_LR_Nonsalient_DoChange_CuedRetrieval_300_300_399_2200_3000_2200_gabor_patch_orientation_143_029_053_073_target_position_2_4_retrieval_position_4	5701385	0	1	1337	2	0	1250
JH56CNU	407	Picture	Flicker2	5702722	1337	1	1337	3	1250	1250
JH56CNU	407	Picture	Flicker3	5704059	2674	2	1338	3	2500	1250
JH56CNU	408	Picture	Delay	5705564	0	1	22065	2	0	21920
JH56CNU	409	Picture	2_68_Retrieval_Working_Memory_MEG_P6_LR_Nonsalient_DoChange_CuedRetrieval_retrieval_patch_orientation_118_retrieval_position_4	5727796	0	1	30089	2	0	29920
JH56CNU	409	Response	20	5735958	8162	4
JH56CNU	410	Picture	ITI	5758052	0	2	22066	3	0	21920
JH56CNU	411	Picture	CueingCross	5780285	0	1	3009	2	0	2920
JH56CNU	412	Picture	PrepTime	5783461	0	1	3009	2	0	2920
JH56CNU	413	Picture	2_69_Encoding_Working_Memory_MEG_P6_LR_Nonsalient_NoChange_UncuedRetriev_300_300_399_2000_3000_2600_gabor_patch_orientation_031_004_110_160_target_position_2_4_retrieval_position_1	5786637	0	1	1337	2	0	1250
JH56CNU	413	Picture	Flicker2	5787974	1337	1	1337	3	1250	1250
JH56CNU	413	Picture	Flicker3	5789311	2674	2	1338	3	2500	1250
JH56CNU	414	Picture	Delay	5790816	0	1	20059	2	0	19920
JH56CNU	415	Picture	2_69_Retrieval_Working_Memory_MEG_P6_LR_Nonsalient_NoChange_UncuedRetriev_retrieval_patch_orientation_031_retrieval_position_1	5811042	0	2	30089	3	0	29920
JH56CNU	415	Response	20	5831165	20123	4
JH56CNU	416	Picture	ITI	5841298	0	2	26078	3	0	25920
JH56CNU	417	Picture	CueingCross	5867543	0	1	3009	2	0	2920
JH56CNU	418	Picture	PrepTime	5870719	0	1	3009	2	0	2920
JH56CNU	419	Picture	2_70_Encoding_Working_Memory_MEG_P6_LR_Nonsalient_DoChange_CuedRetrieval_300_300_399_2050_3000_2400_gabor_patch_orientation_157_042_094_069_target_position_1_4_retrieval_position_1	5873895	0	1	1337	2	0	1250
JH56CNU	419	Picture	Flicker2	5875232	1337	1	1337	3	1250	1250
JH56CNU	419	Picture	Flicker3	5876569	2674	2	1338	3	2500	1250
JH56CNU	420	Picture	Delay	5878074	0	1	20561	2	0	20420
JH56CNU	421	Picture	2_70_Retrieval_Working_Memory_MEG_P6_LR_Nonsalient_DoChange_CuedRetrieval_retrieval_patch_orientation_112_retrieval_position_1	5898802	0	1	30089	2	0	29920
JH56CNU	421	Response	10	5914833	16031	4
JH56CNU	422	Picture	ITI	5929058	0	1	24071	2	0	23920
JH56CNU	423	Picture	BaselinePost	5953296	0	2	50149	3	0	50000
