Scenario - ATWM1_Working_Memory_MEG_salient_cued_instruction
Logfile written - 04/06/2016 14:41:35

Subject	Trial	Event Type	Code	Time	TTime	Uncertainty	Duration	Uncertainty	ReqTime	ReqDur

JH56CNU	1	Picture	Instruction_S_C	29	0	1	100129	2	0	100000
JH56CNU	2	Picture	Instruction2	100325	0	2	100130	3	0	100000
JH56CNU	3	Picture	Instruction3	200622	0	1	14543	2	0	resp
JH56CNU	3	Response	10	215104	14482	3
JH56CNU	4	Picture	Instruction4	235224	0	1	8525	3	0	resp
JH56CNU	4	Response	20	243723	8499	4
JH56CNU	5	Picture	Instruction5	263809	0	1	3510	2	0	resp
JH56CNU	5	Response	10	267152	3343	4
JH56CNU	6	Picture	Instruction4	287211	0	1	2842	2	0	resp
JH56CNU	6	Response	20	289902	2691	3
JH56CNU	7	Picture	Instruction3	309945	0	1	5015	2	0	resp
JH56CNU	7	Response	10	314811	4866	4
JH56CNU	8	Picture	Instruction4	334852	0	1	3176	2	0	resp
JH56CNU	8	Response	20	337900	3048	4
JH56CNU	9	Picture	Instruction_S_C_TestTrials	357920	0	1	100130	2	0	100000
JH56CNU	10	Picture	BaselinePre	458217	0	1	20059	2	0	20000
JH56CNU	11	Picture	CueingCross	478443	0	2	3009	3	0	2920
JH56CNU	12	Picture	PrepTime	481619	0	2	3009	3	0	2920
JH56CNU	13	Picture	2_1_Encoding_Working_Memory_MEG_P6_LR_Salient_DoChange_CuedRetrieval_300_300_399_1850_3000_1950_gabor_patch_orientation_054_089_005_163_target_position_3_4_retrieval_position_4	484795	0	2	1338	3	0	1250
JH56CNU	13	Picture	Flicker2	486133	1338	1	1337	2	1250	1250
JH56CNU	13	Picture	Flicker3	487470	2675	1	1337	2	2500	1250
JH56CNU	14	Picture	Delay	488974	0	2	18555	3	0	18420
JH56CNU	15	Picture	2_1_Retrieval_Working_Memory_MEG_P6_LR_Salient_DoChange_CuedRetrieval_retrieval_patch_orientation_023_retrieval_position_4	507697	0	1	30088	3	0	29920
JH56CNU	15	Response	20	517876	10179	3
JH56CNU	16	Picture	ITI	557845	0	1	19558	2	0	19420
JH56CNU	17	Picture	CueingCross	577570	0	1	3009	2	0	2920
JH56CNU	18	Picture	PrepTime	580746	0	1	3009	2	0	2920
JH56CNU	19	Picture	2_2_Encoding_Working_Memory_MEG_P6_LR_Salient_NoChange_CuedRetrieval_300_300_399_1900_3000_2000_gabor_patch_orientation_020_076_003_163_target_position_1_2_retrieval_position_2	583922	0	1	1337	2	0	1250
JH56CNU	19	Picture	Flicker2	585259	1337	1	1337	3	1250	1250
JH56CNU	19	Picture	Flicker3	586596	2674	2	1338	3	2500	1250
JH56CNU	20	Picture	Delay	588101	0	1	19056	2	0	18920
JH56CNU	21	Picture	2_2_Retrieval_Working_Memory_MEG_P6_LR_Salient_NoChange_CuedRetrieval_retrieval_patch_orientation_076_retrieval_position_2	607324	0	2	30089	3	0	29920
JH56CNU	21	Response	10	630362	23038	4
JH56CNU	22	Picture	ITI	657473	0	1	20059	2	0	19920
JH56CNU	23	Picture	CueingCross	677699	0	1	3009	2	0	2920
JH56CNU	24	Picture	PrepTime	680875	0	1	3009	2	0	2920
JH56CNU	25	Picture	2_3_Encoding_Working_Memory_MEG_P6_LR_Salient_NoChange_CuedRetrieval_300_300_399_1750_3000_2050_gabor_patch_orientation_083_122_066_102_target_position_2_4_retrieval_position_4	684051	0	1	1338	2	0	1250
JH56CNU	25	Picture	Flicker2	685389	1338	1	1337	2	1250	1250
JH56CNU	25	Picture	Flicker3	686726	2675	1	1337	2	2500	1250
JH56CNU	26	Picture	Delay	688230	0	1	17552	2	0	17420
JH56CNU	27	Picture	2_3_Retrieval_Working_Memory_MEG_P6_LR_Salient_NoChange_CuedRetrieval_retrieval_patch_orientation_102_retrieval_position_4	705949	0	2	30089	3	0	29920
JH56CNU	27	Response	10	716660	10711	4
JH56CNU	28	Picture	ITI	756098	0	1	20560	2	0	20420
JH56CNU	29	Picture	CueingCross	776825	0	2	3009	3	0	2920
JH56CNU	30	Picture	PrepTime	780002	0	1	3008	3	0	2920
JH56CNU	31	Picture	2_4_Encoding_Working_Memory_MEG_P6_LR_Salient_DoChange_CuedRetrieval_300_300_399_1800_3000_1900_gabor_patch_orientation_155_090_027_174_target_position_2_4_retrieval_position_2	783178	0	1	1337	2	0	1250
JH56CNU	31	Picture	Flicker2	784515	1337	1	1337	2	1250	1250
JH56CNU	31	Picture	Flicker3	785852	2674	1	1337	3	2500	1250
JH56CNU	32	Picture	Delay	787357	0	1	18053	2	0	17920
JH56CNU	33	Picture	2_4_Retrieval_Working_Memory_MEG_P6_LR_Salient_DoChange_CuedRetrieval_retrieval_patch_orientation_136_retrieval_position_2	805577	0	1	30089	2	0	29920
JH56CNU	33	Response	20	815177	9600	4
JH56CNU	34	Picture	ITI	855725	0	2	19057	3	0	18920
JH56CNU	35	Picture	BaselinePost	874949	0	1	20059	2	0	20000
JH56CNU	36	Picture	Instruction_S_C	895175	0	1	50149	2	0	50000
