Scenario - ATWM1_Working_Memory_MEG_salient_uncued_instruction
Logfile written - 02/16/2016 16:03:28

Subject	Trial	Event Type	Code	Time	TTime	Uncertainty	Duration	Uncertainty	ReqTime	ReqDur

MG36HRX	1	Picture	Instruction_S_UC	29	0	1	100131	2	0	100000
MG36HRX	2	Picture	Instruction2	100327	0	1	100131	3	0	100000
MG36HRX	3	Picture	Instruction3	200626	0	1	16716	2	0	resp
MG36HRX	3	Response	10	217218	16592	4
MG36HRX	4	Picture	Instruction4	237402	0	1	5850	3	0	resp
MG36HRX	4	Response	20	243188	5786	3
MG36HRX	5	Picture	Instruction5	263312	0	1	2842	2	0	resp
MG36HRX	5	Response	10	266047	2735	4
MG36HRX	6	Picture	Instruction4	286213	0	2	2675	3	0	resp
MG36HRX	6	Response	20	288747	2534	4
MG36HRX	7	Picture	Instruction3	308781	0	1	3677	2	0	resp
MG36HRX	7	Response	10	312417	3636	3
MG36HRX	8	Picture	Instruction4	332518	0	1	3343	2	0	resp
MG36HRX	8	Response	20	335837	3319	3
MG36HRX	9	Picture	Instruction_S_UC_TestTrials	355921	0	1	100131	2	0	100000
MG36HRX	10	Picture	BaselinePre	456219	0	1	20060	2	0	20000
MG36HRX	11	Picture	CueingCross	476446	0	2	3009	3	0	2920
MG36HRX	12	Picture	PrepTime	479622	0	1	3009	2	0	2920
MG36HRX	13	Picture	2_1_Encoding_Working_Memory_MEG_P4_LR_Salient_NoChange_CuedRetrieval_300_300_399_1800_3000_2050_gabor_patch_orientation_037_078_061_019_target_position_2_4_retrieval_position_2	482798	0	1	1337	2	0	1250
MG36HRX	13	Picture	Flicker2	484135	1337	1	1338	2	1250	1250
MG36HRX	13	Picture	Flicker3	485473	2675	1	1337	2	2500	1250
MG36HRX	14	Picture	Delay	486977	0	1	18054	2	0	17920
MG36HRX	15	Picture	2_1_Retrieval_Working_Memory_MEG_P4_LR_Salient_NoChange_CuedRetrieval_retrieval_patch_orientation_078_retrieval_position_2	505198	0	1	30089	3	0	29920
MG36HRX	15	Response	10	517345	12147	3
MG36HRX	16	Picture	ITI	555347	0	1	20561	2	0	20420
MG36HRX	17	Picture	CueingCross	576075	0	2	3009	3	0	2920
MG36HRX	18	Picture	PrepTime	579252	0	1	3008	3	0	2920
MG36HRX	19	Picture	2_2_Encoding_Working_Memory_MEG_P4_LR_Salient_DoChange_CuedRetrieval_300_300_399_1750_3000_1950_gabor_patch_orientation_165_033_100_010_target_position_1_3_retrieval_position_1	582428	0	2	1337	3	0	1250
MG36HRX	19	Picture	Flicker2	583765	1337	1	1337	2	1250	1250
MG36HRX	19	Picture	Flicker3	585102	2674	1	1338	2	2500	1250
MG36HRX	20	Picture	Delay	586607	0	1	17552	2	0	17420
MG36HRX	21	Picture	2_2_Retrieval_Working_Memory_MEG_P4_LR_Salient_DoChange_CuedRetrieval_retrieval_patch_orientation_119_retrieval_position_1	604326	0	1	30090	2	0	29920
MG36HRX	21	Response	20	613194	8868	3
MG36HRX	22	Picture	ITI	654475	0	1	19558	2	0	19420
MG36HRX	23	Picture	CueingCross	674200	0	2	3009	4	0	2920
MG36HRX	24	Picture	PrepTime	677377	0	1	3009	2	0	2920
MG36HRX	25	Picture	2_3_Encoding_Working_Memory_MEG_P4_LR_Salient_NoChange_CuedRetrieval_300_300_399_1850_3000_1900_gabor_patch_orientation_003_120_144_175_target_position_1_4_retrieval_position_4	680553	0	1	1337	2	0	1250
MG36HRX	25	Picture	Flicker2	681890	1337	1	1337	2	1250	1250
MG36HRX	25	Picture	Flicker3	683227	2674	1	1338	2	2500	1250
MG36HRX	26	Picture	Delay	684732	0	1	18555	2	0	18420
MG36HRX	27	Picture	2_3_Retrieval_Working_Memory_MEG_P4_LR_Salient_NoChange_CuedRetrieval_retrieval_patch_orientation_175_retrieval_position_4	703454	0	1	30090	2	0	29920
MG36HRX	27	Response	10	718273	14819	3
MG36HRX	28	Picture	ITI	753603	0	2	19057	3	0	18920
MG36HRX	29	Picture	CueingCross	772827	0	1	3009	2	0	2920
MG36HRX	30	Picture	PrepTime	776003	0	1	3009	2	0	2920
MG36HRX	31	Picture	2_4_Encoding_Working_Memory_MEG_P4_LR_Salient_DoChange_CuedRetrieval_300_300_399_1900_3000_2000_gabor_patch_orientation_170_147_112_088_target_position_1_2_retrieval_position_1	779179	0	2	1338	3	0	1250
MG36HRX	31	Picture	Flicker2	780517	1338	1	1337	2	1250	1250
MG36HRX	31	Picture	Flicker3	781854	2675	1	1337	2	2500	1250
MG36HRX	32	Picture	Delay	783358	0	2	19057	3	0	18920
MG36HRX	33	Picture	2_4_Retrieval_Working_Memory_MEG_P4_LR_Salient_DoChange_CuedRetrieval_retrieval_patch_orientation_032_retrieval_position_1	802582	0	1	30090	2	0	29920
MG36HRX	33	Response	20	818251	15669	4
MG36HRX	34	Picture	ITI	852731	0	2	20060	3	0	19920
MG36HRX	35	Picture	BaselinePost	872958	0	1	20060	2	0	20000
MG36HRX	36	Picture	Instruction_S_UC	893185	0	1	50149	2	0	50000
