Scenario - ATWM1_Working_Memory_MEG_nonsalient_cued_instruction
Logfile written - 02/16/2016 16:15:27

Subject	Trial	Event Type	Code	Time	TTime	Uncertainty	Duration	Uncertainty	ReqTime	ReqDur

MG36HRX	1	Picture	Instruction_NS_C	29	0	1	100131	2	0	100000
MG36HRX	2	Picture	Instruction2	100327	0	1	100131	2	0	100000
MG36HRX	3	Picture	Instruction3	200625	0	2	6018	3	0	resp
MG36HRX	3	Response	10	206575	5950	4
MG36HRX	4	Picture	Instruction4	226703	0	1	5683	3	0	resp
MG36HRX	4	Response	20	232224	5521	5
MG36HRX	5	Picture	Instruction5	252279	0	1	4848	2	0	resp
MG36HRX	5	Response	10	256975	4696	3
MG36HRX	6	Picture	Instruction4	277019	0	1	4346	3	0	resp
MG36HRX	6	Response	20	281224	4205	4
MG36HRX	7	Picture	Instruction3	301258	0	1	3510	3	0	resp
MG36HRX	7	Response	10	304644	3386	4
MG36HRX	8	Picture	Instruction4	324661	0	1	4346	2	0	resp
MG36HRX	8	Response	20	328924	4263	3
MG36HRX	9	Picture	Instruction_NS_C_TestTrials	349067	0	1	100131	2	0	100000
MG36HRX	10	Picture	BaselinePre	449365	0	1	20060	2	0	20000
MG36HRX	11	Picture	CueingCross	469592	0	1	3009	2	0	2920
MG36HRX	12	Picture	PrepTime	472768	0	1	3009	2	0	2920
MG36HRX	13	Picture	2_1_Encoding_Working_Memory_MEG_P4_LR_Nonsalient_DoChange_CuedRetrieval_300_300_399_1750_3000_1900_gabor_patch_orientation_045_113_030_094_target_position_3_4_retrieval_position_3	475944	0	1	1337	2	0	1250
MG36HRX	13	Picture	Flicker2	477281	1337	1	1338	2	1250	1250
MG36HRX	13	Picture	Flicker3	478619	2675	1	1337	2	2500	1250
MG36HRX	14	Picture	Delay	480123	0	1	17552	2	0	17420
MG36HRX	15	Picture	2_1_Retrieval_Working_Memory_MEG_P4_LR_Nonsalient_DoChange_CuedRetrieval_retrieval_patch_orientation_077_retrieval_position_3	497842	0	2	30090	3	0	29920
MG36HRX	15	Response	10	513462	15620	3
MG36HRX	16	Picture	ITI	547992	0	1	19056	2	0	18920
MG36HRX	17	Picture	CueingCross	567215	0	2	3009	3	0	2920
MG36HRX	18	Picture	PrepTime	570391	0	2	3009	4	0	2920
MG36HRX	19	Picture	2_2_Encoding_Working_Memory_MEG_P4_LR_Nonsalient_NoChange_CuedRetrieval_300_300_399_1850_3000_2050_gabor_patch_orientation_179_064_146_008_target_position_1_2_retrieval_position_1	573568	0	1	1337	2	0	1250
MG36HRX	19	Picture	Flicker2	574905	1337	1	1337	2	1250	1250
MG36HRX	19	Picture	Flicker3	576242	2674	1	1338	2	2500	1250
MG36HRX	20	Picture	Delay	577747	0	2	18555	3	0	18420
MG36HRX	21	Picture	2_2_Retrieval_Working_Memory_MEG_P4_LR_Nonsalient_NoChange_CuedRetrieval_retrieval_patch_orientation_179_retrieval_position_1	596469	0	1	30089	3	0	29920
MG36HRX	21	Response	10	610481	14012	3
MG36HRX	22	Picture	ITI	646618	0	1	20561	2	0	20420
MG36HRX	23	Picture	CueingCross	667346	0	2	3009	3	0	2920
MG36HRX	24	Picture	PrepTime	670522	0	2	3009	4	0	2920
MG36HRX	25	Picture	2_3_Encoding_Working_Memory_MEG_P4_LR_Nonsalient_NoChange_CuedRetrieval_300_300_399_1900_3000_2000_gabor_patch_orientation_108_048_091_001_target_position_3_4_retrieval_position_3	673699	0	1	1337	2	0	1250
MG36HRX	25	Picture	Flicker2	675036	1337	1	1337	2	1250	1250
MG36HRX	25	Picture	Flicker3	676373	2674	1	1337	3	2500	1250
MG36HRX	26	Picture	Delay	677878	0	1	19056	2	0	18920
MG36HRX	27	Picture	2_3_Retrieval_Working_Memory_MEG_P4_LR_Nonsalient_NoChange_CuedRetrieval_retrieval_patch_orientation_091_retrieval_position_3	697102	0	1	30089	2	0	29920
MG36HRX	27	Response	10	707060	9958	3
MG36HRX	28	Picture	ITI	747251	0	1	20059	2	0	19920
MG36HRX	29	Picture	CueingCross	767477	0	2	3009	3	0	2920
MG36HRX	30	Picture	PrepTime	770654	0	1	3008	3	0	2920
MG36HRX	31	Picture	2_4_Encoding_Working_Memory_MEG_P4_LR_Nonsalient_DoChange_CuedRetrieval_300_300_399_1800_3000_1950_gabor_patch_orientation_161_139_016_054_target_position_1_2_retrieval_position_2	773830	0	1	1337	2	0	1250
MG36HRX	31	Picture	Flicker2	775167	1337	1	1337	2	1250	1250
MG36HRX	31	Picture	Flicker3	776504	2674	1	1338	2	2500	1250
MG36HRX	32	Picture	Delay	778009	0	1	18053	3	0	17920
MG36HRX	33	Picture	2_4_Retrieval_Working_Memory_MEG_P4_LR_Nonsalient_DoChange_CuedRetrieval_retrieval_patch_orientation_091_retrieval_position_2	796230	0	1	30089	2	0	29920
MG36HRX	33	Response	20	812129	15899	3
MG36HRX	34	Picture	ITI	846379	0	1	19558	2	0	19420
MG36HRX	35	Picture	BaselinePost	866104	0	1	20060	2	0	20000
MG36HRX	36	Picture	Instruction_NS_C	886331	0	1	50149	2	0	50000
