Scenario - ATWM1_Working_Memory_MEG_salient_cued_run2
Logfile written - 02/16/2016 16:57:08

Subject	Trial	Event Type	Code	Time	TTime	Uncertainty	Duration	Uncertainty	ReqTime	ReqDur

MG36HRX	1	Picture	ExpStart	29	0	1	10030	2	0	10000
MG36HRX	2	Picture	BaselinePre	10226	0	1	100131	2	0	100000
MG36HRX	3	Picture	CueingCross	110524	0	2	3009	3	0	2920
MG36HRX	4	Picture	PrepTime	113700	0	2	3009	3	0	2920
MG36HRX	5	Picture	2_1_Encoding_Working_Memory_MEG_P4_LR_Nonsalient_NoChange_CuedRetrieval_300_300_399_1800_3000_2300_gabor_patch_orientation_171_058_144_033_target_position_2_3_retrieval_position_3	116876	0	2	1338	3	0	1250
MG36HRX	5	Picture	Flicker2	118214	1338	1	1337	2	1250	1250
MG36HRX	5	Picture	Flicker3	119551	2675	1	1337	3	2500	1250
MG36HRX	6	Picture	Delay	121056	0	1	18053	3	0	17920
MG36HRX	7	Picture	2_1_Retrieval_Working_Memory_MEG_P4_LR_Nonsalient_NoChange_CuedRetrieval_retrieval_patch_orientation_144_retrieval_position_3	139276	0	2	30090	3	0	29920
MG36HRX	7	Response	10	148076	8800	3
MG36HRX	8	Picture	ITI	169849	0	60	23087	61	0	22920
MG36HRX	9	Picture	CueingCross	193103	0	1	3009	2	0	2920
MG36HRX	10	Picture	PrepTime	196279	0	1	3009	2	0	2920
MG36HRX	11	Picture	2_2_Encoding_Working_Memory_MEG_P4_LR_Nonsalient_DoChange_CuedRetrieval_300_300_399_1750_3000_1900_gabor_patch_orientation_176_131_065_093_target_position_3_4_retrieval_position_4	199455	0	2	1338	3	0	1250
MG36HRX	11	Picture	Flicker2	200793	1338	1	1337	2	1250	1250
MG36HRX	11	Picture	Flicker3	202130	2675	1	1337	2	2500	1250
MG36HRX	12	Picture	Delay	203634	0	2	17553	3	0	17420
MG36HRX	13	Picture	2_2_Retrieval_Working_Memory_MEG_P4_LR_Nonsalient_DoChange_CuedRetrieval_retrieval_patch_orientation_045_retrieval_position_4	221354	0	1	30089	2	0	29920
MG36HRX	13	Response	20	230585	9231	4
MG36HRX	14	Picture	ITI	251610	0	2	19057	3	0	18920
MG36HRX	15	Picture	CueingCross	270834	0	1	3009	2	0	2920
MG36HRX	16	Picture	PrepTime	274010	0	2	3009	3	0	2920
MG36HRX	17	Picture	2_3_Encoding_Working_Memory_MEG_P4_LR_Nonsalient_NoChange_CuedRetrieval_300_300_399_1900_3000_2200_gabor_patch_orientation_006_058_120_096_target_position_1_2_retrieval_position_1	277186	0	2	1338	3	0	1250
MG36HRX	17	Picture	Flicker2	278524	1338	1	1337	2	1250	1250
MG36HRX	17	Picture	Flicker3	279861	2675	1	1337	2	2500	1250
MG36HRX	18	Picture	Delay	281366	0	1	19056	2	0	18920
MG36HRX	19	Picture	2_3_Retrieval_Working_Memory_MEG_P4_LR_Nonsalient_NoChange_CuedRetrieval_retrieval_patch_orientation_006_retrieval_position_1	300589	0	2	30090	3	0	29920
MG36HRX	19	Response	10	310714	10125	3
MG36HRX	20	Picture	ITI	330846	0	1	22066	2	0	21920
MG36HRX	21	Picture	CueingCross	353079	0	1	3009	2	0	2920
MG36HRX	22	Picture	PrepTime	356255	0	1	3009	2	0	2920
MG36HRX	23	Picture	2_4_Encoding_Working_Memory_MEG_P4_LR_Nonsalient_DoChange_CuedRetrieval_300_300_399_1800_3000_2550_gabor_patch_orientation_176_001_024_160_target_position_1_2_retrieval_position_2	359431	0	1	1337	2	0	1250
MG36HRX	23	Picture	Flicker2	360768	1337	1	1338	2	1250	1250
MG36HRX	23	Picture	Flicker3	362106	2675	1	1337	2	2500	1250
MG36HRX	24	Picture	Delay	363610	0	1	18054	2	0	17920
MG36HRX	25	Picture	2_4_Retrieval_Working_Memory_MEG_P4_LR_Nonsalient_DoChange_CuedRetrieval_retrieval_patch_orientation_141_retrieval_position_2	381831	0	1	30089	2	0	29920
MG36HRX	25	Response	10	392193	10362	3
MG36HRX	25	Response	20	397283	15452	3
MG36HRX	25	Response	20	399663	17832	3
MG36HRX	25	Response	20	401493	19662	3
MG36HRX	25	Response	20	403313	21482	4
MG36HRX	26	Picture	ITI	412087	0	2	25577	3	0	25420
MG36HRX	27	Picture	CueingCross	437831	0	1	3009	2	0	2920
MG36HRX	28	Picture	PrepTime	441007	0	1	3009	2	0	2920
MG36HRX	29	Picture	2_5_Encoding_Working_Memory_MEG_P4_LR_Nonsalient_NoChange_CuedRetrieval_300_300_399_2150_3000_1950_gabor_patch_orientation_180_060_096_030_target_position_1_3_retrieval_position_3	444183	0	1	1337	2	0	1250
MG36HRX	29	Picture	Flicker2	445520	1337	1	1338	2	1250	1250
MG36HRX	29	Picture	Flicker3	446858	2675	1	1337	2	2500	1250
MG36HRX	30	Picture	Delay	448362	0	1	21564	2	0	21420
MG36HRX	31	Picture	2_5_Retrieval_Working_Memory_MEG_P4_LR_Nonsalient_NoChange_CuedRetrieval_retrieval_patch_orientation_096_retrieval_position_3	470093	0	2	30090	3	0	29920
MG36HRX	31	Response	10	481942	11849	4
MG36HRX	32	Picture	ITI	500350	0	1	19558	2	0	19420
MG36HRX	33	Picture	CueingCross	520075	0	1	3009	2	0	2920
MG36HRX	34	Picture	PrepTime	523251	0	2	3009	3	0	2920
MG36HRX	35	Picture	2_6_Encoding_Working_Memory_MEG_P4_LR_Nonsalient_NoChange_CuedRetrieval_300_300_399_2000_3000_1950_gabor_patch_orientation_058_040_168_004_target_position_1_3_retrieval_position_3	526427	0	2	1338	3	0	1250
MG36HRX	35	Picture	Flicker2	527765	1338	1	1337	2	1250	1250
MG36HRX	35	Picture	Flicker3	529102	2675	1	1337	2	2500	1250
MG36HRX	36	Picture	Delay	530607	0	2	20059	3	0	19920
MG36HRX	37	Picture	2_6_Retrieval_Working_Memory_MEG_P4_LR_Nonsalient_NoChange_CuedRetrieval_retrieval_patch_orientation_168_retrieval_position_3	550833	0	2	30090	3	0	29920
MG36HRX	37	Response	10	561321	10488	4
MG36HRX	38	Picture	ITI	581090	0	1	19558	2	0	19420
MG36HRX	39	Picture	CueingCross	600815	0	1	3009	2	0	2920
MG36HRX	40	Picture	PrepTime	603991	0	2	3009	3	0	2920
MG36HRX	41	Picture	2_7_Encoding_Working_Memory_MEG_P4_LR_Nonsalient_NoChange_CuedRetrieval_300_300_399_2150_3000_2500_gabor_patch_orientation_036_096_009_115_target_position_2_3_retrieval_position_2	607167	0	2	1338	3	0	1250
MG36HRX	41	Picture	Flicker2	608505	1338	1	1337	2	1250	1250
MG36HRX	41	Picture	Flicker3	609842	2675	1	1337	2	2500	1250
MG36HRX	42	Picture	Delay	611347	0	1	21564	2	0	21420
MG36HRX	43	Picture	2_7_Retrieval_Working_Memory_MEG_P4_LR_Nonsalient_NoChange_CuedRetrieval_retrieval_patch_orientation_096_retrieval_position_2	633078	0	1	30089	2	0	29920
MG36HRX	43	Response	10	643550	10472	4
MG36HRX	44	Picture	ITI	663334	0	2	25075	3	0	24920
MG36HRX	45	Picture	CueingCross	688576	0	1	3009	2	0	2920
MG36HRX	46	Picture	PrepTime	691752	0	1	3009	2	0	2920
MG36HRX	47	Picture	2_8_Encoding_Working_Memory_MEG_P4_LR_Nonsalient_DoChange_UncuedRetriev_300_300_399_2250_3000_2250_gabor_patch_orientation_058_145_035_019_target_position_2_4_retrieval_position_1	694928	0	2	1338	3	0	1250
MG36HRX	47	Picture	Flicker2	696266	1338	1	1337	2	1250	1250
MG36HRX	47	Picture	Flicker3	697603	2675	1	1337	2	2500	1250
MG36HRX	48	Picture	Delay	699107	0	2	22568	3	0	22420
MG36HRX	49	Picture	2_8_Retrieval_Working_Memory_MEG_P4_LR_Nonsalient_DoChange_UncuedRetriev_retrieval_patch_orientation_103_retrieval_position_1	721842	0	1	30089	2	0	29920
MG36HRX	49	Response	20	734399	12557	4
MG36HRX	50	Picture	ITI	752098	0	2	22567	4	0	22420
MG36HRX	51	Picture	CueingCross	774833	0	1	3008	3	0	2920
MG36HRX	52	Picture	PrepTime	778009	0	1	3009	2	0	2920
MG36HRX	53	Picture	2_9_Encoding_Working_Memory_MEG_P4_LR_Nonsalient_DoChange_CuedRetrieval_300_300_399_1850_3000_2250_gabor_patch_orientation_007_094_173_120_target_position_2_4_retrieval_position_2	781185	0	1	1337	2	0	1250
MG36HRX	53	Picture	Flicker2	782522	1337	1	1337	3	1250	1250
MG36HRX	53	Picture	Flicker3	783859	2674	2	1338	3	2500	1250
MG36HRX	54	Picture	Delay	785364	0	1	18555	2	0	18420
MG36HRX	55	Picture	2_9_Retrieval_Working_Memory_MEG_P4_LR_Nonsalient_DoChange_CuedRetrieval_retrieval_patch_orientation_049_retrieval_position_2	804086	0	1	30090	2	0	29920
MG36HRX	55	Response	20	812648	8562	4
MG36HRX	56	Picture	ITI	834343	0	1	22567	2	0	22420
MG36HRX	57	Picture	CueingCross	857077	0	1	3009	3	0	2920
MG36HRX	58	Picture	PrepTime	860253	0	1	3009	2	0	2920
MG36HRX	59	Picture	2_10_Encoding_Working_Memory_MEG_P4_LR_Nonsalient_NoChange_CuedRetrieval_300_300_399_2100_3000_2150_gabor_patch_orientation_140_034_011_056_target_position_3_4_retrieval_position_4	863429	0	2	1338	3	0	1250
MG36HRX	59	Picture	Flicker2	864767	1338	1	1337	2	1250	1250
MG36HRX	59	Picture	Flicker3	866104	2675	1	1337	2	2500	1250
MG36HRX	60	Picture	Delay	867608	0	2	21063	3	0	20920
MG36HRX	61	Picture	2_10_Retrieval_Working_Memory_MEG_P4_LR_Nonsalient_NoChange_CuedRetrieval_retrieval_patch_orientation_056_retrieval_position_4	888838	0	1	30090	2	0	29920
MG36HRX	61	Response	10	898068	9230	4
MG36HRX	62	Picture	ITI	919095	0	1	21564	2	0	21420
MG36HRX	63	Picture	CueingCross	940826	0	1	3009	2	0	2920
MG36HRX	64	Picture	PrepTime	944002	0	1	3009	2	0	2920
MG36HRX	65	Picture	2_11_Encoding_Working_Memory_MEG_P4_LR_Nonsalient_NoChange_CuedRetrieval_300_300_399_2000_3000_2200_gabor_patch_orientation_013_091_030_070_target_position_2_4_retrieval_position_2	947178	0	1	1338	2	0	1250
MG36HRX	65	Picture	Flicker2	948516	1338	1	1337	2	1250	1250
MG36HRX	65	Picture	Flicker3	949853	2675	1	1337	2	2500	1250
MG36HRX	66	Picture	Delay	951357	0	2	20060	3	0	19920
MG36HRX	67	Picture	2_11_Retrieval_Working_Memory_MEG_P4_LR_Nonsalient_NoChange_CuedRetrieval_retrieval_patch_orientation_091_retrieval_position_2	971584	0	1	30090	2	0	29920
MG36HRX	67	Response	10	983787	12203	3
MG36HRX	68	Picture	ITI	1001841	0	1	22065	3	0	21920
MG36HRX	69	Picture	CueingCross	1024074	0	1	3008	3	0	2920
MG36HRX	70	Picture	PrepTime	1027250	0	1	3008	3	0	2920
MG36HRX	71	Picture	2_12_Encoding_Working_Memory_MEG_P4_LR_Nonsalient_NoChange_UncuedRetriev_300_300_399_2050_3000_2250_gabor_patch_orientation_129_076_145_161_target_position_1_3_retrieval_position_4	1030426	0	1	1337	2	0	1250
MG36HRX	71	Picture	Flicker2	1031763	1337	1	1337	2	1250	1250
MG36HRX	71	Picture	Flicker3	1033100	2674	1	1338	2	2500	1250
MG36HRX	72	Picture	Delay	1034605	0	1	20561	2	0	20420
MG36HRX	73	Picture	2_12_Retrieval_Working_Memory_MEG_P4_LR_Nonsalient_NoChange_UncuedRetriev_retrieval_patch_orientation_161_retrieval_position_4	1055333	0	1	30090	2	0	29920
MG36HRX	73	Response	10	1082366	27033	4
MG36HRX	74	Picture	ITI	1085590	0	1	22567	2	0	22420
MG36HRX	75	Picture	CueingCross	1108324	0	1	3009	2	0	2920
MG36HRX	76	Picture	PrepTime	1111500	0	1	3008	3	0	2920
MG36HRX	77	Picture	2_13_Encoding_Working_Memory_MEG_P4_LR_Nonsalient_NoChange_CuedRetrieval_300_300_399_2200_3000_2000_gabor_patch_orientation_085_024_059_130_target_position_1_4_retrieval_position_4	1114676	0	2	1338	3	0	1250
MG36HRX	77	Picture	Flicker2	1116014	1338	1	1337	2	1250	1250
MG36HRX	77	Picture	Flicker3	1117351	2675	1	1337	2	2500	1250
MG36HRX	78	Picture	Delay	1118855	0	2	22066	3	0	21920
MG36HRX	79	Picture	2_13_Retrieval_Working_Memory_MEG_P4_LR_Nonsalient_NoChange_CuedRetrieval_retrieval_patch_orientation_130_retrieval_position_4	1141088	0	1	30090	2	0	29920
MG36HRX	79	Response	10	1157595	16507	3
MG36HRX	80	Picture	ITI	1171345	0	1	20059	2	0	19920
MG36HRX	81	Picture	CueingCross	1191571	0	2	3009	4	0	2920
MG36HRX	82	Picture	PrepTime	1194748	0	1	3009	2	0	2920
MG36HRX	83	Picture	2_14_Encoding_Working_Memory_MEG_P4_LR_Nonsalient_DoChange_CuedRetrieval_300_300_399_1950_3000_2550_gabor_patch_orientation_165_044_132_114_target_position_1_3_retrieval_position_1	1197924	0	1	1337	2	0	1250
MG36HRX	83	Picture	Flicker2	1199261	1337	1	1337	2	1250	1250
MG36HRX	83	Picture	Flicker3	1200598	2674	1	1338	2	2500	1250
MG36HRX	84	Picture	Delay	1202103	0	1	19558	2	0	19420
MG36HRX	85	Picture	2_14_Retrieval_Working_Memory_MEG_P4_LR_Nonsalient_DoChange_CuedRetrieval_retrieval_patch_orientation_026_retrieval_position_1	1221828	0	1	30090	2	0	29920
MG36HRX	85	Response	20	1242714	20886	4
MG36HRX	86	Picture	ITI	1252085	0	1	25576	3	0	25420
MG36HRX	87	Picture	CueingCross	1277828	0	1	3009	2	0	2920
MG36HRX	88	Picture	PrepTime	1281004	0	1	3009	2	0	2920
MG36HRX	89	Picture	2_15_Encoding_Working_Memory_MEG_P4_LR_Nonsalient_DoChange_CuedRetrieval_300_300_399_2000_3000_2250_gabor_patch_orientation_152_129_063_078_target_position_3_4_retrieval_position_3	1284180	0	2	1337	4	0	1250
MG36HRX	89	Picture	Flicker2	1285517	1337	2	1338	3	1250	1250
MG36HRX	89	Picture	Flicker3	1286855	2675	1	1337	2	2500	1250
MG36HRX	90	Picture	Delay	1288359	0	1	20060	2	0	19920
MG36HRX	91	Picture	2_15_Retrieval_Working_Memory_MEG_P4_LR_Nonsalient_DoChange_CuedRetrieval_retrieval_patch_orientation_015_retrieval_position_3	1308586	0	1	30090	2	0	29920
MG36HRX	91	Response	20	1323793	15207	3
MG36HRX	92	Picture	ITI	1338843	0	1	22567	2	0	22420
MG36HRX	93	Picture	CueingCross	1361577	0	1	3009	2	0	2920
MG36HRX	94	Picture	PrepTime	1364753	0	1	3009	2	0	2920
MG36HRX	95	Picture	2_16_Encoding_Working_Memory_MEG_P4_LR_Nonsalient_NoChange_UncuedRetriev_300_300_399_1750_3000_2050_gabor_patch_orientation_087_120_056_105_target_position_2_3_retrieval_position_1	1367929	0	1	1337	3	0	1250
MG36HRX	95	Picture	Flicker2	1369266	1337	2	1338	3	1250	1250
MG36HRX	95	Picture	Flicker3	1370604	2675	1	1337	2	2500	1250
MG36HRX	96	Picture	Delay	1372108	0	1	17552	3	0	17420
MG36HRX	97	Picture	2_16_Retrieval_Working_Memory_MEG_P4_LR_Nonsalient_NoChange_UncuedRetriev_retrieval_patch_orientation_087_retrieval_position_1	1389828	0	1	30089	2	0	29920
MG36HRX	97	Response	10	1404762	14934	4
MG36HRX	98	Picture	ITI	1420084	0	2	20561	3	0	20420
MG36HRX	99	Picture	CueingCross	1440813	0	1	3008	3	0	2920
MG36HRX	100	Picture	PrepTime	1443989	0	1	3009	2	0	2920
MG36HRX	101	Picture	2_17_Encoding_Working_Memory_MEG_P4_LR_Nonsalient_DoChange_CuedRetrieval_300_300_399_2050_3000_2100_gabor_patch_orientation_099_126_151_046_target_position_2_4_retrieval_position_2	1447165	0	1	1337	2	0	1250
MG36HRX	101	Picture	Flicker2	1448502	1337	1	1337	2	1250	1250
MG36HRX	101	Picture	Flicker3	1449839	2674	1	1338	2	2500	1250
MG36HRX	102	Picture	Delay	1451344	0	1	20561	2	0	20420
MG36HRX	103	Picture	2_17_Retrieval_Working_Memory_MEG_P4_LR_Nonsalient_DoChange_CuedRetrieval_retrieval_patch_orientation_078_retrieval_position_2	1472072	0	1	30090	2	0	29920
MG36HRX	103	Response	20	1487551	15479	4
MG36HRX	104	Picture	ITI	1502329	0	1	21062	2	0	20920
MG36HRX	105	Picture	CueingCross	1523558	0	2	3009	4	0	2920
MG36HRX	106	Picture	PrepTime	1526735	0	1	3009	2	0	2920
MG36HRX	107	Picture	2_18_Encoding_Working_Memory_MEG_P4_LR_Nonsalient_NoChange_CuedRetrieval_300_300_399_2200_3000_2050_gabor_patch_orientation_131_104_063_042_target_position_1_2_retrieval_position_2	1529911	0	1	1337	2	0	1250
MG36HRX	107	Picture	Flicker2	1531248	1337	1	1337	2	1250	1250
MG36HRX	107	Picture	Flicker3	1532585	2674	1	1338	2	2500	1250
MG36HRX	108	Picture	Delay	1534090	0	1	22065	3	0	21920
MG36HRX	109	Picture	2_18_Retrieval_Working_Memory_MEG_P4_LR_Nonsalient_NoChange_CuedRetrieval_retrieval_patch_orientation_104_retrieval_position_2	1556323	0	1	30089	2	0	29920
MG36HRX	109	Response	10	1564590	8267	4
MG36HRX	110	Picture	ITI	1586579	0	1	20561	3	0	20420
MG36HRX	111	Picture	CueingCross	1607307	0	2	3009	3	0	2920
MG36HRX	112	Picture	PrepTime	1610484	0	1	3009	2	0	2920
MG36HRX	113	Picture	2_19_Encoding_Working_Memory_MEG_P4_LR_Nonsalient_NoChange_UncuedRetriev_300_300_399_1950_3000_1900_gabor_patch_orientation_119_009_053_141_target_position_2_4_retrieval_position_3	1613659	0	2	1338	3	0	1250
MG36HRX	113	Picture	Flicker2	1614997	1338	1	1337	2	1250	1250
MG36HRX	113	Picture	Flicker3	1616334	2675	1	1338	2	2500	1250
MG36HRX	114	Picture	Delay	1617839	0	1	19558	2	0	19420
MG36HRX	115	Picture	2_19_Retrieval_Working_Memory_MEG_P4_LR_Nonsalient_NoChange_UncuedRetriev_retrieval_patch_orientation_053_retrieval_position_3	1637564	0	1	30090	2	0	29920
MG36HRX	115	Response	10	1652919	15355	4
MG36HRX	116	Picture	ITI	1667821	0	1	19056	2	0	18920
MG36HRX	117	Picture	CueingCross	1687044	0	2	3009	4	0	2920
MG36HRX	118	Picture	PrepTime	1690221	0	1	3009	2	0	2920
MG36HRX	119	Picture	2_20_Encoding_Working_Memory_MEG_P4_LR_Nonsalient_DoChange_CuedRetrieval_300_300_399_1750_3000_2300_gabor_patch_orientation_112_176_133_159_target_position_2_4_retrieval_position_4	1693397	0	1	1337	2	0	1250
MG36HRX	119	Picture	Flicker2	1694734	1337	1	1337	2	1250	1250
MG36HRX	119	Picture	Flicker3	1696071	2674	1	1338	2	2500	1250
MG36HRX	120	Picture	Delay	1697576	0	1	17552	2	0	17420
MG36HRX	121	Picture	2_20_Retrieval_Working_Memory_MEG_P4_LR_Nonsalient_DoChange_CuedRetrieval_retrieval_patch_orientation_022_retrieval_position_4	1715295	0	1	30090	2	0	29920
MG36HRX	121	Response	20	1727799	12504	3
MG36HRX	122	Picture	ITI	1745552	0	1	23068	2	0	22920
MG36HRX	123	Picture	CueingCross	1768788	0	1	3008	3	0	2920
MG36HRX	124	Picture	PrepTime	1771964	0	1	3009	2	0	2920
MG36HRX	125	Picture	2_21_Encoding_Working_Memory_MEG_P4_LR_Nonsalient_DoChange_CuedRetrieval_300_300_399_1850_3000_2150_gabor_patch_orientation_110_020_039_054_target_position_2_4_retrieval_position_2	1775140	0	1	1337	2	0	1250
MG36HRX	125	Picture	Flicker2	1776477	1337	1	1337	2	1250	1250
MG36HRX	125	Picture	Flicker3	1777814	2674	1	1338	2	2500	1250
MG36HRX	126	Picture	Delay	1779319	0	1	18555	2	0	18420
MG36HRX	127	Picture	2_21_Retrieval_Working_Memory_MEG_P4_LR_Nonsalient_DoChange_CuedRetrieval_retrieval_patch_orientation_070_retrieval_position_2	1798041	0	1	30090	2	0	29920
MG36HRX	128	Picture	ITI	1828298	0	1	21564	2	0	21420
MG36HRX	128	Response	10	1829558	1260	3
MG36HRX	129	Picture	CueingCross	1850029	0	1	3009	2	0	2920
MG36HRX	130	Picture	PrepTime	1853205	0	1	3009	2	0	2920
MG36HRX	131	Picture	2_22_Encoding_Working_Memory_MEG_P4_LR_Nonsalient_NoChange_CuedRetrieval_300_300_399_2250_3000_2150_gabor_patch_orientation_004_110_157_172_target_position_3_4_retrieval_position_4	1856381	0	2	1338	3	0	1250
MG36HRX	131	Picture	Flicker2	1857719	1338	1	1337	2	1250	1250
MG36HRX	131	Picture	Flicker3	1859056	2675	1	1337	2	2500	1250
MG36HRX	132	Picture	Delay	1860560	0	2	22567	4	0	22420
MG36HRX	133	Picture	2_22_Retrieval_Working_Memory_MEG_P4_LR_Nonsalient_NoChange_CuedRetrieval_retrieval_patch_orientation_172_retrieval_position_4	1883295	0	1	30089	2	0	29920
MG36HRX	133	Response	10	1894287	10992	3
MG36HRX	134	Picture	ITI	1913551	0	1	21564	2	0	21420
MG36HRX	135	Picture	CueingCross	1935283	0	1	3008	3	0	2920
MG36HRX	136	Picture	PrepTime	1938459	0	1	3009	2	0	2920
MG36HRX	137	Picture	2_23_Encoding_Working_Memory_MEG_P4_LR_Nonsalient_NoChange_CuedRetrieval_300_300_399_2150_3000_2100_gabor_patch_orientation_073_004_128_109_target_position_2_4_retrieval_position_2	1941635	0	1	1337	2	0	1250
MG36HRX	137	Picture	Flicker2	1942972	1337	1	1337	2	1250	1250
MG36HRX	137	Picture	Flicker3	1944309	2674	1	1338	2	2500	1250
MG36HRX	138	Picture	Delay	1945814	0	1	21564	2	0	21420
MG36HRX	139	Picture	2_23_Retrieval_Working_Memory_MEG_P4_LR_Nonsalient_NoChange_CuedRetrieval_retrieval_patch_orientation_004_retrieval_position_2	1967545	0	1	30090	2	0	29920
MG36HRX	139	Response	10	1975636	8091	3
MG36HRX	140	Picture	ITI	1997802	0	1	21062	2	0	20920
MG36HRX	141	Picture	CueingCross	2019031	0	2	3009	4	0	2920
MG36HRX	142	Picture	PrepTime	2022208	0	1	3009	2	0	2920
MG36HRX	143	Picture	2_24_Encoding_Working_Memory_MEG_P4_LR_Nonsalient_DoChange_CuedRetrieval_300_300_399_2250_3000_2450_gabor_patch_orientation_098_066_008_125_target_position_1_3_retrieval_position_1	2025384	0	1	1337	2	0	1250
MG36HRX	143	Picture	Flicker2	2026721	1337	1	1337	2	1250	1250
MG36HRX	143	Picture	Flicker3	2028058	2674	1	1338	2	2500	1250
MG36HRX	144	Picture	Delay	2029563	0	1	22567	2	0	22420
MG36HRX	145	Picture	2_24_Retrieval_Working_Memory_MEG_P4_LR_Nonsalient_DoChange_CuedRetrieval_retrieval_patch_orientation_049_retrieval_position_1	2052297	0	1	30090	2	0	29920
MG36HRX	145	Response	20	2058595	6298	4
MG36HRX	146	Picture	ITI	2082554	0	1	24573	2	0	24420
MG36HRX	147	Picture	CueingCross	2107294	0	1	3009	2	0	2920
MG36HRX	148	Picture	PrepTime	2110470	0	1	3009	2	0	2920
MG36HRX	149	Picture	2_25_Encoding_Working_Memory_MEG_P4_LR_Nonsalient_NoChange_CuedRetrieval_300_300_399_2150_3000_2150_gabor_patch_orientation_149_079_060_027_target_position_3_4_retrieval_position_4	2113646	0	1	1337	3	0	1250
MG36HRX	149	Picture	Flicker2	2114983	1337	2	1338	3	1250	1250
MG36HRX	149	Picture	Flicker3	2116321	2675	1	1337	2	2500	1250
MG36HRX	150	Picture	Delay	2117825	0	1	21564	2	0	21420
MG36HRX	151	Picture	2_25_Retrieval_Working_Memory_MEG_P4_LR_Nonsalient_NoChange_CuedRetrieval_retrieval_patch_orientation_027_retrieval_position_4	2139556	0	2	30090	3	0	29920
MG36HRX	151	Response	10	2148414	8858	4
MG36HRX	152	Picture	ITI	2169813	0	1	21564	2	0	21420
MG36HRX	153	Picture	CueingCross	2191544	0	2	3009	3	0	2920
MG36HRX	154	Picture	PrepTime	2194720	0	2	3009	4	0	2920
MG36HRX	155	Picture	2_26_Encoding_Working_Memory_MEG_P4_LR_Nonsalient_DoChange_CuedRetrieval_300_300_399_2050_3000_2600_gabor_patch_orientation_142_093_023_157_target_position_1_3_retrieval_position_3	2197897	0	1	1337	2	0	1250
MG36HRX	155	Picture	Flicker2	2199234	1337	1	1337	2	1250	1250
MG36HRX	155	Picture	Flicker3	2200571	2674	1	1337	3	2500	1250
MG36HRX	156	Picture	Delay	2202076	0	1	20561	2	0	20420
MG36HRX	157	Picture	2_26_Retrieval_Working_Memory_MEG_P4_LR_Nonsalient_DoChange_CuedRetrieval_retrieval_patch_orientation_071_retrieval_position_3	2222804	0	1	30089	2	0	29920
MG36HRX	157	Response	10	2241903	19099	4
MG36HRX	158	Picture	ITI	2253060	0	2	26078	3	0	25920
MG36HRX	159	Picture	CueingCross	2279305	0	1	3009	2	0	2920
MG36HRX	160	Picture	PrepTime	2282481	0	2	3009	3	0	2920
MG36HRX	161	Picture	2_27_Encoding_Working_Memory_MEG_P4_LR_Nonsalient_NoChange_UncuedRetriev_300_300_399_1750_3000_2200_gabor_patch_orientation_084_165_020_060_target_position_1_2_retrieval_position_4	2285657	0	2	1338	3	0	1250
MG36HRX	161	Picture	Flicker2	2286995	1338	1	1337	2	1250	1250
MG36HRX	161	Picture	Flicker3	2288332	2675	1	1337	3	2500	1250
MG36HRX	162	Picture	Delay	2289837	0	1	17552	2	0	17420
MG36HRX	163	Picture	2_27_Retrieval_Working_Memory_MEG_P4_LR_Nonsalient_NoChange_UncuedRetriev_retrieval_patch_orientation_060_retrieval_position_4	2307556	0	1	30089	3	0	29920
MG36HRX	163	Response	10	2322172	14616	4
MG36HRX	164	Picture	ITI	2337812	0	2	22066	3	0	21920
MG36HRX	165	Picture	CueingCross	2360045	0	2	3009	3	0	2920
MG36HRX	166	Picture	PrepTime	2363221	0	2	3009	3	0	2920
MG36HRX	167	Picture	2_28_Encoding_Working_Memory_MEG_P4_LR_Nonsalient_NoChange_CuedRetrieval_300_300_399_1850_3000_2200_gabor_patch_orientation_054_002_024_092_target_position_1_3_retrieval_position_3	2366398	0	1	1337	2	0	1250
MG36HRX	167	Picture	Flicker2	2367735	1337	1	1337	2	1250	1250
MG36HRX	167	Picture	Flicker3	2369072	2674	1	1337	3	2500	1250
MG36HRX	168	Picture	Delay	2370577	0	1	18555	2	0	18420
MG36HRX	169	Picture	2_28_Retrieval_Working_Memory_MEG_P4_LR_Nonsalient_NoChange_CuedRetrieval_retrieval_patch_orientation_024_retrieval_position_3	2389299	0	1	30089	2	0	29920
MG36HRX	169	Response	10	2398651	9352	4
MG36HRX	170	Picture	ITI	2419555	0	2	22066	3	0	21920
MG36HRX	171	Picture	CueingCross	2441788	0	2	3009	3	0	2920
MG36HRX	172	Picture	PrepTime	2444964	0	2	3009	3	0	2920
MG36HRX	173	Picture	2_29_Encoding_Working_Memory_MEG_P4_LR_Nonsalient_DoChange_CuedRetrieval_300_300_399_2100_3000_2000_gabor_patch_orientation_007_173_068_128_target_position_2_3_retrieval_position_2	2448141	0	1	1337	2	0	1250
MG36HRX	173	Picture	Flicker2	2449478	1337	1	1337	2	1250	1250
MG36HRX	173	Picture	Flicker3	2450815	2674	1	1337	3	2500	1250
MG36HRX	174	Picture	Delay	2452320	0	1	21062	2	0	20920
MG36HRX	175	Picture	2_29_Retrieval_Working_Memory_MEG_P4_LR_Nonsalient_DoChange_CuedRetrieval_retrieval_patch_orientation_038_retrieval_position_2	2473549	0	2	30090	3	0	29920
MG36HRX	175	Response	20	2487590	14041	4
MG36HRX	176	Picture	ITI	2503806	0	1	20059	3	0	19920
MG36HRX	177	Picture	CueingCross	2524033	0	1	3009	2	0	2920
MG36HRX	178	Picture	PrepTime	2527209	0	1	3009	2	0	2920
MG36HRX	179	Picture	2_30_Encoding_Working_Memory_MEG_P4_LR_Nonsalient_DoChange_CuedRetrieval_300_300_399_2250_3000_2400_gabor_patch_orientation_004_032_061_180_target_position_1_4_retrieval_position_1	2530385	0	2	1337	3	0	1250
MG36HRX	179	Picture	Flicker2	2531722	1337	1	1338	2	1250	1250
MG36HRX	179	Picture	Flicker3	2533060	2675	1	1337	2	2500	1250
MG36HRX	180	Picture	Delay	2534564	0	1	22567	2	0	22420
MG36HRX	181	Picture	2_30_Retrieval_Working_Memory_MEG_P4_LR_Nonsalient_DoChange_CuedRetrieval_retrieval_patch_orientation_143_retrieval_position_1	2557298	0	2	30090	3	0	29920
MG36HRX	181	Response	20	2565450	8152	3
MG36HRX	182	Picture	ITI	2587555	0	1	24072	2	0	23920
MG36HRX	183	Picture	CueingCross	2611794	0	1	3009	2	0	2920
MG36HRX	184	Picture	PrepTime	2614970	0	1	3009	2	0	2920
MG36HRX	185	Picture	2_31_Encoding_Working_Memory_MEG_P4_LR_Nonsalient_DoChange_CuedRetrieval_300_300_399_1900_3000_2150_gabor_patch_orientation_147_041_020_110_target_position_2_4_retrieval_position_2	2618146	0	1	1337	2	0	1250
MG36HRX	185	Picture	Flicker2	2619483	1337	1	1338	2	1250	1250
MG36HRX	185	Picture	Flicker3	2620821	2675	1	1337	2	2500	1250
MG36HRX	186	Picture	Delay	2622325	0	1	19057	2	0	18920
MG36HRX	187	Picture	2_31_Retrieval_Working_Memory_MEG_P4_LR_Nonsalient_DoChange_CuedRetrieval_retrieval_patch_orientation_178_retrieval_position_2	2641549	0	1	30089	2	0	29920
MG36HRX	187	Response	20	2651389	9840	3
MG36HRX	188	Picture	ITI	2671805	0	2	21565	3	0	21420
MG36HRX	189	Picture	CueingCross	2693537	0	1	3009	2	0	2920
MG36HRX	190	Picture	PrepTime	2696713	0	1	3009	2	0	2920
MG36HRX	191	Picture	2_32_Encoding_Working_Memory_MEG_P4_LR_Nonsalient_NoChange_UncuedRetriev_300_300_399_1900_3000_1950_gabor_patch_orientation_032_163_106_049_target_position_3_4_retrieval_position_1	2699889	0	1	1337	2	0	1250
MG36HRX	191	Picture	Flicker2	2701226	1337	1	1338	2	1250	1250
MG36HRX	191	Picture	Flicker3	2702564	2675	1	1337	2	2500	1250
MG36HRX	192	Picture	Delay	2704068	0	1	19057	2	0	18920
MG36HRX	193	Picture	2_32_Retrieval_Working_Memory_MEG_P4_LR_Nonsalient_NoChange_UncuedRetriev_retrieval_patch_orientation_032_retrieval_position_1	2723292	0	1	30089	2	0	29920
MG36HRX	193	Response	10	2732288	8996	3
MG36HRX	194	Picture	ITI	2753548	0	2	19559	3	0	19420
MG36HRX	195	Picture	CueingCross	2773274	0	1	3009	2	0	2920
MG36HRX	196	Picture	PrepTime	2776450	0	1	3009	2	0	2920
MG36HRX	197	Picture	2_33_Encoding_Working_Memory_MEG_P4_LR_Nonsalient_NoChange_CuedRetrieval_300_300_399_2100_3000_2050_gabor_patch_orientation_059_124_008_170_target_position_2_4_retrieval_position_4	2779626	0	1	1337	2	0	1250
MG36HRX	197	Picture	Flicker2	2780963	1337	1	1338	2	1250	1250
MG36HRX	197	Picture	Flicker3	2782301	2675	1	1337	2	2500	1250
MG36HRX	198	Picture	Delay	2783805	0	1	21063	2	0	20920
MG36HRX	199	Picture	2_33_Retrieval_Working_Memory_MEG_P4_LR_Nonsalient_NoChange_CuedRetrieval_retrieval_patch_orientation_170_retrieval_position_4	2805035	0	1	30089	2	0	29920
MG36HRX	199	Response	10	2833737	28702	3
MG36HRX	200	Picture	ITI	2835291	0	2	20562	3	0	20420
MG36HRX	201	Picture	CueingCross	2856020	0	1	3009	2	0	2920
MG36HRX	202	Picture	PrepTime	2859196	0	1	3009	2	0	2920
MG36HRX	203	Picture	2_34_Encoding_Working_Memory_MEG_P4_LR_Nonsalient_NoChange_CuedRetrieval_300_300_399_1850_3000_2600_gabor_patch_orientation_140_031_156_002_target_position_2_4_retrieval_position_4	2862372	0	1	1337	2	0	1250
MG36HRX	203	Picture	Flicker2	2863709	1337	1	1338	2	1250	1250
MG36HRX	203	Picture	Flicker3	2865047	2675	1	1336	3	2500	1250
MG36HRX	204	Picture	Delay	2866551	0	1	18555	2	0	18420
MG36HRX	205	Picture	2_34_Retrieval_Working_Memory_MEG_P4_LR_Nonsalient_NoChange_CuedRetrieval_retrieval_patch_orientation_002_retrieval_position_4	2885273	0	2	30090	3	0	29920
MG36HRX	205	Response	10	2896166	10893	4
MG36HRX	206	Picture	ITI	2915530	0	1	26078	2	0	25920
MG36HRX	207	Picture	CueingCross	2941775	0	1	3009	2	0	2920
MG36HRX	208	Picture	PrepTime	2944951	0	1	3009	3	0	2920
MG36HRX	209	Picture	2_35_Encoding_Working_Memory_MEG_P4_LR_Nonsalient_NoChange_CuedRetrieval_300_300_399_1850_3000_1900_gabor_patch_orientation_084_173_038_103_target_position_1_2_retrieval_position_2	2948127	0	1	1337	2	0	1250
MG36HRX	209	Picture	Flicker2	2949464	1337	1	1338	2	1250	1250
MG36HRX	209	Picture	Flicker3	2950802	2675	1	1337	2	2500	1250
MG36HRX	210	Picture	Delay	2952306	0	1	18555	2	0	18420
MG36HRX	211	Picture	2_35_Retrieval_Working_Memory_MEG_P4_LR_Nonsalient_NoChange_CuedRetrieval_retrieval_patch_orientation_173_retrieval_position_2	2971028	0	2	30090	3	0	29920
MG36HRX	211	Response	10	2981425	10397	4
MG36HRX	212	Picture	ITI	3001285	0	1	19057	2	0	18920
MG36HRX	213	Picture	CueingCross	3020509	0	1	3009	2	0	2920
MG36HRX	214	Picture	PrepTime	3023685	0	1	3009	2	0	2920
MG36HRX	215	Picture	2_36_Encoding_Working_Memory_MEG_P4_LR_Nonsalient_NoChange_CuedRetrieval_300_300_399_2150_3000_2400_gabor_patch_orientation_160_026_140_095_target_position_1_4_retrieval_position_4	3026861	0	1	1337	2	0	1250
MG36HRX	215	Picture	Flicker2	3028198	1337	1	1338	2	1250	1250
MG36HRX	215	Picture	Flicker3	3029536	2675	1	1337	2	2500	1250
MG36HRX	216	Picture	Delay	3031040	0	1	21564	2	0	21420
MG36HRX	217	Picture	2_36_Retrieval_Working_Memory_MEG_P4_LR_Nonsalient_NoChange_CuedRetrieval_retrieval_patch_orientation_095_retrieval_position_4	3052771	0	2	30090	3	0	29920
MG36HRX	217	Response	10	3062734	9963	4
MG36HRX	218	Picture	ITI	3083028	0	1	24072	2	0	23920
MG36HRX	219	Picture	CueingCross	3107267	0	1	3009	2	0	2920
MG36HRX	220	Picture	PrepTime	3110443	0	1	3009	2	0	2920
MG36HRX	221	Picture	2_37_Encoding_Working_Memory_MEG_P4_LR_Nonsalient_NoChange_CuedRetrieval_300_300_399_2100_3000_2100_gabor_patch_orientation_130_095_059_074_target_position_3_4_retrieval_position_4	3113619	0	1	1337	2	0	1250
MG36HRX	221	Picture	Flicker2	3114956	1337	1	1338	2	1250	1250
MG36HRX	221	Picture	Flicker3	3116294	2675	1	1337	2	2500	1250
MG36HRX	222	Picture	Delay	3117798	0	1	21063	2	0	20920
MG36HRX	223	Picture	2_37_Retrieval_Working_Memory_MEG_P4_LR_Nonsalient_NoChange_CuedRetrieval_retrieval_patch_orientation_074_retrieval_position_4	3139028	0	1	30089	2	0	29920
MG36HRX	223	Response	10	3147063	8035	4
MG36HRX	224	Picture	ITI	3169284	0	2	21063	3	0	20920
MG36HRX	225	Picture	CueingCross	3190514	0	1	3009	2	0	2920
MG36HRX	226	Picture	PrepTime	3193690	0	2	3009	3	0	2920
MG36HRX	227	Picture	2_38_Encoding_Working_Memory_MEG_P4_LR_Nonsalient_DoChange_UncuedRetriev_300_300_399_1800_3000_2000_gabor_patch_orientation_001_016_121_139_target_position_1_3_retrieval_position_4	3196866	0	2	1338	3	0	1250
MG36HRX	227	Picture	Flicker2	3198204	1338	1	1337	2	1250	1250
MG36HRX	227	Picture	Flicker3	3199541	2675	1	1337	2	2500	1250
MG36HRX	228	Picture	Delay	3201046	0	1	18053	2	0	17920
MG36HRX	229	Picture	2_38_Retrieval_Working_Memory_MEG_P4_LR_Nonsalient_DoChange_UncuedRetriev_retrieval_patch_orientation_089_retrieval_position_4	3219266	0	2	30090	3	0	29920
MG36HRX	229	Response	20	3230742	11476	4
MG36HRX	230	Picture	ITI	3249523	0	1	20060	2	0	19920
MG36HRX	231	Picture	CueingCross	3269750	0	1	3009	2	0	2920
MG36HRX	232	Picture	PrepTime	3272926	0	1	3009	2	0	2920
MG36HRX	233	Picture	2_39_Encoding_Working_Memory_MEG_P4_LR_Nonsalient_NoChange_CuedRetrieval_300_300_399_1950_3000_1900_gabor_patch_orientation_160_035_019_053_target_position_1_2_retrieval_position_2	3276102	0	1	1337	3	0	1250
MG36HRX	233	Picture	Flicker2	3277439	1337	2	1338	3	1250	1250
MG36HRX	233	Picture	Flicker3	3278777	2675	1	1337	2	2500	1250
MG36HRX	234	Picture	Delay	3280281	0	1	19558	2	0	19420
MG36HRX	235	Picture	2_39_Retrieval_Working_Memory_MEG_P4_LR_Nonsalient_NoChange_CuedRetrieval_retrieval_patch_orientation_035_retrieval_position_2	3300006	0	2	30090	3	0	29920
MG36HRX	235	Response	10	3310952	10946	3
MG36HRX	236	Picture	ITI	3330263	0	1	19057	2	0	18920
MG36HRX	237	Picture	CueingCross	3349487	0	1	3009	3	0	2920
MG36HRX	238	Picture	PrepTime	3352663	0	1	3009	2	0	2920
MG36HRX	239	Picture	2_40_Encoding_Working_Memory_MEG_P4_LR_Nonsalient_NoChange_CuedRetrieval_300_300_399_1950_3000_2000_gabor_patch_orientation_149_124_169_015_target_position_3_4_retrieval_position_3	3355839	0	1	1337	2	0	1250
MG36HRX	239	Picture	Flicker2	3357176	1337	1	1338	2	1250	1250
MG36HRX	239	Picture	Flicker3	3358514	2675	1	1337	2	2500	1250
MG36HRX	240	Picture	Delay	3360018	0	1	19558	2	0	19420
MG36HRX	241	Picture	2_40_Retrieval_Working_Memory_MEG_P4_LR_Nonsalient_NoChange_CuedRetrieval_retrieval_patch_orientation_169_retrieval_position_3	3379743	0	2	30090	3	0	29920
MG36HRX	241	Response	10	3395011	15268	4
MG36HRX	242	Picture	ITI	3410000	0	1	20060	2	0	19920
MG36HRX	243	Picture	CueingCross	3430227	0	1	3009	2	0	2920
MG36HRX	244	Picture	PrepTime	3433403	0	1	3009	2	0	2920
MG36HRX	245	Picture	2_41_Encoding_Working_Memory_MEG_P4_LR_Nonsalient_DoChange_UncuedRetriev_300_300_399_1750_3000_2300_gabor_patch_orientation_121_177_042_161_target_position_1_4_retrieval_position_3	3436579	0	1	1337	2	0	1250
MG36HRX	245	Picture	Flicker2	3437916	1337	1	1338	2	1250	1250
MG36HRX	245	Picture	Flicker3	3439254	2675	1	1337	2	2500	1250
MG36HRX	246	Picture	Delay	3440758	0	1	17552	2	0	17420
MG36HRX	247	Picture	2_41_Retrieval_Working_Memory_MEG_P4_LR_Nonsalient_DoChange_UncuedRetriev_retrieval_patch_orientation_087_retrieval_position_3	3458478	0	1	30089	2	0	29920
MG36HRX	247	Response	20	3469370	10892	3
MG36HRX	248	Picture	ITI	3488734	0	1	23069	2	0	22920
MG36HRX	249	Picture	CueingCross	3511970	0	1	3009	2	0	2920
MG36HRX	250	Picture	PrepTime	3515146	0	1	3009	2	0	2920
MG36HRX	251	Picture	2_42_Encoding_Working_Memory_MEG_P4_LR_Nonsalient_NoChange_CuedRetrieval_300_300_399_1950_3000_2400_gabor_patch_orientation_048_073_004_026_target_position_2_4_retrieval_position_4	3518322	0	1	1337	3	0	1250
MG36HRX	251	Picture	Flicker2	3519659	1337	2	1338	3	1250	1250
MG36HRX	251	Picture	Flicker3	3520997	2675	1	1337	2	2500	1250
MG36HRX	252	Picture	Delay	3522501	0	1	19558	2	0	19420
MG36HRX	253	Picture	2_42_Retrieval_Working_Memory_MEG_P4_LR_Nonsalient_NoChange_CuedRetrieval_retrieval_patch_orientation_026_retrieval_position_4	3542226	0	2	30090	3	0	29920
MG36HRX	253	Response	20	3554839	12613	3
MG36HRX	254	Picture	ITI	3572483	0	1	24072	2	0	23920
MG36HRX	255	Picture	CueingCross	3596722	0	1	3009	2	0	2920
MG36HRX	256	Picture	PrepTime	3599898	0	1	3009	2	0	2920
MG36HRX	257	Picture	2_43_Encoding_Working_Memory_MEG_P4_LR_Nonsalient_DoChange_CuedRetrieval_300_300_399_2200_3000_2500_gabor_patch_orientation_109_175_021_149_target_position_1_2_retrieval_position_1	3603074	0	1	1337	2	0	1250
MG36HRX	257	Picture	Flicker2	3604411	1337	1	1338	2	1250	1250
MG36HRX	257	Picture	Flicker3	3605749	2675	1	1337	2	2500	1250
MG36HRX	258	Picture	Delay	3607253	0	5	22066	6	0	21920
MG36HRX	259	Picture	2_43_Retrieval_Working_Memory_MEG_P4_LR_Nonsalient_DoChange_CuedRetrieval_retrieval_patch_orientation_061_retrieval_position_1	3629486	0	1	30089	2	0	29920
MG36HRX	259	Response	20	3637798	8312	4
MG36HRX	260	Picture	ITI	3659743	0	1	25074	2	0	24920
MG36HRX	261	Picture	CueingCross	3684984	0	2	3009	3	0	2920
MG36HRX	262	Picture	PrepTime	3688160	0	2	3009	3	0	2920
MG36HRX	263	Picture	2_44_Encoding_Working_Memory_MEG_P4_LR_Nonsalient_NoChange_CuedRetrieval_300_300_399_1900_3000_2450_gabor_patch_orientation_010_147_040_083_target_position_1_4_retrieval_position_4	3691336	0	2	1338	3	0	1250
MG36HRX	263	Picture	Flicker2	3692674	1338	1	1337	2	1250	1250
MG36HRX	263	Picture	Flicker3	3694011	2675	1	1337	2	2500	1250
MG36HRX	264	Picture	Delay	3695516	0	1	19055	3	0	18920
MG36HRX	265	Picture	2_44_Retrieval_Working_Memory_MEG_P4_LR_Nonsalient_NoChange_CuedRetrieval_retrieval_patch_orientation_083_retrieval_position_4	3714739	0	2	30090	3	0	29920
MG36HRX	265	Response	10	3726217	11478	4
MG36HRX	266	Picture	ITI	3744996	0	1	24573	2	0	24420
MG36HRX	267	Picture	CueingCross	3769736	0	1	3009	2	0	2920
MG36HRX	268	Picture	PrepTime	3772912	0	2	3009	3	0	2920
MG36HRX	269	Picture	2_45_Encoding_Working_Memory_MEG_P4_LR_Nonsalient_NoChange_CuedRetrieval_300_300_399_2100_3000_2550_gabor_patch_orientation_135_172_008_064_target_position_1_4_retrieval_position_1	3776088	0	2	1338	3	0	1250
MG36HRX	269	Picture	Flicker2	3777426	1338	1	1337	2	1250	1250
MG36HRX	269	Picture	Flicker3	3778763	2675	1	1337	2	2500	1250
MG36HRX	270	Picture	Delay	3780267	0	2	21063	3	0	20920
MG36HRX	271	Picture	2_45_Retrieval_Working_Memory_MEG_P4_LR_Nonsalient_NoChange_CuedRetrieval_retrieval_patch_orientation_135_retrieval_position_1	3801497	0	2	30090	3	0	29920
MG36HRX	271	Response	10	3811336	9839	4
MG36HRX	272	Picture	ITI	3831754	0	1	25576	2	0	25420
MG36HRX	273	Picture	CueingCross	3857497	0	1	3009	2	0	2920
MG36HRX	274	Picture	PrepTime	3860673	0	1	3009	2	0	2920
MG36HRX	275	Picture	2_46_Encoding_Working_Memory_MEG_P4_LR_Nonsalient_DoChange_CuedRetrieval_300_300_399_1800_3000_2250_gabor_patch_orientation_073_133_158_096_target_position_1_2_retrieval_position_1	3863849	0	2	1338	3	0	1250
MG36HRX	275	Picture	Flicker2	3865187	1338	1	1337	2	1250	1250
MG36HRX	275	Picture	Flicker3	3866524	2675	1	1337	2	2500	1250
MG36HRX	276	Picture	Delay	3868028	0	2	18054	3	0	17920
MG36HRX	277	Picture	2_46_Retrieval_Working_Memory_MEG_P4_LR_Nonsalient_DoChange_CuedRetrieval_retrieval_patch_orientation_026_retrieval_position_1	3886249	0	2	30090	3	0	29920
MG36HRX	277	Response	20	3899295	13046	4
MG36HRX	278	Picture	ITI	3916506	0	1	22567	2	0	22420
MG36HRX	279	Picture	CueingCross	3939240	0	1	3009	2	0	2920
MG36HRX	280	Picture	PrepTime	3942416	0	2	3009	3	0	2920
MG36HRX	281	Picture	2_47_Encoding_Working_Memory_MEG_P4_LR_Nonsalient_DoChange_UncuedRetriev_300_300_399_1850_3000_2550_gabor_patch_orientation_070_136_095_008_target_position_2_3_retrieval_position_4	3945592	0	2	1338	3	0	1250
MG36HRX	281	Picture	Flicker2	3946930	1338	1	1337	2	1250	1250
MG36HRX	281	Picture	Flicker3	3948267	2675	1	1337	2	2500	1250
MG36HRX	282	Picture	Delay	3949771	0	2	18556	3	0	18420
MG36HRX	283	Picture	2_47_Retrieval_Working_Memory_MEG_P4_LR_Nonsalient_DoChange_UncuedRetriev_retrieval_patch_orientation_053_retrieval_position_4	3968494	0	1	30089	2	0	29920
MG36HRX	283	Response	20	3978414	9920	4
MG36HRX	284	Picture	ITI	3998750	0	2	25576	4	0	25420
MG36HRX	285	Picture	CueingCross	4024493	0	2	3010	3	0	2920
MG36HRX	286	Picture	PrepTime	4027670	0	1	3009	2	0	2920
MG36HRX	287	Picture	2_48_Encoding_Working_Memory_MEG_P4_LR_Nonsalient_DoChange_CuedRetrieval_300_300_399_2250_3000_2350_gabor_patch_orientation_062_103_170_151_target_position_3_4_retrieval_position_4	4030846	0	1	1337	2	0	1250
MG36HRX	287	Picture	Flicker2	4032183	1337	1	1337	3	1250	1250
MG36HRX	287	Picture	Flicker3	4033520	2674	2	1338	3	2500	1250
MG36HRX	288	Picture	Delay	4035025	0	1	22567	2	0	22420
MG36HRX	289	Picture	2_48_Retrieval_Working_Memory_MEG_P4_LR_Nonsalient_DoChange_CuedRetrieval_retrieval_patch_orientation_016_retrieval_position_4	4057759	0	1	30090	2	0	29920
MG36HRX	289	Response	20	4066613	8854	4
MG36HRX	290	Picture	ITI	4088016	0	1	23570	2	0	23420
MG36HRX	291	Picture	CueingCross	4111753	0	1	3009	2	0	2920
MG36HRX	292	Picture	PrepTime	4114929	0	1	3009	2	0	2920
MG36HRX	293	Picture	2_49_Encoding_Working_Memory_MEG_P4_LR_Nonsalient_DoChange_CuedRetrieval_300_300_399_1900_3000_2450_gabor_patch_orientation_154_068_048_015_target_position_1_3_retrieval_position_3	4118105	0	1	1338	2	0	1250
MG36HRX	293	Picture	Flicker2	4119443	1338	1	1337	2	1250	1250
MG36HRX	293	Picture	Flicker3	4120780	2675	1	1337	2	2500	1250
MG36HRX	294	Picture	Delay	4122284	0	2	19057	3	0	18920
MG36HRX	295	Picture	2_49_Retrieval_Working_Memory_MEG_P4_LR_Nonsalient_DoChange_CuedRetrieval_retrieval_patch_orientation_094_retrieval_position_3	4141508	0	1	30090	2	0	29920
MG36HRX	295	Response	10	4156003	14495	3
MG36HRX	296	Picture	ITI	4171765	0	1	24573	2	0	24420
MG36HRX	297	Picture	CueingCross	4196505	0	1	3009	2	0	2920
MG36HRX	298	Picture	PrepTime	4199681	0	1	3009	2	0	2920
MG36HRX	299	Picture	2_50_Encoding_Working_Memory_MEG_P4_LR_Nonsalient_NoChange_CuedRetrieval_300_300_399_1800_3000_2450_gabor_patch_orientation_006_121_038_086_target_position_3_4_retrieval_position_3	4202857	0	1	1337	3	0	1250
MG36HRX	299	Picture	Flicker2	4204194	1337	2	1338	3	1250	1250
MG36HRX	299	Picture	Flicker3	4205532	2675	1	1337	2	2500	1250
MG36HRX	300	Picture	Delay	4207036	0	2	18054	3	0	17920
MG36HRX	301	Picture	2_50_Retrieval_Working_Memory_MEG_P4_LR_Nonsalient_NoChange_CuedRetrieval_retrieval_patch_orientation_038_retrieval_position_3	4225257	0	1	30090	2	0	29920
MG36HRX	301	Response	10	4241342	16085	3
MG36HRX	302	Picture	ITI	4255514	0	1	24573	2	0	24420
MG36HRX	303	Picture	CueingCross	4280254	0	1	3009	2	0	2920
MG36HRX	304	Picture	PrepTime	4283430	0	1	3009	2	0	2920
MG36HRX	305	Picture	2_51_Encoding_Working_Memory_MEG_P4_LR_Nonsalient_DoChange_CuedRetrieval_300_300_399_2000_3000_2500_gabor_patch_orientation_117_175_089_038_target_position_1_2_retrieval_position_1	4286606	0	1	1337	3	0	1250
MG36HRX	305	Picture	Flicker2	4287943	1337	2	1338	3	1250	1250
MG36HRX	305	Picture	Flicker3	4289281	2675	1	1337	2	2500	1250
MG36HRX	306	Picture	Delay	4290785	0	2	20060	3	0	19920
MG36HRX	307	Picture	2_51_Retrieval_Working_Memory_MEG_P4_LR_Nonsalient_DoChange_CuedRetrieval_retrieval_patch_orientation_068_retrieval_position_1	4311012	0	1	30090	2	0	29920
MG36HRX	308	Picture	ITI	4341269	0	1	25074	2	0	24920
MG36HRX	308	Response	20	4341901	632	4
MG36HRX	309	Picture	CueingCross	4366510	0	2	3009	3	0	2920
MG36HRX	310	Picture	PrepTime	4369686	0	2	3009	4	0	2920
MG36HRX	311	Picture	2_52_Encoding_Working_Memory_MEG_P4_LR_Nonsalient_DoChange_UncuedRetriev_300_300_399_1950_3000_2050_gabor_patch_orientation_142_092_068_028_target_position_2_4_retrieval_position_1	4372863	0	1	1337	2	0	1250
MG36HRX	311	Picture	Flicker2	4374200	1337	1	1337	2	1250	1250
MG36HRX	311	Picture	Flicker3	4375537	2674	1	1338	2	2500	1250
MG36HRX	312	Picture	Delay	4377042	0	1	19558	2	0	19420
MG36HRX	313	Picture	2_52_Retrieval_Working_Memory_MEG_P4_LR_Nonsalient_DoChange_UncuedRetriev_retrieval_patch_orientation_007_retrieval_position_1	4396767	0	1	30089	3	0	29920
MG36HRX	313	Response	20	4409010	12243	3
MG36HRX	314	Picture	ITI	4427024	0	1	20561	2	0	20420
MG36HRX	315	Picture	CueingCross	4447752	0	1	3009	2	0	2920
MG36HRX	316	Picture	PrepTime	4450928	0	1	3009	2	0	2920
MG36HRX	317	Picture	2_53_Encoding_Working_Memory_MEG_P4_LR_Nonsalient_NoChange_CuedRetrieval_300_300_399_1800_3000_2350_gabor_patch_orientation_162_128_039_144_target_position_2_4_retrieval_position_4	4454104	0	1	1337	3	0	1250
MG36HRX	317	Picture	Flicker2	4455441	1337	2	1338	3	1250	1250
MG36HRX	317	Picture	Flicker3	4456779	2675	1	1337	2	2500	1250
MG36HRX	318	Picture	Delay	4458283	0	1	18054	2	0	17920
MG36HRX	319	Picture	2_53_Retrieval_Working_Memory_MEG_P4_LR_Nonsalient_NoChange_CuedRetrieval_retrieval_patch_orientation_144_retrieval_position_4	4476504	0	1	30089	3	0	29920
MG36HRX	319	Response	10	4488139	11635	3
MG36HRX	320	Picture	ITI	4506761	0	1	23570	2	0	23420
MG36HRX	321	Picture	CueingCross	4530498	0	1	3009	2	0	2920
MG36HRX	322	Picture	PrepTime	4533674	0	1	3008	3	0	2920
MG36HRX	323	Picture	2_54_Encoding_Working_Memory_MEG_P4_LR_Nonsalient_DoChange_CuedRetrieval_300_300_399_1800_3000_1950_gabor_patch_orientation_177_133_025_007_target_position_2_4_retrieval_position_2	4536850	0	1	1337	3	0	1250
MG36HRX	323	Picture	Flicker2	4538187	1337	2	1338	3	1250	1250
MG36HRX	323	Picture	Flicker3	4539525	2675	1	1337	2	2500	1250
MG36HRX	324	Picture	Delay	4541029	0	1	18054	2	0	17920
MG36HRX	325	Picture	2_54_Retrieval_Working_Memory_MEG_P4_LR_Nonsalient_DoChange_CuedRetrieval_retrieval_patch_orientation_087_retrieval_position_2	4559250	0	1	30090	2	0	29920
MG36HRX	325	Response	20	4569808	10558	4
MG36HRX	326	Picture	ITI	4589507	0	1	19558	2	0	19420
MG36HRX	327	Picture	CueingCross	4609232	0	1	3009	2	0	2920
MG36HRX	328	Picture	PrepTime	4612408	0	1	3009	2	0	2920
MG36HRX	329	Picture	2_55_Encoding_Working_Memory_MEG_P4_LR_Nonsalient_NoChange_UncuedRetriev_300_300_399_2150_3000_2100_gabor_patch_orientation_153_131_096_116_target_position_3_4_retrieval_position_2	4615584	0	1	1338	2	0	1250
MG36HRX	329	Picture	Flicker2	4616922	1338	1	1336	3	1250	1250
MG36HRX	329	Picture	Flicker3	4618258	2674	2	1338	3	2500	1250
MG36HRX	330	Picture	Delay	4619763	0	2	21564	3	0	21420
MG36HRX	331	Picture	2_55_Retrieval_Working_Memory_MEG_P4_LR_Nonsalient_NoChange_UncuedRetriev_retrieval_patch_orientation_131_retrieval_position_2	4641495	0	1	30089	2	0	29920
MG36HRX	331	Response	10	4658007	16512	4
MG36HRX	332	Picture	ITI	4671751	0	1	21063	2	0	20920
MG36HRX	333	Picture	CueingCross	4692981	0	1	3009	2	0	2920
MG36HRX	334	Picture	PrepTime	4696157	0	1	3009	2	0	2920
MG36HRX	335	Picture	2_56_Encoding_Working_Memory_MEG_P4_LR_Nonsalient_DoChange_CuedRetrieval_300_300_399_1900_3000_2350_gabor_patch_orientation_101_081_155_040_target_position_1_2_retrieval_position_2	4699333	0	1	1338	2	0	1250
MG36HRX	335	Picture	Flicker2	4700671	1338	1	1337	2	1250	1250
MG36HRX	335	Picture	Flicker3	4702008	2675	1	1337	2	2500	1250
MG36HRX	336	Picture	Delay	4703512	0	1	19057	2	0	18920
MG36HRX	337	Picture	2_56_Retrieval_Working_Memory_MEG_P4_LR_Nonsalient_DoChange_CuedRetrieval_retrieval_patch_orientation_126_retrieval_position_2	4722736	0	1	30090	2	0	29920
MG36HRX	337	Response	10	4738316	15580	4
MG36HRX	338	Picture	ITI	4752993	0	1	23570	2	0	23420
MG36HRX	339	Picture	CueingCross	4776730	0	1	3009	2	0	2920
MG36HRX	340	Picture	PrepTime	4779906	0	1	3009	2	0	2920
MG36HRX	341	Picture	2_57_Encoding_Working_Memory_MEG_P4_LR_Nonsalient_NoChange_CuedRetrieval_300_300_399_2250_3000_2300_gabor_patch_orientation_100_154_085_125_target_position_1_3_retrieval_position_3	4783082	0	1	1337	3	0	1250
MG36HRX	341	Picture	Flicker2	4784419	1337	2	1338	3	1250	1250
MG36HRX	341	Picture	Flicker3	4785757	2675	1	1337	2	2500	1250
MG36HRX	342	Picture	Delay	4787261	0	2	22567	3	0	22420
MG36HRX	343	Picture	2_57_Retrieval_Working_Memory_MEG_P4_LR_Nonsalient_NoChange_CuedRetrieval_retrieval_patch_orientation_085_retrieval_position_3	4809995	0	2	30089	4	0	29920
MG36HRX	343	Response	20	4819965	9970	4
MG36HRX	344	Picture	ITI	4840252	0	1	23069	2	0	22920
MG36HRX	345	Picture	CueingCross	4863488	0	1	3009	2	0	2920
MG36HRX	346	Picture	PrepTime	4866664	0	1	3009	2	0	2920
MG36HRX	347	Picture	2_58_Encoding_Working_Memory_MEG_P4_LR_Nonsalient_DoChange_CuedRetrieval_300_300_399_2050_3000_2050_gabor_patch_orientation_064_179_091_037_target_position_1_3_retrieval_position_1	4869840	0	1	1337	2	0	1250
MG36HRX	347	Picture	Flicker2	4871177	1337	1	1338	2	1250	1250
MG36HRX	347	Picture	Flicker3	4872515	2675	1	1337	2	2500	1250
MG36HRX	348	Picture	Delay	4874019	0	1	20561	2	0	20420
MG36HRX	349	Picture	2_58_Retrieval_Working_Memory_MEG_P4_LR_Nonsalient_DoChange_CuedRetrieval_retrieval_patch_orientation_112_retrieval_position_1	4894747	0	2	30090	3	0	29920
MG36HRX	349	Response	20	4907784	13037	4
MG36HRX	350	Picture	ITI	4925004	0	1	20561	2	0	20420
MG36HRX	351	Picture	CueingCross	4945732	0	2	3009	3	0	2920
MG36HRX	352	Picture	PrepTime	4948908	0	2	3009	4	0	2920
MG36HRX	353	Picture	2_59_Encoding_Working_Memory_MEG_P4_LR_Nonsalient_DoChange_UncuedRetriev_300_300_399_1750_3000_2000_gabor_patch_orientation_001_117_085_037_target_position_1_4_retrieval_position_2	4952085	0	1	1337	2	0	1250
MG36HRX	353	Picture	Flicker2	4953422	1337	1	1337	2	1250	1250
MG36HRX	353	Picture	Flicker3	4954759	2674	1	1338	2	2500	1250
MG36HRX	354	Picture	Delay	4956264	0	1	17552	2	0	17420
MG36HRX	355	Picture	2_59_Retrieval_Working_Memory_MEG_P4_LR_Nonsalient_DoChange_UncuedRetriev_retrieval_patch_orientation_162_retrieval_position_2	4973983	0	1	30090	2	0	29920
MG36HRX	355	Response	20	4982154	8171	3
MG36HRX	356	Picture	ITI	5004240	0	1	20059	2	0	19920
MG36HRX	357	Picture	CueingCross	5024466	0	2	3009	4	0	2920
MG36HRX	358	Picture	PrepTime	5027643	0	1	3008	3	0	2920
MG36HRX	359	Picture	2_60_Encoding_Working_Memory_MEG_P4_LR_Nonsalient_NoChange_CuedRetrieval_300_300_399_1850_3000_2500_gabor_patch_orientation_006_143_062_175_target_position_1_2_retrieval_position_2	5030819	0	1	1337	2	0	1250
MG36HRX	359	Picture	Flicker2	5032156	1337	1	1337	2	1250	1250
MG36HRX	359	Picture	Flicker3	5033493	2674	1	1338	2	2500	1250
MG36HRX	360	Picture	Delay	5034998	0	1	18555	2	0	18420
MG36HRX	361	Picture	2_60_Retrieval_Working_Memory_MEG_P4_LR_Nonsalient_NoChange_CuedRetrieval_retrieval_patch_orientation_143_retrieval_position_2	5053720	0	1	30090	2	0	29920
MG36HRX	361	Response	10	5063433	9713	3
MG36HRX	362	Picture	ITI	5083977	0	1	25074	2	0	24920
MG36HRX	363	Picture	CueingCross	5109218	0	2	3009	3	0	2920
MG36HRX	364	Picture	PrepTime	5112395	0	1	3008	3	0	2920
MG36HRX	365	Picture	2_61_Encoding_Working_Memory_MEG_P4_LR_Nonsalient_DoChange_CuedRetrieval_300_300_399_2200_3000_2350_gabor_patch_orientation_058_178_099_034_target_position_1_4_retrieval_position_1	5115571	0	1	1337	2	0	1250
MG36HRX	365	Picture	Flicker2	5116908	1337	1	1337	2	1250	1250
MG36HRX	365	Picture	Flicker3	5118245	2674	1	1338	2	2500	1250
MG36HRX	366	Picture	Delay	5119750	0	1	22065	2	0	21920
MG36HRX	367	Picture	2_61_Retrieval_Working_Memory_MEG_P4_LR_Nonsalient_DoChange_CuedRetrieval_retrieval_patch_orientation_012_retrieval_position_1	5141982	0	2	30090	3	0	29920
MG36HRX	367	Response	20	5150482	8500	3
MG36HRX	368	Picture	ITI	5172239	0	1	23570	2	0	23420
MG36HRX	369	Picture	CueingCross	5195976	0	2	3009	3	0	2920
MG36HRX	370	Picture	PrepTime	5199152	0	2	3009	3	0	2920
MG36HRX	371	Picture	2_62_Encoding_Working_Memory_MEG_P4_LR_Nonsalient_DoChange_CuedRetrieval_300_300_399_2050_3000_1900_gabor_patch_orientation_066_109_046_002_target_position_1_2_retrieval_position_2	5202329	0	1	1337	2	0	1250
MG36HRX	371	Picture	Flicker2	5203666	1337	1	1337	2	1250	1250
MG36HRX	371	Picture	Flicker3	5205003	2674	1	1338	2	2500	1250
MG36HRX	372	Picture	Delay	5206508	0	1	20561	2	0	20420
MG36HRX	373	Picture	2_62_Retrieval_Working_Memory_MEG_P4_LR_Nonsalient_DoChange_CuedRetrieval_retrieval_patch_orientation_155_retrieval_position_2	5227236	0	1	30089	2	0	29920
MG36HRX	373	Response	10	5239271	12035	3
MG36HRX	374	Picture	ITI	5257493	0	1	19056	2	0	18920
MG36HRX	375	Picture	CueingCross	5276716	0	2	3009	3	0	2920
MG36HRX	376	Picture	PrepTime	5279893	0	1	3008	3	0	2920
MG36HRX	377	Picture	2_63_Encoding_Working_Memory_MEG_P4_LR_Nonsalient_DoChange_CuedRetrieval_300_300_399_2000_3000_2600_gabor_patch_orientation_098_035_150_175_target_position_1_3_retrieval_position_3	5283069	0	1	1337	2	0	1250
MG36HRX	377	Picture	Flicker2	5284406	1337	1	1337	2	1250	1250
MG36HRX	377	Picture	Flicker3	5285743	2674	1	1338	2	2500	1250
MG36HRX	378	Picture	Delay	5287248	0	1	20059	2	0	19920
MG36HRX	379	Picture	2_63_Retrieval_Working_Memory_MEG_P4_LR_Nonsalient_DoChange_CuedRetrieval_retrieval_patch_orientation_011_retrieval_position_3	5307474	0	2	30090	3	0	29920
MG36HRX	379	Response	20	5324140	16666	3
MG36HRX	380	Picture	ITI	5337731	0	1	26078	2	0	25920
MG36HRX	381	Picture	CueingCross	5363976	0	1	3009	2	0	2920
MG36HRX	382	Picture	PrepTime	5367152	0	1	3009	2	0	2920
MG36HRX	383	Picture	2_64_Encoding_Working_Memory_MEG_P4_LR_Nonsalient_DoChange_UncuedRetriev_300_300_399_2100_3000_1950_gabor_patch_orientation_132_109_003_049_target_position_2_4_retrieval_position_1	5370328	0	1	1337	2	0	1250
MG36HRX	383	Picture	Flicker2	5371665	1337	1	1338	2	1250	1250
MG36HRX	383	Picture	Flicker3	5373003	2675	1	1337	2	2500	1250
MG36HRX	384	Picture	Delay	5374507	0	1	21063	2	0	20920
MG36HRX	385	Picture	2_64_Retrieval_Working_Memory_MEG_P4_LR_Nonsalient_DoChange_UncuedRetriev_retrieval_patch_orientation_180_retrieval_position_1	5395737	0	1	30089	2	0	29920
MG36HRX	385	Response	20	5403469	7732	4
MG36HRX	386	Picture	ITI	5425993	0	2	19559	3	0	19420
MG36HRX	387	Picture	CueingCross	5445719	0	1	3009	2	0	2920
MG36HRX	388	Picture	PrepTime	5448895	0	1	3009	2	0	2920
MG36HRX	389	Picture	2_65_Encoding_Working_Memory_MEG_P4_LR_Nonsalient_NoChange_CuedRetrieval_300_300_399_2200_3000_2300_gabor_patch_orientation_170_128_085_147_target_position_1_4_retrieval_position_4	5452071	0	1	1337	3	0	1250
MG36HRX	389	Picture	Flicker2	5453408	1337	2	1338	3	1250	1250
MG36HRX	389	Picture	Flicker3	5454746	2675	1	1337	2	2500	1250
MG36HRX	390	Picture	Delay	5456250	0	1	22066	2	0	21920
MG36HRX	391	Picture	2_65_Retrieval_Working_Memory_MEG_P4_LR_Nonsalient_NoChange_CuedRetrieval_retrieval_patch_orientation_147_retrieval_position_4	5478483	0	1	30089	2	0	29920
MG36HRX	391	Response	10	5488948	10465	4
MG36HRX	392	Picture	ITI	5508739	0	2	23069	3	0	22920
MG36HRX	393	Picture	CueingCross	5531975	0	2	3009	4	0	2920
MG36HRX	394	Picture	PrepTime	5535151	0	2	3009	3	0	2920
MG36HRX	395	Picture	2_66_Encoding_Working_Memory_MEG_P4_LR_Nonsalient_DoChange_CuedRetrieval_300_300_399_1750_3000_2350_gabor_patch_orientation_116_131_172_001_target_position_1_2_retrieval_position_2	5538327	0	2	1338	3	0	1250
MG36HRX	395	Picture	Flicker2	5539665	1338	1	1337	2	1250	1250
MG36HRX	395	Picture	Flicker3	5541002	2675	1	1337	3	2500	1250
MG36HRX	396	Picture	Delay	5542507	0	1	17552	2	0	17420
MG36HRX	397	Picture	2_66_Retrieval_Working_Memory_MEG_P4_LR_Nonsalient_DoChange_CuedRetrieval_retrieval_patch_orientation_082_retrieval_position_2	5560226	0	1	30089	2	0	29920
MG36HRX	397	Response	20	5568217	7991	4
MG36HRX	398	Picture	ITI	5590482	0	2	23571	3	0	23420
MG36HRX	399	Picture	CueingCross	5614220	0	1	3009	2	0	2920
MG36HRX	400	Picture	PrepTime	5617396	0	1	3009	2	0	2920
MG36HRX	401	Picture	2_67_Encoding_Working_Memory_MEG_P4_LR_Nonsalient_DoChange_CuedRetrieval_300_300_399_1900_3000_2100_gabor_patch_orientation_159_136_114_099_target_position_1_3_retrieval_position_3	5620572	0	1	1337	2	0	1250
MG36HRX	401	Picture	Flicker2	5621909	1337	1	1338	2	1250	1250
MG36HRX	401	Picture	Flicker3	5623247	2675	1	1337	2	2500	1250
MG36HRX	402	Picture	Delay	5624751	0	1	19057	2	0	18920
MG36HRX	403	Picture	2_67_Retrieval_Working_Memory_MEG_P4_LR_Nonsalient_DoChange_CuedRetrieval_retrieval_patch_orientation_069_retrieval_position_3	5643975	0	1	30089	2	0	29920
MG36HRX	403	Response	20	5650506	6531	4
MG36HRX	404	Picture	ITI	5674231	0	2	21063	3	0	20920
MG36HRX	405	Picture	CueingCross	5695461	0	2	3009	3	0	2920
MG36HRX	406	Picture	PrepTime	5698637	0	2	3009	3	0	2920
MG36HRX	407	Picture	2_68_Encoding_Working_Memory_MEG_P4_LR_Nonsalient_DoChange_CuedRetrieval_300_300_399_2200_3000_2200_gabor_patch_orientation_143_029_053_073_target_position_2_4_retrieval_position_4	5701813	0	2	1338	3	0	1250
MG36HRX	407	Picture	Flicker2	5703151	1338	1	1337	2	1250	1250
MG36HRX	407	Picture	Flicker3	5704488	2675	1	1337	3	2500	1250
MG36HRX	408	Picture	Delay	5705993	0	1	22065	2	0	21920
MG36HRX	409	Picture	2_68_Retrieval_Working_Memory_MEG_P4_LR_Nonsalient_DoChange_CuedRetrieval_retrieval_patch_orientation_118_retrieval_position_4	5728225	0	2	30090	3	0	29920
MG36HRX	409	Response	20	5742765	14540	4
MG36HRX	410	Picture	ITI	5758482	0	1	22066	2	0	21920
MG36HRX	411	Picture	CueingCross	5780715	0	1	3009	2	0	2920
MG36HRX	412	Picture	PrepTime	5783891	0	1	3009	2	0	2920
MG36HRX	413	Picture	2_69_Encoding_Working_Memory_MEG_P4_LR_Nonsalient_NoChange_UncuedRetriev_300_300_399_2000_3000_2600_gabor_patch_orientation_031_004_110_160_target_position_2_4_retrieval_position_1	5787067	0	1	1337	2	0	1250
MG36HRX	413	Picture	Flicker2	5788404	1337	1	1338	2	1250	1250
MG36HRX	413	Picture	Flicker3	5789742	2675	1	1337	2	2500	1250
MG36HRX	414	Picture	Delay	5791246	0	1	20060	2	0	19920
MG36HRX	415	Picture	2_69_Retrieval_Working_Memory_MEG_P4_LR_Nonsalient_NoChange_UncuedRetriev_retrieval_patch_orientation_031_retrieval_position_1	5811473	0	1	30089	2	0	29920
MG36HRX	415	Response	10	5821245	9772	3
MG36HRX	416	Picture	ITI	5841729	0	2	26078	3	0	25920
MG36HRX	417	Picture	CueingCross	5867974	0	1	3008	3	0	2920
MG36HRX	418	Picture	PrepTime	5871150	0	1	3009	2	0	2920
MG36HRX	419	Picture	2_70_Encoding_Working_Memory_MEG_P4_LR_Nonsalient_DoChange_CuedRetrieval_300_300_399_2050_3000_2400_gabor_patch_orientation_157_042_094_069_target_position_1_4_retrieval_position_1	5874326	0	2	1338	3	0	1250
MG36HRX	419	Picture	Flicker2	5875664	1338	1	1337	2	1250	1250
MG36HRX	419	Picture	Flicker3	5877001	2675	1	1337	2	2500	1250
MG36HRX	420	Picture	Delay	5878505	0	2	20562	3	0	20420
MG36HRX	421	Picture	2_70_Retrieval_Working_Memory_MEG_P4_LR_Nonsalient_DoChange_CuedRetrieval_retrieval_patch_orientation_112_retrieval_position_1	5899234	0	1	30089	2	0	29920
MG36HRX	421	Response	20	5912094	12860	3
MG36HRX	422	Picture	ITI	5929490	0	2	24072	3	0	23920
MG36HRX	423	Picture	BaselinePost	5953729	0	1	50149	2	0	50000
