Scenario - ATWM1_Working_Memory_MEG_salient_cued_run2
Logfile written - 02/16/2016 16:25:34

Subject	Trial	Event Type	Code	Time	TTime	Uncertainty	Duration	Uncertainty	ReqTime	ReqDur

MG36HRX	1	Picture	ExpStart	29	0	1	10030	2	0	10000
MG36HRX	2	Picture	BaselinePre	10226	0	1	100131	2	0	100000
MG36HRX	3	Picture	CueingCross	110524	0	2	3009	3	0	2920
MG36HRX	4	Picture	PrepTime	113700	0	2	3009	3	0	2920
MG36HRX	5	Picture	2_1_Encoding_Working_Memory_MEG_P4_LR_Nonsalient_NoChange_CuedRetrieval_300_300_399_1900_3000_2450_gabor_patch_orientation_086_128_058_102_target_position_2_4_retrieval_position_2	116876	0	2	1338	3	0	1250
MG36HRX	5	Picture	Flicker2	118214	1338	1	1337	2	1250	1250
MG36HRX	5	Picture	Flicker3	119551	2675	1	1337	3	2500	1250
MG36HRX	6	Picture	Delay	121056	0	1	19056	2	0	18920
MG36HRX	7	Picture	2_1_Retrieval_Working_Memory_MEG_P4_LR_Nonsalient_NoChange_CuedRetrieval_retrieval_patch_orientation_128_retrieval_position_2	140279	0	2	30090	3	0	29920
MG36HRX	7	Response	10	151507	11228	4
MG36HRX	8	Picture	ITI	170536	0	1	24573	2	0	24420
MG36HRX	9	Picture	CueingCross	195276	0	2	3009	3	0	2920
MG36HRX	10	Picture	PrepTime	198452	0	2	3009	3	0	2920
MG36HRX	11	Picture	2_2_Encoding_Working_Memory_MEG_P4_LR_Nonsalient_DoChange_CuedRetrieval_300_300_399_2200_3000_2300_gabor_patch_orientation_005_173_061_127_target_position_2_3_retrieval_position_2	201628	0	2	1338	3	0	1250
MG36HRX	11	Picture	Flicker2	202966	1338	1	1337	2	1250	1250
MG36HRX	11	Picture	Flicker3	204303	2675	1	1337	3	2500	1250
MG36HRX	12	Picture	Delay	205808	0	1	22065	2	0	21920
MG36HRX	13	Picture	2_2_Retrieval_Working_Memory_MEG_P4_LR_Nonsalient_DoChange_CuedRetrieval_retrieval_patch_orientation_038_retrieval_position_2	228040	0	2	30090	3	0	29920
MG36HRX	13	Response	20	236206	8166	4
MG36HRX	14	Picture	ITI	258297	0	2	23069	3	0	22920
MG36HRX	15	Picture	CueingCross	281533	0	1	3009	2	0	2920
MG36HRX	16	Picture	PrepTime	284709	0	1	3009	2	0	2920
MG36HRX	17	Picture	2_3_Encoding_Working_Memory_MEG_P4_LR_Nonsalient_NoChange_CuedRetrieval_300_300_399_1750_3000_1900_gabor_patch_orientation_087_157_123_006_target_position_1_4_retrieval_position_4	287885	0	1	1337	2	0	1250
MG36HRX	17	Picture	Flicker2	289222	1337	1	1338	2	1250	1250
MG36HRX	17	Picture	Flicker3	290560	2675	1	1337	2	2500	1250
MG36HRX	18	Picture	Delay	292064	0	1	17552	2	0	17420
MG36HRX	19	Picture	2_3_Retrieval_Working_Memory_MEG_P4_LR_Nonsalient_NoChange_CuedRetrieval_retrieval_patch_orientation_006_retrieval_position_4	309783	0	2	30090	3	0	29920
MG36HRX	19	Response	10	322786	13003	3
MG36HRX	20	Picture	ITI	340040	0	1	19057	2	0	18920
MG36HRX	21	Picture	CueingCross	359264	0	1	3009	2	0	2920
MG36HRX	22	Picture	PrepTime	362440	0	1	3009	2	0	2920
MG36HRX	23	Picture	2_4_Encoding_Working_Memory_MEG_P4_LR_Nonsalient_NoChange_UncuedRetriev_300_300_399_1800_3000_2500_gabor_patch_orientation_129_101_069_015_target_position_1_2_retrieval_position_4	365616	0	1	1337	2	0	1250
MG36HRX	23	Picture	Flicker2	366953	1337	1	1337	3	1250	1250
MG36HRX	23	Picture	Flicker3	368290	2674	2	1338	3	2500	1250
MG36HRX	24	Picture	Delay	369795	0	1	18054	2	0	17920
MG36HRX	25	Picture	2_4_Retrieval_Working_Memory_MEG_P4_LR_Nonsalient_NoChange_UncuedRetriev_retrieval_patch_orientation_015_retrieval_position_4	388016	0	1	30089	3	0	29920
MG36HRX	25	Response	20	402865	14849	3
MG36HRX	26	Picture	ITI	418272	0	2	25075	3	0	24920
MG36HRX	27	Picture	CueingCross	443514	0	2	3009	3	0	2920
MG36HRX	28	Picture	PrepTime	446690	0	2	3009	3	0	2920
MG36HRX	29	Picture	2_5_Encoding_Working_Memory_MEG_P4_LR_Nonsalient_NoChange_CuedRetrieval_300_300_399_1750_3000_2250_gabor_patch_orientation_165_098_140_031_target_position_1_4_retrieval_position_4	449866	0	2	1338	3	0	1250
MG36HRX	29	Picture	Flicker2	451204	1338	1	1337	2	1250	1250
MG36HRX	29	Picture	Flicker3	452541	2675	1	1337	2	2500	1250
MG36HRX	30	Picture	Delay	454046	0	1	17552	2	0	17420
MG36HRX	31	Picture	2_5_Retrieval_Working_Memory_MEG_P4_LR_Nonsalient_NoChange_CuedRetrieval_retrieval_patch_orientation_031_retrieval_position_4	471765	0	1	30089	2	0	29920
MG36HRX	31	Response	10	482904	11139	3
MG36HRX	32	Picture	ITI	502021	0	2	22568	3	0	22420
MG36HRX	33	Picture	CueingCross	524756	0	1	3009	2	0	2920
MG36HRX	34	Picture	PrepTime	527932	0	1	3009	2	0	2920
MG36HRX	35	Picture	2_6_Encoding_Working_Memory_MEG_P4_LR_Nonsalient_NoChange_CuedRetrieval_300_300_399_2050_3000_2450_gabor_patch_orientation_068_007_175_030_target_position_1_3_retrieval_position_1	531108	0	1	1337	2	0	1250
MG36HRX	35	Picture	Flicker2	532445	1337	1	1338	2	1250	1250
MG36HRX	35	Picture	Flicker3	533783	2675	1	1337	2	2500	1250
MG36HRX	36	Picture	Delay	535287	0	1	20561	2	0	20420
MG36HRX	37	Picture	2_6_Retrieval_Working_Memory_MEG_P4_LR_Nonsalient_NoChange_CuedRetrieval_retrieval_patch_orientation_068_retrieval_position_1	556015	0	2	30090	3	0	29920
MG36HRX	37	Response	10	568923	12908	3
MG36HRX	38	Picture	ITI	586272	0	1	24573	2	0	24420
MG36HRX	39	Picture	CueingCross	611012	0	1	3009	2	0	2920
MG36HRX	40	Picture	PrepTime	614188	0	2	3009	3	0	2920
MG36HRX	41	Picture	2_7_Encoding_Working_Memory_MEG_P4_LR_Nonsalient_DoChange_CuedRetrieval_300_300_399_1950_3000_2250_gabor_patch_orientation_137_154_120_076_target_position_1_4_retrieval_position_1	617364	0	2	1338	3	0	1250
MG36HRX	41	Picture	Flicker2	618702	1338	1	1337	2	1250	1250
MG36HRX	41	Picture	Flicker3	620039	2675	1	1337	2	2500	1250
MG36HRX	42	Picture	Delay	621544	0	1	19558	2	0	19420
MG36HRX	43	Picture	2_7_Retrieval_Working_Memory_MEG_P4_LR_Nonsalient_DoChange_CuedRetrieval_retrieval_patch_orientation_002_retrieval_position_1	641269	0	1	30089	2	0	29920
MG36HRX	43	Response	20	652142	10873	3
MG36HRX	44	Picture	ITI	671525	0	2	22568	3	0	22420
MG36HRX	45	Picture	CueingCross	694260	0	1	3009	2	0	2920
MG36HRX	46	Picture	PrepTime	697436	0	1	3009	2	0	2920
MG36HRX	47	Picture	2_8_Encoding_Working_Memory_MEG_P4_LR_Nonsalient_NoChange_CuedRetrieval_300_300_399_2200_3000_2100_gabor_patch_orientation_094_004_147_120_target_position_2_4_retrieval_position_4	700612	0	1	1337	2	0	1250
MG36HRX	47	Picture	Flicker2	701949	1337	1	1337	3	1250	1250
MG36HRX	47	Picture	Flicker3	703286	2674	2	1338	3	2500	1250
MG36HRX	48	Picture	Delay	704791	0	1	22066	2	0	21920
MG36HRX	49	Picture	2_8_Retrieval_Working_Memory_MEG_P4_LR_Nonsalient_NoChange_CuedRetrieval_retrieval_patch_orientation_120_retrieval_position_4	727024	0	1	30089	2	0	29920
MG36HRX	49	Response	10	736701	9677	4
MG36HRX	50	Picture	ITI	757280	0	2	21063	3	0	20920
MG36HRX	51	Picture	CueingCross	778510	0	1	3009	2	0	2920
MG36HRX	52	Picture	PrepTime	781686	0	2	3009	3	0	2920
MG36HRX	53	Picture	2_9_Encoding_Working_Memory_MEG_P4_LR_Nonsalient_NoChange_CuedRetrieval_300_300_399_2000_3000_2150_gabor_patch_orientation_108_152_176_133_target_position_1_2_retrieval_position_1	784862	0	2	1338	3	0	1250
MG36HRX	53	Picture	Flicker2	786200	1338	1	1337	2	1250	1250
MG36HRX	53	Picture	Flicker3	787537	2675	1	1337	2	2500	1250
MG36HRX	54	Picture	Delay	789041	0	2	20060	3	0	19920
MG36HRX	55	Picture	2_9_Retrieval_Working_Memory_MEG_P4_LR_Nonsalient_NoChange_CuedRetrieval_retrieval_patch_orientation_108_retrieval_position_1	809268	0	2	30090	3	0	29920
MG36HRX	55	Response	10	818740	9472	4
MG36HRX	56	Picture	ITI	839525	0	2	21564	3	0	21420
MG36HRX	57	Picture	CueingCross	861256	0	1	3009	2	0	2920
MG36HRX	58	Picture	PrepTime	864432	0	2	3009	3	0	2920
MG36HRX	59	Picture	2_10_Encoding_Working_Memory_MEG_P4_LR_Nonsalient_NoChange_CuedRetrieval_300_300_399_2150_3000_2400_gabor_patch_orientation_179_010_094_144_target_position_2_3_retrieval_position_2	867608	0	2	1338	3	0	1250
MG36HRX	59	Picture	Flicker2	868946	1338	1	1337	2	1250	1250
MG36HRX	59	Picture	Flicker3	870283	2675	1	1337	2	2500	1250
MG36HRX	60	Picture	Delay	871788	0	1	21564	2	0	21420
MG36HRX	61	Picture	2_10_Retrieval_Working_Memory_MEG_P4_LR_Nonsalient_NoChange_CuedRetrieval_retrieval_patch_orientation_010_retrieval_position_2	893519	0	1	30089	2	0	29920
MG36HRX	61	Response	10	903319	9800	4
MG36HRX	62	Picture	ITI	923775	0	2	24072	3	0	23920
MG36HRX	63	Picture	CueingCross	948014	0	1	3009	2	0	2920
MG36HRX	64	Picture	PrepTime	951190	0	1	3009	2	0	2920
MG36HRX	65	Picture	2_11_Encoding_Working_Memory_MEG_P4_LR_Nonsalient_NoChange_CuedRetrieval_300_300_399_2000_3000_1900_gabor_patch_orientation_004_070_049_033_target_position_2_3_retrieval_position_3	954366	0	2	1338	3	0	1250
MG36HRX	65	Picture	Flicker2	955704	1338	1	1337	2	1250	1250
MG36HRX	65	Picture	Flicker3	957041	2675	1	1337	2	2500	1250
MG36HRX	66	Picture	Delay	958545	0	2	20060	3	0	19920
MG36HRX	67	Picture	2_11_Retrieval_Working_Memory_MEG_P4_LR_Nonsalient_NoChange_CuedRetrieval_retrieval_patch_orientation_049_retrieval_position_3	978772	0	2	30090	3	0	29920
MG36HRX	67	Response	10	987528	8756	4
MG36HRX	68	Picture	ITI	1009029	0	1	19056	3	0	18920
MG36HRX	69	Picture	CueingCross	1028253	0	1	3009	2	0	2920
MG36HRX	70	Picture	PrepTime	1031429	0	1	3009	2	0	2920
MG36HRX	71	Picture	2_12_Encoding_Working_Memory_MEG_P4_LR_Nonsalient_NoChange_CuedRetrieval_300_300_399_1750_3000_1900_gabor_patch_orientation_157_179_129_051_target_position_1_4_retrieval_position_4	1034605	0	1	1337	2	0	1250
MG36HRX	71	Picture	Flicker2	1035942	1337	1	1338	2	1250	1250
MG36HRX	71	Picture	Flicker3	1037280	2675	1	1337	2	2500	1250
MG36HRX	72	Picture	Delay	1038784	0	1	17552	2	0	17420
MG36HRX	73	Picture	2_12_Retrieval_Working_Memory_MEG_P4_LR_Nonsalient_NoChange_CuedRetrieval_retrieval_patch_orientation_051_retrieval_position_4	1056503	0	2	30090	3	0	29920
MG36HRX	73	Response	10	1066338	9835	4
MG36HRX	74	Picture	ITI	1086760	0	1	19057	2	0	18920
MG36HRX	75	Picture	CueingCross	1105984	0	1	3009	2	0	2920
MG36HRX	76	Picture	PrepTime	1109160	0	1	3009	2	0	2920
MG36HRX	77	Picture	2_13_Encoding_Working_Memory_MEG_P4_LR_Nonsalient_DoChange_UncuedRetriev_300_300_399_1900_3000_2600_gabor_patch_orientation_079_011_059_095_target_position_1_3_retrieval_position_4	1112336	0	1	1337	2	0	1250
MG36HRX	77	Picture	Flicker2	1113673	1337	1	1338	2	1250	1250
MG36HRX	77	Picture	Flicker3	1115011	2675	1	1337	2	2500	1250
MG36HRX	78	Picture	Delay	1116515	0	1	19057	2	0	18920
MG36HRX	79	Picture	2_13_Retrieval_Working_Memory_MEG_P4_LR_Nonsalient_DoChange_UncuedRetriev_retrieval_patch_orientation_141_retrieval_position_4	1135739	0	1	30089	2	0	29920
MG36HRX	79	Response	10	1142257	6518	3
MG36HRX	80	Picture	ITI	1165995	0	2	26078	3	0	25920
MG36HRX	81	Picture	CueingCross	1192240	0	1	3009	2	0	2920
MG36HRX	82	Picture	PrepTime	1195416	0	2	3009	3	0	2920
MG36HRX	83	Picture	2_14_Encoding_Working_Memory_MEG_P4_LR_Nonsalient_NoChange_CuedRetrieval_300_300_399_2000_3000_2300_gabor_patch_orientation_068_095_129_005_target_position_2_4_retrieval_position_4	1198592	0	2	1338	3	0	1250
MG36HRX	83	Picture	Flicker2	1199930	1338	1	1337	2	1250	1250
MG36HRX	83	Picture	Flicker3	1201267	2675	1	1337	2	2500	1250
MG36HRX	84	Picture	Delay	1202771	0	2	20060	3	0	19920
MG36HRX	85	Picture	2_14_Retrieval_Working_Memory_MEG_P4_LR_Nonsalient_NoChange_CuedRetrieval_retrieval_patch_orientation_005_retrieval_position_4	1222998	0	2	30090	3	0	29920
MG36HRX	85	Response	10	1233966	10968	3
MG36HRX	86	Picture	ITI	1253255	0	1	23069	2	0	22920
MG36HRX	87	Picture	CueingCross	1276491	0	1	3009	2	0	2920
MG36HRX	88	Picture	PrepTime	1279667	0	1	3009	2	0	2920
MG36HRX	89	Picture	2_15_Encoding_Working_Memory_MEG_P4_LR_Nonsalient_NoChange_CuedRetrieval_300_300_399_2050_3000_2050_gabor_patch_orientation_063_121_146_096_target_position_1_3_retrieval_position_3	1282843	0	1	1337	2	0	1250
MG36HRX	89	Picture	Flicker2	1284180	1337	1	1338	2	1250	1250
MG36HRX	89	Picture	Flicker3	1285518	2675	1	1251	2	2500	1250
MG36HRX	90	Picture	Delay	1286855	0	1	20561	2	0	20420
MG36HRX	91	Picture	2_15_Retrieval_Working_Memory_MEG_P4_LR_Nonsalient_NoChange_CuedRetrieval_retrieval_patch_orientation_146_retrieval_position_3	1307583	0	1	30090	2	0	29920
MG36HRX	91	Response	20	1320945	13362	3
MG36HRX	92	Picture	ITI	1337840	0	1	20561	2	0	20420
MG36HRX	93	Picture	CueingCross	1358568	0	1	3009	2	0	2920
MG36HRX	94	Picture	PrepTime	1361744	0	1	3009	3	0	2920
MG36HRX	95	Picture	2_16_Encoding_Working_Memory_MEG_P4_LR_Nonsalient_DoChange_UncuedRetriev_300_300_399_1750_3000_2400_gabor_patch_orientation_134_091_019_002_target_position_2_3_retrieval_position_1	1364920	0	1	1338	2	0	1250
MG36HRX	95	Picture	Flicker2	1366258	1338	1	1337	2	1250	1250
MG36HRX	95	Picture	Flicker3	1367595	2675	1	1337	2	2500	1250
MG36HRX	96	Picture	Delay	1369099	0	2	17552	4	0	17420
MG36HRX	97	Picture	2_16_Retrieval_Working_Memory_MEG_P4_LR_Nonsalient_DoChange_UncuedRetriev_retrieval_patch_orientation_179_retrieval_position_1	1386819	0	1	30089	2	0	29920
MG36HRX	97	Response	20	1399344	12525	3
MG36HRX	98	Picture	ITI	1417075	0	2	24072	3	0	23920
MG36HRX	99	Picture	CueingCross	1441314	0	1	3009	2	0	2920
MG36HRX	100	Picture	PrepTime	1444490	0	1	3009	2	0	2920
MG36HRX	101	Picture	2_17_Encoding_Working_Memory_MEG_P4_LR_Nonsalient_DoChange_CuedRetrieval_300_300_399_1850_3000_2600_gabor_patch_orientation_035_144_069_005_target_position_3_4_retrieval_position_3	1447666	0	1	1338	2	0	1250
MG36HRX	101	Picture	Flicker2	1449004	1338	1	1337	2	1250	1250
MG36HRX	101	Picture	Flicker3	1450341	2675	1	1337	2	2500	1250
MG36HRX	102	Picture	Delay	1451845	0	2	18556	3	0	18420
MG36HRX	103	Picture	2_17_Retrieval_Working_Memory_MEG_P4_LR_Nonsalient_DoChange_CuedRetrieval_retrieval_patch_orientation_118_retrieval_position_3	1470568	0	1	30089	2	0	29920
MG36HRX	103	Response	20	1480173	9605	4
MG36HRX	104	Picture	ITI	1500824	0	2	26078	3	0	25920
MG36HRX	105	Picture	CueingCross	1527069	0	1	3009	2	0	2920
MG36HRX	106	Picture	PrepTime	1530245	0	1	3009	2	0	2920
MG36HRX	107	Picture	2_18_Encoding_Working_Memory_MEG_P4_LR_Nonsalient_DoChange_CuedRetrieval_300_300_399_2150_3000_2250_gabor_patch_orientation_091_072_003_157_target_position_2_3_retrieval_position_2	1533421	0	1	1337	3	0	1250
MG36HRX	107	Picture	Flicker2	1534758	1337	2	1338	3	1250	1250
MG36HRX	107	Picture	Flicker3	1536096	2675	1	1337	2	2500	1250
MG36HRX	108	Picture	Delay	1537600	0	2	21564	3	0	21420
MG36HRX	109	Picture	2_18_Retrieval_Working_Memory_MEG_P4_LR_Nonsalient_DoChange_CuedRetrieval_retrieval_patch_orientation_122_retrieval_position_2	1559332	0	1	30089	2	0	29920
MG36HRX	109	Response	20	1574432	15100	4
MG36HRX	110	Picture	ITI	1589588	0	1	22567	2	0	22420
MG36HRX	111	Picture	CueingCross	1612322	0	2	3009	3	0	2920
MG36HRX	112	Picture	PrepTime	1615499	0	1	3008	3	0	2920
MG36HRX	113	Picture	2_19_Encoding_Working_Memory_MEG_P4_LR_Nonsalient_DoChange_UncuedRetriev_300_300_399_1750_3000_2200_gabor_patch_orientation_043_004_178_119_target_position_1_3_retrieval_position_4	1618675	0	1	1337	2	0	1250
MG36HRX	113	Picture	Flicker2	1620012	1337	1	1337	2	1250	1250
MG36HRX	113	Picture	Flicker3	1621349	2674	1	1338	2	2500	1250
MG36HRX	114	Picture	Delay	1622854	0	1	17552	2	0	17420
MG36HRX	115	Picture	2_19_Retrieval_Working_Memory_MEG_P4_LR_Nonsalient_DoChange_UncuedRetriev_retrieval_patch_orientation_071_retrieval_position_4	1640573	0	1	30090	2	0	29920
MG36HRX	115	Response	10	1655691	15118	4
MG36HRX	115	Response	20	1667111	26538	3
MG36HRX	116	Picture	ITI	1670830	0	1	22065	2	0	21920
MG36HRX	117	Picture	CueingCross	1693062	0	2	3009	4	0	2920
MG36HRX	118	Picture	PrepTime	1696239	0	1	3009	2	0	2920
MG36HRX	119	Picture	2_20_Encoding_Working_Memory_MEG_P4_LR_Nonsalient_DoChange_CuedRetrieval_300_300_399_1850_3000_2050_gabor_patch_orientation_175_012_144_093_target_position_1_2_retrieval_position_2	1699415	0	1	1336	3	0	1250
MG36HRX	119	Picture	Flicker2	1700751	1336	2	1338	3	1250	1250
MG36HRX	119	Picture	Flicker3	1702089	2674	1	1338	2	2500	1250
MG36HRX	120	Picture	Delay	1703594	0	1	18555	2	0	18420
MG36HRX	121	Picture	2_20_Retrieval_Working_Memory_MEG_P4_LR_Nonsalient_DoChange_CuedRetrieval_retrieval_patch_orientation_062_retrieval_position_2	1722316	0	1	30090	2	0	29920
MG36HRX	121	Response	20	1731340	9024	4
MG36HRX	122	Picture	ITI	1752573	0	1	20561	2	0	20420
MG36HRX	123	Picture	CueingCross	1773301	0	1	3009	2	0	2920
MG36HRX	124	Picture	PrepTime	1776477	0	1	3009	2	0	2920
MG36HRX	125	Picture	2_21_Encoding_Working_Memory_MEG_P4_LR_Nonsalient_DoChange_CuedRetrieval_300_300_399_2050_3000_2050_gabor_patch_orientation_093_050_137_029_target_position_1_2_retrieval_position_2	1779653	0	1	1338	2	0	1250
MG36HRX	125	Picture	Flicker2	1780991	1338	1	1336	3	1250	1250
MG36HRX	125	Picture	Flicker3	1782327	2674	2	1338	3	2500	1250
MG36HRX	126	Picture	Delay	1783832	0	2	20561	4	0	20420
MG36HRX	127	Picture	2_21_Retrieval_Working_Memory_MEG_P4_LR_Nonsalient_DoChange_CuedRetrieval_retrieval_patch_orientation_004_retrieval_position_2	1804561	0	1	30089	2	0	29920
MG36HRX	127	Response	20	1822259	17698	4
MG36HRX	128	Picture	ITI	1834817	0	1	20561	2	0	20420
MG36HRX	129	Picture	CueingCross	1855545	0	2	3009	4	0	2920
MG36HRX	130	Picture	PrepTime	1858722	0	1	3009	2	0	2920
MG36HRX	131	Picture	2_22_Encoding_Working_Memory_MEG_P4_LR_Nonsalient_NoChange_CuedRetrieval_300_300_399_2050_3000_2000_gabor_patch_orientation_092_004_033_155_target_position_1_4_retrieval_position_4	1861898	0	1	1337	2	0	1250
MG36HRX	131	Picture	Flicker2	1863235	1337	1	1337	2	1250	1250
MG36HRX	131	Picture	Flicker3	1864572	2674	1	1338	2	2500	1250
MG36HRX	132	Picture	Delay	1866077	0	1	20561	2	0	20420
MG36HRX	133	Picture	2_22_Retrieval_Working_Memory_MEG_P4_LR_Nonsalient_NoChange_CuedRetrieval_retrieval_patch_orientation_155_retrieval_position_4	1886805	0	1	30090	2	0	29920
MG36HRX	133	Response	10	1898709	11904	4
MG36HRX	134	Picture	ITI	1917062	0	1	20059	2	0	19920
MG36HRX	135	Picture	CueingCross	1937288	0	2	3009	4	0	2920
MG36HRX	136	Picture	PrepTime	1940465	0	1	3009	2	0	2920
MG36HRX	137	Picture	2_23_Encoding_Working_Memory_MEG_P4_LR_Nonsalient_DoChange_CuedRetrieval_300_300_399_2250_3000_1950_gabor_patch_orientation_115_144_058_163_target_position_1_4_retrieval_position_4	1943641	0	1	1337	2	0	1250
MG36HRX	137	Picture	Flicker2	1944978	1337	1	1337	2	1250	1250
MG36HRX	137	Picture	Flicker3	1946315	2674	1	1338	2	2500	1250
MG36HRX	138	Picture	Delay	1947820	0	1	22567	2	0	22420
MG36HRX	139	Picture	2_23_Retrieval_Working_Memory_MEG_P4_LR_Nonsalient_DoChange_CuedRetrieval_retrieval_patch_orientation_027_retrieval_position_4	1970554	0	1	30090	2	0	29920
MG36HRX	139	Response	20	1980428	9874	3
MG36HRX	140	Picture	ITI	2000811	0	1	19558	2	0	19420
MG36HRX	141	Picture	CueingCross	2020536	0	1	3009	2	0	2920
MG36HRX	142	Picture	PrepTime	2023712	0	1	3009	2	0	2920
MG36HRX	143	Picture	2_24_Encoding_Working_Memory_MEG_P4_LR_Nonsalient_NoChange_CuedRetrieval_300_300_399_2100_3000_2050_gabor_patch_orientation_069_090_033_012_target_position_2_4_retrieval_position_2	2026888	0	1	1338	2	0	1250
MG36HRX	143	Picture	Flicker2	2028226	1338	1	1337	2	1250	1250
MG36HRX	143	Picture	Flicker3	2029563	2675	1	1337	2	2500	1250
MG36HRX	144	Picture	Delay	2031067	0	2	21063	3	0	20920
MG36HRX	145	Picture	2_24_Retrieval_Working_Memory_MEG_P4_LR_Nonsalient_NoChange_CuedRetrieval_retrieval_patch_orientation_090_retrieval_position_2	2052297	0	1	30090	2	0	29920
MG36HRX	145	Response	10	2068937	16640	3
MG36HRX	146	Picture	ITI	2082554	0	1	20561	2	0	20420
MG36HRX	147	Picture	CueingCross	2103282	0	1	3009	2	0	2920
MG36HRX	148	Picture	PrepTime	2106458	0	1	3009	2	0	2920
MG36HRX	149	Picture	2_25_Encoding_Working_Memory_MEG_P4_LR_Nonsalient_DoChange_CuedRetrieval_300_300_399_1850_3000_2350_gabor_patch_orientation_119_135_092_179_target_position_3_4_retrieval_position_3	2109634	0	1	1338	2	0	1250
MG36HRX	149	Picture	Flicker2	2110972	1338	1	1337	2	1250	1250
MG36HRX	149	Picture	Flicker3	2112309	2675	1	1337	2	2500	1250
MG36HRX	150	Picture	Delay	2113813	0	2	18556	3	0	18420
MG36HRX	151	Picture	2_25_Retrieval_Working_Memory_MEG_P4_LR_Nonsalient_DoChange_CuedRetrieval_retrieval_patch_orientation_047_retrieval_position_3	2132536	0	1	30089	2	0	29920
MG36HRX	151	Response	20	2151046	18510	3
MG36HRX	152	Picture	ITI	2162792	0	2	23570	3	0	23420
MG36HRX	153	Picture	CueingCross	2186530	0	1	3008	3	0	2920
MG36HRX	154	Picture	PrepTime	2189706	0	1	3009	2	0	2920
MG36HRX	155	Picture	2_26_Encoding_Working_Memory_MEG_P4_LR_Nonsalient_DoChange_UncuedRetriev_300_300_399_2250_3000_2550_gabor_patch_orientation_086_109_142_166_target_position_1_3_retrieval_position_2	2192882	0	1	1337	2	0	1250
MG36HRX	155	Picture	Flicker2	2194219	1337	1	1337	2	1250	1250
MG36HRX	155	Picture	Flicker3	2195556	2674	1	1338	2	2500	1250
MG36HRX	156	Picture	Delay	2197061	0	1	22567	2	0	22420
MG36HRX	157	Picture	2_26_Retrieval_Working_Memory_MEG_P4_LR_Nonsalient_DoChange_UncuedRetriev_retrieval_patch_orientation_060_retrieval_position_2	2219795	0	1	30089	3	0	29920
MG36HRX	158	Picture	ITI	2250052	0	1	25576	2	0	25420
MG36HRX	159	Picture	CueingCross	2275795	0	1	3009	2	0	2920
MG36HRX	160	Picture	PrepTime	2278971	0	1	3009	2	0	2920
MG36HRX	161	Picture	2_27_Encoding_Working_Memory_MEG_P4_LR_Nonsalient_DoChange_CuedRetrieval_300_300_399_2250_3000_2600_gabor_patch_orientation_139_032_115_053_target_position_2_4_retrieval_position_2	2282147	0	1	1337	3	0	1250
MG36HRX	161	Picture	Flicker2	2283484	1337	2	1338	3	1250	1250
MG36HRX	161	Picture	Flicker3	2284822	2675	1	1337	2	2500	1250
MG36HRX	162	Picture	Delay	2286326	0	1	22567	2	0	22420
MG36HRX	163	Picture	2_27_Retrieval_Working_Memory_MEG_P4_LR_Nonsalient_DoChange_CuedRetrieval_retrieval_patch_orientation_167_retrieval_position_2	2309060	0	2	30090	3	0	29920
MG36HRX	163	Response	20	2322214	13154	4
MG36HRX	164	Picture	ITI	2339317	0	1	26078	2	0	25920
MG36HRX	165	Picture	CueingCross	2365562	0	1	3009	2	0	2920
MG36HRX	166	Picture	PrepTime	2368738	0	1	3009	2	0	2920
MG36HRX	167	Picture	2_28_Encoding_Working_Memory_MEG_P4_LR_Nonsalient_NoChange_CuedRetrieval_300_300_399_1800_3000_2100_gabor_patch_orientation_155_067_135_018_target_position_1_4_retrieval_position_1	2371914	0	1	1337	3	0	1250
MG36HRX	167	Picture	Flicker2	2373251	1337	2	1338	3	1250	1250
MG36HRX	167	Picture	Flicker3	2374589	2675	1	1337	2	2500	1250
MG36HRX	168	Picture	Delay	2376093	0	2	18054	3	0	17920
MG36HRX	169	Picture	2_28_Retrieval_Working_Memory_MEG_P4_LR_Nonsalient_NoChange_CuedRetrieval_retrieval_patch_orientation_155_retrieval_position_1	2394314	0	1	30089	2	0	29920
MG36HRX	169	Response	10	2405843	11529	4
MG36HRX	170	Picture	ITI	2424570	0	2	21063	3	0	20920
MG36HRX	171	Picture	CueingCross	2445800	0	2	3009	3	0	2920
MG36HRX	172	Picture	PrepTime	2448976	0	2	3009	3	0	2920
MG36HRX	173	Picture	2_29_Encoding_Working_Memory_MEG_P4_LR_Nonsalient_DoChange_UncuedRetriev_300_300_399_1950_3000_2150_gabor_patch_orientation_020_057_142_080_target_position_1_2_retrieval_position_4	2452153	0	1	1337	2	0	1250
MG36HRX	173	Picture	Flicker2	2453490	1337	1	1337	2	1250	1250
MG36HRX	173	Picture	Flicker3	2454827	2674	1	1337	3	2500	1250
MG36HRX	174	Picture	Delay	2456332	0	1	19558	2	0	19420
MG36HRX	175	Picture	2_29_Retrieval_Working_Memory_MEG_P4_LR_Nonsalient_DoChange_UncuedRetriev_retrieval_patch_orientation_126_retrieval_position_4	2476057	0	1	30089	2	0	29920
MG36HRX	175	Response	20	2485982	9925	4
MG36HRX	176	Picture	ITI	2506314	0	1	21564	2	0	21420
MG36HRX	177	Picture	CueingCross	2528045	0	1	3009	2	0	2920
MG36HRX	178	Picture	PrepTime	2531221	0	1	3009	2	0	2920
MG36HRX	179	Picture	2_30_Encoding_Working_Memory_MEG_P4_LR_Nonsalient_DoChange_CuedRetrieval_300_300_399_2150_3000_2200_gabor_patch_orientation_049_093_004_156_target_position_3_4_retrieval_position_3	2534397	0	1	1337	2	0	1250
MG36HRX	179	Picture	Flicker2	2535734	1337	1	1338	2	1250	1250
MG36HRX	179	Picture	Flicker3	2537072	2675	1	1337	2	2500	1250
MG36HRX	180	Picture	Delay	2538576	0	1	21564	2	0	21420
MG36HRX	181	Picture	2_30_Retrieval_Working_Memory_MEG_P4_LR_Nonsalient_DoChange_CuedRetrieval_retrieval_patch_orientation_139_retrieval_position_3	2560307	0	2	30090	3	0	29920
MG36HRX	181	Response	20	2578791	18484	4
MG36HRX	182	Picture	ITI	2590564	0	1	22066	2	0	21920
MG36HRX	183	Picture	CueingCross	2612797	0	1	3009	2	0	2920
MG36HRX	184	Picture	PrepTime	2615973	0	1	3009	2	0	2920
MG36HRX	185	Picture	2_31_Encoding_Working_Memory_MEG_P4_LR_Nonsalient_DoChange_CuedRetrieval_300_300_399_2250_3000_2350_gabor_patch_orientation_174_016_153_036_target_position_3_4_retrieval_position_3	2619149	0	1	1337	2	0	1250
MG36HRX	185	Picture	Flicker2	2620486	1337	1	1338	2	1250	1250
MG36HRX	185	Picture	Flicker3	2621824	2675	1	1337	2	2500	1250
MG36HRX	186	Picture	Delay	2623328	0	1	22567	2	0	22420
MG36HRX	187	Picture	2_31_Retrieval_Working_Memory_MEG_P4_LR_Nonsalient_DoChange_CuedRetrieval_retrieval_patch_orientation_106_retrieval_position_3	2646062	0	2	30090	3	0	29920
MG36HRX	187	Response	10	2660130	14068	4
MG36HRX	188	Picture	ITI	2676319	0	1	23570	2	0	23420
MG36HRX	189	Picture	CueingCross	2700056	0	1	3009	2	0	2920
MG36HRX	190	Picture	PrepTime	2703232	0	2	3009	3	0	2920
MG36HRX	191	Picture	2_32_Encoding_Working_Memory_MEG_P4_LR_Nonsalient_DoChange_CuedRetrieval_300_300_399_1850_3000_2200_gabor_patch_orientation_172_112_132_067_target_position_2_4_retrieval_position_4	2706408	0	2	1338	3	0	1250
MG36HRX	191	Picture	Flicker2	2707746	1338	1	1337	2	1250	1250
MG36HRX	191	Picture	Flicker3	2709083	2675	1	1337	2	2500	1250
MG36HRX	192	Picture	Delay	2710588	0	1	18555	2	0	18420
MG36HRX	193	Picture	2_32_Retrieval_Working_Memory_MEG_P4_LR_Nonsalient_DoChange_CuedRetrieval_retrieval_patch_orientation_022_retrieval_position_4	2729310	0	1	30089	2	0	29920
MG36HRX	193	Response	10	2748419	19109	4
MG36HRX	194	Picture	ITI	2759566	0	2	22066	3	0	21920
MG36HRX	195	Picture	CueingCross	2781799	0	1	3009	2	0	2920
MG36HRX	196	Picture	PrepTime	2784975	0	2	3009	3	0	2920
MG36HRX	197	Picture	2_33_Encoding_Working_Memory_MEG_P4_LR_Nonsalient_DoChange_CuedRetrieval_300_300_399_2100_3000_2100_gabor_patch_orientation_017_101_172_141_target_position_1_3_retrieval_position_3	2788151	0	2	1338	3	0	1250
MG36HRX	197	Picture	Flicker2	2789489	1338	1	1337	2	1250	1250
MG36HRX	197	Picture	Flicker3	2790826	2675	1	1337	2	2500	1250
MG36HRX	198	Picture	Delay	2792331	0	1	21062	2	0	20920
MG36HRX	199	Picture	2_33_Retrieval_Working_Memory_MEG_P4_LR_Nonsalient_DoChange_CuedRetrieval_retrieval_patch_orientation_034_retrieval_position_3	2813560	0	2	30090	3	0	29920
MG36HRX	199	Response	20	2826139	12579	3
MG36HRX	200	Picture	ITI	2843817	0	1	21063	2	0	20920
MG36HRX	201	Picture	CueingCross	2865047	0	1	3009	2	0	2920
MG36HRX	202	Picture	PrepTime	2868223	0	1	3009	2	0	2920
MG36HRX	203	Picture	2_34_Encoding_Working_Memory_MEG_P4_LR_Nonsalient_NoChange_CuedRetrieval_300_300_399_2200_3000_2550_gabor_patch_orientation_070_102_031_015_target_position_2_3_retrieval_position_2	2871399	0	1	1337	2	0	1250
MG36HRX	203	Picture	Flicker2	2872736	1337	1	1338	2	1250	1250
MG36HRX	203	Picture	Flicker3	2874074	2675	1	1337	2	2500	1250
MG36HRX	204	Picture	Delay	2875578	0	1	22066	2	0	21920
MG36HRX	205	Picture	2_34_Retrieval_Working_Memory_MEG_P4_LR_Nonsalient_NoChange_CuedRetrieval_retrieval_patch_orientation_102_retrieval_position_2	2897811	0	1	30089	2	0	29920
MG36HRX	205	Response	10	2909248	11437	3
MG36HRX	206	Picture	ITI	2928067	0	2	25576	4	0	25420
MG36HRX	207	Picture	CueingCross	2953811	0	1	3009	2	0	2920
MG36HRX	208	Picture	PrepTime	2956987	0	1	3009	2	0	2920
MG36HRX	209	Picture	2_35_Encoding_Working_Memory_MEG_P4_LR_Nonsalient_NoChange_UncuedRetriev_300_300_399_1950_3000_2100_gabor_patch_orientation_178_045_066_135_target_position_2_3_retrieval_position_4	2960163	0	1	1337	2	0	1250
MG36HRX	209	Picture	Flicker2	2961500	1337	1	1337	3	1250	1250
MG36HRX	209	Picture	Flicker3	2962837	2674	2	1338	3	2500	1250
MG36HRX	210	Picture	Delay	2964342	0	1	19558	2	0	19420
MG36HRX	211	Picture	2_35_Retrieval_Working_Memory_MEG_P4_LR_Nonsalient_NoChange_UncuedRetriev_retrieval_patch_orientation_135_retrieval_position_4	2984067	0	1	30090	2	0	29920
MG36HRX	211	Response	10	2995397	11330	3
MG36HRX	212	Picture	ITI	3014324	0	1	21062	3	0	20920
MG36HRX	213	Picture	CueingCross	3035554	0	1	3009	2	0	2920
MG36HRX	214	Picture	PrepTime	3038730	0	1	3009	2	0	2920
MG36HRX	215	Picture	2_36_Encoding_Working_Memory_MEG_P4_LR_Nonsalient_DoChange_CuedRetrieval_300_300_399_1800_3000_1900_gabor_patch_orientation_146_019_037_106_target_position_2_4_retrieval_position_4	3041906	0	1	1337	2	0	1250
MG36HRX	215	Picture	Flicker2	3043243	1337	1	1337	3	1250	1250
MG36HRX	215	Picture	Flicker3	3044580	2674	2	1338	3	2500	1250
MG36HRX	216	Picture	Delay	3046085	0	1	18054	2	0	17920
MG36HRX	217	Picture	2_36_Retrieval_Working_Memory_MEG_P4_LR_Nonsalient_DoChange_CuedRetrieval_retrieval_patch_orientation_061_retrieval_position_4	3064306	0	1	30089	2	0	29920
MG36HRX	217	Response	20	3085216	20910	3
MG36HRX	218	Picture	ITI	3094562	0	2	19057	3	0	18920
MG36HRX	219	Picture	CueingCross	3113786	0	1	3009	2	0	2920
MG36HRX	220	Picture	PrepTime	3116962	0	2	3009	3	0	2920
MG36HRX	221	Picture	2_37_Encoding_Working_Memory_MEG_P4_LR_Nonsalient_DoChange_CuedRetrieval_300_300_399_1800_3000_2250_gabor_patch_orientation_061_177_110_129_target_position_1_2_retrieval_position_2	3120138	0	2	1338	3	0	1250
MG36HRX	221	Picture	Flicker2	3121476	1338	1	1337	2	1250	1250
MG36HRX	221	Picture	Flicker3	3122813	2675	1	1337	2	2500	1250
MG36HRX	222	Picture	Delay	3124317	0	2	18054	3	0	17920
MG36HRX	223	Picture	2_37_Retrieval_Working_Memory_MEG_P4_LR_Nonsalient_DoChange_CuedRetrieval_retrieval_patch_orientation_041_retrieval_position_2	3142538	0	2	30090	3	0	29920
MG36HRX	223	Response	20	3161855	19317	3
MG36HRX	224	Picture	ITI	3172795	0	1	22567	2	0	22420
MG36HRX	225	Picture	CueingCross	3195529	0	1	3009	2	0	2920
MG36HRX	226	Picture	PrepTime	3198705	0	2	3009	3	0	2920
MG36HRX	227	Picture	2_38_Encoding_Working_Memory_MEG_P4_LR_Nonsalient_NoChange_CuedRetrieval_300_300_399_2250_3000_1900_gabor_patch_orientation_109_003_075_026_target_position_2_4_retrieval_position_4	3201881	0	2	1338	3	0	1250
MG36HRX	227	Picture	Flicker2	3203219	1338	1	1337	2	1250	1250
MG36HRX	227	Picture	Flicker3	3204556	2675	1	1337	2	2500	1250
MG36HRX	228	Picture	Delay	3206060	0	2	22568	3	0	22420
MG36HRX	229	Picture	2_38_Retrieval_Working_Memory_MEG_P4_LR_Nonsalient_NoChange_CuedRetrieval_retrieval_patch_orientation_026_retrieval_position_4	3228795	0	1	30089	2	0	29920
MG36HRX	229	Response	10	3238734	9939	4
MG36HRX	230	Picture	ITI	3259051	0	2	19057	3	0	18920
MG36HRX	231	Picture	CueingCross	3278275	0	1	3009	2	0	2920
MG36HRX	232	Picture	PrepTime	3281451	0	2	3009	3	0	2920
MG36HRX	233	Picture	2_39_Encoding_Working_Memory_MEG_P4_LR_Nonsalient_DoChange_CuedRetrieval_300_300_399_1900_3000_2450_gabor_patch_orientation_174_131_049_111_target_position_3_4_retrieval_position_3	3284627	0	2	1338	3	0	1250
MG36HRX	233	Picture	Flicker2	3285965	1338	1	1337	2	1250	1250
MG36HRX	233	Picture	Flicker3	3287302	2675	1	1337	2	2500	1250
MG36HRX	234	Picture	Delay	3288806	0	2	19057	3	0	18920
MG36HRX	235	Picture	2_39_Retrieval_Working_Memory_MEG_P4_LR_Nonsalient_DoChange_CuedRetrieval_retrieval_patch_orientation_003_retrieval_position_3	3308030	0	2	30090	3	0	29920
MG36HRX	235	Response	20	3317173	9143	4
MG36HRX	236	Picture	ITI	3338287	0	1	24573	2	0	24420
MG36HRX	237	Picture	CueingCross	3363027	0	1	3009	2	0	2920
MG36HRX	238	Picture	PrepTime	3366203	0	1	3009	2	0	2920
MG36HRX	239	Picture	2_40_Encoding_Working_Memory_MEG_P4_LR_Nonsalient_DoChange_CuedRetrieval_300_300_399_1950_3000_2350_gabor_patch_orientation_021_004_081_038_target_position_2_3_retrieval_position_3	3369379	0	2	1338	3	0	1250
MG36HRX	239	Picture	Flicker2	3370717	1338	1	1337	2	1250	1250
MG36HRX	239	Picture	Flicker3	3372054	2675	1	1337	2	2500	1250
MG36HRX	240	Picture	Delay	3373558	0	2	19559	3	0	19420
MG36HRX	241	Picture	2_40_Retrieval_Working_Memory_MEG_P4_LR_Nonsalient_DoChange_CuedRetrieval_retrieval_patch_orientation_128_retrieval_position_3	3393284	0	1	30089	2	0	29920
MG36HRX	241	Response	10	3408722	15438	4
MG36HRX	242	Picture	ITI	3423540	0	2	23570	4	0	23420
MG36HRX	243	Picture	CueingCross	3447278	0	1	3009	2	0	2920
MG36HRX	244	Picture	PrepTime	3450454	0	1	3009	2	0	2920
MG36HRX	245	Picture	2_41_Encoding_Working_Memory_MEG_P4_LR_Nonsalient_DoChange_CuedRetrieval_300_300_399_1750_3000_2450_gabor_patch_orientation_099_177_144_120_target_position_2_3_retrieval_position_3	3453630	0	1	1337	2	0	1250
MG36HRX	245	Picture	Flicker2	3454967	1337	1	1337	3	1250	1250
MG36HRX	245	Picture	Flicker3	3456304	2674	2	1338	3	2500	1250
MG36HRX	246	Picture	Delay	3457809	0	1	17552	2	0	17420
MG36HRX	247	Picture	2_41_Retrieval_Working_Memory_MEG_P4_LR_Nonsalient_DoChange_CuedRetrieval_retrieval_patch_orientation_009_retrieval_position_3	3475528	0	2	30090	3	0	29920
MG36HRX	247	Response	20	3487022	11494	3
MG36HRX	248	Picture	ITI	3505785	0	1	24573	2	0	24420
MG36HRX	249	Picture	CueingCross	3530525	0	1	3009	2	0	2920
MG36HRX	250	Picture	PrepTime	3533701	0	1	3009	2	0	2920
MG36HRX	251	Picture	2_42_Encoding_Working_Memory_MEG_P4_LR_Nonsalient_DoChange_CuedRetrieval_300_300_399_2150_3000_2300_gabor_patch_orientation_066_083_045_154_target_position_1_4_retrieval_position_4	3536877	0	2	1338	3	0	1250
MG36HRX	251	Picture	Flicker2	3538215	1338	1	1337	2	1250	1250
MG36HRX	251	Picture	Flicker3	3539552	2675	1	1337	2	2500	1250
MG36HRX	252	Picture	Delay	3541056	0	2	21565	3	0	21420
MG36HRX	253	Picture	2_42_Retrieval_Working_Memory_MEG_P4_LR_Nonsalient_DoChange_CuedRetrieval_retrieval_patch_orientation_105_retrieval_position_4	3562788	0	1	30089	2	0	29920
MG36HRX	253	Response	20	3572411	9623	4
MG36HRX	254	Picture	ITI	3593044	0	2	23069	3	0	22920
MG36HRX	255	Picture	CueingCross	3616280	0	1	3009	2	0	2920
MG36HRX	256	Picture	PrepTime	3619456	0	1	3009	2	0	2920
MG36HRX	257	Picture	2_43_Encoding_Working_Memory_MEG_P4_LR_Nonsalient_NoChange_UncuedRetriev_300_300_399_1900_3000_2500_gabor_patch_orientation_174_061_036_020_target_position_3_4_retrieval_position_1	3622632	0	1	1338	2	0	1250
MG36HRX	257	Picture	Flicker2	3623970	1338	1	1337	2	1250	1250
MG36HRX	257	Picture	Flicker3	3625307	2675	1	1337	2	2500	1250
MG36HRX	258	Picture	Delay	3626811	0	2	19057	3	0	18920
MG36HRX	259	Picture	2_43_Retrieval_Working_Memory_MEG_P4_LR_Nonsalient_NoChange_UncuedRetriev_retrieval_patch_orientation_174_retrieval_position_1	3646035	0	1	30090	2	0	29920
MG36HRX	259	Response	20	3657970	11935	3
MG36HRX	260	Picture	ITI	3676292	0	1	25074	2	0	24920
MG36HRX	261	Picture	CueingCross	3701534	0	1	3008	3	0	2920
MG36HRX	262	Picture	PrepTime	3704710	0	1	3009	2	0	2920
MG36HRX	263	Picture	2_44_Encoding_Working_Memory_MEG_P4_LR_Nonsalient_NoChange_CuedRetrieval_300_300_399_2100_3000_2550_gabor_patch_orientation_131_100_057_012_target_position_2_4_retrieval_position_4	3707886	0	1	1337	2	0	1250
MG36HRX	263	Picture	Flicker2	3709223	1337	1	1337	2	1250	1250
MG36HRX	263	Picture	Flicker3	3710560	2674	1	1338	2	2500	1250
MG36HRX	264	Picture	Delay	3712065	0	1	21062	3	0	20920
MG36HRX	265	Picture	2_44_Retrieval_Working_Memory_MEG_P4_LR_Nonsalient_NoChange_CuedRetrieval_retrieval_patch_orientation_012_retrieval_position_4	3733295	0	1	30089	2	0	29920
MG36HRX	265	Response	10	3746819	13524	4
MG36HRX	266	Picture	ITI	3763551	0	2	25576	3	0	25420
MG36HRX	267	Picture	CueingCross	3789294	0	2	3009	3	0	2920
MG36HRX	268	Picture	PrepTime	3792471	0	1	3008	3	0	2920
MG36HRX	269	Picture	2_45_Encoding_Working_Memory_MEG_P4_LR_Nonsalient_NoChange_CuedRetrieval_300_300_399_1800_3000_1950_gabor_patch_orientation_129_110_057_020_target_position_1_4_retrieval_position_1	3795647	0	1	1337	2	0	1250
MG36HRX	269	Picture	Flicker2	3796984	1337	1	1337	2	1250	1250
MG36HRX	269	Picture	Flicker3	3798321	2674	1	1338	2	2500	1250
MG36HRX	270	Picture	Delay	3799826	0	1	18053	2	0	17920
MG36HRX	271	Picture	2_45_Retrieval_Working_Memory_MEG_P4_LR_Nonsalient_NoChange_CuedRetrieval_retrieval_patch_orientation_129_retrieval_position_1	3818047	0	2	30089	3	0	29920
MG36HRX	271	Response	10	3839738	21691	3
MG36HRX	272	Picture	ITI	3848303	0	1	19558	2	0	19420
MG36HRX	273	Picture	CueingCross	3868029	0	1	3008	3	0	2920
MG36HRX	274	Picture	PrepTime	3871205	0	1	3009	2	0	2920
MG36HRX	275	Picture	2_46_Encoding_Working_Memory_MEG_P4_LR_Nonsalient_NoChange_CuedRetrieval_300_300_399_2200_3000_2200_gabor_patch_orientation_030_089_146_176_target_position_2_3_retrieval_position_3	3874381	0	1	1337	2	0	1250
MG36HRX	275	Picture	Flicker2	3875718	1337	1	1337	2	1250	1250
MG36HRX	275	Picture	Flicker3	3877055	2674	1	1338	2	2500	1250
MG36HRX	276	Picture	Delay	3878560	0	1	22065	3	0	21920
MG36HRX	277	Picture	2_46_Retrieval_Working_Memory_MEG_P4_LR_Nonsalient_NoChange_CuedRetrieval_retrieval_patch_orientation_146_retrieval_position_3	3900793	0	1	30089	2	0	29920
MG36HRX	277	Response	10	3911257	10464	3
MG36HRX	278	Picture	ITI	3931049	0	2	22066	3	0	21920
MG36HRX	279	Picture	CueingCross	3953282	0	1	3009	2	0	2920
MG36HRX	280	Picture	PrepTime	3956458	0	1	3009	2	0	2920
MG36HRX	281	Picture	2_47_Encoding_Working_Memory_MEG_P4_LR_Nonsalient_NoChange_CuedRetrieval_300_300_399_1900_3000_1950_gabor_patch_orientation_001_089_050_028_target_position_1_4_retrieval_position_1	3959634	0	1	1337	3	0	1250
MG36HRX	281	Picture	Flicker2	3960971	1337	2	1338	3	1250	1250
MG36HRX	281	Picture	Flicker3	3962309	2675	1	1337	2	2500	1250
MG36HRX	282	Picture	Delay	3963813	0	2	19057	3	0	18920
MG36HRX	283	Picture	2_47_Retrieval_Working_Memory_MEG_P4_LR_Nonsalient_NoChange_CuedRetrieval_retrieval_patch_orientation_001_retrieval_position_1	3983037	0	1	30089	3	0	29920
MG36HRX	283	Response	10	3993846	10809	4
MG36HRX	284	Picture	ITI	4013294	0	1	19558	2	0	19420
MG36HRX	285	Picture	CueingCross	4033019	0	1	3009	2	0	2920
MG36HRX	286	Picture	PrepTime	4036195	0	1	3009	2	0	2920
MG36HRX	287	Picture	2_48_Encoding_Working_Memory_MEG_P4_LR_Nonsalient_NoChange_UncuedRetriev_300_300_399_2000_3000_2200_gabor_patch_orientation_002_109_172_139_target_position_2_3_retrieval_position_4	4039371	0	1	1338	2	0	1250
MG36HRX	287	Picture	Flicker2	4040709	1338	1	1337	2	1250	1250
MG36HRX	287	Picture	Flicker3	4042046	2675	1	1337	2	2500	1250
MG36HRX	288	Picture	Delay	4043550	0	2	20060	3	0	19920
MG36HRX	289	Picture	2_48_Retrieval_Working_Memory_MEG_P4_LR_Nonsalient_NoChange_UncuedRetriev_retrieval_patch_orientation_139_retrieval_position_4	4063777	0	1	30090	2	0	29920
MG36HRX	289	Response	10	4080255	16478	4
MG36HRX	290	Picture	ITI	4094034	0	1	22065	2	0	21920
MG36HRX	291	Picture	CueingCross	4116266	0	2	3009	4	0	2920
MG36HRX	292	Picture	PrepTime	4119443	0	1	3009	2	0	2920
MG36HRX	293	Picture	2_49_Encoding_Working_Memory_MEG_P4_LR_Nonsalient_DoChange_CuedRetrieval_300_300_399_1950_3000_2000_gabor_patch_orientation_108_063_126_083_target_position_3_4_retrieval_position_3	4122619	0	1	1337	2	0	1250
MG36HRX	293	Picture	Flicker2	4123956	1337	1	1337	2	1250	1250
MG36HRX	293	Picture	Flicker3	4125293	2674	1	1338	2	2500	1250
MG36HRX	294	Picture	Delay	4126798	0	1	19558	2	0	19420
MG36HRX	295	Picture	2_49_Retrieval_Working_Memory_MEG_P4_LR_Nonsalient_DoChange_CuedRetrieval_retrieval_patch_orientation_172_retrieval_position_3	4146523	0	1	30090	2	0	29920
MG36HRX	295	Response	20	4156684	10161	4
MG36HRX	296	Picture	ITI	4176780	0	1	20059	2	0	19920
MG36HRX	297	Picture	CueingCross	4197007	0	1	3008	3	0	2920
MG36HRX	298	Picture	PrepTime	4200183	0	1	3009	2	0	2920
MG36HRX	299	Picture	2_50_Encoding_Working_Memory_MEG_P4_LR_Nonsalient_DoChange_CuedRetrieval_300_300_399_1850_3000_2000_gabor_patch_orientation_099_084_115_032_target_position_3_4_retrieval_position_4	4203359	0	1	1337	2	0	1250
MG36HRX	299	Picture	Flicker2	4204696	1337	1	1337	2	1250	1250
MG36HRX	299	Picture	Flicker3	4206033	2674	1	1338	2	2500	1250
MG36HRX	300	Picture	Delay	4207538	0	1	18555	2	0	18420
MG36HRX	301	Picture	2_50_Retrieval_Working_Memory_MEG_P4_LR_Nonsalient_DoChange_CuedRetrieval_retrieval_patch_orientation_172_retrieval_position_4	4226260	0	1	30090	2	0	29920
MG36HRX	301	Response	10	4241143	14883	4
MG36HRX	302	Picture	ITI	4256517	0	1	20059	3	0	19920
MG36HRX	303	Picture	CueingCross	4276744	0	1	3009	2	0	2920
MG36HRX	304	Picture	PrepTime	4279920	0	1	3009	2	0	2920
MG36HRX	305	Picture	2_51_Encoding_Working_Memory_MEG_P4_LR_Nonsalient_NoChange_CuedRetrieval_300_300_399_2150_3000_1950_gabor_patch_orientation_057_107_090_124_target_position_1_3_retrieval_position_3	4283096	0	1	1337	2	0	1250
MG36HRX	305	Picture	Flicker2	4284433	1337	1	1337	3	1250	1250
MG36HRX	305	Picture	Flicker3	4285770	2674	2	1338	3	2500	1250
MG36HRX	306	Picture	Delay	4287275	0	1	21564	2	0	21420
MG36HRX	307	Picture	2_51_Retrieval_Working_Memory_MEG_P4_LR_Nonsalient_NoChange_CuedRetrieval_retrieval_patch_orientation_090_retrieval_position_3	4309006	0	1	30090	2	0	29920
MG36HRX	307	Response	20	4319503	10497	3
MG36HRX	308	Picture	ITI	4339263	0	1	19558	2	0	19420
MG36HRX	309	Picture	CueingCross	4358988	0	1	3009	2	0	2920
MG36HRX	310	Picture	PrepTime	4362164	0	1	3009	2	0	2920
MG36HRX	311	Picture	2_52_Encoding_Working_Memory_MEG_P4_LR_Nonsalient_DoChange_CuedRetrieval_300_300_399_2200_3000_2150_gabor_patch_orientation_130_152_082_016_target_position_2_4_retrieval_position_2	4365340	0	2	1338	3	0	1250
MG36HRX	311	Picture	Flicker2	4366678	1338	1	1337	2	1250	1250
MG36HRX	311	Picture	Flicker3	4368015	2675	1	1337	3	2500	1250
MG36HRX	312	Picture	Delay	4369519	0	2	22066	3	0	21920
MG36HRX	313	Picture	2_52_Retrieval_Working_Memory_MEG_P4_LR_Nonsalient_DoChange_CuedRetrieval_retrieval_patch_orientation_105_retrieval_position_2	4391752	0	1	30090	2	0	29920
MG36HRX	313	Response	10	4404742	12990	3
MG36HRX	314	Picture	ITI	4422009	0	1	21564	2	0	21420
MG36HRX	315	Picture	CueingCross	4443740	0	1	3009	2	0	2920
MG36HRX	316	Picture	PrepTime	4446916	0	1	3009	2	0	2920
MG36HRX	317	Picture	2_53_Encoding_Working_Memory_MEG_P4_LR_Nonsalient_NoChange_UncuedRetriev_300_300_399_1800_3000_2050_gabor_patch_orientation_055_013_082_029_target_position_2_4_retrieval_position_1	4450092	0	1	1338	2	0	1250
MG36HRX	317	Picture	Flicker2	4451430	1338	1	1337	2	1250	1250
MG36HRX	317	Picture	Flicker3	4452767	2675	1	1337	2	2500	1250
MG36HRX	318	Picture	Delay	4454271	0	2	18054	3	0	17920
MG36HRX	319	Picture	2_53_Retrieval_Working_Memory_MEG_P4_LR_Nonsalient_NoChange_UncuedRetriev_retrieval_patch_orientation_055_retrieval_position_1	4472492	0	1	30090	2	0	29920
MG36HRX	319	Response	20	4491441	18949	3
MG36HRX	320	Picture	ITI	4502749	0	1	20561	2	0	20420
MG36HRX	321	Picture	CueingCross	4523477	0	1	3009	2	0	2920
MG36HRX	322	Picture	PrepTime	4526653	0	1	3009	2	0	2920
MG36HRX	323	Picture	2_54_Encoding_Working_Memory_MEG_P4_LR_Nonsalient_NoChange_CuedRetrieval_300_300_399_1900_3000_2350_gabor_patch_orientation_004_092_171_120_target_position_1_2_retrieval_position_2	4529829	0	2	1338	3	0	1250
MG36HRX	323	Picture	Flicker2	4531167	1338	1	1337	2	1250	1250
MG36HRX	323	Picture	Flicker3	4532504	2675	1	1337	2	2500	1250
MG36HRX	324	Picture	Delay	4534008	0	2	19057	3	0	18920
MG36HRX	325	Picture	2_54_Retrieval_Working_Memory_MEG_P4_LR_Nonsalient_NoChange_CuedRetrieval_retrieval_patch_orientation_092_retrieval_position_2	4553232	0	1	30090	2	0	29920
MG36HRX	325	Response	10	4561160	7928	3
MG36HRX	326	Picture	ITI	4583489	0	1	23570	2	0	23420
MG36HRX	327	Picture	CueingCross	4607226	0	1	3009	2	0	2920
MG36HRX	328	Picture	PrepTime	4610402	0	1	3009	2	0	2920
MG36HRX	329	Picture	2_55_Encoding_Working_Memory_MEG_P4_LR_Nonsalient_NoChange_CuedRetrieval_300_300_399_1800_3000_2400_gabor_patch_orientation_127_040_092_008_target_position_1_3_retrieval_position_1	4613578	0	1	1338	2	0	1250
MG36HRX	329	Picture	Flicker2	4614916	1338	1	1337	2	1250	1250
MG36HRX	329	Picture	Flicker3	4616253	2675	1	1337	2	2500	1250
MG36HRX	330	Picture	Delay	4617757	0	2	18054	3	0	17920
MG36HRX	331	Picture	2_55_Retrieval_Working_Memory_MEG_P4_LR_Nonsalient_NoChange_CuedRetrieval_retrieval_patch_orientation_127_retrieval_position_1	4635978	0	1	30090	2	0	29920
MG36HRX	331	Response	10	4646699	10721	4
MG36HRX	332	Picture	ITI	4666235	0	2	24071	3	0	23920
MG36HRX	333	Picture	CueingCross	4690474	0	1	3009	2	0	2920
MG36HRX	334	Picture	PrepTime	4693650	0	1	3009	2	0	2920
MG36HRX	335	Picture	2_56_Encoding_Working_Memory_MEG_P4_LR_Nonsalient_DoChange_UncuedRetriev_300_300_399_2000_3000_2500_gabor_patch_orientation_136_020_152_079_target_position_1_4_retrieval_position_3	4696826	0	1	1337	2	0	1250
MG36HRX	335	Picture	Flicker2	4698163	1337	1	1337	2	1250	1250
MG36HRX	335	Picture	Flicker3	4699500	2674	1	1338	2	2500	1250
MG36HRX	336	Picture	Delay	4701005	0	1	20059	3	0	19920
MG36HRX	337	Picture	2_56_Retrieval_Working_Memory_MEG_P4_LR_Nonsalient_DoChange_UncuedRetriev_retrieval_patch_orientation_103_retrieval_position_3	4721232	0	1	30089	2	0	29920
MG36HRX	337	Response	10	4738818	17586	4
MG36HRX	338	Picture	ITI	4751488	0	2	25075	3	0	24920
MG36HRX	339	Picture	CueingCross	4776730	0	1	3009	2	0	2920
MG36HRX	340	Picture	PrepTime	4779906	0	1	3009	2	0	2920
MG36HRX	341	Picture	2_57_Encoding_Working_Memory_MEG_P4_LR_Nonsalient_DoChange_CuedRetrieval_300_300_399_1950_3000_2100_gabor_patch_orientation_092_125_061_036_target_position_2_4_retrieval_position_2	4783082	0	1	1337	3	0	1250
MG36HRX	341	Picture	Flicker2	4784419	1337	2	1338	3	1250	1250
MG36HRX	341	Picture	Flicker3	4785757	2675	1	1337	2	2500	1250
MG36HRX	342	Picture	Delay	4787261	0	2	19558	4	0	19420
MG36HRX	343	Picture	2_57_Retrieval_Working_Memory_MEG_P4_LR_Nonsalient_DoChange_CuedRetrieval_retrieval_patch_orientation_174_retrieval_position_2	4806987	0	1	30089	2	0	29920
MG36HRX	343	Response	20	4817757	10770	4
MG36HRX	344	Picture	ITI	4837243	0	1	21063	2	0	20920
MG36HRX	345	Picture	CueingCross	4858473	0	1	3009	2	0	2920
MG36HRX	346	Picture	PrepTime	4861649	0	1	3009	2	0	2920
MG36HRX	347	Picture	2_58_Encoding_Working_Memory_MEG_P4_LR_Nonsalient_DoChange_CuedRetrieval_300_300_399_2050_3000_2500_gabor_patch_orientation_173_061_115_092_target_position_3_4_retrieval_position_4	4864825	0	1	1338	2	0	1250
MG36HRX	347	Picture	Flicker2	4866163	1338	1	1337	2	1250	1250
MG36HRX	347	Picture	Flicker3	4867500	2675	1	1337	2	2500	1250
MG36HRX	348	Picture	Delay	4869004	0	2	20561	4	0	20420
MG36HRX	349	Picture	2_58_Retrieval_Working_Memory_MEG_P4_LR_Nonsalient_DoChange_CuedRetrieval_retrieval_patch_orientation_140_retrieval_position_4	4889733	0	1	30089	2	0	29920
MG36HRX	349	Response	20	4898856	9123	4
MG36HRX	350	Picture	ITI	4919989	0	2	25075	3	0	24920
MG36HRX	351	Picture	CueingCross	4945231	0	1	3009	2	0	2920
MG36HRX	352	Picture	PrepTime	4948407	0	1	3009	2	0	2920
MG36HRX	353	Picture	2_59_Encoding_Working_Memory_MEG_P4_LR_Nonsalient_NoChange_CuedRetrieval_300_300_399_2200_3000_2300_gabor_patch_orientation_176_018_098_138_target_position_1_3_retrieval_position_3	4951583	0	1	1337	3	0	1250
MG36HRX	353	Picture	Flicker2	4952920	1337	2	1338	3	1250	1250
MG36HRX	353	Picture	Flicker3	4954258	2675	1	1337	2	2500	1250
MG36HRX	354	Picture	Delay	4955762	0	1	22066	2	0	21920
MG36HRX	355	Picture	2_59_Retrieval_Working_Memory_MEG_P4_LR_Nonsalient_NoChange_CuedRetrieval_retrieval_patch_orientation_098_retrieval_position_3	4977995	0	1	30089	3	0	29920
MG36HRX	355	Response	10	4989575	11580	4
MG36HRX	355	Response	10	5001395	23400	3
MG36HRX	356	Picture	ITI	5008252	0	1	23068	2	0	22920
MG36HRX	357	Picture	CueingCross	5031487	0	2	3009	3	0	2920
MG36HRX	358	Picture	PrepTime	5034663	0	2	3009	4	0	2920
MG36HRX	359	Picture	2_60_Encoding_Working_Memory_MEG_P4_LR_Nonsalient_NoChange_CuedRetrieval_300_300_399_2050_3000_2000_gabor_patch_orientation_056_171_032_097_target_position_2_4_retrieval_position_2	5037840	0	1	1337	2	0	1250
MG36HRX	359	Picture	Flicker2	5039177	1337	1	1337	2	1250	1250
MG36HRX	359	Picture	Flicker3	5040514	2674	1	1338	2	2500	1250
MG36HRX	360	Picture	Delay	5042019	0	1	20561	2	0	20420
MG36HRX	361	Picture	2_60_Retrieval_Working_Memory_MEG_P4_LR_Nonsalient_NoChange_CuedRetrieval_retrieval_patch_orientation_171_retrieval_position_2	5062747	0	1	30089	2	0	29920
MG36HRX	361	Response	10	5075194	12447	4
MG36HRX	362	Picture	ITI	5093004	0	1	20059	2	0	19920
MG36HRX	363	Picture	CueingCross	5113230	0	2	3009	3	0	2920
MG36HRX	364	Picture	PrepTime	5116406	0	2	3009	4	0	2920
MG36HRX	365	Picture	2_61_Encoding_Working_Memory_MEG_P4_LR_Nonsalient_NoChange_CuedRetrieval_300_300_399_2250_3000_2300_gabor_patch_orientation_061_035_148_083_target_position_2_4_retrieval_position_2	5119583	0	1	1337	2	0	1250
MG36HRX	365	Picture	Flicker2	5120920	1337	1	1337	2	1250	1250
MG36HRX	365	Picture	Flicker3	5122257	2674	1	1337	3	2500	1250
MG36HRX	366	Picture	Delay	5123762	0	1	22567	2	0	22420
MG36HRX	367	Picture	2_61_Retrieval_Working_Memory_MEG_P4_LR_Nonsalient_NoChange_CuedRetrieval_retrieval_patch_orientation_035_retrieval_position_2	5146496	0	1	30089	3	0	29920
MG36HRX	367	Response	10	5155804	9308	4
MG36HRX	368	Picture	ITI	5176753	0	1	23068	2	0	22920
MG36HRX	369	Picture	CueingCross	5199988	0	2	3009	3	0	2920
MG36HRX	370	Picture	PrepTime	5203164	0	2	3009	3	0	2920
MG36HRX	371	Picture	2_62_Encoding_Working_Memory_MEG_P4_LR_Nonsalient_NoChange_UncuedRetriev_300_300_399_1750_3000_2150_gabor_patch_orientation_124_053_083_068_target_position_3_4_retrieval_position_2	5206341	0	1	1337	2	0	1250
MG36HRX	371	Picture	Flicker2	5207678	1337	1	1337	2	1250	1250
MG36HRX	371	Picture	Flicker3	5209015	2674	1	1337	3	2500	1250
MG36HRX	372	Picture	Delay	5210520	0	1	17552	2	0	17420
MG36HRX	373	Picture	2_62_Retrieval_Working_Memory_MEG_P4_LR_Nonsalient_NoChange_UncuedRetriev_retrieval_patch_orientation_053_retrieval_position_2	5228239	0	1	30089	3	0	29920
MG36HRX	373	Response	10	5235983	7744	3
MG36HRX	374	Picture	ITI	5258496	0	1	21564	2	0	21420
MG36HRX	375	Picture	CueingCross	5280227	0	1	3009	2	0	2920
MG36HRX	376	Picture	PrepTime	5283403	0	1	3009	2	0	2920
MG36HRX	377	Picture	2_63_Encoding_Working_Memory_MEG_P4_LR_Nonsalient_DoChange_CuedRetrieval_300_300_399_1900_3000_2600_gabor_patch_orientation_048_094_066_155_target_position_2_4_retrieval_position_4	5286579	0	1	1337	2	0	1250
MG36HRX	377	Picture	Flicker2	5287916	1337	1	1338	2	1250	1250
MG36HRX	377	Picture	Flicker3	5289254	2675	1	1337	2	2500	1250
MG36HRX	378	Picture	Delay	5290758	0	1	19057	2	0	18920
MG36HRX	379	Picture	2_63_Retrieval_Working_Memory_MEG_P4_LR_Nonsalient_DoChange_CuedRetrieval_retrieval_patch_orientation_016_retrieval_position_4	5309982	0	1	30089	3	0	29920
MG36HRX	379	Response	20	5319492	9510	3
MG36HRX	380	Picture	ITI	5340239	0	1	26077	2	0	25920
MG36HRX	381	Picture	CueingCross	5366483	0	2	3009	3	0	2920
MG36HRX	382	Picture	PrepTime	5369659	0	2	3009	3	0	2920
MG36HRX	383	Picture	2_64_Encoding_Working_Memory_MEG_P4_LR_Nonsalient_DoChange_CuedRetrieval_300_300_399_1850_3000_2350_gabor_patch_orientation_081_159_098_135_target_position_2_4_retrieval_position_2	5372836	0	1	1337	2	0	1250
MG36HRX	383	Picture	Flicker2	5374173	1337	1	1337	2	1250	1250
MG36HRX	383	Picture	Flicker3	5375510	2674	1	1337	3	2500	1250
MG36HRX	384	Picture	Delay	5377015	0	1	18555	2	0	18420
MG36HRX	385	Picture	2_64_Retrieval_Working_Memory_MEG_P4_LR_Nonsalient_DoChange_CuedRetrieval_retrieval_patch_orientation_022_retrieval_position_2	5395737	0	1	30089	2	0	29920
MG36HRX	385	Response	20	5403941	8204	3
MG36HRX	386	Picture	ITI	5425994	0	1	23570	2	0	23420
MG36HRX	387	Picture	CueingCross	5449731	0	1	3009	2	0	2920
MG36HRX	388	Picture	PrepTime	5452907	0	1	3009	2	0	2920
MG36HRX	389	Picture	2_65_Encoding_Working_Memory_MEG_P4_LR_Nonsalient_DoChange_UncuedRetriev_300_300_399_2100_3000_2550_gabor_patch_orientation_014_149_086_164_target_position_1_2_retrieval_position_3	5456083	0	1	1337	2	0	1250
MG36HRX	389	Picture	Flicker2	5457420	1337	1	1338	2	1250	1250
MG36HRX	389	Picture	Flicker3	5458758	2675	1	1337	2	2500	1250
MG36HRX	390	Picture	Delay	5460262	0	1	21063	2	0	20920
MG36HRX	391	Picture	2_65_Retrieval_Working_Memory_MEG_P4_LR_Nonsalient_DoChange_UncuedRetriev_retrieval_patch_orientation_041_retrieval_position_3	5481492	0	1	30089	2	0	29920
MG36HRX	391	Response	20	5495430	13938	4
MG36HRX	392	Picture	ITI	5511748	0	2	25576	4	0	25420
MG36HRX	393	Picture	CueingCross	5537492	0	1	3008	3	0	2920
MG36HRX	394	Picture	PrepTime	5540668	0	1	3009	2	0	2920
MG36HRX	395	Picture	2_66_Encoding_Working_Memory_MEG_P4_LR_Nonsalient_NoChange_CuedRetrieval_300_300_399_2000_3000_2250_gabor_patch_orientation_135_179_161_120_target_position_1_2_retrieval_position_1	5543844	0	1	1337	2	0	1250
MG36HRX	395	Picture	Flicker2	5545181	1337	1	1338	2	1250	1250
MG36HRX	395	Picture	Flicker3	5546519	2675	1	1337	2	2500	1250
MG36HRX	396	Picture	Delay	5548023	0	1	20060	2	0	19920
MG36HRX	397	Picture	2_66_Retrieval_Working_Memory_MEG_P4_LR_Nonsalient_NoChange_CuedRetrieval_retrieval_patch_orientation_135_retrieval_position_1	5568250	0	1	30089	2	0	29920
MG36HRX	397	Response	10	5577579	9329	4
MG36HRX	398	Picture	ITI	5598506	0	2	22567	4	0	22420
MG36HRX	399	Picture	CueingCross	5621241	0	1	3009	2	0	2920
MG36HRX	400	Picture	PrepTime	5624417	0	1	3009	2	0	2920
MG36HRX	401	Picture	2_67_Encoding_Working_Memory_MEG_P4_LR_Nonsalient_NoChange_CuedRetrieval_300_300_399_1850_3000_2400_gabor_patch_orientation_058_031_078_136_target_position_2_4_retrieval_position_4	5627593	0	1	1337	2	0	1250
MG36HRX	401	Picture	Flicker2	5628930	1337	1	1337	3	1250	1250
MG36HRX	401	Picture	Flicker3	5630267	2674	2	1338	3	2500	1250
MG36HRX	402	Picture	Delay	5631772	0	1	18555	2	0	18420
MG36HRX	403	Picture	2_67_Retrieval_Working_Memory_MEG_P4_LR_Nonsalient_NoChange_CuedRetrieval_retrieval_patch_orientation_136_retrieval_position_4	5650494	0	2	30090	3	0	29920
MG36HRX	403	Response	10	5659498	9004	4
MG36HRX	404	Picture	ITI	5680751	0	1	24071	3	0	23920
MG36HRX	405	Picture	CueingCross	5704990	0	1	3009	2	0	2920
MG36HRX	406	Picture	PrepTime	5708166	0	1	3009	2	0	2920
MG36HRX	407	Picture	2_68_Encoding_Working_Memory_MEG_P4_LR_Nonsalient_DoChange_CuedRetrieval_300_300_399_2150_3000_1950_gabor_patch_orientation_156_129_088_046_target_position_2_4_retrieval_position_2	5711342	0	1	1337	2	0	1250
MG36HRX	407	Picture	Flicker2	5712679	1337	1	1337	3	1250	1250
MG36HRX	407	Picture	Flicker3	5714016	2674	2	1338	3	2500	1250
MG36HRX	408	Picture	Delay	5715521	0	1	21564	2	0	21420
MG36HRX	409	Picture	2_68_Retrieval_Working_Memory_MEG_P4_LR_Nonsalient_DoChange_CuedRetrieval_retrieval_patch_orientation_176_retrieval_position_2	5737252	0	1	30090	2	0	29920
MG36HRX	409	Response	20	5747717	10465	4
MG36HRX	410	Picture	ITI	5767509	0	1	19558	2	0	19420
MG36HRX	411	Picture	CueingCross	5787234	0	1	3009	2	0	2920
MG36HRX	412	Picture	PrepTime	5790410	0	1	3009	2	0	2920
MG36HRX	413	Picture	2_69_Encoding_Working_Memory_MEG_P4_LR_Nonsalient_NoChange_UncuedRetriev_300_300_399_2100_3000_2000_gabor_patch_orientation_080_118_095_012_target_position_1_3_retrieval_position_2	5793586	0	2	1338	3	0	1250
MG36HRX	413	Picture	Flicker2	5794924	1338	1	1337	2	1250	1250
MG36HRX	413	Picture	Flicker3	5796261	2675	1	1337	2	2500	1250
MG36HRX	414	Picture	Delay	5797765	0	2	21063	3	0	20920
MG36HRX	415	Picture	2_69_Retrieval_Working_Memory_MEG_P4_LR_Nonsalient_NoChange_UncuedRetriev_retrieval_patch_orientation_118_retrieval_position_2	5818995	0	1	30090	2	0	29920
MG36HRX	415	Response	20	5829816	10821	4
MG36HRX	416	Picture	ITI	5849252	0	1	20059	3	0	19920
MG36HRX	417	Picture	CueingCross	5869479	0	1	3009	2	0	2920
MG36HRX	418	Picture	PrepTime	5872655	0	1	3009	2	0	2920
MG36HRX	419	Picture	2_70_Encoding_Working_Memory_MEG_P4_LR_Nonsalient_DoChange_CuedRetrieval_300_300_399_2100_3000_2150_gabor_patch_orientation_061_143_175_036_target_position_2_4_retrieval_position_4	5875831	0	1	1337	2	0	1250
MG36HRX	419	Picture	Flicker2	5877168	1337	1	1337	3	1250	1250
MG36HRX	419	Picture	Flicker3	5878505	2674	2	1338	3	2500	1250
MG36HRX	420	Picture	Delay	5880010	0	1	21063	2	0	20920
MG36HRX	421	Picture	2_70_Retrieval_Working_Memory_MEG_P4_LR_Nonsalient_DoChange_CuedRetrieval_retrieval_patch_orientation_085_retrieval_position_4	5901240	0	1	30089	2	0	29920
MG36HRX	421	Response	20	5913475	12235	4
MG36HRX	422	Picture	ITI	5931496	0	2	21564	4	0	21420
MG36HRX	423	Picture	BaselinePost	5953228	0	1	50149	2	0	50000
