Scenario - ATWM1_Working_Memory_MEG_salient_cued_instruction
Logfile written - 02/16/2016 13:21:16

Subject	Trial	Event Type	Code	Time	TTime	Uncertainty	Duration	Uncertainty	ReqTime	ReqDur

AV98LHJ	1	Picture	Instruction_S_C	29	0	1	100130	3	0	100000
AV98LHJ	2	Picture	Instruction2	100327	0	1	100130	2	0	100000
AV98LHJ	3	Picture	Instruction3	200624	0	1	12872	2	0	resp
AV98LHJ	3	Response	10	213324	12700	3
AV98LHJ	4	Picture	Instruction4	233388	0	1	5683	3	0	resp
AV98LHJ	4	Response	20	238933	5545	4
AV98LHJ	5	Picture	Instruction5	258964	0	1	3343	2	0	resp
AV98LHJ	5	Response	10	262133	3169	3
AV98LHJ	6	Picture	Instruction4	282199	0	2	4848	3	0	resp
AV98LHJ	6	Response	20	286992	4793	4
AV98LHJ	7	Picture	Instruction3	307107	0	1	7355	2	0	resp
AV98LHJ	7	Response	10	314312	7205	3
AV98LHJ	8	Picture	Instruction4	334354	0	1	9027	2	0	resp
AV98LHJ	8	Response	20	343231	8877	5
AV98LHJ	9	Picture	Instruction_S_C_TestTrials	363273	0	1	100131	2	0	100000
AV98LHJ	10	Picture	BaselinePre	463571	0	1	20059	2	0	20000
AV98LHJ	11	Picture	CueingCross	483798	0	1	3008	3	0	2920
AV98LHJ	12	Picture	PrepTime	486974	0	1	3009	2	0	2920
AV98LHJ	13	Picture	1_1_Encoding_Working_Memory_MEG_P5_LR_Salient_NoChange_CuedRetrieval_300_300_399_1750_3000_2000_gabor_patch_orientation_074_045_112_001_target_position_3_4_retrieval_position_3	490150	0	1	1337	2	0	1250
AV98LHJ	13	Picture	Flicker2	491487	1337	1	1337	2	1250	1250
AV98LHJ	13	Picture	Flicker3	492824	2674	1	1338	2	2500	1250
AV98LHJ	14	Picture	Delay	494329	0	1	17552	2	0	17420
AV98LHJ	15	Picture	1_1_Retrieval_Working_Memory_MEG_P5_LR_Salient_NoChange_CuedRetrieval_retrieval_patch_orientation_112_retrieval_position_3	512048	0	1	30089	2	0	29920
AV98LHJ	15	Response	20	532687	20639	5
AV98LHJ	16	Picture	ITI	562197	0	1	20059	2	0	19920
AV98LHJ	17	Picture	CueingCross	582423	0	2	3009	3	0	2920
AV98LHJ	18	Picture	PrepTime	585600	0	1	3008	3	0	2920
AV98LHJ	19	Picture	1_2_Encoding_Working_Memory_MEG_P5_LR_Salient_DoChange_CuedRetrieval_300_300_399_1850_3000_2050_gabor_patch_orientation_162_010_088_026_target_position_1_3_retrieval_position_3	588776	0	1	1337	2	0	1250
AV98LHJ	19	Picture	Flicker2	590113	1337	1	1337	2	1250	1250
AV98LHJ	19	Picture	Flicker3	591450	2674	1	1338	2	2500	1250
AV98LHJ	20	Picture	Delay	592955	0	1	18555	2	0	18420
AV98LHJ	21	Picture	1_2_Retrieval_Working_Memory_MEG_P5_LR_Salient_DoChange_CuedRetrieval_retrieval_patch_orientation_137_retrieval_position_3	611677	0	1	30089	2	0	29920
AV98LHJ	21	Response	20	622447	10770	3
AV98LHJ	22	Picture	ITI	661825	0	2	20562	3	0	20420
AV98LHJ	23	Picture	CueingCross	682554	0	1	3009	2	0	2920
AV98LHJ	24	Picture	PrepTime	685730	0	1	3009	2	0	2920
AV98LHJ	25	Picture	1_3_Encoding_Working_Memory_MEG_P5_LR_Salient_DoChange_CuedRetrieval_300_300_399_1900_3000_1900_gabor_patch_orientation_097_031_151_069_target_position_2_3_retrieval_position_3	688906	0	1	1337	2	0	1250
AV98LHJ	25	Picture	Flicker2	690243	1337	1	1338	2	1250	1250
AV98LHJ	25	Picture	Flicker3	691581	2675	1	1337	2	2500	1250
AV98LHJ	26	Picture	Delay	693085	0	1	19057	2	0	18920
AV98LHJ	27	Picture	1_3_Retrieval_Working_Memory_MEG_P5_LR_Salient_DoChange_CuedRetrieval_retrieval_patch_orientation_014_retrieval_position_3	712309	0	1	30089	2	0	29920
AV98LHJ	27	Response	20	723925	11616	3
AV98LHJ	28	Picture	ITI	762458	0	1	19056	2	0	18920
AV98LHJ	29	Picture	CueingCross	781681	0	1	3009	2	0	2920
AV98LHJ	30	Picture	PrepTime	784857	0	2	3009	3	0	2920
AV98LHJ	31	Picture	1_4_Encoding_Working_Memory_MEG_P5_LR_Salient_NoChange_CuedRetrieval_300_300_399_1800_3000_1950_gabor_patch_orientation_079_046_151_110_target_position_2_3_retrieval_position_2	788033	0	2	1338	3	0	1250
AV98LHJ	31	Picture	Flicker2	789371	1338	1	1337	2	1250	1250
AV98LHJ	31	Picture	Flicker3	790708	2675	1	1337	2	2500	1250
AV98LHJ	32	Picture	Delay	792212	0	2	18054	3	0	17920
AV98LHJ	33	Picture	1_4_Retrieval_Working_Memory_MEG_P5_LR_Salient_NoChange_CuedRetrieval_retrieval_patch_orientation_046_retrieval_position_2	810433	0	1	30089	3	0	29920
AV98LHJ	33	Response	10	825033	14600	4
AV98LHJ	34	Picture	ITI	860582	0	1	19558	2	0	19420
AV98LHJ	35	Picture	BaselinePost	880307	0	1	20060	2	0	20000
AV98LHJ	36	Picture	Instruction_S_C	900534	0	1	50149	2	0	50000
