Scenario - ATWM1_Working_Memory_MEG_nonsalient_cued_instruction
Logfile written - 04/04/2016 14:26:55

Subject	Trial	Event Type	Code	Time	TTime	Uncertainty	Duration	Uncertainty	ReqTime	ReqDur

JH56CNU	1	Picture	Instruction_NS_C	29	0	1	100131	2	0	100000
JH56CNU	2	Picture	Instruction2	100327	0	1	100131	2	0	100000
JH56CNU	3	Picture	Instruction3	200625	0	1	18555	2	0	resp
JH56CNU	3	Response	10	219047	18422	3
JH56CNU	4	Picture	Instruction4	239072	0	1	6185	2	0	resp
JH56CNU	4	Response	20	245116	6044	4
JH56CNU	5	Picture	Instruction5	265150	0	1	5349	2	0	resp
JH56CNU	5	Response	10	270446	5296	3
JH56CNU	6	Picture	Instruction4	290559	0	1	3844	2	0	resp
JH56CNU	6	Response	20	294286	3727	3
JH56CNU	7	Picture	Instruction3	314463	0	1	3510	2	0	resp
JH56CNU	7	Response	10	317905	3442	4
JH56CNU	8	Picture	Instruction4	338033	0	1	7857	2	0	resp
JH56CNU	8	Response	20	345765	7732	3
JH56CNU	9	Picture	Instruction_NS_C_TestTrials	365782	0	1	100131	2	0	100000
JH56CNU	10	Picture	BaselinePre	466080	0	1	20059	2	0	20000
JH56CNU	11	Picture	CueingCross	486306	0	2	3009	4	0	2920
JH56CNU	12	Picture	PrepTime	489483	0	1	3009	2	0	2920
JH56CNU	13	Picture	1_1_Encoding_Working_Memory_MEG_P6_LR_Nonsalient_DoChange_CuedRetrieval_300_300_399_1850_3000_1900_gabor_patch_orientation_126_097_178_068_target_position_2_3_retrieval_position_2	492659	0	1	1337	2	0	1250
JH56CNU	13	Picture	Flicker2	493996	1337	1	1337	2	1250	1250
JH56CNU	13	Picture	Flicker3	495333	2674	1	1338	2	2500	1250
JH56CNU	14	Picture	Delay	496838	0	1	18555	2	0	18420
JH56CNU	15	Picture	1_1_Retrieval_Working_Memory_MEG_P6_LR_Nonsalient_DoChange_CuedRetrieval_retrieval_patch_orientation_051_retrieval_position_2	515560	0	1	30089	2	0	29920
JH56CNU	15	Response	20	525572	10012	4
JH56CNU	16	Picture	ITI	565709	0	1	19056	3	0	18920
JH56CNU	17	Picture	CueingCross	584933	0	1	3009	2	0	2920
JH56CNU	18	Picture	PrepTime	588109	0	1	3009	2	0	2920
JH56CNU	19	Picture	1_2_Encoding_Working_Memory_MEG_P6_LR_Nonsalient_NoChange_CuedRetrieval_300_300_399_1900_3000_2000_gabor_patch_orientation_051_006_180_026_target_position_1_2_retrieval_position_1	591285	0	1	1337	2	0	1250
JH56CNU	19	Picture	Flicker2	592622	1337	1	1337	3	1250	1250
JH56CNU	19	Picture	Flicker3	593959	2674	2	1338	3	2500	1250
JH56CNU	20	Picture	Delay	595464	0	1	19056	3	0	18920
JH56CNU	21	Picture	1_2_Retrieval_Working_Memory_MEG_P6_LR_Nonsalient_NoChange_CuedRetrieval_retrieval_patch_orientation_051_retrieval_position_1	614688	0	1	30089	2	0	29920
JH56CNU	21	Response	20	622431	7743	4
JH56CNU	22	Picture	ITI	664836	0	2	20060	3	0	19920
JH56CNU	23	Picture	CueingCross	685063	0	2	3009	3	0	2920
JH56CNU	24	Picture	PrepTime	688239	0	2	3009	4	0	2920
JH56CNU	25	Picture	1_3_Encoding_Working_Memory_MEG_P6_LR_Nonsalient_DoChange_CuedRetrieval_300_300_399_1750_3000_2050_gabor_patch_orientation_036_173_108_088_target_position_2_4_retrieval_position_2	691415	0	2	1338	3	0	1250
JH56CNU	25	Picture	Flicker2	692753	1338	1	1337	2	1250	1250
JH56CNU	25	Picture	Flicker3	694090	2675	1	1337	3	2500	1250
JH56CNU	26	Picture	Delay	695595	0	1	17552	2	0	17420
JH56CNU	27	Picture	1_3_Retrieval_Working_Memory_MEG_P6_LR_Nonsalient_DoChange_CuedRetrieval_retrieval_patch_orientation_124_retrieval_position_2	713314	0	1	30089	2	0	29920
JH56CNU	27	Response	20	720180	6866	3
JH56CNU	28	Picture	ITI	763463	0	1	20561	2	0	20420
JH56CNU	29	Picture	CueingCross	784191	0	1	3009	2	0	2920
JH56CNU	30	Picture	PrepTime	787367	0	1	3009	2	0	2920
JH56CNU	31	Picture	1_4_Encoding_Working_Memory_MEG_P6_LR_Nonsalient_NoChange_CuedRetrieval_300_300_399_1800_3000_1950_gabor_patch_orientation_029_134_167_092_target_position_3_4_retrieval_position_3	790543	0	1	1337	3	0	1250
JH56CNU	31	Picture	Flicker2	791880	1337	2	1338	3	1250	1250
JH56CNU	31	Picture	Flicker3	793218	2675	1	1337	2	2500	1250
JH56CNU	32	Picture	Delay	794722	0	2	18054	3	0	17920
JH56CNU	33	Picture	1_4_Retrieval_Working_Memory_MEG_P6_LR_Nonsalient_NoChange_CuedRetrieval_retrieval_patch_orientation_167_retrieval_position_3	812943	0	1	30089	2	0	29920
JH56CNU	33	Response	10	823768	10825	4
JH56CNU	34	Picture	ITI	863092	0	1	19558	2	0	19420
JH56CNU	35	Picture	BaselinePost	882817	0	1	20060	2	0	20000
JH56CNU	36	Picture	Instruction_NS_C	903044	0	1	50149	2	0	50000
