Scenario - ATWM1_Working_Memory_MEG_nonsalient_uncued_instruction
Logfile written - 04/04/2016 13:59:44

Subject	Trial	Event Type	Code	Time	TTime	Uncertainty	Duration	Uncertainty	ReqTime	ReqDur

JH56CNU	1	Picture	Instruction_NS_UC	29	0	1	100131	2	0	100000
JH56CNU	2	Picture	Instruction2	100327	0	1	100131	2	0	100000
JH56CNU	3	Picture	Instruction3	200625	0	1	29086	3	0	resp
JH56CNU	3	Response	10	229561	28936	3
JH56CNU	4	Picture	Instruction4	249604	0	1	8024	2	0	resp
JH56CNU	4	Response	20	257550	7946	4
JH56CNU	5	Picture	Instruction5	277687	0	1	9361	3	0	resp
JH56CNU	5	Response	10	286910	9223	3
JH56CNU	6	Picture	Instruction4	306941	0	1	3677	3	0	resp
JH56CNU	6	Response	20	310439	3498	4
JH56CNU	7	Picture	Instruction3	330511	0	1	3677	3	0	resp
JH56CNU	7	Response	10	334009	3498	4
JH56CNU	8	Picture	Instruction4	354081	0	1	3343	2	0	resp
JH56CNU	8	Response	20	357389	3308	3
JH56CNU	9	Picture	Instruction_NS_UC_TestTrials	377484	0	1	100130	3	0	100000
JH56CNU	10	Picture	BaselinePre	477782	0	1	20059	2	0	20000
JH56CNU	11	Picture	CueingCross	498008	0	2	3009	3	0	2920
JH56CNU	12	Picture	PrepTime	501185	0	1	3008	3	0	2920
JH56CNU	13	Picture	1_1_Encoding_Working_Memory_MEG_P6_LR_Nonsalient_NoChange_CuedRetrieval_300_300_399_1750_3000_1950_gabor_patch_orientation_163_129_001_073_target_position_3_4_retrieval_position_4	504361	0	1	1337	2	0	1250
JH56CNU	13	Picture	Flicker2	505698	1337	1	1337	2	1250	1250
JH56CNU	13	Picture	Flicker3	507035	2674	1	1338	2	2500	1250
JH56CNU	14	Picture	Delay	508540	0	1	17552	2	0	17420
JH56CNU	15	Picture	1_1_Retrieval_Working_Memory_MEG_P6_LR_Nonsalient_NoChange_CuedRetrieval_retrieval_patch_orientation_073_retrieval_position_4	526259	0	1	30089	3	0	29920
JH56CNU	15	Response	10	545626	19367	4
JH56CNU	16	Picture	ITI	576408	0	1	19558	2	0	19420
JH56CNU	17	Picture	CueingCross	596133	0	2	3009	3	0	2920
JH56CNU	18	Picture	PrepTime	599309	0	2	3009	3	0	2920
JH56CNU	19	Picture	1_2_Encoding_Working_Memory_MEG_P6_LR_Nonsalient_NoChange_CuedRetrieval_300_300_399_1850_3000_2000_gabor_patch_orientation_178_114_138_061_target_position_2_3_retrieval_position_3	602485	0	2	1338	3	0	1250
JH56CNU	19	Picture	Flicker2	603823	1338	1	1337	2	1250	1250
JH56CNU	19	Picture	Flicker3	605160	2675	1	1337	3	2500	1250
JH56CNU	20	Picture	Delay	606665	0	1	18555	2	0	18420
JH56CNU	21	Picture	1_2_Retrieval_Working_Memory_MEG_P6_LR_Nonsalient_NoChange_CuedRetrieval_retrieval_patch_orientation_138_retrieval_position_3	625387	0	1	30089	2	0	29920
JH56CNU	21	Response	10	637755	12368	3
JH56CNU	22	Picture	ITI	675536	0	1	20059	3	0	19920
JH56CNU	23	Picture	CueingCross	695763	0	1	3009	2	0	2920
JH56CNU	24	Picture	PrepTime	698939	0	1	3009	2	0	2920
JH56CNU	25	Picture	1_3_Encoding_Working_Memory_MEG_P6_LR_Nonsalient_DoChange_CuedRetrieval_300_300_399_1800_3000_2050_gabor_patch_orientation_173_143_053_106_target_position_1_4_retrieval_position_1	702115	0	1	1337	2	0	1250
JH56CNU	25	Picture	Flicker2	703452	1337	1	1337	3	1250	1250
JH56CNU	25	Picture	Flicker3	704789	2674	2	1338	3	2500	1250
JH56CNU	26	Picture	Delay	706294	0	1	18054	2	0	17920
JH56CNU	27	Picture	1_3_Retrieval_Working_Memory_MEG_P6_LR_Nonsalient_DoChange_CuedRetrieval_retrieval_patch_orientation_033_retrieval_position_1	724515	0	1	30089	2	0	29920
JH56CNU	27	Response	20	739413	14898	4
JH56CNU	28	Picture	ITI	774664	0	1	20561	2	0	20420
JH56CNU	29	Picture	CueingCross	795392	0	1	3009	2	0	2920
JH56CNU	30	Picture	PrepTime	798568	0	1	3009	2	0	2920
JH56CNU	31	Picture	1_4_Encoding_Working_Memory_MEG_P6_LR_Nonsalient_DoChange_CuedRetrieval_300_300_399_1900_3000_1900_gabor_patch_orientation_151_133_073_102_target_position_1_4_retrieval_position_1	801744	0	1	1337	3	0	1250
JH56CNU	31	Picture	Flicker2	803081	1337	2	1338	3	1250	1250
JH56CNU	31	Picture	Flicker3	804419	2675	1	1337	2	2500	1250
JH56CNU	32	Picture	Delay	805923	0	1	19057	2	0	18920
JH56CNU	33	Picture	1_4_Retrieval_Working_Memory_MEG_P6_LR_Nonsalient_DoChange_CuedRetrieval_retrieval_patch_orientation_014_retrieval_position_1	825147	0	1	30089	2	0	29920
JH56CNU	33	Response	20	835202	10055	4
JH56CNU	34	Picture	ITI	875296	0	1	19057	2	0	18920
JH56CNU	35	Picture	BaselinePost	894520	0	1	20059	2	0	20000
JH56CNU	36	Picture	Instruction_NS_UC	914746	0	2	50149	4	0	50000
