Scenario - ATWM1_Working_Memory_MEG_salient_cued_run1
Logfile written - 04/04/2016 14:12:33

Subject	Trial	Event Type	Code	Time	TTime	Uncertainty	Duration	Uncertainty	ReqTime	ReqDur

JH56CNU	1	Picture	ExpStart	29	0	1	10030	2	0	10000
JH56CNU	2	Picture	BaselinePre	10226	0	1	100131	2	0	100000
JH56CNU	3	Picture	CueingCross	110524	0	1	3009	2	0	2920
JH56CNU	4	Picture	PrepTime	113700	0	1	3009	2	0	2920
JH56CNU	5	Picture	1_1_Encoding_Working_Memory_MEG_P6_LR_Nonsalient_NoChange_CuedRetrieval_300_300_399_2250_3000_2100_gabor_patch_orientation_101_077_032_059_target_position_2_4_retrieval_position_2	116876	0	1	1337	3	0	1250
JH56CNU	5	Picture	Flicker2	118213	1337	2	1338	3	1250	1250
JH56CNU	5	Picture	Flicker3	119551	2675	1	1337	2	2500	1250
JH56CNU	6	Picture	Delay	121055	0	1	22567	2	0	22420
JH56CNU	7	Picture	1_1_Retrieval_Working_Memory_MEG_P6_LR_Nonsalient_NoChange_CuedRetrieval_retrieval_patch_orientation_077_retrieval_position_2	143789	0	2	30090	3	0	29920
JH56CNU	7	Response	10	155643	11854	4
JH56CNU	8	Picture	ITI	174045	0	3	21063	5	0	20920
JH56CNU	9	Picture	CueingCross	195276	0	1	3009	2	0	2920
JH56CNU	10	Picture	PrepTime	198452	0	1	3009	2	0	2920
JH56CNU	11	Picture	1_2_Encoding_Working_Memory_MEG_P6_LR_Nonsalient_NoChange_CuedRetrieval_300_300_399_1800_3000_2350_gabor_patch_orientation_083_051_112_027_target_position_1_4_retrieval_position_4	201628	0	1	1337	2	0	1250
JH56CNU	11	Picture	Flicker2	202965	1337	1	1337	3	1250	1250
JH56CNU	11	Picture	Flicker3	204302	2674	2	1338	3	2500	1250
JH56CNU	12	Picture	Delay	205807	0	1	18054	2	0	17920
JH56CNU	13	Picture	1_2_Retrieval_Working_Memory_MEG_P6_LR_Nonsalient_NoChange_CuedRetrieval_retrieval_patch_orientation_027_retrieval_position_4	224028	0	1	30089	2	0	29920
JH56CNU	13	Response	10	241392	17364	4
JH56CNU	14	Picture	ITI	254284	0	2	23570	3	0	23420
JH56CNU	15	Picture	CueingCross	278021	0	2	3009	3	0	2920
JH56CNU	16	Picture	PrepTime	281197	0	2	3009	4	0	2920
JH56CNU	17	Picture	1_3_Encoding_Working_Memory_MEG_P6_LR_Nonsalient_NoChange_CuedRetrieval_300_300_399_1900_3000_2550_gabor_patch_orientation_109_035_088_154_target_position_2_4_retrieval_position_4	284374	0	1	1337	2	0	1250
JH56CNU	17	Picture	Flicker2	285711	1337	1	1337	2	1250	1250
JH56CNU	17	Picture	Flicker3	287048	2674	1	1338	2	2500	1250
JH56CNU	18	Picture	Delay	288553	0	1	19056	2	0	18920
JH56CNU	19	Picture	1_3_Retrieval_Working_Memory_MEG_P6_LR_Nonsalient_NoChange_CuedRetrieval_retrieval_patch_orientation_154_retrieval_position_4	307776	0	2	30090	3	0	29920
JH56CNU	19	Response	20	334281	26505	3
JH56CNU	20	Picture	ITI	338033	0	1	25576	2	0	25420
JH56CNU	21	Picture	CueingCross	363776	0	1	3009	2	0	2920
JH56CNU	22	Picture	PrepTime	366952	0	1	3009	2	0	2920
JH56CNU	23	Picture	1_4_Encoding_Working_Memory_MEG_P6_LR_Nonsalient_DoChange_UncuedRetriev_300_300_399_1750_3000_2100_gabor_patch_orientation_031_167_085_141_target_position_1_4_retrieval_position_2	370128	0	2	1338	3	0	1250
JH56CNU	23	Picture	Flicker2	371466	1338	1	1337	2	1250	1250
JH56CNU	23	Picture	Flicker3	372803	2675	1	1337	2	2500	1250
JH56CNU	24	Picture	Delay	374307	0	2	17553	3	0	17420
JH56CNU	25	Picture	1_4_Retrieval_Working_Memory_MEG_P6_LR_Nonsalient_DoChange_UncuedRetriev_retrieval_patch_orientation_119_retrieval_position_2	392027	0	1	30089	2	0	29920
JH56CNU	25	Response	20	400460	8433	3
JH56CNU	26	Picture	ITI	422283	0	1	21063	2	0	20920
JH56CNU	27	Picture	CueingCross	443513	0	1	3009	2	0	2920
JH56CNU	28	Picture	PrepTime	446689	0	1	3009	2	0	2920
JH56CNU	29	Picture	1_5_Encoding_Working_Memory_MEG_P6_LR_Nonsalient_DoChange_CuedRetrieval_300_300_399_1850_3000_2200_gabor_patch_orientation_121_087_104_058_target_position_1_4_retrieval_position_1	449865	0	1	1337	3	0	1250
JH56CNU	29	Picture	Flicker2	451202	1337	2	1338	3	1250	1250
JH56CNU	29	Picture	Flicker3	452540	2675	1	1337	2	2500	1250
JH56CNU	30	Picture	Delay	454044	0	1	18555	2	0	18420
JH56CNU	31	Picture	1_5_Retrieval_Working_Memory_MEG_P6_LR_Nonsalient_DoChange_CuedRetrieval_retrieval_patch_orientation_167_retrieval_position_1	472766	0	2	30090	3	0	29920
JH56CNU	31	Response	20	480759	7993	3
JH56CNU	32	Picture	ITI	503023	0	1	22066	2	0	21920
JH56CNU	33	Picture	CueingCross	525256	0	1	3009	2	0	2920
JH56CNU	34	Picture	PrepTime	528432	0	1	3009	2	0	2920
JH56CNU	35	Picture	1_6_Encoding_Working_Memory_MEG_P6_LR_Nonsalient_DoChange_CuedRetrieval_300_300_399_1800_3000_2050_gabor_patch_orientation_138_177_026_069_target_position_1_4_retrieval_position_4	531608	0	1	1337	2	0	1250
JH56CNU	35	Picture	Flicker2	532945	1337	1	1338	2	1250	1250
JH56CNU	35	Picture	Flicker3	534283	2675	1	1337	2	2500	1250
JH56CNU	36	Picture	Delay	535787	0	1	18054	2	0	17920
JH56CNU	37	Picture	1_6_Retrieval_Working_Memory_MEG_P6_LR_Nonsalient_DoChange_CuedRetrieval_retrieval_patch_orientation_115_retrieval_position_4	554008	0	1	30089	2	0	29920
JH56CNU	37	Response	20	571287	17279	4
JH56CNU	38	Picture	ITI	584264	0	2	20561	3	0	20420
JH56CNU	39	Picture	CueingCross	604993	0	1	3008	3	0	2920
JH56CNU	40	Picture	PrepTime	608169	0	1	3009	2	0	2920
JH56CNU	41	Picture	1_7_Encoding_Working_Memory_MEG_P6_LR_Nonsalient_NoChange_CuedRetrieval_300_300_399_2150_3000_2550_gabor_patch_orientation_012_120_101_033_target_position_1_2_retrieval_position_2	611345	0	1	1337	2	0	1250
JH56CNU	41	Picture	Flicker2	612682	1337	1	1337	2	1250	1250
JH56CNU	41	Picture	Flicker3	614019	2674	1	1338	2	2500	1250
JH56CNU	42	Picture	Delay	615524	0	1	21564	2	0	21420
JH56CNU	43	Picture	1_7_Retrieval_Working_Memory_MEG_P6_LR_Nonsalient_NoChange_CuedRetrieval_retrieval_patch_orientation_120_retrieval_position_2	637255	0	1	30089	3	0	29920
JH56CNU	43	Response	10	648066	10811	4
JH56CNU	44	Picture	ITI	667511	0	2	25576	4	0	25420
JH56CNU	45	Picture	CueingCross	693254	0	2	3010	3	0	2920
JH56CNU	46	Picture	PrepTime	696431	0	1	3009	2	0	2920
JH56CNU	47	Picture	1_8_Encoding_Working_Memory_MEG_P6_LR_Nonsalient_NoChange_CuedRetrieval_300_300_399_1750_3000_2000_gabor_patch_orientation_096_172_147_015_target_position_2_4_retrieval_position_2	699607	0	1	1337	2	0	1250
JH56CNU	47	Picture	Flicker2	700944	1337	1	1337	3	1250	1250
JH56CNU	47	Picture	Flicker3	702281	2674	2	1338	3	2500	1250
JH56CNU	48	Picture	Delay	703786	0	1	17552	2	0	17420
JH56CNU	49	Picture	1_8_Retrieval_Working_Memory_MEG_P6_LR_Nonsalient_NoChange_CuedRetrieval_retrieval_patch_orientation_172_retrieval_position_2	721505	0	2	30090	3	0	29920
JH56CNU	49	Response	10	740865	19360	3
JH56CNU	50	Picture	ITI	751762	0	1	20059	2	0	19920
JH56CNU	51	Picture	CueingCross	771988	0	2	3009	4	0	2920
JH56CNU	52	Picture	PrepTime	775165	0	1	3009	2	0	2920
JH56CNU	53	Picture	1_9_Encoding_Working_Memory_MEG_P6_LR_Nonsalient_DoChange_CuedRetrieval_300_300_399_1800_3000_2200_gabor_patch_orientation_050_129_177_018_target_position_1_2_retrieval_position_1	778341	0	1	1337	2	0	1250
JH56CNU	53	Picture	Flicker2	779678	1337	1	1337	2	1250	1250
JH56CNU	53	Picture	Flicker3	781015	2674	1	1338	2	2500	1250
JH56CNU	54	Picture	Delay	782520	0	1	18053	2	0	17920
JH56CNU	55	Picture	1_9_Retrieval_Working_Memory_MEG_P6_LR_Nonsalient_DoChange_CuedRetrieval_retrieval_patch_orientation_096_retrieval_position_1	800741	0	1	30089	2	0	29920
JH56CNU	55	Response	20	813264	12523	4
JH56CNU	56	Picture	ITI	830997	0	1	22066	2	0	21920
JH56CNU	57	Picture	CueingCross	853230	0	1	3009	2	0	2920
JH56CNU	58	Picture	PrepTime	856406	0	1	3009	2	0	2920
JH56CNU	59	Picture	1_10_Encoding_Working_Memory_MEG_P6_LR_Nonsalient_NoChange_CuedRetrieval_300_300_399_2150_3000_2050_gabor_patch_orientation_083_113_173_006_target_position_1_4_retrieval_position_1	859582	0	1	1337	2	0	1250
JH56CNU	59	Picture	Flicker2	860919	1337	1	1338	2	1250	1250
JH56CNU	59	Picture	Flicker3	862257	2675	1	1337	2	2500	1250
JH56CNU	60	Picture	Delay	863761	0	1	21564	2	0	21420
JH56CNU	61	Picture	1_10_Retrieval_Working_Memory_MEG_P6_LR_Nonsalient_NoChange_CuedRetrieval_retrieval_patch_orientation_083_retrieval_position_1	885492	0	2	30090	3	0	29920
JH56CNU	61	Response	10	899753	14261	3
JH56CNU	62	Picture	ITI	915749	0	1	20561	2	0	20420
JH56CNU	63	Picture	CueingCross	936477	0	1	3009	2	0	2920
JH56CNU	64	Picture	PrepTime	939653	0	1	3009	2	0	2920
JH56CNU	65	Picture	1_11_Encoding_Working_Memory_MEG_P6_LR_Nonsalient_DoChange_CuedRetrieval_300_300_399_1800_3000_2100_gabor_patch_orientation_042_126_160_179_target_position_1_3_retrieval_position_1	942829	0	1	1338	2	0	1250
JH56CNU	65	Picture	Flicker2	944167	1338	1	1337	2	1250	1250
JH56CNU	65	Picture	Flicker3	945504	2675	1	1337	2	2500	1250
JH56CNU	66	Picture	Delay	947008	0	2	18054	3	0	17920
JH56CNU	67	Picture	1_11_Retrieval_Working_Memory_MEG_P6_LR_Nonsalient_DoChange_CuedRetrieval_retrieval_patch_orientation_091_retrieval_position_1	965229	0	1	30089	3	0	29920
JH56CNU	67	Response	20	975372	10143	3
JH56CNU	68	Picture	ITI	995486	0	1	21062	2	0	20920
JH56CNU	69	Picture	CueingCross	1016715	0	2	3009	3	0	2920
JH56CNU	70	Picture	PrepTime	1019891	0	2	3009	3	0	2920
JH56CNU	71	Picture	1_12_Encoding_Working_Memory_MEG_P6_LR_Nonsalient_DoChange_CuedRetrieval_300_300_399_2250_3000_2000_gabor_patch_orientation_124_034_069_100_target_position_3_4_retrieval_position_4	1023068	0	1	1337	2	0	1250
JH56CNU	71	Picture	Flicker2	1024405	1337	1	1337	2	1250	1250
JH56CNU	71	Picture	Flicker3	1025742	2674	1	1337	3	2500	1250
JH56CNU	72	Picture	Delay	1027247	0	1	22567	2	0	22420
JH56CNU	73	Picture	1_12_Retrieval_Working_Memory_MEG_P6_LR_Nonsalient_DoChange_CuedRetrieval_retrieval_patch_orientation_145_retrieval_position_4	1049981	0	1	30089	2	0	29920
JH56CNU	73	Response	20	1062620	12639	4
JH56CNU	74	Picture	ITI	1080237	0	2	20060	3	0	19920
JH56CNU	75	Picture	CueingCross	1100464	0	1	3009	2	0	2920
JH56CNU	76	Picture	PrepTime	1103640	0	1	3009	2	0	2920
JH56CNU	77	Picture	1_13_Encoding_Working_Memory_MEG_P6_LR_Nonsalient_NoChange_UncuedRetriev_300_300_399_1900_3000_2150_gabor_patch_orientation_052_123_178_002_target_position_1_3_retrieval_position_4	1106816	0	2	1338	3	0	1250
JH56CNU	77	Picture	Flicker2	1108154	1338	1	1337	2	1250	1250
JH56CNU	77	Picture	Flicker3	1109491	2675	1	1337	2	2500	1250
JH56CNU	78	Picture	Delay	1110995	0	2	19057	3	0	18920
JH56CNU	79	Picture	1_13_Retrieval_Working_Memory_MEG_P6_LR_Nonsalient_NoChange_UncuedRetriev_retrieval_patch_orientation_002_retrieval_position_4	1130219	0	1	30089	3	0	29920
JH56CNU	79	Response	10	1147129	16910	4
JH56CNU	80	Picture	ITI	1160476	0	1	21564	2	0	21420
JH56CNU	81	Picture	CueingCross	1182207	0	1	3009	2	0	2920
JH56CNU	82	Picture	PrepTime	1185382	0	2	3010	3	0	2920
JH56CNU	83	Picture	1_14_Encoding_Working_Memory_MEG_P6_LR_Nonsalient_DoChange_CuedRetrieval_300_300_399_2200_3000_2150_gabor_patch_orientation_065_118_103_170_target_position_3_4_retrieval_position_3	1188559	0	1	1337	2	0	1250
JH56CNU	83	Picture	Flicker2	1189896	1337	1	1338	2	1250	1250
JH56CNU	83	Picture	Flicker3	1191234	2675	1	1337	2	2500	1250
JH56CNU	84	Picture	Delay	1192738	0	1	22066	2	0	21920
JH56CNU	85	Picture	1_14_Retrieval_Working_Memory_MEG_P6_LR_Nonsalient_DoChange_CuedRetrieval_retrieval_patch_orientation_149_retrieval_position_3	1214971	0	1	30089	2	0	29920
JH56CNU	85	Response	20	1240538	25567	4
JH56CNU	86	Picture	ITI	1245227	0	2	21564	3	0	21420
JH56CNU	87	Picture	CueingCross	1266958	0	2	3009	4	0	2920
JH56CNU	88	Picture	PrepTime	1270135	0	1	3009	2	0	2920
JH56CNU	89	Picture	1_15_Encoding_Working_Memory_MEG_P6_LR_Nonsalient_DoChange_CuedRetrieval_300_300_399_2100_3000_2600_gabor_patch_orientation_006_028_081_056_target_position_2_4_retrieval_position_2	1273311	0	1	1337	2	0	1250
JH56CNU	89	Picture	Flicker2	1274648	1337	1	1337	2	1250	1250
JH56CNU	89	Picture	Flicker3	1275985	2674	1	1338	2	2500	1250
JH56CNU	90	Picture	Delay	1277490	0	1	21062	2	0	20920
JH56CNU	91	Picture	1_15_Retrieval_Working_Memory_MEG_P6_LR_Nonsalient_DoChange_CuedRetrieval_retrieval_patch_orientation_167_retrieval_position_2	1298719	0	2	30090	3	0	29920
JH56CNU	91	Response	20	1308887	10168	3
JH56CNU	92	Picture	ITI	1328976	0	1	26077	3	0	25920
JH56CNU	93	Picture	CueingCross	1355221	0	1	3009	2	0	2920
JH56CNU	94	Picture	PrepTime	1358397	0	1	3009	2	0	2920
JH56CNU	95	Picture	1_16_Encoding_Working_Memory_MEG_P6_LR_Nonsalient_DoChange_CuedRetrieval_300_300_399_2200_3000_2300_gabor_patch_orientation_169_014_125_050_target_position_3_4_retrieval_position_4	1361573	0	2	1337	3	0	1250
JH56CNU	95	Picture	Flicker2	1362910	1337	1	1337	3	1250	1250
JH56CNU	95	Picture	Flicker3	1364247	2674	2	1338	3	2500	1250
JH56CNU	96	Picture	Delay	1365752	0	1	22065	3	0	21920
JH56CNU	97	Picture	1_16_Retrieval_Working_Memory_MEG_P6_LR_Nonsalient_DoChange_CuedRetrieval_retrieval_patch_orientation_099_retrieval_position_4	1387985	0	1	30089	2	0	29920
JH56CNU	97	Response	20	1397586	9601	3
JH56CNU	98	Picture	ITI	1418241	0	1	23069	2	0	22920
JH56CNU	99	Picture	CueingCross	1441477	0	1	3009	2	0	2920
JH56CNU	100	Picture	PrepTime	1444653	0	1	3009	2	0	2920
JH56CNU	101	Picture	1_17_Encoding_Working_Memory_MEG_P6_LR_Nonsalient_DoChange_UncuedRetriev_300_300_399_2000_3000_1950_gabor_patch_orientation_086_013_041_157_target_position_1_4_retrieval_position_3	1447829	0	1	1337	2	0	1250
JH56CNU	101	Picture	Flicker2	1449166	1337	1	1338	2	1250	1250
JH56CNU	101	Picture	Flicker3	1450504	2675	1	1337	2	2500	1250
JH56CNU	102	Picture	Delay	1452008	0	1	20060	2	0	19920
JH56CNU	103	Picture	1_17_Retrieval_Working_Memory_MEG_P6_LR_Nonsalient_DoChange_UncuedRetriev_retrieval_patch_orientation_176_retrieval_position_3	1472235	0	1	30089	2	0	29920
JH56CNU	103	Response	20	1494354	22119	4
JH56CNU	104	Picture	ITI	1502491	0	2	19558	4	0	19420
JH56CNU	105	Picture	CueingCross	1522217	0	1	3008	3	0	2920
JH56CNU	106	Picture	PrepTime	1525393	0	1	3009	2	0	2920
JH56CNU	107	Picture	1_18_Encoding_Working_Memory_MEG_P6_LR_Nonsalient_DoChange_CuedRetrieval_300_300_399_1750_3000_2200_gabor_patch_orientation_173_019_088_066_target_position_1_3_retrieval_position_3	1528569	0	1	1337	2	0	1250
JH56CNU	107	Picture	Flicker2	1529906	1337	1	1337	2	1250	1250
JH56CNU	107	Picture	Flicker3	1531243	2674	1	1338	2	2500	1250
JH56CNU	108	Picture	Delay	1532748	0	1	17552	2	0	17420
JH56CNU	109	Picture	1_18_Retrieval_Working_Memory_MEG_P6_LR_Nonsalient_DoChange_CuedRetrieval_retrieval_patch_orientation_138_retrieval_position_3	1550467	0	1	30089	3	0	29920
JH56CNU	109	Response	20	1569223	18756	5
JH56CNU	110	Picture	ITI	1580724	0	1	22065	2	0	21920
JH56CNU	111	Picture	CueingCross	1602956	0	2	3009	3	0	2920
JH56CNU	112	Picture	PrepTime	1606132	0	2	3009	4	0	2920
JH56CNU	113	Picture	1_19_Encoding_Working_Memory_MEG_P6_LR_Nonsalient_DoChange_UncuedRetriev_300_300_399_1950_3000_2500_gabor_patch_orientation_081_001_142_025_target_position_2_3_retrieval_position_4	1609309	0	1	1337	2	0	1250
JH56CNU	113	Picture	Flicker2	1610646	1337	1	1337	2	1250	1250
JH56CNU	113	Picture	Flicker3	1611983	2674	1	1337	3	2500	1250
JH56CNU	114	Picture	Delay	1613488	0	1	19558	2	0	19420
JH56CNU	115	Picture	1_19_Retrieval_Working_Memory_MEG_P6_LR_Nonsalient_DoChange_UncuedRetriev_retrieval_patch_orientation_161_retrieval_position_4	1633213	0	1	30089	2	0	29920
JH56CNU	115	Response	20	1654602	21389	4
JH56CNU	116	Picture	ITI	1663469	0	2	25075	3	0	24920
JH56CNU	117	Picture	CueingCross	1688711	0	1	3009	2	0	2920
JH56CNU	118	Picture	PrepTime	1691887	0	1	3009	2	0	2920
JH56CNU	119	Picture	1_20_Encoding_Working_Memory_MEG_P6_LR_Nonsalient_NoChange_CuedRetrieval_300_300_399_1800_3000_1900_gabor_patch_orientation_077_012_134_060_target_position_2_4_retrieval_position_2	1695063	0	2	1338	3	0	1250
JH56CNU	119	Picture	Flicker2	1696401	1338	1	1337	2	1250	1250
JH56CNU	119	Picture	Flicker3	1697738	2675	1	1337	2	2500	1250
JH56CNU	120	Picture	Delay	1699242	0	2	18054	3	0	17920
JH56CNU	121	Picture	1_20_Retrieval_Working_Memory_MEG_P6_LR_Nonsalient_NoChange_CuedRetrieval_retrieval_patch_orientation_012_retrieval_position_2	1717463	0	1	30089	3	0	29920
JH56CNU	121	Response	10	1725991	8528	4
JH56CNU	122	Picture	ITI	1747720	0	1	19056	2	0	18920
JH56CNU	123	Picture	CueingCross	1766943	0	2	3009	3	0	2920
JH56CNU	124	Picture	PrepTime	1770120	0	1	3008	3	0	2920
JH56CNU	125	Picture	1_21_Encoding_Working_Memory_MEG_P6_LR_Nonsalient_NoChange_CuedRetrieval_300_300_399_2050_3000_2150_gabor_patch_orientation_106_151_042_178_target_position_2_4_retrieval_position_2	1773296	0	1	1337	2	0	1250
JH56CNU	125	Picture	Flicker2	1774633	1337	1	1337	2	1250	1250
JH56CNU	125	Picture	Flicker3	1775970	2674	1	1338	2	2500	1250
JH56CNU	126	Picture	Delay	1777475	0	1	20561	2	0	20420
JH56CNU	127	Picture	1_21_Retrieval_Working_Memory_MEG_P6_LR_Nonsalient_NoChange_CuedRetrieval_retrieval_patch_orientation_151_retrieval_position_2	1798203	0	1	30089	2	0	29920
JH56CNU	127	Response	10	1816550	18347	3
JH56CNU	128	Picture	ITI	1828459	0	2	21564	4	0	21420
JH56CNU	129	Picture	CueingCross	1850191	0	1	3009	2	0	2920
JH56CNU	130	Picture	PrepTime	1853367	0	1	3009	2	0	2920
JH56CNU	131	Picture	1_22_Encoding_Working_Memory_MEG_P6_LR_Nonsalient_NoChange_CuedRetrieval_300_300_399_1750_3000_2300_gabor_patch_orientation_074_093_014_048_target_position_1_3_retrieval_position_3	1856543	0	1	1337	2	0	1250
JH56CNU	131	Picture	Flicker2	1857880	1337	1	1337	3	1250	1250
JH56CNU	131	Picture	Flicker3	1859217	2674	2	1338	3	2500	1250
JH56CNU	132	Picture	Delay	1860722	0	2	17552	3	0	17420
JH56CNU	133	Picture	1_22_Retrieval_Working_Memory_MEG_P6_LR_Nonsalient_NoChange_CuedRetrieval_retrieval_patch_orientation_014_retrieval_position_3	1878441	0	1	30090	2	0	29920
JH56CNU	133	Response	10	1901028	22587	5
JH56CNU	134	Picture	ITI	1908698	0	1	23068	2	0	22920
JH56CNU	135	Picture	CueingCross	1931933	0	2	3009	3	0	2920
JH56CNU	136	Picture	PrepTime	1935109	0	2	3009	4	0	2920
JH56CNU	137	Picture	1_23_Encoding_Working_Memory_MEG_P6_LR_Nonsalient_NoChange_CuedRetrieval_300_300_399_1900_3000_2050_gabor_patch_orientation_042_150_084_016_target_position_2_4_retrieval_position_2	1938286	0	1	1337	2	0	1250
JH56CNU	137	Picture	Flicker2	1939623	1337	1	1337	2	1250	1250
JH56CNU	137	Picture	Flicker3	1940960	2674	1	1338	2	2500	1250
JH56CNU	138	Picture	Delay	1942465	0	1	19056	2	0	18920
JH56CNU	139	Picture	1_23_Retrieval_Working_Memory_MEG_P6_LR_Nonsalient_NoChange_CuedRetrieval_retrieval_patch_orientation_150_retrieval_position_2	1961688	0	2	30090	3	0	29920
JH56CNU	139	Response	20	1980248	18560	3
JH56CNU	140	Picture	ITI	1991945	0	1	20561	2	0	20420
JH56CNU	141	Picture	CueingCross	2012673	0	1	3009	2	0	2920
JH56CNU	142	Picture	PrepTime	2015849	0	1	3009	2	0	2920
JH56CNU	143	Picture	1_24_Encoding_Working_Memory_MEG_P6_LR_Nonsalient_DoChange_CuedRetrieval_300_300_399_2200_3000_2400_gabor_patch_orientation_053_129_011_087_target_position_2_4_retrieval_position_2	2019025	0	2	1338	3	0	1250
JH56CNU	143	Picture	Flicker2	2020363	1338	1	1337	2	1250	1250
JH56CNU	143	Picture	Flicker3	2021700	2675	1	1337	2	2500	1250
JH56CNU	144	Picture	Delay	2023204	0	2	22066	3	0	21920
JH56CNU	145	Picture	1_24_Retrieval_Working_Memory_MEG_P6_LR_Nonsalient_DoChange_CuedRetrieval_retrieval_patch_orientation_177_retrieval_position_2	2045437	0	1	30089	3	0	29920
JH56CNU	145	Response	20	2053746	8309	5
JH56CNU	146	Picture	ITI	2075694	0	1	24071	2	0	23920
JH56CNU	146	Response	20	2076546	852	4
JH56CNU	147	Picture	CueingCross	2099932	0	2	3009	3	0	2920
JH56CNU	148	Picture	PrepTime	2103108	0	2	3009	3	0	2920
JH56CNU	149	Picture	1_25_Encoding_Working_Memory_MEG_P6_LR_Nonsalient_NoChange_UncuedRetriev_300_300_399_2250_3000_2250_gabor_patch_orientation_096_064_122_079_target_position_1_2_retrieval_position_4	2106284	0	2	1338	3	0	1250
JH56CNU	149	Picture	Flicker2	2107622	1338	1	1337	2	1250	1250
JH56CNU	149	Picture	Flicker3	2108959	2675	1	1337	3	2500	1250
JH56CNU	150	Picture	Delay	2110464	0	1	22567	2	0	22420
JH56CNU	151	Picture	1_25_Retrieval_Working_Memory_MEG_P6_LR_Nonsalient_NoChange_UncuedRetriev_retrieval_patch_orientation_079_retrieval_position_4	2133198	0	1	30089	2	0	29920
JH56CNU	151	Response	10	2148385	15187	4
JH56CNU	152	Picture	ITI	2163454	0	2	22567	3	0	22420
JH56CNU	153	Picture	CueingCross	2186188	0	2	3009	4	0	2920
JH56CNU	154	Picture	PrepTime	2189365	0	1	3009	2	0	2920
JH56CNU	155	Picture	1_26_Encoding_Working_Memory_MEG_P6_LR_Nonsalient_DoChange_CuedRetrieval_300_300_399_1850_3000_2400_gabor_patch_orientation_098_051_118_135_target_position_3_4_retrieval_position_3	2192541	0	1	1337	2	0	1250
JH56CNU	155	Picture	Flicker2	2193878	1337	1	1337	2	1250	1250
JH56CNU	155	Picture	Flicker3	2195215	2674	1	1338	2	2500	1250
JH56CNU	156	Picture	Delay	2196719	0	3	18556	4	0	18420
JH56CNU	157	Picture	1_26_Retrieval_Working_Memory_MEG_P6_LR_Nonsalient_DoChange_CuedRetrieval_retrieval_patch_orientation_071_retrieval_position_3	2215442	0	1	30089	2	0	29920
JH56CNU	157	Response	20	2227174	11732	4
JH56CNU	158	Picture	ITI	2245699	0	1	24071	2	0	23920
JH56CNU	159	Picture	CueingCross	2269937	0	1	3009	2	0	2920
JH56CNU	160	Picture	PrepTime	2273113	0	2	3009	3	0	2920
JH56CNU	161	Picture	1_27_Encoding_Working_Memory_MEG_P6_LR_Nonsalient_NoChange_CuedRetrieval_300_300_399_1750_3000_2300_gabor_patch_orientation_137_072_051_092_target_position_1_2_retrieval_position_1	2276289	0	2	1338	3	0	1250
JH56CNU	161	Picture	Flicker2	2277627	1338	1	1337	2	1250	1250
JH56CNU	161	Picture	Flicker3	2278964	2675	1	1337	2	2500	1250
JH56CNU	162	Picture	Delay	2280468	0	2	17553	3	0	17420
JH56CNU	163	Picture	1_27_Retrieval_Working_Memory_MEG_P6_LR_Nonsalient_NoChange_CuedRetrieval_retrieval_patch_orientation_137_retrieval_position_1	2298188	0	1	30089	2	0	29920
JH56CNU	163	Response	10	2314953	16765	3
JH56CNU	164	Picture	ITI	2328444	0	2	23069	3	0	22920
JH56CNU	165	Picture	CueingCross	2351680	0	1	3009	2	0	2920
JH56CNU	166	Picture	PrepTime	2354856	0	1	3009	2	0	2920
JH56CNU	167	Picture	1_28_Encoding_Working_Memory_MEG_P6_LR_Nonsalient_DoChange_CuedRetrieval_300_300_399_2000_3000_2350_gabor_patch_orientation_178_130_066_101_target_position_1_4_retrieval_position_1	2358032	0	2	1337	4	0	1250
JH56CNU	167	Picture	Flicker2	2359369	1337	2	1338	3	1250	1250
JH56CNU	167	Picture	Flicker3	2360707	2675	1	1337	2	2500	1250
JH56CNU	168	Picture	Delay	2362211	0	1	20060	2	0	19920
JH56CNU	169	Picture	1_28_Retrieval_Working_Memory_MEG_P6_LR_Nonsalient_DoChange_CuedRetrieval_retrieval_patch_orientation_042_retrieval_position_1	2382438	0	1	30089	2	0	29920
JH56CNU	169	Response	20	2398442	16004	3
JH56CNU	170	Picture	ITI	2412694	0	2	23570	4	0	23420
JH56CNU	171	Picture	CueingCross	2436432	0	1	3009	2	0	2920
JH56CNU	172	Picture	PrepTime	2439608	0	1	3009	2	0	2920
JH56CNU	173	Picture	1_29_Encoding_Working_Memory_MEG_P6_LR_Nonsalient_NoChange_CuedRetrieval_300_300_399_1750_3000_2450_gabor_patch_orientation_014_151_086_121_target_position_1_3_retrieval_position_3	2442784	0	1	1337	2	0	1250
JH56CNU	173	Picture	Flicker2	2444121	1337	1	1337	3	1250	1250
JH56CNU	173	Picture	Flicker3	2445458	2674	2	1338	3	2500	1250
JH56CNU	174	Picture	Delay	2446963	0	1	17552	2	0	17420
JH56CNU	175	Picture	1_29_Retrieval_Working_Memory_MEG_P6_LR_Nonsalient_NoChange_CuedRetrieval_retrieval_patch_orientation_086_retrieval_position_3	2464682	0	1	30090	2	0	29920
JH56CNU	175	Response	10	2480600	15918	4
JH56CNU	176	Picture	ITI	2494939	0	1	24573	2	0	24420
JH56CNU	177	Picture	CueingCross	2519679	0	1	3009	2	0	2920
JH56CNU	178	Picture	PrepTime	2522855	0	1	3009	2	0	2920
JH56CNU	179	Picture	1_30_Encoding_Working_Memory_MEG_P6_LR_Nonsalient_DoChange_CuedRetrieval_300_300_399_2150_3000_2250_gabor_patch_orientation_020_180_056_094_target_position_3_4_retrieval_position_4	2526031	0	1	1337	2	0	1250
JH56CNU	179	Picture	Flicker2	2527368	1337	1	1338	2	1250	1250
JH56CNU	179	Picture	Flicker3	2528706	2675	1	1337	2	2500	1250
JH56CNU	180	Picture	Delay	2530210	0	1	21564	2	0	21420
JH56CNU	181	Picture	1_30_Retrieval_Working_Memory_MEG_P6_LR_Nonsalient_DoChange_CuedRetrieval_retrieval_patch_orientation_142_retrieval_position_4	2551941	0	2	30090	3	0	29920
JH56CNU	181	Response	20	2568259	16318	5
JH56CNU	182	Picture	ITI	2582198	0	1	22567	2	0	22420
JH56CNU	183	Picture	CueingCross	2604932	0	1	3009	2	0	2920
JH56CNU	184	Picture	PrepTime	2608108	0	1	3009	2	0	2920
JH56CNU	185	Picture	1_31_Encoding_Working_Memory_MEG_P6_LR_Nonsalient_NoChange_CuedRetrieval_300_300_399_2200_3000_2550_gabor_patch_orientation_008_070_159_117_target_position_1_3_retrieval_position_1	2611284	0	1	1338	2	0	1250
JH56CNU	185	Picture	Flicker2	2612622	1338	1	1337	2	1250	1250
JH56CNU	185	Picture	Flicker3	2613959	2675	1	1337	2	2500	1250
JH56CNU	186	Picture	Delay	2615463	0	2	22066	3	0	21920
JH56CNU	187	Picture	1_31_Retrieval_Working_Memory_MEG_P6_LR_Nonsalient_NoChange_CuedRetrieval_retrieval_patch_orientation_008_retrieval_position_1	2637696	0	1	30089	2	0	29920
JH56CNU	187	Response	10	2653078	15382	4
JH56CNU	188	Picture	ITI	2667953	0	1	25575	3	0	25420
JH56CNU	189	Picture	CueingCross	2693696	0	1	3009	2	0	2920
JH56CNU	190	Picture	PrepTime	2696872	0	1	3009	2	0	2920
JH56CNU	191	Picture	1_32_Encoding_Working_Memory_MEG_P6_LR_Nonsalient_NoChange_CuedRetrieval_300_300_399_2150_3000_2600_gabor_patch_orientation_082_112_162_129_target_position_3_4_retrieval_position_3	2700048	0	1	1337	2	0	1250
JH56CNU	191	Picture	Flicker2	2701385	1337	1	1337	3	1250	1250
JH56CNU	191	Picture	Flicker3	2702722	2674	2	1338	3	2500	1250
JH56CNU	192	Picture	Delay	2704227	0	1	21564	2	0	21420
JH56CNU	193	Picture	1_32_Retrieval_Working_Memory_MEG_P6_LR_Nonsalient_NoChange_CuedRetrieval_retrieval_patch_orientation_162_retrieval_position_3	2725958	0	1	30089	3	0	29920
JH56CNU	193	Response	10	2739497	13539	3
JH56CNU	194	Picture	ITI	2756215	0	1	26077	2	0	25920
JH56CNU	195	Picture	CueingCross	2782459	0	1	3009	2	0	2920
JH56CNU	196	Picture	PrepTime	2785635	0	2	3009	3	0	2920
JH56CNU	197	Picture	1_33_Encoding_Working_Memory_MEG_P6_LR_Nonsalient_NoChange_UncuedRetriev_300_300_399_1950_3000_2250_gabor_patch_orientation_067_046_175_001_target_position_2_4_retrieval_position_1	2788811	0	2	1338	3	0	1250
JH56CNU	197	Picture	Flicker2	2790149	1338	1	1337	2	1250	1250
JH56CNU	197	Picture	Flicker3	2791486	2675	1	1337	2	2500	1250
JH56CNU	198	Picture	Delay	2792991	0	1	19558	2	0	19420
JH56CNU	199	Picture	1_33_Retrieval_Working_Memory_MEG_P6_LR_Nonsalient_NoChange_UncuedRetriev_retrieval_patch_orientation_067_retrieval_position_1	2812716	0	1	30089	2	0	29920
JH56CNU	199	Response	10	2826056	13340	3
JH56CNU	200	Picture	ITI	2842972	0	2	22567	4	0	22420
JH56CNU	201	Picture	CueingCross	2865706	0	2	3009	3	0	2920
JH56CNU	202	Picture	PrepTime	2868883	0	1	3008	3	0	2920
JH56CNU	203	Picture	1_34_Encoding_Working_Memory_MEG_P6_LR_Nonsalient_NoChange_CuedRetrieval_300_300_399_1850_3000_2300_gabor_patch_orientation_162_051_177_136_target_position_1_4_retrieval_position_4	2872058	0	2	1338	3	0	1250
JH56CNU	203	Picture	Flicker2	2873396	1338	1	1337	2	1250	1250
JH56CNU	203	Picture	Flicker3	2874733	2675	1	1338	2	2500	1250
JH56CNU	204	Picture	Delay	2876238	0	1	18555	2	0	18420
JH56CNU	205	Picture	1_34_Retrieval_Working_Memory_MEG_P6_LR_Nonsalient_NoChange_CuedRetrieval_retrieval_patch_orientation_136_retrieval_position_4	2894960	0	1	30089	2	0	29920
JH56CNU	205	Response	20	2914304	19344	4
JH56CNU	206	Picture	ITI	2925216	0	2	23069	3	0	22920
JH56CNU	207	Picture	CueingCross	2948452	0	1	3009	2	0	2920
JH56CNU	208	Picture	PrepTime	2951628	0	1	3009	2	0	2920
JH56CNU	209	Picture	1_35_Encoding_Working_Memory_MEG_P6_LR_Nonsalient_NoChange_CuedRetrieval_300_300_399_2250_3000_2450_gabor_patch_orientation_071_055_018_127_target_position_2_4_retrieval_position_4	2954804	0	2	1338	3	0	1250
JH56CNU	209	Picture	Flicker2	2956142	1338	1	1337	2	1250	1250
JH56CNU	209	Picture	Flicker3	2957479	2675	1	1337	2	2500	1250
JH56CNU	210	Picture	Delay	2958983	0	2	22567	4	0	22420
JH56CNU	211	Picture	1_35_Retrieval_Working_Memory_MEG_P6_LR_Nonsalient_NoChange_CuedRetrieval_retrieval_patch_orientation_127_retrieval_position_4	2981718	0	1	30089	2	0	29920
JH56CNU	211	Response	10	2994693	12975	4
JH56CNU	212	Picture	ITI	3011974	0	1	24573	2	0	24420
JH56CNU	213	Picture	CueingCross	3036714	0	2	3009	3	0	2920
JH56CNU	214	Picture	PrepTime	3039890	0	2	3009	3	0	2920
JH56CNU	215	Picture	1_36_Encoding_Working_Memory_MEG_P6_LR_Nonsalient_DoChange_CuedRetrieval_300_300_399_2000_3000_2600_gabor_patch_orientation_089_016_038_055_target_position_1_3_retrieval_position_3	3043066	0	2	1338	3	0	1250
JH56CNU	215	Picture	Flicker2	3044404	1338	1	1337	2	1250	1250
JH56CNU	215	Picture	Flicker3	3045741	2675	1	1337	3	2500	1250
JH56CNU	216	Picture	Delay	3047246	0	1	20059	2	0	19920
JH56CNU	217	Picture	1_36_Retrieval_Working_Memory_MEG_P6_LR_Nonsalient_DoChange_CuedRetrieval_retrieval_patch_orientation_173_retrieval_position_3	3067472	0	2	30090	3	0	29920
JH56CNU	217	Response	20	3083822	16350	3
JH56CNU	218	Picture	ITI	3097729	0	1	26077	2	0	25920
JH56CNU	219	Picture	CueingCross	3123973	0	2	3009	3	0	2920
JH56CNU	220	Picture	PrepTime	3127149	0	2	3009	4	0	2920
JH56CNU	221	Picture	1_37_Encoding_Working_Memory_MEG_P6_LR_Nonsalient_NoChange_UncuedRetriev_300_300_399_2050_3000_2500_gabor_patch_orientation_004_113_143_078_target_position_1_4_retrieval_position_3	3130326	0	1	1337	2	0	1250
JH56CNU	221	Picture	Flicker2	3131663	1337	1	1337	2	1250	1250
JH56CNU	221	Picture	Flicker3	3133000	2674	1	1338	2	2500	1250
JH56CNU	222	Picture	Delay	3134505	0	1	20561	2	0	20420
JH56CNU	223	Picture	1_37_Retrieval_Working_Memory_MEG_P6_LR_Nonsalient_NoChange_UncuedRetriev_retrieval_patch_orientation_143_retrieval_position_3	3155233	0	1	30089	2	0	29920
JH56CNU	223	Response	10	3170581	15348	3
JH56CNU	224	Picture	ITI	3185489	0	2	25075	3	0	24920
JH56CNU	225	Picture	CueingCross	3210731	0	1	3009	2	0	2920
JH56CNU	226	Picture	PrepTime	3213907	0	1	3009	2	0	2920
JH56CNU	227	Picture	1_38_Encoding_Working_Memory_MEG_P6_LR_Nonsalient_DoChange_CuedRetrieval_300_300_399_2000_3000_1900_gabor_patch_orientation_049_034_161_006_target_position_2_4_retrieval_position_2	3217083	0	1	1338	2	0	1250
JH56CNU	227	Picture	Flicker2	3218421	1338	1	1337	2	1250	1250
JH56CNU	227	Picture	Flicker3	3219758	2675	1	1336	3	2500	1250
JH56CNU	228	Picture	Delay	3221262	0	2	20060	3	0	19920
JH56CNU	229	Picture	1_38_Retrieval_Working_Memory_MEG_P6_LR_Nonsalient_DoChange_CuedRetrieval_retrieval_patch_orientation_081_retrieval_position_2	3241489	0	1	30089	3	0	29920
JH56CNU	229	Response	20	3254290	12801	3
JH56CNU	230	Picture	ITI	3271746	0	1	19056	2	0	18920
JH56CNU	231	Picture	CueingCross	3290969	0	2	3009	3	0	2920
JH56CNU	232	Picture	PrepTime	3294145	0	2	3009	4	0	2920
JH56CNU	233	Picture	1_39_Encoding_Working_Memory_MEG_P6_LR_Nonsalient_NoChange_CuedRetrieval_300_300_399_1750_3000_2400_gabor_patch_orientation_159_128_100_079_target_position_2_3_retrieval_position_3	3297322	0	1	1337	2	0	1250
JH56CNU	233	Picture	Flicker2	3298659	1337	1	1337	2	1250	1250
JH56CNU	233	Picture	Flicker3	3299996	2674	1	1337	3	2500	1250
JH56CNU	234	Picture	Delay	3301501	0	1	17552	2	0	17420
JH56CNU	235	Picture	1_39_Retrieval_Working_Memory_MEG_P6_LR_Nonsalient_NoChange_CuedRetrieval_retrieval_patch_orientation_100_retrieval_position_3	3319220	0	1	30089	2	0	29920
JH56CNU	235	Response	10	3334648	15428	4
JH56CNU	236	Picture	ITI	3349476	0	2	24072	3	0	23920
JH56CNU	237	Picture	CueingCross	3373715	0	1	3009	2	0	2920
JH56CNU	238	Picture	PrepTime	3376891	0	1	3009	2	0	2920
JH56CNU	239	Picture	1_40_Encoding_Working_Memory_MEG_P6_LR_Nonsalient_NoChange_CuedRetrieval_300_300_399_1950_3000_2000_gabor_patch_orientation_094_118_077_166_target_position_2_4_retrieval_position_4	3380067	0	2	1338	3	0	1250
JH56CNU	239	Picture	Flicker2	3381405	1338	1	1337	2	1250	1250
JH56CNU	239	Picture	Flicker3	3382742	2675	1	1337	2	2500	1250
JH56CNU	240	Picture	Delay	3384246	0	2	19558	4	0	19420
JH56CNU	241	Picture	1_40_Retrieval_Working_Memory_MEG_P6_LR_Nonsalient_NoChange_CuedRetrieval_retrieval_patch_orientation_166_retrieval_position_4	3403972	0	1	30089	2	0	29920
JH56CNU	241	Response	10	3421926	17954	6
JH56CNU	242	Picture	ITI	3434228	0	1	20060	2	0	19920
JH56CNU	243	Picture	CueingCross	3454455	0	1	3009	2	0	2920
JH56CNU	244	Picture	PrepTime	3457631	0	1	3009	2	0	2920
JH56CNU	245	Picture	1_41_Encoding_Working_Memory_MEG_P6_LR_Nonsalient_NoChange_CuedRetrieval_300_300_399_1850_3000_2300_gabor_patch_orientation_158_017_090_177_target_position_2_4_retrieval_position_4	3460807	0	1	1337	2	0	1250
JH56CNU	245	Picture	Flicker2	3462144	1337	1	1338	2	1250	1250
JH56CNU	245	Picture	Flicker3	3463482	2675	1	1337	2	2500	1250
JH56CNU	246	Picture	Delay	3464986	0	1	18555	2	0	18420
JH56CNU	247	Picture	1_41_Retrieval_Working_Memory_MEG_P6_LR_Nonsalient_NoChange_CuedRetrieval_retrieval_patch_orientation_177_retrieval_position_4	3483708	0	2	30090	3	0	29920
JH56CNU	247	Response	10	3497346	13638	4
JH56CNU	248	Picture	ITI	3513965	0	1	23068	3	0	22920
JH56CNU	249	Picture	CueingCross	3537201	0	1	3009	2	0	2920
JH56CNU	250	Picture	PrepTime	3540377	0	1	3009	2	0	2920
JH56CNU	251	Picture	1_42_Encoding_Working_Memory_MEG_P6_LR_Nonsalient_DoChange_CuedRetrieval_300_300_399_2050_3000_2150_gabor_patch_orientation_136_113_098_065_target_position_2_3_retrieval_position_3	3543553	0	1	1337	2	0	1250
JH56CNU	251	Picture	Flicker2	3544890	1337	1	1337	3	1250	1250
JH56CNU	251	Picture	Flicker3	3546227	2674	2	1338	3	2500	1250
JH56CNU	252	Picture	Delay	3547732	0	1	20561	2	0	20420
JH56CNU	253	Picture	1_42_Retrieval_Working_Memory_MEG_P6_LR_Nonsalient_DoChange_CuedRetrieval_retrieval_patch_orientation_048_retrieval_position_3	3568460	0	1	30089	3	0	29920
JH56CNU	253	Response	20	3588185	19725	3
JH56CNU	254	Picture	ITI	3598717	0	1	21564	2	0	21420
JH56CNU	255	Picture	CueingCross	3620448	0	1	3009	2	0	2920
JH56CNU	256	Picture	PrepTime	3623624	0	1	3009	2	0	2920
JH56CNU	257	Picture	1_43_Encoding_Working_Memory_MEG_P6_LR_Nonsalient_DoChange_UncuedRetriev_300_300_399_1900_3000_2600_gabor_patch_orientation_038_023_065_096_target_position_1_2_retrieval_position_4	3626800	0	1	1337	2	0	1250
JH56CNU	257	Picture	Flicker2	3628137	1337	1	1338	2	1250	1250
JH56CNU	257	Picture	Flicker3	3629475	2675	1	1337	2	2500	1250
JH56CNU	258	Picture	Delay	3630979	0	1	19057	2	0	18920
JH56CNU	259	Picture	1_43_Retrieval_Working_Memory_MEG_P6_LR_Nonsalient_DoChange_UncuedRetriev_retrieval_patch_orientation_144_retrieval_position_4	3650203	0	1	30089	2	0	29920
JH56CNU	259	Response	20	3661314	11111	3
JH56CNU	260	Picture	ITI	3680459	0	2	26078	3	0	25920
JH56CNU	261	Picture	CueingCross	3706704	0	1	3009	2	0	2920
JH56CNU	262	Picture	PrepTime	3709880	0	1	3009	2	0	2920
JH56CNU	263	Picture	1_44_Encoding_Working_Memory_MEG_P6_LR_Nonsalient_DoChange_CuedRetrieval_300_300_399_2050_3000_2550_gabor_patch_orientation_013_094_124_038_target_position_1_4_retrieval_position_1	3713056	0	1	1337	3	0	1250
JH56CNU	263	Picture	Flicker2	3714393	1337	2	1338	3	1250	1250
JH56CNU	263	Picture	Flicker3	3715731	2675	1	1337	2	2500	1250
JH56CNU	264	Picture	Delay	3717235	0	1	20561	2	0	20420
JH56CNU	265	Picture	1_44_Retrieval_Working_Memory_MEG_P6_LR_Nonsalient_DoChange_CuedRetrieval_retrieval_patch_orientation_063_retrieval_position_1	3737963	0	2	30090	3	0	29920
JH56CNU	265	Response	20	3746523	8560	3
JH56CNU	266	Picture	ITI	3768220	0	1	25576	2	0	25420
JH56CNU	267	Picture	CueingCross	3793963	0	1	3009	2	0	2920
JH56CNU	268	Picture	PrepTime	3797139	0	1	3009	2	0	2920
JH56CNU	269	Picture	1_45_Encoding_Working_Memory_MEG_P6_LR_Nonsalient_NoChange_CuedRetrieval_300_300_399_1900_3000_2350_gabor_patch_orientation_100_127_050_022_target_position_3_4_retrieval_position_4	3800315	0	2	1338	3	0	1250
JH56CNU	269	Picture	Flicker2	3801653	1338	1	1337	2	1250	1250
JH56CNU	269	Picture	Flicker3	3802990	2675	1	1337	2	2500	1250
JH56CNU	270	Picture	Delay	3804494	0	2	19057	3	0	18920
JH56CNU	271	Picture	1_45_Retrieval_Working_Memory_MEG_P6_LR_Nonsalient_NoChange_CuedRetrieval_retrieval_patch_orientation_022_retrieval_position_4	3823718	0	1	30089	3	0	29920
JH56CNU	271	Response	10	3836761	13043	4
JH56CNU	272	Picture	ITI	3853975	0	1	23570	2	0	23420
JH56CNU	273	Picture	CueingCross	3877712	0	1	3009	2	0	2920
JH56CNU	274	Picture	PrepTime	3880888	0	1	3009	2	0	2920
JH56CNU	275	Picture	1_46_Encoding_Working_Memory_MEG_P6_LR_Nonsalient_DoChange_UncuedRetriev_300_300_399_1950_3000_1950_gabor_patch_orientation_132_102_087_152_target_position_1_2_retrieval_position_3	3884064	0	1	1337	2	0	1250
JH56CNU	275	Picture	Flicker2	3885401	1337	1	1338	2	1250	1250
JH56CNU	275	Picture	Flicker3	3886739	2675	1	1337	2	2500	1250
JH56CNU	276	Picture	Delay	3888243	0	1	19558	2	0	19420
JH56CNU	277	Picture	1_46_Retrieval_Working_Memory_MEG_P6_LR_Nonsalient_DoChange_UncuedRetriev_retrieval_patch_orientation_042_retrieval_position_3	3907968	0	2	30090	3	0	29920
JH56CNU	277	Response	20	3929490	21522	4
JH56CNU	278	Picture	ITI	3938225	0	1	19558	2	0	19420
JH56CNU	279	Picture	CueingCross	3957950	0	1	3009	2	0	2920
JH56CNU	280	Picture	PrepTime	3961126	0	1	3009	2	0	2920
JH56CNU	281	Picture	1_47_Encoding_Working_Memory_MEG_P6_LR_Nonsalient_DoChange_CuedRetrieval_300_300_399_1950_3000_2400_gabor_patch_orientation_078_146_099_165_target_position_1_2_retrieval_position_2	3964302	0	1	1338	2	0	1250
JH56CNU	281	Picture	Flicker2	3965640	1338	1	1337	2	1250	1250
JH56CNU	281	Picture	Flicker3	3966977	2675	1	1337	2	2500	1250
JH56CNU	282	Picture	Delay	3968481	0	2	19558	4	0	19420
JH56CNU	283	Picture	1_47_Retrieval_Working_Memory_MEG_P6_LR_Nonsalient_DoChange_CuedRetrieval_retrieval_patch_orientation_009_retrieval_position_2	3988207	0	1	30089	2	0	29920
JH56CNU	283	Response	10	4003969	15762	3
JH56CNU	284	Picture	ITI	4018463	0	1	24072	2	0	23920
JH56CNU	285	Picture	CueingCross	4042702	0	1	3009	2	0	2920
JH56CNU	286	Picture	PrepTime	4045878	0	1	3009	2	0	2920
JH56CNU	287	Picture	1_48_Encoding_Working_Memory_MEG_P6_LR_Nonsalient_NoChange_CuedRetrieval_300_300_399_2250_3000_1950_gabor_patch_orientation_110_133_003_047_target_position_2_4_retrieval_position_4	4049054	0	1	1337	2	0	1250
JH56CNU	287	Picture	Flicker2	4050391	1337	1	1338	2	1250	1250
JH56CNU	287	Picture	Flicker3	4051729	2675	1	1337	2	2500	1250
JH56CNU	288	Picture	Delay	4053233	0	1	22567	2	0	22420
JH56CNU	289	Picture	1_48_Retrieval_Working_Memory_MEG_P6_LR_Nonsalient_NoChange_CuedRetrieval_retrieval_patch_orientation_047_retrieval_position_4	4075967	0	1	30090	2	0	29920
JH56CNU	289	Response	10	4101588	25621	3
JH56CNU	290	Picture	ITI	4106224	0	1	19558	2	0	19420
JH56CNU	291	Picture	CueingCross	4125949	0	1	3009	2	0	2920
JH56CNU	292	Picture	PrepTime	4129125	0	1	3009	2	0	2920
JH56CNU	293	Picture	1_49_Encoding_Working_Memory_MEG_P6_LR_Nonsalient_DoChange_CuedRetrieval_300_300_399_2050_3000_2450_gabor_patch_orientation_035_091_124_014_target_position_1_3_retrieval_position_3	4132301	0	1	1337	3	0	1250
JH56CNU	293	Picture	Flicker2	4133638	1337	2	1338	3	1250	1250
JH56CNU	293	Picture	Flicker3	4134976	2675	1	1337	2	2500	1250
JH56CNU	294	Picture	Delay	4136480	0	1	20561	2	0	20420
JH56CNU	295	Picture	1_49_Retrieval_Working_Memory_MEG_P6_LR_Nonsalient_DoChange_CuedRetrieval_retrieval_patch_orientation_173_retrieval_position_3	4157208	0	2	30090	3	0	29920
JH56CNU	295	Response	20	4166427	9219	3
JH56CNU	296	Picture	ITI	4187465	0	1	24573	2	0	24420
JH56CNU	296	Response	20	4187726	261	4
JH56CNU	297	Picture	CueingCross	4212205	0	1	3009	2	0	2920
JH56CNU	298	Picture	PrepTime	4215381	0	1	3009	2	0	2920
JH56CNU	299	Picture	1_50_Encoding_Working_Memory_MEG_P6_LR_Nonsalient_NoChange_CuedRetrieval_300_300_399_2100_3000_2100_gabor_patch_orientation_067_157_034_001_target_position_1_3_retrieval_position_3	4218557	0	2	1338	3	0	1250
JH56CNU	299	Picture	Flicker2	4219895	1338	1	1337	2	1250	1250
JH56CNU	299	Picture	Flicker3	4221232	2675	1	1337	2	2500	1250
JH56CNU	300	Picture	Delay	4222736	0	2	21063	3	0	20920
JH56CNU	301	Picture	1_50_Retrieval_Working_Memory_MEG_P6_LR_Nonsalient_NoChange_CuedRetrieval_retrieval_patch_orientation_034_retrieval_position_3	4243966	0	1	30089	3	0	29920
JH56CNU	301	Response	10	4255975	12009	4
JH56CNU	302	Picture	ITI	4274222	0	2	21063	3	0	20920
JH56CNU	303	Picture	CueingCross	4295452	0	2	3009	3	0	2920
JH56CNU	304	Picture	PrepTime	4298628	0	2	3009	3	0	2920
JH56CNU	305	Picture	1_51_Encoding_Working_Memory_MEG_P6_LR_Nonsalient_NoChange_UncuedRetriev_300_300_399_2100_3000_2200_gabor_patch_orientation_046_178_001_088_target_position_2_3_retrieval_position_4	4301805	0	1	1337	2	0	1250
JH56CNU	305	Picture	Flicker2	4303142	1337	1	1337	2	1250	1250
JH56CNU	305	Picture	Flicker3	4304479	2674	1	1337	2	2500	1250
JH56CNU	306	Picture	Delay	4305984	0	1	21061	4	0	20920
JH56CNU	307	Picture	1_51_Retrieval_Working_Memory_MEG_P6_LR_Nonsalient_NoChange_UncuedRetriev_retrieval_patch_orientation_088_retrieval_position_4	4327213	0	2	30090	3	0	29920
JH56CNU	307	Response	20	4354134	26921	4
JH56CNU	308	Picture	ITI	4357470	0	1	22065	2	0	21920
JH56CNU	309	Picture	CueingCross	4379703	0	1	3008	3	0	2920
JH56CNU	310	Picture	PrepTime	4382879	0	1	3009	2	0	2920
JH56CNU	311	Picture	1_52_Encoding_Working_Memory_MEG_P6_LR_Nonsalient_NoChange_CuedRetrieval_300_300_399_1900_3000_2350_gabor_patch_orientation_112_001_156_129_target_position_1_4_retrieval_position_1	4386055	0	1	1337	2	0	1250
JH56CNU	311	Picture	Flicker2	4387392	1337	1	1337	2	1250	1250
JH56CNU	311	Picture	Flicker3	4388729	2674	1	1338	2	2500	1250
JH56CNU	312	Picture	Delay	4390234	0	1	19056	2	0	18920
JH56CNU	313	Picture	1_52_Retrieval_Working_Memory_MEG_P6_LR_Nonsalient_NoChange_CuedRetrieval_retrieval_patch_orientation_112_retrieval_position_1	4409458	0	1	30089	2	0	29920
JH56CNU	313	Response	20	4424153	14695	4
JH56CNU	314	Picture	ITI	4439714	0	2	23570	3	0	23420
JH56CNU	315	Picture	CueingCross	4463451	0	1	3009	2	0	2920
JH56CNU	316	Picture	PrepTime	4466627	0	2	3009	3	0	2920
JH56CNU	317	Picture	1_53_Encoding_Working_Memory_MEG_P6_LR_Nonsalient_DoChange_CuedRetrieval_300_300_399_2000_3000_2500_gabor_patch_orientation_059_164_044_028_target_position_1_4_retrieval_position_1	4469803	0	2	1338	3	0	1250
JH56CNU	317	Picture	Flicker2	4471141	1338	1	1337	2	1250	1250
JH56CNU	317	Picture	Flicker3	4472478	2675	1	1337	2	2500	1250
JH56CNU	318	Picture	Delay	4473982	0	2	20060	3	0	19920
JH56CNU	319	Picture	1_53_Retrieval_Working_Memory_MEG_P6_LR_Nonsalient_DoChange_CuedRetrieval_retrieval_patch_orientation_011_retrieval_position_1	4494209	0	1	30090	2	0	29920
JH56CNU	319	Response	10	4510732	16523	3
JH56CNU	320	Picture	ITI	4524466	0	1	25074	2	0	24920
JH56CNU	321	Picture	CueingCross	4549707	0	2	3009	3	0	2920
JH56CNU	322	Picture	PrepTime	4552883	0	2	3009	3	0	2920
JH56CNU	323	Picture	1_54_Encoding_Working_Memory_MEG_P6_LR_Nonsalient_NoChange_CuedRetrieval_300_300_399_1950_3000_2250_gabor_patch_orientation_171_130_099_045_target_position_2_4_retrieval_position_2	4556060	0	1	1337	2	0	1250
JH56CNU	323	Picture	Flicker2	4557397	1337	1	1337	2	1250	1250
JH56CNU	323	Picture	Flicker3	4558734	2674	1	1337	3	2500	1250
JH56CNU	324	Picture	Delay	4560239	0	1	19558	2	0	19420
JH56CNU	325	Picture	1_54_Retrieval_Working_Memory_MEG_P6_LR_Nonsalient_NoChange_CuedRetrieval_retrieval_patch_orientation_130_retrieval_position_2	4579964	0	1	30089	2	0	29920
JH56CNU	325	Response	10	4591731	11767	3
JH56CNU	326	Picture	ITI	4610220	0	2	22567	4	0	22420
JH56CNU	327	Picture	CueingCross	4632955	0	1	3008	3	0	2920
JH56CNU	328	Picture	PrepTime	4636131	0	1	3009	2	0	2920
JH56CNU	329	Picture	1_55_Encoding_Working_Memory_MEG_P6_LR_Nonsalient_NoChange_CuedRetrieval_300_300_399_2150_3000_2000_gabor_patch_orientation_025_002_140_070_target_position_1_2_retrieval_position_2	4639307	0	1	1337	2	0	1250
JH56CNU	329	Picture	Flicker2	4640644	1337	1	1337	2	1250	1250
JH56CNU	329	Picture	Flicker3	4641981	2674	1	1338	2	2500	1250
JH56CNU	330	Picture	Delay	4643486	0	1	21564	2	0	21420
JH56CNU	331	Picture	1_55_Retrieval_Working_Memory_MEG_P6_LR_Nonsalient_NoChange_CuedRetrieval_retrieval_patch_orientation_002_retrieval_position_2	4665217	0	1	30089	2	0	29920
JH56CNU	331	Response	10	4674360	9143	3
JH56CNU	332	Picture	ITI	4695473	0	2	20060	3	0	19920
JH56CNU	333	Picture	CueingCross	4715700	0	2	3009	3	0	2920
JH56CNU	334	Picture	PrepTime	4718876	0	2	3009	3	0	2920
JH56CNU	335	Picture	1_56_Encoding_Working_Memory_MEG_P6_LR_Nonsalient_DoChange_CuedRetrieval_300_300_399_2050_3000_2050_gabor_patch_orientation_055_076_037_022_target_position_3_4_retrieval_position_4	4722052	0	2	1338	3	0	1250
JH56CNU	335	Picture	Flicker2	4723390	1338	1	1337	2	1250	1250
JH56CNU	335	Picture	Flicker3	4724727	2675	1	1337	2	2500	1250
JH56CNU	336	Picture	Delay	4726232	0	1	20561	2	0	20420
JH56CNU	337	Picture	1_56_Retrieval_Working_Memory_MEG_P6_LR_Nonsalient_DoChange_CuedRetrieval_retrieval_patch_orientation_161_retrieval_position_4	4746960	0	1	30089	2	0	29920
JH56CNU	337	Response	20	4763918	16958	4
JH56CNU	338	Picture	ITI	4777216	0	2	20561	3	0	20420
JH56CNU	339	Picture	CueingCross	4797944	0	2	3009	4	0	2920
JH56CNU	340	Picture	PrepTime	4801121	0	1	3009	2	0	2920
JH56CNU	341	Picture	1_57_Encoding_Working_Memory_MEG_P6_LR_Nonsalient_DoChange_CuedRetrieval_300_300_399_1900_3000_2200_gabor_patch_orientation_107_078_019_044_target_position_2_3_retrieval_position_3	4804297	0	1	1337	2	0	1250
JH56CNU	341	Picture	Flicker2	4805634	1337	1	1337	2	1250	1250
JH56CNU	341	Picture	Flicker3	4806971	2674	1	1338	2	2500	1250
JH56CNU	342	Picture	Delay	4808476	0	1	19056	2	0	18920
JH56CNU	343	Picture	1_57_Retrieval_Working_Memory_MEG_P6_LR_Nonsalient_DoChange_CuedRetrieval_retrieval_patch_orientation_159_retrieval_position_3	4827699	0	2	30090	3	0	29920
JH56CNU	343	Response	10	4842957	15258	4
JH56CNU	344	Picture	ITI	4857956	0	1	22066	2	0	21920
JH56CNU	345	Picture	CueingCross	4880189	0	1	3009	2	0	2920
JH56CNU	346	Picture	PrepTime	4883365	0	1	3009	2	0	2920
JH56CNU	347	Picture	1_58_Encoding_Working_Memory_MEG_P6_LR_Nonsalient_DoChange_UncuedRetriev_300_300_399_2100_3000_1900_gabor_patch_orientation_017_176_155_126_target_position_1_4_retrieval_position_3	4886541	0	1	1337	2	0	1250
JH56CNU	347	Picture	Flicker2	4887878	1337	1	1338	2	1250	1250
JH56CNU	347	Picture	Flicker3	4889216	2675	1	1337	2	2500	1250
JH56CNU	348	Picture	Delay	4890720	0	1	21063	2	0	20920
JH56CNU	349	Picture	1_58_Retrieval_Working_Memory_MEG_P6_LR_Nonsalient_DoChange_UncuedRetriev_retrieval_patch_orientation_107_retrieval_position_3	4911950	0	1	30089	2	0	29920
JH56CNU	349	Response	10	4926096	14146	3
JH56CNU	350	Picture	ITI	4942206	0	2	19057	3	0	18920
JH56CNU	351	Picture	CueingCross	4961430	0	1	3009	2	0	2920
JH56CNU	352	Picture	PrepTime	4964606	0	1	3009	2	0	2920
JH56CNU	353	Picture	1_59_Encoding_Working_Memory_MEG_P6_LR_Nonsalient_DoChange_CuedRetrieval_300_300_399_1800_3000_1900_gabor_patch_orientation_048_172_001_087_target_position_1_3_retrieval_position_3	4967782	0	1	1337	3	0	1250
JH56CNU	353	Picture	Flicker2	4969119	1337	2	1338	3	1250	1250
JH56CNU	353	Picture	Flicker3	4970457	2675	1	1337	2	2500	1250
JH56CNU	354	Picture	Delay	4971961	0	2	18054	3	0	17920
JH56CNU	355	Picture	1_59_Retrieval_Working_Memory_MEG_P6_LR_Nonsalient_DoChange_CuedRetrieval_retrieval_patch_orientation_137_retrieval_position_3	4990182	0	1	30089	3	0	29920
JH56CNU	355	Response	20	5009335	19153	3
JH56CNU	356	Picture	ITI	5020438	0	2	19057	3	0	18920
JH56CNU	357	Picture	CueingCross	5039662	0	2	3009	3	0	2920
JH56CNU	358	Picture	PrepTime	5042838	0	2	3009	3	0	2920
JH56CNU	359	Picture	1_60_Encoding_Working_Memory_MEG_P6_LR_Nonsalient_NoChange_UncuedRetriev_300_300_399_2250_3000_2250_gabor_patch_orientation_104_048_135_162_target_position_1_2_retrieval_position_4	5046014	0	2	1338	3	0	1250
JH56CNU	359	Picture	Flicker2	5047352	1338	1	1337	2	1250	1250
JH56CNU	359	Picture	Flicker3	5048689	2675	1	1337	3	2500	1250
JH56CNU	360	Picture	Delay	5050194	0	1	22567	2	0	22420
JH56CNU	361	Picture	1_60_Retrieval_Working_Memory_MEG_P6_LR_Nonsalient_NoChange_UncuedRetriev_retrieval_patch_orientation_162_retrieval_position_4	5072928	0	1	30089	2	0	29920
JH56CNU	361	Response	10	5092214	19286	3
JH56CNU	362	Picture	ITI	5103184	0	2	22567	3	0	22420
JH56CNU	363	Picture	CueingCross	5125918	0	2	3009	4	0	2920
JH56CNU	364	Picture	PrepTime	5129094	0	2	3009	4	0	2920
JH56CNU	365	Picture	1_61_Encoding_Working_Memory_MEG_P6_LR_Nonsalient_NoChange_CuedRetrieval_300_300_399_2100_3000_2050_gabor_patch_orientation_020_177_155_036_target_position_1_3_retrieval_position_3	5132271	0	1	1337	2	0	1250
JH56CNU	365	Picture	Flicker2	5133608	1337	1	1337	2	1250	1250
JH56CNU	365	Picture	Flicker3	5134945	2674	1	1338	2	2500	1250
JH56CNU	366	Picture	Delay	5136450	0	1	21062	2	0	20920
JH56CNU	367	Picture	1_61_Retrieval_Working_Memory_MEG_P6_LR_Nonsalient_NoChange_CuedRetrieval_retrieval_patch_orientation_155_retrieval_position_3	5157679	0	2	30090	3	0	29920
JH56CNU	367	Response	10	5174273	16594	3
JH56CNU	368	Picture	ITI	5187936	0	1	20561	2	0	20420
JH56CNU	369	Picture	CueingCross	5208664	0	1	3009	2	0	2920
JH56CNU	370	Picture	PrepTime	5211840	0	1	3009	2	0	2920
JH56CNU	371	Picture	1_62_Encoding_Working_Memory_MEG_P6_LR_Nonsalient_NoChange_CuedRetrieval_300_300_399_2000_3000_1950_gabor_patch_orientation_015_070_180_131_target_position_1_3_retrieval_position_1	5215016	0	2	1338	3	0	1250
JH56CNU	371	Picture	Flicker2	5216354	1338	1	1336	3	1250	1250
JH56CNU	371	Picture	Flicker3	5217690	2674	2	1338	3	2500	1250
JH56CNU	372	Picture	Delay	5219195	0	2	20060	3	0	19920
JH56CNU	373	Picture	1_62_Retrieval_Working_Memory_MEG_P6_LR_Nonsalient_NoChange_CuedRetrieval_retrieval_patch_orientation_015_retrieval_position_1	5239422	0	1	30089	3	0	29920
JH56CNU	373	Response	10	5254931	15509	4
JH56CNU	374	Picture	ITI	5269679	0	1	19558	2	0	19420
JH56CNU	375	Picture	CueingCross	5289404	0	1	3009	2	0	2920
JH56CNU	376	Picture	PrepTime	5292580	0	1	3009	2	0	2920
JH56CNU	377	Picture	1_63_Encoding_Working_Memory_MEG_P6_LR_Nonsalient_DoChange_CuedRetrieval_300_300_399_1850_3000_1950_gabor_patch_orientation_019_164_095_125_target_position_2_3_retrieval_position_3	5295756	0	1	1337	3	0	1250
JH56CNU	377	Picture	Flicker2	5297093	1337	2	1338	3	1250	1250
JH56CNU	377	Picture	Flicker3	5298431	2675	1	1337	2	2500	1250
JH56CNU	378	Picture	Delay	5299935	0	1	18555	2	0	18420
JH56CNU	379	Picture	1_63_Retrieval_Working_Memory_MEG_P6_LR_Nonsalient_DoChange_CuedRetrieval_retrieval_patch_orientation_048_retrieval_position_3	5318657	0	2	30090	3	0	29920
JH56CNU	379	Response	20	5334120	15463	4
JH56CNU	380	Picture	ITI	5348914	0	1	19558	2	0	19420
JH56CNU	381	Picture	CueingCross	5368639	0	1	3009	2	0	2920
JH56CNU	382	Picture	PrepTime	5371815	0	2	3009	3	0	2920
JH56CNU	383	Picture	1_64_Encoding_Working_Memory_MEG_P6_LR_Nonsalient_DoChange_UncuedRetriev_300_300_399_2100_3000_2000_gabor_patch_orientation_147_019_179_128_target_position_3_4_retrieval_position_2	5374991	0	2	1338	3	0	1250
JH56CNU	383	Picture	Flicker2	5376329	1338	1	1337	2	1250	1250
JH56CNU	383	Picture	Flicker3	5377666	2675	1	1337	2	2500	1250
JH56CNU	384	Picture	Delay	5379171	0	1	21062	2	0	20920
JH56CNU	385	Picture	1_64_Retrieval_Working_Memory_MEG_P6_LR_Nonsalient_DoChange_UncuedRetriev_retrieval_patch_orientation_066_retrieval_position_2	5400400	0	2	30090	3	0	29920
JH56CNU	385	Response	20	5410419	10019	4
JH56CNU	386	Picture	ITI	5430657	0	1	20059	2	0	19920
JH56CNU	387	Picture	CueingCross	5450883	0	2	3009	3	0	2920
JH56CNU	388	Picture	PrepTime	5454060	0	1	3008	3	0	2920
JH56CNU	389	Picture	1_65_Encoding_Working_Memory_MEG_P6_LR_Nonsalient_DoChange_CuedRetrieval_300_300_399_1850_3000_1900_gabor_patch_orientation_120_147_064_008_target_position_1_2_retrieval_position_2	5457236	0	1	1337	2	0	1250
JH56CNU	389	Picture	Flicker2	5458573	1337	1	1337	2	1250	1250
JH56CNU	389	Picture	Flicker3	5459910	2674	1	1338	2	2500	1250
JH56CNU	390	Picture	Delay	5461415	0	1	18555	2	0	18420
JH56CNU	391	Picture	1_65_Retrieval_Working_Memory_MEG_P6_LR_Nonsalient_DoChange_CuedRetrieval_retrieval_patch_orientation_098_retrieval_position_2	5480137	0	1	30089	2	0	29920
JH56CNU	391	Response	20	5501228	21091	3
JH56CNU	392	Picture	ITI	5510393	0	2	19057	3	0	18920
JH56CNU	393	Picture	CueingCross	5529617	0	1	3009	2	0	2920
JH56CNU	394	Picture	PrepTime	5532793	0	2	3009	3	0	2920
JH56CNU	395	Picture	1_66_Encoding_Working_Memory_MEG_P6_LR_Nonsalient_DoChange_CuedRetrieval_300_300_399_2200_3000_2450_gabor_patch_orientation_135_097_115_074_target_position_2_3_retrieval_position_3	5535969	0	2	1338	3	0	1250
JH56CNU	395	Picture	Flicker2	5537307	1338	1	1337	2	1250	1250
JH56CNU	395	Picture	Flicker3	5538644	2675	1	1337	2	2500	1250
JH56CNU	396	Picture	Delay	5540149	0	1	22065	2	0	21920
JH56CNU	397	Picture	1_66_Retrieval_Working_Memory_MEG_P6_LR_Nonsalient_DoChange_CuedRetrieval_retrieval_patch_orientation_163_retrieval_position_3	5562381	0	1	30090	2	0	29920
JH56CNU	397	Response	20	5576367	13986	3
JH56CNU	398	Picture	ITI	5592638	0	1	24573	2	0	24420
JH56CNU	399	Picture	CueingCross	5617378	0	1	3009	2	0	2920
JH56CNU	400	Picture	PrepTime	5620554	0	1	3009	2	0	2920
JH56CNU	401	Picture	1_67_Encoding_Working_Memory_MEG_P6_LR_Nonsalient_NoChange_CuedRetrieval_300_300_399_2150_3000_2100_gabor_patch_orientation_042_148_180_067_target_position_2_4_retrieval_position_4	5623730	0	1	1337	3	0	1250
JH56CNU	401	Picture	Flicker2	5625067	1337	2	1338	3	1250	1250
JH56CNU	401	Picture	Flicker3	5626405	2675	1	1337	2	2500	1250
JH56CNU	402	Picture	Delay	5627909	0	1	21564	2	0	21420
JH56CNU	403	Picture	1_67_Retrieval_Working_Memory_MEG_P6_LR_Nonsalient_NoChange_CuedRetrieval_retrieval_patch_orientation_067_retrieval_position_4	5649640	0	2	30090	3	0	29920
JH56CNU	403	Response	20	5668246	18606	3
JH56CNU	404	Picture	ITI	5679897	0	1	21062	2	0	20920
JH56CNU	405	Picture	CueingCross	5701127	0	1	3009	2	0	2920
JH56CNU	406	Picture	PrepTime	5704303	0	1	3009	2	0	2920
JH56CNU	407	Picture	1_68_Encoding_Working_Memory_MEG_P6_LR_Nonsalient_DoChange_CuedRetrieval_300_300_399_1800_3000_2350_gabor_patch_orientation_002_074_039_160_target_position_3_4_retrieval_position_4	5707479	0	1	1337	2	0	1250
JH56CNU	407	Picture	Flicker2	5708816	1337	1	1337	2	1250	1250
JH56CNU	407	Picture	Flicker3	5710153	2674	1	1338	2	2500	1250
JH56CNU	408	Picture	Delay	5711658	0	1	18053	3	0	17920
JH56CNU	409	Picture	1_68_Retrieval_Working_Memory_MEG_P6_LR_Nonsalient_DoChange_CuedRetrieval_retrieval_patch_orientation_114_retrieval_position_4	5729878	0	2	30090	3	0	29920
JH56CNU	409	Response	20	5738235	8357	3
JH56CNU	410	Picture	ITI	5760135	0	1	23570	2	0	23420
JH56CNU	411	Picture	CueingCross	5783872	0	2	3009	3	0	2920
JH56CNU	412	Picture	PrepTime	5787048	0	2	3009	3	0	2920
JH56CNU	413	Picture	1_69_Encoding_Working_Memory_MEG_P6_LR_Nonsalient_NoChange_UncuedRetriev_300_300_399_2200_3000_2150_gabor_patch_orientation_166_036_008_094_target_position_2_3_retrieval_position_1	5790224	0	2	1338	3	0	1250
JH56CNU	413	Picture	Flicker2	5791562	1338	1	1337	2	1250	1250
JH56CNU	413	Picture	Flicker3	5792899	2675	1	1337	2	2500	1250
JH56CNU	414	Picture	Delay	5794404	0	1	22065	2	0	21920
JH56CNU	415	Picture	1_69_Retrieval_Working_Memory_MEG_P6_LR_Nonsalient_NoChange_UncuedRetriev_retrieval_patch_orientation_166_retrieval_position_1	5816636	0	1	30090	2	0	29920
JH56CNU	415	Response	10	5834373	17737	4
JH56CNU	416	Picture	ITI	5846893	0	1	21564	2	0	21420
JH56CNU	417	Picture	CueingCross	5868624	0	1	3009	2	0	2920
JH56CNU	418	Picture	PrepTime	5871800	0	1	3009	2	0	2920
JH56CNU	419	Picture	1_70_Encoding_Working_Memory_MEG_P6_LR_Nonsalient_DoChange_CuedRetrieval_300_300_399_1850_3000_2500_gabor_patch_orientation_140_013_056_123_target_position_3_4_retrieval_position_4	5874976	0	1	1337	3	0	1250
JH56CNU	419	Picture	Flicker2	5876313	1337	2	1338	3	1250	1250
JH56CNU	419	Picture	Flicker3	5877651	2675	1	1337	2	2500	1250
JH56CNU	420	Picture	Delay	5879155	0	1	18555	2	0	18420
JH56CNU	421	Picture	1_70_Retrieval_Working_Memory_MEG_P6_LR_Nonsalient_DoChange_CuedRetrieval_retrieval_patch_orientation_075_retrieval_position_4	5897877	0	2	30090	3	0	29920
JH56CNU	421	Response	20	5908552	10675	4
JH56CNU	422	Picture	ITI	5928134	0	1	25074	3	0	24920
JH56CNU	423	Picture	BaselinePost	5953376	0	1	50149	2	0	50000
