Scenario - ATWM1_Working_Memory_MEG_nonsalient_cued_instruction
Logfile written - 04/06/2016 14:53:49

Subject	Trial	Event Type	Code	Time	TTime	Uncertainty	Duration	Uncertainty	ReqTime	ReqDur

JH56CNU	1	Picture	Instruction_NS_C	28	0	3	100130	4	0	100000
JH56CNU	2	Picture	Instruction2	100325	0	2	100130	3	0	100000
JH56CNU	3	Picture	Instruction3	200622	0	1	9862	3	0	resp
JH56CNU	3	Response	10	210355	9733	4
JH56CNU	4	Picture	Instruction4	230544	0	1	6185	2	0	resp
JH56CNU	4	Response	20	236574	6030	4
JH56CNU	5	Picture	Instruction5	256621	0	1	4012	2	0	resp
JH56CNU	5	Response	10	260504	3883	3
JH56CNU	6	Picture	Instruction4	280525	0	1	3343	2	0	resp
JH56CNU	6	Response	20	283703	3178	4
JH56CNU	7	Picture	Instruction3	303760	0	1	5349	3	0	resp
JH56CNU	7	Response	10	308982	5222	4
JH56CNU	8	Picture	Instruction4	329002	0	1	3343	2	0	resp
JH56CNU	8	Response	20	332222	3220	3
JH56CNU	9	Picture	Instruction_NS_C_TestTrials	352404	0	1	100129	3	0	100000
JH56CNU	10	Picture	BaselinePre	452701	0	1	20059	2	0	20000
JH56CNU	11	Picture	CueingCross	472927	0	1	3009	2	0	2920
JH56CNU	12	Picture	PrepTime	476103	0	1	3009	2	0	2920
JH56CNU	13	Picture	2_1_Encoding_Working_Memory_MEG_P6_LR_Nonsalient_DoChange_CuedRetrieval_300_300_399_1750_3000_1900_gabor_patch_orientation_045_113_030_094_target_position_3_4_retrieval_position_3	479279	0	1	1337	3	0	1250
JH56CNU	13	Picture	Flicker2	480616	1337	2	1338	3	1250	1250
JH56CNU	13	Picture	Flicker3	481954	2675	1	1337	2	2500	1250
JH56CNU	14	Picture	Delay	483458	0	1	17552	2	0	17420
JH56CNU	15	Picture	2_1_Retrieval_Working_Memory_MEG_P6_LR_Nonsalient_DoChange_CuedRetrieval_retrieval_patch_orientation_077_retrieval_position_3	501177	0	1	30089	2	0	29920
JH56CNU	15	Response	10	511357	10180	3
JH56CNU	16	Picture	ITI	551325	0	2	19057	3	0	18920
JH56CNU	17	Picture	CueingCross	570549	0	1	3009	2	0	2920
JH56CNU	18	Picture	PrepTime	573725	0	1	3009	2	0	2920
JH56CNU	19	Picture	2_2_Encoding_Working_Memory_MEG_P6_LR_Nonsalient_NoChange_CuedRetrieval_300_300_399_1850_3000_2050_gabor_patch_orientation_179_064_146_008_target_position_1_2_retrieval_position_1	576901	0	1	1337	2	0	1250
JH56CNU	19	Picture	Flicker2	578238	1337	1	1338	2	1250	1250
JH56CNU	19	Picture	Flicker3	579576	2675	1	1337	2	2500	1250
JH56CNU	20	Picture	Delay	581080	0	1	18555	2	0	18420
JH56CNU	21	Picture	2_2_Retrieval_Working_Memory_MEG_P6_LR_Nonsalient_NoChange_CuedRetrieval_retrieval_patch_orientation_179_retrieval_position_1	599802	0	1	30089	2	0	29920
JH56CNU	21	Response	10	609774	9972	4
JH56CNU	22	Picture	ITI	649950	0	2	20561	3	0	20420
JH56CNU	23	Picture	CueingCross	670678	0	2	3009	3	0	2920
JH56CNU	24	Picture	PrepTime	673854	0	2	3009	3	0	2920
JH56CNU	25	Picture	2_3_Encoding_Working_Memory_MEG_P6_LR_Nonsalient_NoChange_CuedRetrieval_300_300_399_1900_3000_2000_gabor_patch_orientation_108_048_091_001_target_position_3_4_retrieval_position_3	677030	0	2	1338	3	0	1250
JH56CNU	25	Picture	Flicker2	678368	1338	1	1337	2	1250	1250
JH56CNU	25	Picture	Flicker3	679705	2675	1	1337	2	2500	1250
JH56CNU	26	Picture	Delay	681209	0	2	19057	3	0	18920
JH56CNU	27	Picture	2_3_Retrieval_Working_Memory_MEG_P6_LR_Nonsalient_NoChange_CuedRetrieval_retrieval_patch_orientation_091_retrieval_position_3	700433	0	1	30089	2	0	29920
JH56CNU	27	Response	10	710921	10488	4
JH56CNU	28	Picture	ITI	750581	0	1	20059	3	0	19920
JH56CNU	29	Picture	CueingCross	770808	0	1	3009	2	0	2920
JH56CNU	30	Picture	PrepTime	773984	0	1	3009	2	0	2920
JH56CNU	31	Picture	2_4_Encoding_Working_Memory_MEG_P6_LR_Nonsalient_DoChange_CuedRetrieval_300_300_399_1800_3000_1950_gabor_patch_orientation_161_139_016_054_target_position_1_2_retrieval_position_2	777160	0	1	1337	2	0	1250
JH56CNU	31	Picture	Flicker2	778497	1337	1	1337	2	1250	1250
JH56CNU	31	Picture	Flicker3	779834	2674	1	1338	2	2500	1250
JH56CNU	32	Picture	Delay	781339	0	1	18053	2	0	17920
JH56CNU	33	Picture	2_4_Retrieval_Working_Memory_MEG_P6_LR_Nonsalient_DoChange_CuedRetrieval_retrieval_patch_orientation_091_retrieval_position_2	799559	0	2	30089	3	0	29920
JH56CNU	33	Response	20	811519	11960	3
JH56CNU	34	Picture	ITI	849708	0	1	19557	3	0	19420
JH56CNU	35	Picture	BaselinePost	869433	0	1	20059	2	0	20000
JH56CNU	36	Picture	Instruction_NS_C	889659	0	1	50148	2	0	50000
