Scenario - ATWM1_Working_Memory_MEG_salient_uncued_run2
Logfile written - 04/06/2016 15:19:52

Subject	Trial	Event Type	Code	Time	TTime	Uncertainty	Duration	Uncertainty	ReqTime	ReqDur

JH56CNU	1	Picture	ExpStart	29	0	1	10030	2	0	10000
JH56CNU	2	Picture	BaselinePre	10226	0	1	100129	2	0	100000
JH56CNU	3	Picture	CueingCross	110522	0	2	3009	3	0	2920
JH56CNU	4	Picture	PrepTime	113698	0	2	3009	3	0	2920
JH56CNU	5	Picture	2_1_Encoding_Working_Memory_MEG_P6_LR_Salient_NoChange_CuedRetrieval_300_300_399_1800_3000_2000_gabor_patch_orientation_078_137_014_047_target_position_1_4_retrieval_position_4	116874	0	2	1338	3	0	1250
JH56CNU	5	Picture	Flicker2	118212	1338	1	1337	2	1250	1250
JH56CNU	5	Picture	Flicker3	119549	2675	1	1337	2	2500	1250
JH56CNU	6	Picture	Delay	121053	0	2	18054	3	0	17920
JH56CNU	7	Picture	2_1_Retrieval_Working_Memory_MEG_P6_LR_Salient_NoChange_CuedRetrieval_retrieval_patch_orientation_047_retrieval_position_4	139274	0	1	30089	2	0	29920
JH56CNU	7	Response	20	155010	15736	3
JH56CNU	8	Picture	ITI	169446	0	347	19976	348	0	19920
JH56CNU	9	Picture	CueingCross	189589	0	2	3009	3	0	2920
JH56CNU	10	Picture	PrepTime	192765	0	2	3009	3	0	2920
JH56CNU	11	Picture	2_2_Encoding_Working_Memory_MEG_P6_LR_Salient_DoChange_CuedRetrieval_300_300_399_1750_3000_2250_gabor_patch_orientation_009_134_080_167_target_position_1_2_retrieval_position_1	195941	0	2	1338	3	0	1250
JH56CNU	11	Picture	Flicker2	197279	1338	1	1337	2	1250	1250
JH56CNU	11	Picture	Flicker3	198616	2675	1	1337	2	2500	1250
JH56CNU	12	Picture	Delay	200120	0	2	17552	3	0	17420
JH56CNU	13	Picture	2_2_Retrieval_Working_Memory_MEG_P6_LR_Salient_DoChange_CuedRetrieval_retrieval_patch_orientation_055_retrieval_position_1	217840	0	1	30089	2	0	29920
JH56CNU	13	Response	20	225388	7548	3
JH56CNU	14	Picture	ITI	248096	0	1	22566	2	0	22420
JH56CNU	15	Picture	CueingCross	270830	0	1	3008	3	0	2920
JH56CNU	16	Picture	PrepTime	274006	0	1	3009	2	0	2920
JH56CNU	17	Picture	2_3_Encoding_Working_Memory_MEG_P6_LR_Salient_DoChange_CuedRetrieval_300_300_399_2050_3000_2300_gabor_patch_orientation_064_142_175_014_target_position_2_4_retrieval_position_2	277182	0	1	1337	2	0	1250
JH56CNU	17	Picture	Flicker2	278519	1337	1	1337	2	1250	1250
JH56CNU	17	Picture	Flicker3	279856	2674	1	1337	3	2500	1250
JH56CNU	18	Picture	Delay	281361	0	1	20560	3	0	20420
JH56CNU	19	Picture	2_3_Retrieval_Working_Memory_MEG_P6_LR_Salient_DoChange_CuedRetrieval_retrieval_patch_orientation_094_retrieval_position_2	302089	0	1	30089	2	0	29920
JH56CNU	19	Response	20	309726	7637	3
JH56CNU	20	Picture	ITI	332345	0	1	23068	2	0	22920
JH56CNU	21	Picture	CueingCross	355580	0	1	3009	2	0	2920
JH56CNU	22	Picture	PrepTime	358756	0	1	3008	3	0	2920
JH56CNU	23	Picture	2_4_Encoding_Working_Memory_MEG_P6_LR_Salient_NoChange_CuedRetrieval_300_300_399_1950_3000_2400_gabor_patch_orientation_094_039_179_117_target_position_2_4_retrieval_position_4	361932	0	2	1337	4	0	1250
JH56CNU	23	Picture	Flicker2	363269	1337	2	1338	3	1250	1250
JH56CNU	23	Picture	Flicker3	364607	2675	1	1337	2	2500	1250
JH56CNU	24	Picture	Delay	366111	0	1	19558	2	0	19420
JH56CNU	25	Picture	2_4_Retrieval_Working_Memory_MEG_P6_LR_Salient_NoChange_CuedRetrieval_retrieval_patch_orientation_117_retrieval_position_4	385836	0	1	30089	2	0	29920
JH56CNU	25	Response	10	395023	9187	4
JH56CNU	26	Picture	ITI	416092	0	2	24071	4	0	23920
JH56CNU	27	Picture	CueingCross	440331	0	1	3009	2	0	2920
JH56CNU	28	Picture	PrepTime	443507	0	1	3009	2	0	2920
JH56CNU	29	Picture	2_5_Encoding_Working_Memory_MEG_P6_LR_Salient_DoChange_CuedRetrieval_300_300_399_1750_3000_2100_gabor_patch_orientation_071_012_120_092_target_position_1_4_retrieval_position_4	446683	0	1	1337	2	0	1250
JH56CNU	29	Picture	Flicker2	448020	1337	1	1337	2	1250	1250
JH56CNU	29	Picture	Flicker3	449357	2674	1	1338	2	2500	1250
JH56CNU	30	Picture	Delay	450862	0	1	17552	2	0	17420
JH56CNU	31	Picture	2_5_Retrieval_Working_Memory_MEG_P6_LR_Salient_DoChange_CuedRetrieval_retrieval_patch_orientation_045_retrieval_position_4	468581	0	1	30089	2	0	29920
JH56CNU	31	Response	20	477981	9400	4
JH56CNU	32	Picture	ITI	498837	0	1	21062	2	0	20920
JH56CNU	33	Picture	CueingCross	520066	0	2	3009	3	0	2920
JH56CNU	34	Picture	PrepTime	523242	0	2	3009	3	0	2920
JH56CNU	35	Picture	2_6_Encoding_Working_Memory_MEG_P6_LR_Salient_NoChange_UncuedRetriev_300_300_399_1850_3000_2450_gabor_patch_orientation_034_140_167_081_target_position_2_4_retrieval_position_3	526418	0	2	1338	3	0	1250
JH56CNU	35	Picture	Flicker2	527756	1338	1	1337	2	1250	1250
JH56CNU	35	Picture	Flicker3	529093	2675	1	1337	2	2500	1250
JH56CNU	36	Picture	Delay	530597	0	2	18555	4	0	18420
JH56CNU	37	Picture	2_6_Retrieval_Working_Memory_MEG_P6_LR_Salient_NoChange_UncuedRetriev_retrieval_patch_orientation_167_retrieval_position_3	549320	0	1	30089	2	0	29920
JH56CNU	37	Response	20	569848	20528	4
JH56CNU	38	Picture	ITI	579576	0	1	24572	2	0	24420
JH56CNU	39	Picture	CueingCross	604315	0	2	3009	3	0	2920
JH56CNU	40	Picture	PrepTime	607491	0	2	3009	4	0	2920
JH56CNU	41	Picture	2_7_Encoding_Working_Memory_MEG_P6_LR_Salient_NoChange_CuedRetrieval_300_300_399_2150_3000_2050_gabor_patch_orientation_078_018_058_148_target_position_1_3_retrieval_position_3	610668	0	1	1337	2	0	1250
JH56CNU	41	Picture	Flicker2	612005	1337	1	1337	2	1250	1250
JH56CNU	41	Picture	Flicker3	613342	2674	1	1337	3	2500	1250
JH56CNU	42	Picture	Delay	614847	0	1	21563	2	0	21420
JH56CNU	43	Picture	2_7_Retrieval_Working_Memory_MEG_P6_LR_Salient_NoChange_CuedRetrieval_retrieval_patch_orientation_058_retrieval_position_3	636578	0	1	30088	3	0	29920
JH56CNU	43	Response	10	650626	14048	4
JH56CNU	44	Picture	ITI	666834	0	1	20560	3	0	20420
JH56CNU	45	Picture	CueingCross	687561	0	3	3009	5	0	2920
JH56CNU	46	Picture	PrepTime	690738	0	1	3009	2	0	2920
JH56CNU	47	Picture	2_8_Encoding_Working_Memory_MEG_P6_LR_Salient_NoChange_CuedRetrieval_300_300_399_1900_3000_2400_gabor_patch_orientation_016_122_094_078_target_position_1_3_retrieval_position_3	693914	0	1	1337	2	0	1250
JH56CNU	47	Picture	Flicker2	695251	1337	1	1337	2	1250	1250
JH56CNU	47	Picture	Flicker3	696588	2674	1	1338	2	2500	1250
JH56CNU	48	Picture	Delay	698093	0	1	19056	2	0	18920
JH56CNU	49	Picture	2_8_Retrieval_Working_Memory_MEG_P6_LR_Salient_NoChange_CuedRetrieval_retrieval_patch_orientation_094_retrieval_position_3	717316	0	1	30089	2	0	29920
JH56CNU	49	Response	10	733584	16268	3
JH56CNU	50	Picture	ITI	747572	0	2	24072	3	0	23920
JH56CNU	51	Picture	CueingCross	771811	0	1	3009	2	0	2920
JH56CNU	52	Picture	PrepTime	774987	0	1	3009	2	0	2920
JH56CNU	53	Picture	2_9_Encoding_Working_Memory_MEG_P6_LR_Salient_DoChange_CuedRetrieval_300_300_399_1800_3000_2000_gabor_patch_orientation_094_076_111_144_target_position_2_4_retrieval_position_4	778163	0	1	1337	2	0	1250
JH56CNU	53	Picture	Flicker2	779500	1337	1	1337	2	1250	1250
JH56CNU	53	Picture	Flicker3	780837	2674	1	1338	3	2500	1250
JH56CNU	54	Picture	Delay	782342	0	1	18053	2	0	17920
JH56CNU	55	Picture	2_9_Retrieval_Working_Memory_MEG_P6_LR_Salient_DoChange_CuedRetrieval_retrieval_patch_orientation_005_retrieval_position_4	800562	0	2	30089	3	0	29920
JH56CNU	55	Response	20	810282	9720	3
JH56CNU	56	Picture	ITI	830818	0	2	20060	3	0	19920
JH56CNU	57	Picture	CueingCross	851045	0	1	3009	2	0	2920
JH56CNU	58	Picture	PrepTime	854221	0	1	3009	2	0	2920
JH56CNU	59	Picture	2_10_Encoding_Working_Memory_MEG_P6_LR_Salient_DoChange_CuedRetrieval_300_300_399_1900_3000_1900_gabor_patch_orientation_088_053_111_126_target_position_2_4_retrieval_position_4	857397	0	1	1337	2	0	1250
JH56CNU	59	Picture	Flicker2	858734	1337	1	1338	2	1250	1250
JH56CNU	59	Picture	Flicker3	860072	2675	1	1337	2	2500	1250
JH56CNU	60	Picture	Delay	861576	0	1	19056	2	0	18920
JH56CNU	61	Picture	2_10_Retrieval_Working_Memory_MEG_P6_LR_Salient_DoChange_CuedRetrieval_retrieval_patch_orientation_174_retrieval_position_4	880800	0	1	30088	3	0	29920
JH56CNU	61	Response	20	890470	9670	3
JH56CNU	62	Picture	ITI	911056	0	1	19056	2	0	18920
JH56CNU	63	Picture	CueingCross	930279	0	1	3009	2	0	2920
JH56CNU	64	Picture	PrepTime	933455	0	1	3009	2	0	2920
JH56CNU	65	Picture	2_11_Encoding_Working_Memory_MEG_P6_LR_Salient_DoChange_CuedRetrieval_300_300_399_2050_3000_2200_gabor_patch_orientation_097_074_043_133_target_position_1_2_retrieval_position_2	936631	0	2	1338	3	0	1250
JH56CNU	65	Picture	Flicker2	937969	1338	1	1337	2	1250	1250
JH56CNU	65	Picture	Flicker3	939306	2675	1	1337	2	2500	1250
JH56CNU	66	Picture	Delay	940810	0	2	20561	3	0	20420
JH56CNU	67	Picture	2_11_Retrieval_Working_Memory_MEG_P6_LR_Salient_DoChange_CuedRetrieval_retrieval_patch_orientation_026_retrieval_position_2	961538	0	1	30089	2	0	29920
JH56CNU	67	Response	20	969607	8069	4
JH56CNU	68	Picture	ITI	991794	0	2	22066	3	0	21920
JH56CNU	69	Picture	CueingCross	1014027	0	1	3008	3	0	2920
JH56CNU	70	Picture	PrepTime	1017203	0	1	3009	2	0	2920
JH56CNU	71	Picture	2_12_Encoding_Working_Memory_MEG_P6_LR_Salient_DoChange_UncuedRetriev_300_300_399_1800_3000_2050_gabor_patch_orientation_126_170_155_082_target_position_1_4_retrieval_position_3	1020379	0	1	1337	2	0	1250
JH56CNU	71	Picture	Flicker2	1021716	1337	1	1337	3	1250	1250
JH56CNU	71	Picture	Flicker3	1023053	2674	2	1338	3	2500	1250
JH56CNU	72	Picture	Delay	1024558	0	1	18053	2	0	17920
JH56CNU	73	Picture	2_12_Retrieval_Working_Memory_MEG_P6_LR_Salient_DoChange_UncuedRetriev_retrieval_patch_orientation_107_retrieval_position_3	1042778	0	2	30089	3	0	29920
JH56CNU	73	Response	10	1062175	19397	3
JH56CNU	74	Picture	ITI	1073034	0	2	20561	3	0	20420
JH56CNU	75	Picture	CueingCross	1093762	0	2	3009	3	0	2920
JH56CNU	76	Picture	PrepTime	1096939	0	1	3008	3	0	2920
JH56CNU	77	Picture	2_13_Encoding_Working_Memory_MEG_P6_LR_Salient_DoChange_CuedRetrieval_300_300_399_1950_3000_2250_gabor_patch_orientation_092_150_017_171_target_position_3_4_retrieval_position_4	1100115	0	1	1337	2	0	1250
JH56CNU	77	Picture	Flicker2	1101452	1337	1	1337	2	1250	1250
JH56CNU	77	Picture	Flicker3	1102789	2674	1	1337	3	2500	1250
JH56CNU	78	Picture	Delay	1104294	0	1	19557	3	0	19420
JH56CNU	79	Picture	2_13_Retrieval_Working_Memory_MEG_P6_LR_Salient_DoChange_CuedRetrieval_retrieval_patch_orientation_035_retrieval_position_4	1124019	0	1	30089	2	0	29920
JH56CNU	79	Response	20	1130793	6774	4
JH56CNU	80	Picture	ITI	1154275	0	1	22566	3	0	22420
JH56CNU	81	Picture	CueingCross	1177009	0	1	3008	3	0	2920
JH56CNU	82	Picture	PrepTime	1180185	0	2	3009	3	0	2920
JH56CNU	83	Picture	2_14_Encoding_Working_Memory_MEG_P6_LR_Salient_DoChange_UncuedRetriev_300_300_399_1800_3000_2500_gabor_patch_orientation_167_061_099_019_target_position_2_4_retrieval_position_3	1183361	0	1	1337	2	0	1250
JH56CNU	83	Picture	Flicker2	1184698	1337	1	1337	2	1250	1250
JH56CNU	83	Picture	Flicker3	1186035	2674	1	1338	2	2500	1250
JH56CNU	84	Picture	Delay	1187540	0	1	18053	2	0	17920
JH56CNU	85	Picture	2_14_Retrieval_Working_Memory_MEG_P6_LR_Salient_DoChange_UncuedRetriev_retrieval_patch_orientation_146_retrieval_position_3	1205760	0	2	30089	3	0	29920
JH56CNU	85	Response	20	1224051	18291	3
JH56CNU	86	Picture	ITI	1236016	0	2	25074	4	0	24920
JH56CNU	87	Picture	CueingCross	1261258	0	1	3009	2	0	2920
JH56CNU	88	Picture	PrepTime	1264434	0	1	3009	2	0	2920
JH56CNU	89	Picture	2_15_Encoding_Working_Memory_MEG_P6_LR_Salient_NoChange_CuedRetrieval_300_300_399_2000_3000_2350_gabor_patch_orientation_139_073_115_154_target_position_1_3_retrieval_position_1	1267610	0	1	1337	2	0	1250
JH56CNU	89	Picture	Flicker2	1268947	1337	1	1337	2	1250	1250
JH56CNU	89	Picture	Flicker3	1270284	2674	1	1338	2	2500	1250
JH56CNU	90	Picture	Delay	1271789	0	1	20059	2	0	19920
JH56CNU	91	Picture	2_15_Retrieval_Working_Memory_MEG_P6_LR_Salient_NoChange_CuedRetrieval_retrieval_patch_orientation_139_retrieval_position_1	1292015	0	2	30089	3	0	29920
JH56CNU	91	Response	10	1300228	8213	4
JH56CNU	92	Picture	ITI	1322271	0	2	23570	3	0	23420
JH56CNU	93	Picture	CueingCross	1346008	0	1	3009	2	0	2920
JH56CNU	94	Picture	PrepTime	1349184	0	2	3009	3	0	2920
JH56CNU	95	Picture	2_16_Encoding_Working_Memory_MEG_P6_LR_Salient_NoChange_CuedRetrieval_300_300_399_2050_3000_2300_gabor_patch_orientation_136_105_030_163_target_position_1_3_retrieval_position_3	1352360	0	2	1338	3	0	1250
JH56CNU	95	Picture	Flicker2	1353698	1338	1	1337	2	1250	1250
JH56CNU	95	Picture	Flicker3	1355035	2675	1	1337	2	2500	1250
JH56CNU	96	Picture	Delay	1356539	0	2	20561	3	0	20420
JH56CNU	97	Picture	2_16_Retrieval_Working_Memory_MEG_P6_LR_Salient_NoChange_CuedRetrieval_retrieval_patch_orientation_030_retrieval_position_3	1377267	0	2	30089	3	0	29920
JH56CNU	97	Response	10	1387706	10439	4
JH56CNU	98	Picture	ITI	1407523	0	2	23069	3	0	22920
JH56CNU	99	Picture	CueingCross	1430759	0	1	3009	2	0	2920
JH56CNU	100	Picture	PrepTime	1433935	0	1	3009	2	0	2920
JH56CNU	101	Picture	2_17_Encoding_Working_Memory_MEG_P6_LR_Salient_DoChange_CuedRetrieval_300_300_399_2200_3000_2600_gabor_patch_orientation_149_170_059_083_target_position_2_4_retrieval_position_4	1437111	0	1	1337	2	0	1250
JH56CNU	101	Picture	Flicker2	1438448	1337	1	1338	2	1250	1250
JH56CNU	101	Picture	Flicker3	1439786	2675	1	1337	2	2500	1250
JH56CNU	102	Picture	Delay	1441290	0	1	22065	2	0	21920
JH56CNU	103	Picture	2_17_Retrieval_Working_Memory_MEG_P6_LR_Salient_DoChange_CuedRetrieval_retrieval_patch_orientation_128_retrieval_position_4	1463522	0	2	30089	3	0	29920
JH56CNU	103	Response	10	1476644	13122	3
JH56CNU	104	Picture	ITI	1493778	0	2	26078	3	0	25920
JH56CNU	105	Picture	CueingCross	1520023	0	1	3009	2	0	2920
JH56CNU	106	Picture	PrepTime	1523199	0	1	3009	2	0	2920
JH56CNU	107	Picture	2_18_Encoding_Working_Memory_MEG_P6_LR_Salient_NoChange_CuedRetrieval_300_300_399_2150_3000_2500_gabor_patch_orientation_069_084_107_129_target_position_2_3_retrieval_position_3	1526375	0	1	1337	2	0	1250
JH56CNU	107	Picture	Flicker2	1527712	1337	1	1337	3	1250	1250
JH56CNU	107	Picture	Flicker3	1529049	2674	2	1338	3	2500	1250
JH56CNU	108	Picture	Delay	1530554	0	1	21564	2	0	21420
JH56CNU	109	Picture	2_18_Retrieval_Working_Memory_MEG_P6_LR_Salient_NoChange_CuedRetrieval_retrieval_patch_orientation_107_retrieval_position_3	1552285	0	1	30089	2	0	29920
JH56CNU	109	Response	10	1561181	8896	4
JH56CNU	110	Picture	ITI	1582541	0	1	25074	2	0	24920
JH56CNU	111	Picture	CueingCross	1607782	0	1	3008	3	0	2920
JH56CNU	112	Picture	PrepTime	1610958	0	1	3009	2	0	2920
JH56CNU	113	Picture	2_19_Encoding_Working_Memory_MEG_P6_LR_Salient_DoChange_CuedRetrieval_300_300_399_1900_3000_2150_gabor_patch_orientation_091_173_065_111_target_position_2_3_retrieval_position_2	1614134	0	2	1338	3	0	1250
JH56CNU	113	Picture	Flicker2	1615472	1338	1	1337	2	1250	1250
JH56CNU	113	Picture	Flicker3	1616809	2675	1	1337	2	2500	1250
JH56CNU	114	Picture	Delay	1618313	0	2	19057	3	0	18920
JH56CNU	115	Picture	2_19_Retrieval_Working_Memory_MEG_P6_LR_Salient_DoChange_CuedRetrieval_retrieval_patch_orientation_038_retrieval_position_2	1637537	0	1	30089	2	0	29920
JH56CNU	115	Response	20	1647069	9532	4
JH56CNU	116	Picture	ITI	1667793	0	1	21564	2	0	21420
JH56CNU	117	Picture	CueingCross	1689524	0	1	3009	2	0	2920
JH56CNU	118	Picture	PrepTime	1692700	0	1	3009	2	0	2920
JH56CNU	119	Picture	2_20_Encoding_Working_Memory_MEG_P6_LR_Salient_DoChange_UncuedRetriev_300_300_399_2100_3000_2350_gabor_patch_orientation_131_064_042_006_target_position_2_3_retrieval_position_1	1695876	0	1	1337	2	0	1250
JH56CNU	119	Picture	Flicker2	1697213	1337	1	1337	3	1250	1250
JH56CNU	119	Picture	Flicker3	1698550	2674	2	1338	3	2500	1250
JH56CNU	120	Picture	Delay	1700055	0	1	21062	2	0	20920
JH56CNU	121	Picture	2_20_Retrieval_Working_Memory_MEG_P6_LR_Salient_DoChange_UncuedRetriev_retrieval_patch_orientation_086_retrieval_position_1	1721284	0	2	30089	3	0	29920
JH56CNU	121	Response	10	1737796	16512	4
JH56CNU	122	Picture	ITI	1751540	0	2	23570	3	0	23420
JH56CNU	123	Picture	CueingCross	1775277	0	2	3009	3	0	2920
JH56CNU	124	Picture	PrepTime	1778453	0	2	3009	3	0	2920
JH56CNU	125	Picture	2_21_Encoding_Working_Memory_MEG_P6_LR_Salient_NoChange_CuedRetrieval_300_300_399_1900_3000_2550_gabor_patch_orientation_068_042_156_129_target_position_1_3_retrieval_position_1	1781629	0	2	1338	3	0	1250
JH56CNU	125	Picture	Flicker2	1782967	1338	1	1337	2	1250	1250
JH56CNU	125	Picture	Flicker3	1784304	2675	1	1337	2	2500	1250
JH56CNU	126	Picture	Delay	1785808	0	2	19057	3	0	18920
JH56CNU	127	Picture	2_21_Retrieval_Working_Memory_MEG_P6_LR_Salient_NoChange_CuedRetrieval_retrieval_patch_orientation_068_retrieval_position_1	1805032	0	1	30089	2	0	29920
JH56CNU	127	Response	10	1818474	13442	4
JH56CNU	128	Picture	ITI	1835288	0	1	25576	2	0	25420
JH56CNU	129	Picture	CueingCross	1861031	0	1	3009	2	0	2920
JH56CNU	130	Picture	PrepTime	1864207	0	1	3009	2	0	2920
JH56CNU	131	Picture	2_22_Encoding_Working_Memory_MEG_P6_LR_Salient_NoChange_CuedRetrieval_300_300_399_2000_3000_2600_gabor_patch_orientation_009_127_148_168_target_position_2_3_retrieval_position_3	1867383	0	1	1337	2	0	1250
JH56CNU	131	Picture	Flicker2	1868720	1337	1	1338	2	1250	1250
JH56CNU	131	Picture	Flicker3	1870058	2675	1	1337	2	2500	1250
JH56CNU	132	Picture	Delay	1871562	0	1	20059	2	0	19920
JH56CNU	133	Picture	2_22_Retrieval_Working_Memory_MEG_P6_LR_Salient_NoChange_CuedRetrieval_retrieval_patch_orientation_148_retrieval_position_3	1891788	0	2	30089	4	0	29920
JH56CNU	133	Response	10	1899822	8034	3
JH56CNU	134	Picture	ITI	1922045	0	1	26077	2	0	25920
JH56CNU	135	Picture	CueingCross	1948289	0	1	3009	2	0	2920
JH56CNU	136	Picture	PrepTime	1951465	0	1	3009	2	0	2920
JH56CNU	137	Picture	2_23_Encoding_Working_Memory_MEG_P6_LR_Salient_DoChange_CuedRetrieval_300_300_399_1850_3000_1900_gabor_patch_orientation_123_142_101_176_target_position_1_3_retrieval_position_3	1954641	0	1	1337	2	0	1250
JH56CNU	137	Picture	Flicker2	1955978	1337	1	1338	2	1250	1250
JH56CNU	137	Picture	Flicker3	1957316	2675	1	1337	2	2500	1250
JH56CNU	138	Picture	Delay	1958820	0	1	18555	2	0	18420
JH56CNU	139	Picture	2_23_Retrieval_Working_Memory_MEG_P6_LR_Salient_DoChange_CuedRetrieval_retrieval_patch_orientation_055_retrieval_position_3	1977542	0	1	30089	2	0	29920
JH56CNU	139	Response	20	1987190	9648	3
JH56CNU	140	Picture	ITI	2007798	0	1	19056	3	0	18920
JH56CNU	141	Picture	CueingCross	2027022	0	1	3008	3	0	2920
JH56CNU	142	Picture	PrepTime	2030198	0	1	3009	2	0	2920
JH56CNU	143	Picture	2_24_Encoding_Working_Memory_MEG_P6_LR_Salient_NoChange_CuedRetrieval_300_300_399_2000_3000_1950_gabor_patch_orientation_160_072_052_093_target_position_1_4_retrieval_position_1	2033374	0	1	1337	2	0	1250
JH56CNU	143	Picture	Flicker2	2034711	1337	1	1337	2	1250	1250
JH56CNU	143	Picture	Flicker3	2036048	2674	1	1338	2	2500	1250
JH56CNU	144	Picture	Delay	2037553	0	1	20059	2	0	19920
JH56CNU	145	Picture	2_24_Retrieval_Working_Memory_MEG_P6_LR_Salient_NoChange_CuedRetrieval_retrieval_patch_orientation_160_retrieval_position_1	2057779	0	1	30089	2	0	29920
JH56CNU	145	Response	10	2066537	8758	4
JH56CNU	146	Picture	ITI	2088035	0	2	19558	3	0	19420
JH56CNU	147	Picture	CueingCross	2107760	0	2	3009	3	0	2920
JH56CNU	148	Picture	PrepTime	2110936	0	2	3009	3	0	2920
JH56CNU	149	Picture	2_25_Encoding_Working_Memory_MEG_P6_LR_Salient_DoChange_CuedRetrieval_300_300_399_1850_3000_2100_gabor_patch_orientation_084_172_102_021_target_position_2_3_retrieval_position_2	2114112	0	2	1338	3	0	1250
JH56CNU	149	Picture	Flicker2	2115450	1338	1	1337	2	1250	1250
JH56CNU	149	Picture	Flicker3	2116787	2675	1	1337	2	2500	1250
JH56CNU	150	Picture	Delay	2118291	0	2	18555	3	0	18420
JH56CNU	151	Picture	2_25_Retrieval_Working_Memory_MEG_P6_LR_Salient_DoChange_CuedRetrieval_retrieval_patch_orientation_037_retrieval_position_2	2137013	0	2	30089	3	0	29920
JH56CNU	151	Response	20	2143455	6442	4
JH56CNU	152	Picture	ITI	2167270	0	1	21062	2	0	20920
JH56CNU	153	Picture	CueingCross	2188499	0	1	3009	2	0	2920
JH56CNU	154	Picture	PrepTime	2191675	0	1	3009	2	0	2920
JH56CNU	155	Picture	2_26_Encoding_Working_Memory_MEG_P6_LR_Salient_DoChange_CuedRetrieval_300_300_399_2100_3000_2300_gabor_patch_orientation_151_121_046_078_target_position_1_4_retrieval_position_1	2194851	0	1	1337	2	0	1250
JH56CNU	155	Picture	Flicker2	2196188	1337	1	1338	2	1250	1250
JH56CNU	155	Picture	Flicker3	2197526	2675	1	1337	2	2500	1250
JH56CNU	156	Picture	Delay	2199030	0	1	21062	3	0	20920
JH56CNU	157	Picture	2_26_Retrieval_Working_Memory_MEG_P6_LR_Salient_DoChange_CuedRetrieval_retrieval_patch_orientation_013_retrieval_position_1	2220260	0	1	30089	2	0	29920
JH56CNU	157	Response	20	2227343	7083	3
JH56CNU	158	Picture	ITI	2250516	0	1	23068	2	0	22920
JH56CNU	159	Picture	CueingCross	2273751	0	1	3009	2	0	2920
JH56CNU	160	Picture	PrepTime	2276927	0	1	3009	2	0	2920
JH56CNU	161	Picture	2_27_Encoding_Working_Memory_MEG_P6_LR_Salient_DoChange_UncuedRetriev_300_300_399_2200_3000_1950_gabor_patch_orientation_090_155_179_114_target_position_1_2_retrieval_position_4	2280103	0	1	1337	3	0	1250
JH56CNU	161	Picture	Flicker2	2281440	1337	2	1338	3	1250	1250
JH56CNU	161	Picture	Flicker3	2282778	2675	1	1337	2	2500	1250
JH56CNU	162	Picture	Delay	2284282	0	1	22065	3	0	21920
JH56CNU	163	Picture	2_27_Retrieval_Working_Memory_MEG_P6_LR_Salient_DoChange_UncuedRetriev_retrieval_patch_orientation_066_retrieval_position_4	2306515	0	1	30089	2	0	29920
JH56CNU	163	Response	20	2328430	21915	4
JH56CNU	164	Picture	ITI	2336771	0	1	19558	2	0	19420
JH56CNU	165	Picture	CueingCross	2356496	0	1	3009	2	0	2920
JH56CNU	166	Picture	PrepTime	2359672	0	1	3009	2	0	2920
JH56CNU	167	Picture	2_28_Encoding_Working_Memory_MEG_P6_LR_Salient_DoChange_CuedRetrieval_300_300_399_1750_3000_2350_gabor_patch_orientation_025_076_109_043_target_position_1_4_retrieval_position_1	2362848	0	1	1337	2	0	1250
JH56CNU	167	Picture	Flicker2	2364185	1337	1	1337	2	1250	1250
JH56CNU	167	Picture	Flicker3	2365522	2674	1	1338	2	2500	1250
JH56CNU	168	Picture	Delay	2367027	0	1	17552	2	0	17420
JH56CNU	169	Picture	2_28_Retrieval_Working_Memory_MEG_P6_LR_Salient_DoChange_CuedRetrieval_retrieval_patch_orientation_163_retrieval_position_1	2384746	0	1	30089	2	0	29920
JH56CNU	169	Response	20	2393878	9132	4
JH56CNU	170	Picture	ITI	2415002	0	1	23570	2	0	23420
JH56CNU	171	Picture	CueingCross	2438739	0	1	3009	2	0	2920
JH56CNU	172	Picture	PrepTime	2441915	0	1	3009	2	0	2920
JH56CNU	173	Picture	2_29_Encoding_Working_Memory_MEG_P6_LR_Salient_NoChange_CuedRetrieval_300_300_399_2050_3000_2450_gabor_patch_orientation_040_064_122_080_target_position_1_3_retrieval_position_3	2445091	0	1	1337	2	0	1250
JH56CNU	173	Picture	Flicker2	2446428	1337	1	1337	3	1250	1250
JH56CNU	173	Picture	Flicker3	2447765	2674	2	1338	3	2500	1250
JH56CNU	174	Picture	Delay	2449270	0	2	20561	3	0	20420
JH56CNU	175	Picture	2_29_Retrieval_Working_Memory_MEG_P6_LR_Salient_NoChange_CuedRetrieval_retrieval_patch_orientation_122_retrieval_position_3	2469998	0	1	30089	2	0	29920
JH56CNU	175	Response	10	2480146	10148	3
JH56CNU	176	Picture	ITI	2500254	0	1	24573	2	0	24420
JH56CNU	177	Picture	CueingCross	2524994	0	1	3009	2	0	2920
JH56CNU	178	Picture	PrepTime	2528170	0	1	3009	2	0	2920
JH56CNU	179	Picture	2_30_Encoding_Working_Memory_MEG_P6_LR_Salient_DoChange_CuedRetrieval_300_300_399_2250_3000_2050_gabor_patch_orientation_071_088_053_110_target_position_2_3_retrieval_position_2	2531346	0	1	1337	2	0	1250
JH56CNU	179	Picture	Flicker2	2532683	1337	1	1338	2	1250	1250
JH56CNU	179	Picture	Flicker3	2534021	2675	1	1337	2	2500	1250
JH56CNU	180	Picture	Delay	2535525	0	1	22567	2	0	22420
JH56CNU	181	Picture	2_30_Retrieval_Working_Memory_MEG_P6_LR_Salient_DoChange_CuedRetrieval_retrieval_patch_orientation_136_retrieval_position_2	2558259	0	1	30089	2	0	29920
JH56CNU	181	Response	20	2567914	9655	3
JH56CNU	182	Picture	ITI	2588515	0	1	20560	3	0	20420
JH56CNU	183	Picture	CueingCross	2609243	0	1	3009	2	0	2920
JH56CNU	184	Picture	PrepTime	2612419	0	1	3009	2	0	2920
JH56CNU	185	Picture	2_31_Encoding_Working_Memory_MEG_P6_LR_Salient_NoChange_UncuedRetriev_300_300_399_1900_3000_2300_gabor_patch_orientation_032_149_066_008_target_position_2_4_retrieval_position_3	2615595	0	1	1337	2	0	1250
JH56CNU	185	Picture	Flicker2	2616932	1337	1	1338	2	1250	1250
JH56CNU	185	Picture	Flicker3	2618270	2675	1	1337	2	2500	1250
JH56CNU	186	Picture	Delay	2619774	0	1	19056	3	0	18920
JH56CNU	187	Picture	2_31_Retrieval_Working_Memory_MEG_P6_LR_Salient_NoChange_UncuedRetriev_retrieval_patch_orientation_066_retrieval_position_3	2638998	0	1	30088	3	0	29920
JH56CNU	187	Response	10	2651691	12693	4
JH56CNU	188	Picture	ITI	2669254	0	1	23068	2	0	22920
JH56CNU	189	Picture	CueingCross	2692489	0	1	3009	2	0	2920
JH56CNU	190	Picture	PrepTime	2695665	0	1	3009	2	0	2920
JH56CNU	191	Picture	2_32_Encoding_Working_Memory_MEG_P6_LR_Salient_NoChange_CuedRetrieval_300_300_399_2200_3000_2000_gabor_patch_orientation_021_049_001_111_target_position_2_3_retrieval_position_3	2698841	0	1	1337	3	0	1250
JH56CNU	191	Picture	Flicker2	2700178	1337	2	1338	3	1250	1250
JH56CNU	191	Picture	Flicker3	2701516	2675	1	1337	2	2500	1250
JH56CNU	192	Picture	Delay	2703020	0	1	22065	2	0	21920
JH56CNU	193	Picture	2_32_Retrieval_Working_Memory_MEG_P6_LR_Salient_NoChange_CuedRetrieval_retrieval_patch_orientation_001_retrieval_position_3	2725253	0	1	30089	2	0	29920
JH56CNU	193	Response	10	2735949	10696	3
JH56CNU	194	Picture	ITI	2755509	0	1	20059	2	0	19920
JH56CNU	195	Picture	CueingCross	2775735	0	1	3009	3	0	2920
JH56CNU	196	Picture	PrepTime	2778911	0	1	3009	2	0	2920
JH56CNU	197	Picture	2_33_Encoding_Working_Memory_MEG_P6_LR_Salient_NoChange_CuedRetrieval_300_300_399_1800_3000_2550_gabor_patch_orientation_101_019_161_128_target_position_3_4_retrieval_position_4	2782087	0	2	1338	3	0	1250
JH56CNU	197	Picture	Flicker2	2783425	1338	1	1337	2	1250	1250
JH56CNU	197	Picture	Flicker3	2784762	2675	1	1337	2	2500	1250
JH56CNU	198	Picture	Delay	2786266	0	2	18054	3	0	17920
JH56CNU	199	Picture	2_33_Retrieval_Working_Memory_MEG_P6_LR_Salient_NoChange_CuedRetrieval_retrieval_patch_orientation_128_retrieval_position_4	2804487	0	1	30089	2	0	29920
JH56CNU	199	Response	10	2816667	12180	4
JH56CNU	200	Picture	ITI	2834743	0	1	25575	3	0	25420
JH56CNU	201	Picture	CueingCross	2860486	0	1	3009	2	0	2920
JH56CNU	202	Picture	PrepTime	2863662	0	1	3009	2	0	2920
JH56CNU	203	Picture	2_34_Encoding_Working_Memory_MEG_P6_LR_Salient_NoChange_CuedRetrieval_300_300_399_1950_3000_2050_gabor_patch_orientation_024_142_100_165_target_position_1_3_retrieval_position_3	2866838	0	2	1337	3	0	1250
JH56CNU	203	Picture	Flicker2	2868175	1337	1	1337	2	1250	1250
JH56CNU	203	Picture	Flicker3	2869512	2674	1	1338	2	2500	1250
JH56CNU	204	Picture	Delay	2871017	0	1	19558	2	0	19420
JH56CNU	205	Picture	2_34_Retrieval_Working_Memory_MEG_P6_LR_Salient_NoChange_CuedRetrieval_retrieval_patch_orientation_100_retrieval_position_3	2890742	0	1	30089	2	0	29920
JH56CNU	205	Response	10	2901924	11182	4
JH56CNU	206	Picture	ITI	2920998	0	1	20561	2	0	20420
JH56CNU	207	Picture	CueingCross	2941726	0	1	3009	2	0	2920
JH56CNU	208	Picture	PrepTime	2944902	0	1	3009	2	0	2920
JH56CNU	209	Picture	2_35_Encoding_Working_Memory_MEG_P6_LR_Salient_NoChange_CuedRetrieval_300_300_399_2200_3000_1950_gabor_patch_orientation_147_115_084_170_target_position_2_4_retrieval_position_4	2948078	0	1	1337	2	0	1250
JH56CNU	209	Picture	Flicker2	2949415	1337	1	1338	2	1250	1250
JH56CNU	209	Picture	Flicker3	2950753	2675	1	1337	2	2500	1250
JH56CNU	210	Picture	Delay	2952257	0	1	22065	2	0	21920
JH56CNU	211	Picture	2_35_Retrieval_Working_Memory_MEG_P6_LR_Salient_NoChange_CuedRetrieval_retrieval_patch_orientation_170_retrieval_position_4	2974489	0	2	30089	3	0	29920
JH56CNU	211	Response	10	2984382	9893	4
JH56CNU	212	Picture	ITI	3004745	0	2	19558	3	0	19420
JH56CNU	213	Picture	CueingCross	3024471	0	1	3008	3	0	2920
JH56CNU	214	Picture	PrepTime	3027647	0	1	3008	3	0	2920
JH56CNU	215	Picture	2_36_Encoding_Working_Memory_MEG_P6_LR_Salient_NoChange_CuedRetrieval_300_300_399_2250_3000_2600_gabor_patch_orientation_098_148_028_173_target_position_2_3_retrieval_position_2	3030823	0	1	1337	2	0	1250
JH56CNU	215	Picture	Flicker2	3032160	1337	1	1337	2	1250	1250
JH56CNU	215	Picture	Flicker3	3033497	2674	1	1337	3	2500	1250
JH56CNU	216	Picture	Delay	3035002	0	1	22566	2	0	22420
JH56CNU	217	Picture	2_36_Retrieval_Working_Memory_MEG_P6_LR_Salient_NoChange_CuedRetrieval_retrieval_patch_orientation_148_retrieval_position_2	3057736	0	1	30088	3	0	29920
JH56CNU	217	Response	10	3070290	12554	3
JH56CNU	218	Picture	ITI	3087992	0	1	26077	2	0	25920
JH56CNU	219	Picture	CueingCross	3114236	0	1	3009	2	0	2920
JH56CNU	220	Picture	PrepTime	3117412	0	1	3009	2	0	2920
JH56CNU	221	Picture	2_37_Encoding_Working_Memory_MEG_P6_LR_Salient_DoChange_CuedRetrieval_300_300_399_2100_3000_2450_gabor_patch_orientation_155_093_011_069_target_position_2_4_retrieval_position_4	3120588	0	1	1337	2	0	1250
JH56CNU	221	Picture	Flicker2	3121925	1337	1	1338	2	1250	1250
JH56CNU	221	Picture	Flicker3	3123263	2675	1	1337	2	2500	1250
JH56CNU	222	Picture	Delay	3124767	0	1	21062	2	0	20920
JH56CNU	223	Picture	2_37_Retrieval_Working_Memory_MEG_P6_LR_Salient_DoChange_CuedRetrieval_retrieval_patch_orientation_117_retrieval_position_4	3145996	0	2	30089	4	0	29920
JH56CNU	223	Response	20	3158527	12531	4
JH56CNU	224	Picture	ITI	3176253	0	1	24572	2	0	24420
JH56CNU	225	Picture	CueingCross	3200992	0	2	3009	4	0	2920
JH56CNU	226	Picture	PrepTime	3204168	0	2	3009	3	0	2920
JH56CNU	227	Picture	2_38_Encoding_Working_Memory_MEG_P6_LR_Salient_NoChange_UncuedRetriev_300_300_399_1950_3000_2300_gabor_patch_orientation_142_023_175_057_target_position_2_4_retrieval_position_1	3207344	0	2	1338	3	0	1250
JH56CNU	227	Picture	Flicker2	3208682	1338	1	1337	2	1250	1250
JH56CNU	227	Picture	Flicker3	3210019	2675	1	1337	2	2500	1250
JH56CNU	228	Picture	Delay	3211524	0	1	19557	2	0	19420
JH56CNU	229	Picture	2_38_Retrieval_Working_Memory_MEG_P6_LR_Salient_NoChange_UncuedRetriev_retrieval_patch_orientation_142_retrieval_position_1	3231249	0	1	30088	3	0	29920
JH56CNU	229	Response	10	3247215	15966	3
JH56CNU	230	Picture	ITI	3261505	0	1	23068	2	0	22920
JH56CNU	231	Picture	CueingCross	3284740	0	1	3009	2	0	2920
JH56CNU	232	Picture	PrepTime	3287916	0	1	3008	3	0	2920
JH56CNU	233	Picture	2_39_Encoding_Working_Memory_MEG_P6_LR_Salient_NoChange_CuedRetrieval_300_300_399_1800_3000_2100_gabor_patch_orientation_046_152_031_113_target_position_1_3_retrieval_position_3	3291092	0	1	1337	2	0	1250
JH56CNU	233	Picture	Flicker2	3292429	1337	1	1338	2	1250	1250
JH56CNU	233	Picture	Flicker3	3293767	2675	1	1337	2	2500	1250
JH56CNU	234	Picture	Delay	3295271	0	1	18053	3	0	17920
JH56CNU	235	Picture	2_39_Retrieval_Working_Memory_MEG_P6_LR_Salient_NoChange_CuedRetrieval_retrieval_patch_orientation_031_retrieval_position_3	3313492	0	1	30089	2	0	29920
JH56CNU	235	Response	10	3322073	8581	3
JH56CNU	236	Picture	ITI	3343748	0	1	21062	2	0	20920
JH56CNU	237	Picture	CueingCross	3364977	0	1	3009	2	0	2920
JH56CNU	238	Picture	PrepTime	3368153	0	1	3009	2	0	2920
JH56CNU	239	Picture	2_40_Encoding_Working_Memory_MEG_P6_LR_Salient_NoChange_CuedRetrieval_300_300_399_1750_3000_2050_gabor_patch_orientation_131_015_156_090_target_position_2_4_retrieval_position_4	3371329	0	2	1338	3	0	1250
JH56CNU	239	Picture	Flicker2	3372667	1338	1	1337	2	1250	1250
JH56CNU	239	Picture	Flicker3	3374004	2675	1	1337	2	2500	1250
JH56CNU	240	Picture	Delay	3375508	0	2	17552	3	0	17420
JH56CNU	241	Picture	2_40_Retrieval_Working_Memory_MEG_P6_LR_Salient_NoChange_CuedRetrieval_retrieval_patch_orientation_090_retrieval_position_4	3393227	0	2	30089	3	0	29920
JH56CNU	241	Response	10	3402771	9544	4
JH56CNU	242	Picture	ITI	3423483	0	2	20561	3	0	20420
JH56CNU	243	Picture	CueingCross	3444211	0	2	3009	3	0	2920
JH56CNU	244	Picture	PrepTime	3447388	0	1	3008	3	0	2920
JH56CNU	245	Picture	2_41_Encoding_Working_Memory_MEG_P6_LR_Salient_DoChange_CuedRetrieval_300_300_399_2150_3000_2150_gabor_patch_orientation_140_052_025_110_target_position_2_3_retrieval_position_2	3450564	0	1	1337	2	0	1250
JH56CNU	245	Picture	Flicker2	3451901	1337	1	1337	2	1250	1250
JH56CNU	245	Picture	Flicker3	3453238	2674	1	1337	3	2500	1250
JH56CNU	246	Picture	Delay	3454743	0	1	21563	2	0	21420
JH56CNU	247	Picture	2_41_Retrieval_Working_Memory_MEG_P6_LR_Salient_DoChange_CuedRetrieval_retrieval_patch_orientation_003_retrieval_position_2	3476473	0	2	30089	4	0	29920
JH56CNU	247	Response	20	3496938	20465	4
JH56CNU	248	Picture	ITI	3506730	0	1	21563	2	0	21420
JH56CNU	249	Picture	CueingCross	3528461	0	1	3008	3	0	2920
JH56CNU	250	Picture	PrepTime	3531637	0	1	3008	3	0	2920
JH56CNU	251	Picture	2_42_Encoding_Working_Memory_MEG_P6_LR_Salient_NoChange_UncuedRetriev_300_300_399_1800_3000_2250_gabor_patch_orientation_152_005_037_120_target_position_1_3_retrieval_position_4	3534813	0	1	1337	2	0	1250
JH56CNU	251	Picture	Flicker2	3536150	1337	1	1337	2	1250	1250
JH56CNU	251	Picture	Flicker3	3537487	2674	1	1337	3	2500	1250
JH56CNU	252	Picture	Delay	3538992	0	1	18053	2	0	17920
JH56CNU	253	Picture	2_42_Retrieval_Working_Memory_MEG_P6_LR_Salient_NoChange_UncuedRetriev_retrieval_patch_orientation_120_retrieval_position_4	3557212	0	1	30089	2	0	29920
JH56CNU	253	Response	10	3567946	10734	4
JH56CNU	254	Picture	ITI	3587468	0	2	22567	3	0	22420
JH56CNU	255	Picture	CueingCross	3610202	0	1	3009	2	0	2920
JH56CNU	256	Picture	PrepTime	3613378	0	1	3009	2	0	2920
JH56CNU	257	Picture	2_43_Encoding_Working_Memory_MEG_P6_LR_Salient_DoChange_CuedRetrieval_300_300_399_1750_3000_2500_gabor_patch_orientation_057_130_173_004_target_position_2_4_retrieval_position_2	3616554	0	2	1338	3	0	1250
JH56CNU	257	Picture	Flicker2	3617892	1338	1	1337	2	1250	1250
JH56CNU	257	Picture	Flicker3	3619229	2675	1	1337	2	2500	1250
JH56CNU	258	Picture	Delay	3620733	0	2	17552	3	0	17420
JH56CNU	259	Picture	2_43_Retrieval_Working_Memory_MEG_P6_LR_Salient_DoChange_CuedRetrieval_retrieval_patch_orientation_083_retrieval_position_2	3638452	0	2	30089	3	0	29920
JH56CNU	259	Response	20	3651024	12572	3
JH56CNU	260	Picture	ITI	3668708	0	2	25075	3	0	24920
JH56CNU	261	Picture	CueingCross	3693950	0	1	3009	2	0	2920
JH56CNU	262	Picture	PrepTime	3697126	0	1	3009	2	0	2920
JH56CNU	263	Picture	2_44_Encoding_Working_Memory_MEG_P6_LR_Salient_DoChange_CuedRetrieval_300_300_399_1950_3000_2550_gabor_patch_orientation_145_125_062_102_target_position_1_3_retrieval_position_3	3700302	0	1	1337	2	0	1250
JH56CNU	263	Picture	Flicker2	3701639	1337	1	1337	3	1250	1250
JH56CNU	263	Picture	Flicker3	3702976	2674	2	1338	3	2500	1250
JH56CNU	264	Picture	Delay	3704481	0	1	19558	2	0	19420
JH56CNU	265	Picture	2_44_Retrieval_Working_Memory_MEG_P6_LR_Salient_DoChange_CuedRetrieval_retrieval_patch_orientation_013_retrieval_position_3	3724206	0	1	30089	2	0	29920
JH56CNU	265	Response	20	3747841	23635	4
JH56CNU	266	Picture	ITI	3754462	0	1	25576	2	0	25420
JH56CNU	267	Picture	CueingCross	3780205	0	1	3009	2	0	2920
JH56CNU	268	Picture	PrepTime	3783381	0	1	3009	2	0	2920
JH56CNU	269	Picture	2_45_Encoding_Working_Memory_MEG_P6_LR_Salient_DoChange_UncuedRetriev_300_300_399_2000_3000_2500_gabor_patch_orientation_112_142_097_027_target_position_2_3_retrieval_position_4	3786557	0	1	1337	2	0	1250
JH56CNU	269	Picture	Flicker2	3787894	1337	1	1337	3	1250	1250
JH56CNU	269	Picture	Flicker3	3789231	2674	2	1338	3	2500	1250
JH56CNU	270	Picture	Delay	3790736	0	1	20059	2	0	19920
JH56CNU	271	Picture	2_45_Retrieval_Working_Memory_MEG_P6_LR_Salient_DoChange_UncuedRetriev_retrieval_patch_orientation_166_retrieval_position_4	3810962	0	2	30089	3	0	29920
JH56CNU	271	Response	10	3827619	16657	4
JH56CNU	272	Picture	ITI	3841218	0	2	25075	3	0	24920
JH56CNU	273	Picture	CueingCross	3866460	0	1	3009	2	0	2920
JH56CNU	274	Picture	PrepTime	3869636	0	1	3009	2	0	2920
JH56CNU	275	Picture	2_46_Encoding_Working_Memory_MEG_P6_LR_Salient_NoChange_CuedRetrieval_300_300_399_2050_3000_1900_gabor_patch_orientation_043_100_020_127_target_position_1_3_retrieval_position_1	3872812	0	1	1337	2	0	1250
JH56CNU	275	Picture	Flicker2	3874149	1337	1	1337	3	1250	1250
JH56CNU	275	Picture	Flicker3	3875486	2674	2	1338	3	2500	1250
JH56CNU	276	Picture	Delay	3876991	0	1	20561	2	0	20420
JH56CNU	277	Picture	2_46_Retrieval_Working_Memory_MEG_P6_LR_Salient_NoChange_CuedRetrieval_retrieval_patch_orientation_043_retrieval_position_1	3897718	0	2	30090	3	0	29920
JH56CNU	277	Response	10	3906217	8499	3
JH56CNU	278	Picture	ITI	3927975	0	1	19056	2	0	18920
JH56CNU	279	Picture	CueingCross	3947198	0	2	3009	4	0	2920
JH56CNU	280	Picture	PrepTime	3950375	0	1	3008	3	0	2920
JH56CNU	281	Picture	2_47_Encoding_Working_Memory_MEG_P6_LR_Salient_NoChange_CuedRetrieval_300_300_399_1900_3000_2150_gabor_patch_orientation_180_040_108_020_target_position_2_4_retrieval_position_2	3953551	0	1	1337	2	0	1250
JH56CNU	281	Picture	Flicker2	3954888	1337	1	1337	2	1250	1250
JH56CNU	281	Picture	Flicker3	3956225	2674	1	1337	3	2500	1250
JH56CNU	282	Picture	Delay	3957730	0	1	19056	2	0	18920
JH56CNU	283	Picture	2_47_Retrieval_Working_Memory_MEG_P6_LR_Salient_NoChange_CuedRetrieval_retrieval_patch_orientation_040_retrieval_position_2	3976953	0	1	30089	2	0	29920
JH56CNU	283	Response	10	3983735	6782	3
JH56CNU	284	Picture	ITI	4007209	0	1	21564	2	0	21420
JH56CNU	285	Picture	CueingCross	4028940	0	1	3009	2	0	2920
JH56CNU	286	Picture	PrepTime	4032116	0	1	3009	2	0	2920
JH56CNU	287	Picture	2_48_Encoding_Working_Memory_MEG_P6_LR_Salient_NoChange_CuedRetrieval_300_300_399_1850_3000_2200_gabor_patch_orientation_147_037_082_010_target_position_1_2_retrieval_position_2	4035292	0	2	1338	3	0	1250
JH56CNU	287	Picture	Flicker2	4036630	1338	1	1337	2	1250	1250
JH56CNU	287	Picture	Flicker3	4037967	2675	1	1337	2	2500	1250
JH56CNU	288	Picture	Delay	4039471	0	2	18555	3	0	18420
JH56CNU	289	Picture	2_48_Retrieval_Working_Memory_MEG_P6_LR_Salient_NoChange_CuedRetrieval_retrieval_patch_orientation_037_retrieval_position_2	4058193	0	2	30089	3	0	29920
JH56CNU	289	Response	10	4065042	6849	4
JH56CNU	290	Picture	ITI	4088449	0	2	22066	3	0	21920
JH56CNU	291	Picture	CueingCross	4110682	0	1	3009	2	0	2920
JH56CNU	292	Picture	PrepTime	4113858	0	1	3009	2	0	2920
JH56CNU	293	Picture	2_49_Encoding_Working_Memory_MEG_P6_LR_Salient_NoChange_UncuedRetriev_300_300_399_2250_3000_1900_gabor_patch_orientation_096_050_177_072_target_position_1_4_retrieval_position_3	4117034	0	1	1337	2	0	1250
JH56CNU	293	Picture	Flicker2	4118371	1337	1	1338	2	1250	1250
JH56CNU	293	Picture	Flicker3	4119709	2675	1	1337	2	2500	1250
JH56CNU	294	Picture	Delay	4121213	0	1	22567	2	0	22420
JH56CNU	295	Picture	2_49_Retrieval_Working_Memory_MEG_P6_LR_Salient_NoChange_UncuedRetriev_retrieval_patch_orientation_177_retrieval_position_3	4143947	0	1	30089	2	0	29920
JH56CNU	295	Response	20	4157370	13423	3
JH56CNU	296	Picture	ITI	4174203	0	1	19056	2	0	18920
JH56CNU	297	Picture	CueingCross	4193426	0	2	3009	3	0	2920
JH56CNU	298	Picture	PrepTime	4196602	0	2	3009	4	0	2920
JH56CNU	299	Picture	2_50_Encoding_Working_Memory_MEG_P6_LR_Salient_DoChange_CuedRetrieval_300_300_399_2150_3000_2200_gabor_patch_orientation_091_130_157_040_target_position_1_2_retrieval_position_2	4199779	0	1	1337	2	0	1250
JH56CNU	299	Picture	Flicker2	4201116	1337	1	1337	2	1250	1250
JH56CNU	299	Picture	Flicker3	4202453	2674	1	1337	3	2500	1250
JH56CNU	300	Picture	Delay	4203958	0	1	21563	2	0	21420
JH56CNU	301	Picture	2_50_Retrieval_Working_Memory_MEG_P6_LR_Salient_DoChange_CuedRetrieval_retrieval_patch_orientation_179_retrieval_position_2	4225688	0	2	30089	4	0	29920
JH56CNU	301	Response	20	4233358	7670	3
JH56CNU	302	Picture	ITI	4255945	0	1	22065	2	0	21920
JH56CNU	303	Picture	CueingCross	4278177	0	1	3009	2	0	2920
JH56CNU	304	Picture	PrepTime	4281353	0	1	3009	2	0	2920
JH56CNU	305	Picture	2_51_Encoding_Working_Memory_MEG_P6_LR_Salient_NoChange_CuedRetrieval_300_300_399_2150_3000_1950_gabor_patch_orientation_007_120_140_060_target_position_2_3_retrieval_position_3	4284529	0	1	1337	3	0	1250
JH56CNU	305	Picture	Flicker2	4285866	1337	2	1338	3	1250	1250
JH56CNU	305	Picture	Flicker3	4287204	2675	1	1337	2	2500	1250
JH56CNU	306	Picture	Delay	4288708	0	1	21564	2	0	21420
JH56CNU	307	Picture	2_51_Retrieval_Working_Memory_MEG_P6_LR_Salient_NoChange_CuedRetrieval_retrieval_patch_orientation_140_retrieval_position_3	4310439	0	1	30089	2	0	29920
JH56CNU	307	Response	10	4324015	13576	5
JH56CNU	308	Picture	ITI	4340695	0	1	19558	2	0	19420
JH56CNU	309	Picture	CueingCross	4360420	0	1	3009	2	0	2920
JH56CNU	310	Picture	PrepTime	4363596	0	1	3009	2	0	2920
JH56CNU	311	Picture	2_52_Encoding_Working_Memory_MEG_P6_LR_Salient_NoChange_CuedRetrieval_300_300_399_1900_3000_2400_gabor_patch_orientation_147_075_095_060_target_position_2_3_retrieval_position_2	4366772	0	2	1338	3	0	1250
JH56CNU	311	Picture	Flicker2	4368110	1338	1	1337	2	1250	1250
JH56CNU	311	Picture	Flicker3	4369447	2675	1	1337	3	2500	1250
JH56CNU	312	Picture	Delay	4370951	0	2	19057	3	0	18920
JH56CNU	313	Picture	2_52_Retrieval_Working_Memory_MEG_P6_LR_Salient_NoChange_CuedRetrieval_retrieval_patch_orientation_075_retrieval_position_2	4390175	0	1	30089	2	0	29920
JH56CNU	313	Response	10	4407463	17288	4
JH56CNU	314	Picture	ITI	4420431	0	1	24071	2	0	23920
JH56CNU	315	Picture	CueingCross	4444669	0	2	3009	3	0	2920
JH56CNU	316	Picture	PrepTime	4447845	0	2	3009	3	0	2920
JH56CNU	317	Picture	2_53_Encoding_Working_Memory_MEG_P6_LR_Salient_DoChange_CuedRetrieval_300_300_399_1750_3000_1950_gabor_patch_orientation_093_149_060_111_target_position_1_2_retrieval_position_1	4451021	0	2	1338	3	0	1250
JH56CNU	317	Picture	Flicker2	4452359	1338	1	1337	2	1250	1250
JH56CNU	317	Picture	Flicker3	4453696	2675	1	1337	2	2500	1250
JH56CNU	318	Picture	Delay	4455200	0	2	17552	3	0	17420
JH56CNU	319	Picture	2_53_Retrieval_Working_Memory_MEG_P6_LR_Salient_DoChange_CuedRetrieval_retrieval_patch_orientation_043_retrieval_position_1	4472919	0	2	30089	3	0	29920
JH56CNU	319	Response	20	4484671	11752	4
JH56CNU	320	Picture	ITI	4503175	0	2	19558	3	0	19420
JH56CNU	321	Picture	CueingCross	4522901	0	1	3008	3	0	2920
JH56CNU	322	Picture	PrepTime	4526077	0	1	3008	3	0	2920
JH56CNU	323	Picture	2_54_Encoding_Working_Memory_MEG_P6_LR_Salient_NoChange_CuedRetrieval_300_300_399_2250_3000_2150_gabor_patch_orientation_164_087_131_041_target_position_1_4_retrieval_position_1	4529253	0	1	1337	2	0	1250
JH56CNU	323	Picture	Flicker2	4530590	1337	1	1337	2	1250	1250
JH56CNU	323	Picture	Flicker3	4531927	2674	1	1338	2	2500	1250
JH56CNU	324	Picture	Delay	4533432	0	1	22566	2	0	22420
JH56CNU	325	Picture	2_54_Retrieval_Working_Memory_MEG_P6_LR_Salient_NoChange_CuedRetrieval_retrieval_patch_orientation_164_retrieval_position_1	4556166	0	1	30089	2	0	29920
JH56CNU	325	Response	10	4565069	8903	3
JH56CNU	326	Picture	ITI	4586422	0	1	21563	2	0	21420
JH56CNU	327	Picture	CueingCross	4608153	0	1	3008	3	0	2920
JH56CNU	328	Picture	PrepTime	4611329	0	1	3009	2	0	2920
JH56CNU	329	Picture	2_55_Encoding_Working_Memory_MEG_P6_LR_Salient_DoChange_CuedRetrieval_300_300_399_2100_3000_2450_gabor_patch_orientation_150_062_120_172_target_position_1_2_retrieval_position_1	4614505	0	1	1337	2	0	1250
JH56CNU	329	Picture	Flicker2	4615842	1337	1	1337	2	1250	1250
JH56CNU	329	Picture	Flicker3	4617179	2674	1	1338	2	2500	1250
JH56CNU	330	Picture	Delay	4618684	0	1	21062	2	0	20920
JH56CNU	331	Picture	2_55_Retrieval_Working_Memory_MEG_P6_LR_Salient_DoChange_CuedRetrieval_retrieval_patch_orientation_100_retrieval_position_1	4639913	0	1	30089	2	0	29920
JH56CNU	331	Response	20	4647536	7623	5
JH56CNU	332	Picture	ITI	4670169	0	2	24573	3	0	24420
JH56CNU	333	Picture	CueingCross	4694909	0	1	3009	2	0	2920
JH56CNU	334	Picture	PrepTime	4698085	0	1	3009	2	0	2920
JH56CNU	335	Picture	2_56_Encoding_Working_Memory_MEG_P6_LR_Salient_NoChange_CuedRetrieval_300_300_399_2000_3000_2100_gabor_patch_orientation_078_056_023_137_target_position_2_4_retrieval_position_4	4701261	0	1	1337	3	0	1250
JH56CNU	335	Picture	Flicker2	4702598	1337	2	1338	3	1250	1250
JH56CNU	335	Picture	Flicker3	4703936	2675	1	1337	2	2500	1250
JH56CNU	336	Picture	Delay	4705440	0	1	20060	2	0	19920
JH56CNU	337	Picture	2_56_Retrieval_Working_Memory_MEG_P6_LR_Salient_NoChange_CuedRetrieval_retrieval_patch_orientation_137_retrieval_position_4	4725667	0	1	30088	3	0	29920
JH56CNU	337	Response	10	4733384	7717	4
JH56CNU	338	Picture	ITI	4755923	0	1	21062	2	0	20920
JH56CNU	339	Picture	CueingCross	4777152	0	1	3009	2	0	2920
JH56CNU	340	Picture	PrepTime	4780328	0	1	3009	2	0	2920
JH56CNU	341	Picture	2_57_Encoding_Working_Memory_MEG_P6_LR_Salient_DoChange_CuedRetrieval_300_300_399_2250_3000_2200_gabor_patch_orientation_070_103_143_015_target_position_1_2_retrieval_position_2	4783504	0	2	1338	3	0	1250
JH56CNU	341	Picture	Flicker2	4784842	1338	1	1337	2	1250	1250
JH56CNU	341	Picture	Flicker3	4786179	2675	1	1337	2	2500	1250
JH56CNU	342	Picture	Delay	4787683	0	2	22567	3	0	22420
JH56CNU	343	Picture	2_57_Retrieval_Working_Memory_MEG_P6_LR_Salient_DoChange_CuedRetrieval_retrieval_patch_orientation_053_retrieval_position_2	4810417	0	1	30089	2	0	29920
JH56CNU	343	Response	20	4820452	10035	3
JH56CNU	344	Picture	ITI	4840673	0	2	22066	3	0	21920
JH56CNU	345	Picture	CueingCross	4862906	0	1	3009	2	0	2920
JH56CNU	346	Picture	PrepTime	4866082	0	1	3009	2	0	2920
JH56CNU	347	Picture	2_58_Encoding_Working_Memory_MEG_P6_LR_Salient_DoChange_UncuedRetriev_300_300_399_1850_3000_2250_gabor_patch_orientation_068_088_122_145_target_position_1_4_retrieval_position_2	4869258	0	1	1337	2	0	1250
JH56CNU	347	Picture	Flicker2	4870595	1337	1	1337	3	1250	1250
JH56CNU	347	Picture	Flicker3	4871932	2674	2	1338	3	2500	1250
JH56CNU	348	Picture	Delay	4873437	0	1	18555	2	0	18420
JH56CNU	349	Picture	2_58_Retrieval_Working_Memory_MEG_P6_LR_Salient_DoChange_UncuedRetriev_retrieval_patch_orientation_039_retrieval_position_2	4892159	0	1	30089	2	0	29920
JH56CNU	349	Response	20	4915099	22940	4
JH56CNU	350	Picture	ITI	4922415	0	1	22567	2	0	22420
JH56CNU	351	Picture	CueingCross	4945149	0	1	3009	2	0	2920
JH56CNU	352	Picture	PrepTime	4948325	0	1	3009	2	0	2920
JH56CNU	353	Picture	2_59_Encoding_Working_Memory_MEG_P6_LR_Salient_DoChange_CuedRetrieval_300_300_399_2100_3000_2250_gabor_patch_orientation_061_148_118_166_target_position_1_4_retrieval_position_1	4951501	0	2	1337	3	0	1250
JH56CNU	353	Picture	Flicker2	4952838	1337	1	1338	2	1250	1250
JH56CNU	353	Picture	Flicker3	4954176	2675	1	1337	2	2500	1250
JH56CNU	354	Picture	Delay	4955680	0	1	21062	2	0	20920
JH56CNU	355	Picture	2_59_Retrieval_Working_Memory_MEG_P6_LR_Salient_DoChange_CuedRetrieval_retrieval_patch_orientation_011_retrieval_position_1	4976909	0	2	30089	3	0	29920
JH56CNU	355	Response	20	4993347	16438	4
JH56CNU	356	Picture	ITI	5007166	0	1	22566	2	0	22420
JH56CNU	357	Picture	CueingCross	5029899	0	2	3009	3	0	2920
JH56CNU	358	Picture	PrepTime	5033075	0	2	3009	4	0	2920
JH56CNU	359	Picture	2_60_Encoding_Working_Memory_MEG_P6_LR_Salient_DoChange_CuedRetrieval_300_300_399_2000_3000_1900_gabor_patch_orientation_098_117_166_083_target_position_1_3_retrieval_position_3	5036252	0	1	1337	2	0	1250
JH56CNU	359	Picture	Flicker2	5037589	1337	1	1337	2	1250	1250
JH56CNU	359	Picture	Flicker3	5038926	2674	1	1337	3	2500	1250
JH56CNU	360	Picture	Delay	5040431	0	1	20059	2	0	19920
JH56CNU	361	Picture	2_60_Retrieval_Working_Memory_MEG_P6_LR_Salient_DoChange_CuedRetrieval_retrieval_patch_orientation_031_retrieval_position_3	5060657	0	1	30089	2	0	29920
JH56CNU	361	Response	20	5072235	11578	3
JH56CNU	362	Picture	ITI	5090913	0	1	19056	3	0	18920
JH56CNU	363	Picture	CueingCross	5110137	0	1	3009	2	0	2920
JH56CNU	364	Picture	PrepTime	5113313	0	1	3009	2	0	2920
JH56CNU	365	Picture	2_61_Encoding_Working_Memory_MEG_P6_LR_Salient_NoChange_CuedRetrieval_300_300_399_2050_3000_2100_gabor_patch_orientation_160_038_100_178_target_position_3_4_retrieval_position_3	5116489	0	1	1337	2	0	1250
JH56CNU	365	Picture	Flicker2	5117826	1337	1	1337	2	1250	1250
JH56CNU	365	Picture	Flicker3	5119163	2674	1	1338	2	2500	1250
JH56CNU	366	Picture	Delay	5120668	0	1	20561	2	0	20420
JH56CNU	367	Picture	2_61_Retrieval_Working_Memory_MEG_P6_LR_Salient_NoChange_CuedRetrieval_retrieval_patch_orientation_100_retrieval_position_3	5141396	0	1	30089	2	0	29920
JH56CNU	367	Response	10	5158662	17266	4
JH56CNU	368	Picture	ITI	5171652	0	1	21062	2	0	20920
JH56CNU	369	Picture	CueingCross	5192881	0	2	3009	3	0	2920
JH56CNU	370	Picture	PrepTime	5196057	0	2	3009	3	0	2920
JH56CNU	371	Picture	2_62_Encoding_Working_Memory_MEG_P6_LR_Salient_NoChange_UncuedRetriev_300_300_399_2200_3000_2550_gabor_patch_orientation_088_004_128_169_target_position_3_4_retrieval_position_1	5199233	0	2	1338	3	0	1250
JH56CNU	371	Picture	Flicker2	5200571	1338	1	1337	2	1250	1250
JH56CNU	371	Picture	Flicker3	5201908	2675	1	1337	2	2500	1250
JH56CNU	372	Picture	Delay	5203412	0	2	22066	3	0	21920
JH56CNU	373	Picture	2_62_Retrieval_Working_Memory_MEG_P6_LR_Salient_NoChange_UncuedRetriev_retrieval_patch_orientation_088_retrieval_position_1	5225644	0	2	30090	3	0	29920
JH56CNU	373	Response	10	5241840	16196	4
JH56CNU	374	Picture	ITI	5255901	0	1	25576	2	0	25420
JH56CNU	375	Picture	CueingCross	5281644	0	1	3009	2	0	2920
JH56CNU	376	Picture	PrepTime	5284820	0	1	3009	2	0	2920
JH56CNU	377	Picture	2_63_Encoding_Working_Memory_MEG_P6_LR_Salient_DoChange_CuedRetrieval_300_300_399_2250_3000_2600_gabor_patch_orientation_014_098_044_176_target_position_1_3_retrieval_position_1	5287996	0	1	1337	2	0	1250
JH56CNU	377	Picture	Flicker2	5289333	1337	1	1337	2	1250	1250
JH56CNU	377	Picture	Flicker3	5290670	2674	1	1338	2	2500	1250
JH56CNU	378	Picture	Delay	5292175	0	1	22567	2	0	22420
JH56CNU	379	Picture	2_63_Retrieval_Working_Memory_MEG_P6_LR_Salient_DoChange_CuedRetrieval_retrieval_patch_orientation_060_retrieval_position_1	5314909	0	1	30089	2	0	29920
JH56CNU	379	Response	20	5324878	9969	3
JH56CNU	380	Picture	ITI	5345165	0	1	26077	2	0	25920
JH56CNU	381	Picture	CueingCross	5371409	0	1	3009	2	0	2920
JH56CNU	382	Picture	PrepTime	5374585	0	1	3009	2	0	2920
JH56CNU	383	Picture	2_64_Encoding_Working_Memory_MEG_P6_LR_Salient_NoChange_CuedRetrieval_300_300_399_1850_3000_2200_gabor_patch_orientation_035_011_167_058_target_position_1_3_retrieval_position_1	5377761	0	1	1337	3	0	1250
JH56CNU	383	Picture	Flicker2	5379098	1337	2	1338	3	1250	1250
JH56CNU	383	Picture	Flicker3	5380436	2675	1	1337	2	2500	1250
JH56CNU	384	Picture	Delay	5381940	0	1	18555	2	0	18420
JH56CNU	385	Picture	2_64_Retrieval_Working_Memory_MEG_P6_LR_Salient_NoChange_CuedRetrieval_retrieval_patch_orientation_035_retrieval_position_1	5400662	0	1	30089	2	0	29920
JH56CNU	385	Response	10	5423275	22613	4
JH56CNU	386	Picture	ITI	5430918	0	2	22066	3	0	21920
JH56CNU	387	Picture	CueingCross	5453151	0	1	3009	2	0	2920
JH56CNU	388	Picture	PrepTime	5456327	0	1	3009	2	0	2920
JH56CNU	389	Picture	2_65_Encoding_Working_Memory_MEG_P6_LR_Salient_DoChange_CuedRetrieval_300_300_399_2100_3000_2000_gabor_patch_orientation_010_149_126_039_target_position_2_3_retrieval_position_2	5459503	0	1	1337	2	0	1250
JH56CNU	389	Picture	Flicker2	5460840	1337	1	1337	3	1250	1250
JH56CNU	389	Picture	Flicker3	5462177	2674	2	1338	3	2500	1250
JH56CNU	390	Picture	Delay	5463681	0	2	21063	3	0	20920
JH56CNU	391	Picture	2_65_Retrieval_Working_Memory_MEG_P6_LR_Salient_DoChange_CuedRetrieval_retrieval_patch_orientation_099_retrieval_position_2	5484911	0	2	30089	3	0	29920
JH56CNU	391	Response	20	5493303	8392	4
JH56CNU	392	Picture	ITI	5515167	0	2	20060	3	0	19920
JH56CNU	393	Picture	CueingCross	5535394	0	1	3009	2	0	2920
JH56CNU	394	Picture	PrepTime	5538570	0	1	3009	2	0	2920
JH56CNU	395	Picture	2_66_Encoding_Working_Memory_MEG_P6_LR_Salient_NoChange_UncuedRetriev_300_300_399_1950_3000_2350_gabor_patch_orientation_044_164_134_112_target_position_1_3_retrieval_position_2	5541746	0	1	1337	2	0	1250
JH56CNU	395	Picture	Flicker2	5543083	1337	1	1338	2	1250	1250
JH56CNU	395	Picture	Flicker3	5544421	2675	1	1337	2	2500	1250
JH56CNU	396	Picture	Delay	5545925	0	1	19558	2	0	19420
JH56CNU	397	Picture	2_66_Retrieval_Working_Memory_MEG_P6_LR_Salient_NoChange_UncuedRetriev_retrieval_patch_orientation_164_retrieval_position_2	5565650	0	1	30089	2	0	29920
JH56CNU	397	Response	10	5583291	17641	3
JH56CNU	398	Picture	ITI	5595906	0	1	23570	2	0	23420
JH56CNU	399	Picture	CueingCross	5619643	0	1	3009	2	0	2920
JH56CNU	400	Picture	PrepTime	5622819	0	1	3009	2	0	2920
JH56CNU	401	Picture	2_67_Encoding_Working_Memory_MEG_P6_LR_Salient_NoChange_CuedRetrieval_300_300_399_2150_3000_2400_gabor_patch_orientation_095_140_161_111_target_position_1_2_retrieval_position_1	5625995	0	1	1337	3	0	1250
JH56CNU	401	Picture	Flicker2	5627332	1337	2	1338	3	1250	1250
JH56CNU	401	Picture	Flicker3	5628670	2675	1	1337	2	2500	1250
JH56CNU	402	Picture	Delay	5630174	0	1	21564	2	0	21420
JH56CNU	403	Picture	2_67_Retrieval_Working_Memory_MEG_P6_LR_Salient_NoChange_CuedRetrieval_retrieval_patch_orientation_095_retrieval_position_1	5651905	0	1	30089	2	0	29920
JH56CNU	403	Response	10	5660819	8914	3
JH56CNU	404	Picture	ITI	5682161	0	1	24071	2	0	23920
JH56CNU	405	Picture	CueingCross	5706399	0	2	3009	3	0	2920
JH56CNU	406	Picture	PrepTime	5709576	0	1	3008	3	0	2920
JH56CNU	407	Picture	2_68_Encoding_Working_Memory_MEG_P6_LR_Salient_DoChange_CuedRetrieval_300_300_399_2200_3000_2350_gabor_patch_orientation_122_062_036_082_target_position_2_3_retrieval_position_2	5712752	0	1	1337	2	0	1250
JH56CNU	407	Picture	Flicker2	5714089	1337	1	1337	2	1250	1250
JH56CNU	407	Picture	Flicker3	5715426	2674	1	1337	3	2500	1250
JH56CNU	408	Picture	Delay	5716931	0	1	22065	2	0	21920
JH56CNU	409	Picture	2_68_Retrieval_Working_Memory_MEG_P6_LR_Salient_DoChange_CuedRetrieval_retrieval_patch_orientation_014_retrieval_position_2	5739163	0	1	30089	2	0	29920
JH56CNU	409	Response	20	5760716	21553	3
JH56CNU	410	Picture	ITI	5769419	0	1	23570	2	0	23420
JH56CNU	411	Picture	CueingCross	5793156	0	1	3009	2	0	2920
JH56CNU	412	Picture	PrepTime	5796332	0	1	3009	2	0	2920
JH56CNU	413	Picture	2_69_Encoding_Working_Memory_MEG_P6_LR_Salient_DoChange_CuedRetrieval_300_300_399_1750_3000_2000_gabor_patch_orientation_084_168_099_012_target_position_1_3_retrieval_position_1	5799508	0	1	1337	2	0	1250
JH56CNU	413	Picture	Flicker2	5800845	1337	1	1338	2	1250	1250
JH56CNU	413	Picture	Flicker3	5802183	2675	1	1337	2	2500	1250
JH56CNU	414	Picture	Delay	5803687	0	1	17552	2	0	17420
JH56CNU	415	Picture	2_69_Retrieval_Working_Memory_MEG_P6_LR_Salient_DoChange_CuedRetrieval_retrieval_patch_orientation_039_retrieval_position_1	5821406	0	1	30089	2	0	29920
JH56CNU	415	Response	20	5830834	9428	4
JH56CNU	416	Picture	ITI	5851662	0	2	20060	3	0	19920
JH56CNU	417	Picture	CueingCross	5871889	0	1	3009	2	0	2920
JH56CNU	418	Picture	PrepTime	5875065	0	1	3009	2	0	2920
JH56CNU	419	Picture	2_70_Encoding_Working_Memory_MEG_P6_LR_Salient_DoChange_UncuedRetriev_300_300_399_1850_3000_2150_gabor_patch_orientation_112_031_157_173_target_position_2_3_retrieval_position_1	5878241	0	1	1337	2	0	1250
JH56CNU	419	Picture	Flicker2	5879578	1337	1	1337	3	1250	1250
JH56CNU	419	Picture	Flicker3	5880915	2674	2	1338	3	2500	1250
JH56CNU	420	Picture	Delay	5882420	0	1	18555	2	0	18420
JH56CNU	421	Picture	2_70_Retrieval_Working_Memory_MEG_P6_LR_Salient_DoChange_UncuedRetriev_retrieval_patch_orientation_067_retrieval_position_1	5901142	0	1	30089	2	0	29920
JH56CNU	421	Response	20	5918402	17260	3
JH56CNU	422	Picture	ITI	5931398	0	1	21564	2	0	21420
JH56CNU	423	Picture	BaselinePost	5953129	0	1	50148	2	0	50000
