Scenario - ATWM1_Working_Memory_MEG_nonsalient_cued_instruction
Logfile written - 02/08/2016 17:27:11

Subject	Trial	Event Type	Code	Time	TTime	Uncertainty	Duration	Uncertainty	ReqTime	ReqDur

LG82ZTE	1	Picture	Instruction_NS_C	162	0	1	100129	2	0	100000
LG82ZTE	2	Picture	Instruction2	100457	0	2	100129	3	0	100000
LG82ZTE	3	Picture	Instruction3	200753	0	1	110958	2	0	resp
LG82ZTE	3	Response	10	311531	110778	4
LG82ZTE	4	Picture	Instruction4	331703	0	1	9996	3	0	resp
LG82ZTE	4	Response	20	341670	9967	4
LG82ZTE	5	Picture	Instruction5	361692	0	1	14828	2	0	resp
LG82ZTE	5	Response	10	376430	14738	3
LG82ZTE	6	Picture	Instruction4	396512	0	1	111124	3	0	resp
LG82ZTE	6	Response	20	507617	111105	3
LG82ZTE	7	Picture	Instruction3	527796	0	1	91631	3	0	resp
LG82ZTE	7	Response	10	619315	91519	3
LG82ZTE	8	Picture	Instruction4	639420	0	1	7997	2	0	resp
LG82ZTE	8	Response	20	647314	7894	3
LG82ZTE	9	Picture	Instruction_NS_C_TestTrials	667409	0	1	100129	2	0	100000
LG82ZTE	10	Picture	BaselinePre	767705	0	1	20159	2	0	20000
LG82ZTE	11	Picture	CueingCross	788030	0	2	2999	3	0	2920
LG82ZTE	12	Picture	PrepTime	791196	0	1	2999	2	0	2920
LG82ZTE	13	Picture	1_1_Encoding_Working_Memory_MEG_P2_LR_Nonsalient_NoChange_CuedRetrieval_300_300_399_1750_3000_1900_gabor_patch_orientation_077_048_006_111_target_position_1_3_retrieval_position_1	794361	0	1	1333	2	0	1250
LG82ZTE	13	Picture	Flicker2	795694	1333	1	1333	2	1250	1250
LG82ZTE	13	Picture	Flicker3	797027	2666	1	1333	2	2500	1250
LG82ZTE	14	Picture	Delay	798526	0	2	17494	3	0	17420
LG82ZTE	15	Picture	1_1_Retrieval_Working_Memory_MEG_P2_LR_Nonsalient_NoChange_CuedRetrieval_retrieval_patch_orientation_077_retrieval_position_1	816186	0	1	29989	2	0	29920
LG82ZTE	15	Response	10	823930	7744	4
LG82ZTE	16	Picture	ITI	866334	0	1	18993	2	0	18920
LG82ZTE	17	Picture	CueingCross	885493	0	2	2999	3	0	2920
LG82ZTE	18	Picture	PrepTime	888659	0	1	2999	2	0	2920
LG82ZTE	19	Picture	1_2_Encoding_Working_Memory_MEG_P2_LR_Nonsalient_DoChange_CuedRetrieval_300_300_399_1850_3000_1950_gabor_patch_orientation_020_039_090_150_target_position_1_2_retrieval_position_2	891824	0	1	1333	2	0	1250
LG82ZTE	19	Picture	Flicker2	893157	1333	1	1333	2	1250	1250
LG82ZTE	19	Picture	Flicker3	894490	2666	1	1333	2	2500	1250
LG82ZTE	20	Picture	Delay	895989	0	2	18493	3	0	18420
LG82ZTE	21	Picture	1_2_Retrieval_Working_Memory_MEG_P2_LR_Nonsalient_DoChange_CuedRetrieval_retrieval_patch_orientation_179_retrieval_position_2	914649	0	1	29989	2	0	29920
LG82ZTE	21	Response	20	923448	8799	4
LG82ZTE	22	Picture	ITI	964797	0	1	19492	2	0	19420
LG82ZTE	23	Picture	CueingCross	984456	0	1	2999	2	0	2920
LG82ZTE	24	Picture	PrepTime	987621	0	2	2999	3	0	2920
LG82ZTE	25	Picture	1_3_Encoding_Working_Memory_MEG_P2_LR_Nonsalient_NoChange_CuedRetrieval_300_300_399_1900_3000_2000_gabor_patch_orientation_043_021_133_164_target_position_3_4_retrieval_position_3	990787	0	1	1333	2	0	1250
LG82ZTE	25	Picture	Flicker2	992120	1333	1	1332	3	1250	1250
LG82ZTE	25	Picture	Flicker3	993452	2665	2	1333	3	2500	1250
LG82ZTE	26	Picture	Delay	994952	0	1	18993	2	0	18920
LG82ZTE	27	Picture	1_3_Retrieval_Working_Memory_MEG_P2_LR_Nonsalient_NoChange_CuedRetrieval_retrieval_patch_orientation_133_retrieval_position_3	1014111	0	2	29989	3	0	29920
LG82ZTE	27	Response	10	1022996	8885	4
LG82ZTE	28	Picture	ITI	1064259	0	1	19992	2	0	19920
LG82ZTE	29	Picture	CueingCross	1084418	0	1	2999	2	0	2920
LG82ZTE	30	Picture	PrepTime	1087583	0	2	2999	3	0	2920
LG82ZTE	31	Picture	1_4_Encoding_Working_Memory_MEG_P2_LR_Nonsalient_DoChange_CuedRetrieval_300_300_399_1800_3000_2050_gabor_patch_orientation_047_107_024_171_target_position_1_2_retrieval_position_2	1090748	0	2	1334	3	0	1250
LG82ZTE	31	Picture	Flicker2	1092082	1334	1	1333	2	1250	1250
LG82ZTE	31	Picture	Flicker3	1093415	2667	1	1332	2	2500	1250
LG82ZTE	32	Picture	Delay	1094914	0	1	17993	2	0	17920
LG82ZTE	33	Picture	1_4_Retrieval_Working_Memory_MEG_P2_LR_Nonsalient_DoChange_CuedRetrieval_retrieval_patch_orientation_155_retrieval_position_2	1113074	0	1	29988	2	0	29920
LG82ZTE	33	Response	20	1120864	7790	4
LG82ZTE	34	Picture	ITI	1163221	0	2	20493	3	0	20420
LG82ZTE	35	Picture	BaselinePost	1183880	0	2	20159	3	0	20000
LG82ZTE	36	Picture	Instruction_NS_C	1204206	0	1	84007	2	0	3000000
LG82ZTE	36	Quit		1280270	76064	
