Scenario - ATWM1_Working_Memory_MEG_salient_uncued_instruction
Logfile written - 02/08/2016 17:09:47

Subject	Trial	Event Type	Code	Time	TTime	Uncertainty	Duration	Uncertainty	ReqTime	ReqDur

LG82ZTE	1	Picture	Instruction_S_UC	162	0	1	100129	2	0	100000
LG82ZTE	2	Picture	Instruction2	100457	0	2	100129	3	0	100000
LG82ZTE	3	Picture	Instruction3	200752	0	3	18994	4	0	resp
LG82ZTE	3	Response	10	219672	18920	3
LG82ZTE	4	Picture	Instruction4	239738	0	1	7331	2	0	resp
LG82ZTE	4	Response	20	246921	7183	4
LG82ZTE	5	Picture	Instruction5	267061	0	1	6497	3	0	resp
LG82ZTE	5	Response	10	273441	6380	3
LG82ZTE	6	Picture	Instruction4	293551	0	1	3832	2	0	resp
LG82ZTE	6	Response	20	297210	3659	4
LG82ZTE	7	Picture	Instruction3	317375	0	1	10829	3	0	resp
LG82ZTE	7	Response	10	328100	10725	3
LG82ZTE	8	Picture	Instruction4	348197	0	1	6997	2	0	resp
LG82ZTE	8	Response	20	355059	6862	4
LG82ZTE	9	Picture	Instruction_S_UC_TestTrials	375187	0	1	100128	3	0	100000
LG82ZTE	10	Picture	BaselinePre	475482	0	1	20159	2	0	20000
LG82ZTE	11	Picture	CueingCross	495808	0	1	2999	2	0	2920
LG82ZTE	12	Picture	PrepTime	498973	0	1	2999	2	0	2920
LG82ZTE	13	Picture	1_1_Encoding_Working_Memory_MEG_P2_LR_Salient_DoChange_CuedRetrieval_300_300_399_1900_3000_2050_gabor_patch_orientation_067_151_174_042_target_position_1_2_retrieval_position_1	502139	0	1	1332	3	0	1250
LG82ZTE	13	Picture	Flicker2	503471	1332	2	1333	3	1250	1250
LG82ZTE	13	Picture	Flicker3	504804	2665	1	1333	2	2500	1250
LG82ZTE	14	Picture	Delay	506304	0	1	18993	2	0	18920
LG82ZTE	15	Picture	1_1_Retrieval_Working_Memory_MEG_P2_LR_Salient_DoChange_CuedRetrieval_retrieval_patch_orientation_021_retrieval_position_1	525463	0	1	29989	2	0	29920
LG82ZTE	15	Response	20	543425	17962	4
LG82ZTE	16	Picture	ITI	575611	0	1	20492	2	0	20420
LG82ZTE	17	Picture	CueingCross	596270	0	1	2999	2	0	2920
LG82ZTE	18	Picture	PrepTime	599435	0	1	2999	2	0	2920
LG82ZTE	19	Picture	1_2_Encoding_Working_Memory_MEG_P2_LR_Salient_DoChange_CuedRetrieval_300_300_399_1800_3000_2000_gabor_patch_orientation_091_018_137_072_target_position_3_4_retrieval_position_3	602601	0	1	1332	3	0	1250
LG82ZTE	19	Picture	Flicker2	603933	1332	2	1333	3	1250	1250
LG82ZTE	19	Picture	Flicker3	605266	2665	1	1333	2	2500	1250
LG82ZTE	20	Picture	Delay	606766	0	1	17993	2	0	17920
LG82ZTE	21	Picture	1_2_Retrieval_Working_Memory_MEG_P2_LR_Salient_DoChange_CuedRetrieval_retrieval_patch_orientation_001_retrieval_position_3	624925	0	2	29989	3	0	29920
LG82ZTE	21	Response	20	634673	9748	4
LG82ZTE	22	Picture	ITI	675073	0	1	19993	2	0	19920
LG82ZTE	23	Picture	CueingCross	695232	0	1	2999	2	0	2920
LG82ZTE	24	Picture	PrepTime	698398	0	1	2999	2	0	2920
LG82ZTE	25	Picture	1_3_Encoding_Working_Memory_MEG_P2_LR_Salient_NoChange_CuedRetrieval_300_300_399_1750_3000_1950_gabor_patch_orientation_098_042_062_015_target_position_1_2_retrieval_position_2	701563	0	1	1333	2	0	1250
LG82ZTE	25	Picture	Flicker2	702896	1333	1	1333	2	1250	1250
LG82ZTE	25	Picture	Flicker3	704229	2666	1	1333	2	2500	1250
LG82ZTE	26	Picture	Delay	705728	0	1	17494	2	0	17420
LG82ZTE	27	Picture	1_3_Retrieval_Working_Memory_MEG_P2_LR_Salient_NoChange_CuedRetrieval_retrieval_patch_orientation_042_retrieval_position_2	723388	0	1	29989	2	0	29920
LG82ZTE	27	Response	10	731351	7963	4
LG82ZTE	28	Picture	ITI	773536	0	1	19492	3	0	19420
LG82ZTE	29	Picture	CueingCross	793195	0	1	2999	2	0	2920
LG82ZTE	30	Picture	PrepTime	796361	0	1	2998	2	0	2920
LG82ZTE	31	Picture	1_4_Encoding_Working_Memory_MEG_P2_LR_Salient_NoChange_CuedRetrieval_300_300_399_1850_3000_1900_gabor_patch_orientation_099_071_016_135_target_position_3_4_retrieval_position_4	799526	0	1	1333	2	0	1250
LG82ZTE	31	Picture	Flicker2	800859	1333	1	1333	2	1250	1250
LG82ZTE	31	Picture	Flicker3	802192	2666	1	1332	3	2500	1250
LG82ZTE	32	Picture	Delay	803691	0	1	18493	2	0	18420
LG82ZTE	33	Picture	1_4_Retrieval_Working_Memory_MEG_P2_LR_Salient_NoChange_CuedRetrieval_retrieval_patch_orientation_135_retrieval_position_4	822351	0	1	29988	2	0	29920
LG82ZTE	33	Response	10	834329	11978	4
LG82ZTE	34	Picture	ITI	872498	0	2	18993	3	0	18920
LG82ZTE	35	Picture	BaselinePost	891658	0	1	20159	2	0	20000
LG82ZTE	36	Picture	Instruction_S_UC	911983	0	2	187411	3	0	3000000
LG82ZTE	36	Quit		1092152	180169	
