Scenario - ATWM1_Working_Memory_MEG_nonsalient_uncued_instruction
Logfile written - 02/09/2016 18:11:53

Subject	Trial	Event Type	Code	Time	TTime	Uncertainty	Duration	Uncertainty	ReqTime	ReqDur

HK61CTP	1	Picture	Instruction_NS_UC	29	0	1	100129	2	0	100000
HK61CTP	2	Picture	Instruction2	100325	0	1	100129	3	0	100000
HK61CTP	3	Picture	Instruction3	200622	0	1	27581	2	0	resp
HK61CTP	3	Response	10	228021	27399	4
HK61CTP	4	Picture	Instruction4	248095	0	1	7188	2	0	resp
HK61CTP	4	Response	20	255100	7005	4
HK61CTP	5	Picture	Instruction5	275175	0	1	3678	2	0	resp
HK61CTP	5	Response	10	278789	3614	5
HK61CTP	6	Picture	Instruction4	298912	0	1	3009	2	0	resp
HK61CTP	6	Response	20	301839	2927	3
HK61CTP	7	Picture	Instruction3	321980	0	1	3678	2	0	resp
HK61CTP	7	Response	10	325538	3558	4
HK61CTP	8	Picture	Instruction4	345717	0	1	3343	2	0	resp
HK61CTP	8	Response	20	348927	3210	4
HK61CTP	9	Picture	Instruction_NS_UC_TestTrials	368952	0	1	100129	2	0	100000
HK61CTP	10	Picture	BaselinePre	469248	0	2	20060	3	0	20000
HK61CTP	11	Picture	CueingCross	489475	0	1	3009	2	0	2920
HK61CTP	12	Picture	PrepTime	492651	0	1	3009	2	0	2920
HK61CTP	13	Picture	1_1_Encoding_Working_Memory_MEG_P3_LR_Nonsalient_NoChange_CuedRetrieval_300_300_399_1750_3000_1950_gabor_patch_orientation_163_129_001_073_target_position_3_4_retrieval_position_4	495827	0	1	1337	2	0	1250
HK61CTP	13	Picture	Flicker2	497164	1337	1	1338	2	1250	1250
HK61CTP	13	Picture	Flicker3	498502	2675	1	1337	2	2500	1250
HK61CTP	14	Picture	Delay	500006	0	1	17552	2	0	17420
HK61CTP	15	Picture	1_1_Retrieval_Working_Memory_MEG_P3_LR_Nonsalient_NoChange_CuedRetrieval_retrieval_patch_orientation_073_retrieval_position_4	517725	0	1	30089	2	0	29920
HK61CTP	15	Response	10	539471	21746	4
HK61CTP	16	Picture	ITI	567873	0	1	19558	2	0	19420
HK61CTP	17	Picture	CueingCross	587598	0	1	3009	2	0	2920
HK61CTP	18	Picture	PrepTime	590774	0	1	3009	2	0	2920
HK61CTP	19	Picture	1_2_Encoding_Working_Memory_MEG_P3_LR_Nonsalient_NoChange_CuedRetrieval_300_300_399_1850_3000_2000_gabor_patch_orientation_178_114_138_061_target_position_2_3_retrieval_position_3	593950	0	1	1337	3	0	1250
HK61CTP	19	Picture	Flicker2	595287	1337	2	1338	3	1250	1250
HK61CTP	19	Picture	Flicker3	596625	2675	1	1337	2	2500	1250
HK61CTP	20	Picture	Delay	598129	0	1	18555	2	0	18420
HK61CTP	21	Picture	1_2_Retrieval_Working_Memory_MEG_P3_LR_Nonsalient_NoChange_CuedRetrieval_retrieval_patch_orientation_138_retrieval_position_3	616851	0	1	30089	2	0	29920
HK61CTP	21	Response	10	630569	13718	3
HK61CTP	22	Picture	ITI	666999	0	2	20060	3	0	19920
HK61CTP	23	Picture	CueingCross	687226	0	1	3009	3	0	2920
HK61CTP	24	Picture	PrepTime	690402	0	1	3009	2	0	2920
HK61CTP	25	Picture	1_3_Encoding_Working_Memory_MEG_P3_LR_Nonsalient_DoChange_CuedRetrieval_300_300_399_1800_3000_2050_gabor_patch_orientation_173_143_053_106_target_position_1_4_retrieval_position_1	693578	0	1	1337	2	0	1250
HK61CTP	25	Picture	Flicker2	694915	1337	1	1337	3	1250	1250
HK61CTP	25	Picture	Flicker3	696252	2674	2	1338	3	2500	1250
HK61CTP	26	Picture	Delay	697757	0	1	18053	2	0	17920
HK61CTP	27	Picture	1_3_Retrieval_Working_Memory_MEG_P3_LR_Nonsalient_DoChange_CuedRetrieval_retrieval_patch_orientation_033_retrieval_position_1	715977	0	2	30089	3	0	29920
HK61CTP	27	Response	20	728406	12429	3
HK61CTP	28	Picture	ITI	766125	0	2	20561	3	0	20420
HK61CTP	29	Picture	CueingCross	786853	0	2	3009	3	0	2920
HK61CTP	30	Picture	PrepTime	790029	0	2	3009	3	0	2920
HK61CTP	31	Picture	1_4_Encoding_Working_Memory_MEG_P3_LR_Nonsalient_DoChange_CuedRetrieval_300_300_399_1900_3000_1900_gabor_patch_orientation_151_133_073_102_target_position_1_4_retrieval_position_1	793205	0	2	1338	3	0	1250
HK61CTP	31	Picture	Flicker2	794543	1338	1	1337	2	1250	1250
HK61CTP	31	Picture	Flicker3	795880	2675	1	1337	2	2500	1250
HK61CTP	32	Picture	Delay	797385	0	1	19056	2	0	18920
HK61CTP	33	Picture	1_4_Retrieval_Working_Memory_MEG_P3_LR_Nonsalient_DoChange_CuedRetrieval_retrieval_patch_orientation_014_retrieval_position_1	816608	0	1	30089	2	0	29920
HK61CTP	33	Response	20	834342	17734	4
HK61CTP	34	Picture	ITI	866756	0	1	19056	3	0	18920
HK61CTP	35	Picture	BaselinePost	885980	0	1	20059	2	0	20000
HK61CTP	36	Picture	Instruction_NS_UC	906206	0	1	50148	2	0	50000
