Scenario - ATWM1_Working_Memory_MEG_nonsalient_cued_instruction
Logfile written - 02/10/2016 16:46:47

Subject	Trial	Event Type	Code	Time	TTime	Uncertainty	Duration	Uncertainty	ReqTime	ReqDur

MG36HRX	1	Picture	Instruction_NS_C	29	0	1	100131	2	0	100000
MG36HRX	2	Picture	Instruction2	100327	0	1	100131	2	0	100000
MG36HRX	3	Picture	Instruction3	200625	0	2	10532	3	0	resp
MG36HRX	3	Response	10	211090	10465	4
MG36HRX	4	Picture	Instruction4	231216	0	1	4848	2	0	resp
MG36HRX	4	Response	20	236040	4824	4
MG36HRX	5	Picture	Instruction5	256124	0	1	3176	2	0	resp
MG36HRX	5	Response	10	259209	3085	5
MG36HRX	6	Picture	Instruction4	279359	0	2	2508	3	0	resp
MG36HRX	6	Response	20	281800	2441	3
MG36HRX	7	Picture	Instruction3	301927	0	1	3009	2	0	resp
MG36HRX	7	Response	10	304879	2952	4
MG36HRX	8	Picture	Instruction4	324995	0	1	4012	2	0	resp
MG36HRX	8	Response	20	328939	3944	4
MG36HRX	9	Picture	Instruction_NS_C_TestTrials	349067	0	1	100131	2	0	100000
MG36HRX	10	Picture	BaselinePre	449365	0	1	20059	3	0	20000
MG36HRX	11	Picture	CueingCross	469592	0	1	3009	2	0	2920
MG36HRX	12	Picture	PrepTime	472768	0	1	3009	2	0	2920
MG36HRX	13	Picture	1_1_Encoding_Working_Memory_MEG_P4_LR_Nonsalient_DoChange_CuedRetrieval_300_300_399_1850_3000_1900_gabor_patch_orientation_126_097_178_068_target_position_2_3_retrieval_position_2	475944	0	1	1337	2	0	1250
MG36HRX	13	Picture	Flicker2	477281	1337	1	1337	3	1250	1250
MG36HRX	13	Picture	Flicker3	478618	2674	2	1338	3	2500	1250
MG36HRX	14	Picture	Delay	480123	0	1	18555	2	0	18420
MG36HRX	15	Picture	1_1_Retrieval_Working_Memory_MEG_P4_LR_Nonsalient_DoChange_CuedRetrieval_retrieval_patch_orientation_051_retrieval_position_2	498845	0	2	30090	3	0	29920
MG36HRX	15	Response	20	508317	9472	4
MG36HRX	16	Picture	ITI	548994	0	2	19057	3	0	18920
MG36HRX	17	Picture	CueingCross	568218	0	1	3009	2	0	2920
MG36HRX	18	Picture	PrepTime	571394	0	1	3009	3	0	2920
MG36HRX	19	Picture	1_2_Encoding_Working_Memory_MEG_P4_LR_Nonsalient_NoChange_CuedRetrieval_300_300_399_1900_3000_2000_gabor_patch_orientation_051_006_180_026_target_position_1_2_retrieval_position_1	574570	0	2	1338	3	0	1250
MG36HRX	19	Picture	Flicker2	575908	1338	1	1337	2	1250	1250
MG36HRX	19	Picture	Flicker3	577245	2675	1	1337	2	2500	1250
MG36HRX	20	Picture	Delay	578749	0	2	19057	3	0	18920
MG36HRX	21	Picture	1_2_Retrieval_Working_Memory_MEG_P4_LR_Nonsalient_NoChange_CuedRetrieval_retrieval_patch_orientation_051_retrieval_position_1	597973	0	2	30090	3	0	29920
MG36HRX	21	Response	10	609546	11573	4
MG36HRX	22	Picture	ITI	648122	0	2	20060	3	0	19920
MG36HRX	23	Picture	CueingCross	668349	0	1	3009	2	0	2920
MG36HRX	24	Picture	PrepTime	671525	0	2	3009	3	0	2920
MG36HRX	25	Picture	1_3_Encoding_Working_Memory_MEG_P4_LR_Nonsalient_DoChange_CuedRetrieval_300_300_399_1750_3000_2050_gabor_patch_orientation_036_173_108_088_target_position_2_4_retrieval_position_2	674701	0	2	1338	3	0	1250
MG36HRX	25	Picture	Flicker2	676039	1338	1	1337	2	1250	1250
MG36HRX	25	Picture	Flicker3	677376	2675	1	1337	2	2500	1250
MG36HRX	26	Picture	Delay	678880	0	2	17553	3	0	17420
MG36HRX	27	Picture	1_3_Retrieval_Working_Memory_MEG_P4_LR_Nonsalient_DoChange_CuedRetrieval_retrieval_patch_orientation_124_retrieval_position_2	696600	0	1	30089	2	0	29920
MG36HRX	27	Response	20	706375	9775	4
MG36HRX	28	Picture	ITI	746749	0	1	20561	2	0	20420
MG36HRX	29	Picture	CueingCross	767477	0	1	3009	2	0	2920
MG36HRX	30	Picture	PrepTime	770653	0	1	3009	2	0	2920
MG36HRX	31	Picture	1_4_Encoding_Working_Memory_MEG_P4_LR_Nonsalient_NoChange_CuedRetrieval_300_300_399_1800_3000_1950_gabor_patch_orientation_029_134_167_092_target_position_3_4_retrieval_position_3	773829	0	2	1338	3	0	1250
MG36HRX	31	Picture	Flicker2	775167	1338	1	1337	2	1250	1250
MG36HRX	31	Picture	Flicker3	776504	2675	1	1337	2	2500	1250
MG36HRX	32	Picture	Delay	778008	0	2	18054	3	0	17920
MG36HRX	33	Picture	1_4_Retrieval_Working_Memory_MEG_P4_LR_Nonsalient_NoChange_CuedRetrieval_retrieval_patch_orientation_167_retrieval_position_3	796229	0	2	30090	3	0	29920
MG36HRX	33	Response	10	808304	12075	4
MG36HRX	34	Picture	ITI	846378	0	2	19558	4	0	19420
MG36HRX	35	Picture	BaselinePost	866104	0	1	20059	2	0	20000
MG36HRX	36	Picture	Instruction_NS_C	886330	0	2	50150	3	0	50000
