Scenario - ATWM1_Working_Memory_MEG_salient_cued_run2
Logfile written - 02/18/2016 17:27:09

Subject	Trial	Event Type	Code	Time	TTime	Uncertainty	Duration	Uncertainty	ReqTime	ReqDur

AV98LHJ	1	Picture	ExpStart	29	0	1	10030	2	0	10000
AV98LHJ	2	Picture	BaselinePre	10226	0	1	100131	2	0	100000
AV98LHJ	3	Picture	CueingCross	110524	0	1	3009	2	0	2920
AV98LHJ	4	Picture	PrepTime	113700	0	1	3009	2	0	2920
AV98LHJ	5	Picture	2_1_Encoding_Working_Memory_MEG_P5_LR_Nonsalient_NoChange_CuedRetrieval_300_300_399_1800_3000_2300_gabor_patch_orientation_171_058_144_033_target_position_2_3_retrieval_position_3	116876	0	1	1337	3	0	1250
AV98LHJ	5	Picture	Flicker2	118213	1337	2	1338	3	1250	1250
AV98LHJ	5	Picture	Flicker3	119551	2675	1	1337	2	2500	1250
AV98LHJ	6	Picture	Delay	121055	0	1	18054	2	0	17920
AV98LHJ	7	Picture	2_1_Retrieval_Working_Memory_MEG_P5_LR_Nonsalient_NoChange_CuedRetrieval_retrieval_patch_orientation_144_retrieval_position_3	139276	0	1	30089	2	0	29920
AV98LHJ	7	Response	10	155896	16620	4
AV98LHJ	8	Picture	ITI	169532	0	2	23069	3	0	22920
AV98LHJ	9	Picture	CueingCross	192768	0	1	3009	2	0	2920
AV98LHJ	10	Picture	PrepTime	195944	0	1	3009	2	0	2920
AV98LHJ	11	Picture	2_2_Encoding_Working_Memory_MEG_P5_LR_Nonsalient_DoChange_CuedRetrieval_300_300_399_1750_3000_1900_gabor_patch_orientation_176_131_065_093_target_position_3_4_retrieval_position_4	199120	0	2	1338	3	0	1250
AV98LHJ	11	Picture	Flicker2	200458	1338	1	1337	2	1250	1250
AV98LHJ	11	Picture	Flicker3	201795	2675	1	1337	2	2500	1250
AV98LHJ	12	Picture	Delay	203299	0	2	17553	3	0	17420
AV98LHJ	13	Picture	2_2_Retrieval_Working_Memory_MEG_P5_LR_Nonsalient_DoChange_CuedRetrieval_retrieval_patch_orientation_045_retrieval_position_4	221019	0	1	30089	2	0	29920
AV98LHJ	13	Response	20	233155	12136	4
AV98LHJ	14	Picture	ITI	251275	0	1	19057	2	0	18920
AV98LHJ	15	Picture	CueingCross	270499	0	1	3009	2	0	2920
AV98LHJ	16	Picture	PrepTime	273675	0	1	3009	2	0	2920
AV98LHJ	17	Picture	2_3_Encoding_Working_Memory_MEG_P5_LR_Nonsalient_NoChange_CuedRetrieval_300_300_399_1900_3000_2200_gabor_patch_orientation_006_058_120_096_target_position_1_2_retrieval_position_1	276851	0	1	1337	3	0	1250
AV98LHJ	17	Picture	Flicker2	278188	1337	2	1338	3	1250	1250
AV98LHJ	17	Picture	Flicker3	279526	2675	1	1337	2	2500	1250
AV98LHJ	18	Picture	Delay	281030	0	1	19057	2	0	18920
AV98LHJ	19	Picture	2_3_Retrieval_Working_Memory_MEG_P5_LR_Nonsalient_NoChange_CuedRetrieval_retrieval_patch_orientation_006_retrieval_position_1	300254	0	1	30089	2	0	29920
AV98LHJ	19	Response	20	318844	18590	4
AV98LHJ	20	Picture	ITI	330511	0	1	22065	2	0	21920
AV98LHJ	21	Picture	CueingCross	352743	0	1	3009	2	0	2920
AV98LHJ	22	Picture	PrepTime	355919	0	2	3009	3	0	2920
AV98LHJ	23	Picture	2_4_Encoding_Working_Memory_MEG_P5_LR_Nonsalient_DoChange_CuedRetrieval_300_300_399_1800_3000_2550_gabor_patch_orientation_176_001_024_160_target_position_1_2_retrieval_position_2	359095	0	2	1338	3	0	1250
AV98LHJ	23	Picture	Flicker2	360433	1338	1	1337	2	1250	1250
AV98LHJ	23	Picture	Flicker3	361770	2675	1	1337	2	2500	1250
AV98LHJ	24	Picture	Delay	363274	0	2	18054	3	0	17920
AV98LHJ	25	Picture	2_4_Retrieval_Working_Memory_MEG_P5_LR_Nonsalient_DoChange_CuedRetrieval_retrieval_patch_orientation_141_retrieval_position_2	381495	0	1	30090	2	0	29920
AV98LHJ	25	Response	20	390423	8928	4
AV98LHJ	26	Picture	ITI	411751	0	2	25577	3	0	25420
AV98LHJ	27	Picture	CueingCross	437495	0	1	3009	2	0	2920
AV98LHJ	28	Picture	PrepTime	440671	0	1	3009	2	0	2920
AV98LHJ	29	Picture	2_5_Encoding_Working_Memory_MEG_P5_LR_Nonsalient_NoChange_CuedRetrieval_300_300_399_2150_3000_1950_gabor_patch_orientation_180_060_096_030_target_position_1_3_retrieval_position_3	443847	0	1	1337	2	0	1250
AV98LHJ	29	Picture	Flicker2	445184	1337	1	1338	2	1250	1250
AV98LHJ	29	Picture	Flicker3	446522	2675	1	1337	2	2500	1250
AV98LHJ	30	Picture	Delay	448026	0	1	21564	2	0	21420
AV98LHJ	31	Picture	2_5_Retrieval_Working_Memory_MEG_P5_LR_Nonsalient_NoChange_CuedRetrieval_retrieval_patch_orientation_096_retrieval_position_3	469757	0	2	30089	4	0	29920
AV98LHJ	31	Response	20	480692	10935	3
AV98LHJ	32	Picture	ITI	500014	0	1	19558	2	0	19420
AV98LHJ	33	Picture	CueingCross	519739	0	1	3009	2	0	2920
AV98LHJ	34	Picture	PrepTime	522915	0	1	3009	2	0	2920
AV98LHJ	35	Picture	2_6_Encoding_Working_Memory_MEG_P5_LR_Nonsalient_NoChange_CuedRetrieval_300_300_399_2000_3000_1950_gabor_patch_orientation_058_040_168_004_target_position_1_3_retrieval_position_3	526091	0	2	1338	3	0	1250
AV98LHJ	35	Picture	Flicker2	527429	1338	1	1337	2	1250	1250
AV98LHJ	35	Picture	Flicker3	528766	2675	1	1337	2	2500	1250
AV98LHJ	36	Picture	Delay	530270	0	2	20060	3	0	19920
AV98LHJ	37	Picture	2_6_Retrieval_Working_Memory_MEG_P5_LR_Nonsalient_NoChange_CuedRetrieval_retrieval_patch_orientation_168_retrieval_position_3	550497	0	1	30089	3	0	29920
AV98LHJ	37	Response	20	573151	22654	3
AV98LHJ	38	Picture	ITI	580754	0	1	19558	2	0	19420
AV98LHJ	39	Picture	CueingCross	600479	0	1	3009	2	0	2920
AV98LHJ	40	Picture	PrepTime	603655	0	1	3009	2	0	2920
AV98LHJ	41	Picture	2_7_Encoding_Working_Memory_MEG_P5_LR_Nonsalient_NoChange_CuedRetrieval_300_300_399_2150_3000_2500_gabor_patch_orientation_036_096_009_115_target_position_2_3_retrieval_position_2	606831	0	1	1337	2	0	1250
AV98LHJ	41	Picture	Flicker2	608168	1337	1	1338	2	1250	1250
AV98LHJ	41	Picture	Flicker3	609506	2675	1	1337	2	2500	1250
AV98LHJ	42	Picture	Delay	611010	0	1	21564	2	0	21420
AV98LHJ	43	Picture	2_7_Retrieval_Working_Memory_MEG_P5_LR_Nonsalient_NoChange_CuedRetrieval_retrieval_patch_orientation_096_retrieval_position_2	632741	0	2	30090	3	0	29920
AV98LHJ	43	Response	20	655039	22298	4
AV98LHJ	44	Picture	ITI	662998	0	2	25074	3	0	24920
AV98LHJ	45	Picture	CueingCross	688239	0	2	3009	4	0	2920
AV98LHJ	46	Picture	PrepTime	691416	0	1	3008	3	0	2920
AV98LHJ	47	Picture	2_8_Encoding_Working_Memory_MEG_P5_LR_Nonsalient_DoChange_UncuedRetriev_300_300_399_2250_3000_2250_gabor_patch_orientation_058_145_035_019_target_position_2_4_retrieval_position_1	694592	0	1	1337	2	0	1250
AV98LHJ	47	Picture	Flicker2	695929	1337	1	1337	2	1250	1250
AV98LHJ	47	Picture	Flicker3	697266	2674	1	1338	2	2500	1250
AV98LHJ	48	Picture	Delay	698771	0	1	22567	2	0	22420
AV98LHJ	49	Picture	2_8_Retrieval_Working_Memory_MEG_P5_LR_Nonsalient_DoChange_UncuedRetriev_retrieval_patch_orientation_103_retrieval_position_1	721505	0	1	30089	2	0	29920
AV98LHJ	49	Response	20	736558	15053	4
AV98LHJ	50	Picture	ITI	751761	0	2	22567	4	0	22420
AV98LHJ	51	Picture	CueingCross	774496	0	1	3009	2	0	2920
AV98LHJ	52	Picture	PrepTime	777672	0	1	3009	2	0	2920
AV98LHJ	53	Picture	2_9_Encoding_Working_Memory_MEG_P5_LR_Nonsalient_DoChange_CuedRetrieval_300_300_399_1850_3000_2250_gabor_patch_orientation_007_094_173_120_target_position_2_4_retrieval_position_2	780848	0	1	1337	2	0	1250
AV98LHJ	53	Picture	Flicker2	782185	1337	1	1337	2	1250	1250
AV98LHJ	53	Picture	Flicker3	783522	2674	1	1338	2	2500	1250
AV98LHJ	54	Picture	Delay	785027	0	1	18555	2	0	18420
AV98LHJ	55	Picture	2_9_Retrieval_Working_Memory_MEG_P5_LR_Nonsalient_DoChange_CuedRetrieval_retrieval_patch_orientation_049_retrieval_position_2	803749	0	1	30089	3	0	29920
AV98LHJ	55	Response	20	813007	9258	4
AV98LHJ	56	Picture	ITI	834006	0	1	22567	2	0	22420
AV98LHJ	57	Picture	CueingCross	856740	0	1	3009	2	0	2920
AV98LHJ	58	Picture	PrepTime	859916	0	1	3009	2	0	2920
AV98LHJ	59	Picture	2_10_Encoding_Working_Memory_MEG_P5_LR_Nonsalient_NoChange_CuedRetrieval_300_300_399_2100_3000_2150_gabor_patch_orientation_140_034_011_056_target_position_3_4_retrieval_position_4	863092	0	1	1337	2	0	1250
AV98LHJ	59	Picture	Flicker2	864429	1337	1	1338	2	1250	1250
AV98LHJ	59	Picture	Flicker3	865767	2675	1	1337	2	2500	1250
AV98LHJ	60	Picture	Delay	867271	0	1	21063	2	0	20920
AV98LHJ	61	Picture	2_10_Retrieval_Working_Memory_MEG_P5_LR_Nonsalient_NoChange_CuedRetrieval_retrieval_patch_orientation_056_retrieval_position_4	888501	0	1	30089	2	0	29920
AV98LHJ	61	Response	10	911056	22555	4
AV98LHJ	62	Picture	ITI	918757	0	2	21564	3	0	21420
AV98LHJ	63	Picture	CueingCross	940489	0	1	3008	3	0	2920
AV98LHJ	64	Picture	PrepTime	943665	0	1	3009	2	0	2920
AV98LHJ	65	Picture	2_11_Encoding_Working_Memory_MEG_P5_LR_Nonsalient_NoChange_CuedRetrieval_300_300_399_2000_3000_2200_gabor_patch_orientation_013_091_030_070_target_position_2_4_retrieval_position_2	946841	0	1	1337	2	0	1250
AV98LHJ	65	Picture	Flicker2	948178	1337	1	1337	2	1250	1250
AV98LHJ	65	Picture	Flicker3	949515	2674	1	1338	2	2500	1250
AV98LHJ	66	Picture	Delay	951020	0	1	20059	3	0	19920
AV98LHJ	67	Picture	2_11_Retrieval_Working_Memory_MEG_P5_LR_Nonsalient_NoChange_CuedRetrieval_retrieval_patch_orientation_091_retrieval_position_2	971247	0	1	30089	2	0	29920
AV98LHJ	67	Response	10	992035	20788	3
AV98LHJ	68	Picture	ITI	1001503	0	1	22066	2	0	21920
AV98LHJ	69	Picture	CueingCross	1023736	0	1	3009	2	0	2920
AV98LHJ	70	Picture	PrepTime	1026912	0	1	3009	2	0	2920
AV98LHJ	71	Picture	2_12_Encoding_Working_Memory_MEG_P5_LR_Nonsalient_NoChange_UncuedRetriev_300_300_399_2050_3000_2250_gabor_patch_orientation_129_076_145_161_target_position_1_3_retrieval_position_4	1030088	0	1	1337	2	0	1250
AV98LHJ	71	Picture	Flicker2	1031425	1337	1	1338	2	1250	1250
AV98LHJ	71	Picture	Flicker3	1032763	2675	1	1337	2	2500	1250
AV98LHJ	72	Picture	Delay	1034267	0	1	20561	2	0	20420
AV98LHJ	73	Picture	2_12_Retrieval_Working_Memory_MEG_P5_LR_Nonsalient_NoChange_UncuedRetriev_retrieval_patch_orientation_161_retrieval_position_4	1054995	0	1	30090	2	0	29920
AV98LHJ	73	Response	20	1065674	10679	3
AV98LHJ	74	Picture	ITI	1085252	0	1	22567	2	0	22420
AV98LHJ	75	Picture	CueingCross	1107986	0	1	3009	2	0	2920
AV98LHJ	76	Picture	PrepTime	1111162	0	1	3009	2	0	2920
AV98LHJ	77	Picture	2_13_Encoding_Working_Memory_MEG_P5_LR_Nonsalient_NoChange_CuedRetrieval_300_300_399_2200_3000_2000_gabor_patch_orientation_085_024_059_130_target_position_1_4_retrieval_position_4	1114338	0	1	1337	3	0	1250
AV98LHJ	77	Picture	Flicker2	1115675	1337	2	1338	3	1250	1250
AV98LHJ	77	Picture	Flicker3	1117013	2675	1	1337	2	2500	1250
AV98LHJ	78	Picture	Delay	1118517	0	1	22066	2	0	21920
AV98LHJ	79	Picture	2_13_Retrieval_Working_Memory_MEG_P5_LR_Nonsalient_NoChange_CuedRetrieval_retrieval_patch_orientation_130_retrieval_position_4	1140750	0	1	30089	2	0	29920
AV98LHJ	79	Response	10	1151992	11242	4
AV98LHJ	80	Picture	ITI	1171006	0	2	20060	3	0	19920
AV98LHJ	81	Picture	CueingCross	1191233	0	1	3009	2	0	2920
AV98LHJ	82	Picture	PrepTime	1194409	0	1	3009	2	0	2920
AV98LHJ	83	Picture	2_14_Encoding_Working_Memory_MEG_P5_LR_Nonsalient_DoChange_CuedRetrieval_300_300_399_1950_3000_2550_gabor_patch_orientation_165_044_132_114_target_position_1_3_retrieval_position_1	1197585	0	2	1338	3	0	1250
AV98LHJ	83	Picture	Flicker2	1198923	1338	1	1337	2	1250	1250
AV98LHJ	83	Picture	Flicker3	1200260	2675	1	1337	2	2500	1250
AV98LHJ	84	Picture	Delay	1201764	0	2	19558	4	0	19420
AV98LHJ	85	Picture	2_14_Retrieval_Working_Memory_MEG_P5_LR_Nonsalient_DoChange_CuedRetrieval_retrieval_patch_orientation_026_retrieval_position_1	1221490	0	1	30089	2	0	29920
AV98LHJ	85	Response	10	1236611	15121	4
AV98LHJ	85	Response	20	1239211	17721	3
AV98LHJ	85	Response	20	1242231	20741	3
AV98LHJ	86	Picture	ITI	1251746	0	1	25576	2	0	25420
AV98LHJ	87	Picture	CueingCross	1277489	0	1	3009	2	0	2920
AV98LHJ	88	Picture	PrepTime	1280665	0	2	3009	3	0	2920
AV98LHJ	89	Picture	2_15_Encoding_Working_Memory_MEG_P5_LR_Nonsalient_DoChange_CuedRetrieval_300_300_399_2000_3000_2250_gabor_patch_orientation_152_129_063_078_target_position_3_4_retrieval_position_3	1283841	0	2	1338	3	0	1250
AV98LHJ	89	Picture	Flicker2	1285179	1338	1	1337	2	1250	1250
AV98LHJ	89	Picture	Flicker3	1286516	2675	1	1337	2	2500	1250
AV98LHJ	90	Picture	Delay	1288021	0	1	20059	2	0	19920
AV98LHJ	91	Picture	2_15_Retrieval_Working_Memory_MEG_P5_LR_Nonsalient_DoChange_CuedRetrieval_retrieval_patch_orientation_015_retrieval_position_3	1308247	0	2	30090	3	0	29920
AV98LHJ	91	Response	20	1316330	8083	4
AV98LHJ	92	Picture	ITI	1338504	0	1	22567	2	0	22420
AV98LHJ	93	Picture	CueingCross	1361238	0	1	3009	2	0	2920
AV98LHJ	94	Picture	PrepTime	1364414	0	1	3009	2	0	2920
AV98LHJ	95	Picture	2_16_Encoding_Working_Memory_MEG_P5_LR_Nonsalient_NoChange_UncuedRetriev_300_300_399_1750_3000_2050_gabor_patch_orientation_087_120_056_105_target_position_2_3_retrieval_position_1	1367590	0	1	1337	3	0	1250
AV98LHJ	95	Picture	Flicker2	1368927	1337	2	1338	3	1250	1250
AV98LHJ	95	Picture	Flicker3	1370265	2675	1	1337	2	2500	1250
AV98LHJ	96	Picture	Delay	1371769	0	2	17552	3	0	17420
AV98LHJ	97	Picture	2_16_Retrieval_Working_Memory_MEG_P5_LR_Nonsalient_NoChange_UncuedRetriev_retrieval_patch_orientation_087_retrieval_position_1	1389489	0	1	30089	2	0	29920
AV98LHJ	97	Response	20	1402909	13420	3
AV98LHJ	98	Picture	ITI	1419745	0	1	20561	2	0	20420
AV98LHJ	99	Picture	CueingCross	1440473	0	2	3009	3	0	2920
AV98LHJ	100	Picture	PrepTime	1443649	0	2	3009	3	0	2920
AV98LHJ	101	Picture	2_17_Encoding_Working_Memory_MEG_P5_LR_Nonsalient_DoChange_CuedRetrieval_300_300_399_2050_3000_2100_gabor_patch_orientation_099_126_151_046_target_position_2_4_retrieval_position_2	1446825	0	2	1338	3	0	1250
AV98LHJ	101	Picture	Flicker2	1448163	1338	1	1337	2	1250	1250
AV98LHJ	101	Picture	Flicker3	1449500	2675	1	1337	2	2500	1250
AV98LHJ	102	Picture	Delay	1451005	0	1	20561	2	0	20420
AV98LHJ	103	Picture	2_17_Retrieval_Working_Memory_MEG_P5_LR_Nonsalient_DoChange_CuedRetrieval_retrieval_patch_orientation_078_retrieval_position_2	1471733	0	1	30089	2	0	29920
AV98LHJ	103	Response	20	1488218	16485	3
AV98LHJ	104	Picture	ITI	1501989	0	2	21063	3	0	20920
AV98LHJ	105	Picture	CueingCross	1523219	0	1	3009	2	0	2920
AV98LHJ	106	Picture	PrepTime	1526395	0	1	3009	2	0	2920
AV98LHJ	107	Picture	2_18_Encoding_Working_Memory_MEG_P5_LR_Nonsalient_NoChange_CuedRetrieval_300_300_399_2200_3000_2050_gabor_patch_orientation_131_104_063_042_target_position_1_2_retrieval_position_2	1529571	0	1	1337	3	0	1250
AV98LHJ	107	Picture	Flicker2	1530908	1337	2	1338	3	1250	1250
AV98LHJ	107	Picture	Flicker3	1532246	2675	1	1337	2	2500	1250
AV98LHJ	108	Picture	Delay	1533750	0	2	22066	3	0	21920
AV98LHJ	109	Picture	2_18_Retrieval_Working_Memory_MEG_P5_LR_Nonsalient_NoChange_CuedRetrieval_retrieval_patch_orientation_104_retrieval_position_2	1555983	0	1	30089	2	0	29920
AV98LHJ	109	Response	10	1579246	23263	4
AV98LHJ	110	Picture	ITI	1586239	0	2	20562	3	0	20420
AV98LHJ	111	Picture	CueingCross	1606968	0	1	3009	2	0	2920
AV98LHJ	112	Picture	PrepTime	1610144	0	1	3009	2	0	2920
AV98LHJ	113	Picture	2_19_Encoding_Working_Memory_MEG_P5_LR_Nonsalient_NoChange_UncuedRetriev_300_300_399_1950_3000_1900_gabor_patch_orientation_119_009_053_141_target_position_2_4_retrieval_position_3	1613320	0	1	1337	2	0	1250
AV98LHJ	113	Picture	Flicker2	1614657	1337	1	1337	3	1250	1250
AV98LHJ	113	Picture	Flicker3	1615994	2674	2	1338	3	2500	1250
AV98LHJ	114	Picture	Delay	1617499	0	1	19558	2	0	19420
AV98LHJ	115	Picture	2_19_Retrieval_Working_Memory_MEG_P5_LR_Nonsalient_NoChange_UncuedRetriev_retrieval_patch_orientation_053_retrieval_position_3	1637224	0	1	30090	2	0	29920
AV98LHJ	115	Response	20	1646715	9491	4
AV98LHJ	116	Picture	ITI	1667481	0	1	19056	2	0	18920
AV98LHJ	117	Picture	CueingCross	1686704	0	2	3009	4	0	2920
AV98LHJ	118	Picture	PrepTime	1689881	0	1	3008	3	0	2920
AV98LHJ	119	Picture	2_20_Encoding_Working_Memory_MEG_P5_LR_Nonsalient_DoChange_CuedRetrieval_300_300_399_1750_3000_2300_gabor_patch_orientation_112_176_133_159_target_position_2_4_retrieval_position_4	1693057	0	1	1337	2	0	1250
AV98LHJ	119	Picture	Flicker2	1694394	1337	1	1337	2	1250	1250
AV98LHJ	119	Picture	Flicker3	1695731	2674	1	1338	2	2500	1250
AV98LHJ	120	Picture	Delay	1697236	0	1	17552	2	0	17420
AV98LHJ	121	Picture	2_20_Retrieval_Working_Memory_MEG_P5_LR_Nonsalient_DoChange_CuedRetrieval_retrieval_patch_orientation_022_retrieval_position_4	1714955	0	1	30089	2	0	29920
AV98LHJ	121	Response	20	1734904	19949	4
AV98LHJ	122	Picture	ITI	1745212	0	1	23068	2	0	22920
AV98LHJ	123	Picture	CueingCross	1768447	0	1	3009	2	0	2920
AV98LHJ	124	Picture	PrepTime	1771623	0	1	3009	2	0	2920
AV98LHJ	125	Picture	2_21_Encoding_Working_Memory_MEG_P5_LR_Nonsalient_DoChange_CuedRetrieval_300_300_399_1850_3000_2150_gabor_patch_orientation_110_020_039_054_target_position_2_4_retrieval_position_2	1774799	0	2	1338	3	0	1250
AV98LHJ	125	Picture	Flicker2	1776137	1338	1	1337	2	1250	1250
AV98LHJ	125	Picture	Flicker3	1777474	2675	1	1337	2	2500	1250
AV98LHJ	126	Picture	Delay	1778978	0	2	18556	3	0	18420
AV98LHJ	127	Picture	2_21_Retrieval_Working_Memory_MEG_P5_LR_Nonsalient_DoChange_CuedRetrieval_retrieval_patch_orientation_070_retrieval_position_2	1797701	0	1	30089	2	0	29920
AV98LHJ	127	Response	20	1815533	17832	4
AV98LHJ	128	Picture	ITI	1827957	0	2	21564	3	0	21420
AV98LHJ	129	Picture	CueingCross	1849688	0	2	3009	3	0	2920
AV98LHJ	130	Picture	PrepTime	1852865	0	1	3008	3	0	2920
AV98LHJ	131	Picture	2_22_Encoding_Working_Memory_MEG_P5_LR_Nonsalient_NoChange_CuedRetrieval_300_300_399_2250_3000_2150_gabor_patch_orientation_004_110_157_172_target_position_3_4_retrieval_position_4	1856041	0	1	1337	2	0	1250
AV98LHJ	131	Picture	Flicker2	1857378	1337	1	1337	2	1250	1250
AV98LHJ	131	Picture	Flicker3	1858715	2674	1	1338	2	2500	1250
AV98LHJ	132	Picture	Delay	1860219	0	2	22568	3	0	22420
AV98LHJ	133	Picture	2_22_Retrieval_Working_Memory_MEG_P5_LR_Nonsalient_NoChange_CuedRetrieval_retrieval_patch_orientation_172_retrieval_position_4	1882954	0	1	30089	2	0	29920
AV98LHJ	133	Response	20	1895922	12968	3
AV98LHJ	134	Picture	ITI	1913210	0	2	21564	4	0	21420
AV98LHJ	135	Picture	CueingCross	1934942	0	1	3009	2	0	2920
AV98LHJ	136	Picture	PrepTime	1938118	0	1	3009	2	0	2920
AV98LHJ	137	Picture	2_23_Encoding_Working_Memory_MEG_P5_LR_Nonsalient_NoChange_CuedRetrieval_300_300_399_2150_3000_2100_gabor_patch_orientation_073_004_128_109_target_position_2_4_retrieval_position_2	1941294	0	1	1337	2	0	1250
AV98LHJ	137	Picture	Flicker2	1942631	1337	1	1337	3	1250	1250
AV98LHJ	137	Picture	Flicker3	1943968	2674	2	1338	3	2500	1250
AV98LHJ	138	Picture	Delay	1945473	0	1	21564	2	0	21420
AV98LHJ	139	Picture	2_23_Retrieval_Working_Memory_MEG_P5_LR_Nonsalient_NoChange_CuedRetrieval_retrieval_patch_orientation_004_retrieval_position_2	1967204	0	1	30089	3	0	29920
AV98LHJ	139	Response	10	1988011	20807	3
AV98LHJ	140	Picture	ITI	1997461	0	1	21062	2	0	20920
AV98LHJ	141	Picture	CueingCross	2018690	0	2	3009	3	0	2920
AV98LHJ	142	Picture	PrepTime	2021866	0	2	3009	3	0	2920
AV98LHJ	143	Picture	2_24_Encoding_Working_Memory_MEG_P5_LR_Nonsalient_DoChange_CuedRetrieval_300_300_399_2250_3000_2450_gabor_patch_orientation_098_066_008_125_target_position_1_3_retrieval_position_1	2025042	0	2	1338	3	0	1250
AV98LHJ	143	Picture	Flicker2	2026380	1338	1	1337	2	1250	1250
AV98LHJ	143	Picture	Flicker3	2027717	2675	1	1337	3	2500	1250
AV98LHJ	144	Picture	Delay	2029222	0	1	22567	2	0	22420
AV98LHJ	145	Picture	2_24_Retrieval_Working_Memory_MEG_P5_LR_Nonsalient_DoChange_CuedRetrieval_retrieval_patch_orientation_049_retrieval_position_1	2051956	0	1	30089	2	0	29920
AV98LHJ	145	Response	20	2070449	18493	4
AV98LHJ	146	Picture	ITI	2082212	0	2	24573	3	0	24420
AV98LHJ	147	Picture	CueingCross	2106952	0	2	3009	3	0	2920
AV98LHJ	148	Picture	PrepTime	2110128	0	2	3009	4	0	2920
AV98LHJ	149	Picture	2_25_Encoding_Working_Memory_MEG_P5_LR_Nonsalient_NoChange_CuedRetrieval_300_300_399_2150_3000_2150_gabor_patch_orientation_149_079_060_027_target_position_3_4_retrieval_position_4	2113305	0	1	1337	2	0	1250
AV98LHJ	149	Picture	Flicker2	2114642	1337	1	1337	2	1250	1250
AV98LHJ	149	Picture	Flicker3	2115979	2674	1	1338	2	2500	1250
AV98LHJ	150	Picture	Delay	2117484	0	1	21564	2	0	21420
AV98LHJ	151	Picture	2_25_Retrieval_Working_Memory_MEG_P5_LR_Nonsalient_NoChange_CuedRetrieval_retrieval_patch_orientation_027_retrieval_position_4	2139215	0	1	30089	2	0	29920
AV98LHJ	151	Response	10	2161788	22573	4
AV98LHJ	151	Response	20	2165718	26503	4
AV98LHJ	151	Response	20	2168428	29213	3
AV98LHJ	152	Picture	ITI	2169471	0	2	21564	4	0	21420
AV98LHJ	153	Picture	CueingCross	2191203	0	1	3009	2	0	2920
AV98LHJ	154	Picture	PrepTime	2194379	0	1	3009	2	0	2920
AV98LHJ	155	Picture	2_26_Encoding_Working_Memory_MEG_P5_LR_Nonsalient_DoChange_CuedRetrieval_300_300_399_2050_3000_2600_gabor_patch_orientation_142_093_023_157_target_position_1_3_retrieval_position_3	2197555	0	1	1337	2	0	1250
AV98LHJ	155	Picture	Flicker2	2198892	1337	1	1337	2	1250	1250
AV98LHJ	155	Picture	Flicker3	2200229	2674	1	1338	2	2500	1250
AV98LHJ	156	Picture	Delay	2201734	0	1	20561	2	0	20420
AV98LHJ	157	Picture	2_26_Retrieval_Working_Memory_MEG_P5_LR_Nonsalient_DoChange_CuedRetrieval_retrieval_patch_orientation_071_retrieval_position_3	2222462	0	1	30089	3	0	29920
AV98LHJ	157	Response	20	2247057	24595	3
AV98LHJ	158	Picture	ITI	2252719	0	1	26077	2	0	25920
AV98LHJ	159	Picture	CueingCross	2278963	0	1	3009	2	0	2920
AV98LHJ	160	Picture	PrepTime	2282139	0	2	3009	3	0	2920
AV98LHJ	161	Picture	2_27_Encoding_Working_Memory_MEG_P5_LR_Nonsalient_NoChange_UncuedRetriev_300_300_399_1750_3000_2200_gabor_patch_orientation_084_165_020_060_target_position_1_2_retrieval_position_4	2285315	0	2	1338	3	0	1250
AV98LHJ	161	Picture	Flicker2	2286653	1338	1	1337	2	1250	1250
AV98LHJ	161	Picture	Flicker3	2287990	2675	1	1337	2	2500	1250
AV98LHJ	162	Picture	Delay	2289494	0	2	17553	3	0	17420
AV98LHJ	163	Picture	2_27_Retrieval_Working_Memory_MEG_P5_LR_Nonsalient_NoChange_UncuedRetriev_retrieval_patch_orientation_060_retrieval_position_4	2307214	0	1	30089	2	0	29920
AV98LHJ	163	Response	20	2314846	7632	4
AV98LHJ	164	Picture	ITI	2337470	0	2	22066	3	0	21920
AV98LHJ	165	Picture	CueingCross	2359703	0	1	3009	2	0	2920
AV98LHJ	166	Picture	PrepTime	2362879	0	1	3008	3	0	2920
AV98LHJ	167	Picture	2_28_Encoding_Working_Memory_MEG_P5_LR_Nonsalient_NoChange_CuedRetrieval_300_300_399_1850_3000_2200_gabor_patch_orientation_054_002_024_092_target_position_1_3_retrieval_position_3	2366055	0	1	1337	3	0	1250
AV98LHJ	167	Picture	Flicker2	2367392	1337	2	1338	3	1250	1250
AV98LHJ	167	Picture	Flicker3	2368730	2675	1	1337	2	2500	1250
AV98LHJ	168	Picture	Delay	2370234	0	1	18555	2	0	18420
AV98LHJ	169	Picture	2_28_Retrieval_Working_Memory_MEG_P5_LR_Nonsalient_NoChange_CuedRetrieval_retrieval_patch_orientation_024_retrieval_position_3	2388957	0	1	30089	2	0	29920
AV98LHJ	169	Response	10	2409345	20388	3
AV98LHJ	170	Picture	ITI	2419213	0	1	22066	2	0	21920
AV98LHJ	171	Picture	CueingCross	2441446	0	1	3009	2	0	2920
AV98LHJ	172	Picture	PrepTime	2444622	0	1	3009	2	0	2920
AV98LHJ	173	Picture	2_29_Encoding_Working_Memory_MEG_P5_LR_Nonsalient_DoChange_CuedRetrieval_300_300_399_2100_3000_2000_gabor_patch_orientation_007_173_068_128_target_position_2_3_retrieval_position_2	2447798	0	1	1337	2	0	1250
AV98LHJ	173	Picture	Flicker2	2449135	1337	1	1337	3	1250	1250
AV98LHJ	173	Picture	Flicker3	2450472	2674	2	1338	3	2500	1250
AV98LHJ	174	Picture	Delay	2451977	0	1	21063	2	0	20920
AV98LHJ	175	Picture	2_29_Retrieval_Working_Memory_MEG_P5_LR_Nonsalient_DoChange_CuedRetrieval_retrieval_patch_orientation_038_retrieval_position_2	2473207	0	1	30089	2	0	29920
AV98LHJ	175	Response	20	2502743	29536	4
AV98LHJ	176	Picture	ITI	2503463	0	1	20060	2	0	19920
AV98LHJ	177	Picture	CueingCross	2523690	0	1	3009	2	0	2920
AV98LHJ	178	Picture	PrepTime	2526866	0	1	3009	2	0	2920
AV98LHJ	179	Picture	2_30_Encoding_Working_Memory_MEG_P5_LR_Nonsalient_DoChange_CuedRetrieval_300_300_399_2250_3000_2400_gabor_patch_orientation_004_032_061_180_target_position_1_4_retrieval_position_1	2530042	0	1	1337	3	0	1250
AV98LHJ	179	Picture	Flicker2	2531379	1337	2	1338	3	1250	1250
AV98LHJ	179	Picture	Flicker3	2532717	2675	1	1337	3	2500	1250
AV98LHJ	180	Picture	Delay	2534221	0	1	22567	2	0	22420
AV98LHJ	181	Picture	2_30_Retrieval_Working_Memory_MEG_P5_LR_Nonsalient_DoChange_CuedRetrieval_retrieval_patch_orientation_143_retrieval_position_1	2556955	0	2	30090	3	0	29920
AV98LHJ	181	Response	20	2566122	9167	4
AV98LHJ	182	Picture	ITI	2587212	0	1	24071	2	0	23920
AV98LHJ	183	Picture	CueingCross	2611451	0	1	3008	3	0	2920
AV98LHJ	184	Picture	PrepTime	2614627	0	1	3009	2	0	2920
AV98LHJ	185	Picture	2_31_Encoding_Working_Memory_MEG_P5_LR_Nonsalient_DoChange_CuedRetrieval_300_300_399_1900_3000_2150_gabor_patch_orientation_147_041_020_110_target_position_2_4_retrieval_position_2	2617803	0	1	1337	2	0	1250
AV98LHJ	185	Picture	Flicker2	2619140	1337	1	1337	2	1250	1250
AV98LHJ	185	Picture	Flicker3	2620477	2674	1	1338	2	2500	1250
AV98LHJ	186	Picture	Delay	2621982	0	1	19056	2	0	18920
AV98LHJ	187	Picture	2_31_Retrieval_Working_Memory_MEG_P5_LR_Nonsalient_DoChange_CuedRetrieval_retrieval_patch_orientation_178_retrieval_position_2	2641206	0	1	30089	2	0	29920
AV98LHJ	187	Response	20	2651341	10135	4
AV98LHJ	188	Picture	ITI	2671462	0	1	21564	2	0	21420
AV98LHJ	189	Picture	CueingCross	2693193	0	2	3009	3	0	2920
AV98LHJ	190	Picture	PrepTime	2696369	0	2	3009	3	0	2920
AV98LHJ	191	Picture	2_32_Encoding_Working_Memory_MEG_P5_LR_Nonsalient_NoChange_UncuedRetriev_300_300_399_1900_3000_1950_gabor_patch_orientation_032_163_106_049_target_position_3_4_retrieval_position_1	2699545	0	2	1338	3	0	1250
AV98LHJ	191	Picture	Flicker2	2700883	1338	1	1337	2	1250	1250
AV98LHJ	191	Picture	Flicker3	2702220	2675	1	1337	2	2500	1250
AV98LHJ	192	Picture	Delay	2703725	0	1	19056	2	0	18920
AV98LHJ	193	Picture	2_32_Retrieval_Working_Memory_MEG_P5_LR_Nonsalient_NoChange_UncuedRetriev_retrieval_patch_orientation_032_retrieval_position_1	2722948	0	2	30090	3	0	29920
AV98LHJ	193	Response	10	2735330	12382	4
AV98LHJ	194	Picture	ITI	2753205	0	1	19558	2	0	19420
AV98LHJ	195	Picture	CueingCross	2772930	0	1	3009	2	0	2920
AV98LHJ	196	Picture	PrepTime	2776106	0	1	3009	2	0	2920
AV98LHJ	197	Picture	2_33_Encoding_Working_Memory_MEG_P5_LR_Nonsalient_NoChange_CuedRetrieval_300_300_399_2100_3000_2050_gabor_patch_orientation_059_124_008_170_target_position_2_4_retrieval_position_4	2779282	0	1	1338	2	0	1250
AV98LHJ	197	Picture	Flicker2	2780620	1338	1	1337	2	1250	1250
AV98LHJ	197	Picture	Flicker3	2781957	2675	1	1337	2	2500	1250
AV98LHJ	198	Picture	Delay	2783461	0	2	21063	3	0	20920
AV98LHJ	199	Picture	2_33_Retrieval_Working_Memory_MEG_P5_LR_Nonsalient_NoChange_CuedRetrieval_retrieval_patch_orientation_170_retrieval_position_4	2804691	0	1	30089	2	0	29920
AV98LHJ	199	Response	20	2821019	16328	3
AV98LHJ	200	Picture	ITI	2834947	0	2	20562	3	0	20420
AV98LHJ	201	Picture	CueingCross	2855676	0	1	3009	2	0	2920
AV98LHJ	202	Picture	PrepTime	2858852	0	1	3009	2	0	2920
AV98LHJ	203	Picture	2_34_Encoding_Working_Memory_MEG_P5_LR_Nonsalient_NoChange_CuedRetrieval_300_300_399_1850_3000_2600_gabor_patch_orientation_140_031_156_002_target_position_2_4_retrieval_position_4	2862028	0	1	1337	2	0	1250
AV98LHJ	203	Picture	Flicker2	2863365	1337	1	1338	2	1250	1250
AV98LHJ	203	Picture	Flicker3	2864703	2675	1	1337	2	2500	1250
AV98LHJ	204	Picture	Delay	2866207	0	1	18555	2	0	18420
AV98LHJ	205	Picture	2_34_Retrieval_Working_Memory_MEG_P5_LR_Nonsalient_NoChange_CuedRetrieval_retrieval_patch_orientation_002_retrieval_position_4	2884929	0	2	30090	3	0	29920
AV98LHJ	205	Response	10	2905048	20119	3
AV98LHJ	206	Picture	ITI	2915186	0	1	26077	2	0	25920
AV98LHJ	207	Picture	CueingCross	2941430	0	2	3009	3	0	2920
AV98LHJ	208	Picture	PrepTime	2944607	0	1	3008	3	0	2920
AV98LHJ	209	Picture	2_35_Encoding_Working_Memory_MEG_P5_LR_Nonsalient_NoChange_CuedRetrieval_300_300_399_1850_3000_1900_gabor_patch_orientation_084_173_038_103_target_position_1_2_retrieval_position_2	2947783	0	1	1337	2	0	1250
AV98LHJ	209	Picture	Flicker2	2949120	1337	1	1337	2	1250	1250
AV98LHJ	209	Picture	Flicker3	2950457	2674	1	1338	2	2500	1250
AV98LHJ	210	Picture	Delay	2951962	0	1	18555	2	0	18420
AV98LHJ	211	Picture	2_35_Retrieval_Working_Memory_MEG_P5_LR_Nonsalient_NoChange_CuedRetrieval_retrieval_patch_orientation_173_retrieval_position_2	2970684	0	1	30089	2	0	29920
AV98LHJ	211	Response	20	2985597	14913	3
AV98LHJ	212	Picture	ITI	3000940	0	2	19057	3	0	18920
AV98LHJ	213	Picture	CueingCross	3020164	0	1	3009	2	0	2920
AV98LHJ	214	Picture	PrepTime	3023340	0	2	3009	3	0	2920
AV98LHJ	215	Picture	2_36_Encoding_Working_Memory_MEG_P5_LR_Nonsalient_NoChange_CuedRetrieval_300_300_399_2150_3000_2400_gabor_patch_orientation_160_026_140_095_target_position_1_4_retrieval_position_4	3026516	0	2	1338	3	0	1250
AV98LHJ	215	Picture	Flicker2	3027854	1338	1	1337	2	1250	1250
AV98LHJ	215	Picture	Flicker3	3029191	2675	1	1337	2	2500	1250
AV98LHJ	216	Picture	Delay	3030696	0	1	21564	2	0	21420
AV98LHJ	217	Picture	2_36_Retrieval_Working_Memory_MEG_P5_LR_Nonsalient_NoChange_CuedRetrieval_retrieval_patch_orientation_095_retrieval_position_4	3052427	0	1	30089	2	0	29920
AV98LHJ	217	Response	10	3068995	16568	4
AV98LHJ	218	Picture	ITI	3082683	0	1	24072	2	0	23920
AV98LHJ	219	Picture	CueingCross	3106922	0	1	3009	2	0	2920
AV98LHJ	220	Picture	PrepTime	3110098	0	1	3009	2	0	2920
AV98LHJ	221	Picture	2_37_Encoding_Working_Memory_MEG_P5_LR_Nonsalient_NoChange_CuedRetrieval_300_300_399_2100_3000_2100_gabor_patch_orientation_130_095_059_074_target_position_3_4_retrieval_position_4	3113274	0	1	1337	2	0	1250
AV98LHJ	221	Picture	Flicker2	3114611	1337	1	1338	2	1250	1250
AV98LHJ	221	Picture	Flicker3	3115949	2675	1	1337	2	2500	1250
AV98LHJ	222	Picture	Delay	3117453	0	1	21063	2	0	20920
AV98LHJ	223	Picture	2_37_Retrieval_Working_Memory_MEG_P5_LR_Nonsalient_NoChange_CuedRetrieval_retrieval_patch_orientation_074_retrieval_position_4	3138683	0	1	30089	2	0	29920
AV98LHJ	223	Response	10	3152754	14071	4
AV98LHJ	224	Picture	ITI	3168939	0	2	21063	3	0	20920
AV98LHJ	225	Picture	CueingCross	3190169	0	1	3009	2	0	2920
AV98LHJ	226	Picture	PrepTime	3193345	0	1	3009	2	0	2920
AV98LHJ	227	Picture	2_38_Encoding_Working_Memory_MEG_P5_LR_Nonsalient_DoChange_UncuedRetriev_300_300_399_1800_3000_2000_gabor_patch_orientation_001_016_121_139_target_position_1_3_retrieval_position_4	3196521	0	2	1338	3	0	1250
AV98LHJ	227	Picture	Flicker2	3197859	1338	1	1337	2	1250	1250
AV98LHJ	227	Picture	Flicker3	3199196	2675	1	1337	2	2500	1250
AV98LHJ	228	Picture	Delay	3200700	0	2	18054	3	0	17920
AV98LHJ	229	Picture	2_38_Retrieval_Working_Memory_MEG_P5_LR_Nonsalient_DoChange_UncuedRetriev_retrieval_patch_orientation_089_retrieval_position_4	3218921	0	1	30089	3	0	29920
AV98LHJ	229	Response	20	3227393	8472	4
AV98LHJ	230	Picture	ITI	3249178	0	1	20059	2	0	19920
AV98LHJ	231	Picture	CueingCross	3269404	0	2	3009	3	0	2920
AV98LHJ	232	Picture	PrepTime	3272580	0	2	3009	4	0	2920
AV98LHJ	233	Picture	2_39_Encoding_Working_Memory_MEG_P5_LR_Nonsalient_NoChange_CuedRetrieval_300_300_399_1950_3000_1900_gabor_patch_orientation_160_035_019_053_target_position_1_2_retrieval_position_2	3275757	0	1	1337	2	0	1250
AV98LHJ	233	Picture	Flicker2	3277094	1337	1	1337	2	1250	1250
AV98LHJ	233	Picture	Flicker3	3278431	2674	1	1337	3	2500	1250
AV98LHJ	234	Picture	Delay	3279936	0	1	19558	2	0	19420
AV98LHJ	235	Picture	2_39_Retrieval_Working_Memory_MEG_P5_LR_Nonsalient_NoChange_CuedRetrieval_retrieval_patch_orientation_035_retrieval_position_2	3299661	0	1	30089	2	0	29920
AV98LHJ	235	Response	20	3310282	10621	4
AV98LHJ	236	Picture	ITI	3329917	0	2	19057	3	0	18920
AV98LHJ	237	Picture	CueingCross	3349141	0	1	3009	2	0	2920
AV98LHJ	238	Picture	PrepTime	3352317	0	1	3009	2	0	2920
AV98LHJ	239	Picture	2_40_Encoding_Working_Memory_MEG_P5_LR_Nonsalient_NoChange_CuedRetrieval_300_300_399_1950_3000_2000_gabor_patch_orientation_149_124_169_015_target_position_3_4_retrieval_position_3	3355493	0	2	1338	3	0	1250
AV98LHJ	239	Picture	Flicker2	3356831	1338	1	1337	2	1250	1250
AV98LHJ	239	Picture	Flicker3	3358168	2675	1	1337	2	2500	1250
AV98LHJ	240	Picture	Delay	3359672	0	2	19558	4	0	19420
AV98LHJ	241	Picture	2_40_Retrieval_Working_Memory_MEG_P5_LR_Nonsalient_NoChange_CuedRetrieval_retrieval_patch_orientation_169_retrieval_position_3	3379398	0	1	30089	2	0	29920
AV98LHJ	241	Response	10	3396231	16833	3
AV98LHJ	242	Picture	ITI	3409654	0	1	20060	2	0	19920
AV98LHJ	243	Picture	CueingCross	3429881	0	1	3009	2	0	2920
AV98LHJ	244	Picture	PrepTime	3433057	0	1	3009	2	0	2920
AV98LHJ	245	Picture	2_41_Encoding_Working_Memory_MEG_P5_LR_Nonsalient_DoChange_UncuedRetriev_300_300_399_1750_3000_2300_gabor_patch_orientation_121_177_042_161_target_position_1_4_retrieval_position_3	3436233	0	1	1337	3	0	1250
AV98LHJ	245	Picture	Flicker2	3437570	1337	2	1338	3	1250	1250
AV98LHJ	245	Picture	Flicker3	3438908	2675	1	1337	2	2500	1250
AV98LHJ	246	Picture	Delay	3440412	0	1	17552	2	0	17420
AV98LHJ	247	Picture	2_41_Retrieval_Working_Memory_MEG_P5_LR_Nonsalient_DoChange_UncuedRetriev_retrieval_patch_orientation_087_retrieval_position_3	3458131	0	2	30090	3	0	29920
AV98LHJ	247	Response	20	3467180	9049	3
AV98LHJ	248	Picture	ITI	3488388	0	1	23068	3	0	22920
AV98LHJ	249	Picture	CueingCross	3511624	0	1	3009	2	0	2920
AV98LHJ	250	Picture	PrepTime	3514800	0	1	3009	2	0	2920
AV98LHJ	251	Picture	2_42_Encoding_Working_Memory_MEG_P5_LR_Nonsalient_NoChange_CuedRetrieval_300_300_399_1950_3000_2400_gabor_patch_orientation_048_073_004_026_target_position_2_4_retrieval_position_4	3517976	0	1	1337	2	0	1250
AV98LHJ	251	Picture	Flicker2	3519313	1337	1	1337	3	1250	1250
AV98LHJ	251	Picture	Flicker3	3520650	2674	2	1338	3	2500	1250
AV98LHJ	252	Picture	Delay	3522155	0	1	19558	2	0	19420
AV98LHJ	253	Picture	2_42_Retrieval_Working_Memory_MEG_P5_LR_Nonsalient_NoChange_CuedRetrieval_retrieval_patch_orientation_026_retrieval_position_4	3541880	0	1	30089	3	0	29920
AV98LHJ	253	Response	20	3566138	24258	4
AV98LHJ	254	Picture	ITI	3572137	0	1	24071	2	0	23920
AV98LHJ	255	Picture	CueingCross	3596375	0	2	3009	3	0	2920
AV98LHJ	256	Picture	PrepTime	3599551	0	2	3009	3	0	2920
AV98LHJ	257	Picture	2_43_Encoding_Working_Memory_MEG_P5_LR_Nonsalient_DoChange_CuedRetrieval_300_300_399_2200_3000_2500_gabor_patch_orientation_109_175_021_149_target_position_1_2_retrieval_position_1	3602728	0	1	1337	2	0	1250
AV98LHJ	257	Picture	Flicker2	3604065	1337	1	1337	2	1250	1250
AV98LHJ	257	Picture	Flicker3	3605402	2674	1	1337	3	2500	1250
AV98LHJ	258	Picture	Delay	3606907	0	1	22065	2	0	21920
AV98LHJ	259	Picture	2_43_Retrieval_Working_Memory_MEG_P5_LR_Nonsalient_DoChange_CuedRetrieval_retrieval_patch_orientation_061_retrieval_position_1	3629139	0	2	30090	3	0	29920
AV98LHJ	259	Response	20	3639367	10228	4
AV98LHJ	260	Picture	ITI	3659396	0	1	25074	2	0	24920
AV98LHJ	261	Picture	CueingCross	3684637	0	2	3009	3	0	2920
AV98LHJ	262	Picture	PrepTime	3687814	0	1	3008	3	0	2920
AV98LHJ	263	Picture	2_44_Encoding_Working_Memory_MEG_P5_LR_Nonsalient_NoChange_CuedRetrieval_300_300_399_1900_3000_2450_gabor_patch_orientation_010_147_040_083_target_position_1_4_retrieval_position_4	3690990	0	1	1337	2	0	1250
AV98LHJ	263	Picture	Flicker2	3692327	1337	1	1337	3	1250	1250
AV98LHJ	263	Picture	Flicker3	3693664	2674	2	1338	3	2500	1250
AV98LHJ	264	Picture	Delay	3695169	0	1	19056	2	0	18920
AV98LHJ	265	Picture	2_44_Retrieval_Working_Memory_MEG_P5_LR_Nonsalient_NoChange_CuedRetrieval_retrieval_patch_orientation_083_retrieval_position_4	3714392	0	2	30090	3	0	29920
AV98LHJ	265	Response	10	3731636	17244	4
AV98LHJ	266	Picture	ITI	3744649	0	1	24573	2	0	24420
AV98LHJ	267	Picture	CueingCross	3769389	0	1	3009	2	0	2920
AV98LHJ	268	Picture	PrepTime	3772565	0	1	3009	2	0	2920
AV98LHJ	269	Picture	2_45_Encoding_Working_Memory_MEG_P5_LR_Nonsalient_NoChange_CuedRetrieval_300_300_399_2100_3000_2550_gabor_patch_orientation_135_172_008_064_target_position_1_4_retrieval_position_1	3775741	0	2	1338	3	0	1250
AV98LHJ	269	Picture	Flicker2	3777079	1338	1	1337	2	1250	1250
AV98LHJ	269	Picture	Flicker3	3778416	2675	1	1337	2	2500	1250
AV98LHJ	270	Picture	Delay	3779920	0	2	21063	3	0	20920
AV98LHJ	271	Picture	2_45_Retrieval_Working_Memory_MEG_P5_LR_Nonsalient_NoChange_CuedRetrieval_retrieval_patch_orientation_135_retrieval_position_1	3801150	0	1	30089	3	0	29920
AV98LHJ	271	Response	10	3818695	17545	3
AV98LHJ	272	Picture	ITI	3831407	0	1	25576	2	0	25420
AV98LHJ	273	Picture	CueingCross	3857150	0	1	3009	2	0	2920
AV98LHJ	274	Picture	PrepTime	3860326	0	1	3009	2	0	2920
AV98LHJ	275	Picture	2_46_Encoding_Working_Memory_MEG_P5_LR_Nonsalient_DoChange_CuedRetrieval_300_300_399_1800_3000_2250_gabor_patch_orientation_073_133_158_096_target_position_1_2_retrieval_position_1	3863502	0	1	1337	2	0	1250
AV98LHJ	275	Picture	Flicker2	3864839	1337	1	1338	2	1250	1250
AV98LHJ	275	Picture	Flicker3	3866177	2675	1	1337	2	2500	1250
AV98LHJ	276	Picture	Delay	3867681	0	1	18054	2	0	17920
AV98LHJ	277	Picture	2_46_Retrieval_Working_Memory_MEG_P5_LR_Nonsalient_DoChange_CuedRetrieval_retrieval_patch_orientation_026_retrieval_position_1	3885902	0	1	30089	2	0	29920
AV98LHJ	277	Response	20	3901964	16062	3
AV98LHJ	278	Picture	ITI	3916158	0	2	22567	3	0	22420
AV98LHJ	279	Picture	CueingCross	3938892	0	2	3009	3	0	2920
AV98LHJ	280	Picture	PrepTime	3942069	0	1	3008	3	0	2920
AV98LHJ	281	Picture	2_47_Encoding_Working_Memory_MEG_P5_LR_Nonsalient_DoChange_UncuedRetriev_300_300_399_1850_3000_2550_gabor_patch_orientation_070_136_095_008_target_position_2_3_retrieval_position_4	3945245	0	1	1337	2	0	1250
AV98LHJ	281	Picture	Flicker2	3946582	1337	1	1337	2	1250	1250
AV98LHJ	281	Picture	Flicker3	3947919	2674	1	1338	2	2500	1250
AV98LHJ	282	Picture	Delay	3949424	0	1	18555	2	0	18420
AV98LHJ	283	Picture	2_47_Retrieval_Working_Memory_MEG_P5_LR_Nonsalient_DoChange_UncuedRetriev_retrieval_patch_orientation_053_retrieval_position_4	3968146	0	1	30089	2	0	29920
AV98LHJ	283	Response	20	3975123	6977	3
AV98LHJ	284	Picture	ITI	3998402	0	2	25576	4	0	25420
AV98LHJ	285	Picture	CueingCross	4024146	0	1	3009	2	0	2920
AV98LHJ	286	Picture	PrepTime	4027322	0	1	3009	2	0	2920
AV98LHJ	287	Picture	2_48_Encoding_Working_Memory_MEG_P5_LR_Nonsalient_DoChange_CuedRetrieval_300_300_399_2250_3000_2350_gabor_patch_orientation_062_103_170_151_target_position_3_4_retrieval_position_4	4030498	0	1	1337	2	0	1250
AV98LHJ	287	Picture	Flicker2	4031835	1337	1	1337	3	1250	1250
AV98LHJ	287	Picture	Flicker3	4033172	2674	2	1338	3	2500	1250
AV98LHJ	288	Picture	Delay	4034677	0	1	22567	2	0	22420
AV98LHJ	289	Picture	2_48_Retrieval_Working_Memory_MEG_P5_LR_Nonsalient_DoChange_CuedRetrieval_retrieval_patch_orientation_016_retrieval_position_4	4057411	0	1	30089	2	0	29920
AV98LHJ	289	Response	20	4068241	10830	4
AV98LHJ	290	Picture	ITI	4087668	0	1	23569	3	0	23420
AV98LHJ	291	Picture	CueingCross	4111405	0	1	3009	2	0	2920
AV98LHJ	292	Picture	PrepTime	4114581	0	1	3009	2	0	2920
AV98LHJ	293	Picture	2_49_Encoding_Working_Memory_MEG_P5_LR_Nonsalient_DoChange_CuedRetrieval_300_300_399_1900_3000_2450_gabor_patch_orientation_154_068_048_015_target_position_1_3_retrieval_position_3	4117757	0	2	1337	3	0	1250
AV98LHJ	293	Picture	Flicker2	4119094	1337	1	1338	2	1250	1250
AV98LHJ	293	Picture	Flicker3	4120432	2675	1	1337	2	2500	1250
AV98LHJ	294	Picture	Delay	4121936	0	1	19057	2	0	18920
AV98LHJ	295	Picture	2_49_Retrieval_Working_Memory_MEG_P5_LR_Nonsalient_DoChange_CuedRetrieval_retrieval_patch_orientation_094_retrieval_position_3	4141160	0	1	30089	2	0	29920
AV98LHJ	295	Response	10	4158170	17010	4
AV98LHJ	296	Picture	ITI	4171416	0	2	24573	3	0	24420
AV98LHJ	297	Picture	CueingCross	4196156	0	2	3009	3	0	2920
AV98LHJ	298	Picture	PrepTime	4199332	0	2	3009	4	0	2920
AV98LHJ	299	Picture	2_50_Encoding_Working_Memory_MEG_P5_LR_Nonsalient_NoChange_CuedRetrieval_300_300_399_1800_3000_2450_gabor_patch_orientation_006_121_038_086_target_position_3_4_retrieval_position_3	4202509	0	1	1337	2	0	1250
AV98LHJ	299	Picture	Flicker2	4203846	1337	1	1337	2	1250	1250
AV98LHJ	299	Picture	Flicker3	4205183	2674	1	1337	3	2500	1250
AV98LHJ	300	Picture	Delay	4206688	0	1	18053	2	0	17920
AV98LHJ	301	Picture	2_50_Retrieval_Working_Memory_MEG_P5_LR_Nonsalient_NoChange_CuedRetrieval_retrieval_patch_orientation_038_retrieval_position_3	4224908	0	2	30090	3	0	29920
AV98LHJ	301	Response	10	4248939	24031	4
AV98LHJ	302	Picture	ITI	4255165	0	1	24573	2	0	24420
AV98LHJ	303	Picture	CueingCross	4279905	0	1	3009	2	0	2920
AV98LHJ	304	Picture	PrepTime	4283081	0	1	3009	2	0	2920
AV98LHJ	305	Picture	2_51_Encoding_Working_Memory_MEG_P5_LR_Nonsalient_DoChange_CuedRetrieval_300_300_399_2000_3000_2500_gabor_patch_orientation_117_175_089_038_target_position_1_2_retrieval_position_1	4286257	0	2	1338	3	0	1250
AV98LHJ	305	Picture	Flicker2	4287595	1338	1	1337	2	1250	1250
AV98LHJ	305	Picture	Flicker3	4288932	2675	1	1337	2	2500	1250
AV98LHJ	306	Picture	Delay	4290436	0	2	20060	3	0	19920
AV98LHJ	307	Picture	2_51_Retrieval_Working_Memory_MEG_P5_LR_Nonsalient_DoChange_CuedRetrieval_retrieval_patch_orientation_068_retrieval_position_1	4310663	0	1	30089	3	0	29920
AV98LHJ	307	Response	20	4323778	13115	3
AV98LHJ	308	Picture	ITI	4340920	0	1	25074	2	0	24920
AV98LHJ	309	Picture	CueingCross	4366161	0	1	3009	2	0	2920
AV98LHJ	310	Picture	PrepTime	4369337	0	2	3009	3	0	2920
AV98LHJ	311	Picture	2_52_Encoding_Working_Memory_MEG_P5_LR_Nonsalient_DoChange_UncuedRetriev_300_300_399_1950_3000_2050_gabor_patch_orientation_142_092_068_028_target_position_2_4_retrieval_position_1	4372513	0	2	1338	3	0	1250
AV98LHJ	311	Picture	Flicker2	4373851	1338	1	1337	2	1250	1250
AV98LHJ	311	Picture	Flicker3	4375188	2675	1	1337	2	2500	1250
AV98LHJ	312	Picture	Delay	4376693	0	1	19558	2	0	19420
AV98LHJ	313	Picture	2_52_Retrieval_Working_Memory_MEG_P5_LR_Nonsalient_DoChange_UncuedRetriev_retrieval_patch_orientation_007_retrieval_position_1	4396418	0	1	30089	2	0	29920
AV98LHJ	313	Response	10	4410016	13598	4
AV98LHJ	314	Picture	ITI	4426674	0	1	20561	2	0	20420
AV98LHJ	315	Picture	CueingCross	4447402	0	2	3009	4	0	2920
AV98LHJ	316	Picture	PrepTime	4450579	0	1	3009	2	0	2920
AV98LHJ	317	Picture	2_53_Encoding_Working_Memory_MEG_P5_LR_Nonsalient_NoChange_CuedRetrieval_300_300_399_1800_3000_2350_gabor_patch_orientation_162_128_039_144_target_position_2_4_retrieval_position_4	4453754	0	2	1338	3	0	1250
AV98LHJ	317	Picture	Flicker2	4455092	1338	1	1337	2	1250	1250
AV98LHJ	317	Picture	Flicker3	4456429	2675	1	1338	2	2500	1250
AV98LHJ	318	Picture	Delay	4457934	0	1	18053	2	0	17920
AV98LHJ	319	Picture	2_53_Retrieval_Working_Memory_MEG_P5_LR_Nonsalient_NoChange_CuedRetrieval_retrieval_patch_orientation_144_retrieval_position_4	4476154	0	2	30090	3	0	29920
AV98LHJ	319	Response	10	4496065	19911	4
AV98LHJ	320	Picture	ITI	4506411	0	1	23570	2	0	23420
AV98LHJ	321	Picture	CueingCross	4530148	0	1	3009	2	0	2920
AV98LHJ	322	Picture	PrepTime	4533324	0	2	3009	3	0	2920
AV98LHJ	323	Picture	2_54_Encoding_Working_Memory_MEG_P5_LR_Nonsalient_DoChange_CuedRetrieval_300_300_399_1800_3000_1950_gabor_patch_orientation_177_133_025_007_target_position_2_4_retrieval_position_2	4536500	0	2	1338	3	0	1250
AV98LHJ	323	Picture	Flicker2	4537838	1338	1	1337	2	1250	1250
AV98LHJ	323	Picture	Flicker3	4539175	2675	1	1337	2	2500	1250
AV98LHJ	324	Picture	Delay	4540679	0	2	18054	3	0	17920
AV98LHJ	325	Picture	2_54_Retrieval_Working_Memory_MEG_P5_LR_Nonsalient_DoChange_CuedRetrieval_retrieval_patch_orientation_087_retrieval_position_2	4558900	0	1	30090	2	0	29920
AV98LHJ	325	Response	20	4573104	14204	4
AV98LHJ	326	Picture	ITI	4589157	0	1	19558	2	0	19420
AV98LHJ	327	Picture	CueingCross	4608882	0	1	3009	2	0	2920
AV98LHJ	328	Picture	PrepTime	4612058	0	1	3009	2	0	2920
AV98LHJ	329	Picture	2_55_Encoding_Working_Memory_MEG_P5_LR_Nonsalient_NoChange_UncuedRetriev_300_300_399_2150_3000_2100_gabor_patch_orientation_153_131_096_116_target_position_3_4_retrieval_position_2	4615234	0	1	1338	2	0	1250
AV98LHJ	329	Picture	Flicker2	4616572	1338	1	1337	2	1250	1250
AV98LHJ	329	Picture	Flicker3	4617909	2675	1	1337	2	2500	1250
AV98LHJ	330	Picture	Delay	4619413	0	1	21564	2	0	21420
AV98LHJ	331	Picture	2_55_Retrieval_Working_Memory_MEG_P5_LR_Nonsalient_NoChange_UncuedRetriev_retrieval_patch_orientation_131_retrieval_position_2	4641144	0	2	30090	3	0	29920
AV98LHJ	331	Response	20	4655083	13939	4
AV98LHJ	332	Picture	ITI	4671401	0	1	21063	2	0	20920
AV98LHJ	333	Picture	CueingCross	4692631	0	1	3009	2	0	2920
AV98LHJ	334	Picture	PrepTime	4695807	0	1	3009	2	0	2920
AV98LHJ	335	Picture	2_56_Encoding_Working_Memory_MEG_P5_LR_Nonsalient_DoChange_CuedRetrieval_300_300_399_1900_3000_2350_gabor_patch_orientation_101_081_155_040_target_position_1_2_retrieval_position_2	4698983	0	1	1337	2	0	1250
AV98LHJ	335	Picture	Flicker2	4700320	1337	1	1337	3	1250	1250
AV98LHJ	335	Picture	Flicker3	4701657	2674	2	1338	3	2500	1250
AV98LHJ	336	Picture	Delay	4703162	0	1	19057	2	0	18920
AV98LHJ	337	Picture	2_56_Retrieval_Working_Memory_MEG_P5_LR_Nonsalient_DoChange_CuedRetrieval_retrieval_patch_orientation_126_retrieval_position_2	4722386	0	1	30089	2	0	29920
AV98LHJ	337	Response	20	4731732	9346	4
AV98LHJ	338	Picture	ITI	4752642	0	2	23570	3	0	23420
AV98LHJ	339	Picture	CueingCross	4776379	0	2	3009	3	0	2920
AV98LHJ	340	Picture	PrepTime	4779555	0	2	3009	4	0	2920
AV98LHJ	341	Picture	2_57_Encoding_Working_Memory_MEG_P5_LR_Nonsalient_NoChange_CuedRetrieval_300_300_399_2250_3000_2300_gabor_patch_orientation_100_154_085_125_target_position_1_3_retrieval_position_3	4782732	0	1	1337	2	0	1250
AV98LHJ	341	Picture	Flicker2	4784069	1337	1	1337	2	1250	1250
AV98LHJ	341	Picture	Flicker3	4785406	2674	1	1337	3	2500	1250
AV98LHJ	342	Picture	Delay	4786911	0	1	22567	2	0	22420
AV98LHJ	343	Picture	2_57_Retrieval_Working_Memory_MEG_P5_LR_Nonsalient_NoChange_CuedRetrieval_retrieval_patch_orientation_085_retrieval_position_3	4809645	0	1	30089	2	0	29920
AV98LHJ	343	Response	20	4823581	13936	3
AV98LHJ	344	Picture	ITI	4839901	0	2	23069	3	0	22920
AV98LHJ	345	Picture	CueingCross	4863137	0	1	3009	2	0	2920
AV98LHJ	346	Picture	PrepTime	4866313	0	1	3009	2	0	2920
AV98LHJ	347	Picture	2_58_Encoding_Working_Memory_MEG_P5_LR_Nonsalient_DoChange_CuedRetrieval_300_300_399_2050_3000_2050_gabor_patch_orientation_064_179_091_037_target_position_1_3_retrieval_position_1	4869489	0	1	1338	2	0	1250
AV98LHJ	347	Picture	Flicker2	4870827	1338	1	1337	2	1250	1250
AV98LHJ	347	Picture	Flicker3	4872164	2675	1	1337	2	2500	1250
AV98LHJ	348	Picture	Delay	4873668	0	2	20561	3	0	20420
AV98LHJ	349	Picture	2_58_Retrieval_Working_Memory_MEG_P5_LR_Nonsalient_DoChange_CuedRetrieval_retrieval_patch_orientation_112_retrieval_position_1	4894397	0	1	30089	2	0	29920
AV98LHJ	349	Response	20	4903020	8623	3
AV98LHJ	350	Picture	ITI	4924653	0	1	20561	2	0	20420
AV98LHJ	351	Picture	CueingCross	4945381	0	1	3009	2	0	2920
AV98LHJ	352	Picture	PrepTime	4948557	0	2	3009	3	0	2920
AV98LHJ	353	Picture	2_59_Encoding_Working_Memory_MEG_P5_LR_Nonsalient_DoChange_UncuedRetriev_300_300_399_1750_3000_2000_gabor_patch_orientation_001_117_085_037_target_position_1_4_retrieval_position_2	4951733	0	2	1338	3	0	1250
AV98LHJ	353	Picture	Flicker2	4953071	1338	1	1337	2	1250	1250
AV98LHJ	353	Picture	Flicker3	4954408	2675	1	1337	2	2500	1250
AV98LHJ	354	Picture	Delay	4955913	0	1	17552	2	0	17420
AV98LHJ	355	Picture	2_59_Retrieval_Working_Memory_MEG_P5_LR_Nonsalient_DoChange_UncuedRetriev_retrieval_patch_orientation_162_retrieval_position_2	4973632	0	1	30089	2	0	29920
AV98LHJ	355	Response	20	4984068	10436	4
AV98LHJ	356	Picture	ITI	5003888	0	2	20060	3	0	19920
AV98LHJ	357	Picture	CueingCross	5024115	0	1	3009	2	0	2920
AV98LHJ	358	Picture	PrepTime	5027291	0	1	3009	2	0	2920
AV98LHJ	359	Picture	2_60_Encoding_Working_Memory_MEG_P5_LR_Nonsalient_NoChange_CuedRetrieval_300_300_399_1850_3000_2500_gabor_patch_orientation_006_143_062_175_target_position_1_2_retrieval_position_2	5030467	0	2	1338	3	0	1250
AV98LHJ	359	Picture	Flicker2	5031805	1338	1	1337	2	1250	1250
AV98LHJ	359	Picture	Flicker3	5033142	2675	1	1337	3	2500	1250
AV98LHJ	360	Picture	Delay	5034646	0	2	18555	4	0	18420
AV98LHJ	361	Picture	2_60_Retrieval_Working_Memory_MEG_P5_LR_Nonsalient_NoChange_CuedRetrieval_retrieval_patch_orientation_143_retrieval_position_2	5053369	0	1	30089	2	0	29920
AV98LHJ	361	Response	10	5077767	24398	4
AV98LHJ	362	Picture	ITI	5083625	0	1	25075	2	0	24920
AV98LHJ	363	Picture	CueingCross	5108867	0	1	3009	2	0	2920
AV98LHJ	364	Picture	PrepTime	5112043	0	1	3009	2	0	2920
AV98LHJ	365	Picture	2_61_Encoding_Working_Memory_MEG_P5_LR_Nonsalient_DoChange_CuedRetrieval_300_300_399_2200_3000_2350_gabor_patch_orientation_058_178_099_034_target_position_1_4_retrieval_position_1	5115219	0	1	1337	2	0	1250
AV98LHJ	365	Picture	Flicker2	5116556	1337	1	1338	2	1250	1250
AV98LHJ	365	Picture	Flicker3	5117894	2675	1	1337	2	2500	1250
AV98LHJ	366	Picture	Delay	5119398	0	1	22066	2	0	21920
AV98LHJ	367	Picture	2_61_Retrieval_Working_Memory_MEG_P5_LR_Nonsalient_DoChange_CuedRetrieval_retrieval_patch_orientation_012_retrieval_position_1	5141631	0	1	30089	2	0	29920
AV98LHJ	367	Response	20	5168236	26605	3
AV98LHJ	368	Picture	ITI	5171887	0	1	23570	2	0	23420
AV98LHJ	369	Picture	CueingCross	5195624	0	2	3009	3	0	2920
AV98LHJ	370	Picture	PrepTime	5198800	0	2	3009	3	0	2920
AV98LHJ	371	Picture	2_62_Encoding_Working_Memory_MEG_P5_LR_Nonsalient_DoChange_CuedRetrieval_300_300_399_2050_3000_1900_gabor_patch_orientation_066_109_046_002_target_position_1_2_retrieval_position_2	5201977	0	1	1337	2	0	1250
AV98LHJ	371	Picture	Flicker2	5203314	1337	1	1337	2	1250	1250
AV98LHJ	371	Picture	Flicker3	5204651	2674	1	1337	3	2500	1250
AV98LHJ	372	Picture	Delay	5206156	0	1	20561	2	0	20420
AV98LHJ	373	Picture	2_62_Retrieval_Working_Memory_MEG_P5_LR_Nonsalient_DoChange_CuedRetrieval_retrieval_patch_orientation_155_retrieval_position_2	5226884	0	1	30089	2	0	29920
AV98LHJ	373	Response	20	5250225	23341	3
AV98LHJ	374	Picture	ITI	5257140	0	2	19057	3	0	18920
AV98LHJ	375	Picture	CueingCross	5276364	0	1	3009	2	0	2920
AV98LHJ	376	Picture	PrepTime	5279540	0	1	3009	2	0	2920
AV98LHJ	377	Picture	2_63_Encoding_Working_Memory_MEG_P5_LR_Nonsalient_DoChange_CuedRetrieval_300_300_399_2000_3000_2600_gabor_patch_orientation_098_035_150_175_target_position_1_3_retrieval_position_3	5282716	0	2	1338	3	0	1250
AV98LHJ	377	Picture	Flicker2	5284054	1338	1	1337	2	1250	1250
AV98LHJ	377	Picture	Flicker3	5285391	2675	1	1337	2	2500	1250
AV98LHJ	378	Picture	Delay	5286895	0	2	20060	3	0	19920
AV98LHJ	379	Picture	2_63_Retrieval_Working_Memory_MEG_P5_LR_Nonsalient_DoChange_CuedRetrieval_retrieval_patch_orientation_011_retrieval_position_3	5307122	0	1	30089	3	0	29920
AV98LHJ	379	Response	20	5315044	7922	3
AV98LHJ	380	Picture	ITI	5337379	0	1	26077	2	0	25920
AV98LHJ	381	Picture	CueingCross	5363623	0	2	3009	3	0	2920
AV98LHJ	382	Picture	PrepTime	5366799	0	2	3009	3	0	2920
AV98LHJ	383	Picture	2_64_Encoding_Working_Memory_MEG_P5_LR_Nonsalient_DoChange_UncuedRetriev_300_300_399_2100_3000_1950_gabor_patch_orientation_132_109_003_049_target_position_2_4_retrieval_position_1	5369975	0	2	1338	3	0	1250
AV98LHJ	383	Picture	Flicker2	5371313	1338	1	1337	2	1250	1250
AV98LHJ	383	Picture	Flicker3	5372650	2675	1	1337	2	2500	1250
AV98LHJ	384	Picture	Delay	5374155	0	1	21062	2	0	20920
AV98LHJ	385	Picture	2_64_Retrieval_Working_Memory_MEG_P5_LR_Nonsalient_DoChange_UncuedRetriev_retrieval_patch_orientation_180_retrieval_position_1	5395384	0	1	30090	2	0	29920
AV98LHJ	385	Response	20	5414262	18878	4
AV98LHJ	386	Picture	ITI	5425641	0	1	19558	2	0	19420
AV98LHJ	387	Picture	CueingCross	5445366	0	1	3009	2	0	2920
AV98LHJ	388	Picture	PrepTime	5448542	0	1	3009	2	0	2920
AV98LHJ	389	Picture	2_65_Encoding_Working_Memory_MEG_P5_LR_Nonsalient_NoChange_CuedRetrieval_300_300_399_2200_3000_2300_gabor_patch_orientation_170_128_085_147_target_position_1_4_retrieval_position_4	5451718	0	1	1337	3	0	1250
AV98LHJ	389	Picture	Flicker2	5453055	1337	2	1338	3	1250	1250
AV98LHJ	389	Picture	Flicker3	5454393	2675	1	1337	2	2500	1250
AV98LHJ	390	Picture	Delay	5455897	0	1	22066	2	0	21920
AV98LHJ	391	Picture	2_65_Retrieval_Working_Memory_MEG_P5_LR_Nonsalient_NoChange_CuedRetrieval_retrieval_patch_orientation_147_retrieval_position_4	5478129	0	2	30090	3	0	29920
AV98LHJ	391	Response	20	5493481	15352	4
AV98LHJ	392	Picture	ITI	5508386	0	2	23069	3	0	22920
AV98LHJ	393	Picture	CueingCross	5531622	0	1	3009	2	0	2920
AV98LHJ	394	Picture	PrepTime	5534798	0	1	3009	2	0	2920
AV98LHJ	395	Picture	2_66_Encoding_Working_Memory_MEG_P5_LR_Nonsalient_DoChange_CuedRetrieval_300_300_399_1750_3000_2350_gabor_patch_orientation_116_131_172_001_target_position_1_2_retrieval_position_2	5537974	0	2	1338	3	0	1250
AV98LHJ	395	Picture	Flicker2	5539312	1338	1	1337	2	1250	1250
AV98LHJ	395	Picture	Flicker3	5540649	2675	1	1337	2	2500	1250
AV98LHJ	396	Picture	Delay	5542153	0	2	17552	4	0	17420
AV98LHJ	397	Picture	2_66_Retrieval_Working_Memory_MEG_P5_LR_Nonsalient_DoChange_CuedRetrieval_retrieval_patch_orientation_082_retrieval_position_2	5559873	0	1	30089	2	0	29920
AV98LHJ	397	Response	20	5576140	16267	4
AV98LHJ	398	Picture	ITI	5590129	0	1	23570	2	0	23420
AV98LHJ	399	Picture	CueingCross	5613866	0	2	3009	3	0	2920
AV98LHJ	400	Picture	PrepTime	5617042	0	2	3009	4	0	2920
AV98LHJ	401	Picture	2_67_Encoding_Working_Memory_MEG_P5_LR_Nonsalient_DoChange_CuedRetrieval_300_300_399_1900_3000_2100_gabor_patch_orientation_159_136_114_099_target_position_1_3_retrieval_position_3	5620219	0	1	1337	2	0	1250
AV98LHJ	401	Picture	Flicker2	5621556	1337	1	1337	2	1250	1250
AV98LHJ	401	Picture	Flicker3	5622893	2674	1	1337	3	2500	1250
AV98LHJ	402	Picture	Delay	5624398	0	1	19056	2	0	18920
AV98LHJ	403	Picture	2_67_Retrieval_Working_Memory_MEG_P5_LR_Nonsalient_DoChange_CuedRetrieval_retrieval_patch_orientation_069_retrieval_position_3	5643621	0	2	30090	3	0	29920
AV98LHJ	403	Response	20	5657079	13458	3
AV98LHJ	404	Picture	ITI	5673877	0	2	21063	4	0	20920
AV98LHJ	405	Picture	CueingCross	5695108	0	1	3009	2	0	2920
AV98LHJ	406	Picture	PrepTime	5698284	0	1	3009	2	0	2920
AV98LHJ	407	Picture	2_68_Encoding_Working_Memory_MEG_P5_LR_Nonsalient_DoChange_CuedRetrieval_300_300_399_2200_3000_2200_gabor_patch_orientation_143_029_053_073_target_position_2_4_retrieval_position_4	5701460	0	1	1337	2	0	1250
AV98LHJ	407	Picture	Flicker2	5702797	1337	1	1337	3	1250	1250
AV98LHJ	407	Picture	Flicker3	5704134	2674	2	1338	3	2500	1250
AV98LHJ	408	Picture	Delay	5705639	0	6	22065	8	0	21920
AV98LHJ	409	Picture	2_68_Retrieval_Working_Memory_MEG_P5_LR_Nonsalient_DoChange_CuedRetrieval_retrieval_patch_orientation_118_retrieval_position_4	5727872	0	1	30089	2	0	29920
AV98LHJ	409	Response	10	5742198	14326	3
AV98LHJ	410	Picture	ITI	5758128	0	1	22066	2	0	21920
AV98LHJ	411	Picture	CueingCross	5780361	0	1	3009	2	0	2920
AV98LHJ	412	Picture	PrepTime	5783537	0	1	3009	2	0	2920
AV98LHJ	413	Picture	2_69_Encoding_Working_Memory_MEG_P5_LR_Nonsalient_NoChange_UncuedRetriev_300_300_399_2000_3000_2600_gabor_patch_orientation_031_004_110_160_target_position_2_4_retrieval_position_1	5786713	0	1	1337	3	0	1250
AV98LHJ	413	Picture	Flicker2	5788050	1337	2	1338	3	1250	1250
AV98LHJ	413	Picture	Flicker3	5789388	2675	1	1337	2	2500	1250
AV98LHJ	414	Picture	Delay	5790892	0	1	20060	2	0	19920
AV98LHJ	415	Picture	2_69_Retrieval_Working_Memory_MEG_P5_LR_Nonsalient_NoChange_UncuedRetriev_retrieval_patch_orientation_031_retrieval_position_1	5811119	0	1	30089	2	0	29920
AV98LHJ	415	Response	20	5828716	17597	4
AV98LHJ	416	Picture	ITI	5841375	0	2	26078	3	0	25920
AV98LHJ	417	Picture	CueingCross	5867620	0	1	3009	2	0	2920
AV98LHJ	418	Picture	PrepTime	5870796	0	1	3009	2	0	2920
AV98LHJ	419	Picture	2_70_Encoding_Working_Memory_MEG_P5_LR_Nonsalient_DoChange_CuedRetrieval_300_300_399_2050_3000_2400_gabor_patch_orientation_157_042_094_069_target_position_1_4_retrieval_position_1	5873972	0	1	1337	2	0	1250
AV98LHJ	419	Picture	Flicker2	5875309	1337	1	1338	2	1250	1250
AV98LHJ	419	Picture	Flicker3	5876647	2675	1	1337	2	2500	1250
AV98LHJ	420	Picture	Delay	5878151	0	1	20561	2	0	20420
AV98LHJ	421	Picture	2_70_Retrieval_Working_Memory_MEG_P5_LR_Nonsalient_DoChange_CuedRetrieval_retrieval_patch_orientation_112_retrieval_position_1	5898879	0	2	30090	3	0	29920
AV98LHJ	421	Response	20	5917885	19006	4
AV98LHJ	422	Picture	ITI	5929136	0	1	24071	2	0	23920
AV98LHJ	423	Picture	BaselinePost	5953375	0	1	50148	3	0	50000
