Scenario - ATWM1_Working_Memory_MEG_salient_cued_instruction
Logfile written - 02/18/2016 17:29:16

Subject	Trial	Event Type	Code	Time	TTime	Uncertainty	Duration	Uncertainty	ReqTime	ReqDur

AV98LHJ	1	Picture	Instruction_S_C	29	0	1	100131	2	0	100000
AV98LHJ	2	Picture	Instruction2	100327	0	1	100131	2	0	100000
AV98LHJ	3	Picture	Instruction3	200625	0	1	11367	2	0	resp
AV98LHJ	3	Response	10	211885	11260	4
AV98LHJ	4	Picture	Instruction4	232051	0	2	6353	3	0	resp
AV98LHJ	4	Response	20	238294	6243	4
AV98LHJ	5	Picture	Instruction5	258463	0	1	6519	3	0	resp
AV98LHJ	5	Response	10	264904	6441	4
AV98LHJ	6	Picture	Instruction4	285042	0	1	4681	2	0	resp
AV98LHJ	6	Response	20	289584	4542	3
AV98LHJ	7	Picture	Instruction3	309615	0	1	5349	2	0	resp
AV98LHJ	7	Response	10	314943	5328	4
AV98LHJ	8	Picture	Instruction4	335024	0	1	2674	3	0	resp
AV98LHJ	8	Response	20	337563	2539	4
AV98LHJ	9	Picture	Instruction_S_C_TestTrials	357591	0	1	100131	2	0	100000
AV98LHJ	10	Picture	BaselinePre	457889	0	1	20059	2	0	20000
AV98LHJ	11	Picture	CueingCross	478115	0	2	3009	3	0	2920
AV98LHJ	12	Picture	PrepTime	481292	0	1	3009	2	0	2920
AV98LHJ	13	Picture	2_1_Encoding_Working_Memory_MEG_P5_LR_Salient_DoChange_CuedRetrieval_300_300_399_1850_3000_1950_gabor_patch_orientation_054_089_005_163_target_position_3_4_retrieval_position_4	484468	0	1	1337	2	0	1250
AV98LHJ	13	Picture	Flicker2	485805	1337	1	1337	2	1250	1250
AV98LHJ	13	Picture	Flicker3	487142	2674	1	1338	2	2500	1250
AV98LHJ	14	Picture	Delay	488647	0	1	18555	2	0	18420
AV98LHJ	15	Picture	2_1_Retrieval_Working_Memory_MEG_P5_LR_Salient_DoChange_CuedRetrieval_retrieval_patch_orientation_023_retrieval_position_4	507369	0	1	30089	2	0	29920
AV98LHJ	15	Response	20	515711	8342	3
AV98LHJ	16	Picture	ITI	557518	0	1	19558	2	0	19420
AV98LHJ	17	Picture	CueingCross	577243	0	1	3009	2	0	2920
AV98LHJ	18	Picture	PrepTime	580419	0	2	3009	3	0	2920
AV98LHJ	19	Picture	2_2_Encoding_Working_Memory_MEG_P5_LR_Salient_NoChange_CuedRetrieval_300_300_399_1900_3000_2000_gabor_patch_orientation_020_076_003_163_target_position_1_2_retrieval_position_2	583595	0	2	1338	3	0	1250
AV98LHJ	19	Picture	Flicker2	584933	1338	1	1337	2	1250	1250
AV98LHJ	19	Picture	Flicker3	586270	2675	1	1337	2	2500	1250
AV98LHJ	20	Picture	Delay	587774	0	2	19057	3	0	18920
AV98LHJ	21	Picture	2_2_Retrieval_Working_Memory_MEG_P5_LR_Salient_NoChange_CuedRetrieval_retrieval_patch_orientation_076_retrieval_position_2	606998	0	1	30090	2	0	29920
AV98LHJ	21	Response	10	623519	16521	4
AV98LHJ	22	Picture	ITI	657147	0	1	20060	2	0	19920
AV98LHJ	23	Picture	CueingCross	677374	0	1	3009	2	0	2920
AV98LHJ	24	Picture	PrepTime	680550	0	1	3009	2	0	2920
AV98LHJ	25	Picture	2_3_Encoding_Working_Memory_MEG_P5_LR_Salient_NoChange_CuedRetrieval_300_300_399_1750_3000_2050_gabor_patch_orientation_083_122_066_102_target_position_2_4_retrieval_position_4	683726	0	1	1337	2	0	1250
AV98LHJ	25	Picture	Flicker2	685063	1337	1	1338	2	1250	1250
AV98LHJ	25	Picture	Flicker3	686401	2675	1	1337	2	2500	1250
AV98LHJ	26	Picture	Delay	687905	0	1	17552	2	0	17420
AV98LHJ	27	Picture	2_3_Retrieval_Working_Memory_MEG_P5_LR_Salient_NoChange_CuedRetrieval_retrieval_patch_orientation_102_retrieval_position_4	705624	0	2	30090	3	0	29920
AV98LHJ	27	Response	10	733387	27763	4
AV98LHJ	28	Picture	ITI	755773	0	2	20561	3	0	20420
AV98LHJ	29	Picture	CueingCross	776502	0	1	3008	3	0	2920
AV98LHJ	30	Picture	PrepTime	779678	0	1	3008	3	0	2920
AV98LHJ	31	Picture	2_4_Encoding_Working_Memory_MEG_P5_LR_Salient_DoChange_CuedRetrieval_300_300_399_1800_3000_1900_gabor_patch_orientation_155_090_027_174_target_position_2_4_retrieval_position_2	782854	0	1	1337	2	0	1250
AV98LHJ	31	Picture	Flicker2	784191	1337	1	1337	2	1250	1250
AV98LHJ	31	Picture	Flicker3	785528	2674	1	1338	2	2500	1250
AV98LHJ	32	Picture	Delay	787033	0	1	18053	3	0	17920
AV98LHJ	33	Picture	2_4_Retrieval_Working_Memory_MEG_P5_LR_Salient_DoChange_CuedRetrieval_retrieval_patch_orientation_136_retrieval_position_2	805254	0	1	30089	2	0	29920
AV98LHJ	33	Response	20	824786	19532	4
AV98LHJ	34	Picture	ITI	855402	0	2	19057	3	0	18920
AV98LHJ	35	Picture	BaselinePost	874626	0	1	20060	2	0	20000
AV98LHJ	36	Picture	Instruction_S_C	894853	0	1	50149	2	0	50000
