Scenario - ATWM1_Working_Memory_MEG_salient_uncued_run2
Logfile written - 02/18/2016 17:13:44

Subject	Trial	Event Type	Code	Time	TTime	Uncertainty	Duration	Uncertainty	ReqTime	ReqDur

AV98LHJ	1	Picture	ExpStart	29	0	1	10030	2	0	10000
AV98LHJ	2	Picture	BaselinePre	10226	0	1	100131	2	0	100000
AV98LHJ	3	Picture	CueingCross	110524	0	1	3009	2	0	2920
AV98LHJ	4	Picture	PrepTime	113700	0	1	3009	2	0	2920
AV98LHJ	5	Picture	2_1_Encoding_Working_Memory_MEG_P5_LR_Salient_NoChange_CuedRetrieval_300_300_399_1800_3000_2000_gabor_patch_orientation_078_137_014_047_target_position_1_4_retrieval_position_4	116876	0	1	1337	3	0	1250
AV98LHJ	5	Picture	Flicker2	118213	1337	2	1338	3	1250	1250
AV98LHJ	5	Picture	Flicker3	119551	2675	1	1337	2	2500	1250
AV98LHJ	6	Picture	Delay	121055	0	1	18054	2	0	17920
AV98LHJ	7	Picture	2_1_Retrieval_Working_Memory_MEG_P5_LR_Salient_NoChange_CuedRetrieval_retrieval_patch_orientation_047_retrieval_position_4	139276	0	1	30089	2	0	29920
AV98LHJ	7	Response	20	148258	8982	4
AV98LHJ	8	Picture	ITI	169532	0	2	20060	3	0	19920
AV98LHJ	9	Picture	CueingCross	189759	0	1	3009	2	0	2920
AV98LHJ	10	Picture	PrepTime	192935	0	2	3009	3	0	2920
AV98LHJ	11	Picture	2_2_Encoding_Working_Memory_MEG_P5_LR_Salient_DoChange_CuedRetrieval_300_300_399_1750_3000_2250_gabor_patch_orientation_009_134_080_167_target_position_1_2_retrieval_position_1	196111	0	2	1338	3	0	1250
AV98LHJ	11	Picture	Flicker2	197449	1338	1	1337	2	1250	1250
AV98LHJ	11	Picture	Flicker3	198786	2675	1	1337	2	2500	1250
AV98LHJ	12	Picture	Delay	200290	0	2	17553	3	0	17420
AV98LHJ	13	Picture	2_2_Retrieval_Working_Memory_MEG_P5_LR_Salient_DoChange_CuedRetrieval_retrieval_patch_orientation_055_retrieval_position_1	218010	0	1	30089	2	0	29920
AV98LHJ	13	Response	20	225867	7857	4
AV98LHJ	14	Picture	ITI	248266	0	2	22567	3	0	22420
AV98LHJ	15	Picture	CueingCross	271000	0	2	3009	3	0	2920
AV98LHJ	16	Picture	PrepTime	274177	0	1	3008	3	0	2920
AV98LHJ	17	Picture	2_3_Encoding_Working_Memory_MEG_P5_LR_Salient_DoChange_CuedRetrieval_300_300_399_2050_3000_2300_gabor_patch_orientation_064_142_175_014_target_position_2_4_retrieval_position_2	277353	0	1	1337	2	0	1250
AV98LHJ	17	Picture	Flicker2	278690	1337	1	1337	2	1250	1250
AV98LHJ	17	Picture	Flicker3	280027	2674	1	1338	2	2500	1250
AV98LHJ	18	Picture	Delay	281532	0	1	20561	2	0	20420
AV98LHJ	19	Picture	2_3_Retrieval_Working_Memory_MEG_P5_LR_Salient_DoChange_CuedRetrieval_retrieval_patch_orientation_094_retrieval_position_2	302260	0	1	30089	2	0	29920
AV98LHJ	19	Response	20	319246	16986	3
AV98LHJ	20	Picture	ITI	332516	0	2	23069	3	0	22920
AV98LHJ	21	Picture	CueingCross	355752	0	1	3009	2	0	2920
AV98LHJ	22	Picture	PrepTime	358928	0	1	3009	2	0	2920
AV98LHJ	23	Picture	2_4_Encoding_Working_Memory_MEG_P5_LR_Salient_NoChange_CuedRetrieval_300_300_399_1950_3000_2400_gabor_patch_orientation_094_039_179_117_target_position_2_4_retrieval_position_4	362104	0	2	1338	3	0	1250
AV98LHJ	23	Picture	Flicker2	363442	1338	1	1337	2	1250	1250
AV98LHJ	23	Picture	Flicker3	364779	2675	1	1337	2	2500	1250
AV98LHJ	24	Picture	Delay	366283	0	2	19558	4	0	19420
AV98LHJ	25	Picture	2_4_Retrieval_Working_Memory_MEG_P5_LR_Salient_NoChange_CuedRetrieval_retrieval_patch_orientation_117_retrieval_position_4	386009	0	1	30089	2	0	29920
AV98LHJ	25	Response	10	405134	19125	4
AV98LHJ	26	Picture	ITI	416265	0	1	24072	2	0	23920
AV98LHJ	27	Picture	CueingCross	440504	0	1	3009	2	0	2920
AV98LHJ	28	Picture	PrepTime	443680	0	1	3009	2	0	2920
AV98LHJ	29	Picture	2_5_Encoding_Working_Memory_MEG_P5_LR_Salient_DoChange_CuedRetrieval_300_300_399_1750_3000_2100_gabor_patch_orientation_071_012_120_092_target_position_1_4_retrieval_position_4	446856	0	1	1337	2	0	1250
AV98LHJ	29	Picture	Flicker2	448193	1337	1	1338	2	1250	1250
AV98LHJ	29	Picture	Flicker3	449531	2675	1	1337	2	2500	1250
AV98LHJ	30	Picture	Delay	451035	0	1	17552	2	0	17420
AV98LHJ	31	Picture	2_5_Retrieval_Working_Memory_MEG_P5_LR_Salient_DoChange_CuedRetrieval_retrieval_patch_orientation_045_retrieval_position_4	468754	0	2	30090	3	0	29920
AV98LHJ	31	Response	20	483413	14659	4
AV98LHJ	32	Picture	ITI	499011	0	1	21062	3	0	20920
AV98LHJ	33	Picture	CueingCross	520241	0	1	3009	2	0	2920
AV98LHJ	34	Picture	PrepTime	523417	0	1	3009	2	0	2920
AV98LHJ	35	Picture	2_6_Encoding_Working_Memory_MEG_P5_LR_Salient_NoChange_UncuedRetriev_300_300_399_1850_3000_2450_gabor_patch_orientation_034_140_167_081_target_position_2_4_retrieval_position_3	526593	0	1	1337	2	0	1250
AV98LHJ	35	Picture	Flicker2	527930	1337	1	1337	3	1250	1250
AV98LHJ	35	Picture	Flicker3	529267	2674	2	1338	3	2500	1250
AV98LHJ	36	Picture	Delay	530772	0	1	18555	2	0	18420
AV98LHJ	37	Picture	2_6_Retrieval_Working_Memory_MEG_P5_LR_Salient_NoChange_UncuedRetriev_retrieval_patch_orientation_167_retrieval_position_3	549494	0	1	30089	3	0	29920
AV98LHJ	37	Response	20	561722	12228	4
AV98LHJ	38	Picture	ITI	579751	0	1	24573	2	0	24420
AV98LHJ	39	Picture	CueingCross	604491	0	1	3009	2	0	2920
AV98LHJ	40	Picture	PrepTime	607667	0	1	3009	2	0	2920
AV98LHJ	41	Picture	2_7_Encoding_Working_Memory_MEG_P5_LR_Salient_NoChange_CuedRetrieval_300_300_399_2150_3000_2050_gabor_patch_orientation_078_018_058_148_target_position_1_3_retrieval_position_3	610843	0	1	1337	2	0	1250
AV98LHJ	41	Picture	Flicker2	612180	1337	1	1338	2	1250	1250
AV98LHJ	41	Picture	Flicker3	613518	2675	1	1337	2	2500	1250
AV98LHJ	42	Picture	Delay	615022	0	1	21564	2	0	21420
AV98LHJ	43	Picture	2_7_Retrieval_Working_Memory_MEG_P5_LR_Salient_NoChange_CuedRetrieval_retrieval_patch_orientation_058_retrieval_position_3	636753	0	2	30090	3	0	29920
AV98LHJ	43	Response	20	659251	22498	3
AV98LHJ	44	Picture	ITI	667010	0	1	20561	2	0	20420
AV98LHJ	45	Picture	CueingCross	687738	0	1	3009	2	0	2920
AV98LHJ	46	Picture	PrepTime	690914	0	1	3009	2	0	2920
AV98LHJ	47	Picture	2_8_Encoding_Working_Memory_MEG_P5_LR_Salient_NoChange_CuedRetrieval_300_300_399_1900_3000_2400_gabor_patch_orientation_016_122_094_078_target_position_1_3_retrieval_position_3	694090	0	1	1337	3	0	1250
AV98LHJ	47	Picture	Flicker2	695427	1337	2	1338	3	1250	1250
AV98LHJ	47	Picture	Flicker3	696765	2675	1	1337	2	2500	1250
AV98LHJ	48	Picture	Delay	698269	0	1	19057	2	0	18920
AV98LHJ	49	Picture	2_8_Retrieval_Working_Memory_MEG_P5_LR_Salient_NoChange_CuedRetrieval_retrieval_patch_orientation_094_retrieval_position_3	717493	0	1	30089	2	0	29920
AV98LHJ	49	Response	10	734600	17107	3
AV98LHJ	50	Picture	ITI	747749	0	2	24072	3	0	23920
AV98LHJ	51	Picture	CueingCross	771988	0	1	3009	2	0	2920
AV98LHJ	52	Picture	PrepTime	775164	0	1	3009	2	0	2920
AV98LHJ	53	Picture	2_9_Encoding_Working_Memory_MEG_P5_LR_Salient_DoChange_CuedRetrieval_300_300_399_1800_3000_2000_gabor_patch_orientation_094_076_111_144_target_position_2_4_retrieval_position_4	778340	0	2	1338	3	0	1250
AV98LHJ	53	Picture	Flicker2	779678	1338	1	1337	2	1250	1250
AV98LHJ	53	Picture	Flicker3	781015	2675	1	1337	2	2500	1250
AV98LHJ	54	Picture	Delay	782519	0	2	18054	3	0	17920
AV98LHJ	55	Picture	2_9_Retrieval_Working_Memory_MEG_P5_LR_Salient_DoChange_CuedRetrieval_retrieval_patch_orientation_005_retrieval_position_4	800740	0	1	30090	2	0	29920
AV98LHJ	55	Response	20	817069	16329	3
AV98LHJ	56	Picture	ITI	830997	0	1	20059	2	0	19920
AV98LHJ	57	Picture	CueingCross	851223	0	2	3009	4	0	2920
AV98LHJ	58	Picture	PrepTime	854400	0	1	3008	3	0	2920
AV98LHJ	59	Picture	2_10_Encoding_Working_Memory_MEG_P5_LR_Salient_DoChange_CuedRetrieval_300_300_399_1900_3000_1900_gabor_patch_orientation_088_053_111_126_target_position_2_4_retrieval_position_4	857576	0	1	1337	2	0	1250
AV98LHJ	59	Picture	Flicker2	858913	1337	1	1337	2	1250	1250
AV98LHJ	59	Picture	Flicker3	860250	2674	1	1338	2	2500	1250
AV98LHJ	60	Picture	Delay	861755	0	1	19056	2	0	18920
AV98LHJ	61	Picture	2_10_Retrieval_Working_Memory_MEG_P5_LR_Salient_DoChange_CuedRetrieval_retrieval_patch_orientation_174_retrieval_position_4	880978	0	2	30090	3	0	29920
AV98LHJ	61	Response	20	896247	15269	4
AV98LHJ	62	Picture	ITI	911235	0	1	19057	2	0	18920
AV98LHJ	63	Picture	CueingCross	930459	0	1	3009	2	0	2920
AV98LHJ	64	Picture	PrepTime	933635	0	1	3009	2	0	2920
AV98LHJ	65	Picture	2_11_Encoding_Working_Memory_MEG_P5_LR_Salient_DoChange_CuedRetrieval_300_300_399_2050_3000_2200_gabor_patch_orientation_097_074_043_133_target_position_1_2_retrieval_position_2	936811	0	1	1337	2	0	1250
AV98LHJ	65	Picture	Flicker2	938148	1337	1	1338	2	1250	1250
AV98LHJ	65	Picture	Flicker3	939486	2675	1	1337	2	2500	1250
AV98LHJ	66	Picture	Delay	940990	0	1	20561	2	0	20420
AV98LHJ	67	Picture	2_11_Retrieval_Working_Memory_MEG_P5_LR_Salient_DoChange_CuedRetrieval_retrieval_patch_orientation_026_retrieval_position_2	961718	0	2	30090	3	0	29920
AV98LHJ	67	Response	20	979466	17748	4
AV98LHJ	68	Picture	ITI	991975	0	1	22065	2	0	21920
AV98LHJ	69	Picture	CueingCross	1014207	0	2	3009	3	0	2920
AV98LHJ	70	Picture	PrepTime	1017384	0	1	3008	3	0	2920
AV98LHJ	71	Picture	2_12_Encoding_Working_Memory_MEG_P5_LR_Salient_DoChange_UncuedRetriev_300_300_399_1800_3000_2050_gabor_patch_orientation_126_170_155_082_target_position_1_4_retrieval_position_3	1020560	0	1	1337	2	0	1250
AV98LHJ	71	Picture	Flicker2	1021897	1337	1	1337	2	1250	1250
AV98LHJ	71	Picture	Flicker3	1023234	2674	1	1338	2	2500	1250
AV98LHJ	72	Picture	Delay	1024739	0	1	18053	2	0	17920
AV98LHJ	73	Picture	2_12_Retrieval_Working_Memory_MEG_P5_LR_Salient_DoChange_UncuedRetriev_retrieval_patch_orientation_107_retrieval_position_3	1042960	0	1	30089	2	0	29920
AV98LHJ	73	Response	10	1064505	21545	4
AV98LHJ	74	Picture	ITI	1073216	0	1	20561	2	0	20420
AV98LHJ	75	Picture	CueingCross	1093944	0	2	3009	3	0	2920
AV98LHJ	76	Picture	PrepTime	1097120	0	2	3009	3	0	2920
AV98LHJ	77	Picture	2_13_Encoding_Working_Memory_MEG_P5_LR_Salient_DoChange_CuedRetrieval_300_300_399_1950_3000_2250_gabor_patch_orientation_092_150_017_171_target_position_3_4_retrieval_position_4	1100296	0	2	1338	3	0	1250
AV98LHJ	77	Picture	Flicker2	1101634	1338	1	1337	2	1250	1250
AV98LHJ	77	Picture	Flicker3	1102971	2675	1	1337	3	2500	1250
AV98LHJ	78	Picture	Delay	1104476	0	1	19558	2	0	19420
AV98LHJ	79	Picture	2_13_Retrieval_Working_Memory_MEG_P5_LR_Salient_DoChange_CuedRetrieval_retrieval_patch_orientation_035_retrieval_position_4	1124201	0	1	30089	2	0	29920
AV98LHJ	79	Response	20	1134804	10603	4
AV98LHJ	80	Picture	ITI	1154457	0	2	22567	3	0	22420
AV98LHJ	81	Picture	CueingCross	1177191	0	2	3009	3	0	2920
AV98LHJ	82	Picture	PrepTime	1180368	0	1	3008	3	0	2920
AV98LHJ	83	Picture	2_14_Encoding_Working_Memory_MEG_P5_LR_Salient_DoChange_UncuedRetriev_300_300_399_1800_3000_2500_gabor_patch_orientation_167_061_099_019_target_position_2_4_retrieval_position_3	1183544	0	1	1337	2	0	1250
AV98LHJ	83	Picture	Flicker2	1184881	1337	1	1337	2	1250	1250
AV98LHJ	83	Picture	Flicker3	1186218	2674	1	1338	2	2500	1250
AV98LHJ	84	Picture	Delay	1187723	0	1	18053	2	0	17920
AV98LHJ	85	Picture	2_14_Retrieval_Working_Memory_MEG_P5_LR_Salient_DoChange_UncuedRetriev_retrieval_patch_orientation_146_retrieval_position_3	1205944	0	1	30089	2	0	29920
AV98LHJ	85	Response	20	1217943	11999	4
AV98LHJ	86	Picture	ITI	1236200	0	1	25074	3	0	24920
AV98LHJ	87	Picture	CueingCross	1261442	0	1	3009	2	0	2920
AV98LHJ	88	Picture	PrepTime	1264618	0	1	3009	2	0	2920
AV98LHJ	89	Picture	2_15_Encoding_Working_Memory_MEG_P5_LR_Salient_NoChange_CuedRetrieval_300_300_399_2000_3000_2350_gabor_patch_orientation_139_073_115_154_target_position_1_3_retrieval_position_1	1267794	0	1	1337	2	0	1250
AV98LHJ	89	Picture	Flicker2	1269131	1337	1	1337	3	1250	1250
AV98LHJ	89	Picture	Flicker3	1270468	2674	2	1338	3	2500	1250
AV98LHJ	90	Picture	Delay	1271973	0	1	20060	2	0	19920
AV98LHJ	91	Picture	2_15_Retrieval_Working_Memory_MEG_P5_LR_Salient_NoChange_CuedRetrieval_retrieval_patch_orientation_139_retrieval_position_1	1292200	0	1	30089	2	0	29920
AV98LHJ	91	Response	10	1304032	11832	3
AV98LHJ	92	Picture	ITI	1322456	0	1	23570	2	0	23420
AV98LHJ	93	Picture	CueingCross	1346193	0	2	3009	3	0	2920
AV98LHJ	94	Picture	PrepTime	1349369	0	2	3009	3	0	2920
AV98LHJ	95	Picture	2_16_Encoding_Working_Memory_MEG_P5_LR_Salient_NoChange_CuedRetrieval_300_300_399_2050_3000_2300_gabor_patch_orientation_136_105_030_163_target_position_1_3_retrieval_position_3	1352546	0	1	1337	2	0	1250
AV98LHJ	95	Picture	Flicker2	1353883	1337	1	1337	2	1250	1250
AV98LHJ	95	Picture	Flicker3	1355220	2674	1	1337	3	2500	1250
AV98LHJ	96	Picture	Delay	1356725	0	1	20561	2	0	20420
AV98LHJ	97	Picture	2_16_Retrieval_Working_Memory_MEG_P5_LR_Salient_NoChange_CuedRetrieval_retrieval_patch_orientation_030_retrieval_position_3	1377453	0	1	30089	2	0	29920
AV98LHJ	97	Response	10	1388130	10677	4
AV98LHJ	98	Picture	ITI	1407709	0	2	23069	3	0	22920
AV98LHJ	99	Picture	CueingCross	1430945	0	1	3009	2	0	2920
AV98LHJ	100	Picture	PrepTime	1434121	0	1	3009	2	0	2920
AV98LHJ	101	Picture	2_17_Encoding_Working_Memory_MEG_P5_LR_Salient_DoChange_CuedRetrieval_300_300_399_2200_3000_2600_gabor_patch_orientation_149_170_059_083_target_position_2_4_retrieval_position_4	1437297	0	1	1337	3	0	1250
AV98LHJ	101	Picture	Flicker2	1438634	1337	2	1338	3	1250	1250
AV98LHJ	101	Picture	Flicker3	1439972	2675	1	1337	2	2500	1250
AV98LHJ	102	Picture	Delay	1441476	0	2	22066	3	0	21920
AV98LHJ	103	Picture	2_17_Retrieval_Working_Memory_MEG_P5_LR_Salient_DoChange_CuedRetrieval_retrieval_patch_orientation_128_retrieval_position_4	1463709	0	1	30089	2	0	29920
AV98LHJ	103	Response	20	1474189	10480	4
AV98LHJ	104	Picture	ITI	1493965	0	2	26078	3	0	25920
AV98LHJ	105	Picture	CueingCross	1520210	0	1	3009	2	0	2920
AV98LHJ	106	Picture	PrepTime	1523386	0	1	3009	2	0	2920
AV98LHJ	107	Picture	2_18_Encoding_Working_Memory_MEG_P5_LR_Salient_NoChange_CuedRetrieval_300_300_399_2150_3000_2500_gabor_patch_orientation_069_084_107_129_target_position_2_3_retrieval_position_3	1526562	0	2	1338	3	0	1250
AV98LHJ	107	Picture	Flicker2	1527900	1338	1	1337	2	1250	1250
AV98LHJ	107	Picture	Flicker3	1529237	2675	1	1337	2	2500	1250
AV98LHJ	108	Picture	Delay	1530741	0	2	21564	4	0	21420
AV98LHJ	109	Picture	2_18_Retrieval_Working_Memory_MEG_P5_LR_Salient_NoChange_CuedRetrieval_retrieval_patch_orientation_107_retrieval_position_3	1552473	0	1	30089	2	0	29920
AV98LHJ	109	Response	10	1564658	12185	4
AV98LHJ	110	Picture	ITI	1582729	0	1	25074	3	0	24920
AV98LHJ	111	Picture	CueingCross	1607971	0	1	3009	2	0	2920
AV98LHJ	112	Picture	PrepTime	1611147	0	1	3009	2	0	2920
AV98LHJ	113	Picture	2_19_Encoding_Working_Memory_MEG_P5_LR_Salient_DoChange_CuedRetrieval_300_300_399_1900_3000_2150_gabor_patch_orientation_091_173_065_111_target_position_2_3_retrieval_position_2	1614323	0	1	1337	2	0	1250
AV98LHJ	113	Picture	Flicker2	1615660	1337	1	1337	3	1250	1250
AV98LHJ	113	Picture	Flicker3	1616997	2674	2	1338	3	2500	1250
AV98LHJ	114	Picture	Delay	1618502	0	1	19057	2	0	18920
AV98LHJ	115	Picture	2_19_Retrieval_Working_Memory_MEG_P5_LR_Salient_DoChange_CuedRetrieval_retrieval_patch_orientation_038_retrieval_position_2	1637726	0	1	30089	2	0	29920
AV98LHJ	115	Response	20	1648647	10921	3
AV98LHJ	116	Picture	ITI	1667982	0	2	21564	3	0	21420
AV98LHJ	117	Picture	CueingCross	1689713	0	2	3009	3	0	2920
AV98LHJ	118	Picture	PrepTime	1692890	0	1	3008	3	0	2920
AV98LHJ	119	Picture	2_20_Encoding_Working_Memory_MEG_P5_LR_Salient_DoChange_UncuedRetriev_300_300_399_2100_3000_2350_gabor_patch_orientation_131_064_042_006_target_position_2_3_retrieval_position_1	1696066	0	1	1337	2	0	1250
AV98LHJ	119	Picture	Flicker2	1697403	1337	1	1337	2	1250	1250
AV98LHJ	119	Picture	Flicker3	1698740	2674	1	1338	2	2500	1250
AV98LHJ	120	Picture	Delay	1700245	0	1	21062	2	0	20920
AV98LHJ	121	Picture	2_20_Retrieval_Working_Memory_MEG_P5_LR_Salient_DoChange_UncuedRetriev_retrieval_patch_orientation_086_retrieval_position_1	1721474	0	2	30090	3	0	29920
AV98LHJ	121	Response	20	1732996	11522	3
AV98LHJ	122	Picture	ITI	1751731	0	1	23570	2	0	23420
AV98LHJ	123	Picture	CueingCross	1775468	0	1	3009	2	0	2920
AV98LHJ	124	Picture	PrepTime	1778644	0	1	3009	2	0	2920
AV98LHJ	125	Picture	2_21_Encoding_Working_Memory_MEG_P5_LR_Salient_NoChange_CuedRetrieval_300_300_399_1900_3000_2550_gabor_patch_orientation_068_042_156_129_target_position_1_3_retrieval_position_1	1781820	0	2	1338	3	0	1250
AV98LHJ	125	Picture	Flicker2	1783158	1338	1	1337	2	1250	1250
AV98LHJ	125	Picture	Flicker3	1784495	2675	1	1337	2	2500	1250
AV98LHJ	126	Picture	Delay	1785999	0	2	19057	3	0	18920
AV98LHJ	127	Picture	2_21_Retrieval_Working_Memory_MEG_P5_LR_Salient_NoChange_CuedRetrieval_retrieval_patch_orientation_068_retrieval_position_1	1805223	0	1	30089	3	0	29920
AV98LHJ	127	Response	20	1819134	13911	4
AV98LHJ	128	Picture	ITI	1835480	0	1	25576	2	0	25420
AV98LHJ	129	Picture	CueingCross	1861223	0	1	3009	2	0	2920
AV98LHJ	130	Picture	PrepTime	1864399	0	1	3009	2	0	2920
AV98LHJ	131	Picture	2_22_Encoding_Working_Memory_MEG_P5_LR_Salient_NoChange_CuedRetrieval_300_300_399_2000_3000_2600_gabor_patch_orientation_009_127_148_168_target_position_2_3_retrieval_position_3	1867575	0	1	1337	2	0	1250
AV98LHJ	131	Picture	Flicker2	1868912	1337	1	1338	2	1250	1250
AV98LHJ	131	Picture	Flicker3	1870250	2675	1	1337	2	2500	1250
AV98LHJ	132	Picture	Delay	1871754	0	1	20060	2	0	19920
AV98LHJ	133	Picture	2_22_Retrieval_Working_Memory_MEG_P5_LR_Salient_NoChange_CuedRetrieval_retrieval_patch_orientation_148_retrieval_position_3	1891981	0	1	30089	2	0	29920
AV98LHJ	133	Response	10	1903673	11692	4
AV98LHJ	134	Picture	ITI	1922237	0	2	26078	3	0	25920
AV98LHJ	135	Picture	CueingCross	1948482	0	1	3009	2	0	2920
AV98LHJ	136	Picture	PrepTime	1951658	0	1	3009	2	0	2920
AV98LHJ	137	Picture	2_23_Encoding_Working_Memory_MEG_P5_LR_Salient_DoChange_CuedRetrieval_300_300_399_1850_3000_1900_gabor_patch_orientation_123_142_101_176_target_position_1_3_retrieval_position_3	1954834	0	1	1337	2	0	1250
AV98LHJ	137	Picture	Flicker2	1956171	1337	1	1338	2	1250	1250
AV98LHJ	137	Picture	Flicker3	1957509	2675	1	1337	2	2500	1250
AV98LHJ	138	Picture	Delay	1959012	0	2	18556	3	0	18420
AV98LHJ	139	Picture	2_23_Retrieval_Working_Memory_MEG_P5_LR_Salient_DoChange_CuedRetrieval_retrieval_patch_orientation_055_retrieval_position_3	1977735	0	2	30090	3	0	29920
AV98LHJ	139	Response	20	1993602	15867	3
AV98LHJ	140	Picture	ITI	2007992	0	2	19057	3	0	18920
AV98LHJ	141	Picture	CueingCross	2027216	0	1	3009	2	0	2920
AV98LHJ	142	Picture	PrepTime	2030392	0	1	3009	2	0	2920
AV98LHJ	143	Picture	2_24_Encoding_Working_Memory_MEG_P5_LR_Salient_NoChange_CuedRetrieval_300_300_399_2000_3000_1950_gabor_patch_orientation_160_072_052_093_target_position_1_4_retrieval_position_1	2033568	0	1	1337	2	0	1250
AV98LHJ	143	Picture	Flicker2	2034905	1337	1	1337	3	1250	1250
AV98LHJ	143	Picture	Flicker3	2036242	2674	2	1338	3	2500	1250
AV98LHJ	144	Picture	Delay	2037747	0	1	20059	3	0	19920
AV98LHJ	145	Picture	2_24_Retrieval_Working_Memory_MEG_P5_LR_Salient_NoChange_CuedRetrieval_retrieval_patch_orientation_160_retrieval_position_1	2057974	0	1	30089	2	0	29920
AV98LHJ	145	Response	10	2075771	17797	3
AV98LHJ	146	Picture	ITI	2088230	0	1	19558	2	0	19420
AV98LHJ	147	Picture	CueingCross	2107955	0	2	3009	3	0	2920
AV98LHJ	148	Picture	PrepTime	2111132	0	1	3008	3	0	2920
AV98LHJ	149	Picture	2_25_Encoding_Working_Memory_MEG_P5_LR_Salient_DoChange_CuedRetrieval_300_300_399_1850_3000_2100_gabor_patch_orientation_084_172_102_021_target_position_2_3_retrieval_position_2	2114308	0	1	1337	3	0	1250
AV98LHJ	149	Picture	Flicker2	2115645	1337	2	1337	3	1250	1250
AV98LHJ	149	Picture	Flicker3	2116982	2674	1	1338	2	2500	1250
AV98LHJ	150	Picture	Delay	2118487	0	1	18555	2	0	18420
AV98LHJ	151	Picture	2_25_Retrieval_Working_Memory_MEG_P5_LR_Salient_DoChange_CuedRetrieval_retrieval_patch_orientation_037_retrieval_position_2	2137209	0	1	30089	2	0	29920
AV98LHJ	151	Response	20	2155900	18691	3
AV98LHJ	152	Picture	ITI	2167465	0	2	21063	3	0	20920
AV98LHJ	153	Picture	CueingCross	2188695	0	1	3009	2	0	2920
AV98LHJ	154	Picture	PrepTime	2191871	0	2	3009	3	0	2920
AV98LHJ	155	Picture	2_26_Encoding_Working_Memory_MEG_P5_LR_Salient_DoChange_CuedRetrieval_300_300_399_2100_3000_2300_gabor_patch_orientation_151_121_046_078_target_position_1_4_retrieval_position_1	2195047	0	2	1338	3	0	1250
AV98LHJ	155	Picture	Flicker2	2196385	1338	1	1337	2	1250	1250
AV98LHJ	155	Picture	Flicker3	2197722	2675	1	1337	2	2500	1250
AV98LHJ	156	Picture	Delay	2199226	0	2	21063	3	0	20920
AV98LHJ	157	Picture	2_26_Retrieval_Working_Memory_MEG_P5_LR_Salient_DoChange_CuedRetrieval_retrieval_patch_orientation_013_retrieval_position_1	2220456	0	1	30090	2	0	29920
AV98LHJ	157	Response	10	2242838	22382	4
AV98LHJ	158	Picture	ITI	2250713	0	1	23068	2	0	22920
AV98LHJ	158	Response	20	2251758	1045	4
AV98LHJ	159	Picture	CueingCross	2273948	0	2	3009	3	0	2920
AV98LHJ	160	Picture	PrepTime	2277124	0	2	3009	3	0	2920
AV98LHJ	161	Picture	2_27_Encoding_Working_Memory_MEG_P5_LR_Salient_DoChange_UncuedRetriev_300_300_399_2200_3000_1950_gabor_patch_orientation_090_155_179_114_target_position_1_2_retrieval_position_4	2280301	0	1	1337	2	0	1250
AV98LHJ	161	Picture	Flicker2	2281638	1337	1	1337	2	1250	1250
AV98LHJ	161	Picture	Flicker3	2282975	2674	1	1337	3	2500	1250
AV98LHJ	162	Picture	Delay	2284480	0	1	22065	2	0	21920
AV98LHJ	163	Picture	2_27_Retrieval_Working_Memory_MEG_P5_LR_Salient_DoChange_UncuedRetriev_retrieval_patch_orientation_066_retrieval_position_4	2306712	0	2	30090	3	0	29920
AV98LHJ	163	Response	20	2313447	6735	4
AV98LHJ	164	Picture	ITI	2336969	0	1	19558	2	0	19420
AV98LHJ	165	Picture	CueingCross	2356694	0	1	3009	2	0	2920
AV98LHJ	166	Picture	PrepTime	2359870	0	1	3009	2	0	2920
AV98LHJ	167	Picture	2_28_Encoding_Working_Memory_MEG_P5_LR_Salient_DoChange_CuedRetrieval_300_300_399_1750_3000_2350_gabor_patch_orientation_025_076_109_043_target_position_1_4_retrieval_position_1	2363046	0	2	1338	3	0	1250
AV98LHJ	167	Picture	Flicker2	2364384	1338	1	1337	2	1250	1250
AV98LHJ	167	Picture	Flicker3	2365721	2675	1	1337	2	2500	1250
AV98LHJ	168	Picture	Delay	2367225	0	2	17552	4	0	17420
AV98LHJ	169	Picture	2_28_Retrieval_Working_Memory_MEG_P5_LR_Salient_DoChange_CuedRetrieval_retrieval_patch_orientation_163_retrieval_position_1	2384945	0	1	30089	2	0	29920
AV98LHJ	169	Response	20	2394086	9141	4
AV98LHJ	170	Picture	ITI	2415201	0	1	23570	2	0	23420
AV98LHJ	171	Picture	CueingCross	2438938	0	2	3009	3	0	2920
AV98LHJ	172	Picture	PrepTime	2442114	0	2	3009	4	0	2920
AV98LHJ	173	Picture	2_29_Encoding_Working_Memory_MEG_P5_LR_Salient_NoChange_CuedRetrieval_300_300_399_2050_3000_2450_gabor_patch_orientation_040_064_122_080_target_position_1_3_retrieval_position_3	2445291	0	1	1337	2	0	1250
AV98LHJ	173	Picture	Flicker2	2446628	1337	1	1337	2	1250	1250
AV98LHJ	173	Picture	Flicker3	2447965	2674	1	1337	3	2500	1250
AV98LHJ	174	Picture	Delay	2449470	0	1	20561	2	0	20420
AV98LHJ	175	Picture	2_29_Retrieval_Working_Memory_MEG_P5_LR_Salient_NoChange_CuedRetrieval_retrieval_patch_orientation_122_retrieval_position_3	2470198	0	1	30089	2	0	29920
AV98LHJ	175	Response	10	2487675	17477	3
AV98LHJ	176	Picture	ITI	2500454	0	2	24573	3	0	24420
AV98LHJ	177	Picture	CueingCross	2525194	0	2	3009	3	0	2920
AV98LHJ	178	Picture	PrepTime	2528371	0	1	3008	3	0	2920
AV98LHJ	179	Picture	2_30_Encoding_Working_Memory_MEG_P5_LR_Salient_DoChange_CuedRetrieval_300_300_399_2250_3000_2050_gabor_patch_orientation_071_088_053_110_target_position_2_3_retrieval_position_2	2531547	0	1	1337	2	0	1250
AV98LHJ	179	Picture	Flicker2	2532884	1337	1	1337	2	1250	1250
AV98LHJ	179	Picture	Flicker3	2534221	2674	1	1338	2	2500	1250
AV98LHJ	180	Picture	Delay	2535726	0	1	22567	2	0	22420
AV98LHJ	181	Picture	2_30_Retrieval_Working_Memory_MEG_P5_LR_Salient_DoChange_CuedRetrieval_retrieval_patch_orientation_136_retrieval_position_2	2558460	0	1	30089	2	0	29920
AV98LHJ	181	Response	10	2574034	15574	4
AV98LHJ	182	Picture	ITI	2588716	0	2	20561	4	0	20420
AV98LHJ	183	Picture	CueingCross	2609445	0	1	3009	2	0	2920
AV98LHJ	184	Picture	PrepTime	2612621	0	1	3009	2	0	2920
AV98LHJ	185	Picture	2_31_Encoding_Working_Memory_MEG_P5_LR_Salient_NoChange_UncuedRetriev_300_300_399_1900_3000_2300_gabor_patch_orientation_032_149_066_008_target_position_2_4_retrieval_position_3	2615797	0	1	1337	2	0	1250
AV98LHJ	185	Picture	Flicker2	2617134	1337	1	1337	3	1250	1250
AV98LHJ	185	Picture	Flicker3	2618471	2674	2	1338	3	2500	1250
AV98LHJ	186	Picture	Delay	2619976	0	1	19056	3	0	18920
AV98LHJ	187	Picture	2_31_Retrieval_Working_Memory_MEG_P5_LR_Salient_NoChange_UncuedRetriev_retrieval_patch_orientation_066_retrieval_position_3	2639200	0	1	30089	2	0	29920
AV98LHJ	187	Response	20	2647203	8003	3
AV98LHJ	187	Response	20	2666842	27642	4
AV98LHJ	188	Picture	ITI	2669456	0	1	23069	2	0	22920
AV98LHJ	189	Picture	CueingCross	2692692	0	1	3009	2	0	2920
AV98LHJ	190	Picture	PrepTime	2695868	0	1	3009	2	0	2920
AV98LHJ	191	Picture	2_32_Encoding_Working_Memory_MEG_P5_LR_Salient_NoChange_CuedRetrieval_300_300_399_2200_3000_2000_gabor_patch_orientation_021_049_001_111_target_position_2_3_retrieval_position_3	2699044	0	1	1337	2	0	1250
AV98LHJ	191	Picture	Flicker2	2700381	1337	1	1338	2	1250	1250
AV98LHJ	191	Picture	Flicker3	2701719	2675	1	1337	2	2500	1250
AV98LHJ	192	Picture	Delay	2703223	0	1	22066	2	0	21920
AV98LHJ	193	Picture	2_32_Retrieval_Working_Memory_MEG_P5_LR_Salient_NoChange_CuedRetrieval_retrieval_patch_orientation_001_retrieval_position_3	2725456	0	1	30089	2	0	29920
AV98LHJ	193	Response	20	2744601	19145	4
AV98LHJ	194	Picture	ITI	2755712	0	2	20060	3	0	19920
AV98LHJ	195	Picture	CueingCross	2775939	0	1	3009	2	0	2920
AV98LHJ	196	Picture	PrepTime	2779115	0	2	3009	3	0	2920
AV98LHJ	197	Picture	2_33_Encoding_Working_Memory_MEG_P5_LR_Salient_NoChange_CuedRetrieval_300_300_399_1800_3000_2550_gabor_patch_orientation_101_019_161_128_target_position_3_4_retrieval_position_4	2782291	0	1	1338	2	0	1250
AV98LHJ	197	Picture	Flicker2	2783629	1338	1	1337	2	1250	1250
AV98LHJ	197	Picture	Flicker3	2784966	2675	1	1337	2	2500	1250
AV98LHJ	198	Picture	Delay	2786470	0	2	18054	3	0	17920
AV98LHJ	199	Picture	2_33_Retrieval_Working_Memory_MEG_P5_LR_Salient_NoChange_CuedRetrieval_retrieval_patch_orientation_128_retrieval_position_4	2804691	0	1	30089	3	0	29920
AV98LHJ	199	Response	10	2817990	13299	4
AV98LHJ	200	Picture	ITI	2834948	0	1	25576	2	0	25420
AV98LHJ	201	Picture	CueingCross	2860691	0	1	3009	2	0	2920
AV98LHJ	202	Picture	PrepTime	2863867	0	1	3009	2	0	2920
AV98LHJ	203	Picture	2_34_Encoding_Working_Memory_MEG_P5_LR_Salient_NoChange_CuedRetrieval_300_300_399_1950_3000_2050_gabor_patch_orientation_024_142_100_165_target_position_1_3_retrieval_position_3	2867043	0	1	1337	2	0	1250
AV98LHJ	203	Picture	Flicker2	2868380	1337	1	1338	2	1250	1250
AV98LHJ	203	Picture	Flicker3	2869718	2675	1	1337	2	2500	1250
AV98LHJ	204	Picture	Delay	2871222	0	1	19558	2	0	19420
AV98LHJ	205	Picture	2_34_Retrieval_Working_Memory_MEG_P5_LR_Salient_NoChange_CuedRetrieval_retrieval_patch_orientation_100_retrieval_position_3	2890947	0	1	30090	2	0	29920
AV98LHJ	205	Response	10	2900029	9082	4
AV98LHJ	206	Picture	ITI	2921204	0	1	20561	2	0	20420
AV98LHJ	207	Picture	CueingCross	2941932	0	1	3009	2	0	2920
AV98LHJ	208	Picture	PrepTime	2945108	0	1	3009	2	0	2920
AV98LHJ	209	Picture	2_35_Encoding_Working_Memory_MEG_P5_LR_Salient_NoChange_CuedRetrieval_300_300_399_2200_3000_1950_gabor_patch_orientation_147_115_084_170_target_position_2_4_retrieval_position_4	2948284	0	1	1337	3	0	1250
AV98LHJ	209	Picture	Flicker2	2949621	1337	2	1338	3	1250	1250
AV98LHJ	209	Picture	Flicker3	2950959	2675	1	1337	2	2500	1250
AV98LHJ	210	Picture	Delay	2952463	0	2	22066	3	0	21920
AV98LHJ	211	Picture	2_35_Retrieval_Working_Memory_MEG_P5_LR_Salient_NoChange_CuedRetrieval_retrieval_patch_orientation_170_retrieval_position_4	2974696	0	1	30089	2	0	29920
AV98LHJ	211	Response	10	2992108	17412	3
AV98LHJ	212	Picture	ITI	3004952	0	2	19559	3	0	19420
AV98LHJ	213	Picture	CueingCross	3024678	0	1	3009	2	0	2920
AV98LHJ	214	Picture	PrepTime	3027854	0	1	3009	2	0	2920
AV98LHJ	215	Picture	2_36_Encoding_Working_Memory_MEG_P5_LR_Salient_NoChange_CuedRetrieval_300_300_399_2250_3000_2600_gabor_patch_orientation_098_148_028_173_target_position_2_3_retrieval_position_2	3031030	0	1	1337	2	0	1250
AV98LHJ	215	Picture	Flicker2	3032367	1337	1	1337	3	1250	1250
AV98LHJ	215	Picture	Flicker3	3033704	2674	2	1338	3	2500	1250
AV98LHJ	216	Picture	Delay	3035209	0	1	22567	2	0	22420
AV98LHJ	217	Picture	2_36_Retrieval_Working_Memory_MEG_P5_LR_Salient_NoChange_CuedRetrieval_retrieval_patch_orientation_148_retrieval_position_2	3057943	0	1	30090	2	0	29920
AV98LHJ	217	Response	10	3079497	21554	3
AV98LHJ	218	Picture	ITI	3088200	0	1	26077	2	0	25920
AV98LHJ	219	Picture	CueingCross	3114444	0	2	3009	3	0	2920
AV98LHJ	220	Picture	PrepTime	3117620	0	2	3009	3	0	2920
AV98LHJ	221	Picture	2_37_Encoding_Working_Memory_MEG_P5_LR_Salient_DoChange_CuedRetrieval_300_300_399_2100_3000_2450_gabor_patch_orientation_155_093_011_069_target_position_2_4_retrieval_position_4	3120796	0	2	1338	3	0	1250
AV98LHJ	221	Picture	Flicker2	3122134	1338	1	1337	2	1250	1250
AV98LHJ	221	Picture	Flicker3	3123471	2675	1	1337	2	2500	1250
AV98LHJ	222	Picture	Delay	3124976	0	1	21062	2	0	20920
AV98LHJ	223	Picture	2_37_Retrieval_Working_Memory_MEG_P5_LR_Salient_DoChange_CuedRetrieval_retrieval_patch_orientation_117_retrieval_position_4	3146205	0	1	30090	2	0	29920
AV98LHJ	223	Response	20	3169595	23390	4
AV98LHJ	224	Picture	ITI	3176462	0	1	24573	2	0	24420
AV98LHJ	225	Picture	CueingCross	3201202	0	1	3009	2	0	2920
AV98LHJ	226	Picture	PrepTime	3204378	0	1	3009	2	0	2920
AV98LHJ	227	Picture	2_38_Encoding_Working_Memory_MEG_P5_LR_Salient_NoChange_UncuedRetriev_300_300_399_1950_3000_2300_gabor_patch_orientation_142_023_175_057_target_position_2_4_retrieval_position_1	3207554	0	1	1337	3	0	1250
AV98LHJ	227	Picture	Flicker2	3208891	1337	2	1338	3	1250	1250
AV98LHJ	227	Picture	Flicker3	3210229	2675	1	1337	2	2500	1250
AV98LHJ	228	Picture	Delay	3211733	0	1	19558	2	0	19420
AV98LHJ	229	Picture	2_38_Retrieval_Working_Memory_MEG_P5_LR_Salient_NoChange_UncuedRetriev_retrieval_patch_orientation_142_retrieval_position_1	3231458	0	2	30090	3	0	29920
AV98LHJ	229	Response	20	3242464	11006	4
AV98LHJ	230	Picture	ITI	3261715	0	1	23068	3	0	22920
AV98LHJ	231	Picture	CueingCross	3284951	0	1	3009	2	0	2920
AV98LHJ	232	Picture	PrepTime	3288127	0	1	3009	2	0	2920
AV98LHJ	233	Picture	2_39_Encoding_Working_Memory_MEG_P5_LR_Salient_NoChange_CuedRetrieval_300_300_399_1800_3000_2100_gabor_patch_orientation_046_152_031_113_target_position_1_3_retrieval_position_3	3291303	0	1	1337	2	0	1250
AV98LHJ	233	Picture	Flicker2	3292640	1337	1	1337	3	1250	1250
AV98LHJ	233	Picture	Flicker3	3293977	2674	2	1338	3	2500	1250
AV98LHJ	234	Picture	Delay	3295482	0	1	18053	3	0	17920
AV98LHJ	235	Picture	2_39_Retrieval_Working_Memory_MEG_P5_LR_Salient_NoChange_CuedRetrieval_retrieval_patch_orientation_031_retrieval_position_3	3313703	0	1	30089	2	0	29920
AV98LHJ	235	Response	10	3323673	9970	4
AV98LHJ	236	Picture	ITI	3343959	0	1	21063	2	0	20920
AV98LHJ	237	Picture	CueingCross	3365189	0	1	3009	2	0	2920
AV98LHJ	238	Picture	PrepTime	3368365	0	2	3009	3	0	2920
AV98LHJ	239	Picture	2_40_Encoding_Working_Memory_MEG_P5_LR_Salient_NoChange_CuedRetrieval_300_300_399_1750_3000_2050_gabor_patch_orientation_131_015_156_090_target_position_2_4_retrieval_position_4	3371541	0	1	1337	2	0	1250
AV98LHJ	239	Picture	Flicker2	3372878	1337	1	1338	2	1250	1250
AV98LHJ	239	Picture	Flicker3	3374216	2675	1	1337	2	2500	1250
AV98LHJ	240	Picture	Delay	3375720	0	1	17552	2	0	17420
AV98LHJ	241	Picture	2_40_Retrieval_Working_Memory_MEG_P5_LR_Salient_NoChange_CuedRetrieval_retrieval_patch_orientation_090_retrieval_position_4	3393439	0	2	30090	3	0	29920
AV98LHJ	241	Response	20	3413422	19983	3
AV98LHJ	242	Picture	ITI	3423696	0	1	20561	2	0	20420
AV98LHJ	243	Picture	CueingCross	3444424	0	1	3009	2	0	2920
AV98LHJ	244	Picture	PrepTime	3447600	0	1	3009	2	0	2920
AV98LHJ	245	Picture	2_41_Encoding_Working_Memory_MEG_P5_LR_Salient_DoChange_CuedRetrieval_300_300_399_2150_3000_2150_gabor_patch_orientation_140_052_025_110_target_position_2_3_retrieval_position_2	3450776	0	2	1338	3	0	1250
AV98LHJ	245	Picture	Flicker2	3452114	1338	1	1337	2	1250	1250
AV98LHJ	245	Picture	Flicker3	3453451	2675	1	1337	2	2500	1250
AV98LHJ	246	Picture	Delay	3454955	0	2	21564	4	0	21420
AV98LHJ	247	Picture	2_41_Retrieval_Working_Memory_MEG_P5_LR_Salient_DoChange_CuedRetrieval_retrieval_patch_orientation_003_retrieval_position_2	3476687	0	1	30089	2	0	29920
AV98LHJ	247	Response	20	3492631	15944	3
AV98LHJ	248	Picture	ITI	3506943	0	1	21564	2	0	21420
AV98LHJ	249	Picture	CueingCross	3528674	0	2	3009	3	0	2920
AV98LHJ	250	Picture	PrepTime	3531850	0	2	3009	4	0	2920
AV98LHJ	251	Picture	2_42_Encoding_Working_Memory_MEG_P5_LR_Salient_NoChange_UncuedRetriev_300_300_399_1800_3000_2250_gabor_patch_orientation_152_005_037_120_target_position_1_3_retrieval_position_4	3535027	0	1	1337	2	0	1250
AV98LHJ	251	Picture	Flicker2	3536364	1337	1	1337	2	1250	1250
AV98LHJ	251	Picture	Flicker3	3537701	2674	1	1337	3	2500	1250
AV98LHJ	252	Picture	Delay	3539206	0	1	18053	2	0	17920
AV98LHJ	253	Picture	2_42_Retrieval_Working_Memory_MEG_P5_LR_Salient_NoChange_UncuedRetriev_retrieval_patch_orientation_120_retrieval_position_4	3557426	0	2	30090	3	0	29920
AV98LHJ	253	Response	20	3567800	10374	3
AV98LHJ	254	Picture	ITI	3587683	0	1	22567	2	0	22420
AV98LHJ	255	Picture	CueingCross	3610417	0	1	3009	2	0	2920
AV98LHJ	256	Picture	PrepTime	3613593	0	1	3009	2	0	2920
AV98LHJ	257	Picture	2_43_Encoding_Working_Memory_MEG_P5_LR_Salient_DoChange_CuedRetrieval_300_300_399_1750_3000_2500_gabor_patch_orientation_057_130_173_004_target_position_2_4_retrieval_position_2	3616769	0	2	1338	3	0	1250
AV98LHJ	257	Picture	Flicker2	3618107	1338	1	1337	2	1250	1250
AV98LHJ	257	Picture	Flicker3	3619444	2675	1	1337	2	2500	1250
AV98LHJ	258	Picture	Delay	3620948	0	2	17553	3	0	17420
AV98LHJ	259	Picture	2_43_Retrieval_Working_Memory_MEG_P5_LR_Salient_DoChange_CuedRetrieval_retrieval_patch_orientation_083_retrieval_position_2	3638668	0	1	30089	2	0	29920
AV98LHJ	259	Response	20	3654349	15681	3
AV98LHJ	260	Picture	ITI	3668924	0	1	25075	2	0	24920
AV98LHJ	261	Picture	CueingCross	3694166	0	1	3009	2	0	2920
AV98LHJ	262	Picture	PrepTime	3697342	0	1	3009	2	0	2920
AV98LHJ	263	Picture	2_44_Encoding_Working_Memory_MEG_P5_LR_Salient_DoChange_CuedRetrieval_300_300_399_1950_3000_2550_gabor_patch_orientation_145_125_062_102_target_position_1_3_retrieval_position_3	3700518	0	1	1337	2	0	1250
AV98LHJ	263	Picture	Flicker2	3701855	1337	1	1338	2	1250	1250
AV98LHJ	263	Picture	Flicker3	3703193	2675	1	1337	2	2500	1250
AV98LHJ	264	Picture	Delay	3704697	0	1	19558	2	0	19420
AV98LHJ	265	Picture	2_44_Retrieval_Working_Memory_MEG_P5_LR_Salient_DoChange_CuedRetrieval_retrieval_patch_orientation_013_retrieval_position_3	3724422	0	2	30090	3	0	29920
AV98LHJ	265	Response	20	3733737	9315	4
AV98LHJ	266	Picture	ITI	3754679	0	1	25576	2	0	25420
AV98LHJ	267	Picture	CueingCross	3780422	0	1	3009	2	0	2920
AV98LHJ	268	Picture	PrepTime	3783598	0	1	3009	2	0	2920
AV98LHJ	269	Picture	2_45_Encoding_Working_Memory_MEG_P5_LR_Salient_DoChange_UncuedRetriev_300_300_399_2000_3000_2500_gabor_patch_orientation_112_142_097_027_target_position_2_3_retrieval_position_4	3786774	0	1	1337	3	0	1250
AV98LHJ	269	Picture	Flicker2	3788111	1337	2	1338	3	1250	1250
AV98LHJ	269	Picture	Flicker3	3789449	2675	1	1337	2	2500	1250
AV98LHJ	270	Picture	Delay	3790953	0	1	20060	2	0	19920
AV98LHJ	271	Picture	2_45_Retrieval_Working_Memory_MEG_P5_LR_Salient_DoChange_UncuedRetriev_retrieval_patch_orientation_166_retrieval_position_4	3811180	0	1	30089	2	0	29920
AV98LHJ	271	Response	20	3817316	6136	4
AV98LHJ	272	Picture	ITI	3841436	0	2	25075	3	0	24920
AV98LHJ	273	Picture	CueingCross	3866678	0	1	3009	2	0	2920
AV98LHJ	274	Picture	PrepTime	3869854	0	1	3009	2	0	2920
AV98LHJ	275	Picture	2_46_Encoding_Working_Memory_MEG_P5_LR_Salient_NoChange_CuedRetrieval_300_300_399_2050_3000_1900_gabor_patch_orientation_043_100_020_127_target_position_1_3_retrieval_position_1	3873030	0	2	1338	3	0	1250
AV98LHJ	275	Picture	Flicker2	3874368	1338	1	1337	2	1250	1250
AV98LHJ	275	Picture	Flicker3	3875705	2675	1	1337	2	2500	1250
AV98LHJ	276	Picture	Delay	3877209	0	2	20561	4	0	20420
AV98LHJ	277	Picture	2_46_Retrieval_Working_Memory_MEG_P5_LR_Salient_NoChange_CuedRetrieval_retrieval_patch_orientation_043_retrieval_position_1	3897938	0	1	30089	2	0	29920
AV98LHJ	277	Response	20	3918145	20207	3
AV98LHJ	278	Picture	ITI	3928194	0	1	19057	2	0	18920
AV98LHJ	279	Picture	CueingCross	3947418	0	1	3009	2	0	2920
AV98LHJ	280	Picture	PrepTime	3950594	0	1	3009	2	0	2920
AV98LHJ	281	Picture	2_47_Encoding_Working_Memory_MEG_P5_LR_Salient_NoChange_CuedRetrieval_300_300_399_1900_3000_2150_gabor_patch_orientation_180_040_108_020_target_position_2_4_retrieval_position_2	3953770	0	1	1337	2	0	1250
AV98LHJ	281	Picture	Flicker2	3955107	1337	1	1338	2	1250	1250
AV98LHJ	281	Picture	Flicker3	3956445	2675	1	1337	2	2500	1250
AV98LHJ	282	Picture	Delay	3957949	0	1	19057	2	0	18920
AV98LHJ	283	Picture	2_47_Retrieval_Working_Memory_MEG_P5_LR_Salient_NoChange_CuedRetrieval_retrieval_patch_orientation_040_retrieval_position_2	3977173	0	1	30089	2	0	29920
AV98LHJ	283	Response	10	3987264	10091	3
AV98LHJ	284	Picture	ITI	4007429	0	2	21564	4	0	21420
AV98LHJ	285	Picture	CueingCross	4029161	0	1	3009	2	0	2920
AV98LHJ	286	Picture	PrepTime	4032337	0	1	3009	2	0	2920
AV98LHJ	287	Picture	2_48_Encoding_Working_Memory_MEG_P5_LR_Salient_NoChange_CuedRetrieval_300_300_399_1850_3000_2200_gabor_patch_orientation_147_037_082_010_target_position_1_2_retrieval_position_2	4035513	0	1	1337	2	0	1250
AV98LHJ	287	Picture	Flicker2	4036850	1337	1	1337	3	1250	1250
AV98LHJ	287	Picture	Flicker3	4038187	2674	2	1338	3	2500	1250
AV98LHJ	288	Picture	Delay	4039692	0	1	18555	2	0	18420
AV98LHJ	289	Picture	2_48_Retrieval_Working_Memory_MEG_P5_LR_Salient_NoChange_CuedRetrieval_retrieval_patch_orientation_037_retrieval_position_2	4058414	0	1	30089	3	0	29920
AV98LHJ	289	Response	10	4068473	10059	3
AV98LHJ	290	Picture	ITI	4088671	0	1	22065	2	0	21920
AV98LHJ	291	Picture	CueingCross	4110903	0	2	3009	3	0	2920
AV98LHJ	292	Picture	PrepTime	4114079	0	2	3009	3	0	2920
AV98LHJ	293	Picture	2_49_Encoding_Working_Memory_MEG_P5_LR_Salient_NoChange_UncuedRetriev_300_300_399_2250_3000_1900_gabor_patch_orientation_096_050_177_072_target_position_1_4_retrieval_position_3	4117255	0	2	1338	3	0	1250
AV98LHJ	293	Picture	Flicker2	4118593	1338	1	1337	2	1250	1250
AV98LHJ	293	Picture	Flicker3	4119930	2675	1	1337	3	2500	1250
AV98LHJ	294	Picture	Delay	4121435	0	1	22567	2	0	22420
AV98LHJ	295	Picture	2_49_Retrieval_Working_Memory_MEG_P5_LR_Salient_NoChange_UncuedRetriev_retrieval_patch_orientation_177_retrieval_position_3	4144169	0	1	30089	2	0	29920
AV98LHJ	295	Response	20	4153661	9492	4
AV98LHJ	296	Picture	ITI	4174425	0	2	19057	3	0	18920
AV98LHJ	297	Picture	CueingCross	4193649	0	1	3009	2	0	2920
AV98LHJ	298	Picture	PrepTime	4196825	0	1	3009	2	0	2920
AV98LHJ	299	Picture	2_50_Encoding_Working_Memory_MEG_P5_LR_Salient_DoChange_CuedRetrieval_300_300_399_2150_3000_2200_gabor_patch_orientation_091_130_157_040_target_position_1_2_retrieval_position_2	4200001	0	1	1338	2	0	1250
AV98LHJ	299	Picture	Flicker2	4201339	1338	1	1337	2	1250	1250
AV98LHJ	299	Picture	Flicker3	4202676	2675	1	1337	2	2500	1250
AV98LHJ	300	Picture	Delay	4204180	0	2	21564	3	0	21420
AV98LHJ	301	Picture	2_50_Retrieval_Working_Memory_MEG_P5_LR_Salient_DoChange_CuedRetrieval_retrieval_patch_orientation_179_retrieval_position_2	4225911	0	2	30090	3	0	29920
AV98LHJ	301	Response	20	4239060	13149	4
AV98LHJ	302	Picture	ITI	4256168	0	1	22066	2	0	21920
AV98LHJ	303	Picture	CueingCross	4278401	0	1	3009	2	0	2920
AV98LHJ	304	Picture	PrepTime	4281577	0	1	3009	2	0	2920
AV98LHJ	305	Picture	2_51_Encoding_Working_Memory_MEG_P5_LR_Salient_NoChange_CuedRetrieval_300_300_399_2150_3000_1950_gabor_patch_orientation_007_120_140_060_target_position_2_3_retrieval_position_3	4284753	0	1	1337	2	0	1250
AV98LHJ	305	Picture	Flicker2	4286090	1337	1	1338	2	1250	1250
AV98LHJ	305	Picture	Flicker3	4287428	2675	1	1337	2	2500	1250
AV98LHJ	306	Picture	Delay	4288932	0	1	21564	2	0	21420
AV98LHJ	307	Picture	2_51_Retrieval_Working_Memory_MEG_P5_LR_Salient_NoChange_CuedRetrieval_retrieval_patch_orientation_140_retrieval_position_3	4310663	0	1	30090	2	0	29920
AV98LHJ	307	Response	20	4320079	9416	4
AV98LHJ	308	Picture	ITI	4340920	0	1	19558	2	0	19420
AV98LHJ	309	Picture	CueingCross	4360645	0	1	3009	2	0	2920
AV98LHJ	310	Picture	PrepTime	4363821	0	1	3009	2	0	2920
AV98LHJ	311	Picture	2_52_Encoding_Working_Memory_MEG_P5_LR_Salient_NoChange_CuedRetrieval_300_300_399_1900_3000_2400_gabor_patch_orientation_147_075_095_060_target_position_2_3_retrieval_position_2	4366997	0	1	1337	3	0	1250
AV98LHJ	311	Picture	Flicker2	4368334	1337	2	1338	3	1250	1250
AV98LHJ	311	Picture	Flicker3	4369672	2675	1	1337	2	2500	1250
AV98LHJ	312	Picture	Delay	4371176	0	1	19057	2	0	18920
AV98LHJ	313	Picture	2_52_Retrieval_Working_Memory_MEG_P5_LR_Salient_NoChange_CuedRetrieval_retrieval_patch_orientation_075_retrieval_position_2	4390400	0	1	30089	2	0	29920
AV98LHJ	313	Response	10	4400538	10138	4
AV98LHJ	314	Picture	ITI	4420656	0	2	24072	3	0	23920
AV98LHJ	315	Picture	CueingCross	4444894	0	2	3010	3	0	2920
AV98LHJ	316	Picture	PrepTime	4448071	0	1	3009	2	0	2920
AV98LHJ	317	Picture	2_53_Encoding_Working_Memory_MEG_P5_LR_Salient_DoChange_CuedRetrieval_300_300_399_1750_3000_1950_gabor_patch_orientation_093_149_060_111_target_position_1_2_retrieval_position_1	4451247	0	2	1338	3	0	1250
AV98LHJ	317	Picture	Flicker2	4452585	1338	1	1337	2	1250	1250
AV98LHJ	317	Picture	Flicker3	4453922	2675	1	1337	2	2500	1250
AV98LHJ	318	Picture	Delay	4455426	0	2	17553	3	0	17420
AV98LHJ	319	Picture	2_53_Retrieval_Working_Memory_MEG_P5_LR_Salient_DoChange_CuedRetrieval_retrieval_patch_orientation_043_retrieval_position_1	4473146	0	1	30089	2	0	29920
AV98LHJ	319	Response	20	4482377	9231	9
AV98LHJ	320	Picture	ITI	4503402	0	1	19558	2	0	19420
AV98LHJ	321	Picture	CueingCross	4523127	0	2	3009	4	0	2920
AV98LHJ	322	Picture	PrepTime	4526304	0	1	3008	3	0	2920
AV98LHJ	323	Picture	2_54_Encoding_Working_Memory_MEG_P5_LR_Salient_NoChange_CuedRetrieval_300_300_399_2250_3000_2150_gabor_patch_orientation_164_087_131_041_target_position_1_4_retrieval_position_1	4529480	0	1	1337	2	0	1250
AV98LHJ	323	Picture	Flicker2	4530817	1337	1	1337	2	1250	1250
AV98LHJ	323	Picture	Flicker3	4532154	2674	1	1338	2	2500	1250
AV98LHJ	324	Picture	Delay	4533659	0	1	22567	2	0	22420
AV98LHJ	325	Picture	2_54_Retrieval_Working_Memory_MEG_P5_LR_Salient_NoChange_CuedRetrieval_retrieval_patch_orientation_164_retrieval_position_1	4556393	0	1	30089	2	0	29920
AV98LHJ	325	Response	10	4570286	13893	3
AV98LHJ	326	Picture	ITI	4586649	0	2	21564	4	0	21420
AV98LHJ	327	Picture	CueingCross	4608381	0	1	3009	2	0	2920
AV98LHJ	328	Picture	PrepTime	4611557	0	1	3008	3	0	2920
AV98LHJ	329	Picture	2_55_Encoding_Working_Memory_MEG_P5_LR_Salient_DoChange_CuedRetrieval_300_300_399_2100_3000_2450_gabor_patch_orientation_150_062_120_172_target_position_1_2_retrieval_position_1	4614733	0	1	1337	2	0	1250
AV98LHJ	329	Picture	Flicker2	4616070	1337	1	1337	3	1250	1250
AV98LHJ	329	Picture	Flicker3	4617407	2674	2	1338	3	2500	1250
AV98LHJ	330	Picture	Delay	4618912	0	1	21062	3	0	20920
AV98LHJ	331	Picture	2_55_Retrieval_Working_Memory_MEG_P5_LR_Salient_DoChange_CuedRetrieval_retrieval_patch_orientation_100_retrieval_position_1	4640142	0	1	30089	2	0	29920
AV98LHJ	331	Response	20	4650545	10403	3
AV98LHJ	332	Picture	ITI	4670398	0	1	24573	2	0	24420
AV98LHJ	333	Picture	CueingCross	4695138	0	1	3009	2	0	2920
AV98LHJ	334	Picture	PrepTime	4698314	0	2	3009	3	0	2920
AV98LHJ	335	Picture	2_56_Encoding_Working_Memory_MEG_P5_LR_Salient_NoChange_CuedRetrieval_300_300_399_2000_3000_2100_gabor_patch_orientation_078_056_023_137_target_position_2_4_retrieval_position_4	4701490	0	2	1338	3	0	1250
AV98LHJ	335	Picture	Flicker2	4702828	1338	1	1337	2	1250	1250
AV98LHJ	335	Picture	Flicker3	4704165	2675	1	1337	2	2500	1250
AV98LHJ	336	Picture	Delay	4705669	0	2	20060	3	0	19920
AV98LHJ	337	Picture	2_56_Retrieval_Working_Memory_MEG_P5_LR_Salient_NoChange_CuedRetrieval_retrieval_patch_orientation_137_retrieval_position_4	4725896	0	1	30090	2	0	29920
AV98LHJ	337	Response	20	4736873	10977	4
AV98LHJ	338	Picture	ITI	4756153	0	1	21062	2	0	20920
AV98LHJ	339	Picture	CueingCross	4777382	0	2	3009	4	0	2920
AV98LHJ	340	Picture	PrepTime	4780559	0	1	3008	3	0	2920
AV98LHJ	341	Picture	2_57_Encoding_Working_Memory_MEG_P5_LR_Salient_DoChange_CuedRetrieval_300_300_399_2250_3000_2200_gabor_patch_orientation_070_103_143_015_target_position_1_2_retrieval_position_2	4783735	0	1	1337	2	0	1250
AV98LHJ	341	Picture	Flicker2	4785072	1337	1	1337	2	1250	1250
AV98LHJ	341	Picture	Flicker3	4786409	2674	1	1338	2	2500	1250
AV98LHJ	342	Picture	Delay	4787914	0	1	22567	2	0	22420
AV98LHJ	343	Picture	2_57_Retrieval_Working_Memory_MEG_P5_LR_Salient_DoChange_CuedRetrieval_retrieval_patch_orientation_053_retrieval_position_2	4810648	0	1	30089	2	0	29920
AV98LHJ	343	Response	20	4820402	9754	4
AV98LHJ	344	Picture	ITI	4840904	0	2	22066	3	0	21920
AV98LHJ	345	Picture	CueingCross	4863137	0	1	3009	2	0	2920
AV98LHJ	346	Picture	PrepTime	4866313	0	1	3009	2	0	2920
AV98LHJ	347	Picture	2_58_Encoding_Working_Memory_MEG_P5_LR_Salient_DoChange_UncuedRetriev_300_300_399_1850_3000_2250_gabor_patch_orientation_068_088_122_145_target_position_1_4_retrieval_position_2	4869489	0	2	1338	3	0	1250
AV98LHJ	347	Picture	Flicker2	4870827	1338	1	1337	2	1250	1250
AV98LHJ	347	Picture	Flicker3	4872164	2675	1	1337	2	2500	1250
AV98LHJ	348	Picture	Delay	4873668	0	2	18555	4	0	18420
AV98LHJ	349	Picture	2_58_Retrieval_Working_Memory_MEG_P5_LR_Salient_DoChange_UncuedRetriev_retrieval_patch_orientation_039_retrieval_position_2	4892391	0	1	30089	2	0	29920
AV98LHJ	349	Response	20	4914731	22340	3
AV98LHJ	350	Picture	ITI	4922647	0	1	22567	2	0	22420
AV98LHJ	351	Picture	CueingCross	4945381	0	2	3009	3	0	2920
AV98LHJ	352	Picture	PrepTime	4948557	0	2	3009	4	0	2920
AV98LHJ	353	Picture	2_59_Encoding_Working_Memory_MEG_P5_LR_Salient_DoChange_CuedRetrieval_300_300_399_2100_3000_2250_gabor_patch_orientation_061_148_118_166_target_position_1_4_retrieval_position_1	4951734	0	1	1337	2	0	1250
AV98LHJ	353	Picture	Flicker2	4953071	1337	1	1337	2	1250	1250
AV98LHJ	353	Picture	Flicker3	4954408	2674	1	1337	3	2500	1250
AV98LHJ	354	Picture	Delay	4955913	0	1	21062	2	0	20920
AV98LHJ	355	Picture	2_59_Retrieval_Working_Memory_MEG_P5_LR_Salient_DoChange_CuedRetrieval_retrieval_patch_orientation_011_retrieval_position_1	4977142	0	2	30090	3	0	29920
AV98LHJ	355	Response	20	4995150	18008	3
AV98LHJ	356	Picture	ITI	5007399	0	1	22567	2	0	22420
AV98LHJ	357	Picture	CueingCross	5030133	0	1	3009	2	0	2920
AV98LHJ	358	Picture	PrepTime	5033309	0	1	3009	2	0	2920
AV98LHJ	359	Picture	2_60_Encoding_Working_Memory_MEG_P5_LR_Salient_DoChange_CuedRetrieval_300_300_399_2000_3000_1900_gabor_patch_orientation_098_117_166_083_target_position_1_3_retrieval_position_3	5036485	0	1	1338	2	0	1250
AV98LHJ	359	Picture	Flicker2	5037823	1338	1	1337	2	1250	1250
AV98LHJ	359	Picture	Flicker3	5039160	2675	1	1337	2	2500	1250
AV98LHJ	360	Picture	Delay	5040664	0	2	20060	3	0	19920
AV98LHJ	361	Picture	2_60_Retrieval_Working_Memory_MEG_P5_LR_Salient_DoChange_CuedRetrieval_retrieval_patch_orientation_031_retrieval_position_3	5060891	0	1	30089	2	0	29920
AV98LHJ	361	Response	20	5081498	20607	4
AV98LHJ	362	Picture	ITI	5091147	0	2	19057	3	0	18920
AV98LHJ	363	Picture	CueingCross	5110371	0	2	3009	3	0	2920
AV98LHJ	364	Picture	PrepTime	5113547	0	2	3009	3	0	2920
AV98LHJ	365	Picture	2_61_Encoding_Working_Memory_MEG_P5_LR_Salient_NoChange_CuedRetrieval_300_300_399_2050_3000_2100_gabor_patch_orientation_160_038_100_178_target_position_3_4_retrieval_position_3	5116724	0	1	1337	2	0	1250
AV98LHJ	365	Picture	Flicker2	5118061	1337	1	1337	2	1250	1250
AV98LHJ	365	Picture	Flicker3	5119398	2674	1	1337	3	2500	1250
AV98LHJ	366	Picture	Delay	5120903	0	1	20561	2	0	20420
AV98LHJ	367	Picture	2_61_Retrieval_Working_Memory_MEG_P5_LR_Salient_NoChange_CuedRetrieval_retrieval_patch_orientation_100_retrieval_position_3	5141631	0	1	30089	2	0	29920
AV98LHJ	367	Response	20	5160147	18516	4
AV98LHJ	367	Response	10	5169747	28116	3
AV98LHJ	368	Picture	ITI	5171887	0	2	21063	3	0	20920
AV98LHJ	369	Picture	CueingCross	5193117	0	1	3009	2	0	2920
AV98LHJ	370	Picture	PrepTime	5196293	0	1	3009	2	0	2920
AV98LHJ	371	Picture	2_62_Encoding_Working_Memory_MEG_P5_LR_Salient_NoChange_UncuedRetriev_300_300_399_2200_3000_2550_gabor_patch_orientation_088_004_128_169_target_position_3_4_retrieval_position_1	5199469	0	1	1337	3	0	1250
AV98LHJ	371	Picture	Flicker2	5200806	1337	2	1338	3	1250	1250
AV98LHJ	371	Picture	Flicker3	5202144	2675	1	1337	2	2500	1250
AV98LHJ	372	Picture	Delay	5203648	0	2	22066	3	0	21920
AV98LHJ	373	Picture	2_62_Retrieval_Working_Memory_MEG_P5_LR_Salient_NoChange_UncuedRetriev_retrieval_patch_orientation_088_retrieval_position_1	5225881	0	1	30089	2	0	29920
AV98LHJ	373	Response	20	5243686	17805	4
AV98LHJ	374	Picture	ITI	5256137	0	2	25576	4	0	25420
AV98LHJ	375	Picture	CueingCross	5281881	0	1	3009	2	0	2920
AV98LHJ	376	Picture	PrepTime	5285057	0	1	3009	2	0	2920
AV98LHJ	377	Picture	2_63_Encoding_Working_Memory_MEG_P5_LR_Salient_DoChange_CuedRetrieval_300_300_399_2250_3000_2600_gabor_patch_orientation_014_098_044_176_target_position_1_3_retrieval_position_1	5288233	0	1	1337	2	0	1250
AV98LHJ	377	Picture	Flicker2	5289570	1337	1	1337	3	1250	1250
AV98LHJ	377	Picture	Flicker3	5290907	2674	2	1338	3	2500	1250
AV98LHJ	378	Picture	Delay	5292412	0	1	22567	2	0	22420
AV98LHJ	379	Picture	2_63_Retrieval_Working_Memory_MEG_P5_LR_Salient_DoChange_CuedRetrieval_retrieval_patch_orientation_060_retrieval_position_1	5315146	0	1	30089	3	0	29920
AV98LHJ	379	Response	10	5332075	16929	3
AV98LHJ	380	Picture	ITI	5345403	0	1	26077	2	0	25920
AV98LHJ	381	Picture	CueingCross	5371647	0	1	3008	3	0	2920
AV98LHJ	382	Picture	PrepTime	5374823	0	2	3009	3	0	2920
AV98LHJ	383	Picture	2_64_Encoding_Working_Memory_MEG_P5_LR_Salient_NoChange_CuedRetrieval_300_300_399_1850_3000_2200_gabor_patch_orientation_035_011_167_058_target_position_1_3_retrieval_position_1	5377999	0	2	1338	3	0	1250
AV98LHJ	383	Picture	Flicker2	5379337	1338	1	1337	2	1250	1250
AV98LHJ	383	Picture	Flicker3	5380674	2675	1	1337	3	2500	1250
AV98LHJ	384	Picture	Delay	5382178	0	2	18556	3	0	18420
AV98LHJ	385	Picture	2_64_Retrieval_Working_Memory_MEG_P5_LR_Salient_NoChange_CuedRetrieval_retrieval_patch_orientation_035_retrieval_position_1	5400901	0	1	30089	2	0	29920
AV98LHJ	385	Response	10	5411664	10763	3
AV98LHJ	386	Picture	ITI	5431157	0	1	22066	2	0	21920
AV98LHJ	387	Picture	CueingCross	5453390	0	1	3009	2	0	2920
AV98LHJ	388	Picture	PrepTime	5456566	0	1	3009	2	0	2920
AV98LHJ	389	Picture	2_65_Encoding_Working_Memory_MEG_P5_LR_Salient_DoChange_CuedRetrieval_300_300_399_2100_3000_2000_gabor_patch_orientation_010_149_126_039_target_position_2_3_retrieval_position_2	5459742	0	1	1337	3	0	1250
AV98LHJ	389	Picture	Flicker2	5461079	1337	2	1338	3	1250	1250
AV98LHJ	389	Picture	Flicker3	5462417	2675	1	1337	2	2500	1250
AV98LHJ	390	Picture	Delay	5463921	0	1	21063	2	0	20920
AV98LHJ	391	Picture	2_65_Retrieval_Working_Memory_MEG_P5_LR_Salient_DoChange_CuedRetrieval_retrieval_patch_orientation_099_retrieval_position_2	5485151	0	1	30089	2	0	29920
AV98LHJ	391	Response	20	5496353	11202	3
AV98LHJ	392	Picture	ITI	5515407	0	2	20060	3	0	19920
AV98LHJ	393	Picture	CueingCross	5535634	0	1	3009	2	0	2920
AV98LHJ	394	Picture	PrepTime	5538810	0	1	3009	2	0	2920
AV98LHJ	395	Picture	2_66_Encoding_Working_Memory_MEG_P5_LR_Salient_NoChange_UncuedRetriev_300_300_399_1950_3000_2350_gabor_patch_orientation_044_164_134_112_target_position_1_3_retrieval_position_2	5541986	0	2	1338	3	0	1250
AV98LHJ	395	Picture	Flicker2	5543324	1338	1	1337	2	1250	1250
AV98LHJ	395	Picture	Flicker3	5544661	2675	1	1337	2	2500	1250
AV98LHJ	396	Picture	Delay	5546165	0	2	19559	3	0	19420
AV98LHJ	397	Picture	2_66_Retrieval_Working_Memory_MEG_P5_LR_Salient_NoChange_UncuedRetriev_retrieval_patch_orientation_164_retrieval_position_2	5565891	0	1	30089	2	0	29920
AV98LHJ	397	Response	20	5574861	8970	4
AV98LHJ	398	Picture	ITI	5596147	0	1	23570	2	0	23420
AV98LHJ	399	Picture	CueingCross	5619884	0	2	3009	3	0	2920
AV98LHJ	400	Picture	PrepTime	5623060	0	2	3009	3	0	2920
AV98LHJ	401	Picture	2_67_Encoding_Working_Memory_MEG_P5_LR_Salient_NoChange_CuedRetrieval_300_300_399_2150_3000_2400_gabor_patch_orientation_095_140_161_111_target_position_1_2_retrieval_position_1	5626237	0	1	1337	2	0	1250
AV98LHJ	401	Picture	Flicker2	5627574	1337	1	1337	2	1250	1250
AV98LHJ	401	Picture	Flicker3	5628911	2674	1	1337	3	2500	1250
AV98LHJ	402	Picture	Delay	5630416	0	1	21563	3	0	21420
AV98LHJ	403	Picture	2_67_Retrieval_Working_Memory_MEG_P5_LR_Salient_NoChange_CuedRetrieval_retrieval_patch_orientation_095_retrieval_position_1	5652147	0	1	30089	2	0	29920
AV98LHJ	403	Response	10	5664930	12783	4
AV98LHJ	404	Picture	ITI	5682403	0	2	24072	3	0	23920
AV98LHJ	405	Picture	CueingCross	5706642	0	1	3009	2	0	2920
AV98LHJ	406	Picture	PrepTime	5709818	0	1	3009	2	0	2920
AV98LHJ	407	Picture	2_68_Encoding_Working_Memory_MEG_P5_LR_Salient_DoChange_CuedRetrieval_300_300_399_2200_3000_2350_gabor_patch_orientation_122_062_036_082_target_position_2_3_retrieval_position_2	5712994	0	1	1337	3	0	1250
AV98LHJ	407	Picture	Flicker2	5714331	1337	2	1338	3	1250	1250
AV98LHJ	407	Picture	Flicker3	5715669	2675	1	1337	2	2500	1250
AV98LHJ	408	Picture	Delay	5717173	0	2	22066	3	0	21920
AV98LHJ	409	Picture	2_68_Retrieval_Working_Memory_MEG_P5_LR_Salient_DoChange_CuedRetrieval_retrieval_patch_orientation_014_retrieval_position_2	5739406	0	1	30089	2	0	29920
AV98LHJ	409	Response	20	5748719	9313	4
AV98LHJ	410	Picture	ITI	5769662	0	2	23570	4	0	23420
AV98LHJ	411	Picture	CueingCross	5793400	0	1	3009	2	0	2920
AV98LHJ	412	Picture	PrepTime	5796576	0	1	3009	2	0	2920
AV98LHJ	413	Picture	2_69_Encoding_Working_Memory_MEG_P5_LR_Salient_DoChange_CuedRetrieval_300_300_399_1750_3000_2000_gabor_patch_orientation_084_168_099_012_target_position_1_3_retrieval_position_1	5799752	0	1	1337	2	0	1250
AV98LHJ	413	Picture	Flicker2	5801089	1337	1	1337	3	1250	1250
AV98LHJ	413	Picture	Flicker3	5802426	2674	2	1338	3	2500	1250
AV98LHJ	414	Picture	Delay	5803931	0	1	17552	2	0	17420
AV98LHJ	415	Picture	2_69_Retrieval_Working_Memory_MEG_P5_LR_Salient_DoChange_CuedRetrieval_retrieval_patch_orientation_039_retrieval_position_1	5821650	0	1	30090	2	0	29920
AV98LHJ	415	Response	20	5839698	18048	3
AV98LHJ	416	Picture	ITI	5851907	0	1	20059	2	0	19920
AV98LHJ	417	Picture	CueingCross	5872133	0	2	3009	3	0	2920
AV98LHJ	418	Picture	PrepTime	5875309	0	2	3009	4	0	2920
AV98LHJ	419	Picture	2_70_Encoding_Working_Memory_MEG_P5_LR_Salient_DoChange_UncuedRetriev_300_300_399_1850_3000_2150_gabor_patch_orientation_112_031_157_173_target_position_2_3_retrieval_position_1	5878486	0	1	1337	2	0	1250
AV98LHJ	419	Picture	Flicker2	5879823	1337	1	1337	2	1250	1250
AV98LHJ	419	Picture	Flicker3	5881160	2674	1	1338	2	2500	1250
AV98LHJ	420	Picture	Delay	5882665	0	1	18555	2	0	18420
AV98LHJ	421	Picture	2_70_Retrieval_Working_Memory_MEG_P5_LR_Salient_DoChange_UncuedRetriev_retrieval_patch_orientation_067_retrieval_position_1	5901387	0	1	30089	2	0	29920
AV98LHJ	421	Response	20	5913697	12310	3
AV98LHJ	422	Picture	ITI	5931643	0	2	21564	4	0	21420
AV98LHJ	423	Picture	BaselinePost	5953375	0	1	50149	2	0	50000
