Scenario - ATWM1_Working_Memory_MEG_nonsalient_cued_instruction
Logfile written - 02/03/2016 18:56:39

Subject	Trial	Event Type	Code	Time	TTime	Uncertainty	Duration	Uncertainty	ReqTime	ReqDur

RA72WYU	1	Picture	Instruction_NS_C	162	0	1	100127	3	0	100000
RA72WYU	2	Picture	Instruction2	100457	0	1	100128	2	0	100000
RA72WYU	3	Picture	Instruction3	200751	0	1	19160	2	0	resp
RA72WYU	3	Response	10	219853	19102	4
RA72WYU	4	Picture	Instruction4	239903	0	1	9663	2	0	resp
RA72WYU	4	Response	20	249502	9599	4
RA72WYU	5	Picture	Instruction5	269558	0	1	3665	2	0	resp
RA72WYU	5	Response	10	273102	3544	3
RA72WYU	6	Picture	Instruction4	293216	0	1	4498	2	0	resp
RA72WYU	6	Response	20	297621	4405	5
RA72WYU	7	Picture	Instruction3	317706	0	1	4665	2	0	resp
RA72WYU	7	Response	10	322220	4514	4
RA72WYU	8	Picture	Instruction4	342363	0	1	3832	2	0	resp
RA72WYU	8	Response	20	346050	3687	3
RA72WYU	9	Picture	Instruction_NS_C_TestTrials	366187	0	2	100128	4	0	100000
RA72WYU	10	Picture	BaselinePre	466482	0	1	20159	2	0	20000
RA72WYU	11	Picture	CueingCross	486808	0	1	2998	2	0	2920
RA72WYU	12	Picture	PrepTime	489973	0	1	2999	2	0	2920
RA72WYU	13	Picture	1_1_Encoding_Working_Memory_MEG_Nonsalient_Cued_DoChange_CuedRetrieval_300_300_399_1750_3000_2050_gabor_patch_orientation_061_138_030_089_target_position_2_3_retrieval_position_2	493138	0	2	1333	3	0	1250
RA72WYU	13	Picture	Flicker2	494471	1333	1	1333	2	1250	1250
RA72WYU	13	Picture	Flicker3	495804	2666	1	1333	2	2500	1250
RA72WYU	14	Picture	Delay	497303	0	2	17493	4	0	17420
RA72WYU	15	Picture	1_1_Retrieval_Working_Memory_MEG_Nonsalient_Cued_DoChange_CuedRetrieval_retrieval_patch_orientation_002_retrieval_position_2	514963	0	2	29989	3	0	29920
RA72WYU	15	Response	20	532685	17722	3
RA72WYU	16	Picture	ITI	565111	0	1	20492	2	0	20420
RA72WYU	17	Picture	CueingCross	585769	0	2	2999	3	0	2920
RA72WYU	18	Picture	PrepTime	588935	0	1	2999	2	0	2920
RA72WYU	19	Picture	1_2_Encoding_Working_Memory_MEG_Nonsalient_Cued_NoChange_CuedRetrieval_300_300_399_1900_3000_2150_gabor_patch_orientation_142_076_003_034_target_position_2_4_retrieval_position_2	592100	0	1	1333	2	0	1250
RA72WYU	19	Picture	Flicker2	593433	1333	1	1333	2	1250	1250
RA72WYU	19	Picture	Flicker3	594766	2666	1	1333	2	2500	1250
RA72WYU	20	Picture	Delay	596265	0	2	18993	3	0	18920
RA72WYU	21	Picture	1_2_Retrieval_Working_Memory_MEG_Nonsalient_Cued_NoChange_CuedRetrieval_retrieval_patch_orientation_076_retrieval_position_2	615425	0	1	29988	2	0	29920
RA72WYU	21	Response	10	630442	15017	3
RA72WYU	22	Picture	ITI	665572	0	1	21492	2	0	21420
RA72WYU	23	Picture	CueingCross	687230	0	1	2999	2	0	2920
RA72WYU	24	Picture	PrepTime	690396	0	1	2998	3	0	2920
RA72WYU	25	Picture	1_3_Encoding_Working_Memory_MEG_Nonsalient_Cued_NoChange_CuedRetrieval_300_300_399_1850_3000_2000_gabor_patch_orientation_130_006_179_151_target_position_1_3_retrieval_position_3	693561	0	1	1333	2	0	1250
RA72WYU	25	Picture	Flicker2	694894	1333	1	1333	2	1250	1250
RA72WYU	25	Picture	Flicker3	696227	2666	1	1332	3	2500	1250
RA72WYU	26	Picture	Delay	697726	0	1	18493	2	0	18420
RA72WYU	27	Picture	1_3_Retrieval_Working_Memory_MEG_Nonsalient_Cued_NoChange_CuedRetrieval_retrieval_patch_orientation_179_retrieval_position_3	716386	0	1	29988	2	0	29920
RA72WYU	27	Response	20	730339	13953	4
RA72WYU	28	Picture	ITI	766533	0	1	19992	2	0	19920
RA72WYU	29	Picture	CueingCross	786692	0	1	2999	2	0	2920
RA72WYU	30	Picture	PrepTime	789857	0	1	2999	2	0	2920
RA72WYU	31	Picture	1_4_Encoding_Working_Memory_MEG_Nonsalient_Cued_DoChange_CuedRetrieval_300_300_399_1800_3000_2100_gabor_patch_orientation_088_054_071_126_target_position_2_3_retrieval_position_2	793023	0	1	1332	3	0	1250
RA72WYU	31	Picture	Flicker2	794355	1332	2	1332	4	1250	1250
RA72WYU	31	Picture	Flicker3	795687	2664	2	1334	3	2500	1250
RA72WYU	32	Picture	Delay	797188	0	1	17993	2	0	17920
RA72WYU	33	Picture	1_4_Retrieval_Working_Memory_MEG_Nonsalient_Cued_DoChange_CuedRetrieval_retrieval_patch_orientation_009_retrieval_position_2	815347	0	2	29989	3	0	29920
RA72WYU	33	Response	10	834366	19019	4
RA72WYU	34	Picture	ITI	865495	0	1	20992	2	0	20920
RA72WYU	35	Picture	BaselinePost	886653	0	1	20159	2	0	20000
RA72WYU	36	Picture	Instruction_NS_C	906979	0	1	202394	2	0	3000000
RA72WYU	36	Quit		1100330	193351	
