Scenario - ATWM1_Working_Memory_MEG_nonsalient_uncued_instruction
Logfile written - 02/03/2016 19:24:56

Subject	Trial	Event Type	Code	Time	TTime	Uncertainty	Duration	Uncertainty	ReqTime	ReqDur

RA72WYU	1	Picture	Instruction_NS_UC	162	0	1	100128	2	0	100000
RA72WYU	2	Picture	Instruction2	100457	0	1	100128	2	0	100000
RA72WYU	3	Picture	Instruction3	200751	0	1	22991	3	0	resp
RA72WYU	3	Response	10	223665	22914	4
RA72WYU	4	Picture	Instruction4	243735	0	1	2999	2	0	resp
RA72WYU	4	Response	20	246614	2879	4
RA72WYU	5	Picture	Instruction5	266726	0	1	500	2	0	resp
RA72WYU	5	Response	10	267094	368	3
RA72WYU	6	Picture	Instruction4	287218	0	1	3165	3	0	resp
RA72WYU	6	Response	20	290203	2985	4
RA72WYU	7	Picture	Instruction3	310376	0	1	3332	2	0	resp
RA72WYU	7	Response	10	313583	3207	3
RA72WYU	8	Picture	Instruction4	333700	0	1	2832	2	0	resp
RA72WYU	8	Response	20	336512	2812	3
RA72WYU	9	Picture	Instruction_NS_UC_TestTrials	356691	0	1	100128	2	0	100000
RA72WYU	10	Picture	BaselinePre	456986	0	1	20159	2	0	20000
RA72WYU	11	Picture	CueingCross	477311	0	2	2999	3	0	2920
RA72WYU	12	Picture	PrepTime	480477	0	1	2999	2	0	2920
RA72WYU	13	Picture	1_1_Encoding_Working_Memory_MEG_Nonsalient_Uncued_NoChange_CuedRetrieval_300_300_399_1750_3000_2050_gabor_patch_orientation_141_033_056_106_target_position_2_3_retrieval_position_2	483642	0	1	1333	2	0	1250
RA72WYU	13	Picture	Flicker2	484975	1333	1	1333	2	1250	1250
RA72WYU	13	Picture	Flicker3	486308	2666	1	1333	2	2500	1250
RA72WYU	14	Picture	Delay	487807	0	1	17493	3	0	17420
RA72WYU	15	Picture	1_1_Retrieval_Working_Memory_MEG_Nonsalient_Uncued_NoChange_CuedRetrieval_retrieval_patch_orientation_033_retrieval_position_2	505467	0	1	29988	3	0	29920
RA72WYU	15	Response	20	519947	14480	3
RA72WYU	16	Picture	ITI	555614	0	2	20492	4	0	20420
RA72WYU	17	Picture	CueingCross	576273	0	1	2999	2	0	2920
RA72WYU	18	Picture	PrepTime	579439	0	1	2998	2	0	2920
RA72WYU	19	Picture	1_2_Encoding_Working_Memory_MEG_Nonsalient_Uncued_NoChange_CuedRetrieval_300_300_399_1850_3000_2150_gabor_patch_orientation_069_046_131_179_target_position_1_4_retrieval_position_1	582604	0	1	1333	2	0	1250
RA72WYU	19	Picture	Flicker2	583937	1333	1	1333	2	1250	1250
RA72WYU	19	Picture	Flicker3	585270	2666	1	1332	3	2500	1250
RA72WYU	20	Picture	Delay	586769	0	1	18493	2	0	18420
RA72WYU	21	Picture	1_2_Retrieval_Working_Memory_MEG_Nonsalient_Uncued_NoChange_CuedRetrieval_retrieval_patch_orientation_069_retrieval_position_1	605429	0	1	29988	2	0	29920
RA72WYU	21	Response	10	621274	15845	4
RA72WYU	22	Picture	ITI	655576	0	1	21492	2	0	21420
RA72WYU	23	Picture	CueingCross	677234	0	1	2999	2	0	2920
RA72WYU	24	Picture	PrepTime	680399	0	2	2999	4	0	2920
RA72WYU	25	Picture	1_3_Encoding_Working_Memory_MEG_Nonsalient_Uncued_DoChange_CuedRetrieval_300_300_399_1900_3000_2100_gabor_patch_orientation_145_064_104_033_target_position_2_4_retrieval_position_4	683565	0	1	1333	2	0	1250
RA72WYU	25	Picture	Flicker2	684898	1333	1	1333	2	1250	1250
RA72WYU	25	Picture	Flicker3	686231	2666	1	1332	3	2500	1250
RA72WYU	26	Picture	Delay	687730	0	1	18993	2	0	18920
RA72WYU	27	Picture	1_3_Retrieval_Working_Memory_MEG_Nonsalient_Uncued_DoChange_CuedRetrieval_retrieval_patch_orientation_173_retrieval_position_4	706889	0	2	29989	3	0	29920
RA72WYU	27	Response	20	726291	19402	4
RA72WYU	28	Picture	ITI	757037	0	1	20992	2	0	20920
RA72WYU	29	Picture	CueingCross	778195	0	1	2999	2	0	2920
RA72WYU	30	Picture	PrepTime	781361	0	1	2998	3	0	2920
RA72WYU	31	Picture	1_4_Encoding_Working_Memory_MEG_Nonsalient_Uncued_DoChange_CuedRetrieval_300_300_399_1800_3000_2000_gabor_patch_orientation_026_178_072_053_target_position_2_4_retrieval_position_4	784526	0	1	1333	2	0	1250
RA72WYU	31	Picture	Flicker2	785859	1333	1	1333	2	1250	1250
RA72WYU	31	Picture	Flicker3	787192	2666	1	1333	2	2500	1250
RA72WYU	32	Picture	Delay	788691	0	1	17993	2	0	17920
RA72WYU	33	Picture	1_4_Retrieval_Working_Memory_MEG_Nonsalient_Uncued_DoChange_CuedRetrieval_retrieval_patch_orientation_098_retrieval_position_4	806851	0	1	29988	2	0	29920
RA72WYU	33	Response	20	825888	19037	4
RA72WYU	34	Picture	ITI	856998	0	1	19992	2	0	19920
RA72WYU	35	Picture	BaselinePost	877157	0	1	20159	2	0	20000
RA72WYU	36	Picture	Instruction_NS_UC	897482	0	2	48730	3	0	3000000
RA72WYU	36	Quit		938497	41015	
